2019-10-16 21:26:49.899996
Namespace(batch_size=64, dataroot='/home/jim/Documents/RandomBergman/KS4/data/', diff=0, epochs=1000, exp=None, h11=40, log_interval=1, lr=5e-06, lr_D=5e-06, lr_G=5e-06, model_type='GAN_DCGAN', n_critic_steps=5, newsize=40, num_geometries=2500, nz=5, outdir='./experiments/exp_GAN_DCGAN_40_5_10162019_212649', plot_interval=20, py_version=3, save=True, show_plots=False, test_batch_size=10000)
Namespace(batch_size=64, dataroot='/home/jim/Documents/RandomBergman/KS4/data/', diff=0, epochs=1000, exp=None, h11=40, log_interval=1, lr=5e-06, lr_D=5e-06, lr_G=5e-06, model_type='GAN_DCGAN', n_critic_steps=5, newsize=40, num_geometries=2500, nz=5, outdir='./experiments/exp_GAN_DCGAN_40_5_10162019_212649', plot_interval=20, py_version=3, save=True, show_plots=False, test_batch_size=10000)
Model type: GAN_DCGAN
Coomparing to Eigenvalue distribution collected from 3017 geometries
data: 64 40
torch.Size([64, 1600])
Epoch [0/1000], Wasserstein(eigs,real_eigs): 4.043, Wasserstein(log_eigs,log_real_eigs): 0.332
torch.Size([64, 1600])
Epoch [1/1000], Wasserstein(eigs,real_eigs): 43.982, Wasserstein(log_eigs,log_real_eigs): 0.711
torch.Size([64, 1600])
Epoch [2/1000], Wasserstein(eigs,real_eigs): 116.844, Wasserstein(log_eigs,log_real_eigs): 0.923
torch.Size([64, 1600])
Epoch [3/1000], Wasserstein(eigs,real_eigs): 152.291, Wasserstein(log_eigs,log_real_eigs): 1.052
torch.Size([64, 1600])
Epoch [4/1000], Wasserstein(eigs,real_eigs): 185.544, Wasserstein(log_eigs,log_real_eigs): 1.085
torch.Size([64, 1600])
Epoch [5/1000], Wasserstein(eigs,real_eigs): 243.716, Wasserstein(log_eigs,log_real_eigs): 1.126
torch.Size([64, 1600])
Epoch [6/1000], Wasserstein(eigs,real_eigs): 295.131, Wasserstein(log_eigs,log_real_eigs): 1.247
torch.Size([64, 1600])
Epoch [7/1000], Wasserstein(eigs,real_eigs): 300.962, Wasserstein(log_eigs,log_real_eigs): 1.230
torch.Size([64, 1600])
Epoch [8/1000], Wasserstein(eigs,real_eigs): 268.659, Wasserstein(log_eigs,log_real_eigs): 1.284
torch.Size([64, 1600])
Epoch [9/1000], Wasserstein(eigs,real_eigs): 236.895, Wasserstein(log_eigs,log_real_eigs): 1.217
torch.Size([64, 1600])
Epoch [10/1000], Wasserstein(eigs,real_eigs): 203.934, Wasserstein(log_eigs,log_real_eigs): 1.141
torch.Size([64, 1600])
Epoch [11/1000], Wasserstein(eigs,real_eigs): 199.284, Wasserstein(log_eigs,log_real_eigs): 1.102
torch.Size([64, 1600])
Epoch [12/1000], Wasserstein(eigs,real_eigs): 208.708, Wasserstein(log_eigs,log_real_eigs): 1.144
torch.Size([64, 1600])
Epoch [13/1000], Wasserstein(eigs,real_eigs): 203.405, Wasserstein(log_eigs,log_real_eigs): 1.075
torch.Size([64, 1600])
Epoch [14/1000], Wasserstein(eigs,real_eigs): 199.769, Wasserstein(log_eigs,log_real_eigs): 1.084
torch.Size([64, 1600])
Epoch [15/1000], Wasserstein(eigs,real_eigs): 189.120, Wasserstein(log_eigs,log_real_eigs): 1.143
torch.Size([64, 1600])
Epoch [16/1000], Wasserstein(eigs,real_eigs): 182.418, Wasserstein(log_eigs,log_real_eigs): 1.140
torch.Size([64, 1600])
Epoch [17/1000], Wasserstein(eigs,real_eigs): 197.161, Wasserstein(log_eigs,log_real_eigs): 1.117
torch.Size([64, 1600])
Epoch [18/1000], Wasserstein(eigs,real_eigs): 180.448, Wasserstein(log_eigs,log_real_eigs): 1.099
torch.Size([64, 1600])
Epoch [19/1000], Wasserstein(eigs,real_eigs): 163.472, Wasserstein(log_eigs,log_real_eigs): 1.077
torch.Size([64, 1600])
Epoch [20/1000], Wasserstein(eigs,real_eigs): 163.147, Wasserstein(log_eigs,log_real_eigs): 1.069
torch.Size([64, 1600])
Epoch [21/1000], Wasserstein(eigs,real_eigs): 164.309, Wasserstein(log_eigs,log_real_eigs): 1.045
torch.Size([64, 1600])
Epoch [22/1000], Wasserstein(eigs,real_eigs): 153.304, Wasserstein(log_eigs,log_real_eigs): 1.030
torch.Size([64, 1600])
Epoch [23/1000], Wasserstein(eigs,real_eigs): 124.595, Wasserstein(log_eigs,log_real_eigs): 0.974
torch.Size([64, 1600])
Epoch [24/1000], Wasserstein(eigs,real_eigs): 126.680, Wasserstein(log_eigs,log_real_eigs): 0.972
torch.Size([64, 1600])
Epoch [25/1000], Wasserstein(eigs,real_eigs): 153.607, Wasserstein(log_eigs,log_real_eigs): 0.981
torch.Size([64, 1600])
Epoch [26/1000], Wasserstein(eigs,real_eigs): 169.743, Wasserstein(log_eigs,log_real_eigs): 1.016
torch.Size([64, 1600])
Epoch [27/1000], Wasserstein(eigs,real_eigs): 159.425, Wasserstein(log_eigs,log_real_eigs): 1.044
torch.Size([64, 1600])
Epoch [28/1000], Wasserstein(eigs,real_eigs): 151.028, Wasserstein(log_eigs,log_real_eigs): 1.062
torch.Size([64, 1600])
Epoch [29/1000], Wasserstein(eigs,real_eigs): 132.804, Wasserstein(log_eigs,log_real_eigs): 0.896
torch.Size([64, 1600])
Epoch [30/1000], Wasserstein(eigs,real_eigs): 127.992, Wasserstein(log_eigs,log_real_eigs): 0.973
torch.Size([64, 1600])
Epoch [31/1000], Wasserstein(eigs,real_eigs): 122.444, Wasserstein(log_eigs,log_real_eigs): 0.932
torch.Size([64, 1600])
Epoch [32/1000], Wasserstein(eigs,real_eigs): 126.049, Wasserstein(log_eigs,log_real_eigs): 0.975
torch.Size([64, 1600])
Epoch [33/1000], Wasserstein(eigs,real_eigs): 128.455, Wasserstein(log_eigs,log_real_eigs): 0.949
torch.Size([64, 1600])
Epoch [34/1000], Wasserstein(eigs,real_eigs): 118.931, Wasserstein(log_eigs,log_real_eigs): 0.987
torch.Size([64, 1600])
Epoch [35/1000], Wasserstein(eigs,real_eigs): 112.896, Wasserstein(log_eigs,log_real_eigs): 0.905
torch.Size([64, 1600])
Epoch [36/1000], Wasserstein(eigs,real_eigs): 112.022, Wasserstein(log_eigs,log_real_eigs): 0.882
torch.Size([64, 1600])
Epoch [37/1000], Wasserstein(eigs,real_eigs): 110.322, Wasserstein(log_eigs,log_real_eigs): 0.975
torch.Size([64, 1600])
Epoch [38/1000], Wasserstein(eigs,real_eigs): 109.344, Wasserstein(log_eigs,log_real_eigs): 0.867
torch.Size([64, 1600])
Epoch [39/1000], Wasserstein(eigs,real_eigs): 102.726, Wasserstein(log_eigs,log_real_eigs): 0.920
torch.Size([64, 1600])
Epoch [40/1000], Wasserstein(eigs,real_eigs): 102.147, Wasserstein(log_eigs,log_real_eigs): 0.930
torch.Size([64, 1600])
Epoch [41/1000], Wasserstein(eigs,real_eigs): 97.903, Wasserstein(log_eigs,log_real_eigs): 0.839
torch.Size([64, 1600])
Epoch [42/1000], Wasserstein(eigs,real_eigs): 98.620, Wasserstein(log_eigs,log_real_eigs): 0.932
torch.Size([64, 1600])
Epoch [43/1000], Wasserstein(eigs,real_eigs): 94.160, Wasserstein(log_eigs,log_real_eigs): 0.808
torch.Size([64, 1600])
Epoch [44/1000], Wasserstein(eigs,real_eigs): 93.874, Wasserstein(log_eigs,log_real_eigs): 0.832
torch.Size([64, 1600])
Epoch [45/1000], Wasserstein(eigs,real_eigs): 100.260, Wasserstein(log_eigs,log_real_eigs): 0.814
torch.Size([64, 1600])
Epoch [46/1000], Wasserstein(eigs,real_eigs): 96.969, Wasserstein(log_eigs,log_real_eigs): 0.928
torch.Size([64, 1600])
Epoch [47/1000], Wasserstein(eigs,real_eigs): 76.941, Wasserstein(log_eigs,log_real_eigs): 0.793
torch.Size([64, 1600])
Epoch [48/1000], Wasserstein(eigs,real_eigs): 49.588, Wasserstein(log_eigs,log_real_eigs): 0.725
torch.Size([64, 1600])
Epoch [49/1000], Wasserstein(eigs,real_eigs): 29.417, Wasserstein(log_eigs,log_real_eigs): 0.619
torch.Size([64, 1600])
Epoch [50/1000], Wasserstein(eigs,real_eigs): 21.508, Wasserstein(log_eigs,log_real_eigs): 0.529
torch.Size([64, 1600])
Epoch [51/1000], Wasserstein(eigs,real_eigs): 20.139, Wasserstein(log_eigs,log_real_eigs): 0.530
torch.Size([64, 1600])
Epoch [52/1000], Wasserstein(eigs,real_eigs): 39.187, Wasserstein(log_eigs,log_real_eigs): 0.647
torch.Size([64, 1600])
Epoch [53/1000], Wasserstein(eigs,real_eigs): 65.582, Wasserstein(log_eigs,log_real_eigs): 0.752
torch.Size([64, 1600])
Epoch [54/1000], Wasserstein(eigs,real_eigs): 80.223, Wasserstein(log_eigs,log_real_eigs): 0.851
torch.Size([64, 1600])
Epoch [55/1000], Wasserstein(eigs,real_eigs): 85.529, Wasserstein(log_eigs,log_real_eigs): 0.878
torch.Size([64, 1600])
Epoch [56/1000], Wasserstein(eigs,real_eigs): 87.490, Wasserstein(log_eigs,log_real_eigs): 0.797
torch.Size([64, 1600])
Epoch [57/1000], Wasserstein(eigs,real_eigs): 99.401, Wasserstein(log_eigs,log_real_eigs): 0.943
torch.Size([64, 1600])
Epoch [58/1000], Wasserstein(eigs,real_eigs): 106.834, Wasserstein(log_eigs,log_real_eigs): 0.922
torch.Size([64, 1600])
Epoch [59/1000], Wasserstein(eigs,real_eigs): 107.393, Wasserstein(log_eigs,log_real_eigs): 0.942
torch.Size([64, 1600])
Epoch [60/1000], Wasserstein(eigs,real_eigs): 111.301, Wasserstein(log_eigs,log_real_eigs): 0.928
torch.Size([64, 1600])
Epoch [61/1000], Wasserstein(eigs,real_eigs): 126.065, Wasserstein(log_eigs,log_real_eigs): 0.938
torch.Size([64, 1600])
Epoch [62/1000], Wasserstein(eigs,real_eigs): 131.781, Wasserstein(log_eigs,log_real_eigs): 0.975
torch.Size([64, 1600])
Epoch [63/1000], Wasserstein(eigs,real_eigs): 106.267, Wasserstein(log_eigs,log_real_eigs): 0.918
torch.Size([64, 1600])
Epoch [64/1000], Wasserstein(eigs,real_eigs): 97.395, Wasserstein(log_eigs,log_real_eigs): 0.899
torch.Size([64, 1600])
Epoch [65/1000], Wasserstein(eigs,real_eigs): 110.787, Wasserstein(log_eigs,log_real_eigs): 0.956
torch.Size([64, 1600])
Epoch [66/1000], Wasserstein(eigs,real_eigs): 127.189, Wasserstein(log_eigs,log_real_eigs): 1.092
torch.Size([64, 1600])
Epoch [67/1000], Wasserstein(eigs,real_eigs): 121.076, Wasserstein(log_eigs,log_real_eigs): 1.057
torch.Size([64, 1600])
Epoch [68/1000], Wasserstein(eigs,real_eigs): 98.435, Wasserstein(log_eigs,log_real_eigs): 0.893
torch.Size([64, 1600])
Epoch [69/1000], Wasserstein(eigs,real_eigs): 68.786, Wasserstein(log_eigs,log_real_eigs): 0.840
torch.Size([64, 1600])
Epoch [70/1000], Wasserstein(eigs,real_eigs): 55.797, Wasserstein(log_eigs,log_real_eigs): 0.701
torch.Size([64, 1600])
Epoch [71/1000], Wasserstein(eigs,real_eigs): 70.652, Wasserstein(log_eigs,log_real_eigs): 0.819
torch.Size([64, 1600])
Epoch [72/1000], Wasserstein(eigs,real_eigs): 88.960, Wasserstein(log_eigs,log_real_eigs): 0.888
torch.Size([64, 1600])
Epoch [73/1000], Wasserstein(eigs,real_eigs): 90.517, Wasserstein(log_eigs,log_real_eigs): 0.879
torch.Size([64, 1600])
Epoch [74/1000], Wasserstein(eigs,real_eigs): 88.396, Wasserstein(log_eigs,log_real_eigs): 0.932
torch.Size([64, 1600])
Epoch [75/1000], Wasserstein(eigs,real_eigs): 97.436, Wasserstein(log_eigs,log_real_eigs): 0.973
torch.Size([64, 1600])
Epoch [76/1000], Wasserstein(eigs,real_eigs): 106.542, Wasserstein(log_eigs,log_real_eigs): 1.038
torch.Size([64, 1600])
Epoch [77/1000], Wasserstein(eigs,real_eigs): 109.486, Wasserstein(log_eigs,log_real_eigs): 1.030
torch.Size([64, 1600])
Epoch [78/1000], Wasserstein(eigs,real_eigs): 97.955, Wasserstein(log_eigs,log_real_eigs): 0.990
torch.Size([64, 1600])
Epoch [79/1000], Wasserstein(eigs,real_eigs): 71.797, Wasserstein(log_eigs,log_real_eigs): 0.929
torch.Size([64, 1600])
Epoch [80/1000], Wasserstein(eigs,real_eigs): 47.909, Wasserstein(log_eigs,log_real_eigs): 0.729
torch.Size([64, 1600])
Epoch [81/1000], Wasserstein(eigs,real_eigs): 70.313, Wasserstein(log_eigs,log_real_eigs): 0.802
torch.Size([64, 1600])
Epoch [82/1000], Wasserstein(eigs,real_eigs): 77.442, Wasserstein(log_eigs,log_real_eigs): 0.866
torch.Size([64, 1600])
Epoch [83/1000], Wasserstein(eigs,real_eigs): 79.022, Wasserstein(log_eigs,log_real_eigs): 0.837
torch.Size([64, 1600])
Epoch [84/1000], Wasserstein(eigs,real_eigs): 86.750, Wasserstein(log_eigs,log_real_eigs): 0.803
torch.Size([64, 1600])
Epoch [85/1000], Wasserstein(eigs,real_eigs): 97.906, Wasserstein(log_eigs,log_real_eigs): 1.017
torch.Size([64, 1600])
Epoch [86/1000], Wasserstein(eigs,real_eigs): 100.076, Wasserstein(log_eigs,log_real_eigs): 1.009
torch.Size([64, 1600])
Epoch [87/1000], Wasserstein(eigs,real_eigs): 112.752, Wasserstein(log_eigs,log_real_eigs): 0.962
torch.Size([64, 1600])
Epoch [88/1000], Wasserstein(eigs,real_eigs): 103.416, Wasserstein(log_eigs,log_real_eigs): 1.028
torch.Size([64, 1600])
Epoch [89/1000], Wasserstein(eigs,real_eigs): 69.365, Wasserstein(log_eigs,log_real_eigs): 0.913
torch.Size([64, 1600])
Epoch [90/1000], Wasserstein(eigs,real_eigs): 47.697, Wasserstein(log_eigs,log_real_eigs): 0.755
torch.Size([64, 1600])
Epoch [91/1000], Wasserstein(eigs,real_eigs): 43.448, Wasserstein(log_eigs,log_real_eigs): 0.738
torch.Size([64, 1600])
Epoch [92/1000], Wasserstein(eigs,real_eigs): 61.218, Wasserstein(log_eigs,log_real_eigs): 0.792
torch.Size([64, 1600])
Epoch [93/1000], Wasserstein(eigs,real_eigs): 81.186, Wasserstein(log_eigs,log_real_eigs): 0.990
torch.Size([64, 1600])
Epoch [94/1000], Wasserstein(eigs,real_eigs): 83.232, Wasserstein(log_eigs,log_real_eigs): 0.890
torch.Size([64, 1600])
Epoch [95/1000], Wasserstein(eigs,real_eigs): 90.152, Wasserstein(log_eigs,log_real_eigs): 0.949
torch.Size([64, 1600])
Epoch [96/1000], Wasserstein(eigs,real_eigs): 105.367, Wasserstein(log_eigs,log_real_eigs): 0.993
torch.Size([64, 1600])
Epoch [97/1000], Wasserstein(eigs,real_eigs): 93.306, Wasserstein(log_eigs,log_real_eigs): 0.975
torch.Size([64, 1600])
Epoch [98/1000], Wasserstein(eigs,real_eigs): 84.004, Wasserstein(log_eigs,log_real_eigs): 0.919
torch.Size([64, 1600])
Epoch [99/1000], Wasserstein(eigs,real_eigs): 80.010, Wasserstein(log_eigs,log_real_eigs): 0.915
torch.Size([64, 1600])
Epoch [100/1000], Wasserstein(eigs,real_eigs): 86.358, Wasserstein(log_eigs,log_real_eigs): 0.946
torch.Size([64, 1600])
Epoch [101/1000], Wasserstein(eigs,real_eigs): 63.235, Wasserstein(log_eigs,log_real_eigs): 0.829
torch.Size([64, 1600])
Epoch [102/1000], Wasserstein(eigs,real_eigs): 60.705, Wasserstein(log_eigs,log_real_eigs): 0.824
torch.Size([64, 1600])
Epoch [103/1000], Wasserstein(eigs,real_eigs): 70.578, Wasserstein(log_eigs,log_real_eigs): 0.908
torch.Size([64, 1600])
Epoch [104/1000], Wasserstein(eigs,real_eigs): 72.486, Wasserstein(log_eigs,log_real_eigs): 0.822
torch.Size([64, 1600])
Epoch [105/1000], Wasserstein(eigs,real_eigs): 73.757, Wasserstein(log_eigs,log_real_eigs): 0.850
torch.Size([64, 1600])
Epoch [106/1000], Wasserstein(eigs,real_eigs): 72.466, Wasserstein(log_eigs,log_real_eigs): 0.885
torch.Size([64, 1600])
Epoch [107/1000], Wasserstein(eigs,real_eigs): 69.038, Wasserstein(log_eigs,log_real_eigs): 0.867
torch.Size([64, 1600])
Epoch [108/1000], Wasserstein(eigs,real_eigs): 77.646, Wasserstein(log_eigs,log_real_eigs): 0.999
torch.Size([64, 1600])
Epoch [109/1000], Wasserstein(eigs,real_eigs): 74.502, Wasserstein(log_eigs,log_real_eigs): 1.008
torch.Size([64, 1600])
Epoch [110/1000], Wasserstein(eigs,real_eigs): 66.274, Wasserstein(log_eigs,log_real_eigs): 0.854
torch.Size([64, 1600])
Epoch [111/1000], Wasserstein(eigs,real_eigs): 73.253, Wasserstein(log_eigs,log_real_eigs): 0.958
torch.Size([64, 1600])
Epoch [112/1000], Wasserstein(eigs,real_eigs): 79.229, Wasserstein(log_eigs,log_real_eigs): 0.994
torch.Size([64, 1600])
Epoch [113/1000], Wasserstein(eigs,real_eigs): 81.688, Wasserstein(log_eigs,log_real_eigs): 0.991
torch.Size([64, 1600])
Epoch [114/1000], Wasserstein(eigs,real_eigs): 87.883, Wasserstein(log_eigs,log_real_eigs): 0.994
torch.Size([64, 1600])
Epoch [115/1000], Wasserstein(eigs,real_eigs): 91.061, Wasserstein(log_eigs,log_real_eigs): 1.087
torch.Size([64, 1600])
Epoch [116/1000], Wasserstein(eigs,real_eigs): 86.156, Wasserstein(log_eigs,log_real_eigs): 1.017
torch.Size([64, 1600])
Epoch [117/1000], Wasserstein(eigs,real_eigs): 90.943, Wasserstein(log_eigs,log_real_eigs): 0.998
torch.Size([64, 1600])
Epoch [118/1000], Wasserstein(eigs,real_eigs): 98.920, Wasserstein(log_eigs,log_real_eigs): 1.031
torch.Size([64, 1600])
Epoch [119/1000], Wasserstein(eigs,real_eigs): 101.522, Wasserstein(log_eigs,log_real_eigs): 1.029
torch.Size([64, 1600])
Epoch [120/1000], Wasserstein(eigs,real_eigs): 97.666, Wasserstein(log_eigs,log_real_eigs): 1.052
torch.Size([64, 1600])
Epoch [121/1000], Wasserstein(eigs,real_eigs): 86.463, Wasserstein(log_eigs,log_real_eigs): 1.135
torch.Size([64, 1600])
Epoch [122/1000], Wasserstein(eigs,real_eigs): 80.282, Wasserstein(log_eigs,log_real_eigs): 0.970
torch.Size([64, 1600])
Epoch [123/1000], Wasserstein(eigs,real_eigs): 78.149, Wasserstein(log_eigs,log_real_eigs): 0.915
torch.Size([64, 1600])
Epoch [124/1000], Wasserstein(eigs,real_eigs): 76.740, Wasserstein(log_eigs,log_real_eigs): 0.910
torch.Size([64, 1600])
Epoch [125/1000], Wasserstein(eigs,real_eigs): 72.201, Wasserstein(log_eigs,log_real_eigs): 0.952
torch.Size([64, 1600])
Epoch [126/1000], Wasserstein(eigs,real_eigs): 73.998, Wasserstein(log_eigs,log_real_eigs): 1.025
torch.Size([64, 1600])
Epoch [127/1000], Wasserstein(eigs,real_eigs): 67.377, Wasserstein(log_eigs,log_real_eigs): 0.989
torch.Size([64, 1600])
Epoch [128/1000], Wasserstein(eigs,real_eigs): 60.308, Wasserstein(log_eigs,log_real_eigs): 0.969
torch.Size([64, 1600])
Epoch [129/1000], Wasserstein(eigs,real_eigs): 58.171, Wasserstein(log_eigs,log_real_eigs): 0.874
torch.Size([64, 1600])
Epoch [130/1000], Wasserstein(eigs,real_eigs): 57.894, Wasserstein(log_eigs,log_real_eigs): 0.815
torch.Size([64, 1600])
Epoch [131/1000], Wasserstein(eigs,real_eigs): 64.602, Wasserstein(log_eigs,log_real_eigs): 0.930
torch.Size([64, 1600])
Epoch [132/1000], Wasserstein(eigs,real_eigs): 80.588, Wasserstein(log_eigs,log_real_eigs): 0.919
torch.Size([64, 1600])
Epoch [133/1000], Wasserstein(eigs,real_eigs): 90.317, Wasserstein(log_eigs,log_real_eigs): 1.044
torch.Size([64, 1600])
Epoch [134/1000], Wasserstein(eigs,real_eigs): 92.543, Wasserstein(log_eigs,log_real_eigs): 1.126
torch.Size([64, 1600])
Epoch [135/1000], Wasserstein(eigs,real_eigs): 89.008, Wasserstein(log_eigs,log_real_eigs): 1.069
torch.Size([64, 1600])
Epoch [136/1000], Wasserstein(eigs,real_eigs): 84.780, Wasserstein(log_eigs,log_real_eigs): 1.071
torch.Size([64, 1600])
Epoch [137/1000], Wasserstein(eigs,real_eigs): 66.581, Wasserstein(log_eigs,log_real_eigs): 0.926
torch.Size([64, 1600])
Epoch [138/1000], Wasserstein(eigs,real_eigs): 66.957, Wasserstein(log_eigs,log_real_eigs): 0.900
torch.Size([64, 1600])
Epoch [139/1000], Wasserstein(eigs,real_eigs): 76.034, Wasserstein(log_eigs,log_real_eigs): 1.080
torch.Size([64, 1600])
Epoch [140/1000], Wasserstein(eigs,real_eigs): 80.027, Wasserstein(log_eigs,log_real_eigs): 1.031
torch.Size([64, 1600])
Epoch [141/1000], Wasserstein(eigs,real_eigs): 79.300, Wasserstein(log_eigs,log_real_eigs): 0.958
torch.Size([64, 1600])
Epoch [142/1000], Wasserstein(eigs,real_eigs): 100.263, Wasserstein(log_eigs,log_real_eigs): 1.110
torch.Size([64, 1600])
Epoch [143/1000], Wasserstein(eigs,real_eigs): 79.453, Wasserstein(log_eigs,log_real_eigs): 1.074
torch.Size([64, 1600])
Epoch [144/1000], Wasserstein(eigs,real_eigs): 87.507, Wasserstein(log_eigs,log_real_eigs): 1.065
torch.Size([64, 1600])
Epoch [145/1000], Wasserstein(eigs,real_eigs): 83.451, Wasserstein(log_eigs,log_real_eigs): 0.971
torch.Size([64, 1600])
Epoch [146/1000], Wasserstein(eigs,real_eigs): 89.069, Wasserstein(log_eigs,log_real_eigs): 1.104
torch.Size([64, 1600])
Epoch [147/1000], Wasserstein(eigs,real_eigs): 80.240, Wasserstein(log_eigs,log_real_eigs): 1.070
torch.Size([64, 1600])
Epoch [148/1000], Wasserstein(eigs,real_eigs): 88.969, Wasserstein(log_eigs,log_real_eigs): 1.122
torch.Size([64, 1600])
Epoch [149/1000], Wasserstein(eigs,real_eigs): 86.908, Wasserstein(log_eigs,log_real_eigs): 1.090
torch.Size([64, 1600])
Epoch [150/1000], Wasserstein(eigs,real_eigs): 76.000, Wasserstein(log_eigs,log_real_eigs): 1.069
torch.Size([64, 1600])
Epoch [151/1000], Wasserstein(eigs,real_eigs): 83.088, Wasserstein(log_eigs,log_real_eigs): 1.044
torch.Size([64, 1600])
Epoch [152/1000], Wasserstein(eigs,real_eigs): 76.232, Wasserstein(log_eigs,log_real_eigs): 1.097
torch.Size([64, 1600])
Epoch [153/1000], Wasserstein(eigs,real_eigs): 59.469, Wasserstein(log_eigs,log_real_eigs): 0.928
torch.Size([64, 1600])
Epoch [154/1000], Wasserstein(eigs,real_eigs): 62.131, Wasserstein(log_eigs,log_real_eigs): 0.969
torch.Size([64, 1600])
Epoch [155/1000], Wasserstein(eigs,real_eigs): 64.371, Wasserstein(log_eigs,log_real_eigs): 0.926
torch.Size([64, 1600])
Epoch [156/1000], Wasserstein(eigs,real_eigs): 74.607, Wasserstein(log_eigs,log_real_eigs): 0.925
torch.Size([64, 1600])
Epoch [157/1000], Wasserstein(eigs,real_eigs): 78.127, Wasserstein(log_eigs,log_real_eigs): 1.046
torch.Size([64, 1600])
Epoch [158/1000], Wasserstein(eigs,real_eigs): 81.260, Wasserstein(log_eigs,log_real_eigs): 1.047
torch.Size([64, 1600])
Epoch [159/1000], Wasserstein(eigs,real_eigs): 73.209, Wasserstein(log_eigs,log_real_eigs): 1.012
torch.Size([64, 1600])
Epoch [160/1000], Wasserstein(eigs,real_eigs): 84.810, Wasserstein(log_eigs,log_real_eigs): 1.084
torch.Size([64, 1600])
Epoch [161/1000], Wasserstein(eigs,real_eigs): 87.249, Wasserstein(log_eigs,log_real_eigs): 1.157
torch.Size([64, 1600])
Epoch [162/1000], Wasserstein(eigs,real_eigs): 75.982, Wasserstein(log_eigs,log_real_eigs): 0.997
torch.Size([64, 1600])
Epoch [163/1000], Wasserstein(eigs,real_eigs): 80.897, Wasserstein(log_eigs,log_real_eigs): 1.044
torch.Size([64, 1600])
Epoch [164/1000], Wasserstein(eigs,real_eigs): 69.064, Wasserstein(log_eigs,log_real_eigs): 1.019
torch.Size([64, 1600])
Epoch [165/1000], Wasserstein(eigs,real_eigs): 91.623, Wasserstein(log_eigs,log_real_eigs): 1.101
torch.Size([64, 1600])
Epoch [166/1000], Wasserstein(eigs,real_eigs): 82.431, Wasserstein(log_eigs,log_real_eigs): 1.090
torch.Size([64, 1600])
Epoch [167/1000], Wasserstein(eigs,real_eigs): 89.483, Wasserstein(log_eigs,log_real_eigs): 1.120
torch.Size([64, 1600])
Epoch [168/1000], Wasserstein(eigs,real_eigs): 83.069, Wasserstein(log_eigs,log_real_eigs): 1.048
torch.Size([64, 1600])
Epoch [169/1000], Wasserstein(eigs,real_eigs): 88.347, Wasserstein(log_eigs,log_real_eigs): 1.073
torch.Size([64, 1600])
Epoch [170/1000], Wasserstein(eigs,real_eigs): 94.146, Wasserstein(log_eigs,log_real_eigs): 1.178
torch.Size([64, 1600])
Epoch [171/1000], Wasserstein(eigs,real_eigs): 68.604, Wasserstein(log_eigs,log_real_eigs): 0.972
torch.Size([64, 1600])
Epoch [172/1000], Wasserstein(eigs,real_eigs): 65.587, Wasserstein(log_eigs,log_real_eigs): 0.983
torch.Size([64, 1600])
Epoch [173/1000], Wasserstein(eigs,real_eigs): 83.015, Wasserstein(log_eigs,log_real_eigs): 1.059
torch.Size([64, 1600])
Epoch [174/1000], Wasserstein(eigs,real_eigs): 87.199, Wasserstein(log_eigs,log_real_eigs): 1.109
torch.Size([64, 1600])
Epoch [175/1000], Wasserstein(eigs,real_eigs): 75.822, Wasserstein(log_eigs,log_real_eigs): 1.056
torch.Size([64, 1600])
Epoch [176/1000], Wasserstein(eigs,real_eigs): 88.558, Wasserstein(log_eigs,log_real_eigs): 1.036
torch.Size([64, 1600])
Epoch [177/1000], Wasserstein(eigs,real_eigs): 90.720, Wasserstein(log_eigs,log_real_eigs): 1.132
torch.Size([64, 1600])
Epoch [178/1000], Wasserstein(eigs,real_eigs): 97.509, Wasserstein(log_eigs,log_real_eigs): 1.184
torch.Size([64, 1600])
Epoch [179/1000], Wasserstein(eigs,real_eigs): 75.806, Wasserstein(log_eigs,log_real_eigs): 1.030
torch.Size([64, 1600])
Epoch [180/1000], Wasserstein(eigs,real_eigs): 84.069, Wasserstein(log_eigs,log_real_eigs): 1.202
torch.Size([64, 1600])
Epoch [181/1000], Wasserstein(eigs,real_eigs): 81.936, Wasserstein(log_eigs,log_real_eigs): 1.044
torch.Size([64, 1600])
Epoch [182/1000], Wasserstein(eigs,real_eigs): 79.251, Wasserstein(log_eigs,log_real_eigs): 1.096
torch.Size([64, 1600])
Epoch [183/1000], Wasserstein(eigs,real_eigs): 83.631, Wasserstein(log_eigs,log_real_eigs): 1.153
torch.Size([64, 1600])
Epoch [184/1000], Wasserstein(eigs,real_eigs): 82.370, Wasserstein(log_eigs,log_real_eigs): 1.089
torch.Size([64, 1600])
Epoch [185/1000], Wasserstein(eigs,real_eigs): 88.394, Wasserstein(log_eigs,log_real_eigs): 1.148
torch.Size([64, 1600])
Epoch [186/1000], Wasserstein(eigs,real_eigs): 87.442, Wasserstein(log_eigs,log_real_eigs): 1.151
torch.Size([64, 1600])
Epoch [187/1000], Wasserstein(eigs,real_eigs): 79.804, Wasserstein(log_eigs,log_real_eigs): 1.102
torch.Size([64, 1600])
Epoch [188/1000], Wasserstein(eigs,real_eigs): 81.201, Wasserstein(log_eigs,log_real_eigs): 1.127
torch.Size([64, 1600])
Epoch [189/1000], Wasserstein(eigs,real_eigs): 79.634, Wasserstein(log_eigs,log_real_eigs): 1.149
torch.Size([64, 1600])
Epoch [190/1000], Wasserstein(eigs,real_eigs): 79.356, Wasserstein(log_eigs,log_real_eigs): 1.134
torch.Size([64, 1600])
Epoch [191/1000], Wasserstein(eigs,real_eigs): 93.215, Wasserstein(log_eigs,log_real_eigs): 1.111
torch.Size([64, 1600])
Epoch [192/1000], Wasserstein(eigs,real_eigs): 81.925, Wasserstein(log_eigs,log_real_eigs): 1.098
torch.Size([64, 1600])
Epoch [193/1000], Wasserstein(eigs,real_eigs): 80.553, Wasserstein(log_eigs,log_real_eigs): 1.080
torch.Size([64, 1600])
Epoch [194/1000], Wasserstein(eigs,real_eigs): 86.584, Wasserstein(log_eigs,log_real_eigs): 1.197
torch.Size([64, 1600])
Epoch [195/1000], Wasserstein(eigs,real_eigs): 80.267, Wasserstein(log_eigs,log_real_eigs): 1.129
torch.Size([64, 1600])
Epoch [196/1000], Wasserstein(eigs,real_eigs): 85.642, Wasserstein(log_eigs,log_real_eigs): 1.108
torch.Size([64, 1600])
Epoch [197/1000], Wasserstein(eigs,real_eigs): 100.866, Wasserstein(log_eigs,log_real_eigs): 1.259
torch.Size([64, 1600])
Epoch [198/1000], Wasserstein(eigs,real_eigs): 84.715, Wasserstein(log_eigs,log_real_eigs): 1.088
torch.Size([64, 1600])
Epoch [199/1000], Wasserstein(eigs,real_eigs): 91.731, Wasserstein(log_eigs,log_real_eigs): 1.150
torch.Size([64, 1600])
Epoch [200/1000], Wasserstein(eigs,real_eigs): 80.421, Wasserstein(log_eigs,log_real_eigs): 1.191
torch.Size([64, 1600])
Epoch [201/1000], Wasserstein(eigs,real_eigs): 84.747, Wasserstein(log_eigs,log_real_eigs): 1.176
torch.Size([64, 1600])
Epoch [202/1000], Wasserstein(eigs,real_eigs): 76.314, Wasserstein(log_eigs,log_real_eigs): 1.117
torch.Size([64, 1600])
Epoch [203/1000], Wasserstein(eigs,real_eigs): 83.318, Wasserstein(log_eigs,log_real_eigs): 1.124
torch.Size([64, 1600])
Epoch [204/1000], Wasserstein(eigs,real_eigs): 85.606, Wasserstein(log_eigs,log_real_eigs): 1.064
torch.Size([64, 1600])
Epoch [205/1000], Wasserstein(eigs,real_eigs): 79.470, Wasserstein(log_eigs,log_real_eigs): 1.044
torch.Size([64, 1600])
Epoch [206/1000], Wasserstein(eigs,real_eigs): 75.966, Wasserstein(log_eigs,log_real_eigs): 1.100
torch.Size([64, 1600])
Epoch [207/1000], Wasserstein(eigs,real_eigs): 73.521, Wasserstein(log_eigs,log_real_eigs): 1.039
torch.Size([64, 1600])
Epoch [208/1000], Wasserstein(eigs,real_eigs): 80.181, Wasserstein(log_eigs,log_real_eigs): 1.095
torch.Size([64, 1600])
Epoch [209/1000], Wasserstein(eigs,real_eigs): 89.609, Wasserstein(log_eigs,log_real_eigs): 1.157
torch.Size([64, 1600])
Epoch [210/1000], Wasserstein(eigs,real_eigs): 89.100, Wasserstein(log_eigs,log_real_eigs): 1.081
torch.Size([64, 1600])
Epoch [211/1000], Wasserstein(eigs,real_eigs): 85.779, Wasserstein(log_eigs,log_real_eigs): 1.196
torch.Size([64, 1600])
Epoch [212/1000], Wasserstein(eigs,real_eigs): 95.288, Wasserstein(log_eigs,log_real_eigs): 1.239
torch.Size([64, 1600])
Epoch [213/1000], Wasserstein(eigs,real_eigs): 98.961, Wasserstein(log_eigs,log_real_eigs): 1.188
torch.Size([64, 1600])
Epoch [214/1000], Wasserstein(eigs,real_eigs): 94.408, Wasserstein(log_eigs,log_real_eigs): 1.152
torch.Size([64, 1600])
Epoch [215/1000], Wasserstein(eigs,real_eigs): 93.132, Wasserstein(log_eigs,log_real_eigs): 1.157
torch.Size([64, 1600])
Epoch [216/1000], Wasserstein(eigs,real_eigs): 100.627, Wasserstein(log_eigs,log_real_eigs): 1.224
torch.Size([64, 1600])
Epoch [217/1000], Wasserstein(eigs,real_eigs): 96.416, Wasserstein(log_eigs,log_real_eigs): 1.194
torch.Size([64, 1600])
Epoch [218/1000], Wasserstein(eigs,real_eigs): 99.781, Wasserstein(log_eigs,log_real_eigs): 1.189
torch.Size([64, 1600])
Epoch [219/1000], Wasserstein(eigs,real_eigs): 103.465, Wasserstein(log_eigs,log_real_eigs): 1.242
torch.Size([64, 1600])
Epoch [220/1000], Wasserstein(eigs,real_eigs): 102.669, Wasserstein(log_eigs,log_real_eigs): 1.286
torch.Size([64, 1600])
Epoch [221/1000], Wasserstein(eigs,real_eigs): 90.682, Wasserstein(log_eigs,log_real_eigs): 1.124
torch.Size([64, 1600])
Epoch [222/1000], Wasserstein(eigs,real_eigs): 92.081, Wasserstein(log_eigs,log_real_eigs): 1.211
torch.Size([64, 1600])
Epoch [223/1000], Wasserstein(eigs,real_eigs): 86.380, Wasserstein(log_eigs,log_real_eigs): 1.178
torch.Size([64, 1600])
Epoch [224/1000], Wasserstein(eigs,real_eigs): 86.075, Wasserstein(log_eigs,log_real_eigs): 1.158
torch.Size([64, 1600])
Epoch [225/1000], Wasserstein(eigs,real_eigs): 87.415, Wasserstein(log_eigs,log_real_eigs): 1.168
torch.Size([64, 1600])
Epoch [226/1000], Wasserstein(eigs,real_eigs): 104.810, Wasserstein(log_eigs,log_real_eigs): 1.265
torch.Size([64, 1600])
Epoch [227/1000], Wasserstein(eigs,real_eigs): 93.904, Wasserstein(log_eigs,log_real_eigs): 1.189
torch.Size([64, 1600])
Epoch [228/1000], Wasserstein(eigs,real_eigs): 84.859, Wasserstein(log_eigs,log_real_eigs): 1.136
torch.Size([64, 1600])
Epoch [229/1000], Wasserstein(eigs,real_eigs): 91.821, Wasserstein(log_eigs,log_real_eigs): 1.145
torch.Size([64, 1600])
Epoch [230/1000], Wasserstein(eigs,real_eigs): 98.536, Wasserstein(log_eigs,log_real_eigs): 1.219
torch.Size([64, 1600])
Epoch [231/1000], Wasserstein(eigs,real_eigs): 110.575, Wasserstein(log_eigs,log_real_eigs): 1.232
torch.Size([64, 1600])
Epoch [232/1000], Wasserstein(eigs,real_eigs): 114.138, Wasserstein(log_eigs,log_real_eigs): 1.299
torch.Size([64, 1600])
Epoch [233/1000], Wasserstein(eigs,real_eigs): 126.463, Wasserstein(log_eigs,log_real_eigs): 1.300
torch.Size([64, 1600])
Epoch [234/1000], Wasserstein(eigs,real_eigs): 118.880, Wasserstein(log_eigs,log_real_eigs): 1.297
torch.Size([64, 1600])
Epoch [235/1000], Wasserstein(eigs,real_eigs): 126.412, Wasserstein(log_eigs,log_real_eigs): 1.379
torch.Size([64, 1600])
Epoch [236/1000], Wasserstein(eigs,real_eigs): 124.653, Wasserstein(log_eigs,log_real_eigs): 1.308
torch.Size([64, 1600])
Epoch [237/1000], Wasserstein(eigs,real_eigs): 114.159, Wasserstein(log_eigs,log_real_eigs): 1.269
torch.Size([64, 1600])
Epoch [238/1000], Wasserstein(eigs,real_eigs): 123.727, Wasserstein(log_eigs,log_real_eigs): 1.307
torch.Size([64, 1600])
Epoch [239/1000], Wasserstein(eigs,real_eigs): 114.253, Wasserstein(log_eigs,log_real_eigs): 1.321
torch.Size([64, 1600])
Epoch [240/1000], Wasserstein(eigs,real_eigs): 113.067, Wasserstein(log_eigs,log_real_eigs): 1.326
torch.Size([64, 1600])
Epoch [241/1000], Wasserstein(eigs,real_eigs): 114.910, Wasserstein(log_eigs,log_real_eigs): 1.307
torch.Size([64, 1600])
Epoch [242/1000], Wasserstein(eigs,real_eigs): 132.144, Wasserstein(log_eigs,log_real_eigs): 1.393
torch.Size([64, 1600])
Epoch [243/1000], Wasserstein(eigs,real_eigs): 93.573, Wasserstein(log_eigs,log_real_eigs): 1.218
torch.Size([64, 1600])
Epoch [244/1000], Wasserstein(eigs,real_eigs): 103.261, Wasserstein(log_eigs,log_real_eigs): 1.292
torch.Size([64, 1600])
Epoch [245/1000], Wasserstein(eigs,real_eigs): 116.371, Wasserstein(log_eigs,log_real_eigs): 1.339
torch.Size([64, 1600])
Epoch [246/1000], Wasserstein(eigs,real_eigs): 97.595, Wasserstein(log_eigs,log_real_eigs): 1.224
torch.Size([64, 1600])
Epoch [247/1000], Wasserstein(eigs,real_eigs): 108.653, Wasserstein(log_eigs,log_real_eigs): 1.248
torch.Size([64, 1600])
Epoch [248/1000], Wasserstein(eigs,real_eigs): 104.855, Wasserstein(log_eigs,log_real_eigs): 1.261
torch.Size([64, 1600])
Epoch [249/1000], Wasserstein(eigs,real_eigs): 89.127, Wasserstein(log_eigs,log_real_eigs): 1.256
torch.Size([64, 1600])
Epoch [250/1000], Wasserstein(eigs,real_eigs): 83.366, Wasserstein(log_eigs,log_real_eigs): 1.156
torch.Size([64, 1600])
Epoch [251/1000], Wasserstein(eigs,real_eigs): 64.927, Wasserstein(log_eigs,log_real_eigs): 1.134
torch.Size([64, 1600])
Epoch [252/1000], Wasserstein(eigs,real_eigs): 55.634, Wasserstein(log_eigs,log_real_eigs): 1.028
torch.Size([64, 1600])
Epoch [253/1000], Wasserstein(eigs,real_eigs): 47.233, Wasserstein(log_eigs,log_real_eigs): 0.994
torch.Size([64, 1600])
Epoch [254/1000], Wasserstein(eigs,real_eigs): 70.656, Wasserstein(log_eigs,log_real_eigs): 1.096
torch.Size([64, 1600])
Epoch [255/1000], Wasserstein(eigs,real_eigs): 57.351, Wasserstein(log_eigs,log_real_eigs): 1.023
torch.Size([64, 1600])
Epoch [256/1000], Wasserstein(eigs,real_eigs): 57.760, Wasserstein(log_eigs,log_real_eigs): 1.014
torch.Size([64, 1600])
Epoch [257/1000], Wasserstein(eigs,real_eigs): 46.787, Wasserstein(log_eigs,log_real_eigs): 0.907
torch.Size([64, 1600])
Epoch [258/1000], Wasserstein(eigs,real_eigs): 57.695, Wasserstein(log_eigs,log_real_eigs): 0.990
torch.Size([64, 1600])
Epoch [259/1000], Wasserstein(eigs,real_eigs): 68.111, Wasserstein(log_eigs,log_real_eigs): 1.050
torch.Size([64, 1600])
Epoch [260/1000], Wasserstein(eigs,real_eigs): 72.221, Wasserstein(log_eigs,log_real_eigs): 1.080
torch.Size([64, 1600])
Epoch [261/1000], Wasserstein(eigs,real_eigs): 84.963, Wasserstein(log_eigs,log_real_eigs): 1.217
torch.Size([64, 1600])
Epoch [262/1000], Wasserstein(eigs,real_eigs): 111.468, Wasserstein(log_eigs,log_real_eigs): 1.237
torch.Size([64, 1600])
Epoch [263/1000], Wasserstein(eigs,real_eigs): 99.052, Wasserstein(log_eigs,log_real_eigs): 1.183
torch.Size([64, 1600])
Epoch [264/1000], Wasserstein(eigs,real_eigs): 95.417, Wasserstein(log_eigs,log_real_eigs): 1.235
torch.Size([64, 1600])
Epoch [265/1000], Wasserstein(eigs,real_eigs): 91.988, Wasserstein(log_eigs,log_real_eigs): 1.165
torch.Size([64, 1600])
Epoch [266/1000], Wasserstein(eigs,real_eigs): 92.586, Wasserstein(log_eigs,log_real_eigs): 1.246
torch.Size([64, 1600])
Epoch [267/1000], Wasserstein(eigs,real_eigs): 84.112, Wasserstein(log_eigs,log_real_eigs): 1.200
torch.Size([64, 1600])
Epoch [268/1000], Wasserstein(eigs,real_eigs): 93.969, Wasserstein(log_eigs,log_real_eigs): 1.212
torch.Size([64, 1600])
Epoch [269/1000], Wasserstein(eigs,real_eigs): 112.079, Wasserstein(log_eigs,log_real_eigs): 1.286
torch.Size([64, 1600])
Epoch [270/1000], Wasserstein(eigs,real_eigs): 94.970, Wasserstein(log_eigs,log_real_eigs): 1.195
torch.Size([64, 1600])
Epoch [271/1000], Wasserstein(eigs,real_eigs): 107.334, Wasserstein(log_eigs,log_real_eigs): 1.259
torch.Size([64, 1600])
Epoch [272/1000], Wasserstein(eigs,real_eigs): 110.873, Wasserstein(log_eigs,log_real_eigs): 1.320
torch.Size([64, 1600])
Epoch [273/1000], Wasserstein(eigs,real_eigs): 111.756, Wasserstein(log_eigs,log_real_eigs): 1.341
torch.Size([64, 1600])
Epoch [274/1000], Wasserstein(eigs,real_eigs): 121.677, Wasserstein(log_eigs,log_real_eigs): 1.330
torch.Size([64, 1600])
Epoch [275/1000], Wasserstein(eigs,real_eigs): 96.509, Wasserstein(log_eigs,log_real_eigs): 1.252
torch.Size([64, 1600])
Epoch [276/1000], Wasserstein(eigs,real_eigs): 90.707, Wasserstein(log_eigs,log_real_eigs): 1.202
torch.Size([64, 1600])
Epoch [277/1000], Wasserstein(eigs,real_eigs): 83.510, Wasserstein(log_eigs,log_real_eigs): 1.140
torch.Size([64, 1600])
Epoch [278/1000], Wasserstein(eigs,real_eigs): 86.466, Wasserstein(log_eigs,log_real_eigs): 1.229
torch.Size([64, 1600])
Epoch [279/1000], Wasserstein(eigs,real_eigs): 86.939, Wasserstein(log_eigs,log_real_eigs): 1.206
torch.Size([64, 1600])
Epoch [280/1000], Wasserstein(eigs,real_eigs): 88.301, Wasserstein(log_eigs,log_real_eigs): 1.214
torch.Size([64, 1600])
Epoch [281/1000], Wasserstein(eigs,real_eigs): 107.705, Wasserstein(log_eigs,log_real_eigs): 1.276
torch.Size([64, 1600])
Epoch [282/1000], Wasserstein(eigs,real_eigs): 92.039, Wasserstein(log_eigs,log_real_eigs): 1.175
torch.Size([64, 1600])
Epoch [283/1000], Wasserstein(eigs,real_eigs): 97.472, Wasserstein(log_eigs,log_real_eigs): 1.236
torch.Size([64, 1600])
Epoch [284/1000], Wasserstein(eigs,real_eigs): 109.550, Wasserstein(log_eigs,log_real_eigs): 1.260
torch.Size([64, 1600])
Epoch [285/1000], Wasserstein(eigs,real_eigs): 127.609, Wasserstein(log_eigs,log_real_eigs): 1.374
torch.Size([64, 1600])
Epoch [286/1000], Wasserstein(eigs,real_eigs): 155.110, Wasserstein(log_eigs,log_real_eigs): 1.473
torch.Size([64, 1600])
Epoch [287/1000], Wasserstein(eigs,real_eigs): 184.255, Wasserstein(log_eigs,log_real_eigs): 1.512
torch.Size([64, 1600])
Epoch [288/1000], Wasserstein(eigs,real_eigs): 146.051, Wasserstein(log_eigs,log_real_eigs): 1.453
torch.Size([64, 1600])
Epoch [289/1000], Wasserstein(eigs,real_eigs): 132.708, Wasserstein(log_eigs,log_real_eigs): 1.413
torch.Size([64, 1600])
Epoch [290/1000], Wasserstein(eigs,real_eigs): 127.171, Wasserstein(log_eigs,log_real_eigs): 1.383
torch.Size([64, 1600])
Epoch [291/1000], Wasserstein(eigs,real_eigs): 76.923, Wasserstein(log_eigs,log_real_eigs): 1.145
torch.Size([64, 1600])
Epoch [292/1000], Wasserstein(eigs,real_eigs): 75.303, Wasserstein(log_eigs,log_real_eigs): 1.188
torch.Size([64, 1600])
Epoch [293/1000], Wasserstein(eigs,real_eigs): 45.355, Wasserstein(log_eigs,log_real_eigs): 0.964
torch.Size([64, 1600])
Epoch [294/1000], Wasserstein(eigs,real_eigs): 35.445, Wasserstein(log_eigs,log_real_eigs): 0.896
torch.Size([64, 1600])
Epoch [295/1000], Wasserstein(eigs,real_eigs): 15.566, Wasserstein(log_eigs,log_real_eigs): 0.584
torch.Size([64, 1600])
Epoch [296/1000], Wasserstein(eigs,real_eigs): 8.237, Wasserstein(log_eigs,log_real_eigs): 0.393
torch.Size([64, 1600])
Epoch [297/1000], Wasserstein(eigs,real_eigs): 2.000, Wasserstein(log_eigs,log_real_eigs): 0.144
torch.Size([64, 1600])
Epoch [298/1000], Wasserstein(eigs,real_eigs): 4.242, Wasserstein(log_eigs,log_real_eigs): 1.222
torch.Size([64, 1600])
Epoch [299/1000], Wasserstein(eigs,real_eigs): 0.574, Wasserstein(log_eigs,log_real_eigs): 0.099
torch.Size([64, 1600])
Epoch [300/1000], Wasserstein(eigs,real_eigs): 2.420, Wasserstein(log_eigs,log_real_eigs): 0.206
torch.Size([64, 1600])
Epoch [301/1000], Wasserstein(eigs,real_eigs): 5.762, Wasserstein(log_eigs,log_real_eigs): 0.381
torch.Size([64, 1600])
Epoch [302/1000], Wasserstein(eigs,real_eigs): 6.475, Wasserstein(log_eigs,log_real_eigs): 0.376
torch.Size([64, 1600])
Epoch [303/1000], Wasserstein(eigs,real_eigs): 4.186, Wasserstein(log_eigs,log_real_eigs): 0.248
torch.Size([64, 1600])
Epoch [304/1000], Wasserstein(eigs,real_eigs): 4.233, Wasserstein(log_eigs,log_real_eigs): 0.238
torch.Size([64, 1600])
Epoch [305/1000], Wasserstein(eigs,real_eigs): 3.884, Wasserstein(log_eigs,log_real_eigs): 0.285
torch.Size([64, 1600])
Epoch [306/1000], Wasserstein(eigs,real_eigs): 0.831, Wasserstein(log_eigs,log_real_eigs): 0.097
torch.Size([64, 1600])
Epoch [307/1000], Wasserstein(eigs,real_eigs): 2.141, Wasserstein(log_eigs,log_real_eigs): 0.350
torch.Size([64, 1600])
Epoch [308/1000], Wasserstein(eigs,real_eigs): 3.806, Wasserstein(log_eigs,log_real_eigs): 0.828
torch.Size([64, 1600])
Epoch [309/1000], Wasserstein(eigs,real_eigs): 0.404, Wasserstein(log_eigs,log_real_eigs): 0.087
torch.Size([64, 1600])
Epoch [310/1000], Wasserstein(eigs,real_eigs): 1.117, Wasserstein(log_eigs,log_real_eigs): 0.116
torch.Size([64, 1600])
Epoch [311/1000], Wasserstein(eigs,real_eigs): 4.152, Wasserstein(log_eigs,log_real_eigs): 0.266
torch.Size([64, 1600])
Epoch [312/1000], Wasserstein(eigs,real_eigs): 7.753, Wasserstein(log_eigs,log_real_eigs): 0.373
torch.Size([64, 1600])
Epoch [313/1000], Wasserstein(eigs,real_eigs): 15.200, Wasserstein(log_eigs,log_real_eigs): 0.557
torch.Size([64, 1600])
Epoch [314/1000], Wasserstein(eigs,real_eigs): 29.915, Wasserstein(log_eigs,log_real_eigs): 0.810
torch.Size([64, 1600])
Epoch [315/1000], Wasserstein(eigs,real_eigs): 34.627, Wasserstein(log_eigs,log_real_eigs): 0.843
torch.Size([64, 1600])
Epoch [316/1000], Wasserstein(eigs,real_eigs): 36.713, Wasserstein(log_eigs,log_real_eigs): 0.872
torch.Size([64, 1600])
Epoch [317/1000], Wasserstein(eigs,real_eigs): 35.681, Wasserstein(log_eigs,log_real_eigs): 0.896
torch.Size([64, 1600])
Epoch [318/1000], Wasserstein(eigs,real_eigs): 39.224, Wasserstein(log_eigs,log_real_eigs): 0.906
torch.Size([64, 1600])
Epoch [319/1000], Wasserstein(eigs,real_eigs): 42.162, Wasserstein(log_eigs,log_real_eigs): 0.895
torch.Size([64, 1600])
Epoch [320/1000], Wasserstein(eigs,real_eigs): 46.251, Wasserstein(log_eigs,log_real_eigs): 0.989
torch.Size([64, 1600])
Epoch [321/1000], Wasserstein(eigs,real_eigs): 60.021, Wasserstein(log_eigs,log_real_eigs): 1.078
torch.Size([64, 1600])
Epoch [322/1000], Wasserstein(eigs,real_eigs): 58.744, Wasserstein(log_eigs,log_real_eigs): 1.110
torch.Size([64, 1600])
Epoch [323/1000], Wasserstein(eigs,real_eigs): 55.455, Wasserstein(log_eigs,log_real_eigs): 1.058
torch.Size([64, 1600])
Epoch [324/1000], Wasserstein(eigs,real_eigs): 55.758, Wasserstein(log_eigs,log_real_eigs): 1.044
torch.Size([64, 1600])
Epoch [325/1000], Wasserstein(eigs,real_eigs): 64.900, Wasserstein(log_eigs,log_real_eigs): 1.079
torch.Size([64, 1600])
Epoch [326/1000], Wasserstein(eigs,real_eigs): 80.691, Wasserstein(log_eigs,log_real_eigs): 1.229
torch.Size([64, 1600])
Epoch [327/1000], Wasserstein(eigs,real_eigs): 64.360, Wasserstein(log_eigs,log_real_eigs): 1.138
torch.Size([64, 1600])
Epoch [328/1000], Wasserstein(eigs,real_eigs): 89.168, Wasserstein(log_eigs,log_real_eigs): 1.251
torch.Size([64, 1600])
Epoch [329/1000], Wasserstein(eigs,real_eigs): 91.994, Wasserstein(log_eigs,log_real_eigs): 1.263
torch.Size([64, 1600])
Epoch [330/1000], Wasserstein(eigs,real_eigs): 97.825, Wasserstein(log_eigs,log_real_eigs): 1.300
torch.Size([64, 1600])
Epoch [331/1000], Wasserstein(eigs,real_eigs): 117.889, Wasserstein(log_eigs,log_real_eigs): 1.367
torch.Size([64, 1600])
Epoch [332/1000], Wasserstein(eigs,real_eigs): 107.140, Wasserstein(log_eigs,log_real_eigs): 1.263
torch.Size([64, 1600])
Epoch [333/1000], Wasserstein(eigs,real_eigs): 113.193, Wasserstein(log_eigs,log_real_eigs): 1.319
torch.Size([64, 1600])
Epoch [334/1000], Wasserstein(eigs,real_eigs): 117.317, Wasserstein(log_eigs,log_real_eigs): 1.434
torch.Size([64, 1600])
Epoch [335/1000], Wasserstein(eigs,real_eigs): 50.146, Wasserstein(log_eigs,log_real_eigs): 1.021
torch.Size([64, 1600])
Epoch [336/1000], Wasserstein(eigs,real_eigs): 38.075, Wasserstein(log_eigs,log_real_eigs): 0.948
torch.Size([64, 1600])
Epoch [337/1000], Wasserstein(eigs,real_eigs): 24.295, Wasserstein(log_eigs,log_real_eigs): 0.699
torch.Size([64, 1600])
Epoch [338/1000], Wasserstein(eigs,real_eigs): 19.235, Wasserstein(log_eigs,log_real_eigs): 0.608
torch.Size([64, 1600])
Epoch [339/1000], Wasserstein(eigs,real_eigs): 10.422, Wasserstein(log_eigs,log_real_eigs): 0.490
torch.Size([64, 1600])
Epoch [340/1000], Wasserstein(eigs,real_eigs): 0.606, Wasserstein(log_eigs,log_real_eigs): 0.203
torch.Size([64, 1600])
Epoch [341/1000], Wasserstein(eigs,real_eigs): 3.408, Wasserstein(log_eigs,log_real_eigs): 0.709
torch.Size([64, 1600])
Epoch [342/1000], Wasserstein(eigs,real_eigs): 2.387, Wasserstein(log_eigs,log_real_eigs): 0.208
torch.Size([64, 1600])
Epoch [343/1000], Wasserstein(eigs,real_eigs): 3.214, Wasserstein(log_eigs,log_real_eigs): 0.289
torch.Size([64, 1600])
Epoch [344/1000], Wasserstein(eigs,real_eigs): 4.459, Wasserstein(log_eigs,log_real_eigs): 0.258
torch.Size([64, 1600])
Epoch [345/1000], Wasserstein(eigs,real_eigs): 7.280, Wasserstein(log_eigs,log_real_eigs): 0.397
torch.Size([64, 1600])
Epoch [346/1000], Wasserstein(eigs,real_eigs): 2.834, Wasserstein(log_eigs,log_real_eigs): 0.233
torch.Size([64, 1600])
Epoch [347/1000], Wasserstein(eigs,real_eigs): 1.852, Wasserstein(log_eigs,log_real_eigs): 0.141
torch.Size([64, 1600])
Epoch [348/1000], Wasserstein(eigs,real_eigs): 0.739, Wasserstein(log_eigs,log_real_eigs): 0.089
torch.Size([64, 1600])
Epoch [349/1000], Wasserstein(eigs,real_eigs): 1.430, Wasserstein(log_eigs,log_real_eigs): 0.239
torch.Size([64, 1600])
Epoch [350/1000], Wasserstein(eigs,real_eigs): 3.359, Wasserstein(log_eigs,log_real_eigs): 0.621
torch.Size([64, 1600])
Epoch [351/1000], Wasserstein(eigs,real_eigs): 2.554, Wasserstein(log_eigs,log_real_eigs): 0.418
torch.Size([64, 1600])
Epoch [352/1000], Wasserstein(eigs,real_eigs): 0.463, Wasserstein(log_eigs,log_real_eigs): 0.127
torch.Size([64, 1600])
Epoch [353/1000], Wasserstein(eigs,real_eigs): 3.848, Wasserstein(log_eigs,log_real_eigs): 0.230
torch.Size([64, 1600])
Epoch [354/1000], Wasserstein(eigs,real_eigs): 6.359, Wasserstein(log_eigs,log_real_eigs): 0.351
torch.Size([64, 1600])
Epoch [355/1000], Wasserstein(eigs,real_eigs): 7.394, Wasserstein(log_eigs,log_real_eigs): 0.345
torch.Size([64, 1600])
Epoch [356/1000], Wasserstein(eigs,real_eigs): 10.916, Wasserstein(log_eigs,log_real_eigs): 0.483
torch.Size([64, 1600])
Epoch [357/1000], Wasserstein(eigs,real_eigs): 8.896, Wasserstein(log_eigs,log_real_eigs): 0.445
torch.Size([64, 1600])
Epoch [358/1000], Wasserstein(eigs,real_eigs): 8.693, Wasserstein(log_eigs,log_real_eigs): 0.416
torch.Size([64, 1600])
Epoch [359/1000], Wasserstein(eigs,real_eigs): 2.909, Wasserstein(log_eigs,log_real_eigs): 0.224
torch.Size([64, 1600])
Epoch [360/1000], Wasserstein(eigs,real_eigs): 0.740, Wasserstein(log_eigs,log_real_eigs): 0.088
torch.Size([64, 1600])
Epoch [361/1000], Wasserstein(eigs,real_eigs): 1.253, Wasserstein(log_eigs,log_real_eigs): 0.195
torch.Size([64, 1600])
Epoch [362/1000], Wasserstein(eigs,real_eigs): 3.213, Wasserstein(log_eigs,log_real_eigs): 0.573
torch.Size([64, 1600])
Epoch [363/1000], Wasserstein(eigs,real_eigs): 2.561, Wasserstein(log_eigs,log_real_eigs): 0.383
torch.Size([64, 1600])
Epoch [364/1000], Wasserstein(eigs,real_eigs): 0.951, Wasserstein(log_eigs,log_real_eigs): 0.106
torch.Size([64, 1600])
Epoch [365/1000], Wasserstein(eigs,real_eigs): 2.571, Wasserstein(log_eigs,log_real_eigs): 0.220
torch.Size([64, 1600])
Epoch [366/1000], Wasserstein(eigs,real_eigs): 6.323, Wasserstein(log_eigs,log_real_eigs): 0.443
torch.Size([64, 1600])
Epoch [367/1000], Wasserstein(eigs,real_eigs): 11.409, Wasserstein(log_eigs,log_real_eigs): 0.401
torch.Size([64, 1600])
Epoch [368/1000], Wasserstein(eigs,real_eigs): 21.353, Wasserstein(log_eigs,log_real_eigs): 0.616
torch.Size([64, 1600])
Epoch [369/1000], Wasserstein(eigs,real_eigs): 23.230, Wasserstein(log_eigs,log_real_eigs): 0.716
torch.Size([64, 1600])
Epoch [370/1000], Wasserstein(eigs,real_eigs): 22.798, Wasserstein(log_eigs,log_real_eigs): 0.766
torch.Size([64, 1600])
Epoch [371/1000], Wasserstein(eigs,real_eigs): 29.148, Wasserstein(log_eigs,log_real_eigs): 0.818
torch.Size([64, 1600])
Epoch [372/1000], Wasserstein(eigs,real_eigs): 40.327, Wasserstein(log_eigs,log_real_eigs): 0.872
torch.Size([64, 1600])
Epoch [373/1000], Wasserstein(eigs,real_eigs): 29.764, Wasserstein(log_eigs,log_real_eigs): 0.787
torch.Size([64, 1600])
Epoch [374/1000], Wasserstein(eigs,real_eigs): 35.072, Wasserstein(log_eigs,log_real_eigs): 0.878
torch.Size([64, 1600])
Epoch [375/1000], Wasserstein(eigs,real_eigs): 20.658, Wasserstein(log_eigs,log_real_eigs): 0.712
torch.Size([64, 1600])
Epoch [376/1000], Wasserstein(eigs,real_eigs): 27.483, Wasserstein(log_eigs,log_real_eigs): 0.871
torch.Size([64, 1600])
Epoch [377/1000], Wasserstein(eigs,real_eigs): 28.132, Wasserstein(log_eigs,log_real_eigs): 0.829
torch.Size([64, 1600])
Epoch [378/1000], Wasserstein(eigs,real_eigs): 24.041, Wasserstein(log_eigs,log_real_eigs): 0.805
torch.Size([64, 1600])
Epoch [379/1000], Wasserstein(eigs,real_eigs): 20.257, Wasserstein(log_eigs,log_real_eigs): 0.714
torch.Size([64, 1600])
Epoch [380/1000], Wasserstein(eigs,real_eigs): 17.624, Wasserstein(log_eigs,log_real_eigs): 0.639
torch.Size([64, 1600])
Epoch [381/1000], Wasserstein(eigs,real_eigs): 14.807, Wasserstein(log_eigs,log_real_eigs): 0.654
torch.Size([64, 1600])
Epoch [382/1000], Wasserstein(eigs,real_eigs): 11.790, Wasserstein(log_eigs,log_real_eigs): 0.487
torch.Size([64, 1600])
Epoch [383/1000], Wasserstein(eigs,real_eigs): 9.547, Wasserstein(log_eigs,log_real_eigs): 0.460
torch.Size([64, 1600])
Epoch [384/1000], Wasserstein(eigs,real_eigs): 7.285, Wasserstein(log_eigs,log_real_eigs): 0.348
torch.Size([64, 1600])
Epoch [385/1000], Wasserstein(eigs,real_eigs): 3.841, Wasserstein(log_eigs,log_real_eigs): 0.272
torch.Size([64, 1600])
Epoch [386/1000], Wasserstein(eigs,real_eigs): 1.047, Wasserstein(log_eigs,log_real_eigs): 0.110
torch.Size([64, 1600])
Epoch [387/1000], Wasserstein(eigs,real_eigs): 3.479, Wasserstein(log_eigs,log_real_eigs): 0.644
torch.Size([64, 1600])
Epoch [388/1000], Wasserstein(eigs,real_eigs): 2.580, Wasserstein(log_eigs,log_real_eigs): 0.396
torch.Size([64, 1600])
Epoch [389/1000], Wasserstein(eigs,real_eigs): 1.754, Wasserstein(log_eigs,log_real_eigs): 0.184
torch.Size([64, 1600])
Epoch [390/1000], Wasserstein(eigs,real_eigs): 2.077, Wasserstein(log_eigs,log_real_eigs): 0.200
torch.Size([64, 1600])
Epoch [391/1000], Wasserstein(eigs,real_eigs): 5.807, Wasserstein(log_eigs,log_real_eigs): 0.402
torch.Size([64, 1600])
Epoch [392/1000], Wasserstein(eigs,real_eigs): 8.041, Wasserstein(log_eigs,log_real_eigs): 0.416
torch.Size([64, 1600])
Epoch [393/1000], Wasserstein(eigs,real_eigs): 10.719, Wasserstein(log_eigs,log_real_eigs): 0.572
torch.Size([64, 1600])
Epoch [394/1000], Wasserstein(eigs,real_eigs): 9.207, Wasserstein(log_eigs,log_real_eigs): 0.486
torch.Size([64, 1600])
Epoch [395/1000], Wasserstein(eigs,real_eigs): 6.886, Wasserstein(log_eigs,log_real_eigs): 0.435
torch.Size([64, 1600])
Epoch [396/1000], Wasserstein(eigs,real_eigs): 7.282, Wasserstein(log_eigs,log_real_eigs): 0.432
torch.Size([64, 1600])
Epoch [397/1000], Wasserstein(eigs,real_eigs): 5.551, Wasserstein(log_eigs,log_real_eigs): 0.364
torch.Size([64, 1600])
Epoch [398/1000], Wasserstein(eigs,real_eigs): 5.922, Wasserstein(log_eigs,log_real_eigs): 0.413
torch.Size([64, 1600])
Epoch [399/1000], Wasserstein(eigs,real_eigs): 6.346, Wasserstein(log_eigs,log_real_eigs): 0.381
torch.Size([64, 1600])
Epoch [400/1000], Wasserstein(eigs,real_eigs): 2.830, Wasserstein(log_eigs,log_real_eigs): 0.234
torch.Size([64, 1600])
Epoch [401/1000], Wasserstein(eigs,real_eigs): 0.927, Wasserstein(log_eigs,log_real_eigs): 0.154
torch.Size([64, 1600])
Epoch [402/1000], Wasserstein(eigs,real_eigs): 3.449, Wasserstein(log_eigs,log_real_eigs): 0.612
torch.Size([64, 1600])
Epoch [403/1000], Wasserstein(eigs,real_eigs): 2.974, Wasserstein(log_eigs,log_real_eigs): 0.462
torch.Size([64, 1600])
Epoch [404/1000], Wasserstein(eigs,real_eigs): 2.759, Wasserstein(log_eigs,log_real_eigs): 0.236
torch.Size([64, 1600])
Epoch [405/1000], Wasserstein(eigs,real_eigs): 6.690, Wasserstein(log_eigs,log_real_eigs): 0.433
torch.Size([64, 1600])
Epoch [406/1000], Wasserstein(eigs,real_eigs): 9.821, Wasserstein(log_eigs,log_real_eigs): 0.496
torch.Size([64, 1600])
Epoch [407/1000], Wasserstein(eigs,real_eigs): 10.020, Wasserstein(log_eigs,log_real_eigs): 0.492
torch.Size([64, 1600])
Epoch [408/1000], Wasserstein(eigs,real_eigs): 13.304, Wasserstein(log_eigs,log_real_eigs): 0.624
torch.Size([64, 1600])
Epoch [409/1000], Wasserstein(eigs,real_eigs): 10.746, Wasserstein(log_eigs,log_real_eigs): 0.499
torch.Size([64, 1600])
Epoch [410/1000], Wasserstein(eigs,real_eigs): 18.620, Wasserstein(log_eigs,log_real_eigs): 0.691
torch.Size([64, 1600])
Epoch [411/1000], Wasserstein(eigs,real_eigs): 15.850, Wasserstein(log_eigs,log_real_eigs): 0.619
torch.Size([64, 1600])
Epoch [412/1000], Wasserstein(eigs,real_eigs): 19.387, Wasserstein(log_eigs,log_real_eigs): 0.713
torch.Size([64, 1600])
Epoch [413/1000], Wasserstein(eigs,real_eigs): 16.736, Wasserstein(log_eigs,log_real_eigs): 0.689
torch.Size([64, 1600])
Epoch [414/1000], Wasserstein(eigs,real_eigs): 19.073, Wasserstein(log_eigs,log_real_eigs): 0.676
torch.Size([64, 1600])
Epoch [415/1000], Wasserstein(eigs,real_eigs): 22.700, Wasserstein(log_eigs,log_real_eigs): 0.716
torch.Size([64, 1600])
Epoch [416/1000], Wasserstein(eigs,real_eigs): 25.268, Wasserstein(log_eigs,log_real_eigs): 0.759
torch.Size([64, 1600])
Epoch [417/1000], Wasserstein(eigs,real_eigs): 26.815, Wasserstein(log_eigs,log_real_eigs): 0.764
torch.Size([64, 1600])
Epoch [418/1000], Wasserstein(eigs,real_eigs): 19.128, Wasserstein(log_eigs,log_real_eigs): 0.685
torch.Size([64, 1600])
Epoch [419/1000], Wasserstein(eigs,real_eigs): 17.029, Wasserstein(log_eigs,log_real_eigs): 0.663
torch.Size([64, 1600])
Epoch [420/1000], Wasserstein(eigs,real_eigs): 7.064, Wasserstein(log_eigs,log_real_eigs): 0.406
torch.Size([64, 1600])
Epoch [421/1000], Wasserstein(eigs,real_eigs): 0.447, Wasserstein(log_eigs,log_real_eigs): 0.110
torch.Size([64, 1600])
Epoch [422/1000], Wasserstein(eigs,real_eigs): 3.861, Wasserstein(log_eigs,log_real_eigs): 0.937
torch.Size([64, 1600])
Epoch [423/1000], Wasserstein(eigs,real_eigs): 0.330, Wasserstein(log_eigs,log_real_eigs): 0.087
torch.Size([64, 1600])
Epoch [424/1000], Wasserstein(eigs,real_eigs): 3.610, Wasserstein(log_eigs,log_real_eigs): 0.284
torch.Size([64, 1600])
Epoch [425/1000], Wasserstein(eigs,real_eigs): 2.100, Wasserstein(log_eigs,log_real_eigs): 0.184
torch.Size([64, 1600])
Epoch [426/1000], Wasserstein(eigs,real_eigs): 3.152, Wasserstein(log_eigs,log_real_eigs): 0.268
torch.Size([64, 1600])
Epoch [427/1000], Wasserstein(eigs,real_eigs): 4.677, Wasserstein(log_eigs,log_real_eigs): 0.266
torch.Size([64, 1600])
Epoch [428/1000], Wasserstein(eigs,real_eigs): 9.500, Wasserstein(log_eigs,log_real_eigs): 0.473
torch.Size([64, 1600])
Epoch [429/1000], Wasserstein(eigs,real_eigs): 9.848, Wasserstein(log_eigs,log_real_eigs): 0.494
torch.Size([64, 1600])
Epoch [430/1000], Wasserstein(eigs,real_eigs): 9.790, Wasserstein(log_eigs,log_real_eigs): 0.495
torch.Size([64, 1600])
Epoch [431/1000], Wasserstein(eigs,real_eigs): 6.144, Wasserstein(log_eigs,log_real_eigs): 0.384
torch.Size([64, 1600])
Epoch [432/1000], Wasserstein(eigs,real_eigs): 5.109, Wasserstein(log_eigs,log_real_eigs): 0.326
torch.Size([64, 1600])
Epoch [433/1000], Wasserstein(eigs,real_eigs): 4.291, Wasserstein(log_eigs,log_real_eigs): 0.291
torch.Size([64, 1600])
Epoch [434/1000], Wasserstein(eigs,real_eigs): 3.823, Wasserstein(log_eigs,log_real_eigs): 0.266
torch.Size([64, 1600])
Epoch [435/1000], Wasserstein(eigs,real_eigs): 1.299, Wasserstein(log_eigs,log_real_eigs): 0.107
torch.Size([64, 1600])
Epoch [436/1000], Wasserstein(eigs,real_eigs): 2.346, Wasserstein(log_eigs,log_real_eigs): 0.374
torch.Size([64, 1600])
Epoch [437/1000], Wasserstein(eigs,real_eigs): 3.151, Wasserstein(log_eigs,log_real_eigs): 0.541
torch.Size([64, 1600])
Epoch [438/1000], Wasserstein(eigs,real_eigs): 1.111, Wasserstein(log_eigs,log_real_eigs): 0.157
torch.Size([64, 1600])
Epoch [439/1000], Wasserstein(eigs,real_eigs): 0.786, Wasserstein(log_eigs,log_real_eigs): 0.132
torch.Size([64, 1600])
Epoch [440/1000], Wasserstein(eigs,real_eigs): 4.554, Wasserstein(log_eigs,log_real_eigs): 0.308
torch.Size([64, 1600])
Epoch [441/1000], Wasserstein(eigs,real_eigs): 4.604, Wasserstein(log_eigs,log_real_eigs): 0.330
torch.Size([64, 1600])
Epoch [442/1000], Wasserstein(eigs,real_eigs): 2.517, Wasserstein(log_eigs,log_real_eigs): 0.141
torch.Size([64, 1600])
Epoch [443/1000], Wasserstein(eigs,real_eigs): 0.536, Wasserstein(log_eigs,log_real_eigs): 0.135
torch.Size([64, 1600])
Epoch [444/1000], Wasserstein(eigs,real_eigs): 0.561, Wasserstein(log_eigs,log_real_eigs): 0.106
torch.Size([64, 1600])
Epoch [445/1000], Wasserstein(eigs,real_eigs): 0.460, Wasserstein(log_eigs,log_real_eigs): 0.128
torch.Size([64, 1600])
Epoch [446/1000], Wasserstein(eigs,real_eigs): 0.628, Wasserstein(log_eigs,log_real_eigs): 0.095
torch.Size([64, 1600])
Epoch [447/1000], Wasserstein(eigs,real_eigs): 0.937, Wasserstein(log_eigs,log_real_eigs): 0.130
torch.Size([64, 1600])
Epoch [448/1000], Wasserstein(eigs,real_eigs): 2.367, Wasserstein(log_eigs,log_real_eigs): 0.286
torch.Size([64, 1600])
Epoch [449/1000], Wasserstein(eigs,real_eigs): 1.584, Wasserstein(log_eigs,log_real_eigs): 0.211
torch.Size([64, 1600])
Epoch [450/1000], Wasserstein(eigs,real_eigs): 0.800, Wasserstein(log_eigs,log_real_eigs): 0.128
torch.Size([64, 1600])
Epoch [451/1000], Wasserstein(eigs,real_eigs): 1.117, Wasserstein(log_eigs,log_real_eigs): 0.130
torch.Size([64, 1600])
Epoch [452/1000], Wasserstein(eigs,real_eigs): 3.254, Wasserstein(log_eigs,log_real_eigs): 0.192
torch.Size([64, 1600])
Epoch [453/1000], Wasserstein(eigs,real_eigs): 0.953, Wasserstein(log_eigs,log_real_eigs): 0.119
torch.Size([64, 1600])
Epoch [454/1000], Wasserstein(eigs,real_eigs): 0.557, Wasserstein(log_eigs,log_real_eigs): 0.097
torch.Size([64, 1600])
Epoch [455/1000], Wasserstein(eigs,real_eigs): 0.822, Wasserstein(log_eigs,log_real_eigs): 0.151
torch.Size([64, 1600])
Epoch [456/1000], Wasserstein(eigs,real_eigs): 0.821, Wasserstein(log_eigs,log_real_eigs): 0.131
torch.Size([64, 1600])
Epoch [457/1000], Wasserstein(eigs,real_eigs): 2.124, Wasserstein(log_eigs,log_real_eigs): 0.186
torch.Size([64, 1600])
Epoch [458/1000], Wasserstein(eigs,real_eigs): 1.104, Wasserstein(log_eigs,log_real_eigs): 0.099
torch.Size([64, 1600])
Epoch [459/1000], Wasserstein(eigs,real_eigs): 0.355, Wasserstein(log_eigs,log_real_eigs): 0.121
torch.Size([64, 1600])
Epoch [460/1000], Wasserstein(eigs,real_eigs): 0.458, Wasserstein(log_eigs,log_real_eigs): 0.102
torch.Size([64, 1600])
Epoch [461/1000], Wasserstein(eigs,real_eigs): 1.320, Wasserstein(log_eigs,log_real_eigs): 0.190
torch.Size([64, 1600])
Epoch [462/1000], Wasserstein(eigs,real_eigs): 0.340, Wasserstein(log_eigs,log_real_eigs): 0.102
torch.Size([64, 1600])
Epoch [463/1000], Wasserstein(eigs,real_eigs): 0.982, Wasserstein(log_eigs,log_real_eigs): 0.152
torch.Size([64, 1600])
Epoch [464/1000], Wasserstein(eigs,real_eigs): 1.356, Wasserstein(log_eigs,log_real_eigs): 0.192
torch.Size([64, 1600])
Epoch [465/1000], Wasserstein(eigs,real_eigs): 1.392, Wasserstein(log_eigs,log_real_eigs): 0.170
torch.Size([64, 1600])
Epoch [466/1000], Wasserstein(eigs,real_eigs): 0.672, Wasserstein(log_eigs,log_real_eigs): 0.132
torch.Size([64, 1600])
Epoch [467/1000], Wasserstein(eigs,real_eigs): 2.535, Wasserstein(log_eigs,log_real_eigs): 0.224
torch.Size([64, 1600])
Epoch [468/1000], Wasserstein(eigs,real_eigs): 3.075, Wasserstein(log_eigs,log_real_eigs): 0.278
torch.Size([64, 1600])
Epoch [469/1000], Wasserstein(eigs,real_eigs): 2.427, Wasserstein(log_eigs,log_real_eigs): 0.234
torch.Size([64, 1600])
Epoch [470/1000], Wasserstein(eigs,real_eigs): 1.127, Wasserstein(log_eigs,log_real_eigs): 0.147
torch.Size([64, 1600])
Epoch [471/1000], Wasserstein(eigs,real_eigs): 0.438, Wasserstein(log_eigs,log_real_eigs): 0.112
torch.Size([64, 1600])
Epoch [472/1000], Wasserstein(eigs,real_eigs): 0.325, Wasserstein(log_eigs,log_real_eigs): 0.102
torch.Size([64, 1600])
Epoch [473/1000], Wasserstein(eigs,real_eigs): 0.337, Wasserstein(log_eigs,log_real_eigs): 0.105
torch.Size([64, 1600])
Epoch [474/1000], Wasserstein(eigs,real_eigs): 0.957, Wasserstein(log_eigs,log_real_eigs): 0.129
torch.Size([64, 1600])
Epoch [475/1000], Wasserstein(eigs,real_eigs): 1.091, Wasserstein(log_eigs,log_real_eigs): 0.124
torch.Size([64, 1600])
Epoch [476/1000], Wasserstein(eigs,real_eigs): 0.251, Wasserstein(log_eigs,log_real_eigs): 0.079
torch.Size([64, 1600])
Epoch [477/1000], Wasserstein(eigs,real_eigs): 0.284, Wasserstein(log_eigs,log_real_eigs): 0.100
torch.Size([64, 1600])
Epoch [478/1000], Wasserstein(eigs,real_eigs): 3.712, Wasserstein(log_eigs,log_real_eigs): 0.293
torch.Size([64, 1600])
Epoch [479/1000], Wasserstein(eigs,real_eigs): 2.926, Wasserstein(log_eigs,log_real_eigs): 0.218
torch.Size([64, 1600])
Epoch [480/1000], Wasserstein(eigs,real_eigs): 0.981, Wasserstein(log_eigs,log_real_eigs): 0.134
torch.Size([64, 1600])
Epoch [481/1000], Wasserstein(eigs,real_eigs): 0.311, Wasserstein(log_eigs,log_real_eigs): 0.113
torch.Size([64, 1600])
Epoch [482/1000], Wasserstein(eigs,real_eigs): 2.437, Wasserstein(log_eigs,log_real_eigs): 0.371
torch.Size([64, 1600])
Epoch [483/1000], Wasserstein(eigs,real_eigs): 1.895, Wasserstein(log_eigs,log_real_eigs): 0.232
torch.Size([64, 1600])
Epoch [484/1000], Wasserstein(eigs,real_eigs): 0.797, Wasserstein(log_eigs,log_real_eigs): 0.141
torch.Size([64, 1600])
Epoch [485/1000], Wasserstein(eigs,real_eigs): 1.870, Wasserstein(log_eigs,log_real_eigs): 0.183
torch.Size([64, 1600])
Epoch [486/1000], Wasserstein(eigs,real_eigs): 1.757, Wasserstein(log_eigs,log_real_eigs): 0.151
torch.Size([64, 1600])
Epoch [487/1000], Wasserstein(eigs,real_eigs): 1.683, Wasserstein(log_eigs,log_real_eigs): 0.170
torch.Size([64, 1600])
Epoch [488/1000], Wasserstein(eigs,real_eigs): 0.430, Wasserstein(log_eigs,log_real_eigs): 0.119
torch.Size([64, 1600])
Epoch [489/1000], Wasserstein(eigs,real_eigs): 0.623, Wasserstein(log_eigs,log_real_eigs): 0.124
torch.Size([64, 1600])
Epoch [490/1000], Wasserstein(eigs,real_eigs): 1.066, Wasserstein(log_eigs,log_real_eigs): 0.124
torch.Size([64, 1600])
Epoch [491/1000], Wasserstein(eigs,real_eigs): 2.062, Wasserstein(log_eigs,log_real_eigs): 0.270
torch.Size([64, 1600])
Epoch [492/1000], Wasserstein(eigs,real_eigs): 1.639, Wasserstein(log_eigs,log_real_eigs): 0.195
torch.Size([64, 1600])
Epoch [493/1000], Wasserstein(eigs,real_eigs): 0.881, Wasserstein(log_eigs,log_real_eigs): 0.140
torch.Size([64, 1600])
Epoch [494/1000], Wasserstein(eigs,real_eigs): 5.213, Wasserstein(log_eigs,log_real_eigs): 0.339
torch.Size([64, 1600])
Epoch [495/1000], Wasserstein(eigs,real_eigs): 11.845, Wasserstein(log_eigs,log_real_eigs): 0.620
torch.Size([64, 1600])
Epoch [496/1000], Wasserstein(eigs,real_eigs): 6.528, Wasserstein(log_eigs,log_real_eigs): 0.431
torch.Size([64, 1600])
Epoch [497/1000], Wasserstein(eigs,real_eigs): 6.011, Wasserstein(log_eigs,log_real_eigs): 0.404
torch.Size([64, 1600])
Epoch [498/1000], Wasserstein(eigs,real_eigs): 7.862, Wasserstein(log_eigs,log_real_eigs): 0.460
torch.Size([64, 1600])
Epoch [499/1000], Wasserstein(eigs,real_eigs): 5.656, Wasserstein(log_eigs,log_real_eigs): 0.362
torch.Size([64, 1600])
Epoch [500/1000], Wasserstein(eigs,real_eigs): 1.199, Wasserstein(log_eigs,log_real_eigs): 0.097
torch.Size([64, 1600])
Epoch [501/1000], Wasserstein(eigs,real_eigs): 0.502, Wasserstein(log_eigs,log_real_eigs): 0.118
torch.Size([64, 1600])
Epoch [502/1000], Wasserstein(eigs,real_eigs): 1.905, Wasserstein(log_eigs,log_real_eigs): 0.243
torch.Size([64, 1600])
Epoch [503/1000], Wasserstein(eigs,real_eigs): 2.655, Wasserstein(log_eigs,log_real_eigs): 0.376
torch.Size([64, 1600])
Epoch [504/1000], Wasserstein(eigs,real_eigs): 1.460, Wasserstein(log_eigs,log_real_eigs): 0.205
torch.Size([64, 1600])
Epoch [505/1000], Wasserstein(eigs,real_eigs): 0.277, Wasserstein(log_eigs,log_real_eigs): 0.077
torch.Size([64, 1600])
Epoch [506/1000], Wasserstein(eigs,real_eigs): 2.801, Wasserstein(log_eigs,log_real_eigs): 0.223
torch.Size([64, 1600])
Epoch [507/1000], Wasserstein(eigs,real_eigs): 1.774, Wasserstein(log_eigs,log_real_eigs): 0.155
torch.Size([64, 1600])
Epoch [508/1000], Wasserstein(eigs,real_eigs): 1.200, Wasserstein(log_eigs,log_real_eigs): 0.116
torch.Size([64, 1600])
Epoch [509/1000], Wasserstein(eigs,real_eigs): 0.965, Wasserstein(log_eigs,log_real_eigs): 0.144
torch.Size([64, 1600])
Epoch [510/1000], Wasserstein(eigs,real_eigs): 1.628, Wasserstein(log_eigs,log_real_eigs): 0.130
torch.Size([64, 1600])
Epoch [511/1000], Wasserstein(eigs,real_eigs): 1.660, Wasserstein(log_eigs,log_real_eigs): 0.163
torch.Size([64, 1600])
Epoch [512/1000], Wasserstein(eigs,real_eigs): 5.139, Wasserstein(log_eigs,log_real_eigs): 0.353
torch.Size([64, 1600])
Epoch [513/1000], Wasserstein(eigs,real_eigs): 0.577, Wasserstein(log_eigs,log_real_eigs): 0.135
torch.Size([64, 1600])
Epoch [514/1000], Wasserstein(eigs,real_eigs): 0.551, Wasserstein(log_eigs,log_real_eigs): 0.126
torch.Size([64, 1600])
Epoch [515/1000], Wasserstein(eigs,real_eigs): 1.471, Wasserstein(log_eigs,log_real_eigs): 0.207
torch.Size([64, 1600])
Epoch [516/1000], Wasserstein(eigs,real_eigs): 1.300, Wasserstein(log_eigs,log_real_eigs): 0.154
torch.Size([64, 1600])
Epoch [517/1000], Wasserstein(eigs,real_eigs): 1.132, Wasserstein(log_eigs,log_real_eigs): 0.140
torch.Size([64, 1600])
Epoch [518/1000], Wasserstein(eigs,real_eigs): 0.391, Wasserstein(log_eigs,log_real_eigs): 0.101
torch.Size([64, 1600])
Epoch [519/1000], Wasserstein(eigs,real_eigs): 0.582, Wasserstein(log_eigs,log_real_eigs): 0.123
torch.Size([64, 1600])
Epoch [520/1000], Wasserstein(eigs,real_eigs): 1.327, Wasserstein(log_eigs,log_real_eigs): 0.124
torch.Size([64, 1600])
Epoch [521/1000], Wasserstein(eigs,real_eigs): 2.077, Wasserstein(log_eigs,log_real_eigs): 0.169
torch.Size([64, 1600])
Epoch [522/1000], Wasserstein(eigs,real_eigs): 2.552, Wasserstein(log_eigs,log_real_eigs): 0.205
torch.Size([64, 1600])
Epoch [523/1000], Wasserstein(eigs,real_eigs): 2.889, Wasserstein(log_eigs,log_real_eigs): 0.182
torch.Size([64, 1600])
Epoch [524/1000], Wasserstein(eigs,real_eigs): 3.061, Wasserstein(log_eigs,log_real_eigs): 0.263
torch.Size([64, 1600])
Epoch [525/1000], Wasserstein(eigs,real_eigs): 2.441, Wasserstein(log_eigs,log_real_eigs): 0.383
torch.Size([64, 1600])
Epoch [526/1000], Wasserstein(eigs,real_eigs): 1.300, Wasserstein(log_eigs,log_real_eigs): 0.130
torch.Size([64, 1600])
Epoch [527/1000], Wasserstein(eigs,real_eigs): 0.996, Wasserstein(log_eigs,log_real_eigs): 0.151
torch.Size([64, 1600])
Epoch [528/1000], Wasserstein(eigs,real_eigs): 0.947, Wasserstein(log_eigs,log_real_eigs): 0.112
torch.Size([64, 1600])
Epoch [529/1000], Wasserstein(eigs,real_eigs): 3.945, Wasserstein(log_eigs,log_real_eigs): 0.305
torch.Size([64, 1600])
Epoch [530/1000], Wasserstein(eigs,real_eigs): 0.677, Wasserstein(log_eigs,log_real_eigs): 0.116
torch.Size([64, 1600])
Epoch [531/1000], Wasserstein(eigs,real_eigs): 0.954, Wasserstein(log_eigs,log_real_eigs): 0.159
torch.Size([64, 1600])
Epoch [532/1000], Wasserstein(eigs,real_eigs): 0.935, Wasserstein(log_eigs,log_real_eigs): 0.114
torch.Size([64, 1600])
Epoch [533/1000], Wasserstein(eigs,real_eigs): 2.311, Wasserstein(log_eigs,log_real_eigs): 0.330
torch.Size([64, 1600])
Epoch [534/1000], Wasserstein(eigs,real_eigs): 2.791, Wasserstein(log_eigs,log_real_eigs): 0.481
torch.Size([64, 1600])
Epoch [535/1000], Wasserstein(eigs,real_eigs): 1.516, Wasserstein(log_eigs,log_real_eigs): 0.229
torch.Size([64, 1600])
Epoch [536/1000], Wasserstein(eigs,real_eigs): 3.715, Wasserstein(log_eigs,log_real_eigs): 0.281
torch.Size([64, 1600])
Epoch [537/1000], Wasserstein(eigs,real_eigs): 16.999, Wasserstein(log_eigs,log_real_eigs): 0.644
torch.Size([64, 1600])
Epoch [538/1000], Wasserstein(eigs,real_eigs): 21.326, Wasserstein(log_eigs,log_real_eigs): 0.695
torch.Size([64, 1600])
Epoch [539/1000], Wasserstein(eigs,real_eigs): 12.282, Wasserstein(log_eigs,log_real_eigs): 0.542
torch.Size([64, 1600])
Epoch [540/1000], Wasserstein(eigs,real_eigs): 23.553, Wasserstein(log_eigs,log_real_eigs): 0.729
torch.Size([64, 1600])
Epoch [541/1000], Wasserstein(eigs,real_eigs): 12.015, Wasserstein(log_eigs,log_real_eigs): 0.583
torch.Size([64, 1600])
Epoch [542/1000], Wasserstein(eigs,real_eigs): 13.247, Wasserstein(log_eigs,log_real_eigs): 0.581
torch.Size([64, 1600])
Epoch [543/1000], Wasserstein(eigs,real_eigs): 20.243, Wasserstein(log_eigs,log_real_eigs): 0.695
torch.Size([64, 1600])
Epoch [544/1000], Wasserstein(eigs,real_eigs): 16.898, Wasserstein(log_eigs,log_real_eigs): 0.646
torch.Size([64, 1600])
Epoch [545/1000], Wasserstein(eigs,real_eigs): 13.649, Wasserstein(log_eigs,log_real_eigs): 0.590
torch.Size([64, 1600])
Epoch [546/1000], Wasserstein(eigs,real_eigs): 15.607, Wasserstein(log_eigs,log_real_eigs): 0.620
torch.Size([64, 1600])
Epoch [547/1000], Wasserstein(eigs,real_eigs): 25.886, Wasserstein(log_eigs,log_real_eigs): 0.807
torch.Size([64, 1600])
Epoch [548/1000], Wasserstein(eigs,real_eigs): 21.233, Wasserstein(log_eigs,log_real_eigs): 0.726
torch.Size([64, 1600])
Epoch [549/1000], Wasserstein(eigs,real_eigs): 17.780, Wasserstein(log_eigs,log_real_eigs): 0.627
torch.Size([64, 1600])
Epoch [550/1000], Wasserstein(eigs,real_eigs): 9.446, Wasserstein(log_eigs,log_real_eigs): 0.481
torch.Size([64, 1600])
Epoch [551/1000], Wasserstein(eigs,real_eigs): 11.511, Wasserstein(log_eigs,log_real_eigs): 0.544
torch.Size([64, 1600])
Epoch [552/1000], Wasserstein(eigs,real_eigs): 8.815, Wasserstein(log_eigs,log_real_eigs): 0.430
torch.Size([64, 1600])
Epoch [553/1000], Wasserstein(eigs,real_eigs): 10.284, Wasserstein(log_eigs,log_real_eigs): 0.536
torch.Size([64, 1600])
Epoch [554/1000], Wasserstein(eigs,real_eigs): 5.863, Wasserstein(log_eigs,log_real_eigs): 0.383
torch.Size([64, 1600])
Epoch [555/1000], Wasserstein(eigs,real_eigs): 3.795, Wasserstein(log_eigs,log_real_eigs): 0.278
torch.Size([64, 1600])
Epoch [556/1000], Wasserstein(eigs,real_eigs): 1.312, Wasserstein(log_eigs,log_real_eigs): 0.249
torch.Size([64, 1600])
Epoch [557/1000], Wasserstein(eigs,real_eigs): 3.468, Wasserstein(log_eigs,log_real_eigs): 0.671
torch.Size([64, 1600])
Epoch [558/1000], Wasserstein(eigs,real_eigs): 2.557, Wasserstein(log_eigs,log_real_eigs): 0.394
torch.Size([64, 1600])
Epoch [559/1000], Wasserstein(eigs,real_eigs): 0.399, Wasserstein(log_eigs,log_real_eigs): 0.114
torch.Size([64, 1600])
Epoch [560/1000], Wasserstein(eigs,real_eigs): 1.929, Wasserstein(log_eigs,log_real_eigs): 0.242
torch.Size([64, 1600])
Epoch [561/1000], Wasserstein(eigs,real_eigs): 3.565, Wasserstein(log_eigs,log_real_eigs): 0.321
torch.Size([64, 1600])
Epoch [562/1000], Wasserstein(eigs,real_eigs): 1.899, Wasserstein(log_eigs,log_real_eigs): 0.149
torch.Size([64, 1600])
Epoch [563/1000], Wasserstein(eigs,real_eigs): 1.008, Wasserstein(log_eigs,log_real_eigs): 0.120
torch.Size([64, 1600])
Epoch [564/1000], Wasserstein(eigs,real_eigs): 0.614, Wasserstein(log_eigs,log_real_eigs): 0.122
torch.Size([64, 1600])
Epoch [565/1000], Wasserstein(eigs,real_eigs): 1.167, Wasserstein(log_eigs,log_real_eigs): 0.147
torch.Size([64, 1600])
Epoch [566/1000], Wasserstein(eigs,real_eigs): 1.426, Wasserstein(log_eigs,log_real_eigs): 0.175
torch.Size([64, 1600])
Epoch [567/1000], Wasserstein(eigs,real_eigs): 2.320, Wasserstein(log_eigs,log_real_eigs): 0.306
torch.Size([64, 1600])
Epoch [568/1000], Wasserstein(eigs,real_eigs): 2.499, Wasserstein(log_eigs,log_real_eigs): 0.341
torch.Size([64, 1600])
Epoch [569/1000], Wasserstein(eigs,real_eigs): 0.802, Wasserstein(log_eigs,log_real_eigs): 0.138
torch.Size([64, 1600])
Epoch [570/1000], Wasserstein(eigs,real_eigs): 1.809, Wasserstein(log_eigs,log_real_eigs): 0.200
torch.Size([64, 1600])
Epoch [571/1000], Wasserstein(eigs,real_eigs): 1.699, Wasserstein(log_eigs,log_real_eigs): 0.178
torch.Size([64, 1600])
Epoch [572/1000], Wasserstein(eigs,real_eigs): 1.937, Wasserstein(log_eigs,log_real_eigs): 0.194
torch.Size([64, 1600])
Epoch [573/1000], Wasserstein(eigs,real_eigs): 6.005, Wasserstein(log_eigs,log_real_eigs): 0.381
torch.Size([64, 1600])
Epoch [574/1000], Wasserstein(eigs,real_eigs): 3.355, Wasserstein(log_eigs,log_real_eigs): 0.256
torch.Size([64, 1600])
Epoch [575/1000], Wasserstein(eigs,real_eigs): 1.978, Wasserstein(log_eigs,log_real_eigs): 0.150
torch.Size([64, 1600])
Epoch [576/1000], Wasserstein(eigs,real_eigs): 0.415, Wasserstein(log_eigs,log_real_eigs): 0.106
torch.Size([64, 1600])
Epoch [577/1000], Wasserstein(eigs,real_eigs): 3.018, Wasserstein(log_eigs,log_real_eigs): 0.490
torch.Size([64, 1600])
Epoch [578/1000], Wasserstein(eigs,real_eigs): 2.861, Wasserstein(log_eigs,log_real_eigs): 0.428
torch.Size([64, 1600])
Epoch [579/1000], Wasserstein(eigs,real_eigs): 1.835, Wasserstein(log_eigs,log_real_eigs): 0.196
torch.Size([64, 1600])
Epoch [580/1000], Wasserstein(eigs,real_eigs): 1.558, Wasserstein(log_eigs,log_real_eigs): 0.170
torch.Size([64, 1600])
Epoch [581/1000], Wasserstein(eigs,real_eigs): 4.290, Wasserstein(log_eigs,log_real_eigs): 0.290
torch.Size([64, 1600])
Epoch [582/1000], Wasserstein(eigs,real_eigs): 5.456, Wasserstein(log_eigs,log_real_eigs): 0.317
torch.Size([64, 1600])
Epoch [583/1000], Wasserstein(eigs,real_eigs): 3.965, Wasserstein(log_eigs,log_real_eigs): 0.234
torch.Size([64, 1600])
Epoch [584/1000], Wasserstein(eigs,real_eigs): 1.216, Wasserstein(log_eigs,log_real_eigs): 0.130
torch.Size([64, 1600])
Epoch [585/1000], Wasserstein(eigs,real_eigs): 1.869, Wasserstein(log_eigs,log_real_eigs): 0.125
torch.Size([64, 1600])
Epoch [586/1000], Wasserstein(eigs,real_eigs): 1.515, Wasserstein(log_eigs,log_real_eigs): 0.253
torch.Size([64, 1600])
Epoch [587/1000], Wasserstein(eigs,real_eigs): 2.531, Wasserstein(log_eigs,log_real_eigs): 0.350
torch.Size([64, 1600])
Epoch [588/1000], Wasserstein(eigs,real_eigs): 2.119, Wasserstein(log_eigs,log_real_eigs): 0.257
torch.Size([64, 1600])
Epoch [589/1000], Wasserstein(eigs,real_eigs): 0.706, Wasserstein(log_eigs,log_real_eigs): 0.117
torch.Size([64, 1600])
Epoch [590/1000], Wasserstein(eigs,real_eigs): 1.916, Wasserstein(log_eigs,log_real_eigs): 0.186
torch.Size([64, 1600])
Epoch [591/1000], Wasserstein(eigs,real_eigs): 4.176, Wasserstein(log_eigs,log_real_eigs): 0.294
torch.Size([64, 1600])
Epoch [592/1000], Wasserstein(eigs,real_eigs): 6.212, Wasserstein(log_eigs,log_real_eigs): 0.362
torch.Size([64, 1600])
Epoch [593/1000], Wasserstein(eigs,real_eigs): 4.429, Wasserstein(log_eigs,log_real_eigs): 0.311
torch.Size([64, 1600])
Epoch [594/1000], Wasserstein(eigs,real_eigs): 5.260, Wasserstein(log_eigs,log_real_eigs): 0.301
torch.Size([64, 1600])
Epoch [595/1000], Wasserstein(eigs,real_eigs): 3.076, Wasserstein(log_eigs,log_real_eigs): 0.266
torch.Size([64, 1600])
Epoch [596/1000], Wasserstein(eigs,real_eigs): 2.363, Wasserstein(log_eigs,log_real_eigs): 0.164
torch.Size([64, 1600])
Epoch [597/1000], Wasserstein(eigs,real_eigs): 0.811, Wasserstein(log_eigs,log_real_eigs): 0.163
torch.Size([64, 1600])
Epoch [598/1000], Wasserstein(eigs,real_eigs): 2.460, Wasserstein(log_eigs,log_real_eigs): 0.389
torch.Size([64, 1600])
Epoch [599/1000], Wasserstein(eigs,real_eigs): 2.657, Wasserstein(log_eigs,log_real_eigs): 0.404
torch.Size([64, 1600])
Epoch [600/1000], Wasserstein(eigs,real_eigs): 1.195, Wasserstein(log_eigs,log_real_eigs): 0.151
torch.Size([64, 1600])
Epoch [601/1000], Wasserstein(eigs,real_eigs): 1.836, Wasserstein(log_eigs,log_real_eigs): 0.176
torch.Size([64, 1600])
Epoch [602/1000], Wasserstein(eigs,real_eigs): 4.833, Wasserstein(log_eigs,log_real_eigs): 0.376
torch.Size([64, 1600])
Epoch [603/1000], Wasserstein(eigs,real_eigs): 1.870, Wasserstein(log_eigs,log_real_eigs): 0.200
torch.Size([64, 1600])
Epoch [604/1000], Wasserstein(eigs,real_eigs): 1.710, Wasserstein(log_eigs,log_real_eigs): 0.194
torch.Size([64, 1600])
Epoch [605/1000], Wasserstein(eigs,real_eigs): 1.193, Wasserstein(log_eigs,log_real_eigs): 0.141
torch.Size([64, 1600])
Epoch [606/1000], Wasserstein(eigs,real_eigs): 1.097, Wasserstein(log_eigs,log_real_eigs): 0.150
torch.Size([64, 1600])
Epoch [607/1000], Wasserstein(eigs,real_eigs): 1.639, Wasserstein(log_eigs,log_real_eigs): 0.219
torch.Size([64, 1600])
Epoch [608/1000], Wasserstein(eigs,real_eigs): 1.823, Wasserstein(log_eigs,log_real_eigs): 0.281
torch.Size([64, 1600])
Epoch [609/1000], Wasserstein(eigs,real_eigs): 0.944, Wasserstein(log_eigs,log_real_eigs): 0.107
torch.Size([64, 1600])
Epoch [610/1000], Wasserstein(eigs,real_eigs): 3.049, Wasserstein(log_eigs,log_real_eigs): 0.250
torch.Size([64, 1600])
Epoch [611/1000], Wasserstein(eigs,real_eigs): 1.285, Wasserstein(log_eigs,log_real_eigs): 0.145
torch.Size([64, 1600])
Epoch [612/1000], Wasserstein(eigs,real_eigs): 0.430, Wasserstein(log_eigs,log_real_eigs): 0.109
torch.Size([64, 1600])
Epoch [613/1000], Wasserstein(eigs,real_eigs): 0.351, Wasserstein(log_eigs,log_real_eigs): 0.109
torch.Size([64, 1600])
Epoch [614/1000], Wasserstein(eigs,real_eigs): 0.439, Wasserstein(log_eigs,log_real_eigs): 0.132
torch.Size([64, 1600])
Epoch [615/1000], Wasserstein(eigs,real_eigs): 0.811, Wasserstein(log_eigs,log_real_eigs): 0.106
torch.Size([64, 1600])
Epoch [616/1000], Wasserstein(eigs,real_eigs): 0.554, Wasserstein(log_eigs,log_real_eigs): 0.117
torch.Size([64, 1600])
Epoch [617/1000], Wasserstein(eigs,real_eigs): 0.557, Wasserstein(log_eigs,log_real_eigs): 0.139
torch.Size([64, 1600])
Epoch [618/1000], Wasserstein(eigs,real_eigs): 2.740, Wasserstein(log_eigs,log_real_eigs): 0.383
torch.Size([64, 1600])
Epoch [619/1000], Wasserstein(eigs,real_eigs): 0.481, Wasserstein(log_eigs,log_real_eigs): 0.108
torch.Size([64, 1600])
Epoch [620/1000], Wasserstein(eigs,real_eigs): 1.480, Wasserstein(log_eigs,log_real_eigs): 0.199
torch.Size([64, 1600])
Epoch [621/1000], Wasserstein(eigs,real_eigs): 2.291, Wasserstein(log_eigs,log_real_eigs): 0.175
torch.Size([64, 1600])
Epoch [622/1000], Wasserstein(eigs,real_eigs): 5.415, Wasserstein(log_eigs,log_real_eigs): 0.330
torch.Size([64, 1600])
Epoch [623/1000], Wasserstein(eigs,real_eigs): 7.536, Wasserstein(log_eigs,log_real_eigs): 0.415
torch.Size([64, 1600])
Epoch [624/1000], Wasserstein(eigs,real_eigs): 7.597, Wasserstein(log_eigs,log_real_eigs): 0.425
torch.Size([64, 1600])
Epoch [625/1000], Wasserstein(eigs,real_eigs): 9.390, Wasserstein(log_eigs,log_real_eigs): 0.494
torch.Size([64, 1600])
Epoch [626/1000], Wasserstein(eigs,real_eigs): 5.038, Wasserstein(log_eigs,log_real_eigs): 0.338
torch.Size([64, 1600])
Epoch [627/1000], Wasserstein(eigs,real_eigs): 5.133, Wasserstein(log_eigs,log_real_eigs): 0.342
torch.Size([64, 1600])
Epoch [628/1000], Wasserstein(eigs,real_eigs): 0.486, Wasserstein(log_eigs,log_real_eigs): 0.104
torch.Size([64, 1600])
Epoch [629/1000], Wasserstein(eigs,real_eigs): 1.198, Wasserstein(log_eigs,log_real_eigs): 0.234
torch.Size([64, 1600])
Epoch [630/1000], Wasserstein(eigs,real_eigs): 1.866, Wasserstein(log_eigs,log_real_eigs): 0.256
torch.Size([64, 1600])
Epoch [631/1000], Wasserstein(eigs,real_eigs): 1.960, Wasserstein(log_eigs,log_real_eigs): 0.337
torch.Size([64, 1600])
Epoch [632/1000], Wasserstein(eigs,real_eigs): 1.454, Wasserstein(log_eigs,log_real_eigs): 0.165
torch.Size([64, 1600])
Epoch [633/1000], Wasserstein(eigs,real_eigs): 0.611, Wasserstein(log_eigs,log_real_eigs): 0.099
torch.Size([64, 1600])
Epoch [634/1000], Wasserstein(eigs,real_eigs): 2.178, Wasserstein(log_eigs,log_real_eigs): 0.249
torch.Size([64, 1600])
Epoch [635/1000], Wasserstein(eigs,real_eigs): 0.463, Wasserstein(log_eigs,log_real_eigs): 0.114
torch.Size([64, 1600])
Epoch [636/1000], Wasserstein(eigs,real_eigs): 2.039, Wasserstein(log_eigs,log_real_eigs): 0.222
torch.Size([64, 1600])
Epoch [637/1000], Wasserstein(eigs,real_eigs): 1.818, Wasserstein(log_eigs,log_real_eigs): 0.119
torch.Size([64, 1600])
Epoch [638/1000], Wasserstein(eigs,real_eigs): 2.760, Wasserstein(log_eigs,log_real_eigs): 0.256
torch.Size([64, 1600])
Epoch [639/1000], Wasserstein(eigs,real_eigs): 0.796, Wasserstein(log_eigs,log_real_eigs): 0.111
torch.Size([64, 1600])
Epoch [640/1000], Wasserstein(eigs,real_eigs): 1.791, Wasserstein(log_eigs,log_real_eigs): 0.227
torch.Size([64, 1600])
Epoch [641/1000], Wasserstein(eigs,real_eigs): 0.402, Wasserstein(log_eigs,log_real_eigs): 0.080
torch.Size([64, 1600])
Epoch [642/1000], Wasserstein(eigs,real_eigs): 3.117, Wasserstein(log_eigs,log_real_eigs): 0.265
torch.Size([64, 1600])
Epoch [643/1000], Wasserstein(eigs,real_eigs): 3.818, Wasserstein(log_eigs,log_real_eigs): 0.266
torch.Size([64, 1600])
Epoch [644/1000], Wasserstein(eigs,real_eigs): 5.985, Wasserstein(log_eigs,log_real_eigs): 0.355
torch.Size([64, 1600])
Epoch [645/1000], Wasserstein(eigs,real_eigs): 3.568, Wasserstein(log_eigs,log_real_eigs): 0.296
torch.Size([64, 1600])
Epoch [646/1000], Wasserstein(eigs,real_eigs): 3.036, Wasserstein(log_eigs,log_real_eigs): 0.221
torch.Size([64, 1600])
Epoch [647/1000], Wasserstein(eigs,real_eigs): 2.685, Wasserstein(log_eigs,log_real_eigs): 0.217
torch.Size([64, 1600])
Epoch [648/1000], Wasserstein(eigs,real_eigs): 1.357, Wasserstein(log_eigs,log_real_eigs): 0.123
torch.Size([64, 1600])
Epoch [649/1000], Wasserstein(eigs,real_eigs): 0.487, Wasserstein(log_eigs,log_real_eigs): 0.110
torch.Size([64, 1600])
Epoch [650/1000], Wasserstein(eigs,real_eigs): 1.598, Wasserstein(log_eigs,log_real_eigs): 0.161
torch.Size([64, 1600])
Epoch [651/1000], Wasserstein(eigs,real_eigs): 1.076, Wasserstein(log_eigs,log_real_eigs): 0.134
torch.Size([64, 1600])
Epoch [652/1000], Wasserstein(eigs,real_eigs): 0.593, Wasserstein(log_eigs,log_real_eigs): 0.132
torch.Size([64, 1600])
Epoch [653/1000], Wasserstein(eigs,real_eigs): 0.716, Wasserstein(log_eigs,log_real_eigs): 0.113
torch.Size([64, 1600])
Epoch [654/1000], Wasserstein(eigs,real_eigs): 0.378, Wasserstein(log_eigs,log_real_eigs): 0.112
torch.Size([64, 1600])
Epoch [655/1000], Wasserstein(eigs,real_eigs): 0.826, Wasserstein(log_eigs,log_real_eigs): 0.129
torch.Size([64, 1600])
Epoch [656/1000], Wasserstein(eigs,real_eigs): 1.030, Wasserstein(log_eigs,log_real_eigs): 0.158
torch.Size([64, 1600])
Epoch [657/1000], Wasserstein(eigs,real_eigs): 1.165, Wasserstein(log_eigs,log_real_eigs): 0.153
torch.Size([64, 1600])
Epoch [658/1000], Wasserstein(eigs,real_eigs): 0.587, Wasserstein(log_eigs,log_real_eigs): 0.125
torch.Size([64, 1600])
Epoch [659/1000], Wasserstein(eigs,real_eigs): 1.398, Wasserstein(log_eigs,log_real_eigs): 0.153
torch.Size([64, 1600])
Epoch [660/1000], Wasserstein(eigs,real_eigs): 0.382, Wasserstein(log_eigs,log_real_eigs): 0.117
torch.Size([64, 1600])
Epoch [661/1000], Wasserstein(eigs,real_eigs): 2.756, Wasserstein(log_eigs,log_real_eigs): 0.232
torch.Size([64, 1600])
Epoch [662/1000], Wasserstein(eigs,real_eigs): 3.162, Wasserstein(log_eigs,log_real_eigs): 0.264
torch.Size([64, 1600])
Epoch [663/1000], Wasserstein(eigs,real_eigs): 2.457, Wasserstein(log_eigs,log_real_eigs): 0.229
torch.Size([64, 1600])
Epoch [664/1000], Wasserstein(eigs,real_eigs): 1.863, Wasserstein(log_eigs,log_real_eigs): 0.233
torch.Size([64, 1600])
Epoch [665/1000], Wasserstein(eigs,real_eigs): 0.873, Wasserstein(log_eigs,log_real_eigs): 0.131
torch.Size([64, 1600])
Epoch [666/1000], Wasserstein(eigs,real_eigs): 1.373, Wasserstein(log_eigs,log_real_eigs): 0.191
torch.Size([64, 1600])
Epoch [667/1000], Wasserstein(eigs,real_eigs): 0.401, Wasserstein(log_eigs,log_real_eigs): 0.089
torch.Size([64, 1600])
Epoch [668/1000], Wasserstein(eigs,real_eigs): 1.157, Wasserstein(log_eigs,log_real_eigs): 0.147
torch.Size([64, 1600])
Epoch [669/1000], Wasserstein(eigs,real_eigs): 1.563, Wasserstein(log_eigs,log_real_eigs): 0.241
torch.Size([64, 1600])
Epoch [670/1000], Wasserstein(eigs,real_eigs): 1.139, Wasserstein(log_eigs,log_real_eigs): 0.152
torch.Size([64, 1600])
Epoch [671/1000], Wasserstein(eigs,real_eigs): 0.401, Wasserstein(log_eigs,log_real_eigs): 0.114
torch.Size([64, 1600])
Epoch [672/1000], Wasserstein(eigs,real_eigs): 0.499, Wasserstein(log_eigs,log_real_eigs): 0.127
torch.Size([64, 1600])
Epoch [673/1000], Wasserstein(eigs,real_eigs): 2.475, Wasserstein(log_eigs,log_real_eigs): 0.393
torch.Size([64, 1600])
Epoch [674/1000], Wasserstein(eigs,real_eigs): 0.499, Wasserstein(log_eigs,log_real_eigs): 0.102
torch.Size([64, 1600])
Epoch [675/1000], Wasserstein(eigs,real_eigs): 1.049, Wasserstein(log_eigs,log_real_eigs): 0.119
torch.Size([64, 1600])
Epoch [676/1000], Wasserstein(eigs,real_eigs): 2.808, Wasserstein(log_eigs,log_real_eigs): 0.299
torch.Size([64, 1600])
Epoch [677/1000], Wasserstein(eigs,real_eigs): 4.662, Wasserstein(log_eigs,log_real_eigs): 0.322
torch.Size([64, 1600])
Epoch [678/1000], Wasserstein(eigs,real_eigs): 2.494, Wasserstein(log_eigs,log_real_eigs): 0.260
torch.Size([64, 1600])
Epoch [679/1000], Wasserstein(eigs,real_eigs): 3.880, Wasserstein(log_eigs,log_real_eigs): 0.310
torch.Size([64, 1600])
Epoch [680/1000], Wasserstein(eigs,real_eigs): 2.907, Wasserstein(log_eigs,log_real_eigs): 0.241
torch.Size([64, 1600])
Epoch [681/1000], Wasserstein(eigs,real_eigs): 0.705, Wasserstein(log_eigs,log_real_eigs): 0.098
torch.Size([64, 1600])
Epoch [682/1000], Wasserstein(eigs,real_eigs): 0.342, Wasserstein(log_eigs,log_real_eigs): 0.072
torch.Size([64, 1600])
Epoch [683/1000], Wasserstein(eigs,real_eigs): 0.489, Wasserstein(log_eigs,log_real_eigs): 0.104
torch.Size([64, 1600])
Epoch [684/1000], Wasserstein(eigs,real_eigs): 0.283, Wasserstein(log_eigs,log_real_eigs): 0.082
torch.Size([64, 1600])
Epoch [685/1000], Wasserstein(eigs,real_eigs): 0.531, Wasserstein(log_eigs,log_real_eigs): 0.081
torch.Size([64, 1600])
Epoch [686/1000], Wasserstein(eigs,real_eigs): 1.568, Wasserstein(log_eigs,log_real_eigs): 0.183
torch.Size([64, 1600])
Epoch [687/1000], Wasserstein(eigs,real_eigs): 1.746, Wasserstein(log_eigs,log_real_eigs): 0.288
torch.Size([64, 1600])
Epoch [688/1000], Wasserstein(eigs,real_eigs): 0.457, Wasserstein(log_eigs,log_real_eigs): 0.104
torch.Size([64, 1600])
Epoch [689/1000], Wasserstein(eigs,real_eigs): 4.016, Wasserstein(log_eigs,log_real_eigs): 0.268
torch.Size([64, 1600])
Epoch [690/1000], Wasserstein(eigs,real_eigs): 5.894, Wasserstein(log_eigs,log_real_eigs): 0.434
torch.Size([64, 1600])
Epoch [691/1000], Wasserstein(eigs,real_eigs): 4.749, Wasserstein(log_eigs,log_real_eigs): 0.343
torch.Size([64, 1600])
Epoch [692/1000], Wasserstein(eigs,real_eigs): 5.147, Wasserstein(log_eigs,log_real_eigs): 0.345
torch.Size([64, 1600])
Epoch [693/1000], Wasserstein(eigs,real_eigs): 1.387, Wasserstein(log_eigs,log_real_eigs): 0.147
torch.Size([64, 1600])
Epoch [694/1000], Wasserstein(eigs,real_eigs): 0.773, Wasserstein(log_eigs,log_real_eigs): 0.085
torch.Size([64, 1600])
Epoch [695/1000], Wasserstein(eigs,real_eigs): 2.396, Wasserstein(log_eigs,log_real_eigs): 0.310
torch.Size([64, 1600])
Epoch [696/1000], Wasserstein(eigs,real_eigs): 1.617, Wasserstein(log_eigs,log_real_eigs): 0.189
torch.Size([64, 1600])
Epoch [697/1000], Wasserstein(eigs,real_eigs): 0.394, Wasserstein(log_eigs,log_real_eigs): 0.079
torch.Size([64, 1600])
Epoch [698/1000], Wasserstein(eigs,real_eigs): 0.314, Wasserstein(log_eigs,log_real_eigs): 0.116
torch.Size([64, 1600])
Epoch [699/1000], Wasserstein(eigs,real_eigs): 2.021, Wasserstein(log_eigs,log_real_eigs): 0.181
torch.Size([64, 1600])
Epoch [700/1000], Wasserstein(eigs,real_eigs): 2.047, Wasserstein(log_eigs,log_real_eigs): 0.179
torch.Size([64, 1600])
Epoch [701/1000], Wasserstein(eigs,real_eigs): 0.446, Wasserstein(log_eigs,log_real_eigs): 0.111
torch.Size([64, 1600])
Epoch [702/1000], Wasserstein(eigs,real_eigs): 1.055, Wasserstein(log_eigs,log_real_eigs): 0.142
torch.Size([64, 1600])
Epoch [703/1000], Wasserstein(eigs,real_eigs): 0.514, Wasserstein(log_eigs,log_real_eigs): 0.131
torch.Size([64, 1600])
Epoch [704/1000], Wasserstein(eigs,real_eigs): 0.803, Wasserstein(log_eigs,log_real_eigs): 0.125
torch.Size([64, 1600])
Epoch [705/1000], Wasserstein(eigs,real_eigs): 0.609, Wasserstein(log_eigs,log_real_eigs): 0.122
torch.Size([64, 1600])
Epoch [706/1000], Wasserstein(eigs,real_eigs): 1.847, Wasserstein(log_eigs,log_real_eigs): 0.241
torch.Size([64, 1600])
Epoch [707/1000], Wasserstein(eigs,real_eigs): 0.685, Wasserstein(log_eigs,log_real_eigs): 0.123
torch.Size([64, 1600])
Epoch [708/1000], Wasserstein(eigs,real_eigs): 2.154, Wasserstein(log_eigs,log_real_eigs): 0.194
torch.Size([64, 1600])
Epoch [709/1000], Wasserstein(eigs,real_eigs): 1.572, Wasserstein(log_eigs,log_real_eigs): 0.194
torch.Size([64, 1600])
Epoch [710/1000], Wasserstein(eigs,real_eigs): 1.194, Wasserstein(log_eigs,log_real_eigs): 0.146
torch.Size([64, 1600])
Epoch [711/1000], Wasserstein(eigs,real_eigs): 1.384, Wasserstein(log_eigs,log_real_eigs): 0.179
torch.Size([64, 1600])
Epoch [712/1000], Wasserstein(eigs,real_eigs): 0.996, Wasserstein(log_eigs,log_real_eigs): 0.154
torch.Size([64, 1600])
Epoch [713/1000], Wasserstein(eigs,real_eigs): 1.097, Wasserstein(log_eigs,log_real_eigs): 0.136
torch.Size([64, 1600])
Epoch [714/1000], Wasserstein(eigs,real_eigs): 2.151, Wasserstein(log_eigs,log_real_eigs): 0.186
torch.Size([64, 1600])
Epoch [715/1000], Wasserstein(eigs,real_eigs): 2.628, Wasserstein(log_eigs,log_real_eigs): 0.220
torch.Size([64, 1600])
Epoch [716/1000], Wasserstein(eigs,real_eigs): 3.006, Wasserstein(log_eigs,log_real_eigs): 0.261
torch.Size([64, 1600])
Epoch [717/1000], Wasserstein(eigs,real_eigs): 2.318, Wasserstein(log_eigs,log_real_eigs): 0.261
torch.Size([64, 1600])
Epoch [718/1000], Wasserstein(eigs,real_eigs): 2.653, Wasserstein(log_eigs,log_real_eigs): 0.229
torch.Size([64, 1600])
Epoch [719/1000], Wasserstein(eigs,real_eigs): 0.694, Wasserstein(log_eigs,log_real_eigs): 0.130
torch.Size([64, 1600])
Epoch [720/1000], Wasserstein(eigs,real_eigs): 1.238, Wasserstein(log_eigs,log_real_eigs): 0.174
torch.Size([64, 1600])
Epoch [721/1000], Wasserstein(eigs,real_eigs): 1.231, Wasserstein(log_eigs,log_real_eigs): 0.181
torch.Size([64, 1600])
Epoch [722/1000], Wasserstein(eigs,real_eigs): 0.357, Wasserstein(log_eigs,log_real_eigs): 0.096
torch.Size([64, 1600])
Epoch [723/1000], Wasserstein(eigs,real_eigs): 0.789, Wasserstein(log_eigs,log_real_eigs): 0.152
torch.Size([64, 1600])
Epoch [724/1000], Wasserstein(eigs,real_eigs): 1.246, Wasserstein(log_eigs,log_real_eigs): 0.171
torch.Size([64, 1600])
Epoch [725/1000], Wasserstein(eigs,real_eigs): 0.642, Wasserstein(log_eigs,log_real_eigs): 0.135
torch.Size([64, 1600])
Epoch [726/1000], Wasserstein(eigs,real_eigs): 2.304, Wasserstein(log_eigs,log_real_eigs): 0.242
torch.Size([64, 1600])
Epoch [727/1000], Wasserstein(eigs,real_eigs): 1.959, Wasserstein(log_eigs,log_real_eigs): 0.191
torch.Size([64, 1600])
Epoch [728/1000], Wasserstein(eigs,real_eigs): 4.024, Wasserstein(log_eigs,log_real_eigs): 0.325
torch.Size([64, 1600])
Epoch [729/1000], Wasserstein(eigs,real_eigs): 3.144, Wasserstein(log_eigs,log_real_eigs): 0.247
torch.Size([64, 1600])
Epoch [730/1000], Wasserstein(eigs,real_eigs): 1.383, Wasserstein(log_eigs,log_real_eigs): 0.127
torch.Size([64, 1600])
Epoch [731/1000], Wasserstein(eigs,real_eigs): 0.457, Wasserstein(log_eigs,log_real_eigs): 0.115
torch.Size([64, 1600])
Epoch [732/1000], Wasserstein(eigs,real_eigs): 1.365, Wasserstein(log_eigs,log_real_eigs): 0.188
torch.Size([64, 1600])
Epoch [733/1000], Wasserstein(eigs,real_eigs): 0.648, Wasserstein(log_eigs,log_real_eigs): 0.112
torch.Size([64, 1600])
Epoch [734/1000], Wasserstein(eigs,real_eigs): 0.608, Wasserstein(log_eigs,log_real_eigs): 0.145
torch.Size([64, 1600])
Epoch [735/1000], Wasserstein(eigs,real_eigs): 2.114, Wasserstein(log_eigs,log_real_eigs): 0.297
