2019-10-17 03:34:38.608540
Namespace(batch_size=64, dataroot='/home/jim/Documents/RandomBergman/KS4/data/', diff=0, epochs=1000, exp=None, h11=40, log_interval=1, lr=5e-06, lr_D=5e-06, lr_G=5e-06, model_type='GAN_DCGAN', n_critic_steps=5, newsize=40, num_geometries=2500, nz=25, outdir='./experiments/exp_GAN_DCGAN_40_25_10172019_033438', plot_interval=20, py_version=3, save=True, show_plots=False, test_batch_size=10000)
Namespace(batch_size=64, dataroot='/home/jim/Documents/RandomBergman/KS4/data/', diff=0, epochs=1000, exp=None, h11=40, log_interval=1, lr=5e-06, lr_D=5e-06, lr_G=5e-06, model_type='GAN_DCGAN', n_critic_steps=5, newsize=40, num_geometries=2500, nz=25, outdir='./experiments/exp_GAN_DCGAN_40_25_10172019_033438', plot_interval=20, py_version=3, save=True, show_plots=False, test_batch_size=10000)
Model type: GAN_DCGAN
Coomparing to Eigenvalue distribution collected from 3017 geometries
data: 64 40
torch.Size([64, 1600])
Epoch [0/1000], Wasserstein(eigs,real_eigs): 5.604, Wasserstein(log_eigs,log_real_eigs): 0.476
torch.Size([64, 1600])
Epoch [1/1000], Wasserstein(eigs,real_eigs): 62.551, Wasserstein(log_eigs,log_real_eigs): 0.827
torch.Size([64, 1600])
Epoch [2/1000], Wasserstein(eigs,real_eigs): 162.503, Wasserstein(log_eigs,log_real_eigs): 1.045
torch.Size([64, 1600])
Epoch [3/1000], Wasserstein(eigs,real_eigs): 232.657, Wasserstein(log_eigs,log_real_eigs): 1.196
torch.Size([64, 1600])
Epoch [4/1000], Wasserstein(eigs,real_eigs): 226.901, Wasserstein(log_eigs,log_real_eigs): 1.205
torch.Size([64, 1600])
Epoch [5/1000], Wasserstein(eigs,real_eigs): 248.191, Wasserstein(log_eigs,log_real_eigs): 1.231
torch.Size([64, 1600])
Epoch [6/1000], Wasserstein(eigs,real_eigs): 292.211, Wasserstein(log_eigs,log_real_eigs): 1.217
torch.Size([64, 1600])
Epoch [7/1000], Wasserstein(eigs,real_eigs): 336.192, Wasserstein(log_eigs,log_real_eigs): 1.205
torch.Size([64, 1600])
Epoch [8/1000], Wasserstein(eigs,real_eigs): 303.143, Wasserstein(log_eigs,log_real_eigs): 1.254
torch.Size([64, 1600])
Epoch [9/1000], Wasserstein(eigs,real_eigs): 276.975, Wasserstein(log_eigs,log_real_eigs): 1.199
torch.Size([64, 1600])
Epoch [10/1000], Wasserstein(eigs,real_eigs): 258.980, Wasserstein(log_eigs,log_real_eigs): 1.191
torch.Size([64, 1600])
Epoch [11/1000], Wasserstein(eigs,real_eigs): 248.347, Wasserstein(log_eigs,log_real_eigs): 1.184
torch.Size([64, 1600])
Epoch [12/1000], Wasserstein(eigs,real_eigs): 229.212, Wasserstein(log_eigs,log_real_eigs): 1.155
torch.Size([64, 1600])
Epoch [13/1000], Wasserstein(eigs,real_eigs): 198.289, Wasserstein(log_eigs,log_real_eigs): 1.167
torch.Size([64, 1600])
Epoch [14/1000], Wasserstein(eigs,real_eigs): 211.381, Wasserstein(log_eigs,log_real_eigs): 1.084
torch.Size([64, 1600])
Epoch [15/1000], Wasserstein(eigs,real_eigs): 236.256, Wasserstein(log_eigs,log_real_eigs): 1.176
torch.Size([64, 1600])
Epoch [16/1000], Wasserstein(eigs,real_eigs): 232.880, Wasserstein(log_eigs,log_real_eigs): 1.163
torch.Size([64, 1600])
Epoch [17/1000], Wasserstein(eigs,real_eigs): 208.096, Wasserstein(log_eigs,log_real_eigs): 1.073
torch.Size([64, 1600])
Epoch [18/1000], Wasserstein(eigs,real_eigs): 181.395, Wasserstein(log_eigs,log_real_eigs): 1.156
torch.Size([64, 1600])
Epoch [19/1000], Wasserstein(eigs,real_eigs): 183.674, Wasserstein(log_eigs,log_real_eigs): 1.096
torch.Size([64, 1600])
Epoch [20/1000], Wasserstein(eigs,real_eigs): 179.167, Wasserstein(log_eigs,log_real_eigs): 1.106
torch.Size([64, 1600])
Epoch [21/1000], Wasserstein(eigs,real_eigs): 171.728, Wasserstein(log_eigs,log_real_eigs): 1.070
torch.Size([64, 1600])
Epoch [22/1000], Wasserstein(eigs,real_eigs): 167.019, Wasserstein(log_eigs,log_real_eigs): 1.103
torch.Size([64, 1600])
Epoch [23/1000], Wasserstein(eigs,real_eigs): 159.677, Wasserstein(log_eigs,log_real_eigs): 1.059
torch.Size([64, 1600])
Epoch [24/1000], Wasserstein(eigs,real_eigs): 160.242, Wasserstein(log_eigs,log_real_eigs): 1.034
torch.Size([64, 1600])
Epoch [25/1000], Wasserstein(eigs,real_eigs): 161.742, Wasserstein(log_eigs,log_real_eigs): 1.047
torch.Size([64, 1600])
Epoch [26/1000], Wasserstein(eigs,real_eigs): 166.726, Wasserstein(log_eigs,log_real_eigs): 1.067
torch.Size([64, 1600])
Epoch [27/1000], Wasserstein(eigs,real_eigs): 166.118, Wasserstein(log_eigs,log_real_eigs): 1.071
torch.Size([64, 1600])
Epoch [28/1000], Wasserstein(eigs,real_eigs): 163.815, Wasserstein(log_eigs,log_real_eigs): 1.082
torch.Size([64, 1600])
Epoch [29/1000], Wasserstein(eigs,real_eigs): 168.939, Wasserstein(log_eigs,log_real_eigs): 1.058
torch.Size([64, 1600])
Epoch [30/1000], Wasserstein(eigs,real_eigs): 147.571, Wasserstein(log_eigs,log_real_eigs): 1.095
torch.Size([64, 1600])
Epoch [31/1000], Wasserstein(eigs,real_eigs): 142.840, Wasserstein(log_eigs,log_real_eigs): 0.982
torch.Size([64, 1600])
Epoch [32/1000], Wasserstein(eigs,real_eigs): 143.916, Wasserstein(log_eigs,log_real_eigs): 0.981
torch.Size([64, 1600])
Epoch [33/1000], Wasserstein(eigs,real_eigs): 149.885, Wasserstein(log_eigs,log_real_eigs): 1.076
torch.Size([64, 1600])
Epoch [34/1000], Wasserstein(eigs,real_eigs): 150.959, Wasserstein(log_eigs,log_real_eigs): 1.041
torch.Size([64, 1600])
Epoch [35/1000], Wasserstein(eigs,real_eigs): 153.704, Wasserstein(log_eigs,log_real_eigs): 1.006
torch.Size([64, 1600])
Epoch [36/1000], Wasserstein(eigs,real_eigs): 136.983, Wasserstein(log_eigs,log_real_eigs): 0.962
torch.Size([64, 1600])
Epoch [37/1000], Wasserstein(eigs,real_eigs): 133.189, Wasserstein(log_eigs,log_real_eigs): 0.995
torch.Size([64, 1600])
Epoch [38/1000], Wasserstein(eigs,real_eigs): 123.393, Wasserstein(log_eigs,log_real_eigs): 0.885
torch.Size([64, 1600])
Epoch [39/1000], Wasserstein(eigs,real_eigs): 120.454, Wasserstein(log_eigs,log_real_eigs): 0.968
torch.Size([64, 1600])
Epoch [40/1000], Wasserstein(eigs,real_eigs): 121.987, Wasserstein(log_eigs,log_real_eigs): 0.976
torch.Size([64, 1600])
Epoch [41/1000], Wasserstein(eigs,real_eigs): 120.659, Wasserstein(log_eigs,log_real_eigs): 0.960
torch.Size([64, 1600])
Epoch [42/1000], Wasserstein(eigs,real_eigs): 115.348, Wasserstein(log_eigs,log_real_eigs): 0.894
torch.Size([64, 1600])
Epoch [43/1000], Wasserstein(eigs,real_eigs): 111.984, Wasserstein(log_eigs,log_real_eigs): 0.956
torch.Size([64, 1600])
Epoch [44/1000], Wasserstein(eigs,real_eigs): 95.180, Wasserstein(log_eigs,log_real_eigs): 0.877
torch.Size([64, 1600])
Epoch [45/1000], Wasserstein(eigs,real_eigs): 54.952, Wasserstein(log_eigs,log_real_eigs): 0.769
torch.Size([64, 1600])
Epoch [46/1000], Wasserstein(eigs,real_eigs): 28.146, Wasserstein(log_eigs,log_real_eigs): 0.649
torch.Size([64, 1600])
Epoch [47/1000], Wasserstein(eigs,real_eigs): 26.644, Wasserstein(log_eigs,log_real_eigs): 0.615
torch.Size([64, 1600])
Epoch [48/1000], Wasserstein(eigs,real_eigs): 34.921, Wasserstein(log_eigs,log_real_eigs): 0.667
torch.Size([64, 1600])
Epoch [49/1000], Wasserstein(eigs,real_eigs): 59.575, Wasserstein(log_eigs,log_real_eigs): 0.813
torch.Size([64, 1600])
Epoch [50/1000], Wasserstein(eigs,real_eigs): 78.009, Wasserstein(log_eigs,log_real_eigs): 0.823
torch.Size([64, 1600])
Epoch [51/1000], Wasserstein(eigs,real_eigs): 93.792, Wasserstein(log_eigs,log_real_eigs): 0.868
torch.Size([64, 1600])
Epoch [52/1000], Wasserstein(eigs,real_eigs): 103.643, Wasserstein(log_eigs,log_real_eigs): 0.870
torch.Size([64, 1600])
Epoch [53/1000], Wasserstein(eigs,real_eigs): 111.664, Wasserstein(log_eigs,log_real_eigs): 0.903
torch.Size([64, 1600])
Epoch [54/1000], Wasserstein(eigs,real_eigs): 120.698, Wasserstein(log_eigs,log_real_eigs): 0.891
torch.Size([64, 1600])
Epoch [55/1000], Wasserstein(eigs,real_eigs): 127.506, Wasserstein(log_eigs,log_real_eigs): 0.985
torch.Size([64, 1600])
Epoch [56/1000], Wasserstein(eigs,real_eigs): 132.433, Wasserstein(log_eigs,log_real_eigs): 0.938
torch.Size([64, 1600])
Epoch [57/1000], Wasserstein(eigs,real_eigs): 138.634, Wasserstein(log_eigs,log_real_eigs): 0.964
torch.Size([64, 1600])
Epoch [58/1000], Wasserstein(eigs,real_eigs): 149.578, Wasserstein(log_eigs,log_real_eigs): 1.087
torch.Size([64, 1600])
Epoch [59/1000], Wasserstein(eigs,real_eigs): 148.745, Wasserstein(log_eigs,log_real_eigs): 1.008
torch.Size([64, 1600])
Epoch [60/1000], Wasserstein(eigs,real_eigs): 138.681, Wasserstein(log_eigs,log_real_eigs): 0.979
torch.Size([64, 1600])
Epoch [61/1000], Wasserstein(eigs,real_eigs): 149.174, Wasserstein(log_eigs,log_real_eigs): 0.991
torch.Size([64, 1600])
Epoch [62/1000], Wasserstein(eigs,real_eigs): 159.805, Wasserstein(log_eigs,log_real_eigs): 1.016
torch.Size([64, 1600])
Epoch [63/1000], Wasserstein(eigs,real_eigs): 152.893, Wasserstein(log_eigs,log_real_eigs): 1.114
torch.Size([64, 1600])
Epoch [64/1000], Wasserstein(eigs,real_eigs): 146.655, Wasserstein(log_eigs,log_real_eigs): 1.037
torch.Size([64, 1600])
Epoch [65/1000], Wasserstein(eigs,real_eigs): 130.737, Wasserstein(log_eigs,log_real_eigs): 1.073
torch.Size([64, 1600])
Epoch [66/1000], Wasserstein(eigs,real_eigs): 85.341, Wasserstein(log_eigs,log_real_eigs): 1.068
torch.Size([64, 1600])
Epoch [67/1000], Wasserstein(eigs,real_eigs): 56.454, Wasserstein(log_eigs,log_real_eigs): 0.899
torch.Size([64, 1600])
Epoch [68/1000], Wasserstein(eigs,real_eigs): 64.678, Wasserstein(log_eigs,log_real_eigs): 0.839
torch.Size([64, 1600])
Epoch [69/1000], Wasserstein(eigs,real_eigs): 65.055, Wasserstein(log_eigs,log_real_eigs): 0.891
torch.Size([64, 1600])
Epoch [70/1000], Wasserstein(eigs,real_eigs): 85.358, Wasserstein(log_eigs,log_real_eigs): 0.878
torch.Size([64, 1600])
Epoch [71/1000], Wasserstein(eigs,real_eigs): 99.147, Wasserstein(log_eigs,log_real_eigs): 0.862
torch.Size([64, 1600])
Epoch [72/1000], Wasserstein(eigs,real_eigs): 105.146, Wasserstein(log_eigs,log_real_eigs): 0.892
torch.Size([64, 1600])
Epoch [73/1000], Wasserstein(eigs,real_eigs): 111.101, Wasserstein(log_eigs,log_real_eigs): 0.903
torch.Size([64, 1600])
Epoch [74/1000], Wasserstein(eigs,real_eigs): 129.634, Wasserstein(log_eigs,log_real_eigs): 1.066
torch.Size([64, 1600])
Epoch [75/1000], Wasserstein(eigs,real_eigs): 127.173, Wasserstein(log_eigs,log_real_eigs): 1.013
torch.Size([64, 1600])
Epoch [76/1000], Wasserstein(eigs,real_eigs): 147.660, Wasserstein(log_eigs,log_real_eigs): 1.041
torch.Size([64, 1600])
Epoch [77/1000], Wasserstein(eigs,real_eigs): 159.391, Wasserstein(log_eigs,log_real_eigs): 1.122
torch.Size([64, 1600])
Epoch [78/1000], Wasserstein(eigs,real_eigs): 145.746, Wasserstein(log_eigs,log_real_eigs): 1.085
torch.Size([64, 1600])
Epoch [79/1000], Wasserstein(eigs,real_eigs): 101.435, Wasserstein(log_eigs,log_real_eigs): 1.019
torch.Size([64, 1600])
Epoch [80/1000], Wasserstein(eigs,real_eigs): 80.288, Wasserstein(log_eigs,log_real_eigs): 0.981
torch.Size([64, 1600])
Epoch [81/1000], Wasserstein(eigs,real_eigs): 65.196, Wasserstein(log_eigs,log_real_eigs): 0.873
torch.Size([64, 1600])
Epoch [82/1000], Wasserstein(eigs,real_eigs): 69.242, Wasserstein(log_eigs,log_real_eigs): 0.821
torch.Size([64, 1600])
Epoch [83/1000], Wasserstein(eigs,real_eigs): 82.946, Wasserstein(log_eigs,log_real_eigs): 0.829
torch.Size([64, 1600])
Epoch [84/1000], Wasserstein(eigs,real_eigs): 105.516, Wasserstein(log_eigs,log_real_eigs): 0.983
torch.Size([64, 1600])
Epoch [85/1000], Wasserstein(eigs,real_eigs): 120.566, Wasserstein(log_eigs,log_real_eigs): 0.934
torch.Size([64, 1600])
Epoch [86/1000], Wasserstein(eigs,real_eigs): 111.525, Wasserstein(log_eigs,log_real_eigs): 0.994
torch.Size([64, 1600])
Epoch [87/1000], Wasserstein(eigs,real_eigs): 114.729, Wasserstein(log_eigs,log_real_eigs): 1.040
torch.Size([64, 1600])
Epoch [88/1000], Wasserstein(eigs,real_eigs): 124.776, Wasserstein(log_eigs,log_real_eigs): 1.039
torch.Size([64, 1600])
Epoch [89/1000], Wasserstein(eigs,real_eigs): 122.799, Wasserstein(log_eigs,log_real_eigs): 1.019
torch.Size([64, 1600])
Epoch [90/1000], Wasserstein(eigs,real_eigs): 105.608, Wasserstein(log_eigs,log_real_eigs): 0.927
torch.Size([64, 1600])
Epoch [91/1000], Wasserstein(eigs,real_eigs): 83.101, Wasserstein(log_eigs,log_real_eigs): 0.981
torch.Size([64, 1600])
Epoch [92/1000], Wasserstein(eigs,real_eigs): 84.248, Wasserstein(log_eigs,log_real_eigs): 0.917
torch.Size([64, 1600])
Epoch [93/1000], Wasserstein(eigs,real_eigs): 83.094, Wasserstein(log_eigs,log_real_eigs): 0.856
torch.Size([64, 1600])
Epoch [94/1000], Wasserstein(eigs,real_eigs): 85.436, Wasserstein(log_eigs,log_real_eigs): 0.940
torch.Size([64, 1600])
Epoch [95/1000], Wasserstein(eigs,real_eigs): 94.959, Wasserstein(log_eigs,log_real_eigs): 0.956
torch.Size([64, 1600])
Epoch [96/1000], Wasserstein(eigs,real_eigs): 104.621, Wasserstein(log_eigs,log_real_eigs): 0.962
torch.Size([64, 1600])
Epoch [97/1000], Wasserstein(eigs,real_eigs): 113.111, Wasserstein(log_eigs,log_real_eigs): 0.996
torch.Size([64, 1600])
Epoch [98/1000], Wasserstein(eigs,real_eigs): 100.924, Wasserstein(log_eigs,log_real_eigs): 1.009
torch.Size([64, 1600])
Epoch [99/1000], Wasserstein(eigs,real_eigs): 97.472, Wasserstein(log_eigs,log_real_eigs): 1.011
torch.Size([64, 1600])
Epoch [100/1000], Wasserstein(eigs,real_eigs): 96.944, Wasserstein(log_eigs,log_real_eigs): 0.983
torch.Size([64, 1600])
Epoch [101/1000], Wasserstein(eigs,real_eigs): 90.912, Wasserstein(log_eigs,log_real_eigs): 0.967
torch.Size([64, 1600])
Epoch [102/1000], Wasserstein(eigs,real_eigs): 76.932, Wasserstein(log_eigs,log_real_eigs): 0.894
torch.Size([64, 1600])
Epoch [103/1000], Wasserstein(eigs,real_eigs): 78.696, Wasserstein(log_eigs,log_real_eigs): 0.995
torch.Size([64, 1600])
Epoch [104/1000], Wasserstein(eigs,real_eigs): 93.692, Wasserstein(log_eigs,log_real_eigs): 0.950
torch.Size([64, 1600])
Epoch [105/1000], Wasserstein(eigs,real_eigs): 102.754, Wasserstein(log_eigs,log_real_eigs): 1.081
torch.Size([64, 1600])
Epoch [106/1000], Wasserstein(eigs,real_eigs): 91.009, Wasserstein(log_eigs,log_real_eigs): 0.961
torch.Size([64, 1600])
Epoch [107/1000], Wasserstein(eigs,real_eigs): 88.909, Wasserstein(log_eigs,log_real_eigs): 0.951
torch.Size([64, 1600])
Epoch [108/1000], Wasserstein(eigs,real_eigs): 97.759, Wasserstein(log_eigs,log_real_eigs): 1.078
torch.Size([64, 1600])
Epoch [109/1000], Wasserstein(eigs,real_eigs): 91.062, Wasserstein(log_eigs,log_real_eigs): 0.976
torch.Size([64, 1600])
Epoch [110/1000], Wasserstein(eigs,real_eigs): 76.971, Wasserstein(log_eigs,log_real_eigs): 0.930
torch.Size([64, 1600])
Epoch [111/1000], Wasserstein(eigs,real_eigs): 86.998, Wasserstein(log_eigs,log_real_eigs): 0.918
torch.Size([64, 1600])
Epoch [112/1000], Wasserstein(eigs,real_eigs): 95.913, Wasserstein(log_eigs,log_real_eigs): 0.938
torch.Size([64, 1600])
Epoch [113/1000], Wasserstein(eigs,real_eigs): 108.023, Wasserstein(log_eigs,log_real_eigs): 1.119
torch.Size([64, 1600])
Epoch [114/1000], Wasserstein(eigs,real_eigs): 102.845, Wasserstein(log_eigs,log_real_eigs): 1.066
torch.Size([64, 1600])
Epoch [115/1000], Wasserstein(eigs,real_eigs): 82.653, Wasserstein(log_eigs,log_real_eigs): 0.929
torch.Size([64, 1600])
Epoch [116/1000], Wasserstein(eigs,real_eigs): 74.773, Wasserstein(log_eigs,log_real_eigs): 0.991
torch.Size([64, 1600])
Epoch [117/1000], Wasserstein(eigs,real_eigs): 70.043, Wasserstein(log_eigs,log_real_eigs): 0.901
torch.Size([64, 1600])
Epoch [118/1000], Wasserstein(eigs,real_eigs): 80.721, Wasserstein(log_eigs,log_real_eigs): 1.005
torch.Size([64, 1600])
Epoch [119/1000], Wasserstein(eigs,real_eigs): 107.114, Wasserstein(log_eigs,log_real_eigs): 1.063
torch.Size([64, 1600])
Epoch [120/1000], Wasserstein(eigs,real_eigs): 125.803, Wasserstein(log_eigs,log_real_eigs): 1.131
torch.Size([64, 1600])
Epoch [121/1000], Wasserstein(eigs,real_eigs): 122.319, Wasserstein(log_eigs,log_real_eigs): 1.118
torch.Size([64, 1600])
Epoch [122/1000], Wasserstein(eigs,real_eigs): 100.942, Wasserstein(log_eigs,log_real_eigs): 1.109
torch.Size([64, 1600])
Epoch [123/1000], Wasserstein(eigs,real_eigs): 109.027, Wasserstein(log_eigs,log_real_eigs): 1.166
torch.Size([64, 1600])
Epoch [124/1000], Wasserstein(eigs,real_eigs): 91.793, Wasserstein(log_eigs,log_real_eigs): 1.092
torch.Size([64, 1600])
Epoch [125/1000], Wasserstein(eigs,real_eigs): 84.758, Wasserstein(log_eigs,log_real_eigs): 0.941
torch.Size([64, 1600])
Epoch [126/1000], Wasserstein(eigs,real_eigs): 94.509, Wasserstein(log_eigs,log_real_eigs): 1.043
torch.Size([64, 1600])
Epoch [127/1000], Wasserstein(eigs,real_eigs): 112.020, Wasserstein(log_eigs,log_real_eigs): 1.119
torch.Size([64, 1600])
Epoch [128/1000], Wasserstein(eigs,real_eigs): 96.131, Wasserstein(log_eigs,log_real_eigs): 1.091
torch.Size([64, 1600])
Epoch [129/1000], Wasserstein(eigs,real_eigs): 82.867, Wasserstein(log_eigs,log_real_eigs): 0.983
torch.Size([64, 1600])
Epoch [130/1000], Wasserstein(eigs,real_eigs): 76.178, Wasserstein(log_eigs,log_real_eigs): 1.060
torch.Size([64, 1600])
Epoch [131/1000], Wasserstein(eigs,real_eigs): 73.917, Wasserstein(log_eigs,log_real_eigs): 1.024
torch.Size([64, 1600])
Epoch [132/1000], Wasserstein(eigs,real_eigs): 83.529, Wasserstein(log_eigs,log_real_eigs): 0.985
torch.Size([64, 1600])
Epoch [133/1000], Wasserstein(eigs,real_eigs): 96.169, Wasserstein(log_eigs,log_real_eigs): 1.138
torch.Size([64, 1600])
Epoch [134/1000], Wasserstein(eigs,real_eigs): 95.063, Wasserstein(log_eigs,log_real_eigs): 1.030
torch.Size([64, 1600])
Epoch [135/1000], Wasserstein(eigs,real_eigs): 93.892, Wasserstein(log_eigs,log_real_eigs): 1.070
torch.Size([64, 1600])
Epoch [136/1000], Wasserstein(eigs,real_eigs): 100.431, Wasserstein(log_eigs,log_real_eigs): 1.106
torch.Size([64, 1600])
Epoch [137/1000], Wasserstein(eigs,real_eigs): 88.596, Wasserstein(log_eigs,log_real_eigs): 1.015
torch.Size([64, 1600])
Epoch [138/1000], Wasserstein(eigs,real_eigs): 102.034, Wasserstein(log_eigs,log_real_eigs): 1.029
torch.Size([64, 1600])
Epoch [139/1000], Wasserstein(eigs,real_eigs): 105.821, Wasserstein(log_eigs,log_real_eigs): 1.203
torch.Size([64, 1600])
Epoch [140/1000], Wasserstein(eigs,real_eigs): 101.034, Wasserstein(log_eigs,log_real_eigs): 1.052
torch.Size([64, 1600])
Epoch [141/1000], Wasserstein(eigs,real_eigs): 99.522, Wasserstein(log_eigs,log_real_eigs): 1.081
torch.Size([64, 1600])
Epoch [142/1000], Wasserstein(eigs,real_eigs): 104.112, Wasserstein(log_eigs,log_real_eigs): 1.093
torch.Size([64, 1600])
Epoch [143/1000], Wasserstein(eigs,real_eigs): 104.087, Wasserstein(log_eigs,log_real_eigs): 1.159
torch.Size([64, 1600])
Epoch [144/1000], Wasserstein(eigs,real_eigs): 88.695, Wasserstein(log_eigs,log_real_eigs): 1.142
torch.Size([64, 1600])
Epoch [145/1000], Wasserstein(eigs,real_eigs): 84.877, Wasserstein(log_eigs,log_real_eigs): 1.047
torch.Size([64, 1600])
Epoch [146/1000], Wasserstein(eigs,real_eigs): 86.404, Wasserstein(log_eigs,log_real_eigs): 1.062
torch.Size([64, 1600])
Epoch [147/1000], Wasserstein(eigs,real_eigs): 81.668, Wasserstein(log_eigs,log_real_eigs): 1.048
torch.Size([64, 1600])
Epoch [148/1000], Wasserstein(eigs,real_eigs): 104.414, Wasserstein(log_eigs,log_real_eigs): 1.119
torch.Size([64, 1600])
Epoch [149/1000], Wasserstein(eigs,real_eigs): 108.711, Wasserstein(log_eigs,log_real_eigs): 1.101
torch.Size([64, 1600])
Epoch [150/1000], Wasserstein(eigs,real_eigs): 133.572, Wasserstein(log_eigs,log_real_eigs): 1.192
torch.Size([64, 1600])
Epoch [151/1000], Wasserstein(eigs,real_eigs): 157.773, Wasserstein(log_eigs,log_real_eigs): 1.413
torch.Size([64, 1600])
Epoch [152/1000], Wasserstein(eigs,real_eigs): 166.796, Wasserstein(log_eigs,log_real_eigs): 1.403
torch.Size([64, 1600])
Epoch [153/1000], Wasserstein(eigs,real_eigs): 158.034, Wasserstein(log_eigs,log_real_eigs): 1.293
torch.Size([64, 1600])
Epoch [154/1000], Wasserstein(eigs,real_eigs): 133.112, Wasserstein(log_eigs,log_real_eigs): 1.228
torch.Size([64, 1600])
Epoch [155/1000], Wasserstein(eigs,real_eigs): 121.978, Wasserstein(log_eigs,log_real_eigs): 1.256
torch.Size([64, 1600])
Epoch [156/1000], Wasserstein(eigs,real_eigs): 124.833, Wasserstein(log_eigs,log_real_eigs): 1.215
torch.Size([64, 1600])
Epoch [157/1000], Wasserstein(eigs,real_eigs): 116.214, Wasserstein(log_eigs,log_real_eigs): 1.160
torch.Size([64, 1600])
Epoch [158/1000], Wasserstein(eigs,real_eigs): 124.457, Wasserstein(log_eigs,log_real_eigs): 1.241
torch.Size([64, 1600])
Epoch [159/1000], Wasserstein(eigs,real_eigs): 127.413, Wasserstein(log_eigs,log_real_eigs): 1.175
torch.Size([64, 1600])
Epoch [160/1000], Wasserstein(eigs,real_eigs): 123.704, Wasserstein(log_eigs,log_real_eigs): 1.248
torch.Size([64, 1600])
Epoch [161/1000], Wasserstein(eigs,real_eigs): 139.764, Wasserstein(log_eigs,log_real_eigs): 1.313
torch.Size([64, 1600])
Epoch [162/1000], Wasserstein(eigs,real_eigs): 133.036, Wasserstein(log_eigs,log_real_eigs): 1.317
torch.Size([64, 1600])
Epoch [163/1000], Wasserstein(eigs,real_eigs): 140.881, Wasserstein(log_eigs,log_real_eigs): 1.224
torch.Size([64, 1600])
Epoch [164/1000], Wasserstein(eigs,real_eigs): 144.948, Wasserstein(log_eigs,log_real_eigs): 1.333
torch.Size([64, 1600])
Epoch [165/1000], Wasserstein(eigs,real_eigs): 126.191, Wasserstein(log_eigs,log_real_eigs): 1.192
torch.Size([64, 1600])
Epoch [166/1000], Wasserstein(eigs,real_eigs): 117.286, Wasserstein(log_eigs,log_real_eigs): 1.195
torch.Size([64, 1600])
Epoch [167/1000], Wasserstein(eigs,real_eigs): 117.139, Wasserstein(log_eigs,log_real_eigs): 1.221
torch.Size([64, 1600])
Epoch [168/1000], Wasserstein(eigs,real_eigs): 126.959, Wasserstein(log_eigs,log_real_eigs): 1.282
torch.Size([64, 1600])
Epoch [169/1000], Wasserstein(eigs,real_eigs): 113.091, Wasserstein(log_eigs,log_real_eigs): 1.296
torch.Size([64, 1600])
Epoch [170/1000], Wasserstein(eigs,real_eigs): 139.199, Wasserstein(log_eigs,log_real_eigs): 1.334
torch.Size([64, 1600])
Epoch [171/1000], Wasserstein(eigs,real_eigs): 135.860, Wasserstein(log_eigs,log_real_eigs): 1.323
torch.Size([64, 1600])
Epoch [172/1000], Wasserstein(eigs,real_eigs): 138.105, Wasserstein(log_eigs,log_real_eigs): 1.319
torch.Size([64, 1600])
Epoch [173/1000], Wasserstein(eigs,real_eigs): 126.577, Wasserstein(log_eigs,log_real_eigs): 1.293
torch.Size([64, 1600])
Epoch [174/1000], Wasserstein(eigs,real_eigs): 124.925, Wasserstein(log_eigs,log_real_eigs): 1.253
torch.Size([64, 1600])
Epoch [175/1000], Wasserstein(eigs,real_eigs): 125.033, Wasserstein(log_eigs,log_real_eigs): 1.273
torch.Size([64, 1600])
Epoch [176/1000], Wasserstein(eigs,real_eigs): 146.075, Wasserstein(log_eigs,log_real_eigs): 1.294
torch.Size([64, 1600])
Epoch [177/1000], Wasserstein(eigs,real_eigs): 145.255, Wasserstein(log_eigs,log_real_eigs): 1.296
torch.Size([64, 1600])
Epoch [178/1000], Wasserstein(eigs,real_eigs): 153.520, Wasserstein(log_eigs,log_real_eigs): 1.368
torch.Size([64, 1600])
Epoch [179/1000], Wasserstein(eigs,real_eigs): 139.195, Wasserstein(log_eigs,log_real_eigs): 1.308
torch.Size([64, 1600])
Epoch [180/1000], Wasserstein(eigs,real_eigs): 142.884, Wasserstein(log_eigs,log_real_eigs): 1.391
torch.Size([64, 1600])
Epoch [181/1000], Wasserstein(eigs,real_eigs): 128.172, Wasserstein(log_eigs,log_real_eigs): 1.262
torch.Size([64, 1600])
Epoch [182/1000], Wasserstein(eigs,real_eigs): 111.818, Wasserstein(log_eigs,log_real_eigs): 1.265
torch.Size([64, 1600])
Epoch [183/1000], Wasserstein(eigs,real_eigs): 119.468, Wasserstein(log_eigs,log_real_eigs): 1.294
torch.Size([64, 1600])
Epoch [184/1000], Wasserstein(eigs,real_eigs): 160.903, Wasserstein(log_eigs,log_real_eigs): 1.383
torch.Size([64, 1600])
Epoch [185/1000], Wasserstein(eigs,real_eigs): 207.929, Wasserstein(log_eigs,log_real_eigs): 1.540
torch.Size([64, 1600])
Epoch [186/1000], Wasserstein(eigs,real_eigs): 202.858, Wasserstein(log_eigs,log_real_eigs): 1.529
torch.Size([64, 1600])
Epoch [187/1000], Wasserstein(eigs,real_eigs): 194.553, Wasserstein(log_eigs,log_real_eigs): 1.461
torch.Size([64, 1600])
Epoch [188/1000], Wasserstein(eigs,real_eigs): 201.375, Wasserstein(log_eigs,log_real_eigs): 1.480
torch.Size([64, 1600])
Epoch [189/1000], Wasserstein(eigs,real_eigs): 189.634, Wasserstein(log_eigs,log_real_eigs): 1.448
torch.Size([64, 1600])
Epoch [190/1000], Wasserstein(eigs,real_eigs): 174.064, Wasserstein(log_eigs,log_real_eigs): 1.395
torch.Size([64, 1600])
Epoch [191/1000], Wasserstein(eigs,real_eigs): 145.028, Wasserstein(log_eigs,log_real_eigs): 1.427
torch.Size([64, 1600])
Epoch [192/1000], Wasserstein(eigs,real_eigs): 144.118, Wasserstein(log_eigs,log_real_eigs): 1.303
torch.Size([64, 1600])
Epoch [193/1000], Wasserstein(eigs,real_eigs): 162.127, Wasserstein(log_eigs,log_real_eigs): 1.437
torch.Size([64, 1600])
Epoch [194/1000], Wasserstein(eigs,real_eigs): 172.184, Wasserstein(log_eigs,log_real_eigs): 1.413
torch.Size([64, 1600])
Epoch [195/1000], Wasserstein(eigs,real_eigs): 159.083, Wasserstein(log_eigs,log_real_eigs): 1.395
torch.Size([64, 1600])
Epoch [196/1000], Wasserstein(eigs,real_eigs): 158.289, Wasserstein(log_eigs,log_real_eigs): 1.430
torch.Size([64, 1600])
Epoch [197/1000], Wasserstein(eigs,real_eigs): 156.305, Wasserstein(log_eigs,log_real_eigs): 1.393
torch.Size([64, 1600])
Epoch [198/1000], Wasserstein(eigs,real_eigs): 159.757, Wasserstein(log_eigs,log_real_eigs): 1.356
torch.Size([64, 1600])
Epoch [199/1000], Wasserstein(eigs,real_eigs): 142.149, Wasserstein(log_eigs,log_real_eigs): 1.361
torch.Size([64, 1600])
Epoch [200/1000], Wasserstein(eigs,real_eigs): 166.061, Wasserstein(log_eigs,log_real_eigs): 1.369
torch.Size([64, 1600])
Epoch [201/1000], Wasserstein(eigs,real_eigs): 181.215, Wasserstein(log_eigs,log_real_eigs): 1.482
torch.Size([64, 1600])
Epoch [202/1000], Wasserstein(eigs,real_eigs): 165.577, Wasserstein(log_eigs,log_real_eigs): 1.417
torch.Size([64, 1600])
Epoch [203/1000], Wasserstein(eigs,real_eigs): 170.936, Wasserstein(log_eigs,log_real_eigs): 1.447
torch.Size([64, 1600])
Epoch [204/1000], Wasserstein(eigs,real_eigs): 171.354, Wasserstein(log_eigs,log_real_eigs): 1.415
torch.Size([64, 1600])
Epoch [205/1000], Wasserstein(eigs,real_eigs): 187.433, Wasserstein(log_eigs,log_real_eigs): 1.481
torch.Size([64, 1600])
Epoch [206/1000], Wasserstein(eigs,real_eigs): 180.008, Wasserstein(log_eigs,log_real_eigs): 1.445
torch.Size([64, 1600])
Epoch [207/1000], Wasserstein(eigs,real_eigs): 158.185, Wasserstein(log_eigs,log_real_eigs): 1.455
torch.Size([64, 1600])
Epoch [208/1000], Wasserstein(eigs,real_eigs): 163.011, Wasserstein(log_eigs,log_real_eigs): 1.431
torch.Size([64, 1600])
Epoch [209/1000], Wasserstein(eigs,real_eigs): 151.238, Wasserstein(log_eigs,log_real_eigs): 1.456
torch.Size([64, 1600])
Epoch [210/1000], Wasserstein(eigs,real_eigs): 174.343, Wasserstein(log_eigs,log_real_eigs): 1.470
torch.Size([64, 1600])
Epoch [211/1000], Wasserstein(eigs,real_eigs): 174.474, Wasserstein(log_eigs,log_real_eigs): 1.419
torch.Size([64, 1600])
Epoch [212/1000], Wasserstein(eigs,real_eigs): 170.536, Wasserstein(log_eigs,log_real_eigs): 1.461
torch.Size([64, 1600])
Epoch [213/1000], Wasserstein(eigs,real_eigs): 184.212, Wasserstein(log_eigs,log_real_eigs): 1.488
torch.Size([64, 1600])
Epoch [214/1000], Wasserstein(eigs,real_eigs): 192.097, Wasserstein(log_eigs,log_real_eigs): 1.488
torch.Size([64, 1600])
Epoch [215/1000], Wasserstein(eigs,real_eigs): 169.976, Wasserstein(log_eigs,log_real_eigs): 1.455
torch.Size([64, 1600])
Epoch [216/1000], Wasserstein(eigs,real_eigs): 174.955, Wasserstein(log_eigs,log_real_eigs): 1.452
torch.Size([64, 1600])
Epoch [217/1000], Wasserstein(eigs,real_eigs): 192.424, Wasserstein(log_eigs,log_real_eigs): 1.518
torch.Size([64, 1600])
Epoch [218/1000], Wasserstein(eigs,real_eigs): 222.948, Wasserstein(log_eigs,log_real_eigs): 1.566
torch.Size([64, 1600])
Epoch [219/1000], Wasserstein(eigs,real_eigs): 182.902, Wasserstein(log_eigs,log_real_eigs): 1.468
torch.Size([64, 1600])
Epoch [220/1000], Wasserstein(eigs,real_eigs): 203.337, Wasserstein(log_eigs,log_real_eigs): 1.552
torch.Size([64, 1600])
Epoch [221/1000], Wasserstein(eigs,real_eigs): 193.842, Wasserstein(log_eigs,log_real_eigs): 1.519
torch.Size([64, 1600])
Epoch [222/1000], Wasserstein(eigs,real_eigs): 205.902, Wasserstein(log_eigs,log_real_eigs): 1.539
torch.Size([64, 1600])
Epoch [223/1000], Wasserstein(eigs,real_eigs): 232.328, Wasserstein(log_eigs,log_real_eigs): 1.528
torch.Size([64, 1600])
Epoch [224/1000], Wasserstein(eigs,real_eigs): 243.183, Wasserstein(log_eigs,log_real_eigs): 1.625
torch.Size([64, 1600])
Epoch [225/1000], Wasserstein(eigs,real_eigs): 249.776, Wasserstein(log_eigs,log_real_eigs): 1.588
torch.Size([64, 1600])
Epoch [226/1000], Wasserstein(eigs,real_eigs): 219.508, Wasserstein(log_eigs,log_real_eigs): 1.641
torch.Size([64, 1600])
Epoch [227/1000], Wasserstein(eigs,real_eigs): 241.953, Wasserstein(log_eigs,log_real_eigs): 1.614
torch.Size([64, 1600])
Epoch [228/1000], Wasserstein(eigs,real_eigs): 201.790, Wasserstein(log_eigs,log_real_eigs): 1.547
torch.Size([64, 1600])
Epoch [229/1000], Wasserstein(eigs,real_eigs): 219.556, Wasserstein(log_eigs,log_real_eigs): 1.611
torch.Size([64, 1600])
Epoch [230/1000], Wasserstein(eigs,real_eigs): 209.756, Wasserstein(log_eigs,log_real_eigs): 1.525
torch.Size([64, 1600])
Epoch [231/1000], Wasserstein(eigs,real_eigs): 197.801, Wasserstein(log_eigs,log_real_eigs): 1.444
torch.Size([64, 1600])
Epoch [232/1000], Wasserstein(eigs,real_eigs): 184.875, Wasserstein(log_eigs,log_real_eigs): 1.510
torch.Size([64, 1600])
Epoch [233/1000], Wasserstein(eigs,real_eigs): 199.475, Wasserstein(log_eigs,log_real_eigs): 1.551
torch.Size([64, 1600])
Epoch [234/1000], Wasserstein(eigs,real_eigs): 218.247, Wasserstein(log_eigs,log_real_eigs): 1.570
torch.Size([64, 1600])
Epoch [235/1000], Wasserstein(eigs,real_eigs): 244.651, Wasserstein(log_eigs,log_real_eigs): 1.646
torch.Size([64, 1600])
Epoch [236/1000], Wasserstein(eigs,real_eigs): 249.640, Wasserstein(log_eigs,log_real_eigs): 1.688
torch.Size([64, 1600])
Epoch [237/1000], Wasserstein(eigs,real_eigs): 268.229, Wasserstein(log_eigs,log_real_eigs): 1.668
torch.Size([64, 1600])
Epoch [238/1000], Wasserstein(eigs,real_eigs): 257.278, Wasserstein(log_eigs,log_real_eigs): 1.629
torch.Size([64, 1600])
Epoch [239/1000], Wasserstein(eigs,real_eigs): 269.334, Wasserstein(log_eigs,log_real_eigs): 1.666
torch.Size([64, 1600])
Epoch [240/1000], Wasserstein(eigs,real_eigs): 239.620, Wasserstein(log_eigs,log_real_eigs): 1.615
torch.Size([64, 1600])
Epoch [241/1000], Wasserstein(eigs,real_eigs): 269.221, Wasserstein(log_eigs,log_real_eigs): 1.616
torch.Size([64, 1600])
Epoch [242/1000], Wasserstein(eigs,real_eigs): 240.477, Wasserstein(log_eigs,log_real_eigs): 1.612
torch.Size([64, 1600])
Epoch [243/1000], Wasserstein(eigs,real_eigs): 247.112, Wasserstein(log_eigs,log_real_eigs): 1.567
torch.Size([64, 1600])
Epoch [244/1000], Wasserstein(eigs,real_eigs): 248.825, Wasserstein(log_eigs,log_real_eigs): 1.661
torch.Size([64, 1600])
Epoch [245/1000], Wasserstein(eigs,real_eigs): 239.899, Wasserstein(log_eigs,log_real_eigs): 1.632
torch.Size([64, 1600])
Epoch [246/1000], Wasserstein(eigs,real_eigs): 225.391, Wasserstein(log_eigs,log_real_eigs): 1.617
torch.Size([64, 1600])
Epoch [247/1000], Wasserstein(eigs,real_eigs): 248.027, Wasserstein(log_eigs,log_real_eigs): 1.639
torch.Size([64, 1600])
Epoch [248/1000], Wasserstein(eigs,real_eigs): 274.251, Wasserstein(log_eigs,log_real_eigs): 1.702
torch.Size([64, 1600])
Epoch [249/1000], Wasserstein(eigs,real_eigs): 281.982, Wasserstein(log_eigs,log_real_eigs): 1.711
torch.Size([64, 1600])
Epoch [250/1000], Wasserstein(eigs,real_eigs): 256.011, Wasserstein(log_eigs,log_real_eigs): 1.715
torch.Size([64, 1600])
Epoch [251/1000], Wasserstein(eigs,real_eigs): 232.635, Wasserstein(log_eigs,log_real_eigs): 1.632
torch.Size([64, 1600])
Epoch [252/1000], Wasserstein(eigs,real_eigs): 257.796, Wasserstein(log_eigs,log_real_eigs): 1.674
torch.Size([64, 1600])
Epoch [253/1000], Wasserstein(eigs,real_eigs): 284.310, Wasserstein(log_eigs,log_real_eigs): 1.689
torch.Size([64, 1600])
Epoch [254/1000], Wasserstein(eigs,real_eigs): 268.162, Wasserstein(log_eigs,log_real_eigs): 1.689
torch.Size([64, 1600])
Epoch [255/1000], Wasserstein(eigs,real_eigs): 254.364, Wasserstein(log_eigs,log_real_eigs): 1.684
torch.Size([64, 1600])
Epoch [256/1000], Wasserstein(eigs,real_eigs): 276.705, Wasserstein(log_eigs,log_real_eigs): 1.649
torch.Size([64, 1600])
Epoch [257/1000], Wasserstein(eigs,real_eigs): 282.381, Wasserstein(log_eigs,log_real_eigs): 1.740
torch.Size([64, 1600])
Epoch [258/1000], Wasserstein(eigs,real_eigs): 261.395, Wasserstein(log_eigs,log_real_eigs): 1.675
torch.Size([64, 1600])
Epoch [259/1000], Wasserstein(eigs,real_eigs): 233.467, Wasserstein(log_eigs,log_real_eigs): 1.636
torch.Size([64, 1600])
Epoch [260/1000], Wasserstein(eigs,real_eigs): 241.238, Wasserstein(log_eigs,log_real_eigs): 1.590
torch.Size([64, 1600])
Epoch [261/1000], Wasserstein(eigs,real_eigs): 246.332, Wasserstein(log_eigs,log_real_eigs): 1.670
torch.Size([64, 1600])
Epoch [262/1000], Wasserstein(eigs,real_eigs): 206.151, Wasserstein(log_eigs,log_real_eigs): 1.573
torch.Size([64, 1600])
Epoch [263/1000], Wasserstein(eigs,real_eigs): 196.134, Wasserstein(log_eigs,log_real_eigs): 1.571
torch.Size([64, 1600])
Epoch [264/1000], Wasserstein(eigs,real_eigs): 190.266, Wasserstein(log_eigs,log_real_eigs): 1.569
torch.Size([64, 1600])
Epoch [265/1000], Wasserstein(eigs,real_eigs): 206.920, Wasserstein(log_eigs,log_real_eigs): 1.601
torch.Size([64, 1600])
Epoch [266/1000], Wasserstein(eigs,real_eigs): 215.835, Wasserstein(log_eigs,log_real_eigs): 1.582
torch.Size([64, 1600])
Epoch [267/1000], Wasserstein(eigs,real_eigs): 207.620, Wasserstein(log_eigs,log_real_eigs): 1.624
torch.Size([64, 1600])
Epoch [268/1000], Wasserstein(eigs,real_eigs): 184.369, Wasserstein(log_eigs,log_real_eigs): 1.521
torch.Size([64, 1600])
Epoch [269/1000], Wasserstein(eigs,real_eigs): 176.694, Wasserstein(log_eigs,log_real_eigs): 1.508
torch.Size([64, 1600])
Epoch [270/1000], Wasserstein(eigs,real_eigs): 216.296, Wasserstein(log_eigs,log_real_eigs): 1.621
torch.Size([64, 1600])
Epoch [271/1000], Wasserstein(eigs,real_eigs): 213.986, Wasserstein(log_eigs,log_real_eigs): 1.599
torch.Size([64, 1600])
Epoch [272/1000], Wasserstein(eigs,real_eigs): 248.076, Wasserstein(log_eigs,log_real_eigs): 1.652
torch.Size([64, 1600])
Epoch [273/1000], Wasserstein(eigs,real_eigs): 262.510, Wasserstein(log_eigs,log_real_eigs): 1.748
torch.Size([64, 1600])
Epoch [274/1000], Wasserstein(eigs,real_eigs): 267.145, Wasserstein(log_eigs,log_real_eigs): 1.686
torch.Size([64, 1600])
Epoch [275/1000], Wasserstein(eigs,real_eigs): 204.071, Wasserstein(log_eigs,log_real_eigs): 1.555
torch.Size([64, 1600])
Epoch [276/1000], Wasserstein(eigs,real_eigs): 210.398, Wasserstein(log_eigs,log_real_eigs): 1.583
torch.Size([64, 1600])
Epoch [277/1000], Wasserstein(eigs,real_eigs): 173.300, Wasserstein(log_eigs,log_real_eigs): 1.513
torch.Size([64, 1600])
Epoch [278/1000], Wasserstein(eigs,real_eigs): 198.387, Wasserstein(log_eigs,log_real_eigs): 1.547
torch.Size([64, 1600])
Epoch [279/1000], Wasserstein(eigs,real_eigs): 210.634, Wasserstein(log_eigs,log_real_eigs): 1.587
torch.Size([64, 1600])
Epoch [280/1000], Wasserstein(eigs,real_eigs): 186.109, Wasserstein(log_eigs,log_real_eigs): 1.566
torch.Size([64, 1600])
Epoch [281/1000], Wasserstein(eigs,real_eigs): 189.737, Wasserstein(log_eigs,log_real_eigs): 1.503
torch.Size([64, 1600])
Epoch [282/1000], Wasserstein(eigs,real_eigs): 122.087, Wasserstein(log_eigs,log_real_eigs): 1.402
torch.Size([64, 1600])
Epoch [283/1000], Wasserstein(eigs,real_eigs): 111.410, Wasserstein(log_eigs,log_real_eigs): 1.314
torch.Size([64, 1600])
Epoch [284/1000], Wasserstein(eigs,real_eigs): 103.921, Wasserstein(log_eigs,log_real_eigs): 1.321
torch.Size([64, 1600])
Epoch [285/1000], Wasserstein(eigs,real_eigs): 103.444, Wasserstein(log_eigs,log_real_eigs): 1.279
torch.Size([64, 1600])
Epoch [286/1000], Wasserstein(eigs,real_eigs): 127.672, Wasserstein(log_eigs,log_real_eigs): 1.336
torch.Size([64, 1600])
Epoch [287/1000], Wasserstein(eigs,real_eigs): 116.467, Wasserstein(log_eigs,log_real_eigs): 1.415
torch.Size([64, 1600])
Epoch [288/1000], Wasserstein(eigs,real_eigs): 107.562, Wasserstein(log_eigs,log_real_eigs): 1.354
torch.Size([64, 1600])
Epoch [289/1000], Wasserstein(eigs,real_eigs): 74.432, Wasserstein(log_eigs,log_real_eigs): 1.173
torch.Size([64, 1600])
Epoch [290/1000], Wasserstein(eigs,real_eigs): 77.041, Wasserstein(log_eigs,log_real_eigs): 1.208
torch.Size([64, 1600])
Epoch [291/1000], Wasserstein(eigs,real_eigs): 51.794, Wasserstein(log_eigs,log_real_eigs): 1.050
torch.Size([64, 1600])
Epoch [292/1000], Wasserstein(eigs,real_eigs): 70.790, Wasserstein(log_eigs,log_real_eigs): 1.195
torch.Size([64, 1600])
Epoch [293/1000], Wasserstein(eigs,real_eigs): 51.064, Wasserstein(log_eigs,log_real_eigs): 1.049
torch.Size([64, 1600])
Epoch [294/1000], Wasserstein(eigs,real_eigs): 37.150, Wasserstein(log_eigs,log_real_eigs): 0.928
torch.Size([64, 1600])
Epoch [295/1000], Wasserstein(eigs,real_eigs): 31.506, Wasserstein(log_eigs,log_real_eigs): 0.804
torch.Size([64, 1600])
Epoch [296/1000], Wasserstein(eigs,real_eigs): 15.043, Wasserstein(log_eigs,log_real_eigs): 0.600
torch.Size([64, 1600])
Epoch [297/1000], Wasserstein(eigs,real_eigs): 12.674, Wasserstein(log_eigs,log_real_eigs): 0.531
torch.Size([64, 1600])
Epoch [298/1000], Wasserstein(eigs,real_eigs): 3.066, Wasserstein(log_eigs,log_real_eigs): 0.178
torch.Size([64, 1600])
Epoch [299/1000], Wasserstein(eigs,real_eigs): 3.983, Wasserstein(log_eigs,log_real_eigs): 0.804
torch.Size([64, 1600])
Epoch [300/1000], Wasserstein(eigs,real_eigs): 0.750, Wasserstein(log_eigs,log_real_eigs): 0.133
torch.Size([64, 1600])
Epoch [301/1000], Wasserstein(eigs,real_eigs): 2.153, Wasserstein(log_eigs,log_real_eigs): 0.178
torch.Size([64, 1600])
Epoch [302/1000], Wasserstein(eigs,real_eigs): 4.889, Wasserstein(log_eigs,log_real_eigs): 0.320
torch.Size([64, 1600])
Epoch [303/1000], Wasserstein(eigs,real_eigs): 6.574, Wasserstein(log_eigs,log_real_eigs): 0.394
torch.Size([64, 1600])
Epoch [304/1000], Wasserstein(eigs,real_eigs): 5.628, Wasserstein(log_eigs,log_real_eigs): 0.425
torch.Size([64, 1600])
Epoch [305/1000], Wasserstein(eigs,real_eigs): 5.122, Wasserstein(log_eigs,log_real_eigs): 0.382
torch.Size([64, 1600])
Epoch [306/1000], Wasserstein(eigs,real_eigs): 4.267, Wasserstein(log_eigs,log_real_eigs): 0.283
torch.Size([64, 1600])
Epoch [307/1000], Wasserstein(eigs,real_eigs): 14.680, Wasserstein(log_eigs,log_real_eigs): 0.476
torch.Size([64, 1600])
Epoch [308/1000], Wasserstein(eigs,real_eigs): 15.239, Wasserstein(log_eigs,log_real_eigs): 0.515
torch.Size([64, 1600])
Epoch [309/1000], Wasserstein(eigs,real_eigs): 16.679, Wasserstein(log_eigs,log_real_eigs): 0.544
torch.Size([64, 1600])
Epoch [310/1000], Wasserstein(eigs,real_eigs): 14.954, Wasserstein(log_eigs,log_real_eigs): 0.530
torch.Size([64, 1600])
Epoch [311/1000], Wasserstein(eigs,real_eigs): 18.460, Wasserstein(log_eigs,log_real_eigs): 0.612
torch.Size([64, 1600])
Epoch [312/1000], Wasserstein(eigs,real_eigs): 25.364, Wasserstein(log_eigs,log_real_eigs): 0.735
torch.Size([64, 1600])
Epoch [313/1000], Wasserstein(eigs,real_eigs): 27.756, Wasserstein(log_eigs,log_real_eigs): 0.777
torch.Size([64, 1600])
Epoch [314/1000], Wasserstein(eigs,real_eigs): 38.332, Wasserstein(log_eigs,log_real_eigs): 0.898
torch.Size([64, 1600])
Epoch [315/1000], Wasserstein(eigs,real_eigs): 33.962, Wasserstein(log_eigs,log_real_eigs): 0.894
torch.Size([64, 1600])
Epoch [316/1000], Wasserstein(eigs,real_eigs): 33.809, Wasserstein(log_eigs,log_real_eigs): 0.822
torch.Size([64, 1600])
Epoch [317/1000], Wasserstein(eigs,real_eigs): 33.740, Wasserstein(log_eigs,log_real_eigs): 0.887
torch.Size([64, 1600])
Epoch [318/1000], Wasserstein(eigs,real_eigs): 32.467, Wasserstein(log_eigs,log_real_eigs): 0.830
torch.Size([64, 1600])
Epoch [319/1000], Wasserstein(eigs,real_eigs): 30.947, Wasserstein(log_eigs,log_real_eigs): 0.792
torch.Size([64, 1600])
Epoch [320/1000], Wasserstein(eigs,real_eigs): 35.289, Wasserstein(log_eigs,log_real_eigs): 0.871
torch.Size([64, 1600])
Epoch [321/1000], Wasserstein(eigs,real_eigs): 35.440, Wasserstein(log_eigs,log_real_eigs): 0.838
torch.Size([64, 1600])
Epoch [322/1000], Wasserstein(eigs,real_eigs): 44.630, Wasserstein(log_eigs,log_real_eigs): 0.967
torch.Size([64, 1600])
Epoch [323/1000], Wasserstein(eigs,real_eigs): 38.084, Wasserstein(log_eigs,log_real_eigs): 0.879
torch.Size([64, 1600])
Epoch [324/1000], Wasserstein(eigs,real_eigs): 44.007, Wasserstein(log_eigs,log_real_eigs): 0.954
torch.Size([64, 1600])
Epoch [325/1000], Wasserstein(eigs,real_eigs): 40.683, Wasserstein(log_eigs,log_real_eigs): 0.948
torch.Size([64, 1600])
Epoch [326/1000], Wasserstein(eigs,real_eigs): 27.456, Wasserstein(log_eigs,log_real_eigs): 0.799
torch.Size([64, 1600])
Epoch [327/1000], Wasserstein(eigs,real_eigs): 24.651, Wasserstein(log_eigs,log_real_eigs): 0.770
torch.Size([64, 1600])
Epoch [328/1000], Wasserstein(eigs,real_eigs): 33.421, Wasserstein(log_eigs,log_real_eigs): 0.821
torch.Size([64, 1600])
Epoch [329/1000], Wasserstein(eigs,real_eigs): 26.539, Wasserstein(log_eigs,log_real_eigs): 0.803
torch.Size([64, 1600])
Epoch [330/1000], Wasserstein(eigs,real_eigs): 21.433, Wasserstein(log_eigs,log_real_eigs): 0.720
torch.Size([64, 1600])
Epoch [331/1000], Wasserstein(eigs,real_eigs): 20.101, Wasserstein(log_eigs,log_real_eigs): 0.708
torch.Size([64, 1600])
Epoch [332/1000], Wasserstein(eigs,real_eigs): 16.958, Wasserstein(log_eigs,log_real_eigs): 0.582
torch.Size([64, 1600])
Epoch [333/1000], Wasserstein(eigs,real_eigs): 17.281, Wasserstein(log_eigs,log_real_eigs): 0.623
torch.Size([64, 1600])
Epoch [334/1000], Wasserstein(eigs,real_eigs): 18.971, Wasserstein(log_eigs,log_real_eigs): 0.629
torch.Size([64, 1600])
Epoch [335/1000], Wasserstein(eigs,real_eigs): 21.057, Wasserstein(log_eigs,log_real_eigs): 0.706
torch.Size([64, 1600])
Epoch [336/1000], Wasserstein(eigs,real_eigs): 21.635, Wasserstein(log_eigs,log_real_eigs): 0.754
torch.Size([64, 1600])
Epoch [337/1000], Wasserstein(eigs,real_eigs): 13.333, Wasserstein(log_eigs,log_real_eigs): 0.533
torch.Size([64, 1600])
Epoch [338/1000], Wasserstein(eigs,real_eigs): 7.517, Wasserstein(log_eigs,log_real_eigs): 0.324
torch.Size([64, 1600])
Epoch [339/1000], Wasserstein(eigs,real_eigs): 0.358, Wasserstein(log_eigs,log_real_eigs): 0.134
torch.Size([64, 1600])
Epoch [340/1000], Wasserstein(eigs,real_eigs): 4.014, Wasserstein(log_eigs,log_real_eigs): 1.057
torch.Size([64, 1600])
Epoch [341/1000], Wasserstein(eigs,real_eigs): 1.243, Wasserstein(log_eigs,log_real_eigs): 0.111
torch.Size([64, 1600])
Epoch [342/1000], Wasserstein(eigs,real_eigs): 4.761, Wasserstein(log_eigs,log_real_eigs): 0.324
torch.Size([64, 1600])
Epoch [343/1000], Wasserstein(eigs,real_eigs): 6.049, Wasserstein(log_eigs,log_real_eigs): 0.314
torch.Size([64, 1600])
Epoch [344/1000], Wasserstein(eigs,real_eigs): 12.236, Wasserstein(log_eigs,log_real_eigs): 0.589
torch.Size([64, 1600])
Epoch [345/1000], Wasserstein(eigs,real_eigs): 16.889, Wasserstein(log_eigs,log_real_eigs): 0.661
torch.Size([64, 1600])
Epoch [346/1000], Wasserstein(eigs,real_eigs): 17.065, Wasserstein(log_eigs,log_real_eigs): 0.682
torch.Size([64, 1600])
Epoch [347/1000], Wasserstein(eigs,real_eigs): 10.138, Wasserstein(log_eigs,log_real_eigs): 0.512
torch.Size([64, 1600])
Epoch [348/1000], Wasserstein(eigs,real_eigs): 11.013, Wasserstein(log_eigs,log_real_eigs): 0.532
torch.Size([64, 1600])
Epoch [349/1000], Wasserstein(eigs,real_eigs): 14.346, Wasserstein(log_eigs,log_real_eigs): 0.612
torch.Size([64, 1600])
Epoch [350/1000], Wasserstein(eigs,real_eigs): 8.987, Wasserstein(log_eigs,log_real_eigs): 0.442
torch.Size([64, 1600])
Epoch [351/1000], Wasserstein(eigs,real_eigs): 3.575, Wasserstein(log_eigs,log_real_eigs): 0.251
torch.Size([64, 1600])
Epoch [352/1000], Wasserstein(eigs,real_eigs): 0.858, Wasserstein(log_eigs,log_real_eigs): 0.153
torch.Size([64, 1600])
Epoch [353/1000], Wasserstein(eigs,real_eigs): 4.082, Wasserstein(log_eigs,log_real_eigs): 1.026
torch.Size([64, 1600])
Epoch [354/1000], Wasserstein(eigs,real_eigs): 0.343, Wasserstein(log_eigs,log_real_eigs): 0.087
torch.Size([64, 1600])
Epoch [355/1000], Wasserstein(eigs,real_eigs): 2.013, Wasserstein(log_eigs,log_real_eigs): 0.170
torch.Size([64, 1600])
Epoch [356/1000], Wasserstein(eigs,real_eigs): 6.786, Wasserstein(log_eigs,log_real_eigs): 0.402
torch.Size([64, 1600])
Epoch [357/1000], Wasserstein(eigs,real_eigs): 8.043, Wasserstein(log_eigs,log_real_eigs): 0.456
torch.Size([64, 1600])
Epoch [358/1000], Wasserstein(eigs,real_eigs): 8.331, Wasserstein(log_eigs,log_real_eigs): 0.458
torch.Size([64, 1600])
Epoch [359/1000], Wasserstein(eigs,real_eigs): 10.435, Wasserstein(log_eigs,log_real_eigs): 0.504
torch.Size([64, 1600])
Epoch [360/1000], Wasserstein(eigs,real_eigs): 7.670, Wasserstein(log_eigs,log_real_eigs): 0.430
torch.Size([64, 1600])
Epoch [361/1000], Wasserstein(eigs,real_eigs): 4.680, Wasserstein(log_eigs,log_real_eigs): 0.319
torch.Size([64, 1600])
Epoch [362/1000], Wasserstein(eigs,real_eigs): 2.967, Wasserstein(log_eigs,log_real_eigs): 0.259
torch.Size([64, 1600])
Epoch [363/1000], Wasserstein(eigs,real_eigs): 1.464, Wasserstein(log_eigs,log_real_eigs): 0.154
torch.Size([64, 1600])
Epoch [364/1000], Wasserstein(eigs,real_eigs): 3.890, Wasserstein(log_eigs,log_real_eigs): 0.832
torch.Size([64, 1600])
Epoch [365/1000], Wasserstein(eigs,real_eigs): 0.773, Wasserstein(log_eigs,log_real_eigs): 0.109
torch.Size([64, 1600])
Epoch [366/1000], Wasserstein(eigs,real_eigs): 1.729, Wasserstein(log_eigs,log_real_eigs): 0.142
torch.Size([64, 1600])
Epoch [367/1000], Wasserstein(eigs,real_eigs): 6.317, Wasserstein(log_eigs,log_real_eigs): 0.422
torch.Size([64, 1600])
Epoch [368/1000], Wasserstein(eigs,real_eigs): 9.007, Wasserstein(log_eigs,log_real_eigs): 0.478
torch.Size([64, 1600])
Epoch [369/1000], Wasserstein(eigs,real_eigs): 10.635, Wasserstein(log_eigs,log_real_eigs): 0.531
torch.Size([64, 1600])
Epoch [370/1000], Wasserstein(eigs,real_eigs): 14.305, Wasserstein(log_eigs,log_real_eigs): 0.608
torch.Size([64, 1600])
Epoch [371/1000], Wasserstein(eigs,real_eigs): 12.471, Wasserstein(log_eigs,log_real_eigs): 0.554
torch.Size([64, 1600])
Epoch [372/1000], Wasserstein(eigs,real_eigs): 13.388, Wasserstein(log_eigs,log_real_eigs): 0.618
torch.Size([64, 1600])
Epoch [373/1000], Wasserstein(eigs,real_eigs): 8.445, Wasserstein(log_eigs,log_real_eigs): 0.435
torch.Size([64, 1600])
Epoch [374/1000], Wasserstein(eigs,real_eigs): 8.801, Wasserstein(log_eigs,log_real_eigs): 0.441
torch.Size([64, 1600])
Epoch [375/1000], Wasserstein(eigs,real_eigs): 3.779, Wasserstein(log_eigs,log_real_eigs): 0.213
torch.Size([64, 1600])
Epoch [376/1000], Wasserstein(eigs,real_eigs): 1.885, Wasserstein(log_eigs,log_real_eigs): 0.297
torch.Size([64, 1600])
Epoch [377/1000], Wasserstein(eigs,real_eigs): 3.681, Wasserstein(log_eigs,log_real_eigs): 0.799
torch.Size([64, 1600])
Epoch [378/1000], Wasserstein(eigs,real_eigs): 0.489, Wasserstein(log_eigs,log_real_eigs): 0.113
torch.Size([64, 1600])
Epoch [379/1000], Wasserstein(eigs,real_eigs): 2.426, Wasserstein(log_eigs,log_real_eigs): 0.193
torch.Size([64, 1600])
Epoch [380/1000], Wasserstein(eigs,real_eigs): 9.631, Wasserstein(log_eigs,log_real_eigs): 0.530
torch.Size([64, 1600])
Epoch [381/1000], Wasserstein(eigs,real_eigs): 13.155, Wasserstein(log_eigs,log_real_eigs): 0.560
torch.Size([64, 1600])
Epoch [382/1000], Wasserstein(eigs,real_eigs): 10.432, Wasserstein(log_eigs,log_real_eigs): 0.538
torch.Size([64, 1600])
Epoch [383/1000], Wasserstein(eigs,real_eigs): 16.990, Wasserstein(log_eigs,log_real_eigs): 0.663
torch.Size([64, 1600])
Epoch [384/1000], Wasserstein(eigs,real_eigs): 16.868, Wasserstein(log_eigs,log_real_eigs): 0.668
torch.Size([64, 1600])
Epoch [385/1000], Wasserstein(eigs,real_eigs): 24.272, Wasserstein(log_eigs,log_real_eigs): 0.842
torch.Size([64, 1600])
Epoch [386/1000], Wasserstein(eigs,real_eigs): 32.181, Wasserstein(log_eigs,log_real_eigs): 0.877
torch.Size([64, 1600])
Epoch [387/1000], Wasserstein(eigs,real_eigs): 26.731, Wasserstein(log_eigs,log_real_eigs): 0.832
torch.Size([64, 1600])
Epoch [388/1000], Wasserstein(eigs,real_eigs): 15.709, Wasserstein(log_eigs,log_real_eigs): 0.602
torch.Size([64, 1600])
Epoch [389/1000], Wasserstein(eigs,real_eigs): 15.183, Wasserstein(log_eigs,log_real_eigs): 0.594
torch.Size([64, 1600])
Epoch [390/1000], Wasserstein(eigs,real_eigs): 7.451, Wasserstein(log_eigs,log_real_eigs): 0.398
torch.Size([64, 1600])
Epoch [391/1000], Wasserstein(eigs,real_eigs): 4.845, Wasserstein(log_eigs,log_real_eigs): 0.330
torch.Size([64, 1600])
Epoch [392/1000], Wasserstein(eigs,real_eigs): 2.261, Wasserstein(log_eigs,log_real_eigs): 0.370
torch.Size([64, 1600])
Epoch [393/1000], Wasserstein(eigs,real_eigs): 2.891, Wasserstein(log_eigs,log_real_eigs): 0.464
torch.Size([64, 1600])
Epoch [394/1000], Wasserstein(eigs,real_eigs): 1.295, Wasserstein(log_eigs,log_real_eigs): 0.163
torch.Size([64, 1600])
Epoch [395/1000], Wasserstein(eigs,real_eigs): 3.487, Wasserstein(log_eigs,log_real_eigs): 0.297
torch.Size([64, 1600])
Epoch [396/1000], Wasserstein(eigs,real_eigs): 4.951, Wasserstein(log_eigs,log_real_eigs): 0.324
torch.Size([64, 1600])
Epoch [397/1000], Wasserstein(eigs,real_eigs): 6.628, Wasserstein(log_eigs,log_real_eigs): 0.404
torch.Size([64, 1600])
Epoch [398/1000], Wasserstein(eigs,real_eigs): 11.841, Wasserstein(log_eigs,log_real_eigs): 0.627
torch.Size([64, 1600])
Epoch [399/1000], Wasserstein(eigs,real_eigs): 14.518, Wasserstein(log_eigs,log_real_eigs): 0.645
torch.Size([64, 1600])
Epoch [400/1000], Wasserstein(eigs,real_eigs): 15.399, Wasserstein(log_eigs,log_real_eigs): 0.661
torch.Size([64, 1600])
Epoch [401/1000], Wasserstein(eigs,real_eigs): 12.738, Wasserstein(log_eigs,log_real_eigs): 0.577
torch.Size([64, 1600])
Epoch [402/1000], Wasserstein(eigs,real_eigs): 11.868, Wasserstein(log_eigs,log_real_eigs): 0.525
torch.Size([64, 1600])
Epoch [403/1000], Wasserstein(eigs,real_eigs): 9.842, Wasserstein(log_eigs,log_real_eigs): 0.470
torch.Size([64, 1600])
Epoch [404/1000], Wasserstein(eigs,real_eigs): 7.702, Wasserstein(log_eigs,log_real_eigs): 0.451
torch.Size([64, 1600])
Epoch [405/1000], Wasserstein(eigs,real_eigs): 7.283, Wasserstein(log_eigs,log_real_eigs): 0.436
torch.Size([64, 1600])
Epoch [406/1000], Wasserstein(eigs,real_eigs): 1.561, Wasserstein(log_eigs,log_real_eigs): 0.155
torch.Size([64, 1600])
Epoch [407/1000], Wasserstein(eigs,real_eigs): 1.190, Wasserstein(log_eigs,log_real_eigs): 0.163
torch.Size([64, 1600])
Epoch [408/1000], Wasserstein(eigs,real_eigs): 3.872, Wasserstein(log_eigs,log_real_eigs): 0.833
torch.Size([64, 1600])
Epoch [409/1000], Wasserstein(eigs,real_eigs): 1.122, Wasserstein(log_eigs,log_real_eigs): 0.142
torch.Size([64, 1600])
Epoch [410/1000], Wasserstein(eigs,real_eigs): 2.262, Wasserstein(log_eigs,log_real_eigs): 0.234
torch.Size([64, 1600])
Epoch [411/1000], Wasserstein(eigs,real_eigs): 7.813, Wasserstein(log_eigs,log_real_eigs): 0.460
torch.Size([64, 1600])
Epoch [412/1000], Wasserstein(eigs,real_eigs): 18.231, Wasserstein(log_eigs,log_real_eigs): 0.739
torch.Size([64, 1600])
Epoch [413/1000], Wasserstein(eigs,real_eigs): 17.473, Wasserstein(log_eigs,log_real_eigs): 0.690
torch.Size([64, 1600])
Epoch [414/1000], Wasserstein(eigs,real_eigs): 13.022, Wasserstein(log_eigs,log_real_eigs): 0.581
torch.Size([64, 1600])
Epoch [415/1000], Wasserstein(eigs,real_eigs): 17.910, Wasserstein(log_eigs,log_real_eigs): 0.691
torch.Size([64, 1600])
Epoch [416/1000], Wasserstein(eigs,real_eigs): 21.778, Wasserstein(log_eigs,log_real_eigs): 0.747
torch.Size([64, 1600])
Epoch [417/1000], Wasserstein(eigs,real_eigs): 16.588, Wasserstein(log_eigs,log_real_eigs): 0.643
torch.Size([64, 1600])
Epoch [418/1000], Wasserstein(eigs,real_eigs): 17.145, Wasserstein(log_eigs,log_real_eigs): 0.633
torch.Size([64, 1600])
Epoch [419/1000], Wasserstein(eigs,real_eigs): 23.128, Wasserstein(log_eigs,log_real_eigs): 0.820
torch.Size([64, 1600])
Epoch [420/1000], Wasserstein(eigs,real_eigs): 23.577, Wasserstein(log_eigs,log_real_eigs): 0.751
torch.Size([64, 1600])
Epoch [421/1000], Wasserstein(eigs,real_eigs): 26.526, Wasserstein(log_eigs,log_real_eigs): 0.813
torch.Size([64, 1600])
Epoch [422/1000], Wasserstein(eigs,real_eigs): 23.979, Wasserstein(log_eigs,log_real_eigs): 0.848
torch.Size([64, 1600])
Epoch [423/1000], Wasserstein(eigs,real_eigs): 26.470, Wasserstein(log_eigs,log_real_eigs): 0.816
torch.Size([64, 1600])
Epoch [424/1000], Wasserstein(eigs,real_eigs): 27.721, Wasserstein(log_eigs,log_real_eigs): 0.858
torch.Size([64, 1600])
Epoch [425/1000], Wasserstein(eigs,real_eigs): 19.211, Wasserstein(log_eigs,log_real_eigs): 0.683
torch.Size([64, 1600])
Epoch [426/1000], Wasserstein(eigs,real_eigs): 20.698, Wasserstein(log_eigs,log_real_eigs): 0.726
torch.Size([64, 1600])
Epoch [427/1000], Wasserstein(eigs,real_eigs): 19.570, Wasserstein(log_eigs,log_real_eigs): 0.754
torch.Size([64, 1600])
Epoch [428/1000], Wasserstein(eigs,real_eigs): 18.465, Wasserstein(log_eigs,log_real_eigs): 0.694
torch.Size([64, 1600])
Epoch [429/1000], Wasserstein(eigs,real_eigs): 20.342, Wasserstein(log_eigs,log_real_eigs): 0.712
torch.Size([64, 1600])
Epoch [430/1000], Wasserstein(eigs,real_eigs): 14.096, Wasserstein(log_eigs,log_real_eigs): 0.586
torch.Size([64, 1600])
Epoch [431/1000], Wasserstein(eigs,real_eigs): 12.932, Wasserstein(log_eigs,log_real_eigs): 0.581
torch.Size([64, 1600])
Epoch [432/1000], Wasserstein(eigs,real_eigs): 11.188, Wasserstein(log_eigs,log_real_eigs): 0.534
torch.Size([64, 1600])
Epoch [433/1000], Wasserstein(eigs,real_eigs): 11.052, Wasserstein(log_eigs,log_real_eigs): 0.536
torch.Size([64, 1600])
Epoch [434/1000], Wasserstein(eigs,real_eigs): 9.587, Wasserstein(log_eigs,log_real_eigs): 0.496
torch.Size([64, 1600])
Epoch [435/1000], Wasserstein(eigs,real_eigs): 5.920, Wasserstein(log_eigs,log_real_eigs): 0.366
torch.Size([64, 1600])
Epoch [436/1000], Wasserstein(eigs,real_eigs): 0.439, Wasserstein(log_eigs,log_real_eigs): 0.105
torch.Size([64, 1600])
Epoch [437/1000], Wasserstein(eigs,real_eigs): 3.254, Wasserstein(log_eigs,log_real_eigs): 0.613
torch.Size([64, 1600])
Epoch [438/1000], Wasserstein(eigs,real_eigs): 3.398, Wasserstein(log_eigs,log_real_eigs): 0.572
torch.Size([64, 1600])
Epoch [439/1000], Wasserstein(eigs,real_eigs): 1.471, Wasserstein(log_eigs,log_real_eigs): 0.186
torch.Size([64, 1600])
Epoch [440/1000], Wasserstein(eigs,real_eigs): 2.413, Wasserstein(log_eigs,log_real_eigs): 0.222
torch.Size([64, 1600])
Epoch [441/1000], Wasserstein(eigs,real_eigs): 3.363, Wasserstein(log_eigs,log_real_eigs): 0.272
torch.Size([64, 1600])
Epoch [442/1000], Wasserstein(eigs,real_eigs): 2.709, Wasserstein(log_eigs,log_real_eigs): 0.213
torch.Size([64, 1600])
Epoch [443/1000], Wasserstein(eigs,real_eigs): 2.749, Wasserstein(log_eigs,log_real_eigs): 0.230
torch.Size([64, 1600])
Epoch [444/1000], Wasserstein(eigs,real_eigs): 4.563, Wasserstein(log_eigs,log_real_eigs): 0.310
torch.Size([64, 1600])
Epoch [445/1000], Wasserstein(eigs,real_eigs): 4.526, Wasserstein(log_eigs,log_real_eigs): 0.296
torch.Size([64, 1600])
Epoch [446/1000], Wasserstein(eigs,real_eigs): 3.165, Wasserstein(log_eigs,log_real_eigs): 0.190
torch.Size([64, 1600])
Epoch [447/1000], Wasserstein(eigs,real_eigs): 1.195, Wasserstein(log_eigs,log_real_eigs): 0.109
torch.Size([64, 1600])
Epoch [448/1000], Wasserstein(eigs,real_eigs): 1.528, Wasserstein(log_eigs,log_real_eigs): 0.239
torch.Size([64, 1600])
Epoch [449/1000], Wasserstein(eigs,real_eigs): 2.644, Wasserstein(log_eigs,log_real_eigs): 0.391
torch.Size([64, 1600])
Epoch [450/1000], Wasserstein(eigs,real_eigs): 2.749, Wasserstein(log_eigs,log_real_eigs): 0.449
torch.Size([64, 1600])
Epoch [451/1000], Wasserstein(eigs,real_eigs): 0.319, Wasserstein(log_eigs,log_real_eigs): 0.107
torch.Size([64, 1600])
Epoch [452/1000], Wasserstein(eigs,real_eigs): 1.410, Wasserstein(log_eigs,log_real_eigs): 0.143
torch.Size([64, 1600])
Epoch [453/1000], Wasserstein(eigs,real_eigs): 5.891, Wasserstein(log_eigs,log_real_eigs): 0.389
torch.Size([64, 1600])
Epoch [454/1000], Wasserstein(eigs,real_eigs): 4.185, Wasserstein(log_eigs,log_real_eigs): 0.315
torch.Size([64, 1600])
Epoch [455/1000], Wasserstein(eigs,real_eigs): 12.854, Wasserstein(log_eigs,log_real_eigs): 0.618
torch.Size([64, 1600])
Epoch [456/1000], Wasserstein(eigs,real_eigs): 7.992, Wasserstein(log_eigs,log_real_eigs): 0.422
torch.Size([64, 1600])
Epoch [457/1000], Wasserstein(eigs,real_eigs): 9.469, Wasserstein(log_eigs,log_real_eigs): 0.520
torch.Size([64, 1600])
Epoch [458/1000], Wasserstein(eigs,real_eigs): 3.919, Wasserstein(log_eigs,log_real_eigs): 0.273
torch.Size([64, 1600])
Epoch [459/1000], Wasserstein(eigs,real_eigs): 0.465, Wasserstein(log_eigs,log_real_eigs): 0.094
torch.Size([64, 1600])
Epoch [460/1000], Wasserstein(eigs,real_eigs): 1.847, Wasserstein(log_eigs,log_real_eigs): 0.262
torch.Size([64, 1600])
Epoch [461/1000], Wasserstein(eigs,real_eigs): 3.053, Wasserstein(log_eigs,log_real_eigs): 0.495
torch.Size([64, 1600])
Epoch [462/1000], Wasserstein(eigs,real_eigs): 2.536, Wasserstein(log_eigs,log_real_eigs): 0.386
torch.Size([64, 1600])
Epoch [463/1000], Wasserstein(eigs,real_eigs): 1.352, Wasserstein(log_eigs,log_real_eigs): 0.191
torch.Size([64, 1600])
Epoch [464/1000], Wasserstein(eigs,real_eigs): 3.664, Wasserstein(log_eigs,log_real_eigs): 0.293
torch.Size([64, 1600])
Epoch [465/1000], Wasserstein(eigs,real_eigs): 7.214, Wasserstein(log_eigs,log_real_eigs): 0.455
torch.Size([64, 1600])
Epoch [466/1000], Wasserstein(eigs,real_eigs): 6.646, Wasserstein(log_eigs,log_real_eigs): 0.355
torch.Size([64, 1600])
Epoch [467/1000], Wasserstein(eigs,real_eigs): 3.689, Wasserstein(log_eigs,log_real_eigs): 0.263
torch.Size([64, 1600])
Epoch [468/1000], Wasserstein(eigs,real_eigs): 4.081, Wasserstein(log_eigs,log_real_eigs): 0.238
torch.Size([64, 1600])
Epoch [469/1000], Wasserstein(eigs,real_eigs): 2.376, Wasserstein(log_eigs,log_real_eigs): 0.236
torch.Size([64, 1600])
Epoch [470/1000], Wasserstein(eigs,real_eigs): 0.755, Wasserstein(log_eigs,log_real_eigs): 0.112
torch.Size([64, 1600])
Epoch [471/1000], Wasserstein(eigs,real_eigs): 2.668, Wasserstein(log_eigs,log_real_eigs): 0.397
torch.Size([64, 1600])
Epoch [472/1000], Wasserstein(eigs,real_eigs): 3.035, Wasserstein(log_eigs,log_real_eigs): 0.471
torch.Size([64, 1600])
Epoch [473/1000], Wasserstein(eigs,real_eigs): 1.126, Wasserstein(log_eigs,log_real_eigs): 0.147
torch.Size([64, 1600])
Epoch [474/1000], Wasserstein(eigs,real_eigs): 2.433, Wasserstein(log_eigs,log_real_eigs): 0.259
torch.Size([64, 1600])
Epoch [475/1000], Wasserstein(eigs,real_eigs): 3.877, Wasserstein(log_eigs,log_real_eigs): 0.318
torch.Size([64, 1600])
Epoch [476/1000], Wasserstein(eigs,real_eigs): 6.720, Wasserstein(log_eigs,log_real_eigs): 0.380
torch.Size([64, 1600])
Epoch [477/1000], Wasserstein(eigs,real_eigs): 4.835, Wasserstein(log_eigs,log_real_eigs): 0.306
torch.Size([64, 1600])
Epoch [478/1000], Wasserstein(eigs,real_eigs): 6.301, Wasserstein(log_eigs,log_real_eigs): 0.334
torch.Size([64, 1600])
Epoch [479/1000], Wasserstein(eigs,real_eigs): 4.733, Wasserstein(log_eigs,log_real_eigs): 0.312
torch.Size([64, 1600])
Epoch [480/1000], Wasserstein(eigs,real_eigs): 2.098, Wasserstein(log_eigs,log_real_eigs): 0.177
torch.Size([64, 1600])
Epoch [481/1000], Wasserstein(eigs,real_eigs): 1.215, Wasserstein(log_eigs,log_real_eigs): 0.170
torch.Size([64, 1600])
Epoch [482/1000], Wasserstein(eigs,real_eigs): 2.268, Wasserstein(log_eigs,log_real_eigs): 0.319
torch.Size([64, 1600])
Epoch [483/1000], Wasserstein(eigs,real_eigs): 1.844, Wasserstein(log_eigs,log_real_eigs): 0.213
torch.Size([64, 1600])
Epoch [484/1000], Wasserstein(eigs,real_eigs): 0.984, Wasserstein(log_eigs,log_real_eigs): 0.163
torch.Size([64, 1600])
Epoch [485/1000], Wasserstein(eigs,real_eigs): 0.737, Wasserstein(log_eigs,log_real_eigs): 0.130
torch.Size([64, 1600])
Epoch [486/1000], Wasserstein(eigs,real_eigs): 0.720, Wasserstein(log_eigs,log_real_eigs): 0.119
torch.Size([64, 1600])
Epoch [487/1000], Wasserstein(eigs,real_eigs): 0.358, Wasserstein(log_eigs,log_real_eigs): 0.083
torch.Size([64, 1600])
Epoch [488/1000], Wasserstein(eigs,real_eigs): 0.459, Wasserstein(log_eigs,log_real_eigs): 0.115
torch.Size([64, 1600])
Epoch [489/1000], Wasserstein(eigs,real_eigs): 2.515, Wasserstein(log_eigs,log_real_eigs): 0.263
torch.Size([64, 1600])
Epoch [490/1000], Wasserstein(eigs,real_eigs): 1.523, Wasserstein(log_eigs,log_real_eigs): 0.195
torch.Size([64, 1600])
Epoch [491/1000], Wasserstein(eigs,real_eigs): 2.547, Wasserstein(log_eigs,log_real_eigs): 0.213
torch.Size([64, 1600])
Epoch [492/1000], Wasserstein(eigs,real_eigs): 0.829, Wasserstein(log_eigs,log_real_eigs): 0.131
torch.Size([64, 1600])
Epoch [493/1000], Wasserstein(eigs,real_eigs): 0.440, Wasserstein(log_eigs,log_real_eigs): 0.102
torch.Size([64, 1600])
Epoch [494/1000], Wasserstein(eigs,real_eigs): 1.287, Wasserstein(log_eigs,log_real_eigs): 0.158
torch.Size([64, 1600])
Epoch [495/1000], Wasserstein(eigs,real_eigs): 0.323, Wasserstein(log_eigs,log_real_eigs): 0.092
torch.Size([64, 1600])
Epoch [496/1000], Wasserstein(eigs,real_eigs): 1.724, Wasserstein(log_eigs,log_real_eigs): 0.183
torch.Size([64, 1600])
Epoch [497/1000], Wasserstein(eigs,real_eigs): 1.886, Wasserstein(log_eigs,log_real_eigs): 0.264
torch.Size([64, 1600])
Epoch [498/1000], Wasserstein(eigs,real_eigs): 0.312, Wasserstein(log_eigs,log_real_eigs): 0.096
torch.Size([64, 1600])
Epoch [499/1000], Wasserstein(eigs,real_eigs): 1.676, Wasserstein(log_eigs,log_real_eigs): 0.209
torch.Size([64, 1600])
Epoch [500/1000], Wasserstein(eigs,real_eigs): 1.500, Wasserstein(log_eigs,log_real_eigs): 0.150
torch.Size([64, 1600])
Epoch [501/1000], Wasserstein(eigs,real_eigs): 3.044, Wasserstein(log_eigs,log_real_eigs): 0.268
torch.Size([64, 1600])
Epoch [502/1000], Wasserstein(eigs,real_eigs): 3.070, Wasserstein(log_eigs,log_real_eigs): 0.241
torch.Size([64, 1600])
Epoch [503/1000], Wasserstein(eigs,real_eigs): 1.591, Wasserstein(log_eigs,log_real_eigs): 0.189
torch.Size([64, 1600])
Epoch [504/1000], Wasserstein(eigs,real_eigs): 2.180, Wasserstein(log_eigs,log_real_eigs): 0.202
torch.Size([64, 1600])
Epoch [505/1000], Wasserstein(eigs,real_eigs): 4.694, Wasserstein(log_eigs,log_real_eigs): 0.324
torch.Size([64, 1600])
Epoch [506/1000], Wasserstein(eigs,real_eigs): 0.486, Wasserstein(log_eigs,log_real_eigs): 0.109
torch.Size([64, 1600])
Epoch [507/1000], Wasserstein(eigs,real_eigs): 1.933, Wasserstein(log_eigs,log_real_eigs): 0.283
torch.Size([64, 1600])
Epoch [508/1000], Wasserstein(eigs,real_eigs): 2.443, Wasserstein(log_eigs,log_real_eigs): 0.333
torch.Size([64, 1600])
Epoch [509/1000], Wasserstein(eigs,real_eigs): 1.139, Wasserstein(log_eigs,log_real_eigs): 0.170
torch.Size([64, 1600])
Epoch [510/1000], Wasserstein(eigs,real_eigs): 1.011, Wasserstein(log_eigs,log_real_eigs): 0.151
torch.Size([64, 1600])
Epoch [511/1000], Wasserstein(eigs,real_eigs): 0.399, Wasserstein(log_eigs,log_real_eigs): 0.093
torch.Size([64, 1600])
Epoch [512/1000], Wasserstein(eigs,real_eigs): 0.623, Wasserstein(log_eigs,log_real_eigs): 0.109
torch.Size([64, 1600])
Epoch [513/1000], Wasserstein(eigs,real_eigs): 1.760, Wasserstein(log_eigs,log_real_eigs): 0.193
torch.Size([64, 1600])
Epoch [514/1000], Wasserstein(eigs,real_eigs): 1.398, Wasserstein(log_eigs,log_real_eigs): 0.165
torch.Size([64, 1600])
Epoch [515/1000], Wasserstein(eigs,real_eigs): 2.211, Wasserstein(log_eigs,log_real_eigs): 0.212
torch.Size([64, 1600])
Epoch [516/1000], Wasserstein(eigs,real_eigs): 2.460, Wasserstein(log_eigs,log_real_eigs): 0.255
torch.Size([64, 1600])
Epoch [517/1000], Wasserstein(eigs,real_eigs): 3.479, Wasserstein(log_eigs,log_real_eigs): 0.246
torch.Size([64, 1600])
Epoch [518/1000], Wasserstein(eigs,real_eigs): 5.508, Wasserstein(log_eigs,log_real_eigs): 0.325
torch.Size([64, 1600])
Epoch [519/1000], Wasserstein(eigs,real_eigs): 0.455, Wasserstein(log_eigs,log_real_eigs): 0.105
torch.Size([64, 1600])
Epoch [520/1000], Wasserstein(eigs,real_eigs): 0.712, Wasserstein(log_eigs,log_real_eigs): 0.128
torch.Size([64, 1600])
Epoch [521/1000], Wasserstein(eigs,real_eigs): 2.315, Wasserstein(log_eigs,log_real_eigs): 0.260
torch.Size([64, 1600])
Epoch [522/1000], Wasserstein(eigs,real_eigs): 1.365, Wasserstein(log_eigs,log_real_eigs): 0.175
torch.Size([64, 1600])
Epoch [523/1000], Wasserstein(eigs,real_eigs): 0.735, Wasserstein(log_eigs,log_real_eigs): 0.098
torch.Size([64, 1600])
Epoch [524/1000], Wasserstein(eigs,real_eigs): 1.225, Wasserstein(log_eigs,log_real_eigs): 0.157
torch.Size([64, 1600])
Epoch [525/1000], Wasserstein(eigs,real_eigs): 2.011, Wasserstein(log_eigs,log_real_eigs): 0.202
torch.Size([64, 1600])
Epoch [526/1000], Wasserstein(eigs,real_eigs): 3.197, Wasserstein(log_eigs,log_real_eigs): 0.231
torch.Size([64, 1600])
Epoch [527/1000], Wasserstein(eigs,real_eigs): 1.629, Wasserstein(log_eigs,log_real_eigs): 0.201
torch.Size([64, 1600])
Epoch [528/1000], Wasserstein(eigs,real_eigs): 0.566, Wasserstein(log_eigs,log_real_eigs): 0.106
torch.Size([64, 1600])
Epoch [529/1000], Wasserstein(eigs,real_eigs): 1.950, Wasserstein(log_eigs,log_real_eigs): 0.230
torch.Size([64, 1600])
Epoch [530/1000], Wasserstein(eigs,real_eigs): 1.185, Wasserstein(log_eigs,log_real_eigs): 0.167
torch.Size([64, 1600])
Epoch [531/1000], Wasserstein(eigs,real_eigs): 0.466, Wasserstein(log_eigs,log_real_eigs): 0.109
torch.Size([64, 1600])
Epoch [532/1000], Wasserstein(eigs,real_eigs): 0.902, Wasserstein(log_eigs,log_real_eigs): 0.131
torch.Size([64, 1600])
Epoch [533/1000], Wasserstein(eigs,real_eigs): 3.108, Wasserstein(log_eigs,log_real_eigs): 0.306
torch.Size([64, 1600])
Epoch [534/1000], Wasserstein(eigs,real_eigs): 2.419, Wasserstein(log_eigs,log_real_eigs): 0.239
torch.Size([64, 1600])
Epoch [535/1000], Wasserstein(eigs,real_eigs): 4.547, Wasserstein(log_eigs,log_real_eigs): 0.368
torch.Size([64, 1600])
Epoch [536/1000], Wasserstein(eigs,real_eigs): 2.770, Wasserstein(log_eigs,log_real_eigs): 0.211
torch.Size([64, 1600])
Epoch [537/1000], Wasserstein(eigs,real_eigs): 3.938, Wasserstein(log_eigs,log_real_eigs): 0.305
torch.Size([64, 1600])
Epoch [538/1000], Wasserstein(eigs,real_eigs): 2.274, Wasserstein(log_eigs,log_real_eigs): 0.171
torch.Size([64, 1600])
Epoch [539/1000], Wasserstein(eigs,real_eigs): 1.196, Wasserstein(log_eigs,log_real_eigs): 0.136
torch.Size([64, 1600])
Epoch [540/1000], Wasserstein(eigs,real_eigs): 1.509, Wasserstein(log_eigs,log_real_eigs): 0.180
torch.Size([64, 1600])
Epoch [541/1000], Wasserstein(eigs,real_eigs): 0.445, Wasserstein(log_eigs,log_real_eigs): 0.115
torch.Size([64, 1600])
Epoch [542/1000], Wasserstein(eigs,real_eigs): 0.346, Wasserstein(log_eigs,log_real_eigs): 0.118
torch.Size([64, 1600])
Epoch [543/1000], Wasserstein(eigs,real_eigs): 0.808, Wasserstein(log_eigs,log_real_eigs): 0.127
torch.Size([64, 1600])
Epoch [544/1000], Wasserstein(eigs,real_eigs): 0.744, Wasserstein(log_eigs,log_real_eigs): 0.138
torch.Size([64, 1600])
Epoch [545/1000], Wasserstein(eigs,real_eigs): 1.001, Wasserstein(log_eigs,log_real_eigs): 0.145
torch.Size([64, 1600])
Epoch [546/1000], Wasserstein(eigs,real_eigs): 2.366, Wasserstein(log_eigs,log_real_eigs): 0.240
torch.Size([64, 1600])
Epoch [547/1000], Wasserstein(eigs,real_eigs): 2.411, Wasserstein(log_eigs,log_real_eigs): 0.236
torch.Size([64, 1600])
Epoch [548/1000], Wasserstein(eigs,real_eigs): 0.560, Wasserstein(log_eigs,log_real_eigs): 0.128
torch.Size([64, 1600])
Epoch [549/1000], Wasserstein(eigs,real_eigs): 0.547, Wasserstein(log_eigs,log_real_eigs): 0.096
torch.Size([64, 1600])
Epoch [550/1000], Wasserstein(eigs,real_eigs): 0.945, Wasserstein(log_eigs,log_real_eigs): 0.137
torch.Size([64, 1600])
Epoch [551/1000], Wasserstein(eigs,real_eigs): 2.558, Wasserstein(log_eigs,log_real_eigs): 0.353
torch.Size([64, 1600])
Epoch [552/1000], Wasserstein(eigs,real_eigs): 1.966, Wasserstein(log_eigs,log_real_eigs): 0.236
torch.Size([64, 1600])
Epoch [553/1000], Wasserstein(eigs,real_eigs): 2.639, Wasserstein(log_eigs,log_real_eigs): 0.388
torch.Size([64, 1600])
Epoch [554/1000], Wasserstein(eigs,real_eigs): 0.359, Wasserstein(log_eigs,log_real_eigs): 0.104
torch.Size([64, 1600])
Epoch [555/1000], Wasserstein(eigs,real_eigs): 1.433, Wasserstein(log_eigs,log_real_eigs): 0.135
torch.Size([64, 1600])
Epoch [556/1000], Wasserstein(eigs,real_eigs): 5.842, Wasserstein(log_eigs,log_real_eigs): 0.394
torch.Size([64, 1600])
Epoch [557/1000], Wasserstein(eigs,real_eigs): 7.768, Wasserstein(log_eigs,log_real_eigs): 0.473
torch.Size([64, 1600])
Epoch [558/1000], Wasserstein(eigs,real_eigs): 4.895, Wasserstein(log_eigs,log_real_eigs): 0.309
torch.Size([64, 1600])
Epoch [559/1000], Wasserstein(eigs,real_eigs): 3.965, Wasserstein(log_eigs,log_real_eigs): 0.310
torch.Size([64, 1600])
Epoch [560/1000], Wasserstein(eigs,real_eigs): 5.953, Wasserstein(log_eigs,log_real_eigs): 0.405
torch.Size([64, 1600])
Epoch [561/1000], Wasserstein(eigs,real_eigs): 1.142, Wasserstein(log_eigs,log_real_eigs): 0.135
torch.Size([64, 1600])
Epoch [562/1000], Wasserstein(eigs,real_eigs): 0.205, Wasserstein(log_eigs,log_real_eigs): 0.080
torch.Size([64, 1600])
Epoch [563/1000], Wasserstein(eigs,real_eigs): 1.027, Wasserstein(log_eigs,log_real_eigs): 0.144
torch.Size([64, 1600])
Epoch [564/1000], Wasserstein(eigs,real_eigs): 2.318, Wasserstein(log_eigs,log_real_eigs): 0.288
torch.Size([64, 1600])
Epoch [565/1000], Wasserstein(eigs,real_eigs): 1.886, Wasserstein(log_eigs,log_real_eigs): 0.218
torch.Size([64, 1600])
Epoch [566/1000], Wasserstein(eigs,real_eigs): 2.537, Wasserstein(log_eigs,log_real_eigs): 0.363
torch.Size([64, 1600])
Epoch [567/1000], Wasserstein(eigs,real_eigs): 1.865, Wasserstein(log_eigs,log_real_eigs): 0.234
torch.Size([64, 1600])
Epoch [568/1000], Wasserstein(eigs,real_eigs): 3.800, Wasserstein(log_eigs,log_real_eigs): 0.291
torch.Size([64, 1600])
Epoch [569/1000], Wasserstein(eigs,real_eigs): 4.662, Wasserstein(log_eigs,log_real_eigs): 0.331
torch.Size([64, 1600])
Epoch [570/1000], Wasserstein(eigs,real_eigs): 4.300, Wasserstein(log_eigs,log_real_eigs): 0.316
torch.Size([64, 1600])
Epoch [571/1000], Wasserstein(eigs,real_eigs): 6.150, Wasserstein(log_eigs,log_real_eigs): 0.406
torch.Size([64, 1600])
Epoch [572/1000], Wasserstein(eigs,real_eigs): 7.126, Wasserstein(log_eigs,log_real_eigs): 0.439
torch.Size([64, 1600])
Epoch [573/1000], Wasserstein(eigs,real_eigs): 10.488, Wasserstein(log_eigs,log_real_eigs): 0.557
torch.Size([64, 1600])
Epoch [574/1000], Wasserstein(eigs,real_eigs): 9.786, Wasserstein(log_eigs,log_real_eigs): 0.499
torch.Size([64, 1600])
Epoch [575/1000], Wasserstein(eigs,real_eigs): 13.358, Wasserstein(log_eigs,log_real_eigs): 0.613
torch.Size([64, 1600])
Epoch [576/1000], Wasserstein(eigs,real_eigs): 2.819, Wasserstein(log_eigs,log_real_eigs): 0.170
torch.Size([64, 1600])
Epoch [577/1000], Wasserstein(eigs,real_eigs): 1.088, Wasserstein(log_eigs,log_real_eigs): 0.134
torch.Size([64, 1600])
Epoch [578/1000], Wasserstein(eigs,real_eigs): 1.660, Wasserstein(log_eigs,log_real_eigs): 0.185
torch.Size([64, 1600])
Epoch [579/1000], Wasserstein(eigs,real_eigs): 1.840, Wasserstein(log_eigs,log_real_eigs): 0.217
torch.Size([64, 1600])
Epoch [580/1000], Wasserstein(eigs,real_eigs): 1.649, Wasserstein(log_eigs,log_real_eigs): 0.226
torch.Size([64, 1600])
Epoch [581/1000], Wasserstein(eigs,real_eigs): 1.395, Wasserstein(log_eigs,log_real_eigs): 0.204
torch.Size([64, 1600])
Epoch [582/1000], Wasserstein(eigs,real_eigs): 0.536, Wasserstein(log_eigs,log_real_eigs): 0.127
torch.Size([64, 1600])
Epoch [583/1000], Wasserstein(eigs,real_eigs): 0.766, Wasserstein(log_eigs,log_real_eigs): 0.081
torch.Size([64, 1600])
Epoch [584/1000], Wasserstein(eigs,real_eigs): 2.812, Wasserstein(log_eigs,log_real_eigs): 0.282
torch.Size([64, 1600])
Epoch [585/1000], Wasserstein(eigs,real_eigs): 1.562, Wasserstein(log_eigs,log_real_eigs): 0.184
torch.Size([64, 1600])
Epoch [586/1000], Wasserstein(eigs,real_eigs): 3.125, Wasserstein(log_eigs,log_real_eigs): 0.256
torch.Size([64, 1600])
Epoch [587/1000], Wasserstein(eigs,real_eigs): 1.116, Wasserstein(log_eigs,log_real_eigs): 0.136
torch.Size([64, 1600])
Epoch [588/1000], Wasserstein(eigs,real_eigs): 1.363, Wasserstein(log_eigs,log_real_eigs): 0.156
torch.Size([64, 1600])
Epoch [589/1000], Wasserstein(eigs,real_eigs): 0.809, Wasserstein(log_eigs,log_real_eigs): 0.141
torch.Size([64, 1600])
Epoch [590/1000], Wasserstein(eigs,real_eigs): 2.161, Wasserstein(log_eigs,log_real_eigs): 0.304
torch.Size([64, 1600])
Epoch [591/1000], Wasserstein(eigs,real_eigs): 1.663, Wasserstein(log_eigs,log_real_eigs): 0.208
torch.Size([64, 1600])
Epoch [592/1000], Wasserstein(eigs,real_eigs): 0.658, Wasserstein(log_eigs,log_real_eigs): 0.106
torch.Size([64, 1600])
Epoch [593/1000], Wasserstein(eigs,real_eigs): 0.906, Wasserstein(log_eigs,log_real_eigs): 0.126
torch.Size([64, 1600])
Epoch [594/1000], Wasserstein(eigs,real_eigs): 1.088, Wasserstein(log_eigs,log_real_eigs): 0.157
torch.Size([64, 1600])
Epoch [595/1000], Wasserstein(eigs,real_eigs): 1.047, Wasserstein(log_eigs,log_real_eigs): 0.182
torch.Size([64, 1600])
Epoch [596/1000], Wasserstein(eigs,real_eigs): 0.664, Wasserstein(log_eigs,log_real_eigs): 0.128
torch.Size([64, 1600])
Epoch [597/1000], Wasserstein(eigs,real_eigs): 0.398, Wasserstein(log_eigs,log_real_eigs): 0.130
torch.Size([64, 1600])
Epoch [598/1000], Wasserstein(eigs,real_eigs): 0.679, Wasserstein(log_eigs,log_real_eigs): 0.103
torch.Size([64, 1600])
Epoch [599/1000], Wasserstein(eigs,real_eigs): 0.361, Wasserstein(log_eigs,log_real_eigs): 0.112
torch.Size([64, 1600])
Epoch [600/1000], Wasserstein(eigs,real_eigs): 0.584, Wasserstein(log_eigs,log_real_eigs): 0.118
torch.Size([64, 1600])
Epoch [601/1000], Wasserstein(eigs,real_eigs): 0.831, Wasserstein(log_eigs,log_real_eigs): 0.133
torch.Size([64, 1600])
Epoch [602/1000], Wasserstein(eigs,real_eigs): 0.809, Wasserstein(log_eigs,log_real_eigs): 0.135
torch.Size([64, 1600])
Epoch [603/1000], Wasserstein(eigs,real_eigs): 0.927, Wasserstein(log_eigs,log_real_eigs): 0.156
torch.Size([64, 1600])
Epoch [604/1000], Wasserstein(eigs,real_eigs): 0.848, Wasserstein(log_eigs,log_real_eigs): 0.144
torch.Size([64, 1600])
Epoch [605/1000], Wasserstein(eigs,real_eigs): 0.963, Wasserstein(log_eigs,log_real_eigs): 0.141
torch.Size([64, 1600])
Epoch [606/1000], Wasserstein(eigs,real_eigs): 1.177, Wasserstein(log_eigs,log_real_eigs): 0.157
torch.Size([64, 1600])
Epoch [607/1000], Wasserstein(eigs,real_eigs): 0.922, Wasserstein(log_eigs,log_real_eigs): 0.142
torch.Size([64, 1600])
Epoch [608/1000], Wasserstein(eigs,real_eigs): 0.401, Wasserstein(log_eigs,log_real_eigs): 0.121
torch.Size([64, 1600])
Epoch [609/1000], Wasserstein(eigs,real_eigs): 0.454, Wasserstein(log_eigs,log_real_eigs): 0.087
torch.Size([64, 1600])
Epoch [610/1000], Wasserstein(eigs,real_eigs): 0.601, Wasserstein(log_eigs,log_real_eigs): 0.123
torch.Size([64, 1600])
Epoch [611/1000], Wasserstein(eigs,real_eigs): 1.295, Wasserstein(log_eigs,log_real_eigs): 0.199
torch.Size([64, 1600])
Epoch [612/1000], Wasserstein(eigs,real_eigs): 2.163, Wasserstein(log_eigs,log_real_eigs): 0.185
torch.Size([64, 1600])
Epoch [613/1000], Wasserstein(eigs,real_eigs): 1.434, Wasserstein(log_eigs,log_real_eigs): 0.190
torch.Size([64, 1600])
Epoch [614/1000], Wasserstein(eigs,real_eigs): 1.528, Wasserstein(log_eigs,log_real_eigs): 0.176
torch.Size([64, 1600])
Epoch [615/1000], Wasserstein(eigs,real_eigs): 1.410, Wasserstein(log_eigs,log_real_eigs): 0.190
torch.Size([64, 1600])
Epoch [616/1000], Wasserstein(eigs,real_eigs): 0.786, Wasserstein(log_eigs,log_real_eigs): 0.123
torch.Size([64, 1600])
Epoch [617/1000], Wasserstein(eigs,real_eigs): 0.653, Wasserstein(log_eigs,log_real_eigs): 0.118
torch.Size([64, 1600])
Epoch [618/1000], Wasserstein(eigs,real_eigs): 0.831, Wasserstein(log_eigs,log_real_eigs): 0.122
torch.Size([64, 1600])
Epoch [619/1000], Wasserstein(eigs,real_eigs): 1.035, Wasserstein(log_eigs,log_real_eigs): 0.146
torch.Size([64, 1600])
Epoch [620/1000], Wasserstein(eigs,real_eigs): 0.494, Wasserstein(log_eigs,log_real_eigs): 0.104
torch.Size([64, 1600])
Epoch [621/1000], Wasserstein(eigs,real_eigs): 0.663, Wasserstein(log_eigs,log_real_eigs): 0.113
torch.Size([64, 1600])
Epoch [622/1000], Wasserstein(eigs,real_eigs): 1.234, Wasserstein(log_eigs,log_real_eigs): 0.163
torch.Size([64, 1600])
Epoch [623/1000], Wasserstein(eigs,real_eigs): 0.452, Wasserstein(log_eigs,log_real_eigs): 0.120
torch.Size([64, 1600])
Epoch [624/1000], Wasserstein(eigs,real_eigs): 0.246, Wasserstein(log_eigs,log_real_eigs): 0.103
torch.Size([64, 1600])
Epoch [625/1000], Wasserstein(eigs,real_eigs): 0.476, Wasserstein(log_eigs,log_real_eigs): 0.122
torch.Size([64, 1600])
Epoch [626/1000], Wasserstein(eigs,real_eigs): 1.858, Wasserstein(log_eigs,log_real_eigs): 0.278
torch.Size([64, 1600])
Epoch [627/1000], Wasserstein(eigs,real_eigs): 0.343, Wasserstein(log_eigs,log_real_eigs): 0.078
torch.Size([64, 1600])
Epoch [628/1000], Wasserstein(eigs,real_eigs): 1.360, Wasserstein(log_eigs,log_real_eigs): 0.182
torch.Size([64, 1600])
Epoch [629/1000], Wasserstein(eigs,real_eigs): 1.467, Wasserstein(log_eigs,log_real_eigs): 0.214
torch.Size([64, 1600])
Epoch [630/1000], Wasserstein(eigs,real_eigs): 1.695, Wasserstein(log_eigs,log_real_eigs): 0.186
torch.Size([64, 1600])
Epoch [631/1000], Wasserstein(eigs,real_eigs): 1.132, Wasserstein(log_eigs,log_real_eigs): 0.147
torch.Size([64, 1600])
Epoch [632/1000], Wasserstein(eigs,real_eigs): 0.646, Wasserstein(log_eigs,log_real_eigs): 0.124
torch.Size([64, 1600])
Epoch [633/1000], Wasserstein(eigs,real_eigs): 1.239, Wasserstein(log_eigs,log_real_eigs): 0.181
torch.Size([64, 1600])
Epoch [634/1000], Wasserstein(eigs,real_eigs): 1.609, Wasserstein(log_eigs,log_real_eigs): 0.241
torch.Size([64, 1600])
Epoch [635/1000], Wasserstein(eigs,real_eigs): 1.072, Wasserstein(log_eigs,log_real_eigs): 0.142
torch.Size([64, 1600])
Epoch [636/1000], Wasserstein(eigs,real_eigs): 1.233, Wasserstein(log_eigs,log_real_eigs): 0.166
torch.Size([64, 1600])
Epoch [637/1000], Wasserstein(eigs,real_eigs): 0.864, Wasserstein(log_eigs,log_real_eigs): 0.141
torch.Size([64, 1600])
Epoch [638/1000], Wasserstein(eigs,real_eigs): 3.764, Wasserstein(log_eigs,log_real_eigs): 0.257
torch.Size([64, 1600])
Epoch [639/1000], Wasserstein(eigs,real_eigs): 1.309, Wasserstein(log_eigs,log_real_eigs): 0.156
torch.Size([64, 1600])
Epoch [640/1000], Wasserstein(eigs,real_eigs): 0.522, Wasserstein(log_eigs,log_real_eigs): 0.124
torch.Size([64, 1600])
Epoch [641/1000], Wasserstein(eigs,real_eigs): 2.267, Wasserstein(log_eigs,log_real_eigs): 0.231
torch.Size([64, 1600])
Epoch [642/1000], Wasserstein(eigs,real_eigs): 2.838, Wasserstein(log_eigs,log_real_eigs): 0.256
torch.Size([64, 1600])
Epoch [643/1000], Wasserstein(eigs,real_eigs): 0.419, Wasserstein(log_eigs,log_real_eigs): 0.112
torch.Size([64, 1600])
Epoch [644/1000], Wasserstein(eigs,real_eigs): 1.483, Wasserstein(log_eigs,log_real_eigs): 0.252
torch.Size([64, 1600])
Epoch [645/1000], Wasserstein(eigs,real_eigs): 0.993, Wasserstein(log_eigs,log_real_eigs): 0.135
torch.Size([64, 1600])
Epoch [646/1000], Wasserstein(eigs,real_eigs): 0.848, Wasserstein(log_eigs,log_real_eigs): 0.170
torch.Size([64, 1600])
Epoch [647/1000], Wasserstein(eigs,real_eigs): 0.650, Wasserstein(log_eigs,log_real_eigs): 0.107
torch.Size([64, 1600])
Epoch [648/1000], Wasserstein(eigs,real_eigs): 2.625, Wasserstein(log_eigs,log_real_eigs): 0.324
torch.Size([64, 1600])
Epoch [649/1000], Wasserstein(eigs,real_eigs): 1.050, Wasserstein(log_eigs,log_real_eigs): 0.153
torch.Size([64, 1600])
Epoch [650/1000], Wasserstein(eigs,real_eigs): 0.298, Wasserstein(log_eigs,log_real_eigs): 0.121
torch.Size([64, 1600])
Epoch [651/1000], Wasserstein(eigs,real_eigs): 0.783, Wasserstein(log_eigs,log_real_eigs): 0.143
torch.Size([64, 1600])
Epoch [652/1000], Wasserstein(eigs,real_eigs): 1.148, Wasserstein(log_eigs,log_real_eigs): 0.162
torch.Size([64, 1600])
Epoch [653/1000], Wasserstein(eigs,real_eigs): 0.433, Wasserstein(log_eigs,log_real_eigs): 0.119
torch.Size([64, 1600])
Epoch [654/1000], Wasserstein(eigs,real_eigs): 1.835, Wasserstein(log_eigs,log_real_eigs): 0.226
torch.Size([64, 1600])
Epoch [655/1000], Wasserstein(eigs,real_eigs): 2.154, Wasserstein(log_eigs,log_real_eigs): 0.214
torch.Size([64, 1600])
Epoch [656/1000], Wasserstein(eigs,real_eigs): 3.186, Wasserstein(log_eigs,log_real_eigs): 0.314
torch.Size([64, 1600])
Epoch [657/1000], Wasserstein(eigs,real_eigs): 1.670, Wasserstein(log_eigs,log_real_eigs): 0.178
torch.Size([64, 1600])
Epoch [658/1000], Wasserstein(eigs,real_eigs): 2.205, Wasserstein(log_eigs,log_real_eigs): 0.245
torch.Size([64, 1600])
Epoch [659/1000], Wasserstein(eigs,real_eigs): 1.367, Wasserstein(log_eigs,log_real_eigs): 0.208
torch.Size([64, 1600])
Epoch [660/1000], Wasserstein(eigs,real_eigs): 4.915, Wasserstein(log_eigs,log_real_eigs): 0.366
torch.Size([64, 1600])
Epoch [661/1000], Wasserstein(eigs,real_eigs): 2.589, Wasserstein(log_eigs,log_real_eigs): 0.219
torch.Size([64, 1600])
Epoch [662/1000], Wasserstein(eigs,real_eigs): 2.377, Wasserstein(log_eigs,log_real_eigs): 0.254
torch.Size([64, 1600])
Epoch [663/1000], Wasserstein(eigs,real_eigs): 1.159, Wasserstein(log_eigs,log_real_eigs): 0.171
torch.Size([64, 1600])
Epoch [664/1000], Wasserstein(eigs,real_eigs): 2.376, Wasserstein(log_eigs,log_real_eigs): 0.372
torch.Size([64, 1600])
Epoch [665/1000], Wasserstein(eigs,real_eigs): 0.309, Wasserstein(log_eigs,log_real_eigs): 0.105
torch.Size([64, 1600])
Epoch [666/1000], Wasserstein(eigs,real_eigs): 0.331, Wasserstein(log_eigs,log_real_eigs): 0.104
torch.Size([64, 1600])
Epoch [667/1000], Wasserstein(eigs,real_eigs): 1.008, Wasserstein(log_eigs,log_real_eigs): 0.145
torch.Size([64, 1600])
Epoch [668/1000], Wasserstein(eigs,real_eigs): 0.988, Wasserstein(log_eigs,log_real_eigs): 0.149
torch.Size([64, 1600])
Epoch [669/1000], Wasserstein(eigs,real_eigs): 0.895, Wasserstein(log_eigs,log_real_eigs): 0.116
torch.Size([64, 1600])
Epoch [670/1000], Wasserstein(eigs,real_eigs): 0.387, Wasserstein(log_eigs,log_real_eigs): 0.090
torch.Size([64, 1600])
Epoch [671/1000], Wasserstein(eigs,real_eigs): 0.342, Wasserstein(log_eigs,log_real_eigs): 0.102
torch.Size([64, 1600])
Epoch [672/1000], Wasserstein(eigs,real_eigs): 2.387, Wasserstein(log_eigs,log_real_eigs): 0.223
torch.Size([64, 1600])
Epoch [673/1000], Wasserstein(eigs,real_eigs): 0.548, Wasserstein(log_eigs,log_real_eigs): 0.130
torch.Size([64, 1600])
Epoch [674/1000], Wasserstein(eigs,real_eigs): 0.870, Wasserstein(log_eigs,log_real_eigs): 0.131
torch.Size([64, 1600])
Epoch [675/1000], Wasserstein(eigs,real_eigs): 3.119, Wasserstein(log_eigs,log_real_eigs): 0.270
torch.Size([64, 1600])
Epoch [676/1000], Wasserstein(eigs,real_eigs): 3.380, Wasserstein(log_eigs,log_real_eigs): 0.299
torch.Size([64, 1600])
Epoch [677/1000], Wasserstein(eigs,real_eigs): 6.388, Wasserstein(log_eigs,log_real_eigs): 0.375
torch.Size([64, 1600])
Epoch [678/1000], Wasserstein(eigs,real_eigs): 0.975, Wasserstein(log_eigs,log_real_eigs): 0.137
torch.Size([64, 1600])
Epoch [679/1000], Wasserstein(eigs,real_eigs): 0.769, Wasserstein(log_eigs,log_real_eigs): 0.150
torch.Size([64, 1600])
Epoch [680/1000], Wasserstein(eigs,real_eigs): 0.594, Wasserstein(log_eigs,log_real_eigs): 0.119
torch.Size([64, 1600])
Epoch [681/1000], Wasserstein(eigs,real_eigs): 3.425, Wasserstein(log_eigs,log_real_eigs): 0.306
torch.Size([64, 1600])
Epoch [682/1000], Wasserstein(eigs,real_eigs): 2.711, Wasserstein(log_eigs,log_real_eigs): 0.238
torch.Size([64, 1600])
Epoch [683/1000], Wasserstein(eigs,real_eigs): 0.784, Wasserstein(log_eigs,log_real_eigs): 0.113
torch.Size([64, 1600])
Epoch [684/1000], Wasserstein(eigs,real_eigs): 1.821, Wasserstein(log_eigs,log_real_eigs): 0.286
torch.Size([64, 1600])
Epoch [685/1000], Wasserstein(eigs,real_eigs): 0.687, Wasserstein(log_eigs,log_real_eigs): 0.098
torch.Size([64, 1600])
Epoch [686/1000], Wasserstein(eigs,real_eigs): 0.898, Wasserstein(log_eigs,log_real_eigs): 0.125
torch.Size([64, 1600])
Epoch [687/1000], Wasserstein(eigs,real_eigs): 0.388, Wasserstein(log_eigs,log_real_eigs): 0.091
torch.Size([64, 1600])
Epoch [688/1000], Wasserstein(eigs,real_eigs): 0.889, Wasserstein(log_eigs,log_real_eigs): 0.110
torch.Size([64, 1600])
Epoch [689/1000], Wasserstein(eigs,real_eigs): 1.263, Wasserstein(log_eigs,log_real_eigs): 0.178
torch.Size([64, 1600])
Epoch [690/1000], Wasserstein(eigs,real_eigs): 1.187, Wasserstein(log_eigs,log_real_eigs): 0.178
torch.Size([64, 1600])
Epoch [691/1000], Wasserstein(eigs,real_eigs): 0.223, Wasserstein(log_eigs,log_real_eigs): 0.093
torch.Size([64, 1600])
Epoch [692/1000], Wasserstein(eigs,real_eigs): 0.436, Wasserstein(log_eigs,log_real_eigs): 0.110
torch.Size([64, 1600])
Epoch [693/1000], Wasserstein(eigs,real_eigs): 1.541, Wasserstein(log_eigs,log_real_eigs): 0.176
torch.Size([64, 1600])
Epoch [694/1000], Wasserstein(eigs,real_eigs): 1.326, Wasserstein(log_eigs,log_real_eigs): 0.165
torch.Size([64, 1600])
Epoch [695/1000], Wasserstein(eigs,real_eigs): 1.638, Wasserstein(log_eigs,log_real_eigs): 0.145
torch.Size([64, 1600])
Epoch [696/1000], Wasserstein(eigs,real_eigs): 0.556, Wasserstein(log_eigs,log_real_eigs): 0.097
torch.Size([64, 1600])
Epoch [697/1000], Wasserstein(eigs,real_eigs): 1.882, Wasserstein(log_eigs,log_real_eigs): 0.252
torch.Size([64, 1600])
Epoch [698/1000], Wasserstein(eigs,real_eigs): 0.627, Wasserstein(log_eigs,log_real_eigs): 0.096
torch.Size([64, 1600])
Epoch [699/1000], Wasserstein(eigs,real_eigs): 1.248, Wasserstein(log_eigs,log_real_eigs): 0.213
torch.Size([64, 1600])
Epoch [700/1000], Wasserstein(eigs,real_eigs): 1.607, Wasserstein(log_eigs,log_real_eigs): 0.248
torch.Size([64, 1600])
Epoch [701/1000], Wasserstein(eigs,real_eigs): 0.528, Wasserstein(log_eigs,log_real_eigs): 0.103
torch.Size([64, 1600])
Epoch [702/1000], Wasserstein(eigs,real_eigs): 1.606, Wasserstein(log_eigs,log_real_eigs): 0.176
torch.Size([64, 1600])
Epoch [703/1000], Wasserstein(eigs,real_eigs): 1.833, Wasserstein(log_eigs,log_real_eigs): 0.202
torch.Size([64, 1600])
Epoch [704/1000], Wasserstein(eigs,real_eigs): 1.181, Wasserstein(log_eigs,log_real_eigs): 0.150
torch.Size([64, 1600])
Epoch [705/1000], Wasserstein(eigs,real_eigs): 1.297, Wasserstein(log_eigs,log_real_eigs): 0.169
torch.Size([64, 1600])
Epoch [706/1000], Wasserstein(eigs,real_eigs): 0.475, Wasserstein(log_eigs,log_real_eigs): 0.133
torch.Size([64, 1600])
Epoch [707/1000], Wasserstein(eigs,real_eigs): 0.483, Wasserstein(log_eigs,log_real_eigs): 0.108
torch.Size([64, 1600])
Epoch [708/1000], Wasserstein(eigs,real_eigs): 0.381, Wasserstein(log_eigs,log_real_eigs): 0.136
torch.Size([64, 1600])
Epoch [709/1000], Wasserstein(eigs,real_eigs): 0.500, Wasserstein(log_eigs,log_real_eigs): 0.125
torch.Size([64, 1600])
Epoch [710/1000], Wasserstein(eigs,real_eigs): 0.677, Wasserstein(log_eigs,log_real_eigs): 0.147
torch.Size([64, 1600])
Epoch [711/1000], Wasserstein(eigs,real_eigs): 0.732, Wasserstein(log_eigs,log_real_eigs): 0.160
torch.Size([64, 1600])
Epoch [712/1000], Wasserstein(eigs,real_eigs): 0.371, Wasserstein(log_eigs,log_real_eigs): 0.070
torch.Size([64, 1600])
Epoch [713/1000], Wasserstein(eigs,real_eigs): 1.159, Wasserstein(log_eigs,log_real_eigs): 0.159
torch.Size([64, 1600])
Epoch [714/1000], Wasserstein(eigs,real_eigs): 1.801, Wasserstein(log_eigs,log_real_eigs): 0.210
torch.Size([64, 1600])
Epoch [715/1000], Wasserstein(eigs,real_eigs): 0.862, Wasserstein(log_eigs,log_real_eigs): 0.149
torch.Size([64, 1600])
Epoch [716/1000], Wasserstein(eigs,real_eigs): 1.249, Wasserstein(log_eigs,log_real_eigs): 0.167
torch.Size([64, 1600])
Epoch [717/1000], Wasserstein(eigs,real_eigs): 0.810, Wasserstein(log_eigs,log_real_eigs): 0.135
torch.Size([64, 1600])
Epoch [718/1000], Wasserstein(eigs,real_eigs): 0.907, Wasserstein(log_eigs,log_real_eigs): 0.111
torch.Size([64, 1600])
Epoch [719/1000], Wasserstein(eigs,real_eigs): 0.382, Wasserstein(log_eigs,log_real_eigs): 0.097
torch.Size([64, 1600])
Epoch [720/1000], Wasserstein(eigs,real_eigs): 0.925, Wasserstein(log_eigs,log_real_eigs): 0.156
torch.Size([64, 1600])
Epoch [721/1000], Wasserstein(eigs,real_eigs): 2.215, Wasserstein(log_eigs,log_real_eigs): 0.238
