2019-10-16 05:18:22.106969
Namespace(batch_size=64, dataroot='/home/jim/Documents/RandomBergman/KS4/data/', diff=0, epochs=1000, exp=None, h11=40, log_interval=1, lr=5e-06, lr_D=5e-06, lr_G=5e-06, model_type='WGAN_DCGAN', n_critic_steps=5, newsize=40, num_geometries=2500, nz=50, outdir='./experiments/exp_WGAN_DCGAN_40_50_10162019_051822', plot_interval=20, py_version=3, save=True, show_plots=False, test_batch_size=10000)
Namespace(batch_size=64, dataroot='/home/jim/Documents/RandomBergman/KS4/data/', diff=0, epochs=1000, exp=None, h11=40, log_interval=1, lr=5e-06, lr_D=5e-06, lr_G=5e-06, model_type='WGAN_DCGAN', n_critic_steps=5, newsize=40, num_geometries=2500, nz=50, outdir='./experiments/exp_WGAN_DCGAN_40_50_10162019_051822', plot_interval=20, py_version=3, save=True, show_plots=False, test_batch_size=10000)
Model type: WGAN_DCGAN
Coomparing to Eigenvalue distribution collected from 3017 geometries
data: 64 40
torch.Size([64, 1600])
Epoch [0/1000], Wasserstein(eigs,real_eigs): 11.962, Wasserstein(log_eigs,log_real_eigs): 0.702
torch.Size([64, 1600])
Epoch [1/1000], Wasserstein(eigs,real_eigs): 6.487, Wasserstein(log_eigs,log_real_eigs): 0.535
torch.Size([64, 1600])
Epoch [2/1000], Wasserstein(eigs,real_eigs): 3.694, Wasserstein(log_eigs,log_real_eigs): 0.385
torch.Size([64, 1600])
Epoch [3/1000], Wasserstein(eigs,real_eigs): 1.443, Wasserstein(log_eigs,log_real_eigs): 0.259
torch.Size([64, 1600])
Epoch [4/1000], Wasserstein(eigs,real_eigs): 0.420, Wasserstein(log_eigs,log_real_eigs): 0.159
torch.Size([64, 1600])
Epoch [5/1000], Wasserstein(eigs,real_eigs): 1.078, Wasserstein(log_eigs,log_real_eigs): 0.169
torch.Size([64, 1600])
Epoch [6/1000], Wasserstein(eigs,real_eigs): 1.332, Wasserstein(log_eigs,log_real_eigs): 0.178
torch.Size([64, 1600])
Epoch [7/1000], Wasserstein(eigs,real_eigs): 1.291, Wasserstein(log_eigs,log_real_eigs): 0.169
torch.Size([64, 1600])
Epoch [8/1000], Wasserstein(eigs,real_eigs): 1.155, Wasserstein(log_eigs,log_real_eigs): 0.166
torch.Size([64, 1600])
Epoch [9/1000], Wasserstein(eigs,real_eigs): 1.170, Wasserstein(log_eigs,log_real_eigs): 0.161
torch.Size([64, 1600])
Epoch [10/1000], Wasserstein(eigs,real_eigs): 1.116, Wasserstein(log_eigs,log_real_eigs): 0.166
torch.Size([64, 1600])
Epoch [11/1000], Wasserstein(eigs,real_eigs): 0.983, Wasserstein(log_eigs,log_real_eigs): 0.161
torch.Size([64, 1600])
Epoch [12/1000], Wasserstein(eigs,real_eigs): 1.007, Wasserstein(log_eigs,log_real_eigs): 0.167
torch.Size([64, 1600])
Epoch [13/1000], Wasserstein(eigs,real_eigs): 0.947, Wasserstein(log_eigs,log_real_eigs): 0.161
torch.Size([64, 1600])
Epoch [14/1000], Wasserstein(eigs,real_eigs): 0.915, Wasserstein(log_eigs,log_real_eigs): 0.165
torch.Size([64, 1600])
Epoch [15/1000], Wasserstein(eigs,real_eigs): 0.823, Wasserstein(log_eigs,log_real_eigs): 0.158
torch.Size([64, 1600])
Epoch [16/1000], Wasserstein(eigs,real_eigs): 0.806, Wasserstein(log_eigs,log_real_eigs): 0.160
torch.Size([64, 1600])
Epoch [17/1000], Wasserstein(eigs,real_eigs): 0.772, Wasserstein(log_eigs,log_real_eigs): 0.162
torch.Size([64, 1600])
Epoch [18/1000], Wasserstein(eigs,real_eigs): 0.759, Wasserstein(log_eigs,log_real_eigs): 0.158
torch.Size([64, 1600])
Epoch [19/1000], Wasserstein(eigs,real_eigs): 0.736, Wasserstein(log_eigs,log_real_eigs): 0.158
torch.Size([64, 1600])
Epoch [20/1000], Wasserstein(eigs,real_eigs): 0.757, Wasserstein(log_eigs,log_real_eigs): 0.166
torch.Size([64, 1600])
Epoch [21/1000], Wasserstein(eigs,real_eigs): 0.756, Wasserstein(log_eigs,log_real_eigs): 0.161
torch.Size([64, 1600])
Epoch [22/1000], Wasserstein(eigs,real_eigs): 0.744, Wasserstein(log_eigs,log_real_eigs): 0.154
torch.Size([64, 1600])
Epoch [23/1000], Wasserstein(eigs,real_eigs): 0.805, Wasserstein(log_eigs,log_real_eigs): 0.157
torch.Size([64, 1600])
Epoch [24/1000], Wasserstein(eigs,real_eigs): 0.773, Wasserstein(log_eigs,log_real_eigs): 0.159
torch.Size([64, 1600])
Epoch [25/1000], Wasserstein(eigs,real_eigs): 0.829, Wasserstein(log_eigs,log_real_eigs): 0.156
torch.Size([64, 1600])
Epoch [26/1000], Wasserstein(eigs,real_eigs): 0.824, Wasserstein(log_eigs,log_real_eigs): 0.153
torch.Size([64, 1600])
Epoch [27/1000], Wasserstein(eigs,real_eigs): 0.959, Wasserstein(log_eigs,log_real_eigs): 0.163
torch.Size([64, 1600])
Epoch [28/1000], Wasserstein(eigs,real_eigs): 0.968, Wasserstein(log_eigs,log_real_eigs): 0.158
torch.Size([64, 1600])
Epoch [29/1000], Wasserstein(eigs,real_eigs): 0.962, Wasserstein(log_eigs,log_real_eigs): 0.162
torch.Size([64, 1600])
Epoch [30/1000], Wasserstein(eigs,real_eigs): 0.830, Wasserstein(log_eigs,log_real_eigs): 0.156
torch.Size([64, 1600])
Epoch [31/1000], Wasserstein(eigs,real_eigs): 0.866, Wasserstein(log_eigs,log_real_eigs): 0.155
torch.Size([64, 1600])
Epoch [32/1000], Wasserstein(eigs,real_eigs): 0.991, Wasserstein(log_eigs,log_real_eigs): 0.157
torch.Size([64, 1600])
Epoch [33/1000], Wasserstein(eigs,real_eigs): 1.064, Wasserstein(log_eigs,log_real_eigs): 0.163
torch.Size([64, 1600])
Epoch [34/1000], Wasserstein(eigs,real_eigs): 0.982, Wasserstein(log_eigs,log_real_eigs): 0.156
torch.Size([64, 1600])
Epoch [35/1000], Wasserstein(eigs,real_eigs): 0.898, Wasserstein(log_eigs,log_real_eigs): 0.156
torch.Size([64, 1600])
Epoch [36/1000], Wasserstein(eigs,real_eigs): 0.974, Wasserstein(log_eigs,log_real_eigs): 0.157
torch.Size([64, 1600])
Epoch [37/1000], Wasserstein(eigs,real_eigs): 0.980, Wasserstein(log_eigs,log_real_eigs): 0.155
torch.Size([64, 1600])
Epoch [38/1000], Wasserstein(eigs,real_eigs): 1.023, Wasserstein(log_eigs,log_real_eigs): 0.157
torch.Size([64, 1600])
Epoch [39/1000], Wasserstein(eigs,real_eigs): 0.992, Wasserstein(log_eigs,log_real_eigs): 0.156
torch.Size([64, 1600])
Epoch [40/1000], Wasserstein(eigs,real_eigs): 1.000, Wasserstein(log_eigs,log_real_eigs): 0.164
torch.Size([64, 1600])
Epoch [41/1000], Wasserstein(eigs,real_eigs): 1.041, Wasserstein(log_eigs,log_real_eigs): 0.157
torch.Size([64, 1600])
Epoch [42/1000], Wasserstein(eigs,real_eigs): 1.016, Wasserstein(log_eigs,log_real_eigs): 0.153
torch.Size([64, 1600])
Epoch [43/1000], Wasserstein(eigs,real_eigs): 0.995, Wasserstein(log_eigs,log_real_eigs): 0.155
torch.Size([64, 1600])
Epoch [44/1000], Wasserstein(eigs,real_eigs): 0.979, Wasserstein(log_eigs,log_real_eigs): 0.162
torch.Size([64, 1600])
Epoch [45/1000], Wasserstein(eigs,real_eigs): 0.974, Wasserstein(log_eigs,log_real_eigs): 0.151
torch.Size([64, 1600])
Epoch [46/1000], Wasserstein(eigs,real_eigs): 0.890, Wasserstein(log_eigs,log_real_eigs): 0.147
torch.Size([64, 1600])
Epoch [47/1000], Wasserstein(eigs,real_eigs): 0.940, Wasserstein(log_eigs,log_real_eigs): 0.155
torch.Size([64, 1600])
Epoch [48/1000], Wasserstein(eigs,real_eigs): 0.887, Wasserstein(log_eigs,log_real_eigs): 0.161
torch.Size([64, 1600])
Epoch [49/1000], Wasserstein(eigs,real_eigs): 0.907, Wasserstein(log_eigs,log_real_eigs): 0.154
torch.Size([64, 1600])
Epoch [50/1000], Wasserstein(eigs,real_eigs): 0.971, Wasserstein(log_eigs,log_real_eigs): 0.155
torch.Size([64, 1600])
Epoch [51/1000], Wasserstein(eigs,real_eigs): 1.028, Wasserstein(log_eigs,log_real_eigs): 0.157
torch.Size([64, 1600])
Epoch [52/1000], Wasserstein(eigs,real_eigs): 1.039, Wasserstein(log_eigs,log_real_eigs): 0.154
torch.Size([64, 1600])
Epoch [53/1000], Wasserstein(eigs,real_eigs): 0.966, Wasserstein(log_eigs,log_real_eigs): 0.157
torch.Size([64, 1600])
Epoch [54/1000], Wasserstein(eigs,real_eigs): 1.011, Wasserstein(log_eigs,log_real_eigs): 0.158
torch.Size([64, 1600])
Epoch [55/1000], Wasserstein(eigs,real_eigs): 1.020, Wasserstein(log_eigs,log_real_eigs): 0.158
torch.Size([64, 1600])
Epoch [56/1000], Wasserstein(eigs,real_eigs): 0.919, Wasserstein(log_eigs,log_real_eigs): 0.158
torch.Size([64, 1600])
Epoch [57/1000], Wasserstein(eigs,real_eigs): 0.980, Wasserstein(log_eigs,log_real_eigs): 0.150
torch.Size([64, 1600])
Epoch [58/1000], Wasserstein(eigs,real_eigs): 0.924, Wasserstein(log_eigs,log_real_eigs): 0.150
torch.Size([64, 1600])
Epoch [59/1000], Wasserstein(eigs,real_eigs): 0.841, Wasserstein(log_eigs,log_real_eigs): 0.155
torch.Size([64, 1600])
Epoch [60/1000], Wasserstein(eigs,real_eigs): 0.908, Wasserstein(log_eigs,log_real_eigs): 0.150
torch.Size([64, 1600])
Epoch [61/1000], Wasserstein(eigs,real_eigs): 0.865, Wasserstein(log_eigs,log_real_eigs): 0.154
torch.Size([64, 1600])
Epoch [62/1000], Wasserstein(eigs,real_eigs): 0.880, Wasserstein(log_eigs,log_real_eigs): 0.148
torch.Size([64, 1600])
Epoch [63/1000], Wasserstein(eigs,real_eigs): 0.874, Wasserstein(log_eigs,log_real_eigs): 0.149
torch.Size([64, 1600])
Epoch [64/1000], Wasserstein(eigs,real_eigs): 0.878, Wasserstein(log_eigs,log_real_eigs): 0.154
torch.Size([64, 1600])
Epoch [65/1000], Wasserstein(eigs,real_eigs): 0.975, Wasserstein(log_eigs,log_real_eigs): 0.158
torch.Size([64, 1600])
Epoch [66/1000], Wasserstein(eigs,real_eigs): 0.951, Wasserstein(log_eigs,log_real_eigs): 0.151
torch.Size([64, 1600])
Epoch [67/1000], Wasserstein(eigs,real_eigs): 0.867, Wasserstein(log_eigs,log_real_eigs): 0.153
torch.Size([64, 1600])
Epoch [68/1000], Wasserstein(eigs,real_eigs): 0.881, Wasserstein(log_eigs,log_real_eigs): 0.152
torch.Size([64, 1600])
Epoch [69/1000], Wasserstein(eigs,real_eigs): 0.938, Wasserstein(log_eigs,log_real_eigs): 0.155
torch.Size([64, 1600])
Epoch [70/1000], Wasserstein(eigs,real_eigs): 0.903, Wasserstein(log_eigs,log_real_eigs): 0.146
torch.Size([64, 1600])
Epoch [71/1000], Wasserstein(eigs,real_eigs): 0.857, Wasserstein(log_eigs,log_real_eigs): 0.148
torch.Size([64, 1600])
Epoch [72/1000], Wasserstein(eigs,real_eigs): 0.890, Wasserstein(log_eigs,log_real_eigs): 0.149
torch.Size([64, 1600])
Epoch [73/1000], Wasserstein(eigs,real_eigs): 0.864, Wasserstein(log_eigs,log_real_eigs): 0.152
torch.Size([64, 1600])
Epoch [74/1000], Wasserstein(eigs,real_eigs): 0.856, Wasserstein(log_eigs,log_real_eigs): 0.145
torch.Size([64, 1600])
Epoch [75/1000], Wasserstein(eigs,real_eigs): 0.873, Wasserstein(log_eigs,log_real_eigs): 0.150
torch.Size([64, 1600])
Epoch [76/1000], Wasserstein(eigs,real_eigs): 0.915, Wasserstein(log_eigs,log_real_eigs): 0.155
torch.Size([64, 1600])
Epoch [77/1000], Wasserstein(eigs,real_eigs): 0.929, Wasserstein(log_eigs,log_real_eigs): 0.152
torch.Size([64, 1600])
Epoch [78/1000], Wasserstein(eigs,real_eigs): 0.867, Wasserstein(log_eigs,log_real_eigs): 0.151
torch.Size([64, 1600])
Epoch [79/1000], Wasserstein(eigs,real_eigs): 0.866, Wasserstein(log_eigs,log_real_eigs): 0.151
torch.Size([64, 1600])
Epoch [80/1000], Wasserstein(eigs,real_eigs): 0.804, Wasserstein(log_eigs,log_real_eigs): 0.146
torch.Size([64, 1600])
Epoch [81/1000], Wasserstein(eigs,real_eigs): 0.857, Wasserstein(log_eigs,log_real_eigs): 0.151
torch.Size([64, 1600])
Epoch [82/1000], Wasserstein(eigs,real_eigs): 0.846, Wasserstein(log_eigs,log_real_eigs): 0.153
torch.Size([64, 1600])
Epoch [83/1000], Wasserstein(eigs,real_eigs): 0.860, Wasserstein(log_eigs,log_real_eigs): 0.151
torch.Size([64, 1600])
Epoch [84/1000], Wasserstein(eigs,real_eigs): 0.852, Wasserstein(log_eigs,log_real_eigs): 0.152
torch.Size([64, 1600])
Epoch [85/1000], Wasserstein(eigs,real_eigs): 0.804, Wasserstein(log_eigs,log_real_eigs): 0.154
torch.Size([64, 1600])
Epoch [86/1000], Wasserstein(eigs,real_eigs): 0.850, Wasserstein(log_eigs,log_real_eigs): 0.154
torch.Size([64, 1600])
Epoch [87/1000], Wasserstein(eigs,real_eigs): 0.881, Wasserstein(log_eigs,log_real_eigs): 0.157
torch.Size([64, 1600])
Epoch [88/1000], Wasserstein(eigs,real_eigs): 0.852, Wasserstein(log_eigs,log_real_eigs): 0.147
torch.Size([64, 1600])
Epoch [89/1000], Wasserstein(eigs,real_eigs): 0.896, Wasserstein(log_eigs,log_real_eigs): 0.150
torch.Size([64, 1600])
Epoch [90/1000], Wasserstein(eigs,real_eigs): 0.868, Wasserstein(log_eigs,log_real_eigs): 0.156
torch.Size([64, 1600])
Epoch [91/1000], Wasserstein(eigs,real_eigs): 0.789, Wasserstein(log_eigs,log_real_eigs): 0.149
torch.Size([64, 1600])
Epoch [92/1000], Wasserstein(eigs,real_eigs): 0.772, Wasserstein(log_eigs,log_real_eigs): 0.148
torch.Size([64, 1600])
Epoch [93/1000], Wasserstein(eigs,real_eigs): 0.782, Wasserstein(log_eigs,log_real_eigs): 0.151
torch.Size([64, 1600])
Epoch [94/1000], Wasserstein(eigs,real_eigs): 0.796, Wasserstein(log_eigs,log_real_eigs): 0.152
torch.Size([64, 1600])
Epoch [95/1000], Wasserstein(eigs,real_eigs): 0.774, Wasserstein(log_eigs,log_real_eigs): 0.146
torch.Size([64, 1600])
Epoch [96/1000], Wasserstein(eigs,real_eigs): 0.744, Wasserstein(log_eigs,log_real_eigs): 0.150
torch.Size([64, 1600])
Epoch [97/1000], Wasserstein(eigs,real_eigs): 0.714, Wasserstein(log_eigs,log_real_eigs): 0.150
torch.Size([64, 1600])
Epoch [98/1000], Wasserstein(eigs,real_eigs): 0.691, Wasserstein(log_eigs,log_real_eigs): 0.155
torch.Size([64, 1600])
Epoch [99/1000], Wasserstein(eigs,real_eigs): 0.696, Wasserstein(log_eigs,log_real_eigs): 0.146
torch.Size([64, 1600])
Epoch [100/1000], Wasserstein(eigs,real_eigs): 0.620, Wasserstein(log_eigs,log_real_eigs): 0.146
torch.Size([64, 1600])
Epoch [101/1000], Wasserstein(eigs,real_eigs): 0.621, Wasserstein(log_eigs,log_real_eigs): 0.149
torch.Size([64, 1600])
Epoch [102/1000], Wasserstein(eigs,real_eigs): 0.623, Wasserstein(log_eigs,log_real_eigs): 0.147
torch.Size([64, 1600])
Epoch [103/1000], Wasserstein(eigs,real_eigs): 0.535, Wasserstein(log_eigs,log_real_eigs): 0.146
torch.Size([64, 1600])
Epoch [104/1000], Wasserstein(eigs,real_eigs): 0.523, Wasserstein(log_eigs,log_real_eigs): 0.151
torch.Size([64, 1600])
Epoch [105/1000], Wasserstein(eigs,real_eigs): 0.510, Wasserstein(log_eigs,log_real_eigs): 0.148
torch.Size([64, 1600])
Epoch [106/1000], Wasserstein(eigs,real_eigs): 0.490, Wasserstein(log_eigs,log_real_eigs): 0.157
torch.Size([64, 1600])
Epoch [107/1000], Wasserstein(eigs,real_eigs): 0.506, Wasserstein(log_eigs,log_real_eigs): 0.144
torch.Size([64, 1600])
Epoch [108/1000], Wasserstein(eigs,real_eigs): 0.493, Wasserstein(log_eigs,log_real_eigs): 0.144
torch.Size([64, 1600])
Epoch [109/1000], Wasserstein(eigs,real_eigs): 0.474, Wasserstein(log_eigs,log_real_eigs): 0.145
torch.Size([64, 1600])
Epoch [110/1000], Wasserstein(eigs,real_eigs): 0.500, Wasserstein(log_eigs,log_real_eigs): 0.149
torch.Size([64, 1600])
Epoch [111/1000], Wasserstein(eigs,real_eigs): 0.410, Wasserstein(log_eigs,log_real_eigs): 0.144
torch.Size([64, 1600])
Epoch [112/1000], Wasserstein(eigs,real_eigs): 0.440, Wasserstein(log_eigs,log_real_eigs): 0.152
torch.Size([64, 1600])
Epoch [113/1000], Wasserstein(eigs,real_eigs): 0.449, Wasserstein(log_eigs,log_real_eigs): 0.156
torch.Size([64, 1600])
Epoch [114/1000], Wasserstein(eigs,real_eigs): 0.417, Wasserstein(log_eigs,log_real_eigs): 0.149
torch.Size([64, 1600])
Epoch [115/1000], Wasserstein(eigs,real_eigs): 0.400, Wasserstein(log_eigs,log_real_eigs): 0.155
torch.Size([64, 1600])
Epoch [116/1000], Wasserstein(eigs,real_eigs): 0.409, Wasserstein(log_eigs,log_real_eigs): 0.150
torch.Size([64, 1600])
Epoch [117/1000], Wasserstein(eigs,real_eigs): 0.401, Wasserstein(log_eigs,log_real_eigs): 0.155
torch.Size([64, 1600])
Epoch [118/1000], Wasserstein(eigs,real_eigs): 0.368, Wasserstein(log_eigs,log_real_eigs): 0.161
torch.Size([64, 1600])
Epoch [119/1000], Wasserstein(eigs,real_eigs): 0.377, Wasserstein(log_eigs,log_real_eigs): 0.159
torch.Size([64, 1600])
Epoch [120/1000], Wasserstein(eigs,real_eigs): 0.378, Wasserstein(log_eigs,log_real_eigs): 0.157
torch.Size([64, 1600])
Epoch [121/1000], Wasserstein(eigs,real_eigs): 0.394, Wasserstein(log_eigs,log_real_eigs): 0.169
torch.Size([64, 1600])
Epoch [122/1000], Wasserstein(eigs,real_eigs): 0.312, Wasserstein(log_eigs,log_real_eigs): 0.160
torch.Size([64, 1600])
Epoch [123/1000], Wasserstein(eigs,real_eigs): 0.347, Wasserstein(log_eigs,log_real_eigs): 0.156
torch.Size([64, 1600])
Epoch [124/1000], Wasserstein(eigs,real_eigs): 0.389, Wasserstein(log_eigs,log_real_eigs): 0.167
torch.Size([64, 1600])
Epoch [125/1000], Wasserstein(eigs,real_eigs): 0.378, Wasserstein(log_eigs,log_real_eigs): 0.164
torch.Size([64, 1600])
Epoch [126/1000], Wasserstein(eigs,real_eigs): 0.424, Wasserstein(log_eigs,log_real_eigs): 0.181
torch.Size([64, 1600])
Epoch [127/1000], Wasserstein(eigs,real_eigs): 0.426, Wasserstein(log_eigs,log_real_eigs): 0.181
torch.Size([64, 1600])
Epoch [128/1000], Wasserstein(eigs,real_eigs): 0.422, Wasserstein(log_eigs,log_real_eigs): 0.171
torch.Size([64, 1600])
Epoch [129/1000], Wasserstein(eigs,real_eigs): 0.505, Wasserstein(log_eigs,log_real_eigs): 0.178
torch.Size([64, 1600])
Epoch [130/1000], Wasserstein(eigs,real_eigs): 0.491, Wasserstein(log_eigs,log_real_eigs): 0.181
torch.Size([64, 1600])
Epoch [131/1000], Wasserstein(eigs,real_eigs): 0.511, Wasserstein(log_eigs,log_real_eigs): 0.182
torch.Size([64, 1600])
Epoch [132/1000], Wasserstein(eigs,real_eigs): 0.543, Wasserstein(log_eigs,log_real_eigs): 0.189
torch.Size([64, 1600])
Epoch [133/1000], Wasserstein(eigs,real_eigs): 0.563, Wasserstein(log_eigs,log_real_eigs): 0.191
torch.Size([64, 1600])
Epoch [134/1000], Wasserstein(eigs,real_eigs): 0.581, Wasserstein(log_eigs,log_real_eigs): 0.184
torch.Size([64, 1600])
Epoch [135/1000], Wasserstein(eigs,real_eigs): 0.611, Wasserstein(log_eigs,log_real_eigs): 0.191
torch.Size([64, 1600])
Epoch [136/1000], Wasserstein(eigs,real_eigs): 0.628, Wasserstein(log_eigs,log_real_eigs): 0.189
torch.Size([64, 1600])
Epoch [137/1000], Wasserstein(eigs,real_eigs): 0.626, Wasserstein(log_eigs,log_real_eigs): 0.195
torch.Size([64, 1600])
Epoch [138/1000], Wasserstein(eigs,real_eigs): 0.629, Wasserstein(log_eigs,log_real_eigs): 0.196
torch.Size([64, 1600])
Epoch [139/1000], Wasserstein(eigs,real_eigs): 0.688, Wasserstein(log_eigs,log_real_eigs): 0.194
torch.Size([64, 1600])
Epoch [140/1000], Wasserstein(eigs,real_eigs): 0.701, Wasserstein(log_eigs,log_real_eigs): 0.200
torch.Size([64, 1600])
Epoch [141/1000], Wasserstein(eigs,real_eigs): 0.675, Wasserstein(log_eigs,log_real_eigs): 0.195
torch.Size([64, 1600])
Epoch [142/1000], Wasserstein(eigs,real_eigs): 0.747, Wasserstein(log_eigs,log_real_eigs): 0.201
torch.Size([64, 1600])
Epoch [143/1000], Wasserstein(eigs,real_eigs): 0.783, Wasserstein(log_eigs,log_real_eigs): 0.205
torch.Size([64, 1600])
Epoch [144/1000], Wasserstein(eigs,real_eigs): 0.755, Wasserstein(log_eigs,log_real_eigs): 0.204
torch.Size([64, 1600])
Epoch [145/1000], Wasserstein(eigs,real_eigs): 0.797, Wasserstein(log_eigs,log_real_eigs): 0.206
torch.Size([64, 1600])
Epoch [146/1000], Wasserstein(eigs,real_eigs): 0.847, Wasserstein(log_eigs,log_real_eigs): 0.210
torch.Size([64, 1600])
Epoch [147/1000], Wasserstein(eigs,real_eigs): 0.832, Wasserstein(log_eigs,log_real_eigs): 0.204
torch.Size([64, 1600])
Epoch [148/1000], Wasserstein(eigs,real_eigs): 0.820, Wasserstein(log_eigs,log_real_eigs): 0.208
torch.Size([64, 1600])
Epoch [149/1000], Wasserstein(eigs,real_eigs): 0.830, Wasserstein(log_eigs,log_real_eigs): 0.209
torch.Size([64, 1600])
Epoch [150/1000], Wasserstein(eigs,real_eigs): 0.889, Wasserstein(log_eigs,log_real_eigs): 0.213
torch.Size([64, 1600])
Epoch [151/1000], Wasserstein(eigs,real_eigs): 0.835, Wasserstein(log_eigs,log_real_eigs): 0.210
torch.Size([64, 1600])
Epoch [152/1000], Wasserstein(eigs,real_eigs): 0.852, Wasserstein(log_eigs,log_real_eigs): 0.211
torch.Size([64, 1600])
Epoch [153/1000], Wasserstein(eigs,real_eigs): 0.875, Wasserstein(log_eigs,log_real_eigs): 0.208
torch.Size([64, 1600])
Epoch [154/1000], Wasserstein(eigs,real_eigs): 0.882, Wasserstein(log_eigs,log_real_eigs): 0.204
torch.Size([64, 1600])
Epoch [155/1000], Wasserstein(eigs,real_eigs): 0.909, Wasserstein(log_eigs,log_real_eigs): 0.205
torch.Size([64, 1600])
Epoch [156/1000], Wasserstein(eigs,real_eigs): 0.869, Wasserstein(log_eigs,log_real_eigs): 0.208
torch.Size([64, 1600])
Epoch [157/1000], Wasserstein(eigs,real_eigs): 0.972, Wasserstein(log_eigs,log_real_eigs): 0.219
torch.Size([64, 1600])
Epoch [158/1000], Wasserstein(eigs,real_eigs): 0.960, Wasserstein(log_eigs,log_real_eigs): 0.217
torch.Size([64, 1600])
Epoch [159/1000], Wasserstein(eigs,real_eigs): 0.977, Wasserstein(log_eigs,log_real_eigs): 0.218
torch.Size([64, 1600])
Epoch [160/1000], Wasserstein(eigs,real_eigs): 0.980, Wasserstein(log_eigs,log_real_eigs): 0.218
torch.Size([64, 1600])
Epoch [161/1000], Wasserstein(eigs,real_eigs): 0.953, Wasserstein(log_eigs,log_real_eigs): 0.218
torch.Size([64, 1600])
Epoch [162/1000], Wasserstein(eigs,real_eigs): 0.972, Wasserstein(log_eigs,log_real_eigs): 0.214
torch.Size([64, 1600])
Epoch [163/1000], Wasserstein(eigs,real_eigs): 0.952, Wasserstein(log_eigs,log_real_eigs): 0.222
torch.Size([64, 1600])
Epoch [164/1000], Wasserstein(eigs,real_eigs): 0.987, Wasserstein(log_eigs,log_real_eigs): 0.221
torch.Size([64, 1600])
Epoch [165/1000], Wasserstein(eigs,real_eigs): 0.997, Wasserstein(log_eigs,log_real_eigs): 0.216
torch.Size([64, 1600])
Epoch [166/1000], Wasserstein(eigs,real_eigs): 1.010, Wasserstein(log_eigs,log_real_eigs): 0.219
torch.Size([64, 1600])
Epoch [167/1000], Wasserstein(eigs,real_eigs): 1.045, Wasserstein(log_eigs,log_real_eigs): 0.218
torch.Size([64, 1600])
Epoch [168/1000], Wasserstein(eigs,real_eigs): 0.954, Wasserstein(log_eigs,log_real_eigs): 0.211
torch.Size([64, 1600])
Epoch [169/1000], Wasserstein(eigs,real_eigs): 1.018, Wasserstein(log_eigs,log_real_eigs): 0.216
torch.Size([64, 1600])
Epoch [170/1000], Wasserstein(eigs,real_eigs): 1.057, Wasserstein(log_eigs,log_real_eigs): 0.223
torch.Size([64, 1600])
Epoch [171/1000], Wasserstein(eigs,real_eigs): 0.956, Wasserstein(log_eigs,log_real_eigs): 0.222
torch.Size([64, 1600])
Epoch [172/1000], Wasserstein(eigs,real_eigs): 0.975, Wasserstein(log_eigs,log_real_eigs): 0.214
torch.Size([64, 1600])
Epoch [173/1000], Wasserstein(eigs,real_eigs): 1.002, Wasserstein(log_eigs,log_real_eigs): 0.218
torch.Size([64, 1600])
Epoch [174/1000], Wasserstein(eigs,real_eigs): 1.011, Wasserstein(log_eigs,log_real_eigs): 0.221
torch.Size([64, 1600])
Epoch [175/1000], Wasserstein(eigs,real_eigs): 1.095, Wasserstein(log_eigs,log_real_eigs): 0.223
torch.Size([64, 1600])
Epoch [176/1000], Wasserstein(eigs,real_eigs): 1.100, Wasserstein(log_eigs,log_real_eigs): 0.219
torch.Size([64, 1600])
Epoch [177/1000], Wasserstein(eigs,real_eigs): 1.134, Wasserstein(log_eigs,log_real_eigs): 0.222
torch.Size([64, 1600])
Epoch [178/1000], Wasserstein(eigs,real_eigs): 1.118, Wasserstein(log_eigs,log_real_eigs): 0.227
torch.Size([64, 1600])
Epoch [179/1000], Wasserstein(eigs,real_eigs): 1.081, Wasserstein(log_eigs,log_real_eigs): 0.218
torch.Size([64, 1600])
Epoch [180/1000], Wasserstein(eigs,real_eigs): 1.069, Wasserstein(log_eigs,log_real_eigs): 0.224
torch.Size([64, 1600])
Epoch [181/1000], Wasserstein(eigs,real_eigs): 1.141, Wasserstein(log_eigs,log_real_eigs): 0.227
torch.Size([64, 1600])
Epoch [182/1000], Wasserstein(eigs,real_eigs): 1.131, Wasserstein(log_eigs,log_real_eigs): 0.224
torch.Size([64, 1600])
Epoch [183/1000], Wasserstein(eigs,real_eigs): 1.121, Wasserstein(log_eigs,log_real_eigs): 0.227
torch.Size([64, 1600])
Epoch [184/1000], Wasserstein(eigs,real_eigs): 1.160, Wasserstein(log_eigs,log_real_eigs): 0.221
torch.Size([64, 1600])
Epoch [185/1000], Wasserstein(eigs,real_eigs): 1.105, Wasserstein(log_eigs,log_real_eigs): 0.225
torch.Size([64, 1600])
Epoch [186/1000], Wasserstein(eigs,real_eigs): 1.141, Wasserstein(log_eigs,log_real_eigs): 0.219
torch.Size([64, 1600])
Epoch [187/1000], Wasserstein(eigs,real_eigs): 1.188, Wasserstein(log_eigs,log_real_eigs): 0.231
torch.Size([64, 1600])
Epoch [188/1000], Wasserstein(eigs,real_eigs): 1.131, Wasserstein(log_eigs,log_real_eigs): 0.225
torch.Size([64, 1600])
Epoch [189/1000], Wasserstein(eigs,real_eigs): 1.096, Wasserstein(log_eigs,log_real_eigs): 0.217
torch.Size([64, 1600])
Epoch [190/1000], Wasserstein(eigs,real_eigs): 1.137, Wasserstein(log_eigs,log_real_eigs): 0.233
torch.Size([64, 1600])
Epoch [191/1000], Wasserstein(eigs,real_eigs): 1.092, Wasserstein(log_eigs,log_real_eigs): 0.215
torch.Size([64, 1600])
Epoch [192/1000], Wasserstein(eigs,real_eigs): 1.128, Wasserstein(log_eigs,log_real_eigs): 0.228
torch.Size([64, 1600])
Epoch [193/1000], Wasserstein(eigs,real_eigs): 1.108, Wasserstein(log_eigs,log_real_eigs): 0.225
torch.Size([64, 1600])
Epoch [194/1000], Wasserstein(eigs,real_eigs): 1.126, Wasserstein(log_eigs,log_real_eigs): 0.227
torch.Size([64, 1600])
Epoch [195/1000], Wasserstein(eigs,real_eigs): 1.065, Wasserstein(log_eigs,log_real_eigs): 0.221
torch.Size([64, 1600])
Epoch [196/1000], Wasserstein(eigs,real_eigs): 1.132, Wasserstein(log_eigs,log_real_eigs): 0.227
torch.Size([64, 1600])
Epoch [197/1000], Wasserstein(eigs,real_eigs): 1.122, Wasserstein(log_eigs,log_real_eigs): 0.229
torch.Size([64, 1600])
Epoch [198/1000], Wasserstein(eigs,real_eigs): 1.135, Wasserstein(log_eigs,log_real_eigs): 0.223
torch.Size([64, 1600])
Epoch [199/1000], Wasserstein(eigs,real_eigs): 1.091, Wasserstein(log_eigs,log_real_eigs): 0.229
torch.Size([64, 1600])
Epoch [200/1000], Wasserstein(eigs,real_eigs): 1.078, Wasserstein(log_eigs,log_real_eigs): 0.223
torch.Size([64, 1600])
Epoch [201/1000], Wasserstein(eigs,real_eigs): 1.043, Wasserstein(log_eigs,log_real_eigs): 0.219
torch.Size([64, 1600])
Epoch [202/1000], Wasserstein(eigs,real_eigs): 1.033, Wasserstein(log_eigs,log_real_eigs): 0.224
torch.Size([64, 1600])
Epoch [203/1000], Wasserstein(eigs,real_eigs): 1.041, Wasserstein(log_eigs,log_real_eigs): 0.220
torch.Size([64, 1600])
Epoch [204/1000], Wasserstein(eigs,real_eigs): 1.016, Wasserstein(log_eigs,log_real_eigs): 0.222
torch.Size([64, 1600])
Epoch [205/1000], Wasserstein(eigs,real_eigs): 1.060, Wasserstein(log_eigs,log_real_eigs): 0.221
torch.Size([64, 1600])
Epoch [206/1000], Wasserstein(eigs,real_eigs): 1.080, Wasserstein(log_eigs,log_real_eigs): 0.231
torch.Size([64, 1600])
Epoch [207/1000], Wasserstein(eigs,real_eigs): 1.005, Wasserstein(log_eigs,log_real_eigs): 0.220
torch.Size([64, 1600])
Epoch [208/1000], Wasserstein(eigs,real_eigs): 1.004, Wasserstein(log_eigs,log_real_eigs): 0.217
torch.Size([64, 1600])
Epoch [209/1000], Wasserstein(eigs,real_eigs): 0.996, Wasserstein(log_eigs,log_real_eigs): 0.218
torch.Size([64, 1600])
Epoch [210/1000], Wasserstein(eigs,real_eigs): 1.078, Wasserstein(log_eigs,log_real_eigs): 0.219
torch.Size([64, 1600])
Epoch [211/1000], Wasserstein(eigs,real_eigs): 1.140, Wasserstein(log_eigs,log_real_eigs): 0.225
torch.Size([64, 1600])
Epoch [212/1000], Wasserstein(eigs,real_eigs): 1.262, Wasserstein(log_eigs,log_real_eigs): 0.239
torch.Size([64, 1600])
Epoch [213/1000], Wasserstein(eigs,real_eigs): 1.225, Wasserstein(log_eigs,log_real_eigs): 0.222
torch.Size([64, 1600])
Epoch [214/1000], Wasserstein(eigs,real_eigs): 1.292, Wasserstein(log_eigs,log_real_eigs): 0.234
torch.Size([64, 1600])
Epoch [215/1000], Wasserstein(eigs,real_eigs): 1.362, Wasserstein(log_eigs,log_real_eigs): 0.228
torch.Size([64, 1600])
Epoch [216/1000], Wasserstein(eigs,real_eigs): 1.549, Wasserstein(log_eigs,log_real_eigs): 0.242
torch.Size([64, 1600])
Epoch [217/1000], Wasserstein(eigs,real_eigs): 1.697, Wasserstein(log_eigs,log_real_eigs): 0.228
torch.Size([64, 1600])
Epoch [218/1000], Wasserstein(eigs,real_eigs): 2.051, Wasserstein(log_eigs,log_real_eigs): 0.217
torch.Size([64, 1600])
Epoch [219/1000], Wasserstein(eigs,real_eigs): 1.977, Wasserstein(log_eigs,log_real_eigs): 0.204
torch.Size([64, 1600])
Epoch [220/1000], Wasserstein(eigs,real_eigs): 2.081, Wasserstein(log_eigs,log_real_eigs): 0.216
torch.Size([64, 1600])
Epoch [221/1000], Wasserstein(eigs,real_eigs): 1.976, Wasserstein(log_eigs,log_real_eigs): 0.218
torch.Size([64, 1600])
Epoch [222/1000], Wasserstein(eigs,real_eigs): 1.948, Wasserstein(log_eigs,log_real_eigs): 0.218
torch.Size([64, 1600])
Epoch [223/1000], Wasserstein(eigs,real_eigs): 1.786, Wasserstein(log_eigs,log_real_eigs): 0.226
torch.Size([64, 1600])
Epoch [224/1000], Wasserstein(eigs,real_eigs): 1.687, Wasserstein(log_eigs,log_real_eigs): 0.226
torch.Size([64, 1600])
Epoch [225/1000], Wasserstein(eigs,real_eigs): 1.523, Wasserstein(log_eigs,log_real_eigs): 0.234
torch.Size([64, 1600])
Epoch [226/1000], Wasserstein(eigs,real_eigs): 1.441, Wasserstein(log_eigs,log_real_eigs): 0.244
torch.Size([64, 1600])
Epoch [227/1000], Wasserstein(eigs,real_eigs): 1.463, Wasserstein(log_eigs,log_real_eigs): 0.248
torch.Size([64, 1600])
Epoch [228/1000], Wasserstein(eigs,real_eigs): 1.423, Wasserstein(log_eigs,log_real_eigs): 0.250
torch.Size([64, 1600])
Epoch [229/1000], Wasserstein(eigs,real_eigs): 1.362, Wasserstein(log_eigs,log_real_eigs): 0.245
torch.Size([64, 1600])
Epoch [230/1000], Wasserstein(eigs,real_eigs): 1.333, Wasserstein(log_eigs,log_real_eigs): 0.247
torch.Size([64, 1600])
Epoch [231/1000], Wasserstein(eigs,real_eigs): 1.355, Wasserstein(log_eigs,log_real_eigs): 0.242
torch.Size([64, 1600])
Epoch [232/1000], Wasserstein(eigs,real_eigs): 1.417, Wasserstein(log_eigs,log_real_eigs): 0.246
torch.Size([64, 1600])
Epoch [233/1000], Wasserstein(eigs,real_eigs): 1.349, Wasserstein(log_eigs,log_real_eigs): 0.234
torch.Size([64, 1600])
Epoch [234/1000], Wasserstein(eigs,real_eigs): 1.412, Wasserstein(log_eigs,log_real_eigs): 0.235
torch.Size([64, 1600])
Epoch [235/1000], Wasserstein(eigs,real_eigs): 1.441, Wasserstein(log_eigs,log_real_eigs): 0.240
torch.Size([64, 1600])
Epoch [236/1000], Wasserstein(eigs,real_eigs): 1.356, Wasserstein(log_eigs,log_real_eigs): 0.233
torch.Size([64, 1600])
Epoch [237/1000], Wasserstein(eigs,real_eigs): 1.387, Wasserstein(log_eigs,log_real_eigs): 0.233
torch.Size([64, 1600])
Epoch [238/1000], Wasserstein(eigs,real_eigs): 1.500, Wasserstein(log_eigs,log_real_eigs): 0.239
torch.Size([64, 1600])
Epoch [239/1000], Wasserstein(eigs,real_eigs): 1.454, Wasserstein(log_eigs,log_real_eigs): 0.227
torch.Size([64, 1600])
Epoch [240/1000], Wasserstein(eigs,real_eigs): 1.640, Wasserstein(log_eigs,log_real_eigs): 0.228
torch.Size([64, 1600])
Epoch [241/1000], Wasserstein(eigs,real_eigs): 1.717, Wasserstein(log_eigs,log_real_eigs): 0.213
torch.Size([64, 1600])
Epoch [242/1000], Wasserstein(eigs,real_eigs): 1.655, Wasserstein(log_eigs,log_real_eigs): 0.204
torch.Size([64, 1600])
Epoch [243/1000], Wasserstein(eigs,real_eigs): 1.674, Wasserstein(log_eigs,log_real_eigs): 0.204
torch.Size([64, 1600])
Epoch [244/1000], Wasserstein(eigs,real_eigs): 1.754, Wasserstein(log_eigs,log_real_eigs): 0.211
torch.Size([64, 1600])
Epoch [245/1000], Wasserstein(eigs,real_eigs): 1.579, Wasserstein(log_eigs,log_real_eigs): 0.204
torch.Size([64, 1600])
Epoch [246/1000], Wasserstein(eigs,real_eigs): 1.436, Wasserstein(log_eigs,log_real_eigs): 0.205
torch.Size([64, 1600])
Epoch [247/1000], Wasserstein(eigs,real_eigs): 1.275, Wasserstein(log_eigs,log_real_eigs): 0.211
torch.Size([64, 1600])
Epoch [248/1000], Wasserstein(eigs,real_eigs): 1.058, Wasserstein(log_eigs,log_real_eigs): 0.213
torch.Size([64, 1600])
Epoch [249/1000], Wasserstein(eigs,real_eigs): 1.073, Wasserstein(log_eigs,log_real_eigs): 0.214
torch.Size([64, 1600])
Epoch [250/1000], Wasserstein(eigs,real_eigs): 1.103, Wasserstein(log_eigs,log_real_eigs): 0.219
torch.Size([64, 1600])
Epoch [251/1000], Wasserstein(eigs,real_eigs): 0.965, Wasserstein(log_eigs,log_real_eigs): 0.210
torch.Size([64, 1600])
Epoch [252/1000], Wasserstein(eigs,real_eigs): 1.136, Wasserstein(log_eigs,log_real_eigs): 0.226
torch.Size([64, 1600])
Epoch [253/1000], Wasserstein(eigs,real_eigs): 1.143, Wasserstein(log_eigs,log_real_eigs): 0.215
torch.Size([64, 1600])
Epoch [254/1000], Wasserstein(eigs,real_eigs): 1.171, Wasserstein(log_eigs,log_real_eigs): 0.206
torch.Size([64, 1600])
Epoch [255/1000], Wasserstein(eigs,real_eigs): 1.246, Wasserstein(log_eigs,log_real_eigs): 0.212
torch.Size([64, 1600])
Epoch [256/1000], Wasserstein(eigs,real_eigs): 1.140, Wasserstein(log_eigs,log_real_eigs): 0.205
torch.Size([64, 1600])
Epoch [257/1000], Wasserstein(eigs,real_eigs): 1.024, Wasserstein(log_eigs,log_real_eigs): 0.206
torch.Size([64, 1600])
Epoch [258/1000], Wasserstein(eigs,real_eigs): 0.813, Wasserstein(log_eigs,log_real_eigs): 0.195
torch.Size([64, 1600])
Epoch [259/1000], Wasserstein(eigs,real_eigs): 0.772, Wasserstein(log_eigs,log_real_eigs): 0.199
torch.Size([64, 1600])
Epoch [260/1000], Wasserstein(eigs,real_eigs): 0.777, Wasserstein(log_eigs,log_real_eigs): 0.200
torch.Size([64, 1600])
Epoch [261/1000], Wasserstein(eigs,real_eigs): 0.769, Wasserstein(log_eigs,log_real_eigs): 0.208
torch.Size([64, 1600])
Epoch [262/1000], Wasserstein(eigs,real_eigs): 0.709, Wasserstein(log_eigs,log_real_eigs): 0.201
torch.Size([64, 1600])
Epoch [263/1000], Wasserstein(eigs,real_eigs): 0.707, Wasserstein(log_eigs,log_real_eigs): 0.196
torch.Size([64, 1600])
Epoch [264/1000], Wasserstein(eigs,real_eigs): 1.006, Wasserstein(log_eigs,log_real_eigs): 0.200
torch.Size([64, 1600])
Epoch [265/1000], Wasserstein(eigs,real_eigs): 1.251, Wasserstein(log_eigs,log_real_eigs): 0.201
torch.Size([64, 1600])
Epoch [266/1000], Wasserstein(eigs,real_eigs): 1.378, Wasserstein(log_eigs,log_real_eigs): 0.193
torch.Size([64, 1600])
Epoch [267/1000], Wasserstein(eigs,real_eigs): 1.478, Wasserstein(log_eigs,log_real_eigs): 0.184
torch.Size([64, 1600])
Epoch [268/1000], Wasserstein(eigs,real_eigs): 1.408, Wasserstein(log_eigs,log_real_eigs): 0.183
torch.Size([64, 1600])
Epoch [269/1000], Wasserstein(eigs,real_eigs): 1.364, Wasserstein(log_eigs,log_real_eigs): 0.167
torch.Size([64, 1600])
Epoch [270/1000], Wasserstein(eigs,real_eigs): 1.282, Wasserstein(log_eigs,log_real_eigs): 0.171
torch.Size([64, 1600])
Epoch [271/1000], Wasserstein(eigs,real_eigs): 1.175, Wasserstein(log_eigs,log_real_eigs): 0.179
torch.Size([64, 1600])
Epoch [272/1000], Wasserstein(eigs,real_eigs): 1.116, Wasserstein(log_eigs,log_real_eigs): 0.181
torch.Size([64, 1600])
Epoch [273/1000], Wasserstein(eigs,real_eigs): 0.986, Wasserstein(log_eigs,log_real_eigs): 0.187
torch.Size([64, 1600])
Epoch [274/1000], Wasserstein(eigs,real_eigs): 0.838, Wasserstein(log_eigs,log_real_eigs): 0.193
torch.Size([64, 1600])
Epoch [275/1000], Wasserstein(eigs,real_eigs): 0.892, Wasserstein(log_eigs,log_real_eigs): 0.204
torch.Size([64, 1600])
Epoch [276/1000], Wasserstein(eigs,real_eigs): 0.761, Wasserstein(log_eigs,log_real_eigs): 0.195
torch.Size([64, 1600])
Epoch [277/1000], Wasserstein(eigs,real_eigs): 0.658, Wasserstein(log_eigs,log_real_eigs): 0.182
torch.Size([64, 1600])
Epoch [278/1000], Wasserstein(eigs,real_eigs): 0.702, Wasserstein(log_eigs,log_real_eigs): 0.189
torch.Size([64, 1600])
Epoch [279/1000], Wasserstein(eigs,real_eigs): 0.671, Wasserstein(log_eigs,log_real_eigs): 0.187
torch.Size([64, 1600])
Epoch [280/1000], Wasserstein(eigs,real_eigs): 0.702, Wasserstein(log_eigs,log_real_eigs): 0.192
torch.Size([64, 1600])
Epoch [281/1000], Wasserstein(eigs,real_eigs): 0.768, Wasserstein(log_eigs,log_real_eigs): 0.193
torch.Size([64, 1600])
Epoch [282/1000], Wasserstein(eigs,real_eigs): 0.731, Wasserstein(log_eigs,log_real_eigs): 0.184
torch.Size([64, 1600])
Epoch [283/1000], Wasserstein(eigs,real_eigs): 1.097, Wasserstein(log_eigs,log_real_eigs): 0.168
torch.Size([64, 1600])
Epoch [284/1000], Wasserstein(eigs,real_eigs): 1.414, Wasserstein(log_eigs,log_real_eigs): 0.153
torch.Size([64, 1600])
Epoch [285/1000], Wasserstein(eigs,real_eigs): 1.570, Wasserstein(log_eigs,log_real_eigs): 0.144
torch.Size([64, 1600])
Epoch [286/1000], Wasserstein(eigs,real_eigs): 1.658, Wasserstein(log_eigs,log_real_eigs): 0.153
torch.Size([64, 1600])
Epoch [287/1000], Wasserstein(eigs,real_eigs): 1.569, Wasserstein(log_eigs,log_real_eigs): 0.149
torch.Size([64, 1600])
Epoch [288/1000], Wasserstein(eigs,real_eigs): 1.566, Wasserstein(log_eigs,log_real_eigs): 0.146
torch.Size([64, 1600])
Epoch [289/1000], Wasserstein(eigs,real_eigs): 1.549, Wasserstein(log_eigs,log_real_eigs): 0.147
torch.Size([64, 1600])
Epoch [290/1000], Wasserstein(eigs,real_eigs): 1.447, Wasserstein(log_eigs,log_real_eigs): 0.149
torch.Size([64, 1600])
Epoch [291/1000], Wasserstein(eigs,real_eigs): 1.409, Wasserstein(log_eigs,log_real_eigs): 0.151
torch.Size([64, 1600])
Epoch [292/1000], Wasserstein(eigs,real_eigs): 1.328, Wasserstein(log_eigs,log_real_eigs): 0.147
torch.Size([64, 1600])
Epoch [293/1000], Wasserstein(eigs,real_eigs): 1.264, Wasserstein(log_eigs,log_real_eigs): 0.148
torch.Size([64, 1600])
Epoch [294/1000], Wasserstein(eigs,real_eigs): 1.148, Wasserstein(log_eigs,log_real_eigs): 0.147
torch.Size([64, 1600])
Epoch [295/1000], Wasserstein(eigs,real_eigs): 0.955, Wasserstein(log_eigs,log_real_eigs): 0.141
torch.Size([64, 1600])
Epoch [296/1000], Wasserstein(eigs,real_eigs): 0.793, Wasserstein(log_eigs,log_real_eigs): 0.140
torch.Size([64, 1600])
Epoch [297/1000], Wasserstein(eigs,real_eigs): 0.531, Wasserstein(log_eigs,log_real_eigs): 0.149
torch.Size([64, 1600])
Epoch [298/1000], Wasserstein(eigs,real_eigs): 0.507, Wasserstein(log_eigs,log_real_eigs): 0.167
torch.Size([64, 1600])
Epoch [299/1000], Wasserstein(eigs,real_eigs): 0.531, Wasserstein(log_eigs,log_real_eigs): 0.179
torch.Size([64, 1600])
Epoch [300/1000], Wasserstein(eigs,real_eigs): 0.474, Wasserstein(log_eigs,log_real_eigs): 0.177
torch.Size([64, 1600])
Epoch [301/1000], Wasserstein(eigs,real_eigs): 0.416, Wasserstein(log_eigs,log_real_eigs): 0.168
torch.Size([64, 1600])
Epoch [302/1000], Wasserstein(eigs,real_eigs): 0.358, Wasserstein(log_eigs,log_real_eigs): 0.165
torch.Size([64, 1600])
Epoch [303/1000], Wasserstein(eigs,real_eigs): 0.628, Wasserstein(log_eigs,log_real_eigs): 0.146
torch.Size([64, 1600])
Epoch [304/1000], Wasserstein(eigs,real_eigs): 1.519, Wasserstein(log_eigs,log_real_eigs): 0.151
torch.Size([64, 1600])
Epoch [305/1000], Wasserstein(eigs,real_eigs): 1.834, Wasserstein(log_eigs,log_real_eigs): 0.161
torch.Size([64, 1600])
Epoch [306/1000], Wasserstein(eigs,real_eigs): 1.886, Wasserstein(log_eigs,log_real_eigs): 0.161
torch.Size([64, 1600])
Epoch [307/1000], Wasserstein(eigs,real_eigs): 1.944, Wasserstein(log_eigs,log_real_eigs): 0.159
torch.Size([64, 1600])
Epoch [308/1000], Wasserstein(eigs,real_eigs): 1.866, Wasserstein(log_eigs,log_real_eigs): 0.154
torch.Size([64, 1600])
Epoch [309/1000], Wasserstein(eigs,real_eigs): 1.861, Wasserstein(log_eigs,log_real_eigs): 0.159
torch.Size([64, 1600])
Epoch [310/1000], Wasserstein(eigs,real_eigs): 1.755, Wasserstein(log_eigs,log_real_eigs): 0.155
torch.Size([64, 1600])
Epoch [311/1000], Wasserstein(eigs,real_eigs): 1.800, Wasserstein(log_eigs,log_real_eigs): 0.160
torch.Size([64, 1600])
Epoch [312/1000], Wasserstein(eigs,real_eigs): 1.710, Wasserstein(log_eigs,log_real_eigs): 0.157
torch.Size([64, 1600])
Epoch [313/1000], Wasserstein(eigs,real_eigs): 1.616, Wasserstein(log_eigs,log_real_eigs): 0.157
torch.Size([64, 1600])
Epoch [314/1000], Wasserstein(eigs,real_eigs): 1.541, Wasserstein(log_eigs,log_real_eigs): 0.157
torch.Size([64, 1600])
Epoch [315/1000], Wasserstein(eigs,real_eigs): 1.472, Wasserstein(log_eigs,log_real_eigs): 0.155
torch.Size([64, 1600])
Epoch [316/1000], Wasserstein(eigs,real_eigs): 1.414, Wasserstein(log_eigs,log_real_eigs): 0.155
torch.Size([64, 1600])
Epoch [317/1000], Wasserstein(eigs,real_eigs): 1.215, Wasserstein(log_eigs,log_real_eigs): 0.150
torch.Size([64, 1600])
Epoch [318/1000], Wasserstein(eigs,real_eigs): 0.904, Wasserstein(log_eigs,log_real_eigs): 0.150
torch.Size([64, 1600])
Epoch [319/1000], Wasserstein(eigs,real_eigs): 0.433, Wasserstein(log_eigs,log_real_eigs): 0.137
torch.Size([64, 1600])
Epoch [320/1000], Wasserstein(eigs,real_eigs): 0.263, Wasserstein(log_eigs,log_real_eigs): 0.151
torch.Size([64, 1600])
Epoch [321/1000], Wasserstein(eigs,real_eigs): 0.393, Wasserstein(log_eigs,log_real_eigs): 0.170
torch.Size([64, 1600])
Epoch [322/1000], Wasserstein(eigs,real_eigs): 0.377, Wasserstein(log_eigs,log_real_eigs): 0.173
torch.Size([64, 1600])
Epoch [323/1000], Wasserstein(eigs,real_eigs): 0.383, Wasserstein(log_eigs,log_real_eigs): 0.169
torch.Size([64, 1600])
Epoch [324/1000], Wasserstein(eigs,real_eigs): 0.275, Wasserstein(log_eigs,log_real_eigs): 0.150
torch.Size([64, 1600])
Epoch [325/1000], Wasserstein(eigs,real_eigs): 0.280, Wasserstein(log_eigs,log_real_eigs): 0.147
torch.Size([64, 1600])
Epoch [326/1000], Wasserstein(eigs,real_eigs): 0.697, Wasserstein(log_eigs,log_real_eigs): 0.138
torch.Size([64, 1600])
Epoch [327/1000], Wasserstein(eigs,real_eigs): 1.147, Wasserstein(log_eigs,log_real_eigs): 0.149
torch.Size([64, 1600])
Epoch [328/1000], Wasserstein(eigs,real_eigs): 1.366, Wasserstein(log_eigs,log_real_eigs): 0.148
torch.Size([64, 1600])
Epoch [329/1000], Wasserstein(eigs,real_eigs): 1.384, Wasserstein(log_eigs,log_real_eigs): 0.153
torch.Size([64, 1600])
Epoch [330/1000], Wasserstein(eigs,real_eigs): 1.315, Wasserstein(log_eigs,log_real_eigs): 0.151
torch.Size([64, 1600])
Epoch [331/1000], Wasserstein(eigs,real_eigs): 1.340, Wasserstein(log_eigs,log_real_eigs): 0.156
torch.Size([64, 1600])
Epoch [332/1000], Wasserstein(eigs,real_eigs): 1.225, Wasserstein(log_eigs,log_real_eigs): 0.149
torch.Size([64, 1600])
Epoch [333/1000], Wasserstein(eigs,real_eigs): 1.101, Wasserstein(log_eigs,log_real_eigs): 0.148
torch.Size([64, 1600])
Epoch [334/1000], Wasserstein(eigs,real_eigs): 1.010, Wasserstein(log_eigs,log_real_eigs): 0.144
torch.Size([64, 1600])
Epoch [335/1000], Wasserstein(eigs,real_eigs): 0.684, Wasserstein(log_eigs,log_real_eigs): 0.139
torch.Size([64, 1600])
Epoch [336/1000], Wasserstein(eigs,real_eigs): 0.412, Wasserstein(log_eigs,log_real_eigs): 0.142
torch.Size([64, 1600])
Epoch [337/1000], Wasserstein(eigs,real_eigs): 0.511, Wasserstein(log_eigs,log_real_eigs): 0.145
torch.Size([64, 1600])
Epoch [338/1000], Wasserstein(eigs,real_eigs): 0.459, Wasserstein(log_eigs,log_real_eigs): 0.143
torch.Size([64, 1600])
Epoch [339/1000], Wasserstein(eigs,real_eigs): 0.405, Wasserstein(log_eigs,log_real_eigs): 0.141
torch.Size([64, 1600])
Epoch [340/1000], Wasserstein(eigs,real_eigs): 0.512, Wasserstein(log_eigs,log_real_eigs): 0.143
torch.Size([64, 1600])
Epoch [341/1000], Wasserstein(eigs,real_eigs): 1.537, Wasserstein(log_eigs,log_real_eigs): 0.160
torch.Size([64, 1600])
Epoch [342/1000], Wasserstein(eigs,real_eigs): 2.015, Wasserstein(log_eigs,log_real_eigs): 0.171
torch.Size([64, 1600])
Epoch [343/1000], Wasserstein(eigs,real_eigs): 2.119, Wasserstein(log_eigs,log_real_eigs): 0.174
torch.Size([64, 1600])
Epoch [344/1000], Wasserstein(eigs,real_eigs): 2.138, Wasserstein(log_eigs,log_real_eigs): 0.176
torch.Size([64, 1600])
Epoch [345/1000], Wasserstein(eigs,real_eigs): 2.086, Wasserstein(log_eigs,log_real_eigs): 0.171
torch.Size([64, 1600])
Epoch [346/1000], Wasserstein(eigs,real_eigs): 2.102, Wasserstein(log_eigs,log_real_eigs): 0.176
torch.Size([64, 1600])
Epoch [347/1000], Wasserstein(eigs,real_eigs): 2.052, Wasserstein(log_eigs,log_real_eigs): 0.179
torch.Size([64, 1600])
Epoch [348/1000], Wasserstein(eigs,real_eigs): 2.033, Wasserstein(log_eigs,log_real_eigs): 0.171
torch.Size([64, 1600])
Epoch [349/1000], Wasserstein(eigs,real_eigs): 1.950, Wasserstein(log_eigs,log_real_eigs): 0.171
torch.Size([64, 1600])
Epoch [350/1000], Wasserstein(eigs,real_eigs): 1.887, Wasserstein(log_eigs,log_real_eigs): 0.170
torch.Size([64, 1600])
Epoch [351/1000], Wasserstein(eigs,real_eigs): 1.885, Wasserstein(log_eigs,log_real_eigs): 0.171
torch.Size([64, 1600])
Epoch [352/1000], Wasserstein(eigs,real_eigs): 1.747, Wasserstein(log_eigs,log_real_eigs): 0.173
torch.Size([64, 1600])
Epoch [353/1000], Wasserstein(eigs,real_eigs): 1.622, Wasserstein(log_eigs,log_real_eigs): 0.169
torch.Size([64, 1600])
Epoch [354/1000], Wasserstein(eigs,real_eigs): 1.584, Wasserstein(log_eigs,log_real_eigs): 0.163
torch.Size([64, 1600])
Epoch [355/1000], Wasserstein(eigs,real_eigs): 1.403, Wasserstein(log_eigs,log_real_eigs): 0.163
torch.Size([64, 1600])
Epoch [356/1000], Wasserstein(eigs,real_eigs): 1.150, Wasserstein(log_eigs,log_real_eigs): 0.155
torch.Size([64, 1600])
Epoch [357/1000], Wasserstein(eigs,real_eigs): 0.878, Wasserstein(log_eigs,log_real_eigs): 0.144
torch.Size([64, 1600])
Epoch [358/1000], Wasserstein(eigs,real_eigs): 0.583, Wasserstein(log_eigs,log_real_eigs): 0.147
torch.Size([64, 1600])
Epoch [359/1000], Wasserstein(eigs,real_eigs): 0.628, Wasserstein(log_eigs,log_real_eigs): 0.150
torch.Size([64, 1600])
Epoch [360/1000], Wasserstein(eigs,real_eigs): 0.648, Wasserstein(log_eigs,log_real_eigs): 0.149
torch.Size([64, 1600])
Epoch [361/1000], Wasserstein(eigs,real_eigs): 0.542, Wasserstein(log_eigs,log_real_eigs): 0.148
torch.Size([64, 1600])
Epoch [362/1000], Wasserstein(eigs,real_eigs): 0.678, Wasserstein(log_eigs,log_real_eigs): 0.156
torch.Size([64, 1600])
Epoch [363/1000], Wasserstein(eigs,real_eigs): 0.740, Wasserstein(log_eigs,log_real_eigs): 0.149
torch.Size([64, 1600])
Epoch [364/1000], Wasserstein(eigs,real_eigs): 0.748, Wasserstein(log_eigs,log_real_eigs): 0.150
torch.Size([64, 1600])
Epoch [365/1000], Wasserstein(eigs,real_eigs): 0.749, Wasserstein(log_eigs,log_real_eigs): 0.152
torch.Size([64, 1600])
Epoch [366/1000], Wasserstein(eigs,real_eigs): 0.768, Wasserstein(log_eigs,log_real_eigs): 0.152
torch.Size([64, 1600])
Epoch [367/1000], Wasserstein(eigs,real_eigs): 0.713, Wasserstein(log_eigs,log_real_eigs): 0.148
torch.Size([64, 1600])
Epoch [368/1000], Wasserstein(eigs,real_eigs): 1.419, Wasserstein(log_eigs,log_real_eigs): 0.164
torch.Size([64, 1600])
Epoch [369/1000], Wasserstein(eigs,real_eigs): 1.718, Wasserstein(log_eigs,log_real_eigs): 0.174
torch.Size([64, 1600])
Epoch [370/1000], Wasserstein(eigs,real_eigs): 1.782, Wasserstein(log_eigs,log_real_eigs): 0.174
torch.Size([64, 1600])
Epoch [371/1000], Wasserstein(eigs,real_eigs): 1.811, Wasserstein(log_eigs,log_real_eigs): 0.168
torch.Size([64, 1600])
Epoch [372/1000], Wasserstein(eigs,real_eigs): 1.770, Wasserstein(log_eigs,log_real_eigs): 0.175
torch.Size([64, 1600])
Epoch [373/1000], Wasserstein(eigs,real_eigs): 1.796, Wasserstein(log_eigs,log_real_eigs): 0.177
torch.Size([64, 1600])
Epoch [374/1000], Wasserstein(eigs,real_eigs): 1.706, Wasserstein(log_eigs,log_real_eigs): 0.176
torch.Size([64, 1600])
Epoch [375/1000], Wasserstein(eigs,real_eigs): 1.632, Wasserstein(log_eigs,log_real_eigs): 0.177
torch.Size([64, 1600])
Epoch [376/1000], Wasserstein(eigs,real_eigs): 1.595, Wasserstein(log_eigs,log_real_eigs): 0.177
torch.Size([64, 1600])
Epoch [377/1000], Wasserstein(eigs,real_eigs): 1.463, Wasserstein(log_eigs,log_real_eigs): 0.170
torch.Size([64, 1600])
Epoch [378/1000], Wasserstein(eigs,real_eigs): 1.398, Wasserstein(log_eigs,log_real_eigs): 0.177
torch.Size([64, 1600])
Epoch [379/1000], Wasserstein(eigs,real_eigs): 1.156, Wasserstein(log_eigs,log_real_eigs): 0.164
torch.Size([64, 1600])
Epoch [380/1000], Wasserstein(eigs,real_eigs): 1.067, Wasserstein(log_eigs,log_real_eigs): 0.164
torch.Size([64, 1600])
Epoch [381/1000], Wasserstein(eigs,real_eigs): 1.055, Wasserstein(log_eigs,log_real_eigs): 0.157
torch.Size([64, 1600])
Epoch [382/1000], Wasserstein(eigs,real_eigs): 0.913, Wasserstein(log_eigs,log_real_eigs): 0.158
torch.Size([64, 1600])
Epoch [383/1000], Wasserstein(eigs,real_eigs): 0.949, Wasserstein(log_eigs,log_real_eigs): 0.159
torch.Size([64, 1600])
Epoch [384/1000], Wasserstein(eigs,real_eigs): 0.906, Wasserstein(log_eigs,log_real_eigs): 0.160
torch.Size([64, 1600])
Epoch [385/1000], Wasserstein(eigs,real_eigs): 0.869, Wasserstein(log_eigs,log_real_eigs): 0.154
torch.Size([64, 1600])
Epoch [386/1000], Wasserstein(eigs,real_eigs): 1.354, Wasserstein(log_eigs,log_real_eigs): 0.162
torch.Size([64, 1600])
Epoch [387/1000], Wasserstein(eigs,real_eigs): 1.658, Wasserstein(log_eigs,log_real_eigs): 0.175
torch.Size([64, 1600])
Epoch [388/1000], Wasserstein(eigs,real_eigs): 1.759, Wasserstein(log_eigs,log_real_eigs): 0.186
torch.Size([64, 1600])
Epoch [389/1000], Wasserstein(eigs,real_eigs): 1.809, Wasserstein(log_eigs,log_real_eigs): 0.184
torch.Size([64, 1600])
Epoch [390/1000], Wasserstein(eigs,real_eigs): 1.817, Wasserstein(log_eigs,log_real_eigs): 0.186
torch.Size([64, 1600])
Epoch [391/1000], Wasserstein(eigs,real_eigs): 1.774, Wasserstein(log_eigs,log_real_eigs): 0.172
torch.Size([64, 1600])
Epoch [392/1000], Wasserstein(eigs,real_eigs): 1.801, Wasserstein(log_eigs,log_real_eigs): 0.189
torch.Size([64, 1600])
Epoch [393/1000], Wasserstein(eigs,real_eigs): 1.662, Wasserstein(log_eigs,log_real_eigs): 0.182
torch.Size([64, 1600])
Epoch [394/1000], Wasserstein(eigs,real_eigs): 1.632, Wasserstein(log_eigs,log_real_eigs): 0.179
torch.Size([64, 1600])
Epoch [395/1000], Wasserstein(eigs,real_eigs): 1.476, Wasserstein(log_eigs,log_real_eigs): 0.172
torch.Size([64, 1600])
Epoch [396/1000], Wasserstein(eigs,real_eigs): 1.271, Wasserstein(log_eigs,log_real_eigs): 0.168
torch.Size([64, 1600])
Epoch [397/1000], Wasserstein(eigs,real_eigs): 1.111, Wasserstein(log_eigs,log_real_eigs): 0.167
torch.Size([64, 1600])
Epoch [398/1000], Wasserstein(eigs,real_eigs): 1.035, Wasserstein(log_eigs,log_real_eigs): 0.155
torch.Size([64, 1600])
Epoch [399/1000], Wasserstein(eigs,real_eigs): 1.123, Wasserstein(log_eigs,log_real_eigs): 0.161
torch.Size([64, 1600])
Epoch [400/1000], Wasserstein(eigs,real_eigs): 0.899, Wasserstein(log_eigs,log_real_eigs): 0.149
torch.Size([64, 1600])
Epoch [401/1000], Wasserstein(eigs,real_eigs): 0.762, Wasserstein(log_eigs,log_real_eigs): 0.152
torch.Size([64, 1600])
Epoch [402/1000], Wasserstein(eigs,real_eigs): 1.558, Wasserstein(log_eigs,log_real_eigs): 0.175
torch.Size([64, 1600])
Epoch [403/1000], Wasserstein(eigs,real_eigs): 2.221, Wasserstein(log_eigs,log_real_eigs): 0.192
torch.Size([64, 1600])
Epoch [404/1000], Wasserstein(eigs,real_eigs): 2.251, Wasserstein(log_eigs,log_real_eigs): 0.187
torch.Size([64, 1600])
Epoch [405/1000], Wasserstein(eigs,real_eigs): 2.281, Wasserstein(log_eigs,log_real_eigs): 0.188
torch.Size([64, 1600])
Epoch [406/1000], Wasserstein(eigs,real_eigs): 2.277, Wasserstein(log_eigs,log_real_eigs): 0.196
torch.Size([64, 1600])
Epoch [407/1000], Wasserstein(eigs,real_eigs): 2.241, Wasserstein(log_eigs,log_real_eigs): 0.194
torch.Size([64, 1600])
Epoch [408/1000], Wasserstein(eigs,real_eigs): 2.285, Wasserstein(log_eigs,log_real_eigs): 0.191
torch.Size([64, 1600])
Epoch [409/1000], Wasserstein(eigs,real_eigs): 2.212, Wasserstein(log_eigs,log_real_eigs): 0.188
torch.Size([64, 1600])
Epoch [410/1000], Wasserstein(eigs,real_eigs): 2.181, Wasserstein(log_eigs,log_real_eigs): 0.192
torch.Size([64, 1600])
Epoch [411/1000], Wasserstein(eigs,real_eigs): 2.215, Wasserstein(log_eigs,log_real_eigs): 0.201
torch.Size([64, 1600])
Epoch [412/1000], Wasserstein(eigs,real_eigs): 2.116, Wasserstein(log_eigs,log_real_eigs): 0.195
torch.Size([64, 1600])
Epoch [413/1000], Wasserstein(eigs,real_eigs): 2.029, Wasserstein(log_eigs,log_real_eigs): 0.189
torch.Size([64, 1600])
Epoch [414/1000], Wasserstein(eigs,real_eigs): 1.951, Wasserstein(log_eigs,log_real_eigs): 0.190
torch.Size([64, 1600])
Epoch [415/1000], Wasserstein(eigs,real_eigs): 1.901, Wasserstein(log_eigs,log_real_eigs): 0.190
torch.Size([64, 1600])
Epoch [416/1000], Wasserstein(eigs,real_eigs): 1.818, Wasserstein(log_eigs,log_real_eigs): 0.189
torch.Size([64, 1600])
Epoch [417/1000], Wasserstein(eigs,real_eigs): 1.711, Wasserstein(log_eigs,log_real_eigs): 0.185
torch.Size([64, 1600])
Epoch [418/1000], Wasserstein(eigs,real_eigs): 1.561, Wasserstein(log_eigs,log_real_eigs): 0.179
torch.Size([64, 1600])
Epoch [419/1000], Wasserstein(eigs,real_eigs): 1.329, Wasserstein(log_eigs,log_real_eigs): 0.173
torch.Size([64, 1600])
Epoch [420/1000], Wasserstein(eigs,real_eigs): 0.986, Wasserstein(log_eigs,log_real_eigs): 0.168
torch.Size([64, 1600])
Epoch [421/1000], Wasserstein(eigs,real_eigs): 0.849, Wasserstein(log_eigs,log_real_eigs): 0.149
torch.Size([64, 1600])
Epoch [422/1000], Wasserstein(eigs,real_eigs): 0.668, Wasserstein(log_eigs,log_real_eigs): 0.146
torch.Size([64, 1600])
Epoch [423/1000], Wasserstein(eigs,real_eigs): 0.507, Wasserstein(log_eigs,log_real_eigs): 0.149
torch.Size([64, 1600])
Epoch [424/1000], Wasserstein(eigs,real_eigs): 0.250, Wasserstein(log_eigs,log_real_eigs): 0.136
torch.Size([64, 1600])
Epoch [425/1000], Wasserstein(eigs,real_eigs): 0.362, Wasserstein(log_eigs,log_real_eigs): 0.137
torch.Size([64, 1600])
Epoch [426/1000], Wasserstein(eigs,real_eigs): 0.424, Wasserstein(log_eigs,log_real_eigs): 0.141
torch.Size([64, 1600])
Epoch [427/1000], Wasserstein(eigs,real_eigs): 0.415, Wasserstein(log_eigs,log_real_eigs): 0.137
torch.Size([64, 1600])
Epoch [428/1000], Wasserstein(eigs,real_eigs): 0.677, Wasserstein(log_eigs,log_real_eigs): 0.143
torch.Size([64, 1600])
Epoch [429/1000], Wasserstein(eigs,real_eigs): 1.304, Wasserstein(log_eigs,log_real_eigs): 0.155
torch.Size([64, 1600])
Epoch [430/1000], Wasserstein(eigs,real_eigs): 1.570, Wasserstein(log_eigs,log_real_eigs): 0.164
torch.Size([64, 1600])
Epoch [431/1000], Wasserstein(eigs,real_eigs): 1.620, Wasserstein(log_eigs,log_real_eigs): 0.162
torch.Size([64, 1600])
Epoch [432/1000], Wasserstein(eigs,real_eigs): 1.678, Wasserstein(log_eigs,log_real_eigs): 0.163
torch.Size([64, 1600])
Epoch [433/1000], Wasserstein(eigs,real_eigs): 1.634, Wasserstein(log_eigs,log_real_eigs): 0.156
torch.Size([64, 1600])
Epoch [434/1000], Wasserstein(eigs,real_eigs): 1.602, Wasserstein(log_eigs,log_real_eigs): 0.169
torch.Size([64, 1600])
Epoch [435/1000], Wasserstein(eigs,real_eigs): 1.579, Wasserstein(log_eigs,log_real_eigs): 0.156
torch.Size([64, 1600])
Epoch [436/1000], Wasserstein(eigs,real_eigs): 1.483, Wasserstein(log_eigs,log_real_eigs): 0.167
torch.Size([64, 1600])
Epoch [437/1000], Wasserstein(eigs,real_eigs): 1.397, Wasserstein(log_eigs,log_real_eigs): 0.156
torch.Size([64, 1600])
Epoch [438/1000], Wasserstein(eigs,real_eigs): 1.312, Wasserstein(log_eigs,log_real_eigs): 0.160
torch.Size([64, 1600])
Epoch [439/1000], Wasserstein(eigs,real_eigs): 1.118, Wasserstein(log_eigs,log_real_eigs): 0.155
torch.Size([64, 1600])
Epoch [440/1000], Wasserstein(eigs,real_eigs): 0.935, Wasserstein(log_eigs,log_real_eigs): 0.154
torch.Size([64, 1600])
Epoch [441/1000], Wasserstein(eigs,real_eigs): 0.660, Wasserstein(log_eigs,log_real_eigs): 0.153
torch.Size([64, 1600])
Epoch [442/1000], Wasserstein(eigs,real_eigs): 0.634, Wasserstein(log_eigs,log_real_eigs): 0.151
torch.Size([64, 1600])
Epoch [443/1000], Wasserstein(eigs,real_eigs): 0.545, Wasserstein(log_eigs,log_real_eigs): 0.158
torch.Size([64, 1600])
Epoch [444/1000], Wasserstein(eigs,real_eigs): 0.496, Wasserstein(log_eigs,log_real_eigs): 0.154
torch.Size([64, 1600])
Epoch [445/1000], Wasserstein(eigs,real_eigs): 0.248, Wasserstein(log_eigs,log_real_eigs): 0.142
torch.Size([64, 1600])
Epoch [446/1000], Wasserstein(eigs,real_eigs): 0.498, Wasserstein(log_eigs,log_real_eigs): 0.150
torch.Size([64, 1600])
Epoch [447/1000], Wasserstein(eigs,real_eigs): 1.372, Wasserstein(log_eigs,log_real_eigs): 0.157
torch.Size([64, 1600])
Epoch [448/1000], Wasserstein(eigs,real_eigs): 1.885, Wasserstein(log_eigs,log_real_eigs): 0.165
torch.Size([64, 1600])
Epoch [449/1000], Wasserstein(eigs,real_eigs): 1.954, Wasserstein(log_eigs,log_real_eigs): 0.165
torch.Size([64, 1600])
Epoch [450/1000], Wasserstein(eigs,real_eigs): 2.011, Wasserstein(log_eigs,log_real_eigs): 0.168
torch.Size([64, 1600])
Epoch [451/1000], Wasserstein(eigs,real_eigs): 2.032, Wasserstein(log_eigs,log_real_eigs): 0.168
torch.Size([64, 1600])
Epoch [452/1000], Wasserstein(eigs,real_eigs): 2.002, Wasserstein(log_eigs,log_real_eigs): 0.167
torch.Size([64, 1600])
Epoch [453/1000], Wasserstein(eigs,real_eigs): 2.042, Wasserstein(log_eigs,log_real_eigs): 0.171
torch.Size([64, 1600])
Epoch [454/1000], Wasserstein(eigs,real_eigs): 1.954, Wasserstein(log_eigs,log_real_eigs): 0.169
torch.Size([64, 1600])
Epoch [455/1000], Wasserstein(eigs,real_eigs): 2.003, Wasserstein(log_eigs,log_real_eigs): 0.170
torch.Size([64, 1600])
Epoch [456/1000], Wasserstein(eigs,real_eigs): 1.960, Wasserstein(log_eigs,log_real_eigs): 0.166
torch.Size([64, 1600])
Epoch [457/1000], Wasserstein(eigs,real_eigs): 1.915, Wasserstein(log_eigs,log_real_eigs): 0.171
torch.Size([64, 1600])
Epoch [458/1000], Wasserstein(eigs,real_eigs): 1.898, Wasserstein(log_eigs,log_real_eigs): 0.170
torch.Size([64, 1600])
Epoch [459/1000], Wasserstein(eigs,real_eigs): 1.866, Wasserstein(log_eigs,log_real_eigs): 0.166
torch.Size([64, 1600])
Epoch [460/1000], Wasserstein(eigs,real_eigs): 1.768, Wasserstein(log_eigs,log_real_eigs): 0.162
torch.Size([64, 1600])
Epoch [461/1000], Wasserstein(eigs,real_eigs): 1.719, Wasserstein(log_eigs,log_real_eigs): 0.172
torch.Size([64, 1600])
Epoch [462/1000], Wasserstein(eigs,real_eigs): 1.650, Wasserstein(log_eigs,log_real_eigs): 0.161
torch.Size([64, 1600])
Epoch [463/1000], Wasserstein(eigs,real_eigs): 1.623, Wasserstein(log_eigs,log_real_eigs): 0.173
torch.Size([64, 1600])
Epoch [464/1000], Wasserstein(eigs,real_eigs): 1.548, Wasserstein(log_eigs,log_real_eigs): 0.157
torch.Size([64, 1600])
Epoch [465/1000], Wasserstein(eigs,real_eigs): 1.454, Wasserstein(log_eigs,log_real_eigs): 0.164
torch.Size([64, 1600])
Epoch [466/1000], Wasserstein(eigs,real_eigs): 1.336, Wasserstein(log_eigs,log_real_eigs): 0.168
torch.Size([64, 1600])
Epoch [467/1000], Wasserstein(eigs,real_eigs): 1.150, Wasserstein(log_eigs,log_real_eigs): 0.147
torch.Size([64, 1600])
Epoch [468/1000], Wasserstein(eigs,real_eigs): 0.979, Wasserstein(log_eigs,log_real_eigs): 0.153
torch.Size([64, 1600])
Epoch [469/1000], Wasserstein(eigs,real_eigs): 0.692, Wasserstein(log_eigs,log_real_eigs): 0.147
torch.Size([64, 1600])
Epoch [470/1000], Wasserstein(eigs,real_eigs): 0.437, Wasserstein(log_eigs,log_real_eigs): 0.143
torch.Size([64, 1600])
Epoch [471/1000], Wasserstein(eigs,real_eigs): 0.473, Wasserstein(log_eigs,log_real_eigs): 0.161
torch.Size([64, 1600])
Epoch [472/1000], Wasserstein(eigs,real_eigs): 0.504, Wasserstein(log_eigs,log_real_eigs): 0.174
torch.Size([64, 1600])
Epoch [473/1000], Wasserstein(eigs,real_eigs): 0.495, Wasserstein(log_eigs,log_real_eigs): 0.184
torch.Size([64, 1600])
Epoch [474/1000], Wasserstein(eigs,real_eigs): 0.423, Wasserstein(log_eigs,log_real_eigs): 0.180
torch.Size([64, 1600])
Epoch [475/1000], Wasserstein(eigs,real_eigs): 0.602, Wasserstein(log_eigs,log_real_eigs): 0.176
torch.Size([64, 1600])
Epoch [476/1000], Wasserstein(eigs,real_eigs): 1.207, Wasserstein(log_eigs,log_real_eigs): 0.162
torch.Size([64, 1600])
Epoch [477/1000], Wasserstein(eigs,real_eigs): 1.635, Wasserstein(log_eigs,log_real_eigs): 0.163
torch.Size([64, 1600])
Epoch [478/1000], Wasserstein(eigs,real_eigs): 1.740, Wasserstein(log_eigs,log_real_eigs): 0.169
torch.Size([64, 1600])
Epoch [479/1000], Wasserstein(eigs,real_eigs): 1.772, Wasserstein(log_eigs,log_real_eigs): 0.153
torch.Size([64, 1600])
Epoch [480/1000], Wasserstein(eigs,real_eigs): 1.829, Wasserstein(log_eigs,log_real_eigs): 0.162
torch.Size([64, 1600])
Epoch [481/1000], Wasserstein(eigs,real_eigs): 1.800, Wasserstein(log_eigs,log_real_eigs): 0.165
torch.Size([64, 1600])
Epoch [482/1000], Wasserstein(eigs,real_eigs): 1.823, Wasserstein(log_eigs,log_real_eigs): 0.164
torch.Size([64, 1600])
Epoch [483/1000], Wasserstein(eigs,real_eigs): 1.737, Wasserstein(log_eigs,log_real_eigs): 0.165
torch.Size([64, 1600])
Epoch [484/1000], Wasserstein(eigs,real_eigs): 1.764, Wasserstein(log_eigs,log_real_eigs): 0.164
torch.Size([64, 1600])
Epoch [485/1000], Wasserstein(eigs,real_eigs): 1.736, Wasserstein(log_eigs,log_real_eigs): 0.165
torch.Size([64, 1600])
Epoch [486/1000], Wasserstein(eigs,real_eigs): 1.705, Wasserstein(log_eigs,log_real_eigs): 0.165
torch.Size([64, 1600])
Epoch [487/1000], Wasserstein(eigs,real_eigs): 1.592, Wasserstein(log_eigs,log_real_eigs): 0.165
torch.Size([64, 1600])
Epoch [488/1000], Wasserstein(eigs,real_eigs): 1.572, Wasserstein(log_eigs,log_real_eigs): 0.162
torch.Size([64, 1600])
Epoch [489/1000], Wasserstein(eigs,real_eigs): 1.567, Wasserstein(log_eigs,log_real_eigs): 0.163
torch.Size([64, 1600])
Epoch [490/1000], Wasserstein(eigs,real_eigs): 1.405, Wasserstein(log_eigs,log_real_eigs): 0.165
torch.Size([64, 1600])
Epoch [491/1000], Wasserstein(eigs,real_eigs): 1.389, Wasserstein(log_eigs,log_real_eigs): 0.154
torch.Size([64, 1600])
Epoch [492/1000], Wasserstein(eigs,real_eigs): 1.178, Wasserstein(log_eigs,log_real_eigs): 0.151
torch.Size([64, 1600])
Epoch [493/1000], Wasserstein(eigs,real_eigs): 1.034, Wasserstein(log_eigs,log_real_eigs): 0.157
torch.Size([64, 1600])
Epoch [494/1000], Wasserstein(eigs,real_eigs): 0.794, Wasserstein(log_eigs,log_real_eigs): 0.155
torch.Size([64, 1600])
Epoch [495/1000], Wasserstein(eigs,real_eigs): 0.587, Wasserstein(log_eigs,log_real_eigs): 0.153
torch.Size([64, 1600])
Epoch [496/1000], Wasserstein(eigs,real_eigs): 0.518, Wasserstein(log_eigs,log_real_eigs): 0.154
torch.Size([64, 1600])
Epoch [497/1000], Wasserstein(eigs,real_eigs): 0.527, Wasserstein(log_eigs,log_real_eigs): 0.161
torch.Size([64, 1600])
Epoch [498/1000], Wasserstein(eigs,real_eigs): 0.506, Wasserstein(log_eigs,log_real_eigs): 0.170
torch.Size([64, 1600])
Epoch [499/1000], Wasserstein(eigs,real_eigs): 0.431, Wasserstein(log_eigs,log_real_eigs): 0.173
torch.Size([64, 1600])
Epoch [500/1000], Wasserstein(eigs,real_eigs): 0.321, Wasserstein(log_eigs,log_real_eigs): 0.167
torch.Size([64, 1600])
Epoch [501/1000], Wasserstein(eigs,real_eigs): 0.911, Wasserstein(log_eigs,log_real_eigs): 0.153
torch.Size([64, 1600])
Epoch [502/1000], Wasserstein(eigs,real_eigs): 1.764, Wasserstein(log_eigs,log_real_eigs): 0.164
torch.Size([64, 1600])
Epoch [503/1000], Wasserstein(eigs,real_eigs): 1.965, Wasserstein(log_eigs,log_real_eigs): 0.160
torch.Size([64, 1600])
Epoch [504/1000], Wasserstein(eigs,real_eigs): 2.072, Wasserstein(log_eigs,log_real_eigs): 0.169
torch.Size([64, 1600])
Epoch [505/1000], Wasserstein(eigs,real_eigs): 2.054, Wasserstein(log_eigs,log_real_eigs): 0.168
torch.Size([64, 1600])
Epoch [506/1000], Wasserstein(eigs,real_eigs): 2.091, Wasserstein(log_eigs,log_real_eigs): 0.167
torch.Size([64, 1600])
Epoch [507/1000], Wasserstein(eigs,real_eigs): 2.134, Wasserstein(log_eigs,log_real_eigs): 0.172
torch.Size([64, 1600])
Epoch [508/1000], Wasserstein(eigs,real_eigs): 2.097, Wasserstein(log_eigs,log_real_eigs): 0.175
torch.Size([64, 1600])
Epoch [509/1000], Wasserstein(eigs,real_eigs): 2.088, Wasserstein(log_eigs,log_real_eigs): 0.169
torch.Size([64, 1600])
Epoch [510/1000], Wasserstein(eigs,real_eigs): 2.072, Wasserstein(log_eigs,log_real_eigs): 0.164
torch.Size([64, 1600])
Epoch [511/1000], Wasserstein(eigs,real_eigs): 1.982, Wasserstein(log_eigs,log_real_eigs): 0.167
torch.Size([64, 1600])
Epoch [512/1000], Wasserstein(eigs,real_eigs): 2.004, Wasserstein(log_eigs,log_real_eigs): 0.169
torch.Size([64, 1600])
Epoch [513/1000], Wasserstein(eigs,real_eigs): 1.876, Wasserstein(log_eigs,log_real_eigs): 0.165
torch.Size([64, 1600])
Epoch [514/1000], Wasserstein(eigs,real_eigs): 1.852, Wasserstein(log_eigs,log_real_eigs): 0.169
torch.Size([64, 1600])
Epoch [515/1000], Wasserstein(eigs,real_eigs): 1.860, Wasserstein(log_eigs,log_real_eigs): 0.168
torch.Size([64, 1600])
Epoch [516/1000], Wasserstein(eigs,real_eigs): 1.784, Wasserstein(log_eigs,log_real_eigs): 0.166
torch.Size([64, 1600])
Epoch [517/1000], Wasserstein(eigs,real_eigs): 1.766, Wasserstein(log_eigs,log_real_eigs): 0.171
torch.Size([64, 1600])
Epoch [518/1000], Wasserstein(eigs,real_eigs): 1.666, Wasserstein(log_eigs,log_real_eigs): 0.167
torch.Size([64, 1600])
Epoch [519/1000], Wasserstein(eigs,real_eigs): 1.520, Wasserstein(log_eigs,log_real_eigs): 0.164
torch.Size([64, 1600])
Epoch [520/1000], Wasserstein(eigs,real_eigs): 1.468, Wasserstein(log_eigs,log_real_eigs): 0.162
torch.Size([64, 1600])
Epoch [521/1000], Wasserstein(eigs,real_eigs): 1.275, Wasserstein(log_eigs,log_real_eigs): 0.158
torch.Size([64, 1600])
Epoch [522/1000], Wasserstein(eigs,real_eigs): 1.074, Wasserstein(log_eigs,log_real_eigs): 0.156
torch.Size([64, 1600])
Epoch [523/1000], Wasserstein(eigs,real_eigs): 0.831, Wasserstein(log_eigs,log_real_eigs): 0.155
torch.Size([64, 1600])
Epoch [524/1000], Wasserstein(eigs,real_eigs): 0.479, Wasserstein(log_eigs,log_real_eigs): 0.151
torch.Size([64, 1600])
Epoch [525/1000], Wasserstein(eigs,real_eigs): 0.477, Wasserstein(log_eigs,log_real_eigs): 0.163
torch.Size([64, 1600])
Epoch [526/1000], Wasserstein(eigs,real_eigs): 0.429, Wasserstein(log_eigs,log_real_eigs): 0.165
torch.Size([64, 1600])
Epoch [527/1000], Wasserstein(eigs,real_eigs): 0.418, Wasserstein(log_eigs,log_real_eigs): 0.166
torch.Size([64, 1600])
Epoch [528/1000], Wasserstein(eigs,real_eigs): 0.440, Wasserstein(log_eigs,log_real_eigs): 0.179
torch.Size([64, 1600])
Epoch [529/1000], Wasserstein(eigs,real_eigs): 0.468, Wasserstein(log_eigs,log_real_eigs): 0.171
torch.Size([64, 1600])
Epoch [530/1000], Wasserstein(eigs,real_eigs): 0.443, Wasserstein(log_eigs,log_real_eigs): 0.170
torch.Size([64, 1600])
Epoch [531/1000], Wasserstein(eigs,real_eigs): 0.484, Wasserstein(log_eigs,log_real_eigs): 0.160
torch.Size([64, 1600])
Epoch [532/1000], Wasserstein(eigs,real_eigs): 0.785, Wasserstein(log_eigs,log_real_eigs): 0.149
torch.Size([64, 1600])
Epoch [533/1000], Wasserstein(eigs,real_eigs): 1.025, Wasserstein(log_eigs,log_real_eigs): 0.157
torch.Size([64, 1600])
Epoch [534/1000], Wasserstein(eigs,real_eigs): 1.170, Wasserstein(log_eigs,log_real_eigs): 0.154
torch.Size([64, 1600])
Epoch [535/1000], Wasserstein(eigs,real_eigs): 1.231, Wasserstein(log_eigs,log_real_eigs): 0.151
torch.Size([64, 1600])
Epoch [536/1000], Wasserstein(eigs,real_eigs): 1.220, Wasserstein(log_eigs,log_real_eigs): 0.155
torch.Size([64, 1600])
Epoch [537/1000], Wasserstein(eigs,real_eigs): 1.230, Wasserstein(log_eigs,log_real_eigs): 0.153
torch.Size([64, 1600])
Epoch [538/1000], Wasserstein(eigs,real_eigs): 1.306, Wasserstein(log_eigs,log_real_eigs): 0.158
torch.Size([64, 1600])
Epoch [539/1000], Wasserstein(eigs,real_eigs): 1.236, Wasserstein(log_eigs,log_real_eigs): 0.160
torch.Size([64, 1600])
Epoch [540/1000], Wasserstein(eigs,real_eigs): 1.135, Wasserstein(log_eigs,log_real_eigs): 0.155
torch.Size([64, 1600])
Epoch [541/1000], Wasserstein(eigs,real_eigs): 1.097, Wasserstein(log_eigs,log_real_eigs): 0.159
torch.Size([64, 1600])
Epoch [542/1000], Wasserstein(eigs,real_eigs): 1.002, Wasserstein(log_eigs,log_real_eigs): 0.151
torch.Size([64, 1600])
Epoch [543/1000], Wasserstein(eigs,real_eigs): 0.806, Wasserstein(log_eigs,log_real_eigs): 0.151
torch.Size([64, 1600])
Epoch [544/1000], Wasserstein(eigs,real_eigs): 0.546, Wasserstein(log_eigs,log_real_eigs): 0.143
torch.Size([64, 1600])
Epoch [545/1000], Wasserstein(eigs,real_eigs): 0.393, Wasserstein(log_eigs,log_real_eigs): 0.149
torch.Size([64, 1600])
Epoch [546/1000], Wasserstein(eigs,real_eigs): 0.451, Wasserstein(log_eigs,log_real_eigs): 0.153
torch.Size([64, 1600])
Epoch [547/1000], Wasserstein(eigs,real_eigs): 0.521, Wasserstein(log_eigs,log_real_eigs): 0.166
torch.Size([64, 1600])
Epoch [548/1000], Wasserstein(eigs,real_eigs): 0.500, Wasserstein(log_eigs,log_real_eigs): 0.165
torch.Size([64, 1600])
Epoch [549/1000], Wasserstein(eigs,real_eigs): 0.458, Wasserstein(log_eigs,log_real_eigs): 0.165
torch.Size([64, 1600])
Epoch [550/1000], Wasserstein(eigs,real_eigs): 0.399, Wasserstein(log_eigs,log_real_eigs): 0.164
torch.Size([64, 1600])
Epoch [551/1000], Wasserstein(eigs,real_eigs): 0.404, Wasserstein(log_eigs,log_real_eigs): 0.171
torch.Size([64, 1600])
Epoch [552/1000], Wasserstein(eigs,real_eigs): 0.324, Wasserstein(log_eigs,log_real_eigs): 0.161
torch.Size([64, 1600])
Epoch [553/1000], Wasserstein(eigs,real_eigs): 0.647, Wasserstein(log_eigs,log_real_eigs): 0.158
torch.Size([64, 1600])
Epoch [554/1000], Wasserstein(eigs,real_eigs): 1.288, Wasserstein(log_eigs,log_real_eigs): 0.157
torch.Size([64, 1600])
Epoch [555/1000], Wasserstein(eigs,real_eigs): 1.591, Wasserstein(log_eigs,log_real_eigs): 0.160
torch.Size([64, 1600])
Epoch [556/1000], Wasserstein(eigs,real_eigs): 1.722, Wasserstein(log_eigs,log_real_eigs): 0.160
torch.Size([64, 1600])
Epoch [557/1000], Wasserstein(eigs,real_eigs): 1.761, Wasserstein(log_eigs,log_real_eigs): 0.166
torch.Size([64, 1600])
Epoch [558/1000], Wasserstein(eigs,real_eigs): 1.855, Wasserstein(log_eigs,log_real_eigs): 0.169
torch.Size([64, 1600])
Epoch [559/1000], Wasserstein(eigs,real_eigs): 1.723, Wasserstein(log_eigs,log_real_eigs): 0.155
torch.Size([64, 1600])
Epoch [560/1000], Wasserstein(eigs,real_eigs): 1.716, Wasserstein(log_eigs,log_real_eigs): 0.164
torch.Size([64, 1600])
Epoch [561/1000], Wasserstein(eigs,real_eigs): 1.731, Wasserstein(log_eigs,log_real_eigs): 0.169
torch.Size([64, 1600])
Epoch [562/1000], Wasserstein(eigs,real_eigs): 1.757, Wasserstein(log_eigs,log_real_eigs): 0.162
torch.Size([64, 1600])
Epoch [563/1000], Wasserstein(eigs,real_eigs): 1.667, Wasserstein(log_eigs,log_real_eigs): 0.168
torch.Size([64, 1600])
Epoch [564/1000], Wasserstein(eigs,real_eigs): 1.651, Wasserstein(log_eigs,log_real_eigs): 0.160
torch.Size([64, 1600])
Epoch [565/1000], Wasserstein(eigs,real_eigs): 1.604, Wasserstein(log_eigs,log_real_eigs): 0.164
torch.Size([64, 1600])
Epoch [566/1000], Wasserstein(eigs,real_eigs): 1.576, Wasserstein(log_eigs,log_real_eigs): 0.162
torch.Size([64, 1600])
Epoch [567/1000], Wasserstein(eigs,real_eigs): 1.449, Wasserstein(log_eigs,log_real_eigs): 0.165
torch.Size([64, 1600])
Epoch [568/1000], Wasserstein(eigs,real_eigs): 1.411, Wasserstein(log_eigs,log_real_eigs): 0.158
torch.Size([64, 1600])
Epoch [569/1000], Wasserstein(eigs,real_eigs): 1.313, Wasserstein(log_eigs,log_real_eigs): 0.159
torch.Size([64, 1600])
Epoch [570/1000], Wasserstein(eigs,real_eigs): 1.139, Wasserstein(log_eigs,log_real_eigs): 0.152
torch.Size([64, 1600])
Epoch [571/1000], Wasserstein(eigs,real_eigs): 1.075, Wasserstein(log_eigs,log_real_eigs): 0.153
torch.Size([64, 1600])
Epoch [572/1000], Wasserstein(eigs,real_eigs): 0.803, Wasserstein(log_eigs,log_real_eigs): 0.157
torch.Size([64, 1600])
Epoch [573/1000], Wasserstein(eigs,real_eigs): 0.590, Wasserstein(log_eigs,log_real_eigs): 0.144
torch.Size([64, 1600])
Epoch [574/1000], Wasserstein(eigs,real_eigs): 0.430, Wasserstein(log_eigs,log_real_eigs): 0.138
torch.Size([64, 1600])
Epoch [575/1000], Wasserstein(eigs,real_eigs): 0.488, Wasserstein(log_eigs,log_real_eigs): 0.156
torch.Size([64, 1600])
Epoch [576/1000], Wasserstein(eigs,real_eigs): 0.382, Wasserstein(log_eigs,log_real_eigs): 0.159
torch.Size([64, 1600])
Epoch [577/1000], Wasserstein(eigs,real_eigs): 0.404, Wasserstein(log_eigs,log_real_eigs): 0.163
torch.Size([64, 1600])
Epoch [578/1000], Wasserstein(eigs,real_eigs): 0.478, Wasserstein(log_eigs,log_real_eigs): 0.181
torch.Size([64, 1600])
Epoch [579/1000], Wasserstein(eigs,real_eigs): 0.564, Wasserstein(log_eigs,log_real_eigs): 0.187
torch.Size([64, 1600])
Epoch [580/1000], Wasserstein(eigs,real_eigs): 0.507, Wasserstein(log_eigs,log_real_eigs): 0.176
torch.Size([64, 1600])
Epoch [581/1000], Wasserstein(eigs,real_eigs): 0.581, Wasserstein(log_eigs,log_real_eigs): 0.168
torch.Size([64, 1600])
Epoch [582/1000], Wasserstein(eigs,real_eigs): 0.920, Wasserstein(log_eigs,log_real_eigs): 0.163
torch.Size([64, 1600])
Epoch [583/1000], Wasserstein(eigs,real_eigs): 1.116, Wasserstein(log_eigs,log_real_eigs): 0.156
torch.Size([64, 1600])
Epoch [584/1000], Wasserstein(eigs,real_eigs): 1.310, Wasserstein(log_eigs,log_real_eigs): 0.160
torch.Size([64, 1600])
Epoch [585/1000], Wasserstein(eigs,real_eigs): 1.357, Wasserstein(log_eigs,log_real_eigs): 0.157
torch.Size([64, 1600])
Epoch [586/1000], Wasserstein(eigs,real_eigs): 1.399, Wasserstein(log_eigs,log_real_eigs): 0.154
torch.Size([64, 1600])
Epoch [587/1000], Wasserstein(eigs,real_eigs): 1.398, Wasserstein(log_eigs,log_real_eigs): 0.165
torch.Size([64, 1600])
Epoch [588/1000], Wasserstein(eigs,real_eigs): 1.389, Wasserstein(log_eigs,log_real_eigs): 0.157
torch.Size([64, 1600])
Epoch [589/1000], Wasserstein(eigs,real_eigs): 1.332, Wasserstein(log_eigs,log_real_eigs): 0.157
torch.Size([64, 1600])
Epoch [590/1000], Wasserstein(eigs,real_eigs): 1.273, Wasserstein(log_eigs,log_real_eigs): 0.161
torch.Size([64, 1600])
Epoch [591/1000], Wasserstein(eigs,real_eigs): 1.230, Wasserstein(log_eigs,log_real_eigs): 0.156
torch.Size([64, 1600])
Epoch [592/1000], Wasserstein(eigs,real_eigs): 1.221, Wasserstein(log_eigs,log_real_eigs): 0.154
torch.Size([64, 1600])
Epoch [593/1000], Wasserstein(eigs,real_eigs): 1.137, Wasserstein(log_eigs,log_real_eigs): 0.153
torch.Size([64, 1600])
Epoch [594/1000], Wasserstein(eigs,real_eigs): 1.051, Wasserstein(log_eigs,log_real_eigs): 0.152
torch.Size([64, 1600])
Epoch [595/1000], Wasserstein(eigs,real_eigs): 0.962, Wasserstein(log_eigs,log_real_eigs): 0.151
torch.Size([64, 1600])
Epoch [596/1000], Wasserstein(eigs,real_eigs): 0.789, Wasserstein(log_eigs,log_real_eigs): 0.147
torch.Size([64, 1600])
Epoch [597/1000], Wasserstein(eigs,real_eigs): 0.641, Wasserstein(log_eigs,log_real_eigs): 0.147
torch.Size([64, 1600])
Epoch [598/1000], Wasserstein(eigs,real_eigs): 0.421, Wasserstein(log_eigs,log_real_eigs): 0.149
torch.Size([64, 1600])
Epoch [599/1000], Wasserstein(eigs,real_eigs): 0.472, Wasserstein(log_eigs,log_real_eigs): 0.151
torch.Size([64, 1600])
Epoch [600/1000], Wasserstein(eigs,real_eigs): 0.421, Wasserstein(log_eigs,log_real_eigs): 0.154
torch.Size([64, 1600])
Epoch [601/1000], Wasserstein(eigs,real_eigs): 0.419, Wasserstein(log_eigs,log_real_eigs): 0.162
torch.Size([64, 1600])
Epoch [602/1000], Wasserstein(eigs,real_eigs): 0.452, Wasserstein(log_eigs,log_real_eigs): 0.171
torch.Size([64, 1600])
Epoch [603/1000], Wasserstein(eigs,real_eigs): 0.414, Wasserstein(log_eigs,log_real_eigs): 0.168
torch.Size([64, 1600])
Epoch [604/1000], Wasserstein(eigs,real_eigs): 0.423, Wasserstein(log_eigs,log_real_eigs): 0.171
torch.Size([64, 1600])
Epoch [605/1000], Wasserstein(eigs,real_eigs): 0.397, Wasserstein(log_eigs,log_real_eigs): 0.163
torch.Size([64, 1600])
Epoch [606/1000], Wasserstein(eigs,real_eigs): 0.491, Wasserstein(log_eigs,log_real_eigs): 0.159
torch.Size([64, 1600])
Epoch [607/1000], Wasserstein(eigs,real_eigs): 0.931, Wasserstein(log_eigs,log_real_eigs): 0.153
torch.Size([64, 1600])
Epoch [608/1000], Wasserstein(eigs,real_eigs): 1.151, Wasserstein(log_eigs,log_real_eigs): 0.151
torch.Size([64, 1600])
Epoch [609/1000], Wasserstein(eigs,real_eigs): 1.245, Wasserstein(log_eigs,log_real_eigs): 0.154
torch.Size([64, 1600])
Epoch [610/1000], Wasserstein(eigs,real_eigs): 1.284, Wasserstein(log_eigs,log_real_eigs): 0.154
torch.Size([64, 1600])
Epoch [611/1000], Wasserstein(eigs,real_eigs): 1.354, Wasserstein(log_eigs,log_real_eigs): 0.156
torch.Size([64, 1600])
Epoch [612/1000], Wasserstein(eigs,real_eigs): 1.377, Wasserstein(log_eigs,log_real_eigs): 0.154
torch.Size([64, 1600])
Epoch [613/1000], Wasserstein(eigs,real_eigs): 1.288, Wasserstein(log_eigs,log_real_eigs): 0.158
torch.Size([64, 1600])
Epoch [614/1000], Wasserstein(eigs,real_eigs): 1.276, Wasserstein(log_eigs,log_real_eigs): 0.157
torch.Size([64, 1600])
Epoch [615/1000], Wasserstein(eigs,real_eigs): 1.151, Wasserstein(log_eigs,log_real_eigs): 0.154
torch.Size([64, 1600])
Epoch [616/1000], Wasserstein(eigs,real_eigs): 1.187, Wasserstein(log_eigs,log_real_eigs): 0.150
torch.Size([64, 1600])
Epoch [617/1000], Wasserstein(eigs,real_eigs): 1.247, Wasserstein(log_eigs,log_real_eigs): 0.152
torch.Size([64, 1600])
Epoch [618/1000], Wasserstein(eigs,real_eigs): 1.042, Wasserstein(log_eigs,log_real_eigs): 0.145
torch.Size([64, 1600])
Epoch [619/1000], Wasserstein(eigs,real_eigs): 0.823, Wasserstein(log_eigs,log_real_eigs): 0.153
torch.Size([64, 1600])
Epoch [620/1000], Wasserstein(eigs,real_eigs): 0.769, Wasserstein(log_eigs,log_real_eigs): 0.153
torch.Size([64, 1600])
Epoch [621/1000], Wasserstein(eigs,real_eigs): 0.453, Wasserstein(log_eigs,log_real_eigs): 0.147
torch.Size([64, 1600])
Epoch [622/1000], Wasserstein(eigs,real_eigs): 0.360, Wasserstein(log_eigs,log_real_eigs): 0.139
torch.Size([64, 1600])
Epoch [623/1000], Wasserstein(eigs,real_eigs): 0.305, Wasserstein(log_eigs,log_real_eigs): 0.145
torch.Size([64, 1600])
Epoch [624/1000], Wasserstein(eigs,real_eigs): 0.403, Wasserstein(log_eigs,log_real_eigs): 0.155
torch.Size([64, 1600])
Epoch [625/1000], Wasserstein(eigs,real_eigs): 0.454, Wasserstein(log_eigs,log_real_eigs): 0.170
torch.Size([64, 1600])
Epoch [626/1000], Wasserstein(eigs,real_eigs): 0.468, Wasserstein(log_eigs,log_real_eigs): 0.172
torch.Size([64, 1600])
Epoch [627/1000], Wasserstein(eigs,real_eigs): 0.417, Wasserstein(log_eigs,log_real_eigs): 0.169
torch.Size([64, 1600])
Epoch [628/1000], Wasserstein(eigs,real_eigs): 0.380, Wasserstein(log_eigs,log_real_eigs): 0.170
torch.Size([64, 1600])
Epoch [629/1000], Wasserstein(eigs,real_eigs): 0.338, Wasserstein(log_eigs,log_real_eigs): 0.160
torch.Size([64, 1600])
Epoch [630/1000], Wasserstein(eigs,real_eigs): 0.615, Wasserstein(log_eigs,log_real_eigs): 0.155
torch.Size([64, 1600])
Epoch [631/1000], Wasserstein(eigs,real_eigs): 0.912, Wasserstein(log_eigs,log_real_eigs): 0.154
torch.Size([64, 1600])
Epoch [632/1000], Wasserstein(eigs,real_eigs): 1.101, Wasserstein(log_eigs,log_real_eigs): 0.160
torch.Size([64, 1600])
Epoch [633/1000], Wasserstein(eigs,real_eigs): 1.203, Wasserstein(log_eigs,log_real_eigs): 0.161
torch.Size([64, 1600])
Epoch [634/1000], Wasserstein(eigs,real_eigs): 1.177, Wasserstein(log_eigs,log_real_eigs): 0.157
torch.Size([64, 1600])
Epoch [635/1000], Wasserstein(eigs,real_eigs): 1.260, Wasserstein(log_eigs,log_real_eigs): 0.156
torch.Size([64, 1600])
Epoch [636/1000], Wasserstein(eigs,real_eigs): 1.273, Wasserstein(log_eigs,log_real_eigs): 0.158
torch.Size([64, 1600])
Epoch [637/1000], Wasserstein(eigs,real_eigs): 1.210, Wasserstein(log_eigs,log_real_eigs): 0.159
torch.Size([64, 1600])
Epoch [638/1000], Wasserstein(eigs,real_eigs): 1.243, Wasserstein(log_eigs,log_real_eigs): 0.158
torch.Size([64, 1600])
Epoch [639/1000], Wasserstein(eigs,real_eigs): 1.233, Wasserstein(log_eigs,log_real_eigs): 0.157
torch.Size([64, 1600])
Epoch [640/1000], Wasserstein(eigs,real_eigs): 1.034, Wasserstein(log_eigs,log_real_eigs): 0.153
torch.Size([64, 1600])
Epoch [641/1000], Wasserstein(eigs,real_eigs): 1.120, Wasserstein(log_eigs,log_real_eigs): 0.157
torch.Size([64, 1600])
Epoch [642/1000], Wasserstein(eigs,real_eigs): 0.966, Wasserstein(log_eigs,log_real_eigs): 0.149
torch.Size([64, 1600])
Epoch [643/1000], Wasserstein(eigs,real_eigs): 0.869, Wasserstein(log_eigs,log_real_eigs): 0.158
torch.Size([64, 1600])
Epoch [644/1000], Wasserstein(eigs,real_eigs): 0.813, Wasserstein(log_eigs,log_real_eigs): 0.155
torch.Size([64, 1600])
Epoch [645/1000], Wasserstein(eigs,real_eigs): 0.685, Wasserstein(log_eigs,log_real_eigs): 0.144
torch.Size([64, 1600])
Epoch [646/1000], Wasserstein(eigs,real_eigs): 0.413, Wasserstein(log_eigs,log_real_eigs): 0.141
torch.Size([64, 1600])
Epoch [647/1000], Wasserstein(eigs,real_eigs): 0.375, Wasserstein(log_eigs,log_real_eigs): 0.154
torch.Size([64, 1600])
Epoch [648/1000], Wasserstein(eigs,real_eigs): 0.396, Wasserstein(log_eigs,log_real_eigs): 0.159
torch.Size([64, 1600])
Epoch [649/1000], Wasserstein(eigs,real_eigs): 0.397, Wasserstein(log_eigs,log_real_eigs): 0.160
torch.Size([64, 1600])
Epoch [650/1000], Wasserstein(eigs,real_eigs): 0.342, Wasserstein(log_eigs,log_real_eigs): 0.167
torch.Size([64, 1600])
Epoch [651/1000], Wasserstein(eigs,real_eigs): 0.638, Wasserstein(log_eigs,log_real_eigs): 0.158
torch.Size([64, 1600])
Epoch [652/1000], Wasserstein(eigs,real_eigs): 2.416, Wasserstein(log_eigs,log_real_eigs): 0.178
torch.Size([64, 1600])
Epoch [653/1000], Wasserstein(eigs,real_eigs): 3.095, Wasserstein(log_eigs,log_real_eigs): 0.192
torch.Size([64, 1600])
Epoch [654/1000], Wasserstein(eigs,real_eigs): 3.174, Wasserstein(log_eigs,log_real_eigs): 0.193
torch.Size([64, 1600])
Epoch [655/1000], Wasserstein(eigs,real_eigs): 3.202, Wasserstein(log_eigs,log_real_eigs): 0.192
torch.Size([64, 1600])
Epoch [656/1000], Wasserstein(eigs,real_eigs): 3.173, Wasserstein(log_eigs,log_real_eigs): 0.188
torch.Size([64, 1600])
Epoch [657/1000], Wasserstein(eigs,real_eigs): 3.258, Wasserstein(log_eigs,log_real_eigs): 0.186
torch.Size([64, 1600])
Epoch [658/1000], Wasserstein(eigs,real_eigs): 3.140, Wasserstein(log_eigs,log_real_eigs): 0.191
torch.Size([64, 1600])
Epoch [659/1000], Wasserstein(eigs,real_eigs): 3.259, Wasserstein(log_eigs,log_real_eigs): 0.191
torch.Size([64, 1600])
Epoch [660/1000], Wasserstein(eigs,real_eigs): 3.252, Wasserstein(log_eigs,log_real_eigs): 0.186
torch.Size([64, 1600])
Epoch [661/1000], Wasserstein(eigs,real_eigs): 3.208, Wasserstein(log_eigs,log_real_eigs): 0.191
torch.Size([64, 1600])
Epoch [662/1000], Wasserstein(eigs,real_eigs): 3.215, Wasserstein(log_eigs,log_real_eigs): 0.195
torch.Size([64, 1600])
Epoch [663/1000], Wasserstein(eigs,real_eigs): 3.144, Wasserstein(log_eigs,log_real_eigs): 0.187
torch.Size([64, 1600])
Epoch [664/1000], Wasserstein(eigs,real_eigs): 3.182, Wasserstein(log_eigs,log_real_eigs): 0.187
torch.Size([64, 1600])
Epoch [665/1000], Wasserstein(eigs,real_eigs): 3.221, Wasserstein(log_eigs,log_real_eigs): 0.197
torch.Size([64, 1600])
Epoch [666/1000], Wasserstein(eigs,real_eigs): 3.186, Wasserstein(log_eigs,log_real_eigs): 0.194
torch.Size([64, 1600])
Epoch [667/1000], Wasserstein(eigs,real_eigs): 3.088, Wasserstein(log_eigs,log_real_eigs): 0.187
torch.Size([64, 1600])
Epoch [668/1000], Wasserstein(eigs,real_eigs): 3.119, Wasserstein(log_eigs,log_real_eigs): 0.200
torch.Size([64, 1600])
Epoch [669/1000], Wasserstein(eigs,real_eigs): 3.052, Wasserstein(log_eigs,log_real_eigs): 0.191
torch.Size([64, 1600])
Epoch [670/1000], Wasserstein(eigs,real_eigs): 2.991, Wasserstein(log_eigs,log_real_eigs): 0.191
torch.Size([64, 1600])
Epoch [671/1000], Wasserstein(eigs,real_eigs): 2.959, Wasserstein(log_eigs,log_real_eigs): 0.184
torch.Size([64, 1600])
Epoch [672/1000], Wasserstein(eigs,real_eigs): 3.010, Wasserstein(log_eigs,log_real_eigs): 0.189
torch.Size([64, 1600])
Epoch [673/1000], Wasserstein(eigs,real_eigs): 2.993, Wasserstein(log_eigs,log_real_eigs): 0.190
torch.Size([64, 1600])
Epoch [674/1000], Wasserstein(eigs,real_eigs): 2.890, Wasserstein(log_eigs,log_real_eigs): 0.193
torch.Size([64, 1600])
Epoch [675/1000], Wasserstein(eigs,real_eigs): 2.856, Wasserstein(log_eigs,log_real_eigs): 0.186
torch.Size([64, 1600])
Epoch [676/1000], Wasserstein(eigs,real_eigs): 2.828, Wasserstein(log_eigs,log_real_eigs): 0.186
torch.Size([64, 1600])
Epoch [677/1000], Wasserstein(eigs,real_eigs): 2.820, Wasserstein(log_eigs,log_real_eigs): 0.193
torch.Size([64, 1600])
Epoch [678/1000], Wasserstein(eigs,real_eigs): 2.771, Wasserstein(log_eigs,log_real_eigs): 0.188
torch.Size([64, 1600])
Epoch [679/1000], Wasserstein(eigs,real_eigs): 2.806, Wasserstein(log_eigs,log_real_eigs): 0.183
torch.Size([64, 1600])
Epoch [680/1000], Wasserstein(eigs,real_eigs): 2.741, Wasserstein(log_eigs,log_real_eigs): 0.192
torch.Size([64, 1600])
Epoch [681/1000], Wasserstein(eigs,real_eigs): 2.670, Wasserstein(log_eigs,log_real_eigs): 0.190
torch.Size([64, 1600])
Epoch [682/1000], Wasserstein(eigs,real_eigs): 2.558, Wasserstein(log_eigs,log_real_eigs): 0.186
torch.Size([64, 1600])
Epoch [683/1000], Wasserstein(eigs,real_eigs): 2.600, Wasserstein(log_eigs,log_real_eigs): 0.184
torch.Size([64, 1600])
Epoch [684/1000], Wasserstein(eigs,real_eigs): 2.518, Wasserstein(log_eigs,log_real_eigs): 0.180
torch.Size([64, 1600])
Epoch [685/1000], Wasserstein(eigs,real_eigs): 2.417, Wasserstein(log_eigs,log_real_eigs): 0.185
torch.Size([64, 1600])
Epoch [686/1000], Wasserstein(eigs,real_eigs): 2.358, Wasserstein(log_eigs,log_real_eigs): 0.177
torch.Size([64, 1600])
Epoch [687/1000], Wasserstein(eigs,real_eigs): 2.173, Wasserstein(log_eigs,log_real_eigs): 0.180
torch.Size([64, 1600])
Epoch [688/1000], Wasserstein(eigs,real_eigs): 2.146, Wasserstein(log_eigs,log_real_eigs): 0.175
torch.Size([64, 1600])
Epoch [689/1000], Wasserstein(eigs,real_eigs): 2.005, Wasserstein(log_eigs,log_real_eigs): 0.167
torch.Size([64, 1600])
Epoch [690/1000], Wasserstein(eigs,real_eigs): 1.912, Wasserstein(log_eigs,log_real_eigs): 0.172
torch.Size([64, 1600])
Epoch [691/1000], Wasserstein(eigs,real_eigs): 1.690, Wasserstein(log_eigs,log_real_eigs): 0.157
torch.Size([64, 1600])
Epoch [692/1000], Wasserstein(eigs,real_eigs): 1.227, Wasserstein(log_eigs,log_real_eigs): 0.153
torch.Size([64, 1600])
Epoch [693/1000], Wasserstein(eigs,real_eigs): 0.677, Wasserstein(log_eigs,log_real_eigs): 0.145
torch.Size([64, 1600])
Epoch [694/1000], Wasserstein(eigs,real_eigs): 0.379, Wasserstein(log_eigs,log_real_eigs): 0.170
torch.Size([64, 1600])
Epoch [695/1000], Wasserstein(eigs,real_eigs): 0.859, Wasserstein(log_eigs,log_real_eigs): 0.218
torch.Size([64, 1600])
Epoch [696/1000], Wasserstein(eigs,real_eigs): 1.066, Wasserstein(log_eigs,log_real_eigs): 0.236
torch.Size([64, 1600])
Epoch [697/1000], Wasserstein(eigs,real_eigs): 1.471, Wasserstein(log_eigs,log_real_eigs): 0.265
torch.Size([64, 1600])
Epoch [698/1000], Wasserstein(eigs,real_eigs): 1.834, Wasserstein(log_eigs,log_real_eigs): 0.282
torch.Size([64, 1600])
Epoch [699/1000], Wasserstein(eigs,real_eigs): 2.110, Wasserstein(log_eigs,log_real_eigs): 0.283
torch.Size([64, 1600])
Epoch [700/1000], Wasserstein(eigs,real_eigs): 2.329, Wasserstein(log_eigs,log_real_eigs): 0.284
torch.Size([64, 1600])
Epoch [701/1000], Wasserstein(eigs,real_eigs): 2.260, Wasserstein(log_eigs,log_real_eigs): 0.250
torch.Size([64, 1600])
Epoch [702/1000], Wasserstein(eigs,real_eigs): 2.277, Wasserstein(log_eigs,log_real_eigs): 0.212
torch.Size([64, 1600])
Epoch [703/1000], Wasserstein(eigs,real_eigs): 2.440, Wasserstein(log_eigs,log_real_eigs): 0.187
torch.Size([64, 1600])
Epoch [704/1000], Wasserstein(eigs,real_eigs): 2.487, Wasserstein(log_eigs,log_real_eigs): 0.178
torch.Size([64, 1600])
Epoch [705/1000], Wasserstein(eigs,real_eigs): 2.545, Wasserstein(log_eigs,log_real_eigs): 0.178
torch.Size([64, 1600])
Epoch [706/1000], Wasserstein(eigs,real_eigs): 2.507, Wasserstein(log_eigs,log_real_eigs): 0.177
torch.Size([64, 1600])
Epoch [707/1000], Wasserstein(eigs,real_eigs): 2.467, Wasserstein(log_eigs,log_real_eigs): 0.168
torch.Size([64, 1600])
Epoch [708/1000], Wasserstein(eigs,real_eigs): 2.491, Wasserstein(log_eigs,log_real_eigs): 0.178
torch.Size([64, 1600])
Epoch [709/1000], Wasserstein(eigs,real_eigs): 2.497, Wasserstein(log_eigs,log_real_eigs): 0.174
torch.Size([64, 1600])
Epoch [710/1000], Wasserstein(eigs,real_eigs): 2.405, Wasserstein(log_eigs,log_real_eigs): 0.165
torch.Size([64, 1600])
Epoch [711/1000], Wasserstein(eigs,real_eigs): 2.462, Wasserstein(log_eigs,log_real_eigs): 0.166
torch.Size([64, 1600])
Epoch [712/1000], Wasserstein(eigs,real_eigs): 2.406, Wasserstein(log_eigs,log_real_eigs): 0.166
torch.Size([64, 1600])
Epoch [713/1000], Wasserstein(eigs,real_eigs): 2.421, Wasserstein(log_eigs,log_real_eigs): 0.168
torch.Size([64, 1600])
Epoch [714/1000], Wasserstein(eigs,real_eigs): 2.361, Wasserstein(log_eigs,log_real_eigs): 0.163
torch.Size([64, 1600])
Epoch [715/1000], Wasserstein(eigs,real_eigs): 2.316, Wasserstein(log_eigs,log_real_eigs): 0.169
torch.Size([64, 1600])
Epoch [716/1000], Wasserstein(eigs,real_eigs): 2.329, Wasserstein(log_eigs,log_real_eigs): 0.159
