2019-10-16 01:47:36.933900
Namespace(batch_size=64, dataroot='/home/jim/Documents/RandomBergman/KS4/data/', diff=0, epochs=1000, exp=None, h11=40, log_interval=1, lr=5e-05, lr_D=5e-05, lr_G=5e-05, model_type='WGAN_DCGAN', n_critic_steps=5, newsize=40, num_geometries=2500, nz=5, outdir='./experiments/exp_WGAN_DCGAN_40_5_10162019_014736', plot_interval=20, py_version=3, save=True, show_plots=False, test_batch_size=10000)
Namespace(batch_size=64, dataroot='/home/jim/Documents/RandomBergman/KS4/data/', diff=0, epochs=1000, exp=None, h11=40, log_interval=1, lr=5e-05, lr_D=5e-05, lr_G=5e-05, model_type='WGAN_DCGAN', n_critic_steps=5, newsize=40, num_geometries=2500, nz=5, outdir='./experiments/exp_WGAN_DCGAN_40_5_10162019_014736', plot_interval=20, py_version=3, save=True, show_plots=False, test_batch_size=10000)
Model type: WGAN_DCGAN
Coomparing to Eigenvalue distribution collected from 3017 geometries
data: 64 40
torch.Size([64, 1600])
Epoch [0/1000], Wasserstein(eigs,real_eigs): 15.113, Wasserstein(log_eigs,log_real_eigs): 0.722
torch.Size([64, 1600])
Epoch [1/1000], Wasserstein(eigs,real_eigs): 380.213, Wasserstein(log_eigs,log_real_eigs): 0.870
torch.Size([64, 1600])
Epoch [2/1000], Wasserstein(eigs,real_eigs): 500.485, Wasserstein(log_eigs,log_real_eigs): 1.244
torch.Size([64, 1600])
Epoch [3/1000], Wasserstein(eigs,real_eigs): 639.358, Wasserstein(log_eigs,log_real_eigs): 1.253
torch.Size([64, 1600])
Epoch [4/1000], Wasserstein(eigs,real_eigs): 734.772, Wasserstein(log_eigs,log_real_eigs): 1.293
torch.Size([64, 1600])
Epoch [5/1000], Wasserstein(eigs,real_eigs): 839.869, Wasserstein(log_eigs,log_real_eigs): 0.997
torch.Size([64, 1600])
Epoch [6/1000], Wasserstein(eigs,real_eigs): 868.719, Wasserstein(log_eigs,log_real_eigs): 0.768
torch.Size([64, 1600])
Epoch [7/1000], Wasserstein(eigs,real_eigs): 826.183, Wasserstein(log_eigs,log_real_eigs): 0.846
torch.Size([64, 1600])
Epoch [8/1000], Wasserstein(eigs,real_eigs): 708.416, Wasserstein(log_eigs,log_real_eigs): 0.749
torch.Size([64, 1600])
Epoch [9/1000], Wasserstein(eigs,real_eigs): 568.387, Wasserstein(log_eigs,log_real_eigs): 0.936
torch.Size([64, 1600])
Epoch [10/1000], Wasserstein(eigs,real_eigs): 579.780, Wasserstein(log_eigs,log_real_eigs): 0.715
torch.Size([64, 1600])
Epoch [11/1000], Wasserstein(eigs,real_eigs): 485.429, Wasserstein(log_eigs,log_real_eigs): 0.862
torch.Size([64, 1600])
Epoch [12/1000], Wasserstein(eigs,real_eigs): 523.985, Wasserstein(log_eigs,log_real_eigs): 0.575
torch.Size([64, 1600])
Epoch [13/1000], Wasserstein(eigs,real_eigs): 466.971, Wasserstein(log_eigs,log_real_eigs): 0.483
torch.Size([64, 1600])
Epoch [14/1000], Wasserstein(eigs,real_eigs): 406.393, Wasserstein(log_eigs,log_real_eigs): 0.464
torch.Size([64, 1600])
Epoch [15/1000], Wasserstein(eigs,real_eigs): 335.320, Wasserstein(log_eigs,log_real_eigs): 0.498
torch.Size([64, 1600])
Epoch [16/1000], Wasserstein(eigs,real_eigs): 232.250, Wasserstein(log_eigs,log_real_eigs): 0.430
torch.Size([64, 1600])
Epoch [17/1000], Wasserstein(eigs,real_eigs): 181.189, Wasserstein(log_eigs,log_real_eigs): 0.402
torch.Size([64, 1600])
Epoch [18/1000], Wasserstein(eigs,real_eigs): 816.487, Wasserstein(log_eigs,log_real_eigs): 0.561
torch.Size([64, 1600])
Epoch [19/1000], Wasserstein(eigs,real_eigs): 757.115, Wasserstein(log_eigs,log_real_eigs): 0.412
torch.Size([64, 1600])
Epoch [20/1000], Wasserstein(eigs,real_eigs): 661.682, Wasserstein(log_eigs,log_real_eigs): 0.396
torch.Size([64, 1600])
Epoch [21/1000], Wasserstein(eigs,real_eigs): 441.388, Wasserstein(log_eigs,log_real_eigs): 0.369
torch.Size([64, 1600])
Epoch [22/1000], Wasserstein(eigs,real_eigs): 368.671, Wasserstein(log_eigs,log_real_eigs): 0.407
torch.Size([64, 1600])
Epoch [23/1000], Wasserstein(eigs,real_eigs): 101.245, Wasserstein(log_eigs,log_real_eigs): 0.444
torch.Size([64, 1600])
Epoch [24/1000], Wasserstein(eigs,real_eigs): 506.870, Wasserstein(log_eigs,log_real_eigs): 0.546
torch.Size([64, 1600])
Epoch [25/1000], Wasserstein(eigs,real_eigs): 424.918, Wasserstein(log_eigs,log_real_eigs): 0.384
torch.Size([64, 1600])
Epoch [26/1000], Wasserstein(eigs,real_eigs): 233.470, Wasserstein(log_eigs,log_real_eigs): 0.479
torch.Size([64, 1600])
Epoch [27/1000], Wasserstein(eigs,real_eigs): 227.607, Wasserstein(log_eigs,log_real_eigs): 0.430
torch.Size([64, 1600])
Epoch [28/1000], Wasserstein(eigs,real_eigs): 411.101, Wasserstein(log_eigs,log_real_eigs): 0.575
torch.Size([64, 1600])
Epoch [29/1000], Wasserstein(eigs,real_eigs): 67.506, Wasserstein(log_eigs,log_real_eigs): 0.363
torch.Size([64, 1600])
Epoch [30/1000], Wasserstein(eigs,real_eigs): 194.222, Wasserstein(log_eigs,log_real_eigs): 0.542
torch.Size([64, 1600])
Epoch [31/1000], Wasserstein(eigs,real_eigs): 227.384, Wasserstein(log_eigs,log_real_eigs): 0.533
torch.Size([64, 1600])
Epoch [32/1000], Wasserstein(eigs,real_eigs): 128.598, Wasserstein(log_eigs,log_real_eigs): 0.635
torch.Size([64, 1600])
Epoch [33/1000], Wasserstein(eigs,real_eigs): 301.230, Wasserstein(log_eigs,log_real_eigs): 0.632
torch.Size([64, 1600])
Epoch [34/1000], Wasserstein(eigs,real_eigs): 35.199, Wasserstein(log_eigs,log_real_eigs): 0.650
torch.Size([64, 1600])
Epoch [35/1000], Wasserstein(eigs,real_eigs): 354.475, Wasserstein(log_eigs,log_real_eigs): 0.292
torch.Size([64, 1600])
Epoch [36/1000], Wasserstein(eigs,real_eigs): 370.108, Wasserstein(log_eigs,log_real_eigs): 0.560
torch.Size([64, 1600])
Epoch [37/1000], Wasserstein(eigs,real_eigs): 337.551, Wasserstein(log_eigs,log_real_eigs): 0.518
torch.Size([64, 1600])
Epoch [38/1000], Wasserstein(eigs,real_eigs): 138.468, Wasserstein(log_eigs,log_real_eigs): 0.576
torch.Size([64, 1600])
Epoch [39/1000], Wasserstein(eigs,real_eigs): 53.822, Wasserstein(log_eigs,log_real_eigs): 0.420
torch.Size([64, 1600])
Epoch [40/1000], Wasserstein(eigs,real_eigs): 1208.778, Wasserstein(log_eigs,log_real_eigs): 1.374
torch.Size([64, 1600])
Epoch [41/1000], Wasserstein(eigs,real_eigs): 1167.895, Wasserstein(log_eigs,log_real_eigs): 1.195
torch.Size([64, 1600])
Epoch [42/1000], Wasserstein(eigs,real_eigs): 1140.969, Wasserstein(log_eigs,log_real_eigs): 1.026
torch.Size([64, 1600])
Epoch [43/1000], Wasserstein(eigs,real_eigs): 949.869, Wasserstein(log_eigs,log_real_eigs): 0.811
torch.Size([64, 1600])
Epoch [44/1000], Wasserstein(eigs,real_eigs): 678.443, Wasserstein(log_eigs,log_real_eigs): 0.626
torch.Size([64, 1600])
Epoch [45/1000], Wasserstein(eigs,real_eigs): 744.915, Wasserstein(log_eigs,log_real_eigs): 0.476
torch.Size([64, 1600])
Epoch [46/1000], Wasserstein(eigs,real_eigs): 464.201, Wasserstein(log_eigs,log_real_eigs): 0.341
torch.Size([64, 1600])
Epoch [47/1000], Wasserstein(eigs,real_eigs): 298.532, Wasserstein(log_eigs,log_real_eigs): 0.443
torch.Size([64, 1600])
Epoch [48/1000], Wasserstein(eigs,real_eigs): 355.029, Wasserstein(log_eigs,log_real_eigs): 0.568
torch.Size([64, 1600])
Epoch [49/1000], Wasserstein(eigs,real_eigs): 402.548, Wasserstein(log_eigs,log_real_eigs): 0.690
torch.Size([64, 1600])
Epoch [50/1000], Wasserstein(eigs,real_eigs): 362.121, Wasserstein(log_eigs,log_real_eigs): 0.861
torch.Size([64, 1600])
Epoch [51/1000], Wasserstein(eigs,real_eigs): 516.093, Wasserstein(log_eigs,log_real_eigs): 0.714
torch.Size([64, 1600])
Epoch [52/1000], Wasserstein(eigs,real_eigs): 289.973, Wasserstein(log_eigs,log_real_eigs): 0.721
torch.Size([64, 1600])
Epoch [53/1000], Wasserstein(eigs,real_eigs): 103.016, Wasserstein(log_eigs,log_real_eigs): 0.538
torch.Size([64, 1600])
Epoch [54/1000], Wasserstein(eigs,real_eigs): 371.488, Wasserstein(log_eigs,log_real_eigs): 0.489
torch.Size([64, 1600])
Epoch [55/1000], Wasserstein(eigs,real_eigs): 636.328, Wasserstein(log_eigs,log_real_eigs): 0.820
torch.Size([64, 1600])
Epoch [56/1000], Wasserstein(eigs,real_eigs): 318.237, Wasserstein(log_eigs,log_real_eigs): 0.647
torch.Size([64, 1600])
Epoch [57/1000], Wasserstein(eigs,real_eigs): 395.867, Wasserstein(log_eigs,log_real_eigs): 0.719
torch.Size([64, 1600])
Epoch [58/1000], Wasserstein(eigs,real_eigs): 440.970, Wasserstein(log_eigs,log_real_eigs): 0.708
torch.Size([64, 1600])
Epoch [59/1000], Wasserstein(eigs,real_eigs): 692.809, Wasserstein(log_eigs,log_real_eigs): 0.787
torch.Size([64, 1600])
Epoch [60/1000], Wasserstein(eigs,real_eigs): 702.519, Wasserstein(log_eigs,log_real_eigs): 0.701
torch.Size([64, 1600])
Epoch [61/1000], Wasserstein(eigs,real_eigs): 31.453, Wasserstein(log_eigs,log_real_eigs): 0.342
torch.Size([64, 1600])
Epoch [62/1000], Wasserstein(eigs,real_eigs): 402.308, Wasserstein(log_eigs,log_real_eigs): 0.594
torch.Size([64, 1600])
Epoch [63/1000], Wasserstein(eigs,real_eigs): 1534.668, Wasserstein(log_eigs,log_real_eigs): 0.683
torch.Size([64, 1600])
Epoch [64/1000], Wasserstein(eigs,real_eigs): 1469.273, Wasserstein(log_eigs,log_real_eigs): 0.657
torch.Size([64, 1600])
Epoch [65/1000], Wasserstein(eigs,real_eigs): 798.151, Wasserstein(log_eigs,log_real_eigs): 0.500
torch.Size([64, 1600])
Epoch [66/1000], Wasserstein(eigs,real_eigs): 857.083, Wasserstein(log_eigs,log_real_eigs): 0.395
torch.Size([64, 1600])
Epoch [67/1000], Wasserstein(eigs,real_eigs): 805.989, Wasserstein(log_eigs,log_real_eigs): 0.526
torch.Size([64, 1600])
Epoch [68/1000], Wasserstein(eigs,real_eigs): 1107.251, Wasserstein(log_eigs,log_real_eigs): 0.591
torch.Size([64, 1600])
Epoch [69/1000], Wasserstein(eigs,real_eigs): 961.717, Wasserstein(log_eigs,log_real_eigs): 0.432
torch.Size([64, 1600])
Epoch [70/1000], Wasserstein(eigs,real_eigs): 667.279, Wasserstein(log_eigs,log_real_eigs): 0.432
torch.Size([64, 1600])
Epoch [71/1000], Wasserstein(eigs,real_eigs): 963.895, Wasserstein(log_eigs,log_real_eigs): 0.384
torch.Size([64, 1600])
Epoch [72/1000], Wasserstein(eigs,real_eigs): 657.333, Wasserstein(log_eigs,log_real_eigs): 0.566
torch.Size([64, 1600])
Epoch [73/1000], Wasserstein(eigs,real_eigs): 592.067, Wasserstein(log_eigs,log_real_eigs): 0.385
torch.Size([64, 1600])
Epoch [74/1000], Wasserstein(eigs,real_eigs): 469.376, Wasserstein(log_eigs,log_real_eigs): 0.498
torch.Size([64, 1600])
Epoch [75/1000], Wasserstein(eigs,real_eigs): 1627.153, Wasserstein(log_eigs,log_real_eigs): 1.056
torch.Size([64, 1600])
Epoch [76/1000], Wasserstein(eigs,real_eigs): 1551.748, Wasserstein(log_eigs,log_real_eigs): 0.730
torch.Size([64, 1600])
Epoch [77/1000], Wasserstein(eigs,real_eigs): 1162.720, Wasserstein(log_eigs,log_real_eigs): 0.468
torch.Size([64, 1600])
Epoch [78/1000], Wasserstein(eigs,real_eigs): 487.968, Wasserstein(log_eigs,log_real_eigs): 0.744
torch.Size([64, 1600])
Epoch [79/1000], Wasserstein(eigs,real_eigs): 197.282, Wasserstein(log_eigs,log_real_eigs): 0.321
torch.Size([64, 1600])
Epoch [80/1000], Wasserstein(eigs,real_eigs): 46.610, Wasserstein(log_eigs,log_real_eigs): 0.340
torch.Size([64, 1600])
Epoch [81/1000], Wasserstein(eigs,real_eigs): 1940.045, Wasserstein(log_eigs,log_real_eigs): 1.092
torch.Size([64, 1600])
Epoch [82/1000], Wasserstein(eigs,real_eigs): 1650.506, Wasserstein(log_eigs,log_real_eigs): 0.789
torch.Size([64, 1600])
Epoch [83/1000], Wasserstein(eigs,real_eigs): 1641.046, Wasserstein(log_eigs,log_real_eigs): 0.538
torch.Size([64, 1600])
Epoch [84/1000], Wasserstein(eigs,real_eigs): 1984.944, Wasserstein(log_eigs,log_real_eigs): 0.539
torch.Size([64, 1600])
Epoch [85/1000], Wasserstein(eigs,real_eigs): 1380.092, Wasserstein(log_eigs,log_real_eigs): 0.571
torch.Size([64, 1600])
Epoch [86/1000], Wasserstein(eigs,real_eigs): 1496.657, Wasserstein(log_eigs,log_real_eigs): 0.502
torch.Size([64, 1600])
Epoch [87/1000], Wasserstein(eigs,real_eigs): 76.345, Wasserstein(log_eigs,log_real_eigs): 0.455
torch.Size([64, 1600])
Epoch [88/1000], Wasserstein(eigs,real_eigs): 165.613, Wasserstein(log_eigs,log_real_eigs): 0.382
torch.Size([64, 1600])
Epoch [89/1000], Wasserstein(eigs,real_eigs): 1919.704, Wasserstein(log_eigs,log_real_eigs): 1.073
torch.Size([64, 1600])
Epoch [90/1000], Wasserstein(eigs,real_eigs): 1661.292, Wasserstein(log_eigs,log_real_eigs): 0.584
torch.Size([64, 1600])
Epoch [91/1000], Wasserstein(eigs,real_eigs): 625.364, Wasserstein(log_eigs,log_real_eigs): 0.401
torch.Size([64, 1600])
Epoch [92/1000], Wasserstein(eigs,real_eigs): 1193.548, Wasserstein(log_eigs,log_real_eigs): 0.699
torch.Size([64, 1600])
Epoch [93/1000], Wasserstein(eigs,real_eigs): 176.136, Wasserstein(log_eigs,log_real_eigs): 0.329
torch.Size([64, 1600])
Epoch [94/1000], Wasserstein(eigs,real_eigs): 1821.061, Wasserstein(log_eigs,log_real_eigs): 1.411
torch.Size([64, 1600])
Epoch [95/1000], Wasserstein(eigs,real_eigs): 2569.084, Wasserstein(log_eigs,log_real_eigs): 1.266
torch.Size([64, 1600])
Epoch [96/1000], Wasserstein(eigs,real_eigs): 1325.382, Wasserstein(log_eigs,log_real_eigs): 0.966
torch.Size([64, 1600])
Epoch [97/1000], Wasserstein(eigs,real_eigs): 1707.242, Wasserstein(log_eigs,log_real_eigs): 0.694
torch.Size([64, 1600])
Epoch [98/1000], Wasserstein(eigs,real_eigs): 335.576, Wasserstein(log_eigs,log_real_eigs): 0.453
torch.Size([64, 1600])
Epoch [99/1000], Wasserstein(eigs,real_eigs): 1003.480, Wasserstein(log_eigs,log_real_eigs): 0.475
torch.Size([64, 1600])
Epoch [100/1000], Wasserstein(eigs,real_eigs): 206.268, Wasserstein(log_eigs,log_real_eigs): 0.745
torch.Size([64, 1600])
Epoch [101/1000], Wasserstein(eigs,real_eigs): 613.674, Wasserstein(log_eigs,log_real_eigs): 0.637
torch.Size([64, 1600])
Epoch [102/1000], Wasserstein(eigs,real_eigs): 1244.088, Wasserstein(log_eigs,log_real_eigs): 0.467
torch.Size([64, 1600])
Epoch [103/1000], Wasserstein(eigs,real_eigs): 2407.699, Wasserstein(log_eigs,log_real_eigs): 0.474
torch.Size([64, 1600])
Epoch [104/1000], Wasserstein(eigs,real_eigs): 1523.477, Wasserstein(log_eigs,log_real_eigs): 0.609
torch.Size([64, 1600])
Epoch [105/1000], Wasserstein(eigs,real_eigs): 843.435, Wasserstein(log_eigs,log_real_eigs): 0.732
torch.Size([64, 1600])
Epoch [106/1000], Wasserstein(eigs,real_eigs): 1357.659, Wasserstein(log_eigs,log_real_eigs): 0.516
torch.Size([64, 1600])
Epoch [107/1000], Wasserstein(eigs,real_eigs): 1682.104, Wasserstein(log_eigs,log_real_eigs): 0.716
torch.Size([64, 1600])
Epoch [108/1000], Wasserstein(eigs,real_eigs): 234.989, Wasserstein(log_eigs,log_real_eigs): 0.360
torch.Size([64, 1600])
Epoch [109/1000], Wasserstein(eigs,real_eigs): 143.432, Wasserstein(log_eigs,log_real_eigs): 0.285
torch.Size([64, 1600])
Epoch [110/1000], Wasserstein(eigs,real_eigs): 2265.708, Wasserstein(log_eigs,log_real_eigs): 1.438
torch.Size([64, 1600])
Epoch [111/1000], Wasserstein(eigs,real_eigs): 3175.219, Wasserstein(log_eigs,log_real_eigs): 1.256
torch.Size([64, 1600])
Epoch [112/1000], Wasserstein(eigs,real_eigs): 1439.614, Wasserstein(log_eigs,log_real_eigs): 1.170
torch.Size([64, 1600])
Epoch [113/1000], Wasserstein(eigs,real_eigs): 2245.768, Wasserstein(log_eigs,log_real_eigs): 0.976
torch.Size([64, 1600])
Epoch [114/1000], Wasserstein(eigs,real_eigs): 1899.693, Wasserstein(log_eigs,log_real_eigs): 0.687
torch.Size([64, 1600])
Epoch [115/1000], Wasserstein(eigs,real_eigs): 904.795, Wasserstein(log_eigs,log_real_eigs): 0.509
torch.Size([64, 1600])
Epoch [116/1000], Wasserstein(eigs,real_eigs): 1157.733, Wasserstein(log_eigs,log_real_eigs): 0.430
torch.Size([64, 1600])
Epoch [117/1000], Wasserstein(eigs,real_eigs): 1388.110, Wasserstein(log_eigs,log_real_eigs): 0.319
torch.Size([64, 1600])
Epoch [118/1000], Wasserstein(eigs,real_eigs): 1037.480, Wasserstein(log_eigs,log_real_eigs): 0.331
torch.Size([64, 1600])
Epoch [119/1000], Wasserstein(eigs,real_eigs): 242.880, Wasserstein(log_eigs,log_real_eigs): 0.626
torch.Size([64, 1600])
Epoch [120/1000], Wasserstein(eigs,real_eigs): 1889.361, Wasserstein(log_eigs,log_real_eigs): 0.380
torch.Size([64, 1600])
Epoch [121/1000], Wasserstein(eigs,real_eigs): 1864.587, Wasserstein(log_eigs,log_real_eigs): 0.616
torch.Size([64, 1600])
Epoch [122/1000], Wasserstein(eigs,real_eigs): 302.326, Wasserstein(log_eigs,log_real_eigs): 0.609
torch.Size([64, 1600])
Epoch [123/1000], Wasserstein(eigs,real_eigs): 984.301, Wasserstein(log_eigs,log_real_eigs): 0.682
torch.Size([64, 1600])
Epoch [124/1000], Wasserstein(eigs,real_eigs): 2313.355, Wasserstein(log_eigs,log_real_eigs): 0.605
torch.Size([64, 1600])
Epoch [125/1000], Wasserstein(eigs,real_eigs): 750.929, Wasserstein(log_eigs,log_real_eigs): 0.738
torch.Size([64, 1600])
Epoch [126/1000], Wasserstein(eigs,real_eigs): 3424.191, Wasserstein(log_eigs,log_real_eigs): 1.347
torch.Size([64, 1600])
Epoch [127/1000], Wasserstein(eigs,real_eigs): 3606.019, Wasserstein(log_eigs,log_real_eigs): 1.349
torch.Size([64, 1600])
Epoch [128/1000], Wasserstein(eigs,real_eigs): 3046.502, Wasserstein(log_eigs,log_real_eigs): 1.150
torch.Size([64, 1600])
Epoch [129/1000], Wasserstein(eigs,real_eigs): 3226.841, Wasserstein(log_eigs,log_real_eigs): 1.073
torch.Size([64, 1600])
Epoch [130/1000], Wasserstein(eigs,real_eigs): 2295.037, Wasserstein(log_eigs,log_real_eigs): 0.902
torch.Size([64, 1600])
Epoch [131/1000], Wasserstein(eigs,real_eigs): 1877.055, Wasserstein(log_eigs,log_real_eigs): 0.807
torch.Size([64, 1600])
Epoch [132/1000], Wasserstein(eigs,real_eigs): 1784.735, Wasserstein(log_eigs,log_real_eigs): 0.634
torch.Size([64, 1600])
Epoch [133/1000], Wasserstein(eigs,real_eigs): 2446.268, Wasserstein(log_eigs,log_real_eigs): 0.496
torch.Size([64, 1600])
Epoch [134/1000], Wasserstein(eigs,real_eigs): 1975.131, Wasserstein(log_eigs,log_real_eigs): 0.514
torch.Size([64, 1600])
Epoch [135/1000], Wasserstein(eigs,real_eigs): 78.463, Wasserstein(log_eigs,log_real_eigs): 0.526
torch.Size([64, 1600])
Epoch [136/1000], Wasserstein(eigs,real_eigs): 634.114, Wasserstein(log_eigs,log_real_eigs): 0.671
torch.Size([64, 1600])
Epoch [137/1000], Wasserstein(eigs,real_eigs): 2860.348, Wasserstein(log_eigs,log_real_eigs): 0.597
torch.Size([64, 1600])
Epoch [138/1000], Wasserstein(eigs,real_eigs): 715.843, Wasserstein(log_eigs,log_real_eigs): 0.811
torch.Size([64, 1600])
Epoch [139/1000], Wasserstein(eigs,real_eigs): 243.246, Wasserstein(log_eigs,log_real_eigs): 0.521
torch.Size([64, 1600])
Epoch [140/1000], Wasserstein(eigs,real_eigs): 21.836, Wasserstein(log_eigs,log_real_eigs): 0.258
torch.Size([64, 1600])
Epoch [141/1000], Wasserstein(eigs,real_eigs): 3659.402, Wasserstein(log_eigs,log_real_eigs): 1.495
torch.Size([64, 1600])
Epoch [142/1000], Wasserstein(eigs,real_eigs): 3015.725, Wasserstein(log_eigs,log_real_eigs): 1.415
torch.Size([64, 1600])
Epoch [143/1000], Wasserstein(eigs,real_eigs): 2531.327, Wasserstein(log_eigs,log_real_eigs): 1.207
torch.Size([64, 1600])
Epoch [144/1000], Wasserstein(eigs,real_eigs): 1020.577, Wasserstein(log_eigs,log_real_eigs): 1.092
torch.Size([64, 1600])
Epoch [145/1000], Wasserstein(eigs,real_eigs): 2286.471, Wasserstein(log_eigs,log_real_eigs): 0.955
torch.Size([64, 1600])
Epoch [146/1000], Wasserstein(eigs,real_eigs): 1852.134, Wasserstein(log_eigs,log_real_eigs): 0.916
torch.Size([64, 1600])
Epoch [147/1000], Wasserstein(eigs,real_eigs): 1080.609, Wasserstein(log_eigs,log_real_eigs): 0.619
torch.Size([64, 1600])
Epoch [148/1000], Wasserstein(eigs,real_eigs): 515.083, Wasserstein(log_eigs,log_real_eigs): 0.594
torch.Size([64, 1600])
Epoch [149/1000], Wasserstein(eigs,real_eigs): 345.659, Wasserstein(log_eigs,log_real_eigs): 0.528
torch.Size([64, 1600])
Epoch [150/1000], Wasserstein(eigs,real_eigs): 359.351, Wasserstein(log_eigs,log_real_eigs): 0.446
torch.Size([64, 1600])
Epoch [151/1000], Wasserstein(eigs,real_eigs): 1758.406, Wasserstein(log_eigs,log_real_eigs): 0.547
torch.Size([64, 1600])
Epoch [152/1000], Wasserstein(eigs,real_eigs): 274.081, Wasserstein(log_eigs,log_real_eigs): 0.513
torch.Size([64, 1600])
Epoch [153/1000], Wasserstein(eigs,real_eigs): 1551.341, Wasserstein(log_eigs,log_real_eigs): 0.818
torch.Size([64, 1600])
Epoch [154/1000], Wasserstein(eigs,real_eigs): 453.541, Wasserstein(log_eigs,log_real_eigs): 0.681
torch.Size([64, 1600])
Epoch [155/1000], Wasserstein(eigs,real_eigs): 1301.239, Wasserstein(log_eigs,log_real_eigs): 0.655
torch.Size([64, 1600])
Epoch [156/1000], Wasserstein(eigs,real_eigs): 345.394, Wasserstein(log_eigs,log_real_eigs): 0.686
torch.Size([64, 1600])
Epoch [157/1000], Wasserstein(eigs,real_eigs): 365.182, Wasserstein(log_eigs,log_real_eigs): 0.743
torch.Size([64, 1600])
Epoch [158/1000], Wasserstein(eigs,real_eigs): 2809.500, Wasserstein(log_eigs,log_real_eigs): 0.551
torch.Size([64, 1600])
Epoch [159/1000], Wasserstein(eigs,real_eigs): 1918.385, Wasserstein(log_eigs,log_real_eigs): 0.606
torch.Size([64, 1600])
Epoch [160/1000], Wasserstein(eigs,real_eigs): 1354.476, Wasserstein(log_eigs,log_real_eigs): 0.573
torch.Size([64, 1600])
Epoch [161/1000], Wasserstein(eigs,real_eigs): 1443.749, Wasserstein(log_eigs,log_real_eigs): 0.530
torch.Size([64, 1600])
Epoch [162/1000], Wasserstein(eigs,real_eigs): 720.440, Wasserstein(log_eigs,log_real_eigs): 0.463
torch.Size([64, 1600])
Epoch [163/1000], Wasserstein(eigs,real_eigs): 3581.971, Wasserstein(log_eigs,log_real_eigs): 0.436
torch.Size([64, 1600])
Epoch [164/1000], Wasserstein(eigs,real_eigs): 1485.529, Wasserstein(log_eigs,log_real_eigs): 0.461
torch.Size([64, 1600])
Epoch [165/1000], Wasserstein(eigs,real_eigs): 1022.870, Wasserstein(log_eigs,log_real_eigs): 0.812
torch.Size([64, 1600])
Epoch [166/1000], Wasserstein(eigs,real_eigs): 1228.827, Wasserstein(log_eigs,log_real_eigs): 0.744
torch.Size([64, 1600])
Epoch [167/1000], Wasserstein(eigs,real_eigs): 52.176, Wasserstein(log_eigs,log_real_eigs): 0.634
torch.Size([64, 1600])
Epoch [168/1000], Wasserstein(eigs,real_eigs): 884.129, Wasserstein(log_eigs,log_real_eigs): 0.712
torch.Size([64, 1600])
Epoch [169/1000], Wasserstein(eigs,real_eigs): 3076.709, Wasserstein(log_eigs,log_real_eigs): 0.673
torch.Size([64, 1600])
Epoch [170/1000], Wasserstein(eigs,real_eigs): 608.856, Wasserstein(log_eigs,log_real_eigs): 0.429
torch.Size([64, 1600])
Epoch [171/1000], Wasserstein(eigs,real_eigs): 835.742, Wasserstein(log_eigs,log_real_eigs): 0.407
torch.Size([64, 1600])
Epoch [172/1000], Wasserstein(eigs,real_eigs): 746.279, Wasserstein(log_eigs,log_real_eigs): 0.514
torch.Size([64, 1600])
Epoch [173/1000], Wasserstein(eigs,real_eigs): 1421.989, Wasserstein(log_eigs,log_real_eigs): 0.507
torch.Size([64, 1600])
Epoch [174/1000], Wasserstein(eigs,real_eigs): 413.312, Wasserstein(log_eigs,log_real_eigs): 0.705
torch.Size([64, 1600])
Epoch [175/1000], Wasserstein(eigs,real_eigs): 147.921, Wasserstein(log_eigs,log_real_eigs): 0.808
torch.Size([64, 1600])
Epoch [176/1000], Wasserstein(eigs,real_eigs): 509.395, Wasserstein(log_eigs,log_real_eigs): 1.040
torch.Size([64, 1600])
Epoch [177/1000], Wasserstein(eigs,real_eigs): 2727.555, Wasserstein(log_eigs,log_real_eigs): 0.910
torch.Size([64, 1600])
Epoch [178/1000], Wasserstein(eigs,real_eigs): 1373.012, Wasserstein(log_eigs,log_real_eigs): 0.685
torch.Size([64, 1600])
Epoch [179/1000], Wasserstein(eigs,real_eigs): 180.015, Wasserstein(log_eigs,log_real_eigs): 0.853
torch.Size([64, 1600])
Epoch [180/1000], Wasserstein(eigs,real_eigs): 6916.000, Wasserstein(log_eigs,log_real_eigs): 1.260
torch.Size([64, 1600])
Epoch [181/1000], Wasserstein(eigs,real_eigs): 7065.591, Wasserstein(log_eigs,log_real_eigs): 1.123
torch.Size([64, 1600])
Epoch [182/1000], Wasserstein(eigs,real_eigs): 5687.804, Wasserstein(log_eigs,log_real_eigs): 1.134
torch.Size([64, 1600])
Epoch [183/1000], Wasserstein(eigs,real_eigs): 4452.671, Wasserstein(log_eigs,log_real_eigs): 0.750
torch.Size([64, 1600])
Epoch [184/1000], Wasserstein(eigs,real_eigs): 4052.838, Wasserstein(log_eigs,log_real_eigs): 0.842
torch.Size([64, 1600])
Epoch [185/1000], Wasserstein(eigs,real_eigs): 3544.278, Wasserstein(log_eigs,log_real_eigs): 0.679
torch.Size([64, 1600])
Epoch [186/1000], Wasserstein(eigs,real_eigs): 3514.459, Wasserstein(log_eigs,log_real_eigs): 0.621
torch.Size([64, 1600])
Epoch [187/1000], Wasserstein(eigs,real_eigs): 3119.851, Wasserstein(log_eigs,log_real_eigs): 0.563
torch.Size([64, 1600])
Epoch [188/1000], Wasserstein(eigs,real_eigs): 426.838, Wasserstein(log_eigs,log_real_eigs): 0.734
torch.Size([64, 1600])
Epoch [189/1000], Wasserstein(eigs,real_eigs): 2609.401, Wasserstein(log_eigs,log_real_eigs): 0.504
torch.Size([64, 1600])
Epoch [190/1000], Wasserstein(eigs,real_eigs): 3663.532, Wasserstein(log_eigs,log_real_eigs): 0.555
torch.Size([64, 1600])
Epoch [191/1000], Wasserstein(eigs,real_eigs): 6169.331, Wasserstein(log_eigs,log_real_eigs): 0.647
torch.Size([64, 1600])
Epoch [192/1000], Wasserstein(eigs,real_eigs): 3959.715, Wasserstein(log_eigs,log_real_eigs): 0.583
torch.Size([64, 1600])
Epoch [193/1000], Wasserstein(eigs,real_eigs): 2083.143, Wasserstein(log_eigs,log_real_eigs): 0.516
torch.Size([64, 1600])
Epoch [194/1000], Wasserstein(eigs,real_eigs): 464.996, Wasserstein(log_eigs,log_real_eigs): 0.876
torch.Size([64, 1600])
Epoch [195/1000], Wasserstein(eigs,real_eigs): 3432.385, Wasserstein(log_eigs,log_real_eigs): 0.422
torch.Size([64, 1600])
Epoch [196/1000], Wasserstein(eigs,real_eigs): 5846.953, Wasserstein(log_eigs,log_real_eigs): 1.416
torch.Size([64, 1600])
Epoch [197/1000], Wasserstein(eigs,real_eigs): 6130.917, Wasserstein(log_eigs,log_real_eigs): 1.218
torch.Size([64, 1600])
Epoch [198/1000], Wasserstein(eigs,real_eigs): 3997.234, Wasserstein(log_eigs,log_real_eigs): 0.930
torch.Size([64, 1600])
Epoch [199/1000], Wasserstein(eigs,real_eigs): 2790.842, Wasserstein(log_eigs,log_real_eigs): 0.897
torch.Size([64, 1600])
Epoch [200/1000], Wasserstein(eigs,real_eigs): 1629.469, Wasserstein(log_eigs,log_real_eigs): 0.648
torch.Size([64, 1600])
Epoch [201/1000], Wasserstein(eigs,real_eigs): 250.499, Wasserstein(log_eigs,log_real_eigs): 0.520
torch.Size([64, 1600])
Epoch [202/1000], Wasserstein(eigs,real_eigs): 3358.596, Wasserstein(log_eigs,log_real_eigs): 0.553
torch.Size([64, 1600])
Epoch [203/1000], Wasserstein(eigs,real_eigs): 743.342, Wasserstein(log_eigs,log_real_eigs): 0.485
torch.Size([64, 1600])
Epoch [204/1000], Wasserstein(eigs,real_eigs): 137.203, Wasserstein(log_eigs,log_real_eigs): 0.649
torch.Size([64, 1600])
Epoch [205/1000], Wasserstein(eigs,real_eigs): 662.457, Wasserstein(log_eigs,log_real_eigs): 0.762
torch.Size([64, 1600])
Epoch [206/1000], Wasserstein(eigs,real_eigs): 2212.412, Wasserstein(log_eigs,log_real_eigs): 0.626
torch.Size([64, 1600])
Epoch [207/1000], Wasserstein(eigs,real_eigs): 4959.776, Wasserstein(log_eigs,log_real_eigs): 0.866
torch.Size([64, 1600])
Epoch [208/1000], Wasserstein(eigs,real_eigs): 1067.032, Wasserstein(log_eigs,log_real_eigs): 0.948
torch.Size([64, 1600])
Epoch [209/1000], Wasserstein(eigs,real_eigs): 2611.696, Wasserstein(log_eigs,log_real_eigs): 0.917
torch.Size([64, 1600])
Epoch [210/1000], Wasserstein(eigs,real_eigs): 1059.404, Wasserstein(log_eigs,log_real_eigs): 1.021
torch.Size([64, 1600])
Epoch [211/1000], Wasserstein(eigs,real_eigs): 5533.116, Wasserstein(log_eigs,log_real_eigs): 0.839
torch.Size([64, 1600])
Epoch [212/1000], Wasserstein(eigs,real_eigs): 4074.154, Wasserstein(log_eigs,log_real_eigs): 0.909
torch.Size([64, 1600])
Epoch [213/1000], Wasserstein(eigs,real_eigs): 4655.225, Wasserstein(log_eigs,log_real_eigs): 0.677
torch.Size([64, 1600])
Epoch [214/1000], Wasserstein(eigs,real_eigs): 795.800, Wasserstein(log_eigs,log_real_eigs): 0.810
torch.Size([64, 1600])
Epoch [215/1000], Wasserstein(eigs,real_eigs): 1312.203, Wasserstein(log_eigs,log_real_eigs): 0.654
torch.Size([64, 1600])
Epoch [216/1000], Wasserstein(eigs,real_eigs): 4188.280, Wasserstein(log_eigs,log_real_eigs): 0.603
torch.Size([64, 1600])
Epoch [217/1000], Wasserstein(eigs,real_eigs): 3594.541, Wasserstein(log_eigs,log_real_eigs): 0.470
torch.Size([64, 1600])
Epoch [218/1000], Wasserstein(eigs,real_eigs): 3152.408, Wasserstein(log_eigs,log_real_eigs): 0.518
torch.Size([64, 1600])
Epoch [219/1000], Wasserstein(eigs,real_eigs): 3616.204, Wasserstein(log_eigs,log_real_eigs): 0.766
torch.Size([64, 1600])
Epoch [220/1000], Wasserstein(eigs,real_eigs): 3006.229, Wasserstein(log_eigs,log_real_eigs): 0.821
torch.Size([64, 1600])
Epoch [221/1000], Wasserstein(eigs,real_eigs): 1858.679, Wasserstein(log_eigs,log_real_eigs): 0.909
torch.Size([64, 1600])
Epoch [222/1000], Wasserstein(eigs,real_eigs): 666.469, Wasserstein(log_eigs,log_real_eigs): 0.473
torch.Size([64, 1600])
Epoch [223/1000], Wasserstein(eigs,real_eigs): 1998.343, Wasserstein(log_eigs,log_real_eigs): 0.587
torch.Size([64, 1600])
Epoch [224/1000], Wasserstein(eigs,real_eigs): 1026.946, Wasserstein(log_eigs,log_real_eigs): 0.556
torch.Size([64, 1600])
Epoch [225/1000], Wasserstein(eigs,real_eigs): 4968.192, Wasserstein(log_eigs,log_real_eigs): 0.625
torch.Size([64, 1600])
Epoch [226/1000], Wasserstein(eigs,real_eigs): 5334.422, Wasserstein(log_eigs,log_real_eigs): 0.492
torch.Size([64, 1600])
Epoch [227/1000], Wasserstein(eigs,real_eigs): 2507.515, Wasserstein(log_eigs,log_real_eigs): 0.645
torch.Size([64, 1600])
Epoch [228/1000], Wasserstein(eigs,real_eigs): 2291.700, Wasserstein(log_eigs,log_real_eigs): 0.586
torch.Size([64, 1600])
Epoch [229/1000], Wasserstein(eigs,real_eigs): 3264.348, Wasserstein(log_eigs,log_real_eigs): 0.908
torch.Size([64, 1600])
Epoch [230/1000], Wasserstein(eigs,real_eigs): 4795.113, Wasserstein(log_eigs,log_real_eigs): 0.832
torch.Size([64, 1600])
Epoch [231/1000], Wasserstein(eigs,real_eigs): 3763.789, Wasserstein(log_eigs,log_real_eigs): 0.418
torch.Size([64, 1600])
Epoch [232/1000], Wasserstein(eigs,real_eigs): 206.834, Wasserstein(log_eigs,log_real_eigs): 0.504
torch.Size([64, 1600])
Epoch [233/1000], Wasserstein(eigs,real_eigs): 1287.271, Wasserstein(log_eigs,log_real_eigs): 0.475
torch.Size([64, 1600])
Epoch [234/1000], Wasserstein(eigs,real_eigs): 532.837, Wasserstein(log_eigs,log_real_eigs): 0.352
torch.Size([64, 1600])
Epoch [235/1000], Wasserstein(eigs,real_eigs): 2691.792, Wasserstein(log_eigs,log_real_eigs): 0.847
torch.Size([64, 1600])
Epoch [236/1000], Wasserstein(eigs,real_eigs): 2392.250, Wasserstein(log_eigs,log_real_eigs): 0.427
torch.Size([64, 1600])
Epoch [237/1000], Wasserstein(eigs,real_eigs): 6043.431, Wasserstein(log_eigs,log_real_eigs): 1.318
torch.Size([64, 1600])
Epoch [238/1000], Wasserstein(eigs,real_eigs): 6881.758, Wasserstein(log_eigs,log_real_eigs): 1.239
torch.Size([64, 1600])
Epoch [239/1000], Wasserstein(eigs,real_eigs): 1582.465, Wasserstein(log_eigs,log_real_eigs): 0.995
torch.Size([64, 1600])
Epoch [240/1000], Wasserstein(eigs,real_eigs): 951.199, Wasserstein(log_eigs,log_real_eigs): 0.946
torch.Size([64, 1600])
Epoch [241/1000], Wasserstein(eigs,real_eigs): 4873.068, Wasserstein(log_eigs,log_real_eigs): 0.806
torch.Size([64, 1600])
Epoch [242/1000], Wasserstein(eigs,real_eigs): 4888.849, Wasserstein(log_eigs,log_real_eigs): 0.695
torch.Size([64, 1600])
Epoch [243/1000], Wasserstein(eigs,real_eigs): 2170.476, Wasserstein(log_eigs,log_real_eigs): 0.614
torch.Size([64, 1600])
Epoch [244/1000], Wasserstein(eigs,real_eigs): 920.516, Wasserstein(log_eigs,log_real_eigs): 0.548
torch.Size([64, 1600])
Epoch [245/1000], Wasserstein(eigs,real_eigs): 2336.627, Wasserstein(log_eigs,log_real_eigs): 0.547
torch.Size([64, 1600])
Epoch [246/1000], Wasserstein(eigs,real_eigs): 2046.158, Wasserstein(log_eigs,log_real_eigs): 0.488
torch.Size([64, 1600])
Epoch [247/1000], Wasserstein(eigs,real_eigs): 1733.781, Wasserstein(log_eigs,log_real_eigs): 0.443
torch.Size([64, 1600])
Epoch [248/1000], Wasserstein(eigs,real_eigs): 3265.805, Wasserstein(log_eigs,log_real_eigs): 0.543
torch.Size([64, 1600])
Epoch [249/1000], Wasserstein(eigs,real_eigs): 4978.500, Wasserstein(log_eigs,log_real_eigs): 0.594
torch.Size([64, 1600])
Epoch [250/1000], Wasserstein(eigs,real_eigs): 5113.533, Wasserstein(log_eigs,log_real_eigs): 0.463
torch.Size([64, 1600])
Epoch [251/1000], Wasserstein(eigs,real_eigs): 611.857, Wasserstein(log_eigs,log_real_eigs): 0.669
torch.Size([64, 1600])
Epoch [252/1000], Wasserstein(eigs,real_eigs): 234.815, Wasserstein(log_eigs,log_real_eigs): 0.710
torch.Size([64, 1600])
Epoch [253/1000], Wasserstein(eigs,real_eigs): 710.296, Wasserstein(log_eigs,log_real_eigs): 0.859
torch.Size([64, 1600])
Epoch [254/1000], Wasserstein(eigs,real_eigs): 4123.772, Wasserstein(log_eigs,log_real_eigs): 0.625
torch.Size([64, 1600])
Epoch [255/1000], Wasserstein(eigs,real_eigs): 121.444, Wasserstein(log_eigs,log_real_eigs): 0.642
torch.Size([64, 1600])
Epoch [256/1000], Wasserstein(eigs,real_eigs): 787.200, Wasserstein(log_eigs,log_real_eigs): 0.762
torch.Size([64, 1600])
Epoch [257/1000], Wasserstein(eigs,real_eigs): 5765.369, Wasserstein(log_eigs,log_real_eigs): 1.004
torch.Size([64, 1600])
Epoch [258/1000], Wasserstein(eigs,real_eigs): 3508.827, Wasserstein(log_eigs,log_real_eigs): 0.817
torch.Size([64, 1600])
Epoch [259/1000], Wasserstein(eigs,real_eigs): 6599.804, Wasserstein(log_eigs,log_real_eigs): 0.808
torch.Size([64, 1600])
Epoch [260/1000], Wasserstein(eigs,real_eigs): 3703.938, Wasserstein(log_eigs,log_real_eigs): 0.598
torch.Size([64, 1600])
Epoch [261/1000], Wasserstein(eigs,real_eigs): 1968.901, Wasserstein(log_eigs,log_real_eigs): 0.526
torch.Size([64, 1600])
Epoch [262/1000], Wasserstein(eigs,real_eigs): 3980.821, Wasserstein(log_eigs,log_real_eigs): 0.638
torch.Size([64, 1600])
Epoch [263/1000], Wasserstein(eigs,real_eigs): 2783.813, Wasserstein(log_eigs,log_real_eigs): 0.623
torch.Size([64, 1600])
Epoch [264/1000], Wasserstein(eigs,real_eigs): 253.353, Wasserstein(log_eigs,log_real_eigs): 0.681
torch.Size([64, 1600])
Epoch [265/1000], Wasserstein(eigs,real_eigs): 5084.403, Wasserstein(log_eigs,log_real_eigs): 0.578
torch.Size([64, 1600])
Epoch [266/1000], Wasserstein(eigs,real_eigs): 2913.342, Wasserstein(log_eigs,log_real_eigs): 0.797
torch.Size([64, 1600])
Epoch [267/1000], Wasserstein(eigs,real_eigs): 1875.412, Wasserstein(log_eigs,log_real_eigs): 0.443
torch.Size([64, 1600])
Epoch [268/1000], Wasserstein(eigs,real_eigs): 1327.173, Wasserstein(log_eigs,log_real_eigs): 0.404
torch.Size([64, 1600])
Epoch [269/1000], Wasserstein(eigs,real_eigs): 3193.751, Wasserstein(log_eigs,log_real_eigs): 0.877
torch.Size([64, 1600])
Epoch [270/1000], Wasserstein(eigs,real_eigs): 5377.310, Wasserstein(log_eigs,log_real_eigs): 0.627
torch.Size([64, 1600])
Epoch [271/1000], Wasserstein(eigs,real_eigs): 1275.542, Wasserstein(log_eigs,log_real_eigs): 0.654
torch.Size([64, 1600])
Epoch [272/1000], Wasserstein(eigs,real_eigs): 315.455, Wasserstein(log_eigs,log_real_eigs): 0.369
torch.Size([64, 1600])
Epoch [273/1000], Wasserstein(eigs,real_eigs): 2961.613, Wasserstein(log_eigs,log_real_eigs): 0.704
torch.Size([64, 1600])
Epoch [274/1000], Wasserstein(eigs,real_eigs): 736.065, Wasserstein(log_eigs,log_real_eigs): 0.784
torch.Size([64, 1600])
Epoch [275/1000], Wasserstein(eigs,real_eigs): 464.434, Wasserstein(log_eigs,log_real_eigs): 0.685
torch.Size([64, 1600])
Epoch [276/1000], Wasserstein(eigs,real_eigs): 6864.356, Wasserstein(log_eigs,log_real_eigs): 0.481
torch.Size([64, 1600])
Epoch [277/1000], Wasserstein(eigs,real_eigs): 5202.080, Wasserstein(log_eigs,log_real_eigs): 0.534
torch.Size([64, 1600])
Epoch [278/1000], Wasserstein(eigs,real_eigs): 4848.258, Wasserstein(log_eigs,log_real_eigs): 0.671
torch.Size([64, 1600])
Epoch [279/1000], Wasserstein(eigs,real_eigs): 4824.211, Wasserstein(log_eigs,log_real_eigs): 0.553
torch.Size([64, 1600])
Epoch [280/1000], Wasserstein(eigs,real_eigs): 6435.074, Wasserstein(log_eigs,log_real_eigs): 0.600
torch.Size([64, 1600])
Epoch [281/1000], Wasserstein(eigs,real_eigs): 5423.816, Wasserstein(log_eigs,log_real_eigs): 0.485
torch.Size([64, 1600])
Epoch [282/1000], Wasserstein(eigs,real_eigs): 7945.995, Wasserstein(log_eigs,log_real_eigs): 0.435
torch.Size([64, 1600])
Epoch [283/1000], Wasserstein(eigs,real_eigs): 5856.925, Wasserstein(log_eigs,log_real_eigs): 0.565
torch.Size([64, 1600])
Epoch [284/1000], Wasserstein(eigs,real_eigs): 3657.970, Wasserstein(log_eigs,log_real_eigs): 0.437
torch.Size([64, 1600])
Epoch [285/1000], Wasserstein(eigs,real_eigs): 3267.182, Wasserstein(log_eigs,log_real_eigs): 0.391
torch.Size([64, 1600])
Epoch [286/1000], Wasserstein(eigs,real_eigs): 3206.410, Wasserstein(log_eigs,log_real_eigs): 0.468
torch.Size([64, 1600])
Epoch [287/1000], Wasserstein(eigs,real_eigs): 66.575, Wasserstein(log_eigs,log_real_eigs): 0.574
torch.Size([64, 1600])
Epoch [288/1000], Wasserstein(eigs,real_eigs): 4553.157, Wasserstein(log_eigs,log_real_eigs): 0.644
torch.Size([64, 1600])
Epoch [289/1000], Wasserstein(eigs,real_eigs): 6676.107, Wasserstein(log_eigs,log_real_eigs): 0.525
torch.Size([64, 1600])
Epoch [290/1000], Wasserstein(eigs,real_eigs): 5927.717, Wasserstein(log_eigs,log_real_eigs): 0.419
torch.Size([64, 1600])
Epoch [291/1000], Wasserstein(eigs,real_eigs): 9027.992, Wasserstein(log_eigs,log_real_eigs): 0.675
torch.Size([64, 1600])
Epoch [292/1000], Wasserstein(eigs,real_eigs): 3135.676, Wasserstein(log_eigs,log_real_eigs): 0.853
torch.Size([64, 1600])
Epoch [293/1000], Wasserstein(eigs,real_eigs): 8190.400, Wasserstein(log_eigs,log_real_eigs): 0.645
torch.Size([64, 1600])
Epoch [294/1000], Wasserstein(eigs,real_eigs): 4280.698, Wasserstein(log_eigs,log_real_eigs): 0.786
torch.Size([64, 1600])
Epoch [295/1000], Wasserstein(eigs,real_eigs): 1868.469, Wasserstein(log_eigs,log_real_eigs): 0.790
torch.Size([64, 1600])
Epoch [296/1000], Wasserstein(eigs,real_eigs): 1167.612, Wasserstein(log_eigs,log_real_eigs): 0.773
torch.Size([64, 1600])
Epoch [297/1000], Wasserstein(eigs,real_eigs): 4915.396, Wasserstein(log_eigs,log_real_eigs): 0.792
torch.Size([64, 1600])
Epoch [298/1000], Wasserstein(eigs,real_eigs): 4195.129, Wasserstein(log_eigs,log_real_eigs): 0.609
torch.Size([64, 1600])
Epoch [299/1000], Wasserstein(eigs,real_eigs): 6705.514, Wasserstein(log_eigs,log_real_eigs): 0.479
torch.Size([64, 1600])
Epoch [300/1000], Wasserstein(eigs,real_eigs): 3639.970, Wasserstein(log_eigs,log_real_eigs): 0.817
torch.Size([64, 1600])
Epoch [301/1000], Wasserstein(eigs,real_eigs): 216.688, Wasserstein(log_eigs,log_real_eigs): 0.677
torch.Size([64, 1600])
Epoch [302/1000], Wasserstein(eigs,real_eigs): 321.502, Wasserstein(log_eigs,log_real_eigs): 0.964
torch.Size([64, 1600])
Epoch [303/1000], Wasserstein(eigs,real_eigs): 1285.486, Wasserstein(log_eigs,log_real_eigs): 1.023
torch.Size([64, 1600])
Epoch [304/1000], Wasserstein(eigs,real_eigs): 4760.136, Wasserstein(log_eigs,log_real_eigs): 0.973
torch.Size([64, 1600])
Epoch [305/1000], Wasserstein(eigs,real_eigs): 2617.029, Wasserstein(log_eigs,log_real_eigs): 0.716
torch.Size([64, 1600])
Epoch [306/1000], Wasserstein(eigs,real_eigs): 2381.865, Wasserstein(log_eigs,log_real_eigs): 0.858
torch.Size([64, 1600])
Epoch [307/1000], Wasserstein(eigs,real_eigs): 4764.730, Wasserstein(log_eigs,log_real_eigs): 0.762
torch.Size([64, 1600])
Epoch [308/1000], Wasserstein(eigs,real_eigs): 1137.882, Wasserstein(log_eigs,log_real_eigs): 0.978
torch.Size([64, 1600])
Epoch [309/1000], Wasserstein(eigs,real_eigs): 3407.408, Wasserstein(log_eigs,log_real_eigs): 0.873
torch.Size([64, 1600])
Epoch [310/1000], Wasserstein(eigs,real_eigs): 871.007, Wasserstein(log_eigs,log_real_eigs): 0.948
torch.Size([64, 1600])
Epoch [311/1000], Wasserstein(eigs,real_eigs): 5431.685, Wasserstein(log_eigs,log_real_eigs): 0.667
torch.Size([64, 1600])
Epoch [312/1000], Wasserstein(eigs,real_eigs): 145.255, Wasserstein(log_eigs,log_real_eigs): 0.946
torch.Size([64, 1600])
Epoch [313/1000], Wasserstein(eigs,real_eigs): 849.497, Wasserstein(log_eigs,log_real_eigs): 1.100
torch.Size([64, 1600])
Epoch [314/1000], Wasserstein(eigs,real_eigs): 1829.557, Wasserstein(log_eigs,log_real_eigs): 0.930
torch.Size([64, 1600])
Epoch [315/1000], Wasserstein(eigs,real_eigs): 6451.017, Wasserstein(log_eigs,log_real_eigs): 1.019
torch.Size([64, 1600])
Epoch [316/1000], Wasserstein(eigs,real_eigs): 5769.274, Wasserstein(log_eigs,log_real_eigs): 0.781
torch.Size([64, 1600])
Epoch [317/1000], Wasserstein(eigs,real_eigs): 3101.477, Wasserstein(log_eigs,log_real_eigs): 0.967
torch.Size([64, 1600])
Epoch [318/1000], Wasserstein(eigs,real_eigs): 7112.037, Wasserstein(log_eigs,log_real_eigs): 0.784
torch.Size([64, 1600])
Epoch [319/1000], Wasserstein(eigs,real_eigs): 3735.190, Wasserstein(log_eigs,log_real_eigs): 1.204
torch.Size([64, 1600])
Epoch [320/1000], Wasserstein(eigs,real_eigs): 6607.706, Wasserstein(log_eigs,log_real_eigs): 0.869
torch.Size([64, 1600])
Epoch [321/1000], Wasserstein(eigs,real_eigs): 697.261, Wasserstein(log_eigs,log_real_eigs): 0.554
torch.Size([64, 1600])
Epoch [322/1000], Wasserstein(eigs,real_eigs): 5233.461, Wasserstein(log_eigs,log_real_eigs): 0.978
torch.Size([64, 1600])
Epoch [323/1000], Wasserstein(eigs,real_eigs): 8326.445, Wasserstein(log_eigs,log_real_eigs): 0.477
torch.Size([64, 1600])
Epoch [324/1000], Wasserstein(eigs,real_eigs): 5564.108, Wasserstein(log_eigs,log_real_eigs): 0.796
torch.Size([64, 1600])
Epoch [325/1000], Wasserstein(eigs,real_eigs): 729.639, Wasserstein(log_eigs,log_real_eigs): 0.921
torch.Size([64, 1600])
Epoch [326/1000], Wasserstein(eigs,real_eigs): 249.539, Wasserstein(log_eigs,log_real_eigs): 0.819
torch.Size([64, 1600])
Epoch [327/1000], Wasserstein(eigs,real_eigs): 2504.522, Wasserstein(log_eigs,log_real_eigs): 1.171
torch.Size([64, 1600])
Epoch [328/1000], Wasserstein(eigs,real_eigs): 4691.586, Wasserstein(log_eigs,log_real_eigs): 0.567
torch.Size([64, 1600])
Epoch [329/1000], Wasserstein(eigs,real_eigs): 4132.092, Wasserstein(log_eigs,log_real_eigs): 0.594
torch.Size([64, 1600])
Epoch [330/1000], Wasserstein(eigs,real_eigs): 2458.006, Wasserstein(log_eigs,log_real_eigs): 0.688
torch.Size([64, 1600])
Epoch [331/1000], Wasserstein(eigs,real_eigs): 3723.200, Wasserstein(log_eigs,log_real_eigs): 0.589
torch.Size([64, 1600])
Epoch [332/1000], Wasserstein(eigs,real_eigs): 1861.563, Wasserstein(log_eigs,log_real_eigs): 0.530
torch.Size([64, 1600])
Epoch [333/1000], Wasserstein(eigs,real_eigs): 4241.177, Wasserstein(log_eigs,log_real_eigs): 0.522
torch.Size([64, 1600])
Epoch [334/1000], Wasserstein(eigs,real_eigs): 3467.412, Wasserstein(log_eigs,log_real_eigs): 0.629
torch.Size([64, 1600])
Epoch [335/1000], Wasserstein(eigs,real_eigs): 4217.027, Wasserstein(log_eigs,log_real_eigs): 0.554
torch.Size([64, 1600])
Epoch [336/1000], Wasserstein(eigs,real_eigs): 2319.489, Wasserstein(log_eigs,log_real_eigs): 0.699
torch.Size([64, 1600])
Epoch [337/1000], Wasserstein(eigs,real_eigs): 1174.313, Wasserstein(log_eigs,log_real_eigs): 0.631
torch.Size([64, 1600])
Epoch [338/1000], Wasserstein(eigs,real_eigs): 391.936, Wasserstein(log_eigs,log_real_eigs): 0.523
torch.Size([64, 1600])
Epoch [339/1000], Wasserstein(eigs,real_eigs): 3071.660, Wasserstein(log_eigs,log_real_eigs): 0.518
torch.Size([64, 1600])
Epoch [340/1000], Wasserstein(eigs,real_eigs): 7464.987, Wasserstein(log_eigs,log_real_eigs): 0.558
torch.Size([64, 1600])
Epoch [341/1000], Wasserstein(eigs,real_eigs): 935.434, Wasserstein(log_eigs,log_real_eigs): 0.605
torch.Size([64, 1600])
Epoch [342/1000], Wasserstein(eigs,real_eigs): 4722.675, Wasserstein(log_eigs,log_real_eigs): 0.793
torch.Size([64, 1600])
Epoch [343/1000], Wasserstein(eigs,real_eigs): 5107.507, Wasserstein(log_eigs,log_real_eigs): 1.041
torch.Size([64, 1600])
Epoch [344/1000], Wasserstein(eigs,real_eigs): 2839.155, Wasserstein(log_eigs,log_real_eigs): 0.997
torch.Size([64, 1600])
Epoch [345/1000], Wasserstein(eigs,real_eigs): 6992.421, Wasserstein(log_eigs,log_real_eigs): 0.813
torch.Size([64, 1600])
Epoch [346/1000], Wasserstein(eigs,real_eigs): 5833.046, Wasserstein(log_eigs,log_real_eigs): 0.534
torch.Size([64, 1600])
Epoch [347/1000], Wasserstein(eigs,real_eigs): 847.668, Wasserstein(log_eigs,log_real_eigs): 0.750
torch.Size([64, 1600])
Epoch [348/1000], Wasserstein(eigs,real_eigs): 55.097, Wasserstein(log_eigs,log_real_eigs): 0.411
torch.Size([64, 1600])
Epoch [349/1000], Wasserstein(eigs,real_eigs): 8146.532, Wasserstein(log_eigs,log_real_eigs): 0.574
torch.Size([64, 1600])
Epoch [350/1000], Wasserstein(eigs,real_eigs): 7080.230, Wasserstein(log_eigs,log_real_eigs): 0.440
torch.Size([64, 1600])
Epoch [351/1000], Wasserstein(eigs,real_eigs): 5153.406, Wasserstein(log_eigs,log_real_eigs): 0.552
torch.Size([64, 1600])
Epoch [352/1000], Wasserstein(eigs,real_eigs): 5266.851, Wasserstein(log_eigs,log_real_eigs): 0.457
torch.Size([64, 1600])
Epoch [353/1000], Wasserstein(eigs,real_eigs): 131.771, Wasserstein(log_eigs,log_real_eigs): 0.474
torch.Size([64, 1600])
Epoch [354/1000], Wasserstein(eigs,real_eigs): 6583.157, Wasserstein(log_eigs,log_real_eigs): 0.494
torch.Size([64, 1600])
Epoch [355/1000], Wasserstein(eigs,real_eigs): 355.961, Wasserstein(log_eigs,log_real_eigs): 0.454
torch.Size([64, 1600])
Epoch [356/1000], Wasserstein(eigs,real_eigs): 892.321, Wasserstein(log_eigs,log_real_eigs): 0.431
torch.Size([64, 1600])
Epoch [357/1000], Wasserstein(eigs,real_eigs): 5179.602, Wasserstein(log_eigs,log_real_eigs): 0.440
torch.Size([64, 1600])
Epoch [358/1000], Wasserstein(eigs,real_eigs): 2688.780, Wasserstein(log_eigs,log_real_eigs): 0.574
torch.Size([64, 1600])
Epoch [359/1000], Wasserstein(eigs,real_eigs): 4667.742, Wasserstein(log_eigs,log_real_eigs): 0.478
torch.Size([64, 1600])
Epoch [360/1000], Wasserstein(eigs,real_eigs): 2619.913, Wasserstein(log_eigs,log_real_eigs): 0.471
torch.Size([64, 1600])
Epoch [361/1000], Wasserstein(eigs,real_eigs): 334.100, Wasserstein(log_eigs,log_real_eigs): 0.662
torch.Size([64, 1600])
Epoch [362/1000], Wasserstein(eigs,real_eigs): 1399.784, Wasserstein(log_eigs,log_real_eigs): 0.602
torch.Size([64, 1600])
Epoch [363/1000], Wasserstein(eigs,real_eigs): 2703.062, Wasserstein(log_eigs,log_real_eigs): 0.902
torch.Size([64, 1600])
Epoch [364/1000], Wasserstein(eigs,real_eigs): 3521.654, Wasserstein(log_eigs,log_real_eigs): 1.168
torch.Size([64, 1600])
Epoch [365/1000], Wasserstein(eigs,real_eigs): 2866.528, Wasserstein(log_eigs,log_real_eigs): 0.965
torch.Size([64, 1600])
Epoch [366/1000], Wasserstein(eigs,real_eigs): 333.019, Wasserstein(log_eigs,log_real_eigs): 0.898
torch.Size([64, 1600])
Epoch [367/1000], Wasserstein(eigs,real_eigs): 1275.447, Wasserstein(log_eigs,log_real_eigs): 1.132
torch.Size([64, 1600])
Epoch [368/1000], Wasserstein(eigs,real_eigs): 237.051, Wasserstein(log_eigs,log_real_eigs): 0.782
torch.Size([64, 1600])
Epoch [369/1000], Wasserstein(eigs,real_eigs): 2030.131, Wasserstein(log_eigs,log_real_eigs): 1.253
torch.Size([64, 1600])
Epoch [370/1000], Wasserstein(eigs,real_eigs): 3080.385, Wasserstein(log_eigs,log_real_eigs): 1.087
torch.Size([64, 1600])
Epoch [371/1000], Wasserstein(eigs,real_eigs): 1990.193, Wasserstein(log_eigs,log_real_eigs): 0.872
torch.Size([64, 1600])
Epoch [372/1000], Wasserstein(eigs,real_eigs): 1511.370, Wasserstein(log_eigs,log_real_eigs): 0.973
torch.Size([64, 1600])
Epoch [373/1000], Wasserstein(eigs,real_eigs): 3076.308, Wasserstein(log_eigs,log_real_eigs): 0.997
torch.Size([64, 1600])
Epoch [374/1000], Wasserstein(eigs,real_eigs): 4356.292, Wasserstein(log_eigs,log_real_eigs): 1.257
torch.Size([64, 1600])
Epoch [375/1000], Wasserstein(eigs,real_eigs): 5727.482, Wasserstein(log_eigs,log_real_eigs): 1.137
torch.Size([64, 1600])
Epoch [376/1000], Wasserstein(eigs,real_eigs): 232.783, Wasserstein(log_eigs,log_real_eigs): 0.816
torch.Size([64, 1600])
Epoch [377/1000], Wasserstein(eigs,real_eigs): 413.791, Wasserstein(log_eigs,log_real_eigs): 0.889
torch.Size([64, 1600])
Epoch [378/1000], Wasserstein(eigs,real_eigs): 4760.380, Wasserstein(log_eigs,log_real_eigs): 0.625
torch.Size([64, 1600])
Epoch [379/1000], Wasserstein(eigs,real_eigs): 7926.651, Wasserstein(log_eigs,log_real_eigs): 0.859
torch.Size([64, 1600])
Epoch [380/1000], Wasserstein(eigs,real_eigs): 8363.263, Wasserstein(log_eigs,log_real_eigs): 1.027
torch.Size([64, 1600])
Epoch [381/1000], Wasserstein(eigs,real_eigs): 9124.605, Wasserstein(log_eigs,log_real_eigs): 1.118
torch.Size([64, 1600])
Epoch [382/1000], Wasserstein(eigs,real_eigs): 6797.163, Wasserstein(log_eigs,log_real_eigs): 1.101
torch.Size([64, 1600])
Epoch [383/1000], Wasserstein(eigs,real_eigs): 4220.400, Wasserstein(log_eigs,log_real_eigs): 0.895
torch.Size([64, 1600])
Epoch [384/1000], Wasserstein(eigs,real_eigs): 3045.368, Wasserstein(log_eigs,log_real_eigs): 1.092
torch.Size([64, 1600])
Epoch [385/1000], Wasserstein(eigs,real_eigs): 1058.560, Wasserstein(log_eigs,log_real_eigs): 1.021
torch.Size([64, 1600])
Epoch [386/1000], Wasserstein(eigs,real_eigs): 618.689, Wasserstein(log_eigs,log_real_eigs): 1.061
torch.Size([64, 1600])
Epoch [387/1000], Wasserstein(eigs,real_eigs): 3487.988, Wasserstein(log_eigs,log_real_eigs): 1.089
torch.Size([64, 1600])
Epoch [388/1000], Wasserstein(eigs,real_eigs): 187.418, Wasserstein(log_eigs,log_real_eigs): 0.650
torch.Size([64, 1600])
Epoch [389/1000], Wasserstein(eigs,real_eigs): 3762.173, Wasserstein(log_eigs,log_real_eigs): 0.775
torch.Size([64, 1600])
Epoch [390/1000], Wasserstein(eigs,real_eigs): 7947.643, Wasserstein(log_eigs,log_real_eigs): 0.946
torch.Size([64, 1600])
Epoch [391/1000], Wasserstein(eigs,real_eigs): 8839.496, Wasserstein(log_eigs,log_real_eigs): 1.153
torch.Size([64, 1600])
Epoch [392/1000], Wasserstein(eigs,real_eigs): 1372.050, Wasserstein(log_eigs,log_real_eigs): 0.763
torch.Size([64, 1600])
Epoch [393/1000], Wasserstein(eigs,real_eigs): 5590.016, Wasserstein(log_eigs,log_real_eigs): 0.928
torch.Size([64, 1600])
Epoch [394/1000], Wasserstein(eigs,real_eigs): 580.191, Wasserstein(log_eigs,log_real_eigs): 0.466
torch.Size([64, 1600])
Epoch [395/1000], Wasserstein(eigs,real_eigs): 4046.852, Wasserstein(log_eigs,log_real_eigs): 0.808
torch.Size([64, 1600])
Epoch [396/1000], Wasserstein(eigs,real_eigs): 6130.407, Wasserstein(log_eigs,log_real_eigs): 0.748
torch.Size([64, 1600])
Epoch [397/1000], Wasserstein(eigs,real_eigs): 3894.275, Wasserstein(log_eigs,log_real_eigs): 0.826
torch.Size([64, 1600])
Epoch [398/1000], Wasserstein(eigs,real_eigs): 7371.466, Wasserstein(log_eigs,log_real_eigs): 0.977
torch.Size([64, 1600])
Epoch [399/1000], Wasserstein(eigs,real_eigs): 1314.330, Wasserstein(log_eigs,log_real_eigs): 1.084
torch.Size([64, 1600])
Epoch [400/1000], Wasserstein(eigs,real_eigs): 129.670, Wasserstein(log_eigs,log_real_eigs): 0.725
torch.Size([64, 1600])
Epoch [401/1000], Wasserstein(eigs,real_eigs): 3843.140, Wasserstein(log_eigs,log_real_eigs): 0.811
torch.Size([64, 1600])
Epoch [402/1000], Wasserstein(eigs,real_eigs): 4166.571, Wasserstein(log_eigs,log_real_eigs): 0.956
torch.Size([64, 1600])
Epoch [403/1000], Wasserstein(eigs,real_eigs): 2163.935, Wasserstein(log_eigs,log_real_eigs): 1.043
torch.Size([64, 1600])
Epoch [404/1000], Wasserstein(eigs,real_eigs): 6184.660, Wasserstein(log_eigs,log_real_eigs): 0.909
torch.Size([64, 1600])
Epoch [405/1000], Wasserstein(eigs,real_eigs): 8128.314, Wasserstein(log_eigs,log_real_eigs): 0.877
torch.Size([64, 1600])
Epoch [406/1000], Wasserstein(eigs,real_eigs): 3720.851, Wasserstein(log_eigs,log_real_eigs): 0.785
torch.Size([64, 1600])
Epoch [407/1000], Wasserstein(eigs,real_eigs): 2105.227, Wasserstein(log_eigs,log_real_eigs): 0.996
torch.Size([64, 1600])
Epoch [408/1000], Wasserstein(eigs,real_eigs): 7186.228, Wasserstein(log_eigs,log_real_eigs): 0.760
torch.Size([64, 1600])
Epoch [409/1000], Wasserstein(eigs,real_eigs): 10354.201, Wasserstein(log_eigs,log_real_eigs): 0.529
torch.Size([64, 1600])
Epoch [410/1000], Wasserstein(eigs,real_eigs): 2779.399, Wasserstein(log_eigs,log_real_eigs): 0.519
torch.Size([64, 1600])
Epoch [411/1000], Wasserstein(eigs,real_eigs): 2593.957, Wasserstein(log_eigs,log_real_eigs): 0.606
torch.Size([64, 1600])
Epoch [412/1000], Wasserstein(eigs,real_eigs): 7821.712, Wasserstein(log_eigs,log_real_eigs): 0.776
torch.Size([64, 1600])
Epoch [413/1000], Wasserstein(eigs,real_eigs): 6503.534, Wasserstein(log_eigs,log_real_eigs): 0.666
torch.Size([64, 1600])
Epoch [414/1000], Wasserstein(eigs,real_eigs): 7500.022, Wasserstein(log_eigs,log_real_eigs): 0.902
torch.Size([64, 1600])
Epoch [415/1000], Wasserstein(eigs,real_eigs): 262.476, Wasserstein(log_eigs,log_real_eigs): 0.435
torch.Size([64, 1600])
Epoch [416/1000], Wasserstein(eigs,real_eigs): 3739.555, Wasserstein(log_eigs,log_real_eigs): 0.635
torch.Size([64, 1600])
Epoch [417/1000], Wasserstein(eigs,real_eigs): 2750.280, Wasserstein(log_eigs,log_real_eigs): 0.440
torch.Size([64, 1600])
Epoch [418/1000], Wasserstein(eigs,real_eigs): 3859.358, Wasserstein(log_eigs,log_real_eigs): 0.519
torch.Size([64, 1600])
Epoch [419/1000], Wasserstein(eigs,real_eigs): 3499.915, Wasserstein(log_eigs,log_real_eigs): 0.830
torch.Size([64, 1600])
Epoch [420/1000], Wasserstein(eigs,real_eigs): 4132.322, Wasserstein(log_eigs,log_real_eigs): 1.106
torch.Size([64, 1600])
Epoch [421/1000], Wasserstein(eigs,real_eigs): 5084.221, Wasserstein(log_eigs,log_real_eigs): 0.888
torch.Size([64, 1600])
Epoch [422/1000], Wasserstein(eigs,real_eigs): 7700.308, Wasserstein(log_eigs,log_real_eigs): 0.982
torch.Size([64, 1600])
Epoch [423/1000], Wasserstein(eigs,real_eigs): 11169.525, Wasserstein(log_eigs,log_real_eigs): 1.017
torch.Size([64, 1600])
Epoch [424/1000], Wasserstein(eigs,real_eigs): 4662.994, Wasserstein(log_eigs,log_real_eigs): 0.923
torch.Size([64, 1600])
Epoch [425/1000], Wasserstein(eigs,real_eigs): 6993.497, Wasserstein(log_eigs,log_real_eigs): 0.896
torch.Size([64, 1600])
Epoch [426/1000], Wasserstein(eigs,real_eigs): 8306.406, Wasserstein(log_eigs,log_real_eigs): 0.926
torch.Size([64, 1600])
Epoch [427/1000], Wasserstein(eigs,real_eigs): 6853.853, Wasserstein(log_eigs,log_real_eigs): 0.977
torch.Size([64, 1600])
Epoch [428/1000], Wasserstein(eigs,real_eigs): 9752.730, Wasserstein(log_eigs,log_real_eigs): 1.093
torch.Size([64, 1600])
Epoch [429/1000], Wasserstein(eigs,real_eigs): 4473.406, Wasserstein(log_eigs,log_real_eigs): 1.155
torch.Size([64, 1600])
Epoch [430/1000], Wasserstein(eigs,real_eigs): 8143.566, Wasserstein(log_eigs,log_real_eigs): 1.088
torch.Size([64, 1600])
Epoch [431/1000], Wasserstein(eigs,real_eigs): 3852.239, Wasserstein(log_eigs,log_real_eigs): 0.431
torch.Size([64, 1600])
Epoch [432/1000], Wasserstein(eigs,real_eigs): 7610.710, Wasserstein(log_eigs,log_real_eigs): 0.415
torch.Size([64, 1600])
Epoch [433/1000], Wasserstein(eigs,real_eigs): 5447.390, Wasserstein(log_eigs,log_real_eigs): 0.697
torch.Size([64, 1600])
Epoch [434/1000], Wasserstein(eigs,real_eigs): 2879.818, Wasserstein(log_eigs,log_real_eigs): 0.792
torch.Size([64, 1600])
Epoch [435/1000], Wasserstein(eigs,real_eigs): 6999.287, Wasserstein(log_eigs,log_real_eigs): 0.875
torch.Size([64, 1600])
Epoch [436/1000], Wasserstein(eigs,real_eigs): 3852.665, Wasserstein(log_eigs,log_real_eigs): 1.009
torch.Size([64, 1600])
Epoch [437/1000], Wasserstein(eigs,real_eigs): 134.688, Wasserstein(log_eigs,log_real_eigs): 0.632
torch.Size([64, 1600])
Epoch [438/1000], Wasserstein(eigs,real_eigs): 1677.718, Wasserstein(log_eigs,log_real_eigs): 0.848
torch.Size([64, 1600])
Epoch [439/1000], Wasserstein(eigs,real_eigs): 351.949, Wasserstein(log_eigs,log_real_eigs): 0.826
torch.Size([64, 1600])
Epoch [440/1000], Wasserstein(eigs,real_eigs): 3566.084, Wasserstein(log_eigs,log_real_eigs): 0.499
torch.Size([64, 1600])
Epoch [441/1000], Wasserstein(eigs,real_eigs): 4127.134, Wasserstein(log_eigs,log_real_eigs): 0.733
torch.Size([64, 1600])
Epoch [442/1000], Wasserstein(eigs,real_eigs): 1747.946, Wasserstein(log_eigs,log_real_eigs): 0.716
torch.Size([64, 1600])
Epoch [443/1000], Wasserstein(eigs,real_eigs): 9340.968, Wasserstein(log_eigs,log_real_eigs): 1.160
torch.Size([64, 1600])
Epoch [444/1000], Wasserstein(eigs,real_eigs): 5482.220, Wasserstein(log_eigs,log_real_eigs): 0.886
torch.Size([64, 1600])
Epoch [445/1000], Wasserstein(eigs,real_eigs): 5282.139, Wasserstein(log_eigs,log_real_eigs): 1.011
torch.Size([64, 1600])
Epoch [446/1000], Wasserstein(eigs,real_eigs): 10421.282, Wasserstein(log_eigs,log_real_eigs): 0.989
torch.Size([64, 1600])
Epoch [447/1000], Wasserstein(eigs,real_eigs): 6909.859, Wasserstein(log_eigs,log_real_eigs): 1.124
torch.Size([64, 1600])
Epoch [448/1000], Wasserstein(eigs,real_eigs): 9194.995, Wasserstein(log_eigs,log_real_eigs): 1.130
torch.Size([64, 1600])
Epoch [449/1000], Wasserstein(eigs,real_eigs): 6993.565, Wasserstein(log_eigs,log_real_eigs): 0.899
torch.Size([64, 1600])
Epoch [450/1000], Wasserstein(eigs,real_eigs): 2038.233, Wasserstein(log_eigs,log_real_eigs): 0.439
torch.Size([64, 1600])
Epoch [451/1000], Wasserstein(eigs,real_eigs): 2835.864, Wasserstein(log_eigs,log_real_eigs): 0.456
torch.Size([64, 1600])
Epoch [452/1000], Wasserstein(eigs,real_eigs): 158.502, Wasserstein(log_eigs,log_real_eigs): 0.671
torch.Size([64, 1600])
Epoch [453/1000], Wasserstein(eigs,real_eigs): 5543.755, Wasserstein(log_eigs,log_real_eigs): 1.224
torch.Size([64, 1600])
Epoch [454/1000], Wasserstein(eigs,real_eigs): 2219.838, Wasserstein(log_eigs,log_real_eigs): 1.027
torch.Size([64, 1600])
Epoch [455/1000], Wasserstein(eigs,real_eigs): 4164.420, Wasserstein(log_eigs,log_real_eigs): 0.868
torch.Size([64, 1600])
Epoch [456/1000], Wasserstein(eigs,real_eigs): 2406.968, Wasserstein(log_eigs,log_real_eigs): 1.002
torch.Size([64, 1600])
Epoch [457/1000], Wasserstein(eigs,real_eigs): 3460.341, Wasserstein(log_eigs,log_real_eigs): 0.772
torch.Size([64, 1600])
Epoch [458/1000], Wasserstein(eigs,real_eigs): 1951.694, Wasserstein(log_eigs,log_real_eigs): 0.940
torch.Size([64, 1600])
Epoch [459/1000], Wasserstein(eigs,real_eigs): 3480.585, Wasserstein(log_eigs,log_real_eigs): 0.859
torch.Size([64, 1600])
Epoch [460/1000], Wasserstein(eigs,real_eigs): 2129.460, Wasserstein(log_eigs,log_real_eigs): 0.992
torch.Size([64, 1600])
Epoch [461/1000], Wasserstein(eigs,real_eigs): 5931.667, Wasserstein(log_eigs,log_real_eigs): 0.831
torch.Size([64, 1600])
Epoch [462/1000], Wasserstein(eigs,real_eigs): 202.496, Wasserstein(log_eigs,log_real_eigs): 0.322
torch.Size([64, 1600])
Epoch [463/1000], Wasserstein(eigs,real_eigs): 2887.091, Wasserstein(log_eigs,log_real_eigs): 0.805
torch.Size([64, 1600])
Epoch [464/1000], Wasserstein(eigs,real_eigs): 9079.687, Wasserstein(log_eigs,log_real_eigs): 0.947
torch.Size([64, 1600])
Epoch [465/1000], Wasserstein(eigs,real_eigs): 4740.158, Wasserstein(log_eigs,log_real_eigs): 0.921
torch.Size([64, 1600])
Epoch [466/1000], Wasserstein(eigs,real_eigs): 11459.743, Wasserstein(log_eigs,log_real_eigs): 0.988
torch.Size([64, 1600])
Epoch [467/1000], Wasserstein(eigs,real_eigs): 2994.311, Wasserstein(log_eigs,log_real_eigs): 0.944
torch.Size([64, 1600])
Epoch [468/1000], Wasserstein(eigs,real_eigs): 5529.363, Wasserstein(log_eigs,log_real_eigs): 0.922
torch.Size([64, 1600])
Epoch [469/1000], Wasserstein(eigs,real_eigs): 2278.923, Wasserstein(log_eigs,log_real_eigs): 0.814
torch.Size([64, 1600])
Epoch [470/1000], Wasserstein(eigs,real_eigs): 731.049, Wasserstein(log_eigs,log_real_eigs): 0.596
torch.Size([64, 1600])
Epoch [471/1000], Wasserstein(eigs,real_eigs): 309.112, Wasserstein(log_eigs,log_real_eigs): 0.767
torch.Size([64, 1600])
Epoch [472/1000], Wasserstein(eigs,real_eigs): 5003.202, Wasserstein(log_eigs,log_real_eigs): 1.173
torch.Size([64, 1600])
Epoch [473/1000], Wasserstein(eigs,real_eigs): 5460.701, Wasserstein(log_eigs,log_real_eigs): 0.864
torch.Size([64, 1600])
Epoch [474/1000], Wasserstein(eigs,real_eigs): 8771.633, Wasserstein(log_eigs,log_real_eigs): 1.093
torch.Size([64, 1600])
Epoch [475/1000], Wasserstein(eigs,real_eigs): 2384.326, Wasserstein(log_eigs,log_real_eigs): 1.114
torch.Size([64, 1600])
Epoch [476/1000], Wasserstein(eigs,real_eigs): 218.915, Wasserstein(log_eigs,log_real_eigs): 0.666
torch.Size([64, 1600])
Epoch [477/1000], Wasserstein(eigs,real_eigs): 7137.188, Wasserstein(log_eigs,log_real_eigs): 0.552
torch.Size([64, 1600])
Epoch [478/1000], Wasserstein(eigs,real_eigs): 3064.221, Wasserstein(log_eigs,log_real_eigs): 0.799
torch.Size([64, 1600])
Epoch [479/1000], Wasserstein(eigs,real_eigs): 8473.384, Wasserstein(log_eigs,log_real_eigs): 1.204
torch.Size([64, 1600])
Epoch [480/1000], Wasserstein(eigs,real_eigs): 153.556, Wasserstein(log_eigs,log_real_eigs): 0.667
torch.Size([64, 1600])
Epoch [481/1000], Wasserstein(eigs,real_eigs): 6118.350, Wasserstein(log_eigs,log_real_eigs): 0.965
torch.Size([64, 1600])
Epoch [482/1000], Wasserstein(eigs,real_eigs): 2481.156, Wasserstein(log_eigs,log_real_eigs): 0.650
torch.Size([64, 1600])
Epoch [483/1000], Wasserstein(eigs,real_eigs): 9837.035, Wasserstein(log_eigs,log_real_eigs): 0.454
torch.Size([64, 1600])
Epoch [484/1000], Wasserstein(eigs,real_eigs): 6489.425, Wasserstein(log_eigs,log_real_eigs): 0.531
torch.Size([64, 1600])
Epoch [485/1000], Wasserstein(eigs,real_eigs): 9039.166, Wasserstein(log_eigs,log_real_eigs): 0.797
torch.Size([64, 1600])
Epoch [486/1000], Wasserstein(eigs,real_eigs): 9080.114, Wasserstein(log_eigs,log_real_eigs): 1.063
torch.Size([64, 1600])
Epoch [487/1000], Wasserstein(eigs,real_eigs): 13142.930, Wasserstein(log_eigs,log_real_eigs): 0.817
torch.Size([64, 1600])
Epoch [488/1000], Wasserstein(eigs,real_eigs): 1152.846, Wasserstein(log_eigs,log_real_eigs): 0.755
torch.Size([64, 1600])
Epoch [489/1000], Wasserstein(eigs,real_eigs): 4044.064, Wasserstein(log_eigs,log_real_eigs): 0.798
torch.Size([64, 1600])
Epoch [490/1000], Wasserstein(eigs,real_eigs): 5779.904, Wasserstein(log_eigs,log_real_eigs): 0.811
torch.Size([64, 1600])
Epoch [491/1000], Wasserstein(eigs,real_eigs): 3063.224, Wasserstein(log_eigs,log_real_eigs): 1.039
torch.Size([64, 1600])
Epoch [492/1000], Wasserstein(eigs,real_eigs): 189.721, Wasserstein(log_eigs,log_real_eigs): 0.919
torch.Size([64, 1600])
Epoch [493/1000], Wasserstein(eigs,real_eigs): 1522.177, Wasserstein(log_eigs,log_real_eigs): 0.734
torch.Size([64, 1600])
Epoch [494/1000], Wasserstein(eigs,real_eigs): 8082.485, Wasserstein(log_eigs,log_real_eigs): 0.852
torch.Size([64, 1600])
Epoch [495/1000], Wasserstein(eigs,real_eigs): 676.924, Wasserstein(log_eigs,log_real_eigs): 0.897
torch.Size([64, 1600])
Epoch [496/1000], Wasserstein(eigs,real_eigs): 4683.002, Wasserstein(log_eigs,log_real_eigs): 0.975
torch.Size([64, 1600])
Epoch [497/1000], Wasserstein(eigs,real_eigs): 187.187, Wasserstein(log_eigs,log_real_eigs): 0.934
torch.Size([64, 1600])
Epoch [498/1000], Wasserstein(eigs,real_eigs): 7066.208, Wasserstein(log_eigs,log_real_eigs): 1.171
torch.Size([64, 1600])
Epoch [499/1000], Wasserstein(eigs,real_eigs): 11861.210, Wasserstein(log_eigs,log_real_eigs): 0.860
torch.Size([64, 1600])
Epoch [500/1000], Wasserstein(eigs,real_eigs): 7994.837, Wasserstein(log_eigs,log_real_eigs): 0.657
torch.Size([64, 1600])
Epoch [501/1000], Wasserstein(eigs,real_eigs): 9111.058, Wasserstein(log_eigs,log_real_eigs): 0.737
torch.Size([64, 1600])
Epoch [502/1000], Wasserstein(eigs,real_eigs): 8440.782, Wasserstein(log_eigs,log_real_eigs): 0.840
torch.Size([64, 1600])
Epoch [503/1000], Wasserstein(eigs,real_eigs): 4141.885, Wasserstein(log_eigs,log_real_eigs): 0.921
torch.Size([64, 1600])
Epoch [504/1000], Wasserstein(eigs,real_eigs): 4150.085, Wasserstein(log_eigs,log_real_eigs): 1.111
torch.Size([64, 1600])
Epoch [505/1000], Wasserstein(eigs,real_eigs): 11308.872, Wasserstein(log_eigs,log_real_eigs): 0.954
torch.Size([64, 1600])
Epoch [506/1000], Wasserstein(eigs,real_eigs): 4217.804, Wasserstein(log_eigs,log_real_eigs): 0.923
torch.Size([64, 1600])
Epoch [507/1000], Wasserstein(eigs,real_eigs): 304.144, Wasserstein(log_eigs,log_real_eigs): 0.824
torch.Size([64, 1600])
Epoch [508/1000], Wasserstein(eigs,real_eigs): 8455.679, Wasserstein(log_eigs,log_real_eigs): 0.721
torch.Size([64, 1600])
Epoch [509/1000], Wasserstein(eigs,real_eigs): 2005.225, Wasserstein(log_eigs,log_real_eigs): 1.011
torch.Size([64, 1600])
Epoch [510/1000], Wasserstein(eigs,real_eigs): 807.965, Wasserstein(log_eigs,log_real_eigs): 0.823
torch.Size([64, 1600])
Epoch [511/1000], Wasserstein(eigs,real_eigs): 6255.675, Wasserstein(log_eigs,log_real_eigs): 0.399
torch.Size([64, 1600])
Epoch [512/1000], Wasserstein(eigs,real_eigs): 10545.053, Wasserstein(log_eigs,log_real_eigs): 0.441
torch.Size([64, 1600])
Epoch [513/1000], Wasserstein(eigs,real_eigs): 6281.918, Wasserstein(log_eigs,log_real_eigs): 0.422
torch.Size([64, 1600])
Epoch [514/1000], Wasserstein(eigs,real_eigs): 11185.081, Wasserstein(log_eigs,log_real_eigs): 0.409
torch.Size([64, 1600])
Epoch [515/1000], Wasserstein(eigs,real_eigs): 2690.518, Wasserstein(log_eigs,log_real_eigs): 0.802
torch.Size([64, 1600])
Epoch [516/1000], Wasserstein(eigs,real_eigs): 3535.192, Wasserstein(log_eigs,log_real_eigs): 0.897
torch.Size([64, 1600])
Epoch [517/1000], Wasserstein(eigs,real_eigs): 2814.747, Wasserstein(log_eigs,log_real_eigs): 0.893
torch.Size([64, 1600])
Epoch [518/1000], Wasserstein(eigs,real_eigs): 1494.648, Wasserstein(log_eigs,log_real_eigs): 0.934
torch.Size([64, 1600])
Epoch [519/1000], Wasserstein(eigs,real_eigs): 10734.872, Wasserstein(log_eigs,log_real_eigs): 0.726
torch.Size([64, 1600])
Epoch [520/1000], Wasserstein(eigs,real_eigs): 9698.210, Wasserstein(log_eigs,log_real_eigs): 1.058
torch.Size([64, 1600])
Epoch [521/1000], Wasserstein(eigs,real_eigs): 3139.517, Wasserstein(log_eigs,log_real_eigs): 0.940
torch.Size([64, 1600])
Epoch [522/1000], Wasserstein(eigs,real_eigs): 6851.279, Wasserstein(log_eigs,log_real_eigs): 0.420
torch.Size([64, 1600])
Epoch [523/1000], Wasserstein(eigs,real_eigs): 10537.755, Wasserstein(log_eigs,log_real_eigs): 0.862
torch.Size([64, 1600])
Epoch [524/1000], Wasserstein(eigs,real_eigs): 8269.515, Wasserstein(log_eigs,log_real_eigs): 0.932
torch.Size([64, 1600])
Epoch [525/1000], Wasserstein(eigs,real_eigs): 12250.667, Wasserstein(log_eigs,log_real_eigs): 1.114
torch.Size([64, 1600])
Epoch [526/1000], Wasserstein(eigs,real_eigs): 193.316, Wasserstein(log_eigs,log_real_eigs): 0.558
torch.Size([64, 1600])
Epoch [527/1000], Wasserstein(eigs,real_eigs): 2247.373, Wasserstein(log_eigs,log_real_eigs): 1.090
torch.Size([64, 1600])
Epoch [528/1000], Wasserstein(eigs,real_eigs): 499.248, Wasserstein(log_eigs,log_real_eigs): 0.587
torch.Size([64, 1600])
Epoch [529/1000], Wasserstein(eigs,real_eigs): 8742.404, Wasserstein(log_eigs,log_real_eigs): 1.010
torch.Size([64, 1600])
Epoch [530/1000], Wasserstein(eigs,real_eigs): 640.815, Wasserstein(log_eigs,log_real_eigs): 0.526
torch.Size([64, 1600])
Epoch [531/1000], Wasserstein(eigs,real_eigs): 16016.908, Wasserstein(log_eigs,log_real_eigs): 0.611
torch.Size([64, 1600])
Epoch [532/1000], Wasserstein(eigs,real_eigs): 10658.115, Wasserstein(log_eigs,log_real_eigs): 0.853
torch.Size([64, 1600])
Epoch [533/1000], Wasserstein(eigs,real_eigs): 13765.388, Wasserstein(log_eigs,log_real_eigs): 0.950
torch.Size([64, 1600])
Epoch [534/1000], Wasserstein(eigs,real_eigs): 5332.563, Wasserstein(log_eigs,log_real_eigs): 0.787
torch.Size([64, 1600])
Epoch [535/1000], Wasserstein(eigs,real_eigs): 10205.820, Wasserstein(log_eigs,log_real_eigs): 0.916
torch.Size([64, 1600])
Epoch [536/1000], Wasserstein(eigs,real_eigs): 3104.975, Wasserstein(log_eigs,log_real_eigs): 0.870
torch.Size([64, 1600])
Epoch [537/1000], Wasserstein(eigs,real_eigs): 9264.842, Wasserstein(log_eigs,log_real_eigs): 0.768
torch.Size([64, 1600])
Epoch [538/1000], Wasserstein(eigs,real_eigs): 4587.879, Wasserstein(log_eigs,log_real_eigs): 0.878
torch.Size([64, 1600])
Epoch [539/1000], Wasserstein(eigs,real_eigs): 6580.317, Wasserstein(log_eigs,log_real_eigs): 0.931
torch.Size([64, 1600])
Epoch [540/1000], Wasserstein(eigs,real_eigs): 7467.526, Wasserstein(log_eigs,log_real_eigs): 0.871
torch.Size([64, 1600])
Epoch [541/1000], Wasserstein(eigs,real_eigs): 2344.593, Wasserstein(log_eigs,log_real_eigs): 0.811
torch.Size([64, 1600])
Epoch [542/1000], Wasserstein(eigs,real_eigs): 1910.544, Wasserstein(log_eigs,log_real_eigs): 0.903
torch.Size([64, 1600])
Epoch [543/1000], Wasserstein(eigs,real_eigs): 8153.958, Wasserstein(log_eigs,log_real_eigs): 0.966
torch.Size([64, 1600])
Epoch [544/1000], Wasserstein(eigs,real_eigs): 5950.478, Wasserstein(log_eigs,log_real_eigs): 1.024
torch.Size([64, 1600])
Epoch [545/1000], Wasserstein(eigs,real_eigs): 8990.735, Wasserstein(log_eigs,log_real_eigs): 1.027
torch.Size([64, 1600])
Epoch [546/1000], Wasserstein(eigs,real_eigs): 2297.157, Wasserstein(log_eigs,log_real_eigs): 0.787
torch.Size([64, 1600])
Epoch [547/1000], Wasserstein(eigs,real_eigs): 3025.713, Wasserstein(log_eigs,log_real_eigs): 1.092
torch.Size([64, 1600])
Epoch [548/1000], Wasserstein(eigs,real_eigs): 1290.945, Wasserstein(log_eigs,log_real_eigs): 0.900
torch.Size([64, 1600])
Epoch [549/1000], Wasserstein(eigs,real_eigs): 4185.296, Wasserstein(log_eigs,log_real_eigs): 0.853
torch.Size([64, 1600])
Epoch [550/1000], Wasserstein(eigs,real_eigs): 532.311, Wasserstein(log_eigs,log_real_eigs): 0.885
torch.Size([64, 1600])
Epoch [551/1000], Wasserstein(eigs,real_eigs): 5902.299, Wasserstein(log_eigs,log_real_eigs): 0.997
torch.Size([64, 1600])
Epoch [552/1000], Wasserstein(eigs,real_eigs): 2216.941, Wasserstein(log_eigs,log_real_eigs): 0.915
torch.Size([64, 1600])
Epoch [553/1000], Wasserstein(eigs,real_eigs): 36.235, Wasserstein(log_eigs,log_real_eigs): 0.502
torch.Size([64, 1600])
Epoch [554/1000], Wasserstein(eigs,real_eigs): 5054.097, Wasserstein(log_eigs,log_real_eigs): 0.955
torch.Size([64, 1600])
Epoch [555/1000], Wasserstein(eigs,real_eigs): 2293.445, Wasserstein(log_eigs,log_real_eigs): 1.001
torch.Size([64, 1600])
Epoch [556/1000], Wasserstein(eigs,real_eigs): 383.947, Wasserstein(log_eigs,log_real_eigs): 0.667
torch.Size([64, 1600])
Epoch [557/1000], Wasserstein(eigs,real_eigs): 85.480, Wasserstein(log_eigs,log_real_eigs): 0.744
torch.Size([64, 1600])
Epoch [558/1000], Wasserstein(eigs,real_eigs): 2684.864, Wasserstein(log_eigs,log_real_eigs): 0.968
torch.Size([64, 1600])
Epoch [559/1000], Wasserstein(eigs,real_eigs): 1527.090, Wasserstein(log_eigs,log_real_eigs): 0.818
torch.Size([64, 1600])
Epoch [560/1000], Wasserstein(eigs,real_eigs): 13027.339, Wasserstein(log_eigs,log_real_eigs): 1.125
torch.Size([64, 1600])
Epoch [561/1000], Wasserstein(eigs,real_eigs): 13880.270, Wasserstein(log_eigs,log_real_eigs): 0.823
torch.Size([64, 1600])
Epoch [562/1000], Wasserstein(eigs,real_eigs): 11674.808, Wasserstein(log_eigs,log_real_eigs): 0.605
torch.Size([64, 1600])
Epoch [563/1000], Wasserstein(eigs,real_eigs): 8261.065, Wasserstein(log_eigs,log_real_eigs): 0.649
torch.Size([64, 1600])
Epoch [564/1000], Wasserstein(eigs,real_eigs): 2241.169, Wasserstein(log_eigs,log_real_eigs): 0.813
torch.Size([64, 1600])
Epoch [565/1000], Wasserstein(eigs,real_eigs): 7413.090, Wasserstein(log_eigs,log_real_eigs): 0.931
torch.Size([64, 1600])
Epoch [566/1000], Wasserstein(eigs,real_eigs): 5394.980, Wasserstein(log_eigs,log_real_eigs): 0.796
torch.Size([64, 1600])
Epoch [567/1000], Wasserstein(eigs,real_eigs): 10425.121, Wasserstein(log_eigs,log_real_eigs): 0.995
torch.Size([64, 1600])
Epoch [568/1000], Wasserstein(eigs,real_eigs): 9547.716, Wasserstein(log_eigs,log_real_eigs): 0.855
torch.Size([64, 1600])
Epoch [569/1000], Wasserstein(eigs,real_eigs): 10704.835, Wasserstein(log_eigs,log_real_eigs): 1.000
torch.Size([64, 1600])
Epoch [570/1000], Wasserstein(eigs,real_eigs): 13327.743, Wasserstein(log_eigs,log_real_eigs): 0.899
torch.Size([64, 1600])
Epoch [571/1000], Wasserstein(eigs,real_eigs): 15711.876, Wasserstein(log_eigs,log_real_eigs): 1.031
torch.Size([64, 1600])
Epoch [572/1000], Wasserstein(eigs,real_eigs): 12373.983, Wasserstein(log_eigs,log_real_eigs): 0.782
torch.Size([64, 1600])
Epoch [573/1000], Wasserstein(eigs,real_eigs): 1090.196, Wasserstein(log_eigs,log_real_eigs): 0.906
torch.Size([64, 1600])
Epoch [574/1000], Wasserstein(eigs,real_eigs): 7796.416, Wasserstein(log_eigs,log_real_eigs): 0.812
torch.Size([64, 1600])
Epoch [575/1000], Wasserstein(eigs,real_eigs): 8255.879, Wasserstein(log_eigs,log_real_eigs): 0.652
torch.Size([64, 1600])
Epoch [576/1000], Wasserstein(eigs,real_eigs): 10542.072, Wasserstein(log_eigs,log_real_eigs): 0.730
torch.Size([64, 1600])
Epoch [577/1000], Wasserstein(eigs,real_eigs): 1454.551, Wasserstein(log_eigs,log_real_eigs): 0.698
torch.Size([64, 1600])
Epoch [578/1000], Wasserstein(eigs,real_eigs): 7453.953, Wasserstein(log_eigs,log_real_eigs): 0.855
torch.Size([64, 1600])
Epoch [579/1000], Wasserstein(eigs,real_eigs): 7216.702, Wasserstein(log_eigs,log_real_eigs): 0.816
torch.Size([64, 1600])
Epoch [580/1000], Wasserstein(eigs,real_eigs): 15094.836, Wasserstein(log_eigs,log_real_eigs): 0.855
torch.Size([64, 1600])
Epoch [581/1000], Wasserstein(eigs,real_eigs): 20427.538, Wasserstein(log_eigs,log_real_eigs): 0.784
torch.Size([64, 1600])
Epoch [582/1000], Wasserstein(eigs,real_eigs): 13884.426, Wasserstein(log_eigs,log_real_eigs): 0.930
torch.Size([64, 1600])
Epoch [583/1000], Wasserstein(eigs,real_eigs): 15867.547, Wasserstein(log_eigs,log_real_eigs): 0.690
torch.Size([64, 1600])
Epoch [584/1000], Wasserstein(eigs,real_eigs): 15725.122, Wasserstein(log_eigs,log_real_eigs): 0.912
torch.Size([64, 1600])
Epoch [585/1000], Wasserstein(eigs,real_eigs): 17499.762, Wasserstein(log_eigs,log_real_eigs): 0.709
torch.Size([64, 1600])
Epoch [586/1000], Wasserstein(eigs,real_eigs): 7372.242, Wasserstein(log_eigs,log_real_eigs): 0.755
torch.Size([64, 1600])
Epoch [587/1000], Wasserstein(eigs,real_eigs): 2792.183, Wasserstein(log_eigs,log_real_eigs): 0.941
torch.Size([64, 1600])
Epoch [588/1000], Wasserstein(eigs,real_eigs): 22020.791, Wasserstein(log_eigs,log_real_eigs): 0.656
torch.Size([64, 1600])
Epoch [589/1000], Wasserstein(eigs,real_eigs): 10616.019, Wasserstein(log_eigs,log_real_eigs): 0.740
torch.Size([64, 1600])
Epoch [590/1000], Wasserstein(eigs,real_eigs): 8321.241, Wasserstein(log_eigs,log_real_eigs): 0.803
torch.Size([64, 1600])
Epoch [591/1000], Wasserstein(eigs,real_eigs): 3236.516, Wasserstein(log_eigs,log_real_eigs): 0.848
torch.Size([64, 1600])
Epoch [592/1000], Wasserstein(eigs,real_eigs): 13063.276, Wasserstein(log_eigs,log_real_eigs): 0.644
torch.Size([64, 1600])
Epoch [593/1000], Wasserstein(eigs,real_eigs): 901.436, Wasserstein(log_eigs,log_real_eigs): 0.729
torch.Size([64, 1600])
Epoch [594/1000], Wasserstein(eigs,real_eigs): 2698.951, Wasserstein(log_eigs,log_real_eigs): 0.663
torch.Size([64, 1600])
Epoch [595/1000], Wasserstein(eigs,real_eigs): 10711.721, Wasserstein(log_eigs,log_real_eigs): 0.748
torch.Size([64, 1600])
Epoch [596/1000], Wasserstein(eigs,real_eigs): 14559.898, Wasserstein(log_eigs,log_real_eigs): 0.790
torch.Size([64, 1600])
Epoch [597/1000], Wasserstein(eigs,real_eigs): 13038.586, Wasserstein(log_eigs,log_real_eigs): 0.914
torch.Size([64, 1600])
Epoch [598/1000], Wasserstein(eigs,real_eigs): 15252.201, Wasserstein(log_eigs,log_real_eigs): 0.892
torch.Size([64, 1600])
Epoch [599/1000], Wasserstein(eigs,real_eigs): 12153.471, Wasserstein(log_eigs,log_real_eigs): 0.890
torch.Size([64, 1600])
Epoch [600/1000], Wasserstein(eigs,real_eigs): 4512.920, Wasserstein(log_eigs,log_real_eigs): 0.947
torch.Size([64, 1600])
Epoch [601/1000], Wasserstein(eigs,real_eigs): 1687.090, Wasserstein(log_eigs,log_real_eigs): 0.870
torch.Size([64, 1600])
Epoch [602/1000], Wasserstein(eigs,real_eigs): 6148.297, Wasserstein(log_eigs,log_real_eigs): 0.765
torch.Size([64, 1600])
Epoch [603/1000], Wasserstein(eigs,real_eigs): 2135.707, Wasserstein(log_eigs,log_real_eigs): 0.766
torch.Size([64, 1600])
Epoch [604/1000], Wasserstein(eigs,real_eigs): 840.648, Wasserstein(log_eigs,log_real_eigs): 0.713
torch.Size([64, 1600])
Epoch [605/1000], Wasserstein(eigs,real_eigs): 4316.638, Wasserstein(log_eigs,log_real_eigs): 0.929
torch.Size([64, 1600])
Epoch [606/1000], Wasserstein(eigs,real_eigs): 9344.134, Wasserstein(log_eigs,log_real_eigs): 1.036
torch.Size([64, 1600])
Epoch [607/1000], Wasserstein(eigs,real_eigs): 328.891, Wasserstein(log_eigs,log_real_eigs): 0.637
torch.Size([64, 1600])
Epoch [608/1000], Wasserstein(eigs,real_eigs): 14152.852, Wasserstein(log_eigs,log_real_eigs): 0.901
torch.Size([64, 1600])
Epoch [609/1000], Wasserstein(eigs,real_eigs): 2169.928, Wasserstein(log_eigs,log_real_eigs): 0.976
torch.Size([64, 1600])
Epoch [610/1000], Wasserstein(eigs,real_eigs): 7037.013, Wasserstein(log_eigs,log_real_eigs): 0.840
torch.Size([64, 1600])
Epoch [611/1000], Wasserstein(eigs,real_eigs): 1770.648, Wasserstein(log_eigs,log_real_eigs): 1.006
torch.Size([64, 1600])
Epoch [612/1000], Wasserstein(eigs,real_eigs): 440.784, Wasserstein(log_eigs,log_real_eigs): 0.718
torch.Size([64, 1600])
Epoch [613/1000], Wasserstein(eigs,real_eigs): 11899.034, Wasserstein(log_eigs,log_real_eigs): 1.204
torch.Size([64, 1600])
Epoch [614/1000], Wasserstein(eigs,real_eigs): 2099.746, Wasserstein(log_eigs,log_real_eigs): 0.921
torch.Size([64, 1600])
Epoch [615/1000], Wasserstein(eigs,real_eigs): 432.326, Wasserstein(log_eigs,log_real_eigs): 0.947
torch.Size([64, 1600])
Epoch [616/1000], Wasserstein(eigs,real_eigs): 4520.274, Wasserstein(log_eigs,log_real_eigs): 0.780
torch.Size([64, 1600])
Epoch [617/1000], Wasserstein(eigs,real_eigs): 8251.483, Wasserstein(log_eigs,log_real_eigs): 0.914
torch.Size([64, 1600])
Epoch [618/1000], Wasserstein(eigs,real_eigs): 20592.553, Wasserstein(log_eigs,log_real_eigs): 0.786
torch.Size([64, 1600])
Epoch [619/1000], Wasserstein(eigs,real_eigs): 1350.930, Wasserstein(log_eigs,log_real_eigs): 0.677
torch.Size([64, 1600])
Epoch [620/1000], Wasserstein(eigs,real_eigs): 19215.973, Wasserstein(log_eigs,log_real_eigs): 1.025
torch.Size([64, 1600])
Epoch [621/1000], Wasserstein(eigs,real_eigs): 22147.728, Wasserstein(log_eigs,log_real_eigs): 0.682
torch.Size([64, 1600])
Epoch [622/1000], Wasserstein(eigs,real_eigs): 10021.516, Wasserstein(log_eigs,log_real_eigs): 0.757
torch.Size([64, 1600])
Epoch [623/1000], Wasserstein(eigs,real_eigs): 6628.817, Wasserstein(log_eigs,log_real_eigs): 0.681
torch.Size([64, 1600])
Epoch [624/1000], Wasserstein(eigs,real_eigs): 1270.120, Wasserstein(log_eigs,log_real_eigs): 0.715
torch.Size([64, 1600])
Epoch [625/1000], Wasserstein(eigs,real_eigs): 16511.438, Wasserstein(log_eigs,log_real_eigs): 0.831
torch.Size([64, 1600])
Epoch [626/1000], Wasserstein(eigs,real_eigs): 7177.208, Wasserstein(log_eigs,log_real_eigs): 0.869
torch.Size([64, 1600])
Epoch [627/1000], Wasserstein(eigs,real_eigs): 424.933, Wasserstein(log_eigs,log_real_eigs): 0.465
torch.Size([64, 1600])
Epoch [628/1000], Wasserstein(eigs,real_eigs): 18591.901, Wasserstein(log_eigs,log_real_eigs): 0.848
torch.Size([64, 1600])
Epoch [629/1000], Wasserstein(eigs,real_eigs): 213.822, Wasserstein(log_eigs,log_real_eigs): 0.649
torch.Size([64, 1600])
Epoch [630/1000], Wasserstein(eigs,real_eigs): 14858.669, Wasserstein(log_eigs,log_real_eigs): 0.948
torch.Size([64, 1600])
Epoch [631/1000], Wasserstein(eigs,real_eigs): 2782.665, Wasserstein(log_eigs,log_real_eigs): 0.959
torch.Size([64, 1600])
Epoch [632/1000], Wasserstein(eigs,real_eigs): 12747.279, Wasserstein(log_eigs,log_real_eigs): 0.917
torch.Size([64, 1600])
Epoch [633/1000], Wasserstein(eigs,real_eigs): 12527.603, Wasserstein(log_eigs,log_real_eigs): 1.067
torch.Size([64, 1600])
Epoch [634/1000], Wasserstein(eigs,real_eigs): 14220.411, Wasserstein(log_eigs,log_real_eigs): 0.939
torch.Size([64, 1600])
Epoch [635/1000], Wasserstein(eigs,real_eigs): 5494.953, Wasserstein(log_eigs,log_real_eigs): 0.999
torch.Size([64, 1600])
Epoch [636/1000], Wasserstein(eigs,real_eigs): 822.414, Wasserstein(log_eigs,log_real_eigs): 0.992
torch.Size([64, 1600])
Epoch [637/1000], Wasserstein(eigs,real_eigs): 12071.064, Wasserstein(log_eigs,log_real_eigs): 0.863
torch.Size([64, 1600])
Epoch [638/1000], Wasserstein(eigs,real_eigs): 148.722, Wasserstein(log_eigs,log_real_eigs): 1.000
torch.Size([64, 1600])
Epoch [639/1000], Wasserstein(eigs,real_eigs): 5360.902, Wasserstein(log_eigs,log_real_eigs): 0.850
torch.Size([64, 1600])
Epoch [640/1000], Wasserstein(eigs,real_eigs): 9549.269, Wasserstein(log_eigs,log_real_eigs): 0.970
torch.Size([64, 1600])
Epoch [641/1000], Wasserstein(eigs,real_eigs): 7459.682, Wasserstein(log_eigs,log_real_eigs): 0.939
torch.Size([64, 1600])
Epoch [642/1000], Wasserstein(eigs,real_eigs): 2513.803, Wasserstein(log_eigs,log_real_eigs): 0.846
torch.Size([64, 1600])
Epoch [643/1000], Wasserstein(eigs,real_eigs): 6216.538, Wasserstein(log_eigs,log_real_eigs): 1.126
torch.Size([64, 1600])
Epoch [644/1000], Wasserstein(eigs,real_eigs): 6951.535, Wasserstein(log_eigs,log_real_eigs): 0.997
torch.Size([64, 1600])
Epoch [645/1000], Wasserstein(eigs,real_eigs): 206.004, Wasserstein(log_eigs,log_real_eigs): 0.932
torch.Size([64, 1600])
Epoch [646/1000], Wasserstein(eigs,real_eigs): 4401.709, Wasserstein(log_eigs,log_real_eigs): 0.898
torch.Size([64, 1600])
Epoch [647/1000], Wasserstein(eigs,real_eigs): 3616.107, Wasserstein(log_eigs,log_real_eigs): 0.964
torch.Size([64, 1600])
Epoch [648/1000], Wasserstein(eigs,real_eigs): 161.875, Wasserstein(log_eigs,log_real_eigs): 0.782
torch.Size([64, 1600])
Epoch [649/1000], Wasserstein(eigs,real_eigs): 2623.984, Wasserstein(log_eigs,log_real_eigs): 1.028
torch.Size([64, 1600])
Epoch [650/1000], Wasserstein(eigs,real_eigs): 6882.785, Wasserstein(log_eigs,log_real_eigs): 0.370
torch.Size([64, 1600])
Epoch [651/1000], Wasserstein(eigs,real_eigs): 5618.508, Wasserstein(log_eigs,log_real_eigs): 0.347
torch.Size([64, 1600])
Epoch [652/1000], Wasserstein(eigs,real_eigs): 7912.508, Wasserstein(log_eigs,log_real_eigs): 0.751
torch.Size([64, 1600])
Epoch [653/1000], Wasserstein(eigs,real_eigs): 11183.914, Wasserstein(log_eigs,log_real_eigs): 1.247
torch.Size([64, 1600])
Epoch [654/1000], Wasserstein(eigs,real_eigs): 13829.169, Wasserstein(log_eigs,log_real_eigs): 1.070
torch.Size([64, 1600])
Epoch [655/1000], Wasserstein(eigs,real_eigs): 3413.293, Wasserstein(log_eigs,log_real_eigs): 0.782
torch.Size([64, 1600])
Epoch [656/1000], Wasserstein(eigs,real_eigs): 11374.109, Wasserstein(log_eigs,log_real_eigs): 0.729
torch.Size([64, 1600])
Epoch [657/1000], Wasserstein(eigs,real_eigs): 86.697, Wasserstein(log_eigs,log_real_eigs): 0.728
torch.Size([64, 1600])
Epoch [658/1000], Wasserstein(eigs,real_eigs): 12245.430, Wasserstein(log_eigs,log_real_eigs): 0.789
torch.Size([64, 1600])
Epoch [659/1000], Wasserstein(eigs,real_eigs): 11889.503, Wasserstein(log_eigs,log_real_eigs): 0.850
torch.Size([64, 1600])
Epoch [660/1000], Wasserstein(eigs,real_eigs): 6414.597, Wasserstein(log_eigs,log_real_eigs): 0.999
torch.Size([64, 1600])
Epoch [661/1000], Wasserstein(eigs,real_eigs): 2912.993, Wasserstein(log_eigs,log_real_eigs): 0.980
torch.Size([64, 1600])
Epoch [662/1000], Wasserstein(eigs,real_eigs): 7467.545, Wasserstein(log_eigs,log_real_eigs): 0.847
torch.Size([64, 1600])
Epoch [663/1000], Wasserstein(eigs,real_eigs): 14472.938, Wasserstein(log_eigs,log_real_eigs): 0.973
torch.Size([64, 1600])
Epoch [664/1000], Wasserstein(eigs,real_eigs): 449.962, Wasserstein(log_eigs,log_real_eigs): 1.053
torch.Size([64, 1600])
Epoch [665/1000], Wasserstein(eigs,real_eigs): 3359.399, Wasserstein(log_eigs,log_real_eigs): 0.923
torch.Size([64, 1600])
Epoch [666/1000], Wasserstein(eigs,real_eigs): 1030.395, Wasserstein(log_eigs,log_real_eigs): 0.814
torch.Size([64, 1600])
Epoch [667/1000], Wasserstein(eigs,real_eigs): 9344.243, Wasserstein(log_eigs,log_real_eigs): 1.099
torch.Size([64, 1600])
Epoch [668/1000], Wasserstein(eigs,real_eigs): 5724.484, Wasserstein(log_eigs,log_real_eigs): 1.037
torch.Size([64, 1600])
Epoch [669/1000], Wasserstein(eigs,real_eigs): 8901.305, Wasserstein(log_eigs,log_real_eigs): 0.879
torch.Size([64, 1600])
Epoch [670/1000], Wasserstein(eigs,real_eigs): 9361.354, Wasserstein(log_eigs,log_real_eigs): 1.173
torch.Size([64, 1600])
Epoch [671/1000], Wasserstein(eigs,real_eigs): 2771.739, Wasserstein(log_eigs,log_real_eigs): 0.927
torch.Size([64, 1600])
Epoch [672/1000], Wasserstein(eigs,real_eigs): 10302.455, Wasserstein(log_eigs,log_real_eigs): 1.146
torch.Size([64, 1600])
Epoch [673/1000], Wasserstein(eigs,real_eigs): 2371.880, Wasserstein(log_eigs,log_real_eigs): 1.063
torch.Size([64, 1600])
Epoch [674/1000], Wasserstein(eigs,real_eigs): 11879.165, Wasserstein(log_eigs,log_real_eigs): 0.906
torch.Size([64, 1600])
Epoch [675/1000], Wasserstein(eigs,real_eigs): 10415.878, Wasserstein(log_eigs,log_real_eigs): 1.238
torch.Size([64, 1600])
Epoch [676/1000], Wasserstein(eigs,real_eigs): 1809.220, Wasserstein(log_eigs,log_real_eigs): 0.907
torch.Size([64, 1600])
Epoch [677/1000], Wasserstein(eigs,real_eigs): 680.584, Wasserstein(log_eigs,log_real_eigs): 0.825
torch.Size([64, 1600])
Epoch [678/1000], Wasserstein(eigs,real_eigs): 6034.543, Wasserstein(log_eigs,log_real_eigs): 1.076
torch.Size([64, 1600])
Epoch [679/1000], Wasserstein(eigs,real_eigs): 8800.495, Wasserstein(log_eigs,log_real_eigs): 1.052
torch.Size([64, 1600])
Epoch [680/1000], Wasserstein(eigs,real_eigs): 3627.542, Wasserstein(log_eigs,log_real_eigs): 1.035
torch.Size([64, 1600])
Epoch [681/1000], Wasserstein(eigs,real_eigs): 6524.443, Wasserstein(log_eigs,log_real_eigs): 1.275
torch.Size([64, 1600])
Epoch [682/1000], Wasserstein(eigs,real_eigs): 11891.069, Wasserstein(log_eigs,log_real_eigs): 1.233
torch.Size([64, 1600])
Epoch [683/1000], Wasserstein(eigs,real_eigs): 9039.027, Wasserstein(log_eigs,log_real_eigs): 0.907
torch.Size([64, 1600])
Epoch [684/1000], Wasserstein(eigs,real_eigs): 1304.891, Wasserstein(log_eigs,log_real_eigs): 0.727
torch.Size([64, 1600])
Epoch [685/1000], Wasserstein(eigs,real_eigs): 10174.688, Wasserstein(log_eigs,log_real_eigs): 0.911
torch.Size([64, 1600])
Epoch [686/1000], Wasserstein(eigs,real_eigs): 9126.671, Wasserstein(log_eigs,log_real_eigs): 0.969
torch.Size([64, 1600])
Epoch [687/1000], Wasserstein(eigs,real_eigs): 8263.107, Wasserstein(log_eigs,log_real_eigs): 0.905
torch.Size([64, 1600])
Epoch [688/1000], Wasserstein(eigs,real_eigs): 226.643, Wasserstein(log_eigs,log_real_eigs): 0.893
torch.Size([64, 1600])
Epoch [689/1000], Wasserstein(eigs,real_eigs): 11872.417, Wasserstein(log_eigs,log_real_eigs): 0.888
torch.Size([64, 1600])
Epoch [690/1000], Wasserstein(eigs,real_eigs): 3567.921, Wasserstein(log_eigs,log_real_eigs): 0.940
torch.Size([64, 1600])
Epoch [691/1000], Wasserstein(eigs,real_eigs): 10236.594, Wasserstein(log_eigs,log_real_eigs): 1.041
torch.Size([64, 1600])
Epoch [692/1000], Wasserstein(eigs,real_eigs): 9742.117, Wasserstein(log_eigs,log_real_eigs): 0.836
torch.Size([64, 1600])
Epoch [693/1000], Wasserstein(eigs,real_eigs): 6875.846, Wasserstein(log_eigs,log_real_eigs): 0.892
torch.Size([64, 1600])
Epoch [694/1000], Wasserstein(eigs,real_eigs): 3133.454, Wasserstein(log_eigs,log_real_eigs): 0.717
torch.Size([64, 1600])
Epoch [695/1000], Wasserstein(eigs,real_eigs): 6427.138, Wasserstein(log_eigs,log_real_eigs): 0.973
torch.Size([64, 1600])
Epoch [696/1000], Wasserstein(eigs,real_eigs): 5424.351, Wasserstein(log_eigs,log_real_eigs): 0.668
torch.Size([64, 1600])
Epoch [697/1000], Wasserstein(eigs,real_eigs): 4375.266, Wasserstein(log_eigs,log_real_eigs): 0.515
torch.Size([64, 1600])
Epoch [698/1000], Wasserstein(eigs,real_eigs): 2004.483, Wasserstein(log_eigs,log_real_eigs): 0.616
torch.Size([64, 1600])
Epoch [699/1000], Wasserstein(eigs,real_eigs): 920.358, Wasserstein(log_eigs,log_real_eigs): 0.495
torch.Size([64, 1600])
Epoch [700/1000], Wasserstein(eigs,real_eigs): 531.792, Wasserstein(log_eigs,log_real_eigs): 0.512
torch.Size([64, 1600])
Epoch [701/1000], Wasserstein(eigs,real_eigs): 8157.509, Wasserstein(log_eigs,log_real_eigs): 0.977
torch.Size([64, 1600])
Epoch [702/1000], Wasserstein(eigs,real_eigs): 14059.421, Wasserstein(log_eigs,log_real_eigs): 0.715
torch.Size([64, 1600])
Epoch [703/1000], Wasserstein(eigs,real_eigs): 19944.758, Wasserstein(log_eigs,log_real_eigs): 0.932
torch.Size([64, 1600])
Epoch [704/1000], Wasserstein(eigs,real_eigs): 2249.046, Wasserstein(log_eigs,log_real_eigs): 0.586
torch.Size([64, 1600])
Epoch [705/1000], Wasserstein(eigs,real_eigs): 9526.754, Wasserstein(log_eigs,log_real_eigs): 0.892
torch.Size([64, 1600])
Epoch [706/1000], Wasserstein(eigs,real_eigs): 6807.728, Wasserstein(log_eigs,log_real_eigs): 0.898
torch.Size([64, 1600])
Epoch [707/1000], Wasserstein(eigs,real_eigs): 301.650, Wasserstein(log_eigs,log_real_eigs): 0.583
torch.Size([64, 1600])
Epoch [708/1000], Wasserstein(eigs,real_eigs): 273.806, Wasserstein(log_eigs,log_real_eigs): 0.505
torch.Size([64, 1600])
Epoch [709/1000], Wasserstein(eigs,real_eigs): 907.321, Wasserstein(log_eigs,log_real_eigs): 0.709
torch.Size([64, 1600])
Epoch [710/1000], Wasserstein(eigs,real_eigs): 14222.283, Wasserstein(log_eigs,log_real_eigs): 0.711
torch.Size([64, 1600])
Epoch [711/1000], Wasserstein(eigs,real_eigs): 255.903, Wasserstein(log_eigs,log_real_eigs): 0.286
torch.Size([64, 1600])
Epoch [712/1000], Wasserstein(eigs,real_eigs): 21508.158, Wasserstein(log_eigs,log_real_eigs): 1.069
torch.Size([64, 1600])
Epoch [713/1000], Wasserstein(eigs,real_eigs): 9258.732, Wasserstein(log_eigs,log_real_eigs): 1.056
torch.Size([64, 1600])
Epoch [714/1000], Wasserstein(eigs,real_eigs): 11258.296, Wasserstein(log_eigs,log_real_eigs): 0.850
torch.Size([64, 1600])
Epoch [715/1000], Wasserstein(eigs,real_eigs): 3915.639, Wasserstein(log_eigs,log_real_eigs): 0.871
torch.Size([64, 1600])
Epoch [716/1000], Wasserstein(eigs,real_eigs): 12426.301, Wasserstein(log_eigs,log_real_eigs): 0.799
torch.Size([64, 1600])
Epoch [717/1000], Wasserstein(eigs,real_eigs): 15227.882, Wasserstein(log_eigs,log_real_eigs): 0.908
torch.Size([64, 1600])
Epoch [718/1000], Wasserstein(eigs,real_eigs): 4636.525, Wasserstein(log_eigs,log_real_eigs): 1.123
torch.Size([64, 1600])
Epoch [719/1000], Wasserstein(eigs,real_eigs): 3859.331, Wasserstein(log_eigs,log_real_eigs): 0.922
torch.Size([64, 1600])
Epoch [720/1000], Wasserstein(eigs,real_eigs): 106.972, Wasserstein(log_eigs,log_real_eigs): 0.776
torch.Size([64, 1600])
Epoch [721/1000], Wasserstein(eigs,real_eigs): 738.908, Wasserstein(log_eigs,log_real_eigs): 0.746
torch.Size([64, 1600])
Epoch [722/1000], Wasserstein(eigs,real_eigs): 6803.066, Wasserstein(log_eigs,log_real_eigs): 0.886
torch.Size([64, 1600])
Epoch [723/1000], Wasserstein(eigs,real_eigs): 15572.307, Wasserstein(log_eigs,log_real_eigs): 1.248
torch.Size([64, 1600])
Epoch [724/1000], Wasserstein(eigs,real_eigs): 16832.676, Wasserstein(log_eigs,log_real_eigs): 0.889
torch.Size([64, 1600])
Epoch [725/1000], Wasserstein(eigs,real_eigs): 3789.478, Wasserstein(log_eigs,log_real_eigs): 0.739
torch.Size([64, 1600])
Epoch [726/1000], Wasserstein(eigs,real_eigs): 5045.665, Wasserstein(log_eigs,log_real_eigs): 0.721
torch.Size([64, 1600])
Epoch [727/1000], Wasserstein(eigs,real_eigs): 14439.656, Wasserstein(log_eigs,log_real_eigs): 0.792
torch.Size([64, 1600])
Epoch [728/1000], Wasserstein(eigs,real_eigs): 14373.692, Wasserstein(log_eigs,log_real_eigs): 0.891
torch.Size([64, 1600])
Epoch [729/1000], Wasserstein(eigs,real_eigs): 6255.253, Wasserstein(log_eigs,log_real_eigs): 0.845
torch.Size([64, 1600])
Epoch [730/1000], Wasserstein(eigs,real_eigs): 22019.359, Wasserstein(log_eigs,log_real_eigs): 1.088
torch.Size([64, 1600])
Epoch [731/1000], Wasserstein(eigs,real_eigs): 6171.840, Wasserstein(log_eigs,log_real_eigs): 0.609
torch.Size([64, 1600])
Epoch [732/1000], Wasserstein(eigs,real_eigs): 2362.511, Wasserstein(log_eigs,log_real_eigs): 0.962
torch.Size([64, 1600])
Epoch [733/1000], Wasserstein(eigs,real_eigs): 3240.953, Wasserstein(log_eigs,log_real_eigs): 0.783
torch.Size([64, 1600])
Epoch [734/1000], Wasserstein(eigs,real_eigs): 660.213, Wasserstein(log_eigs,log_real_eigs): 0.860
torch.Size([64, 1600])
Epoch [735/1000], Wasserstein(eigs,real_eigs): 568.947, Wasserstein(log_eigs,log_real_eigs): 0.872
torch.Size([64, 1600])
Epoch [736/1000], Wasserstein(eigs,real_eigs): 1290.112, Wasserstein(log_eigs,log_real_eigs): 1.053
torch.Size([64, 1600])
Epoch [737/1000], Wasserstein(eigs,real_eigs): 9958.079, Wasserstein(log_eigs,log_real_eigs): 1.017
torch.Size([64, 1600])
Epoch [738/1000], Wasserstein(eigs,real_eigs): 5934.126, Wasserstein(log_eigs,log_real_eigs): 0.863
torch.Size([64, 1600])
Epoch [739/1000], Wasserstein(eigs,real_eigs): 768.808, Wasserstein(log_eigs,log_real_eigs): 0.709
torch.Size([64, 1600])
Epoch [740/1000], Wasserstein(eigs,real_eigs): 145.627, Wasserstein(log_eigs,log_real_eigs): 0.630
torch.Size([64, 1600])
Epoch [741/1000], Wasserstein(eigs,real_eigs): 8481.173, Wasserstein(log_eigs,log_real_eigs): 0.929
torch.Size([64, 1600])
Epoch [742/1000], Wasserstein(eigs,real_eigs): 1309.962, Wasserstein(log_eigs,log_real_eigs): 0.860
torch.Size([64, 1600])
Epoch [743/1000], Wasserstein(eigs,real_eigs): 7292.507, Wasserstein(log_eigs,log_real_eigs): 0.506
torch.Size([64, 1600])
Epoch [744/1000], Wasserstein(eigs,real_eigs): 27674.266, Wasserstein(log_eigs,log_real_eigs): 0.915
