2019-10-16 04:48:46.297743
Namespace(batch_size=64, dataroot='/home/jim/Documents/RandomBergman/KS4/data/', diff=0, epochs=1000, exp=None, h11=40, log_interval=1, lr=5e-05, lr_D=5e-05, lr_G=5e-05, model_type='WGAN_DCGAN', n_critic_steps=5, newsize=40, num_geometries=2500, nz=50, outdir='./experiments/exp_WGAN_DCGAN_40_50_10162019_044846', plot_interval=20, py_version=3, save=True, show_plots=False, test_batch_size=10000)
Namespace(batch_size=64, dataroot='/home/jim/Documents/RandomBergman/KS4/data/', diff=0, epochs=1000, exp=None, h11=40, log_interval=1, lr=5e-05, lr_D=5e-05, lr_G=5e-05, model_type='WGAN_DCGAN', n_critic_steps=5, newsize=40, num_geometries=2500, nz=50, outdir='./experiments/exp_WGAN_DCGAN_40_50_10162019_044846', plot_interval=20, py_version=3, save=True, show_plots=False, test_batch_size=10000)
Model type: WGAN_DCGAN
Coomparing to Eigenvalue distribution collected from 3017 geometries
data: 64 40
torch.Size([64, 1600])
Epoch [0/1000], Wasserstein(eigs,real_eigs): 7.926, Wasserstein(log_eigs,log_real_eigs): 0.583
torch.Size([64, 1600])
Epoch [1/1000], Wasserstein(eigs,real_eigs): 228.617, Wasserstein(log_eigs,log_real_eigs): 1.043
torch.Size([64, 1600])
Epoch [2/1000], Wasserstein(eigs,real_eigs): 191.899, Wasserstein(log_eigs,log_real_eigs): 0.847
torch.Size([64, 1600])
Epoch [3/1000], Wasserstein(eigs,real_eigs): 361.517, Wasserstein(log_eigs,log_real_eigs): 0.905
torch.Size([64, 1600])
Epoch [4/1000], Wasserstein(eigs,real_eigs): 375.057, Wasserstein(log_eigs,log_real_eigs): 1.259
torch.Size([64, 1600])
Epoch [5/1000], Wasserstein(eigs,real_eigs): 467.610, Wasserstein(log_eigs,log_real_eigs): 1.288
torch.Size([64, 1600])
Epoch [6/1000], Wasserstein(eigs,real_eigs): 484.360, Wasserstein(log_eigs,log_real_eigs): 1.201
torch.Size([64, 1600])
Epoch [7/1000], Wasserstein(eigs,real_eigs): 431.061, Wasserstein(log_eigs,log_real_eigs): 1.116
torch.Size([64, 1600])
Epoch [8/1000], Wasserstein(eigs,real_eigs): 491.439, Wasserstein(log_eigs,log_real_eigs): 0.884
torch.Size([64, 1600])
Epoch [9/1000], Wasserstein(eigs,real_eigs): 407.197, Wasserstein(log_eigs,log_real_eigs): 0.896
torch.Size([64, 1600])
Epoch [10/1000], Wasserstein(eigs,real_eigs): 350.711, Wasserstein(log_eigs,log_real_eigs): 0.980
torch.Size([64, 1600])
Epoch [11/1000], Wasserstein(eigs,real_eigs): 325.978, Wasserstein(log_eigs,log_real_eigs): 0.946
torch.Size([64, 1600])
Epoch [12/1000], Wasserstein(eigs,real_eigs): 363.337, Wasserstein(log_eigs,log_real_eigs): 0.761
torch.Size([64, 1600])
Epoch [13/1000], Wasserstein(eigs,real_eigs): 246.609, Wasserstein(log_eigs,log_real_eigs): 0.774
torch.Size([64, 1600])
Epoch [14/1000], Wasserstein(eigs,real_eigs): 240.335, Wasserstein(log_eigs,log_real_eigs): 0.719
torch.Size([64, 1600])
Epoch [15/1000], Wasserstein(eigs,real_eigs): 236.084, Wasserstein(log_eigs,log_real_eigs): 0.456
torch.Size([64, 1600])
Epoch [16/1000], Wasserstein(eigs,real_eigs): 93.177, Wasserstein(log_eigs,log_real_eigs): 0.405
torch.Size([64, 1600])
Epoch [17/1000], Wasserstein(eigs,real_eigs): 148.457, Wasserstein(log_eigs,log_real_eigs): 0.310
torch.Size([64, 1600])
Epoch [18/1000], Wasserstein(eigs,real_eigs): 101.208, Wasserstein(log_eigs,log_real_eigs): 0.388
torch.Size([64, 1600])
Epoch [19/1000], Wasserstein(eigs,real_eigs): 327.559, Wasserstein(log_eigs,log_real_eigs): 0.396
torch.Size([64, 1600])
Epoch [20/1000], Wasserstein(eigs,real_eigs): 159.535, Wasserstein(log_eigs,log_real_eigs): 0.394
torch.Size([64, 1600])
Epoch [21/1000], Wasserstein(eigs,real_eigs): 93.278, Wasserstein(log_eigs,log_real_eigs): 0.411
torch.Size([64, 1600])
Epoch [22/1000], Wasserstein(eigs,real_eigs): 267.946, Wasserstein(log_eigs,log_real_eigs): 0.386
torch.Size([64, 1600])
Epoch [23/1000], Wasserstein(eigs,real_eigs): 76.363, Wasserstein(log_eigs,log_real_eigs): 0.389
torch.Size([64, 1600])
Epoch [24/1000], Wasserstein(eigs,real_eigs): 195.307, Wasserstein(log_eigs,log_real_eigs): 0.402
torch.Size([64, 1600])
Epoch [25/1000], Wasserstein(eigs,real_eigs): 127.376, Wasserstein(log_eigs,log_real_eigs): 0.440
torch.Size([64, 1600])
Epoch [26/1000], Wasserstein(eigs,real_eigs): 249.166, Wasserstein(log_eigs,log_real_eigs): 0.466
torch.Size([64, 1600])
Epoch [27/1000], Wasserstein(eigs,real_eigs): 82.591, Wasserstein(log_eigs,log_real_eigs): 0.399
torch.Size([64, 1600])
Epoch [28/1000], Wasserstein(eigs,real_eigs): 530.010, Wasserstein(log_eigs,log_real_eigs): 0.704
torch.Size([64, 1600])
Epoch [29/1000], Wasserstein(eigs,real_eigs): 196.945, Wasserstein(log_eigs,log_real_eigs): 0.507
torch.Size([64, 1600])
Epoch [30/1000], Wasserstein(eigs,real_eigs): 489.606, Wasserstein(log_eigs,log_real_eigs): 0.534
torch.Size([64, 1600])
Epoch [31/1000], Wasserstein(eigs,real_eigs): 220.046, Wasserstein(log_eigs,log_real_eigs): 0.523
torch.Size([64, 1600])
Epoch [32/1000], Wasserstein(eigs,real_eigs): 225.868, Wasserstein(log_eigs,log_real_eigs): 0.390
torch.Size([64, 1600])
Epoch [33/1000], Wasserstein(eigs,real_eigs): 71.917, Wasserstein(log_eigs,log_real_eigs): 0.402
torch.Size([64, 1600])
Epoch [34/1000], Wasserstein(eigs,real_eigs): 40.234, Wasserstein(log_eigs,log_real_eigs): 0.359
torch.Size([64, 1600])
Epoch [35/1000], Wasserstein(eigs,real_eigs): 684.692, Wasserstein(log_eigs,log_real_eigs): 0.889
torch.Size([64, 1600])
Epoch [36/1000], Wasserstein(eigs,real_eigs): 680.855, Wasserstein(log_eigs,log_real_eigs): 0.708
torch.Size([64, 1600])
Epoch [37/1000], Wasserstein(eigs,real_eigs): 484.562, Wasserstein(log_eigs,log_real_eigs): 0.508
torch.Size([64, 1600])
Epoch [38/1000], Wasserstein(eigs,real_eigs): 453.950, Wasserstein(log_eigs,log_real_eigs): 0.413
torch.Size([64, 1600])
Epoch [39/1000], Wasserstein(eigs,real_eigs): 618.924, Wasserstein(log_eigs,log_real_eigs): 0.374
torch.Size([64, 1600])
Epoch [40/1000], Wasserstein(eigs,real_eigs): 413.534, Wasserstein(log_eigs,log_real_eigs): 0.710
torch.Size([64, 1600])
Epoch [41/1000], Wasserstein(eigs,real_eigs): 274.535, Wasserstein(log_eigs,log_real_eigs): 0.818
torch.Size([64, 1600])
Epoch [42/1000], Wasserstein(eigs,real_eigs): 57.895, Wasserstein(log_eigs,log_real_eigs): 0.392
torch.Size([64, 1600])
Epoch [43/1000], Wasserstein(eigs,real_eigs): 319.763, Wasserstein(log_eigs,log_real_eigs): 0.461
torch.Size([64, 1600])
Epoch [44/1000], Wasserstein(eigs,real_eigs): 146.692, Wasserstein(log_eigs,log_real_eigs): 0.778
torch.Size([64, 1600])
Epoch [45/1000], Wasserstein(eigs,real_eigs): 66.669, Wasserstein(log_eigs,log_real_eigs): 0.448
torch.Size([64, 1600])
Epoch [46/1000], Wasserstein(eigs,real_eigs): 175.613, Wasserstein(log_eigs,log_real_eigs): 0.403
torch.Size([64, 1600])
Epoch [47/1000], Wasserstein(eigs,real_eigs): 268.240, Wasserstein(log_eigs,log_real_eigs): 0.337
torch.Size([64, 1600])
Epoch [48/1000], Wasserstein(eigs,real_eigs): 417.760, Wasserstein(log_eigs,log_real_eigs): 1.101
torch.Size([64, 1600])
Epoch [49/1000], Wasserstein(eigs,real_eigs): 473.177, Wasserstein(log_eigs,log_real_eigs): 0.803
torch.Size([64, 1600])
Epoch [50/1000], Wasserstein(eigs,real_eigs): 334.043, Wasserstein(log_eigs,log_real_eigs): 0.507
torch.Size([64, 1600])
Epoch [51/1000], Wasserstein(eigs,real_eigs): 484.842, Wasserstein(log_eigs,log_real_eigs): 0.385
torch.Size([64, 1600])
Epoch [52/1000], Wasserstein(eigs,real_eigs): 394.900, Wasserstein(log_eigs,log_real_eigs): 0.391
torch.Size([64, 1600])
Epoch [53/1000], Wasserstein(eigs,real_eigs): 44.460, Wasserstein(log_eigs,log_real_eigs): 0.887
torch.Size([64, 1600])
Epoch [54/1000], Wasserstein(eigs,real_eigs): 316.268, Wasserstein(log_eigs,log_real_eigs): 0.378
torch.Size([64, 1600])
Epoch [55/1000], Wasserstein(eigs,real_eigs): 107.067, Wasserstein(log_eigs,log_real_eigs): 1.019
torch.Size([64, 1600])
Epoch [56/1000], Wasserstein(eigs,real_eigs): 136.057, Wasserstein(log_eigs,log_real_eigs): 0.880
torch.Size([64, 1600])
Epoch [57/1000], Wasserstein(eigs,real_eigs): 668.750, Wasserstein(log_eigs,log_real_eigs): 0.756
torch.Size([64, 1600])
Epoch [58/1000], Wasserstein(eigs,real_eigs): 604.869, Wasserstein(log_eigs,log_real_eigs): 0.676
torch.Size([64, 1600])
Epoch [59/1000], Wasserstein(eigs,real_eigs): 534.813, Wasserstein(log_eigs,log_real_eigs): 0.608
torch.Size([64, 1600])
Epoch [60/1000], Wasserstein(eigs,real_eigs): 466.394, Wasserstein(log_eigs,log_real_eigs): 0.364
torch.Size([64, 1600])
Epoch [61/1000], Wasserstein(eigs,real_eigs): 281.821, Wasserstein(log_eigs,log_real_eigs): 0.319
torch.Size([64, 1600])
Epoch [62/1000], Wasserstein(eigs,real_eigs): 104.179, Wasserstein(log_eigs,log_real_eigs): 0.757
torch.Size([64, 1600])
Epoch [63/1000], Wasserstein(eigs,real_eigs): 272.723, Wasserstein(log_eigs,log_real_eigs): 0.557
torch.Size([64, 1600])
Epoch [64/1000], Wasserstein(eigs,real_eigs): 333.861, Wasserstein(log_eigs,log_real_eigs): 0.668
torch.Size([64, 1600])
Epoch [65/1000], Wasserstein(eigs,real_eigs): 149.898, Wasserstein(log_eigs,log_real_eigs): 1.029
torch.Size([64, 1600])
Epoch [66/1000], Wasserstein(eigs,real_eigs): 89.044, Wasserstein(log_eigs,log_real_eigs): 0.936
torch.Size([64, 1600])
Epoch [67/1000], Wasserstein(eigs,real_eigs): 254.610, Wasserstein(log_eigs,log_real_eigs): 0.691
torch.Size([64, 1600])
Epoch [68/1000], Wasserstein(eigs,real_eigs): 620.173, Wasserstein(log_eigs,log_real_eigs): 0.905
torch.Size([64, 1600])
Epoch [69/1000], Wasserstein(eigs,real_eigs): 469.234, Wasserstein(log_eigs,log_real_eigs): 0.990
torch.Size([64, 1600])
Epoch [70/1000], Wasserstein(eigs,real_eigs): 359.325, Wasserstein(log_eigs,log_real_eigs): 0.993
torch.Size([64, 1600])
Epoch [71/1000], Wasserstein(eigs,real_eigs): 291.696, Wasserstein(log_eigs,log_real_eigs): 1.060
torch.Size([64, 1600])
Epoch [72/1000], Wasserstein(eigs,real_eigs): 395.144, Wasserstein(log_eigs,log_real_eigs): 0.408
torch.Size([64, 1600])
Epoch [73/1000], Wasserstein(eigs,real_eigs): 196.237, Wasserstein(log_eigs,log_real_eigs): 0.467
torch.Size([64, 1600])
Epoch [74/1000], Wasserstein(eigs,real_eigs): 242.338, Wasserstein(log_eigs,log_real_eigs): 0.614
torch.Size([64, 1600])
Epoch [75/1000], Wasserstein(eigs,real_eigs): 124.011, Wasserstein(log_eigs,log_real_eigs): 1.006
torch.Size([64, 1600])
Epoch [76/1000], Wasserstein(eigs,real_eigs): 251.339, Wasserstein(log_eigs,log_real_eigs): 0.872
torch.Size([64, 1600])
Epoch [77/1000], Wasserstein(eigs,real_eigs): 420.555, Wasserstein(log_eigs,log_real_eigs): 0.461
torch.Size([64, 1600])
Epoch [78/1000], Wasserstein(eigs,real_eigs): 105.551, Wasserstein(log_eigs,log_real_eigs): 0.973
torch.Size([64, 1600])
Epoch [79/1000], Wasserstein(eigs,real_eigs): 106.456, Wasserstein(log_eigs,log_real_eigs): 1.044
torch.Size([64, 1600])
Epoch [80/1000], Wasserstein(eigs,real_eigs): 416.890, Wasserstein(log_eigs,log_real_eigs): 0.706
torch.Size([64, 1600])
Epoch [81/1000], Wasserstein(eigs,real_eigs): 194.109, Wasserstein(log_eigs,log_real_eigs): 0.867
torch.Size([64, 1600])
Epoch [82/1000], Wasserstein(eigs,real_eigs): 81.761, Wasserstein(log_eigs,log_real_eigs): 1.156
torch.Size([64, 1600])
Epoch [83/1000], Wasserstein(eigs,real_eigs): 311.679, Wasserstein(log_eigs,log_real_eigs): 1.013
torch.Size([64, 1600])
Epoch [84/1000], Wasserstein(eigs,real_eigs): 151.421, Wasserstein(log_eigs,log_real_eigs): 0.838
torch.Size([64, 1600])
Epoch [85/1000], Wasserstein(eigs,real_eigs): 315.944, Wasserstein(log_eigs,log_real_eigs): 0.430
torch.Size([64, 1600])
Epoch [86/1000], Wasserstein(eigs,real_eigs): 445.861, Wasserstein(log_eigs,log_real_eigs): 0.525
torch.Size([64, 1600])
Epoch [87/1000], Wasserstein(eigs,real_eigs): 556.031, Wasserstein(log_eigs,log_real_eigs): 0.411
torch.Size([64, 1600])
Epoch [88/1000], Wasserstein(eigs,real_eigs): 579.023, Wasserstein(log_eigs,log_real_eigs): 0.403
torch.Size([64, 1600])
Epoch [89/1000], Wasserstein(eigs,real_eigs): 342.737, Wasserstein(log_eigs,log_real_eigs): 0.475
torch.Size([64, 1600])
Epoch [90/1000], Wasserstein(eigs,real_eigs): 79.896, Wasserstein(log_eigs,log_real_eigs): 0.417
torch.Size([64, 1600])
Epoch [91/1000], Wasserstein(eigs,real_eigs): 185.358, Wasserstein(log_eigs,log_real_eigs): 0.466
torch.Size([64, 1600])
Epoch [92/1000], Wasserstein(eigs,real_eigs): 265.743, Wasserstein(log_eigs,log_real_eigs): 0.512
torch.Size([64, 1600])
Epoch [93/1000], Wasserstein(eigs,real_eigs): 50.420, Wasserstein(log_eigs,log_real_eigs): 0.521
torch.Size([64, 1600])
Epoch [94/1000], Wasserstein(eigs,real_eigs): 131.966, Wasserstein(log_eigs,log_real_eigs): 0.689
torch.Size([64, 1600])
Epoch [95/1000], Wasserstein(eigs,real_eigs): 61.782, Wasserstein(log_eigs,log_real_eigs): 0.723
torch.Size([64, 1600])
Epoch [96/1000], Wasserstein(eigs,real_eigs): 751.187, Wasserstein(log_eigs,log_real_eigs): 0.512
torch.Size([64, 1600])
Epoch [97/1000], Wasserstein(eigs,real_eigs): 663.944, Wasserstein(log_eigs,log_real_eigs): 0.896
torch.Size([64, 1600])
Epoch [98/1000], Wasserstein(eigs,real_eigs): 411.673, Wasserstein(log_eigs,log_real_eigs): 0.958
torch.Size([64, 1600])
Epoch [99/1000], Wasserstein(eigs,real_eigs): 558.253, Wasserstein(log_eigs,log_real_eigs): 1.105
torch.Size([64, 1600])
Epoch [100/1000], Wasserstein(eigs,real_eigs): 317.184, Wasserstein(log_eigs,log_real_eigs): 1.083
torch.Size([64, 1600])
Epoch [101/1000], Wasserstein(eigs,real_eigs): 97.191, Wasserstein(log_eigs,log_real_eigs): 0.864
torch.Size([64, 1600])
Epoch [102/1000], Wasserstein(eigs,real_eigs): 180.107, Wasserstein(log_eigs,log_real_eigs): 0.575
torch.Size([64, 1600])
Epoch [103/1000], Wasserstein(eigs,real_eigs): 125.258, Wasserstein(log_eigs,log_real_eigs): 0.813
torch.Size([64, 1600])
Epoch [104/1000], Wasserstein(eigs,real_eigs): 120.318, Wasserstein(log_eigs,log_real_eigs): 0.829
torch.Size([64, 1600])
Epoch [105/1000], Wasserstein(eigs,real_eigs): 720.346, Wasserstein(log_eigs,log_real_eigs): 0.804
torch.Size([64, 1600])
Epoch [106/1000], Wasserstein(eigs,real_eigs): 460.328, Wasserstein(log_eigs,log_real_eigs): 0.833
torch.Size([64, 1600])
Epoch [107/1000], Wasserstein(eigs,real_eigs): 235.022, Wasserstein(log_eigs,log_real_eigs): 0.672
torch.Size([64, 1600])
Epoch [108/1000], Wasserstein(eigs,real_eigs): 781.939, Wasserstein(log_eigs,log_real_eigs): 0.784
torch.Size([64, 1600])
Epoch [109/1000], Wasserstein(eigs,real_eigs): 448.493, Wasserstein(log_eigs,log_real_eigs): 0.920
torch.Size([64, 1600])
Epoch [110/1000], Wasserstein(eigs,real_eigs): 672.350, Wasserstein(log_eigs,log_real_eigs): 0.726
torch.Size([64, 1600])
Epoch [111/1000], Wasserstein(eigs,real_eigs): 36.201, Wasserstein(log_eigs,log_real_eigs): 1.085
torch.Size([64, 1600])
Epoch [112/1000], Wasserstein(eigs,real_eigs): 23.564, Wasserstein(log_eigs,log_real_eigs): 0.873
torch.Size([64, 1600])
Epoch [113/1000], Wasserstein(eigs,real_eigs): 366.508, Wasserstein(log_eigs,log_real_eigs): 0.953
torch.Size([64, 1600])
Epoch [114/1000], Wasserstein(eigs,real_eigs): 69.769, Wasserstein(log_eigs,log_real_eigs): 1.150
torch.Size([64, 1600])
Epoch [115/1000], Wasserstein(eigs,real_eigs): 602.991, Wasserstein(log_eigs,log_real_eigs): 0.325
torch.Size([64, 1600])
Epoch [116/1000], Wasserstein(eigs,real_eigs): 1082.288, Wasserstein(log_eigs,log_real_eigs): 0.268
torch.Size([64, 1600])
Epoch [117/1000], Wasserstein(eigs,real_eigs): 374.815, Wasserstein(log_eigs,log_real_eigs): 0.549
torch.Size([64, 1600])
Epoch [118/1000], Wasserstein(eigs,real_eigs): 215.088, Wasserstein(log_eigs,log_real_eigs): 0.614
torch.Size([64, 1600])
Epoch [119/1000], Wasserstein(eigs,real_eigs): 429.906, Wasserstein(log_eigs,log_real_eigs): 0.818
torch.Size([64, 1600])
Epoch [120/1000], Wasserstein(eigs,real_eigs): 302.518, Wasserstein(log_eigs,log_real_eigs): 0.946
torch.Size([64, 1600])
Epoch [121/1000], Wasserstein(eigs,real_eigs): 419.762, Wasserstein(log_eigs,log_real_eigs): 0.910
torch.Size([64, 1600])
Epoch [122/1000], Wasserstein(eigs,real_eigs): 336.078, Wasserstein(log_eigs,log_real_eigs): 0.976
torch.Size([64, 1600])
Epoch [123/1000], Wasserstein(eigs,real_eigs): 25.358, Wasserstein(log_eigs,log_real_eigs): 1.003
torch.Size([64, 1600])
Epoch [124/1000], Wasserstein(eigs,real_eigs): 897.080, Wasserstein(log_eigs,log_real_eigs): 0.397
torch.Size([64, 1600])
Epoch [125/1000], Wasserstein(eigs,real_eigs): 725.543, Wasserstein(log_eigs,log_real_eigs): 0.474
torch.Size([64, 1600])
Epoch [126/1000], Wasserstein(eigs,real_eigs): 840.194, Wasserstein(log_eigs,log_real_eigs): 0.648
torch.Size([64, 1600])
Epoch [127/1000], Wasserstein(eigs,real_eigs): 827.734, Wasserstein(log_eigs,log_real_eigs): 0.562
torch.Size([64, 1600])
Epoch [128/1000], Wasserstein(eigs,real_eigs): 567.392, Wasserstein(log_eigs,log_real_eigs): 0.486
torch.Size([64, 1600])
Epoch [129/1000], Wasserstein(eigs,real_eigs): 782.345, Wasserstein(log_eigs,log_real_eigs): 0.813
torch.Size([64, 1600])
Epoch [130/1000], Wasserstein(eigs,real_eigs): 273.476, Wasserstein(log_eigs,log_real_eigs): 0.383
torch.Size([64, 1600])
Epoch [131/1000], Wasserstein(eigs,real_eigs): 255.747, Wasserstein(log_eigs,log_real_eigs): 0.436
torch.Size([64, 1600])
Epoch [132/1000], Wasserstein(eigs,real_eigs): 580.201, Wasserstein(log_eigs,log_real_eigs): 0.798
torch.Size([64, 1600])
Epoch [133/1000], Wasserstein(eigs,real_eigs): 208.596, Wasserstein(log_eigs,log_real_eigs): 0.743
torch.Size([64, 1600])
Epoch [134/1000], Wasserstein(eigs,real_eigs): 392.918, Wasserstein(log_eigs,log_real_eigs): 0.762
torch.Size([64, 1600])
Epoch [135/1000], Wasserstein(eigs,real_eigs): 228.314, Wasserstein(log_eigs,log_real_eigs): 0.920
torch.Size([64, 1600])
Epoch [136/1000], Wasserstein(eigs,real_eigs): 166.858, Wasserstein(log_eigs,log_real_eigs): 0.842
torch.Size([64, 1600])
Epoch [137/1000], Wasserstein(eigs,real_eigs): 77.539, Wasserstein(log_eigs,log_real_eigs): 0.875
torch.Size([64, 1600])
Epoch [138/1000], Wasserstein(eigs,real_eigs): 110.273, Wasserstein(log_eigs,log_real_eigs): 1.093
torch.Size([64, 1600])
Epoch [139/1000], Wasserstein(eigs,real_eigs): 1115.547, Wasserstein(log_eigs,log_real_eigs): 0.775
torch.Size([64, 1600])
Epoch [140/1000], Wasserstein(eigs,real_eigs): 876.393, Wasserstein(log_eigs,log_real_eigs): 0.878
torch.Size([64, 1600])
Epoch [141/1000], Wasserstein(eigs,real_eigs): 257.914, Wasserstein(log_eigs,log_real_eigs): 1.074
torch.Size([64, 1600])
Epoch [142/1000], Wasserstein(eigs,real_eigs): 1088.769, Wasserstein(log_eigs,log_real_eigs): 0.431
torch.Size([64, 1600])
Epoch [143/1000], Wasserstein(eigs,real_eigs): 929.398, Wasserstein(log_eigs,log_real_eigs): 0.729
torch.Size([64, 1600])
Epoch [144/1000], Wasserstein(eigs,real_eigs): 534.499, Wasserstein(log_eigs,log_real_eigs): 0.887
torch.Size([64, 1600])
Epoch [145/1000], Wasserstein(eigs,real_eigs): 404.692, Wasserstein(log_eigs,log_real_eigs): 1.030
torch.Size([64, 1600])
Epoch [146/1000], Wasserstein(eigs,real_eigs): 427.533, Wasserstein(log_eigs,log_real_eigs): 0.986
torch.Size([64, 1600])
Epoch [147/1000], Wasserstein(eigs,real_eigs): 59.605, Wasserstein(log_eigs,log_real_eigs): 1.135
torch.Size([64, 1600])
Epoch [148/1000], Wasserstein(eigs,real_eigs): 587.192, Wasserstein(log_eigs,log_real_eigs): 1.121
torch.Size([64, 1600])
Epoch [149/1000], Wasserstein(eigs,real_eigs): 168.499, Wasserstein(log_eigs,log_real_eigs): 1.113
torch.Size([64, 1600])
Epoch [150/1000], Wasserstein(eigs,real_eigs): 111.669, Wasserstein(log_eigs,log_real_eigs): 1.136
torch.Size([64, 1600])
Epoch [151/1000], Wasserstein(eigs,real_eigs): 994.899, Wasserstein(log_eigs,log_real_eigs): 1.030
torch.Size([64, 1600])
Epoch [152/1000], Wasserstein(eigs,real_eigs): 214.645, Wasserstein(log_eigs,log_real_eigs): 1.175
torch.Size([64, 1600])
Epoch [153/1000], Wasserstein(eigs,real_eigs): 853.547, Wasserstein(log_eigs,log_real_eigs): 0.435
torch.Size([64, 1600])
Epoch [154/1000], Wasserstein(eigs,real_eigs): 1000.292, Wasserstein(log_eigs,log_real_eigs): 0.392
torch.Size([64, 1600])
Epoch [155/1000], Wasserstein(eigs,real_eigs): 1478.641, Wasserstein(log_eigs,log_real_eigs): 0.434
torch.Size([64, 1600])
Epoch [156/1000], Wasserstein(eigs,real_eigs): 829.918, Wasserstein(log_eigs,log_real_eigs): 0.733
torch.Size([64, 1600])
Epoch [157/1000], Wasserstein(eigs,real_eigs): 759.033, Wasserstein(log_eigs,log_real_eigs): 0.880
torch.Size([64, 1600])
Epoch [158/1000], Wasserstein(eigs,real_eigs): 338.334, Wasserstein(log_eigs,log_real_eigs): 1.012
torch.Size([64, 1600])
Epoch [159/1000], Wasserstein(eigs,real_eigs): 517.219, Wasserstein(log_eigs,log_real_eigs): 1.139
torch.Size([64, 1600])
Epoch [160/1000], Wasserstein(eigs,real_eigs): 350.835, Wasserstein(log_eigs,log_real_eigs): 0.404
torch.Size([64, 1600])
Epoch [161/1000], Wasserstein(eigs,real_eigs): 591.902, Wasserstein(log_eigs,log_real_eigs): 0.442
torch.Size([64, 1600])
Epoch [162/1000], Wasserstein(eigs,real_eigs): 699.033, Wasserstein(log_eigs,log_real_eigs): 0.446
torch.Size([64, 1600])
Epoch [163/1000], Wasserstein(eigs,real_eigs): 375.617, Wasserstein(log_eigs,log_real_eigs): 0.498
torch.Size([64, 1600])
Epoch [164/1000], Wasserstein(eigs,real_eigs): 837.944, Wasserstein(log_eigs,log_real_eigs): 0.566
torch.Size([64, 1600])
Epoch [165/1000], Wasserstein(eigs,real_eigs): 832.810, Wasserstein(log_eigs,log_real_eigs): 0.717
torch.Size([64, 1600])
Epoch [166/1000], Wasserstein(eigs,real_eigs): 1160.131, Wasserstein(log_eigs,log_real_eigs): 0.740
torch.Size([64, 1600])
Epoch [167/1000], Wasserstein(eigs,real_eigs): 658.336, Wasserstein(log_eigs,log_real_eigs): 0.931
torch.Size([64, 1600])
Epoch [168/1000], Wasserstein(eigs,real_eigs): 468.729, Wasserstein(log_eigs,log_real_eigs): 0.682
torch.Size([64, 1600])
Epoch [169/1000], Wasserstein(eigs,real_eigs): 1586.014, Wasserstein(log_eigs,log_real_eigs): 0.382
torch.Size([64, 1600])
Epoch [170/1000], Wasserstein(eigs,real_eigs): 946.205, Wasserstein(log_eigs,log_real_eigs): 0.545
torch.Size([64, 1600])
Epoch [171/1000], Wasserstein(eigs,real_eigs): 713.841, Wasserstein(log_eigs,log_real_eigs): 0.491
torch.Size([64, 1600])
Epoch [172/1000], Wasserstein(eigs,real_eigs): 536.373, Wasserstein(log_eigs,log_real_eigs): 0.584
torch.Size([64, 1600])
Epoch [173/1000], Wasserstein(eigs,real_eigs): 87.782, Wasserstein(log_eigs,log_real_eigs): 0.509
torch.Size([64, 1600])
Epoch [174/1000], Wasserstein(eigs,real_eigs): 244.781, Wasserstein(log_eigs,log_real_eigs): 0.606
torch.Size([64, 1600])
Epoch [175/1000], Wasserstein(eigs,real_eigs): 909.168, Wasserstein(log_eigs,log_real_eigs): 0.604
torch.Size([64, 1600])
Epoch [176/1000], Wasserstein(eigs,real_eigs): 1321.362, Wasserstein(log_eigs,log_real_eigs): 0.853
torch.Size([64, 1600])
Epoch [177/1000], Wasserstein(eigs,real_eigs): 1354.077, Wasserstein(log_eigs,log_real_eigs): 0.792
torch.Size([64, 1600])
Epoch [178/1000], Wasserstein(eigs,real_eigs): 903.811, Wasserstein(log_eigs,log_real_eigs): 0.920
torch.Size([64, 1600])
Epoch [179/1000], Wasserstein(eigs,real_eigs): 1025.248, Wasserstein(log_eigs,log_real_eigs): 0.852
torch.Size([64, 1600])
Epoch [180/1000], Wasserstein(eigs,real_eigs): 1415.097, Wasserstein(log_eigs,log_real_eigs): 0.836
torch.Size([64, 1600])
Epoch [181/1000], Wasserstein(eigs,real_eigs): 327.575, Wasserstein(log_eigs,log_real_eigs): 0.786
torch.Size([64, 1600])
Epoch [182/1000], Wasserstein(eigs,real_eigs): 213.046, Wasserstein(log_eigs,log_real_eigs): 0.744
torch.Size([64, 1600])
Epoch [183/1000], Wasserstein(eigs,real_eigs): 366.983, Wasserstein(log_eigs,log_real_eigs): 0.846
torch.Size([64, 1600])
Epoch [184/1000], Wasserstein(eigs,real_eigs): 946.827, Wasserstein(log_eigs,log_real_eigs): 0.777
torch.Size([64, 1600])
Epoch [185/1000], Wasserstein(eigs,real_eigs): 152.657, Wasserstein(log_eigs,log_real_eigs): 0.774
torch.Size([64, 1600])
Epoch [186/1000], Wasserstein(eigs,real_eigs): 128.325, Wasserstein(log_eigs,log_real_eigs): 0.766
torch.Size([64, 1600])
Epoch [187/1000], Wasserstein(eigs,real_eigs): 326.419, Wasserstein(log_eigs,log_real_eigs): 0.906
torch.Size([64, 1600])
Epoch [188/1000], Wasserstein(eigs,real_eigs): 222.983, Wasserstein(log_eigs,log_real_eigs): 0.853
torch.Size([64, 1600])
Epoch [189/1000], Wasserstein(eigs,real_eigs): 1482.359, Wasserstein(log_eigs,log_real_eigs): 0.850
torch.Size([64, 1600])
Epoch [190/1000], Wasserstein(eigs,real_eigs): 356.659, Wasserstein(log_eigs,log_real_eigs): 0.942
torch.Size([64, 1600])
Epoch [191/1000], Wasserstein(eigs,real_eigs): 919.217, Wasserstein(log_eigs,log_real_eigs): 0.951
torch.Size([64, 1600])
Epoch [192/1000], Wasserstein(eigs,real_eigs): 663.612, Wasserstein(log_eigs,log_real_eigs): 1.035
torch.Size([64, 1600])
Epoch [193/1000], Wasserstein(eigs,real_eigs): 752.721, Wasserstein(log_eigs,log_real_eigs): 0.988
torch.Size([64, 1600])
Epoch [194/1000], Wasserstein(eigs,real_eigs): 255.456, Wasserstein(log_eigs,log_real_eigs): 1.013
torch.Size([64, 1600])
Epoch [195/1000], Wasserstein(eigs,real_eigs): 11.099, Wasserstein(log_eigs,log_real_eigs): 0.744
torch.Size([64, 1600])
Epoch [196/1000], Wasserstein(eigs,real_eigs): 314.213, Wasserstein(log_eigs,log_real_eigs): 0.611
torch.Size([64, 1600])
Epoch [197/1000], Wasserstein(eigs,real_eigs): 381.953, Wasserstein(log_eigs,log_real_eigs): 0.722
torch.Size([64, 1600])
Epoch [198/1000], Wasserstein(eigs,real_eigs): 6.715, Wasserstein(log_eigs,log_real_eigs): 0.811
torch.Size([64, 1600])
Epoch [199/1000], Wasserstein(eigs,real_eigs): 1902.280, Wasserstein(log_eigs,log_real_eigs): 0.525
torch.Size([64, 1600])
Epoch [200/1000], Wasserstein(eigs,real_eigs): 2609.401, Wasserstein(log_eigs,log_real_eigs): 0.891
torch.Size([64, 1600])
Epoch [201/1000], Wasserstein(eigs,real_eigs): 2073.592, Wasserstein(log_eigs,log_real_eigs): 0.845
torch.Size([64, 1600])
Epoch [202/1000], Wasserstein(eigs,real_eigs): 2817.550, Wasserstein(log_eigs,log_real_eigs): 1.109
torch.Size([64, 1600])
Epoch [203/1000], Wasserstein(eigs,real_eigs): 1754.721, Wasserstein(log_eigs,log_real_eigs): 0.741
torch.Size([64, 1600])
Epoch [204/1000], Wasserstein(eigs,real_eigs): 1931.195, Wasserstein(log_eigs,log_real_eigs): 1.024
torch.Size([64, 1600])
Epoch [205/1000], Wasserstein(eigs,real_eigs): 851.201, Wasserstein(log_eigs,log_real_eigs): 0.607
torch.Size([64, 1600])
Epoch [206/1000], Wasserstein(eigs,real_eigs): 903.822, Wasserstein(log_eigs,log_real_eigs): 0.578
torch.Size([64, 1600])
Epoch [207/1000], Wasserstein(eigs,real_eigs): 419.614, Wasserstein(log_eigs,log_real_eigs): 0.442
torch.Size([64, 1600])
Epoch [208/1000], Wasserstein(eigs,real_eigs): 1218.192, Wasserstein(log_eigs,log_real_eigs): 0.682
torch.Size([64, 1600])
Epoch [209/1000], Wasserstein(eigs,real_eigs): 579.876, Wasserstein(log_eigs,log_real_eigs): 0.980
torch.Size([64, 1600])
Epoch [210/1000], Wasserstein(eigs,real_eigs): 930.155, Wasserstein(log_eigs,log_real_eigs): 0.818
torch.Size([64, 1600])
Epoch [211/1000], Wasserstein(eigs,real_eigs): 371.574, Wasserstein(log_eigs,log_real_eigs): 0.714
torch.Size([64, 1600])
Epoch [212/1000], Wasserstein(eigs,real_eigs): 218.187, Wasserstein(log_eigs,log_real_eigs): 0.799
torch.Size([64, 1600])
Epoch [213/1000], Wasserstein(eigs,real_eigs): 1060.328, Wasserstein(log_eigs,log_real_eigs): 1.006
torch.Size([64, 1600])
Epoch [214/1000], Wasserstein(eigs,real_eigs): 504.335, Wasserstein(log_eigs,log_real_eigs): 0.919
torch.Size([64, 1600])
Epoch [215/1000], Wasserstein(eigs,real_eigs): 410.405, Wasserstein(log_eigs,log_real_eigs): 0.805
torch.Size([64, 1600])
Epoch [216/1000], Wasserstein(eigs,real_eigs): 1437.695, Wasserstein(log_eigs,log_real_eigs): 1.065
torch.Size([64, 1600])
Epoch [217/1000], Wasserstein(eigs,real_eigs): 1406.111, Wasserstein(log_eigs,log_real_eigs): 1.018
torch.Size([64, 1600])
Epoch [218/1000], Wasserstein(eigs,real_eigs): 539.913, Wasserstein(log_eigs,log_real_eigs): 0.934
torch.Size([64, 1600])
Epoch [219/1000], Wasserstein(eigs,real_eigs): 173.220, Wasserstein(log_eigs,log_real_eigs): 0.939
torch.Size([64, 1600])
Epoch [220/1000], Wasserstein(eigs,real_eigs): 150.145, Wasserstein(log_eigs,log_real_eigs): 0.909
torch.Size([64, 1600])
Epoch [221/1000], Wasserstein(eigs,real_eigs): 106.893, Wasserstein(log_eigs,log_real_eigs): 1.015
torch.Size([64, 1600])
Epoch [222/1000], Wasserstein(eigs,real_eigs): 1055.927, Wasserstein(log_eigs,log_real_eigs): 0.966
torch.Size([64, 1600])
Epoch [223/1000], Wasserstein(eigs,real_eigs): 36.505, Wasserstein(log_eigs,log_real_eigs): 0.974
torch.Size([64, 1600])
Epoch [224/1000], Wasserstein(eigs,real_eigs): 769.074, Wasserstein(log_eigs,log_real_eigs): 1.208
torch.Size([64, 1600])
Epoch [225/1000], Wasserstein(eigs,real_eigs): 892.975, Wasserstein(log_eigs,log_real_eigs): 0.550
torch.Size([64, 1600])
Epoch [226/1000], Wasserstein(eigs,real_eigs): 2489.422, Wasserstein(log_eigs,log_real_eigs): 0.605
torch.Size([64, 1600])
Epoch [227/1000], Wasserstein(eigs,real_eigs): 189.654, Wasserstein(log_eigs,log_real_eigs): 0.518
torch.Size([64, 1600])
Epoch [228/1000], Wasserstein(eigs,real_eigs): 1909.931, Wasserstein(log_eigs,log_real_eigs): 0.691
torch.Size([64, 1600])
Epoch [229/1000], Wasserstein(eigs,real_eigs): 2718.380, Wasserstein(log_eigs,log_real_eigs): 0.706
torch.Size([64, 1600])
Epoch [230/1000], Wasserstein(eigs,real_eigs): 1173.357, Wasserstein(log_eigs,log_real_eigs): 0.619
torch.Size([64, 1600])
Epoch [231/1000], Wasserstein(eigs,real_eigs): 926.825, Wasserstein(log_eigs,log_real_eigs): 0.847
torch.Size([64, 1600])
Epoch [232/1000], Wasserstein(eigs,real_eigs): 1751.446, Wasserstein(log_eigs,log_real_eigs): 0.884
torch.Size([64, 1600])
Epoch [233/1000], Wasserstein(eigs,real_eigs): 2296.004, Wasserstein(log_eigs,log_real_eigs): 0.832
torch.Size([64, 1600])
Epoch [234/1000], Wasserstein(eigs,real_eigs): 845.832, Wasserstein(log_eigs,log_real_eigs): 0.890
torch.Size([64, 1600])
Epoch [235/1000], Wasserstein(eigs,real_eigs): 620.185, Wasserstein(log_eigs,log_real_eigs): 0.683
torch.Size([64, 1600])
Epoch [236/1000], Wasserstein(eigs,real_eigs): 445.868, Wasserstein(log_eigs,log_real_eigs): 0.725
torch.Size([64, 1600])
Epoch [237/1000], Wasserstein(eigs,real_eigs): 999.325, Wasserstein(log_eigs,log_real_eigs): 0.860
torch.Size([64, 1600])
Epoch [238/1000], Wasserstein(eigs,real_eigs): 571.078, Wasserstein(log_eigs,log_real_eigs): 0.706
torch.Size([64, 1600])
Epoch [239/1000], Wasserstein(eigs,real_eigs): 127.951, Wasserstein(log_eigs,log_real_eigs): 0.768
torch.Size([64, 1600])
Epoch [240/1000], Wasserstein(eigs,real_eigs): 1212.554, Wasserstein(log_eigs,log_real_eigs): 1.017
torch.Size([64, 1600])
Epoch [241/1000], Wasserstein(eigs,real_eigs): 883.328, Wasserstein(log_eigs,log_real_eigs): 0.897
torch.Size([64, 1600])
Epoch [242/1000], Wasserstein(eigs,real_eigs): 744.240, Wasserstein(log_eigs,log_real_eigs): 0.857
torch.Size([64, 1600])
Epoch [243/1000], Wasserstein(eigs,real_eigs): 664.007, Wasserstein(log_eigs,log_real_eigs): 1.004
torch.Size([64, 1600])
Epoch [244/1000], Wasserstein(eigs,real_eigs): 1254.033, Wasserstein(log_eigs,log_real_eigs): 0.962
torch.Size([64, 1600])
Epoch [245/1000], Wasserstein(eigs,real_eigs): 1428.238, Wasserstein(log_eigs,log_real_eigs): 0.960
torch.Size([64, 1600])
Epoch [246/1000], Wasserstein(eigs,real_eigs): 2027.720, Wasserstein(log_eigs,log_real_eigs): 1.075
torch.Size([64, 1600])
Epoch [247/1000], Wasserstein(eigs,real_eigs): 446.532, Wasserstein(log_eigs,log_real_eigs): 1.005
torch.Size([64, 1600])
Epoch [248/1000], Wasserstein(eigs,real_eigs): 879.672, Wasserstein(log_eigs,log_real_eigs): 0.852
torch.Size([64, 1600])
Epoch [249/1000], Wasserstein(eigs,real_eigs): 2369.372, Wasserstein(log_eigs,log_real_eigs): 1.008
torch.Size([64, 1600])
Epoch [250/1000], Wasserstein(eigs,real_eigs): 452.090, Wasserstein(log_eigs,log_real_eigs): 0.903
torch.Size([64, 1600])
Epoch [251/1000], Wasserstein(eigs,real_eigs): 2949.293, Wasserstein(log_eigs,log_real_eigs): 1.048
torch.Size([64, 1600])
Epoch [252/1000], Wasserstein(eigs,real_eigs): 233.373, Wasserstein(log_eigs,log_real_eigs): 0.985
torch.Size([64, 1600])
Epoch [253/1000], Wasserstein(eigs,real_eigs): 1650.740, Wasserstein(log_eigs,log_real_eigs): 1.015
torch.Size([64, 1600])
Epoch [254/1000], Wasserstein(eigs,real_eigs): 410.572, Wasserstein(log_eigs,log_real_eigs): 0.984
torch.Size([64, 1600])
Epoch [255/1000], Wasserstein(eigs,real_eigs): 2867.251, Wasserstein(log_eigs,log_real_eigs): 1.012
torch.Size([64, 1600])
Epoch [256/1000], Wasserstein(eigs,real_eigs): 2407.132, Wasserstein(log_eigs,log_real_eigs): 0.927
torch.Size([64, 1600])
Epoch [257/1000], Wasserstein(eigs,real_eigs): 1320.775, Wasserstein(log_eigs,log_real_eigs): 0.883
torch.Size([64, 1600])
Epoch [258/1000], Wasserstein(eigs,real_eigs): 4548.014, Wasserstein(log_eigs,log_real_eigs): 1.197
torch.Size([64, 1600])
Epoch [259/1000], Wasserstein(eigs,real_eigs): 4087.321, Wasserstein(log_eigs,log_real_eigs): 0.927
torch.Size([64, 1600])
Epoch [260/1000], Wasserstein(eigs,real_eigs): 1937.793, Wasserstein(log_eigs,log_real_eigs): 0.937
torch.Size([64, 1600])
Epoch [261/1000], Wasserstein(eigs,real_eigs): 2682.697, Wasserstein(log_eigs,log_real_eigs): 0.872
torch.Size([64, 1600])
Epoch [262/1000], Wasserstein(eigs,real_eigs): 3051.843, Wasserstein(log_eigs,log_real_eigs): 1.028
torch.Size([64, 1600])
Epoch [263/1000], Wasserstein(eigs,real_eigs): 2832.788, Wasserstein(log_eigs,log_real_eigs): 0.999
torch.Size([64, 1600])
Epoch [264/1000], Wasserstein(eigs,real_eigs): 627.642, Wasserstein(log_eigs,log_real_eigs): 0.925
torch.Size([64, 1600])
Epoch [265/1000], Wasserstein(eigs,real_eigs): 2922.930, Wasserstein(log_eigs,log_real_eigs): 1.011
torch.Size([64, 1600])
Epoch [266/1000], Wasserstein(eigs,real_eigs): 2508.185, Wasserstein(log_eigs,log_real_eigs): 1.059
torch.Size([64, 1600])
Epoch [267/1000], Wasserstein(eigs,real_eigs): 395.457, Wasserstein(log_eigs,log_real_eigs): 1.081
torch.Size([64, 1600])
Epoch [268/1000], Wasserstein(eigs,real_eigs): 850.245, Wasserstein(log_eigs,log_real_eigs): 0.983
torch.Size([64, 1600])
Epoch [269/1000], Wasserstein(eigs,real_eigs): 5758.549, Wasserstein(log_eigs,log_real_eigs): 0.551
torch.Size([64, 1600])
Epoch [270/1000], Wasserstein(eigs,real_eigs): 4652.235, Wasserstein(log_eigs,log_real_eigs): 0.517
torch.Size([64, 1600])
Epoch [271/1000], Wasserstein(eigs,real_eigs): 533.234, Wasserstein(log_eigs,log_real_eigs): 0.560
torch.Size([64, 1600])
Epoch [272/1000], Wasserstein(eigs,real_eigs): 770.712, Wasserstein(log_eigs,log_real_eigs): 0.678
torch.Size([64, 1600])
Epoch [273/1000], Wasserstein(eigs,real_eigs): 4014.869, Wasserstein(log_eigs,log_real_eigs): 0.749
torch.Size([64, 1600])
Epoch [274/1000], Wasserstein(eigs,real_eigs): 4150.728, Wasserstein(log_eigs,log_real_eigs): 0.860
torch.Size([64, 1600])
Epoch [275/1000], Wasserstein(eigs,real_eigs): 808.292, Wasserstein(log_eigs,log_real_eigs): 0.796
torch.Size([64, 1600])
Epoch [276/1000], Wasserstein(eigs,real_eigs): 2289.352, Wasserstein(log_eigs,log_real_eigs): 0.975
torch.Size([64, 1600])
Epoch [277/1000], Wasserstein(eigs,real_eigs): 1868.342, Wasserstein(log_eigs,log_real_eigs): 0.856
torch.Size([64, 1600])
Epoch [278/1000], Wasserstein(eigs,real_eigs): 291.399, Wasserstein(log_eigs,log_real_eigs): 0.939
torch.Size([64, 1600])
Epoch [279/1000], Wasserstein(eigs,real_eigs): 2679.441, Wasserstein(log_eigs,log_real_eigs): 0.939
torch.Size([64, 1600])
Epoch [280/1000], Wasserstein(eigs,real_eigs): 164.615, Wasserstein(log_eigs,log_real_eigs): 0.717
torch.Size([64, 1600])
Epoch [281/1000], Wasserstein(eigs,real_eigs): 925.215, Wasserstein(log_eigs,log_real_eigs): 0.946
torch.Size([64, 1600])
Epoch [282/1000], Wasserstein(eigs,real_eigs): 724.086, Wasserstein(log_eigs,log_real_eigs): 0.947
torch.Size([64, 1600])
Epoch [283/1000], Wasserstein(eigs,real_eigs): 918.978, Wasserstein(log_eigs,log_real_eigs): 1.019
torch.Size([64, 1600])
Epoch [284/1000], Wasserstein(eigs,real_eigs): 1073.222, Wasserstein(log_eigs,log_real_eigs): 1.018
torch.Size([64, 1600])
Epoch [285/1000], Wasserstein(eigs,real_eigs): 2339.967, Wasserstein(log_eigs,log_real_eigs): 1.101
torch.Size([64, 1600])
Epoch [286/1000], Wasserstein(eigs,real_eigs): 609.547, Wasserstein(log_eigs,log_real_eigs): 1.105
torch.Size([64, 1600])
Epoch [287/1000], Wasserstein(eigs,real_eigs): 831.189, Wasserstein(log_eigs,log_real_eigs): 1.140
torch.Size([64, 1600])
Epoch [288/1000], Wasserstein(eigs,real_eigs): 1696.514, Wasserstein(log_eigs,log_real_eigs): 1.047
torch.Size([64, 1600])
Epoch [289/1000], Wasserstein(eigs,real_eigs): 181.726, Wasserstein(log_eigs,log_real_eigs): 0.844
torch.Size([64, 1600])
Epoch [290/1000], Wasserstein(eigs,real_eigs): 96.467, Wasserstein(log_eigs,log_real_eigs): 0.907
torch.Size([64, 1600])
Epoch [291/1000], Wasserstein(eigs,real_eigs): 446.063, Wasserstein(log_eigs,log_real_eigs): 1.101
torch.Size([64, 1600])
Epoch [292/1000], Wasserstein(eigs,real_eigs): 4408.080, Wasserstein(log_eigs,log_real_eigs): 0.707
torch.Size([64, 1600])
Epoch [293/1000], Wasserstein(eigs,real_eigs): 4547.560, Wasserstein(log_eigs,log_real_eigs): 0.732
torch.Size([64, 1600])
Epoch [294/1000], Wasserstein(eigs,real_eigs): 5451.878, Wasserstein(log_eigs,log_real_eigs): 0.577
torch.Size([64, 1600])
Epoch [295/1000], Wasserstein(eigs,real_eigs): 2845.272, Wasserstein(log_eigs,log_real_eigs): 0.710
torch.Size([64, 1600])
Epoch [296/1000], Wasserstein(eigs,real_eigs): 5028.637, Wasserstein(log_eigs,log_real_eigs): 0.764
torch.Size([64, 1600])
Epoch [297/1000], Wasserstein(eigs,real_eigs): 1502.540, Wasserstein(log_eigs,log_real_eigs): 0.786
torch.Size([64, 1600])
Epoch [298/1000], Wasserstein(eigs,real_eigs): 2501.133, Wasserstein(log_eigs,log_real_eigs): 0.896
torch.Size([64, 1600])
Epoch [299/1000], Wasserstein(eigs,real_eigs): 3708.339, Wasserstein(log_eigs,log_real_eigs): 0.803
torch.Size([64, 1600])
Epoch [300/1000], Wasserstein(eigs,real_eigs): 2046.912, Wasserstein(log_eigs,log_real_eigs): 1.016
torch.Size([64, 1600])
Epoch [301/1000], Wasserstein(eigs,real_eigs): 3473.038, Wasserstein(log_eigs,log_real_eigs): 1.005
torch.Size([64, 1600])
Epoch [302/1000], Wasserstein(eigs,real_eigs): 4807.860, Wasserstein(log_eigs,log_real_eigs): 0.973
torch.Size([64, 1600])
Epoch [303/1000], Wasserstein(eigs,real_eigs): 1338.683, Wasserstein(log_eigs,log_real_eigs): 0.961
torch.Size([64, 1600])
Epoch [304/1000], Wasserstein(eigs,real_eigs): 1077.792, Wasserstein(log_eigs,log_real_eigs): 0.998
torch.Size([64, 1600])
Epoch [305/1000], Wasserstein(eigs,real_eigs): 2668.239, Wasserstein(log_eigs,log_real_eigs): 1.016
torch.Size([64, 1600])
Epoch [306/1000], Wasserstein(eigs,real_eigs): 494.459, Wasserstein(log_eigs,log_real_eigs): 0.975
torch.Size([64, 1600])
Epoch [307/1000], Wasserstein(eigs,real_eigs): 1292.945, Wasserstein(log_eigs,log_real_eigs): 1.088
torch.Size([64, 1600])
Epoch [308/1000], Wasserstein(eigs,real_eigs): 1761.420, Wasserstein(log_eigs,log_real_eigs): 1.010
torch.Size([64, 1600])
Epoch [309/1000], Wasserstein(eigs,real_eigs): 534.785, Wasserstein(log_eigs,log_real_eigs): 0.984
torch.Size([64, 1600])
Epoch [310/1000], Wasserstein(eigs,real_eigs): 204.943, Wasserstein(log_eigs,log_real_eigs): 0.880
torch.Size([64, 1600])
Epoch [311/1000], Wasserstein(eigs,real_eigs): 92.235, Wasserstein(log_eigs,log_real_eigs): 0.845
torch.Size([64, 1600])
Epoch [312/1000], Wasserstein(eigs,real_eigs): 308.076, Wasserstein(log_eigs,log_real_eigs): 1.050
torch.Size([64, 1600])
Epoch [313/1000], Wasserstein(eigs,real_eigs): 2279.669, Wasserstein(log_eigs,log_real_eigs): 0.824
torch.Size([64, 1600])
Epoch [314/1000], Wasserstein(eigs,real_eigs): 4945.908, Wasserstein(log_eigs,log_real_eigs): 0.811
torch.Size([64, 1600])
Epoch [315/1000], Wasserstein(eigs,real_eigs): 1063.052, Wasserstein(log_eigs,log_real_eigs): 0.749
torch.Size([64, 1600])
Epoch [316/1000], Wasserstein(eigs,real_eigs): 4266.993, Wasserstein(log_eigs,log_real_eigs): 0.846
torch.Size([64, 1600])
Epoch [317/1000], Wasserstein(eigs,real_eigs): 4460.647, Wasserstein(log_eigs,log_real_eigs): 0.730
torch.Size([64, 1600])
Epoch [318/1000], Wasserstein(eigs,real_eigs): 3693.716, Wasserstein(log_eigs,log_real_eigs): 0.794
torch.Size([64, 1600])
Epoch [319/1000], Wasserstein(eigs,real_eigs): 4210.595, Wasserstein(log_eigs,log_real_eigs): 0.744
torch.Size([64, 1600])
Epoch [320/1000], Wasserstein(eigs,real_eigs): 3555.416, Wasserstein(log_eigs,log_real_eigs): 0.767
torch.Size([64, 1600])
Epoch [321/1000], Wasserstein(eigs,real_eigs): 2466.747, Wasserstein(log_eigs,log_real_eigs): 0.814
torch.Size([64, 1600])
Epoch [322/1000], Wasserstein(eigs,real_eigs): 153.933, Wasserstein(log_eigs,log_real_eigs): 0.644
torch.Size([64, 1600])
Epoch [323/1000], Wasserstein(eigs,real_eigs): 338.389, Wasserstein(log_eigs,log_real_eigs): 0.652
torch.Size([64, 1600])
Epoch [324/1000], Wasserstein(eigs,real_eigs): 55.043, Wasserstein(log_eigs,log_real_eigs): 0.605
torch.Size([64, 1600])
Epoch [325/1000], Wasserstein(eigs,real_eigs): 815.584, Wasserstein(log_eigs,log_real_eigs): 0.824
torch.Size([64, 1600])
Epoch [326/1000], Wasserstein(eigs,real_eigs): 2448.516, Wasserstein(log_eigs,log_real_eigs): 0.333
torch.Size([64, 1600])
Epoch [327/1000], Wasserstein(eigs,real_eigs): 556.727, Wasserstein(log_eigs,log_real_eigs): 0.409
torch.Size([64, 1600])
Epoch [328/1000], Wasserstein(eigs,real_eigs): 2147.987, Wasserstein(log_eigs,log_real_eigs): 0.457
torch.Size([64, 1600])
Epoch [329/1000], Wasserstein(eigs,real_eigs): 1909.376, Wasserstein(log_eigs,log_real_eigs): 0.496
torch.Size([64, 1600])
Epoch [330/1000], Wasserstein(eigs,real_eigs): 162.855, Wasserstein(log_eigs,log_real_eigs): 0.480
torch.Size([64, 1600])
Epoch [331/1000], Wasserstein(eigs,real_eigs): 4169.674, Wasserstein(log_eigs,log_real_eigs): 0.576
torch.Size([64, 1600])
Epoch [332/1000], Wasserstein(eigs,real_eigs): 1376.383, Wasserstein(log_eigs,log_real_eigs): 0.635
torch.Size([64, 1600])
Epoch [333/1000], Wasserstein(eigs,real_eigs): 2309.882, Wasserstein(log_eigs,log_real_eigs): 0.687
torch.Size([64, 1600])
Epoch [334/1000], Wasserstein(eigs,real_eigs): 4134.211, Wasserstein(log_eigs,log_real_eigs): 0.619
torch.Size([64, 1600])
Epoch [335/1000], Wasserstein(eigs,real_eigs): 645.886, Wasserstein(log_eigs,log_real_eigs): 0.634
torch.Size([64, 1600])
Epoch [336/1000], Wasserstein(eigs,real_eigs): 666.375, Wasserstein(log_eigs,log_real_eigs): 0.763
torch.Size([64, 1600])
Epoch [337/1000], Wasserstein(eigs,real_eigs): 830.816, Wasserstein(log_eigs,log_real_eigs): 0.643
torch.Size([64, 1600])
Epoch [338/1000], Wasserstein(eigs,real_eigs): 785.790, Wasserstein(log_eigs,log_real_eigs): 0.769
torch.Size([64, 1600])
Epoch [339/1000], Wasserstein(eigs,real_eigs): 89.814, Wasserstein(log_eigs,log_real_eigs): 0.617
torch.Size([64, 1600])
Epoch [340/1000], Wasserstein(eigs,real_eigs): 154.305, Wasserstein(log_eigs,log_real_eigs): 0.748
torch.Size([64, 1600])
Epoch [341/1000], Wasserstein(eigs,real_eigs): 3502.698, Wasserstein(log_eigs,log_real_eigs): 0.867
torch.Size([64, 1600])
Epoch [342/1000], Wasserstein(eigs,real_eigs): 483.460, Wasserstein(log_eigs,log_real_eigs): 0.874
torch.Size([64, 1600])
Epoch [343/1000], Wasserstein(eigs,real_eigs): 1157.386, Wasserstein(log_eigs,log_real_eigs): 0.910
torch.Size([64, 1600])
Epoch [344/1000], Wasserstein(eigs,real_eigs): 189.498, Wasserstein(log_eigs,log_real_eigs): 0.863
torch.Size([64, 1600])
Epoch [345/1000], Wasserstein(eigs,real_eigs): 2047.767, Wasserstein(log_eigs,log_real_eigs): 0.685
torch.Size([64, 1600])
Epoch [346/1000], Wasserstein(eigs,real_eigs): 3944.053, Wasserstein(log_eigs,log_real_eigs): 0.794
torch.Size([64, 1600])
Epoch [347/1000], Wasserstein(eigs,real_eigs): 1255.419, Wasserstein(log_eigs,log_real_eigs): 0.614
torch.Size([64, 1600])
Epoch [348/1000], Wasserstein(eigs,real_eigs): 3565.546, Wasserstein(log_eigs,log_real_eigs): 0.751
torch.Size([64, 1600])
Epoch [349/1000], Wasserstein(eigs,real_eigs): 3251.847, Wasserstein(log_eigs,log_real_eigs): 0.645
torch.Size([64, 1600])
Epoch [350/1000], Wasserstein(eigs,real_eigs): 2564.107, Wasserstein(log_eigs,log_real_eigs): 0.718
torch.Size([64, 1600])
Epoch [351/1000], Wasserstein(eigs,real_eigs): 2631.017, Wasserstein(log_eigs,log_real_eigs): 0.656
torch.Size([64, 1600])
Epoch [352/1000], Wasserstein(eigs,real_eigs): 1622.455, Wasserstein(log_eigs,log_real_eigs): 0.699
torch.Size([64, 1600])
Epoch [353/1000], Wasserstein(eigs,real_eigs): 4536.889, Wasserstein(log_eigs,log_real_eigs): 0.851
torch.Size([64, 1600])
Epoch [354/1000], Wasserstein(eigs,real_eigs): 1617.424, Wasserstein(log_eigs,log_real_eigs): 0.750
torch.Size([64, 1600])
Epoch [355/1000], Wasserstein(eigs,real_eigs): 2740.960, Wasserstein(log_eigs,log_real_eigs): 0.826
torch.Size([64, 1600])
Epoch [356/1000], Wasserstein(eigs,real_eigs): 3192.873, Wasserstein(log_eigs,log_real_eigs): 0.734
torch.Size([64, 1600])
Epoch [357/1000], Wasserstein(eigs,real_eigs): 1786.430, Wasserstein(log_eigs,log_real_eigs): 0.775
torch.Size([64, 1600])
Epoch [358/1000], Wasserstein(eigs,real_eigs): 2207.463, Wasserstein(log_eigs,log_real_eigs): 0.789
torch.Size([64, 1600])
Epoch [359/1000], Wasserstein(eigs,real_eigs): 1839.265, Wasserstein(log_eigs,log_real_eigs): 0.742
torch.Size([64, 1600])
Epoch [360/1000], Wasserstein(eigs,real_eigs): 2075.153, Wasserstein(log_eigs,log_real_eigs): 0.728
torch.Size([64, 1600])
Epoch [361/1000], Wasserstein(eigs,real_eigs): 352.421, Wasserstein(log_eigs,log_real_eigs): 0.741
torch.Size([64, 1600])
Epoch [362/1000], Wasserstein(eigs,real_eigs): 3274.826, Wasserstein(log_eigs,log_real_eigs): 0.897
torch.Size([64, 1600])
Epoch [363/1000], Wasserstein(eigs,real_eigs): 1715.812, Wasserstein(log_eigs,log_real_eigs): 0.583
torch.Size([64, 1600])
Epoch [364/1000], Wasserstein(eigs,real_eigs): 2376.397, Wasserstein(log_eigs,log_real_eigs): 0.604
torch.Size([64, 1600])
Epoch [365/1000], Wasserstein(eigs,real_eigs): 2548.374, Wasserstein(log_eigs,log_real_eigs): 0.846
torch.Size([64, 1600])
Epoch [366/1000], Wasserstein(eigs,real_eigs): 47.437, Wasserstein(log_eigs,log_real_eigs): 0.629
torch.Size([64, 1600])
Epoch [367/1000], Wasserstein(eigs,real_eigs): 1933.609, Wasserstein(log_eigs,log_real_eigs): 0.794
torch.Size([64, 1600])
Epoch [368/1000], Wasserstein(eigs,real_eigs): 632.055, Wasserstein(log_eigs,log_real_eigs): 0.452
torch.Size([64, 1600])
Epoch [369/1000], Wasserstein(eigs,real_eigs): 3730.935, Wasserstein(log_eigs,log_real_eigs): 0.782
torch.Size([64, 1600])
Epoch [370/1000], Wasserstein(eigs,real_eigs): 1960.551, Wasserstein(log_eigs,log_real_eigs): 0.752
torch.Size([64, 1600])
Epoch [371/1000], Wasserstein(eigs,real_eigs): 1364.352, Wasserstein(log_eigs,log_real_eigs): 0.548
torch.Size([64, 1600])
Epoch [372/1000], Wasserstein(eigs,real_eigs): 2825.234, Wasserstein(log_eigs,log_real_eigs): 0.711
torch.Size([64, 1600])
Epoch [373/1000], Wasserstein(eigs,real_eigs): 1275.118, Wasserstein(log_eigs,log_real_eigs): 0.580
torch.Size([64, 1600])
Epoch [374/1000], Wasserstein(eigs,real_eigs): 664.278, Wasserstein(log_eigs,log_real_eigs): 0.526
torch.Size([64, 1600])
Epoch [375/1000], Wasserstein(eigs,real_eigs): 2996.672, Wasserstein(log_eigs,log_real_eigs): 0.781
torch.Size([64, 1600])
Epoch [376/1000], Wasserstein(eigs,real_eigs): 1908.414, Wasserstein(log_eigs,log_real_eigs): 0.550
torch.Size([64, 1600])
Epoch [377/1000], Wasserstein(eigs,real_eigs): 4059.257, Wasserstein(log_eigs,log_real_eigs): 0.815
torch.Size([64, 1600])
Epoch [378/1000], Wasserstein(eigs,real_eigs): 2651.881, Wasserstein(log_eigs,log_real_eigs): 0.621
torch.Size([64, 1600])
Epoch [379/1000], Wasserstein(eigs,real_eigs): 2038.027, Wasserstein(log_eigs,log_real_eigs): 0.598
torch.Size([64, 1600])
Epoch [380/1000], Wasserstein(eigs,real_eigs): 692.982, Wasserstein(log_eigs,log_real_eigs): 0.559
torch.Size([64, 1600])
Epoch [381/1000], Wasserstein(eigs,real_eigs): 1194.311, Wasserstein(log_eigs,log_real_eigs): 0.571
torch.Size([64, 1600])
Epoch [382/1000], Wasserstein(eigs,real_eigs): 3305.507, Wasserstein(log_eigs,log_real_eigs): 0.662
torch.Size([64, 1600])
Epoch [383/1000], Wasserstein(eigs,real_eigs): 2869.594, Wasserstein(log_eigs,log_real_eigs): 0.891
torch.Size([64, 1600])
Epoch [384/1000], Wasserstein(eigs,real_eigs): 1167.566, Wasserstein(log_eigs,log_real_eigs): 0.680
torch.Size([64, 1600])
Epoch [385/1000], Wasserstein(eigs,real_eigs): 5039.104, Wasserstein(log_eigs,log_real_eigs): 0.913
torch.Size([64, 1600])
Epoch [386/1000], Wasserstein(eigs,real_eigs): 2553.101, Wasserstein(log_eigs,log_real_eigs): 0.649
torch.Size([64, 1600])
Epoch [387/1000], Wasserstein(eigs,real_eigs): 3506.224, Wasserstein(log_eigs,log_real_eigs): 0.734
torch.Size([64, 1600])
Epoch [388/1000], Wasserstein(eigs,real_eigs): 2389.664, Wasserstein(log_eigs,log_real_eigs): 0.721
torch.Size([64, 1600])
Epoch [389/1000], Wasserstein(eigs,real_eigs): 1464.792, Wasserstein(log_eigs,log_real_eigs): 0.826
torch.Size([64, 1600])
Epoch [390/1000], Wasserstein(eigs,real_eigs): 1462.847, Wasserstein(log_eigs,log_real_eigs): 0.790
torch.Size([64, 1600])
Epoch [391/1000], Wasserstein(eigs,real_eigs): 1269.213, Wasserstein(log_eigs,log_real_eigs): 0.749
torch.Size([64, 1600])
Epoch [392/1000], Wasserstein(eigs,real_eigs): 3634.336, Wasserstein(log_eigs,log_real_eigs): 0.789
torch.Size([64, 1600])
Epoch [393/1000], Wasserstein(eigs,real_eigs): 635.885, Wasserstein(log_eigs,log_real_eigs): 0.784
torch.Size([64, 1600])
Epoch [394/1000], Wasserstein(eigs,real_eigs): 369.549, Wasserstein(log_eigs,log_real_eigs): 0.759
torch.Size([64, 1600])
Epoch [395/1000], Wasserstein(eigs,real_eigs): 1539.343, Wasserstein(log_eigs,log_real_eigs): 0.750
torch.Size([64, 1600])
Epoch [396/1000], Wasserstein(eigs,real_eigs): 2771.692, Wasserstein(log_eigs,log_real_eigs): 0.585
torch.Size([64, 1600])
Epoch [397/1000], Wasserstein(eigs,real_eigs): 4350.511, Wasserstein(log_eigs,log_real_eigs): 0.720
torch.Size([64, 1600])
Epoch [398/1000], Wasserstein(eigs,real_eigs): 4595.996, Wasserstein(log_eigs,log_real_eigs): 0.664
torch.Size([64, 1600])
Epoch [399/1000], Wasserstein(eigs,real_eigs): 5426.282, Wasserstein(log_eigs,log_real_eigs): 0.762
torch.Size([64, 1600])
Epoch [400/1000], Wasserstein(eigs,real_eigs): 2171.068, Wasserstein(log_eigs,log_real_eigs): 0.692
torch.Size([64, 1600])
Epoch [401/1000], Wasserstein(eigs,real_eigs): 5541.048, Wasserstein(log_eigs,log_real_eigs): 0.994
torch.Size([64, 1600])
Epoch [402/1000], Wasserstein(eigs,real_eigs): 1181.226, Wasserstein(log_eigs,log_real_eigs): 0.750
torch.Size([64, 1600])
Epoch [403/1000], Wasserstein(eigs,real_eigs): 3106.027, Wasserstein(log_eigs,log_real_eigs): 0.853
torch.Size([64, 1600])
Epoch [404/1000], Wasserstein(eigs,real_eigs): 1313.748, Wasserstein(log_eigs,log_real_eigs): 0.842
torch.Size([64, 1600])
Epoch [405/1000], Wasserstein(eigs,real_eigs): 2896.180, Wasserstein(log_eigs,log_real_eigs): 0.795
torch.Size([64, 1600])
Epoch [406/1000], Wasserstein(eigs,real_eigs): 2324.173, Wasserstein(log_eigs,log_real_eigs): 0.768
torch.Size([64, 1600])
Epoch [407/1000], Wasserstein(eigs,real_eigs): 1007.489, Wasserstein(log_eigs,log_real_eigs): 0.691
torch.Size([64, 1600])
Epoch [408/1000], Wasserstein(eigs,real_eigs): 1001.339, Wasserstein(log_eigs,log_real_eigs): 0.704
torch.Size([64, 1600])
Epoch [409/1000], Wasserstein(eigs,real_eigs): 2068.507, Wasserstein(log_eigs,log_real_eigs): 0.674
torch.Size([64, 1600])
Epoch [410/1000], Wasserstein(eigs,real_eigs): 8068.697, Wasserstein(log_eigs,log_real_eigs): 0.858
torch.Size([64, 1600])
Epoch [411/1000], Wasserstein(eigs,real_eigs): 6509.768, Wasserstein(log_eigs,log_real_eigs): 0.846
torch.Size([64, 1600])
Epoch [412/1000], Wasserstein(eigs,real_eigs): 5349.664, Wasserstein(log_eigs,log_real_eigs): 0.722
torch.Size([64, 1600])
Epoch [413/1000], Wasserstein(eigs,real_eigs): 8847.237, Wasserstein(log_eigs,log_real_eigs): 1.063
torch.Size([64, 1600])
Epoch [414/1000], Wasserstein(eigs,real_eigs): 4805.507, Wasserstein(log_eigs,log_real_eigs): 0.833
torch.Size([64, 1600])
Epoch [415/1000], Wasserstein(eigs,real_eigs): 3690.058, Wasserstein(log_eigs,log_real_eigs): 0.836
torch.Size([64, 1600])
Epoch [416/1000], Wasserstein(eigs,real_eigs): 2140.410, Wasserstein(log_eigs,log_real_eigs): 0.780
torch.Size([64, 1600])
Epoch [417/1000], Wasserstein(eigs,real_eigs): 1781.018, Wasserstein(log_eigs,log_real_eigs): 0.732
torch.Size([64, 1600])
Epoch [418/1000], Wasserstein(eigs,real_eigs): 4746.606, Wasserstein(log_eigs,log_real_eigs): 0.756
torch.Size([64, 1600])
Epoch [419/1000], Wasserstein(eigs,real_eigs): 5150.942, Wasserstein(log_eigs,log_real_eigs): 0.644
torch.Size([64, 1600])
Epoch [420/1000], Wasserstein(eigs,real_eigs): 1188.774, Wasserstein(log_eigs,log_real_eigs): 0.396
torch.Size([64, 1600])
Epoch [421/1000], Wasserstein(eigs,real_eigs): 8326.441, Wasserstein(log_eigs,log_real_eigs): 0.950
torch.Size([64, 1600])
Epoch [422/1000], Wasserstein(eigs,real_eigs): 5988.712, Wasserstein(log_eigs,log_real_eigs): 0.895
torch.Size([64, 1600])
Epoch [423/1000], Wasserstein(eigs,real_eigs): 6059.738, Wasserstein(log_eigs,log_real_eigs): 0.794
torch.Size([64, 1600])
Epoch [424/1000], Wasserstein(eigs,real_eigs): 3598.334, Wasserstein(log_eigs,log_real_eigs): 0.883
torch.Size([64, 1600])
Epoch [425/1000], Wasserstein(eigs,real_eigs): 1790.271, Wasserstein(log_eigs,log_real_eigs): 0.853
torch.Size([64, 1600])
Epoch [426/1000], Wasserstein(eigs,real_eigs): 2978.514, Wasserstein(log_eigs,log_real_eigs): 0.856
torch.Size([64, 1600])
Epoch [427/1000], Wasserstein(eigs,real_eigs): 2948.893, Wasserstein(log_eigs,log_real_eigs): 0.819
torch.Size([64, 1600])
Epoch [428/1000], Wasserstein(eigs,real_eigs): 2790.354, Wasserstein(log_eigs,log_real_eigs): 0.871
torch.Size([64, 1600])
Epoch [429/1000], Wasserstein(eigs,real_eigs): 4309.722, Wasserstein(log_eigs,log_real_eigs): 0.971
torch.Size([64, 1600])
Epoch [430/1000], Wasserstein(eigs,real_eigs): 4674.339, Wasserstein(log_eigs,log_real_eigs): 0.933
torch.Size([64, 1600])
Epoch [431/1000], Wasserstein(eigs,real_eigs): 2275.988, Wasserstein(log_eigs,log_real_eigs): 0.879
torch.Size([64, 1600])
Epoch [432/1000], Wasserstein(eigs,real_eigs): 191.108, Wasserstein(log_eigs,log_real_eigs): 0.786
torch.Size([64, 1600])
Epoch [433/1000], Wasserstein(eigs,real_eigs): 3073.400, Wasserstein(log_eigs,log_real_eigs): 0.843
torch.Size([64, 1600])
Epoch [434/1000], Wasserstein(eigs,real_eigs): 946.767, Wasserstein(log_eigs,log_real_eigs): 0.568
torch.Size([64, 1600])
Epoch [435/1000], Wasserstein(eigs,real_eigs): 4893.259, Wasserstein(log_eigs,log_real_eigs): 0.858
torch.Size([64, 1600])
Epoch [436/1000], Wasserstein(eigs,real_eigs): 1378.483, Wasserstein(log_eigs,log_real_eigs): 0.742
torch.Size([64, 1600])
Epoch [437/1000], Wasserstein(eigs,real_eigs): 3661.842, Wasserstein(log_eigs,log_real_eigs): 0.804
torch.Size([64, 1600])
Epoch [438/1000], Wasserstein(eigs,real_eigs): 2683.985, Wasserstein(log_eigs,log_real_eigs): 0.848
torch.Size([64, 1600])
Epoch [439/1000], Wasserstein(eigs,real_eigs): 3776.224, Wasserstein(log_eigs,log_real_eigs): 0.810
torch.Size([64, 1600])
Epoch [440/1000], Wasserstein(eigs,real_eigs): 4134.138, Wasserstein(log_eigs,log_real_eigs): 0.855
torch.Size([64, 1600])
Epoch [441/1000], Wasserstein(eigs,real_eigs): 4601.280, Wasserstein(log_eigs,log_real_eigs): 0.935
torch.Size([64, 1600])
Epoch [442/1000], Wasserstein(eigs,real_eigs): 1709.550, Wasserstein(log_eigs,log_real_eigs): 0.686
torch.Size([64, 1600])
Epoch [443/1000], Wasserstein(eigs,real_eigs): 2606.485, Wasserstein(log_eigs,log_real_eigs): 0.934
torch.Size([64, 1600])
Epoch [444/1000], Wasserstein(eigs,real_eigs): 576.543, Wasserstein(log_eigs,log_real_eigs): 0.727
torch.Size([64, 1600])
Epoch [445/1000], Wasserstein(eigs,real_eigs): 644.698, Wasserstein(log_eigs,log_real_eigs): 0.795
torch.Size([64, 1600])
Epoch [446/1000], Wasserstein(eigs,real_eigs): 3391.980, Wasserstein(log_eigs,log_real_eigs): 0.955
torch.Size([64, 1600])
Epoch [447/1000], Wasserstein(eigs,real_eigs): 1363.483, Wasserstein(log_eigs,log_real_eigs): 0.835
torch.Size([64, 1600])
Epoch [448/1000], Wasserstein(eigs,real_eigs): 3913.213, Wasserstein(log_eigs,log_real_eigs): 0.999
torch.Size([64, 1600])
Epoch [449/1000], Wasserstein(eigs,real_eigs): 4331.820, Wasserstein(log_eigs,log_real_eigs): 1.022
torch.Size([64, 1600])
Epoch [450/1000], Wasserstein(eigs,real_eigs): 4820.813, Wasserstein(log_eigs,log_real_eigs): 1.104
torch.Size([64, 1600])
Epoch [451/1000], Wasserstein(eigs,real_eigs): 62.470, Wasserstein(log_eigs,log_real_eigs): 0.758
torch.Size([64, 1600])
Epoch [452/1000], Wasserstein(eigs,real_eigs): 1587.355, Wasserstein(log_eigs,log_real_eigs): 0.942
torch.Size([64, 1600])
Epoch [453/1000], Wasserstein(eigs,real_eigs): 1859.330, Wasserstein(log_eigs,log_real_eigs): 0.837
torch.Size([64, 1600])
Epoch [454/1000], Wasserstein(eigs,real_eigs): 1310.925, Wasserstein(log_eigs,log_real_eigs): 0.982
torch.Size([64, 1600])
Epoch [455/1000], Wasserstein(eigs,real_eigs): 4977.566, Wasserstein(log_eigs,log_real_eigs): 1.012
torch.Size([64, 1600])
Epoch [456/1000], Wasserstein(eigs,real_eigs): 26.483, Wasserstein(log_eigs,log_real_eigs): 0.840
torch.Size([64, 1600])
Epoch [457/1000], Wasserstein(eigs,real_eigs): 3588.788, Wasserstein(log_eigs,log_real_eigs): 1.030
torch.Size([64, 1600])
Epoch [458/1000], Wasserstein(eigs,real_eigs): 3797.586, Wasserstein(log_eigs,log_real_eigs): 0.924
torch.Size([64, 1600])
Epoch [459/1000], Wasserstein(eigs,real_eigs): 3081.153, Wasserstein(log_eigs,log_real_eigs): 0.911
torch.Size([64, 1600])
Epoch [460/1000], Wasserstein(eigs,real_eigs): 519.634, Wasserstein(log_eigs,log_real_eigs): 0.794
torch.Size([64, 1600])
Epoch [461/1000], Wasserstein(eigs,real_eigs): 754.624, Wasserstein(log_eigs,log_real_eigs): 0.991
torch.Size([64, 1600])
Epoch [462/1000], Wasserstein(eigs,real_eigs): 6717.003, Wasserstein(log_eigs,log_real_eigs): 0.947
torch.Size([64, 1600])
Epoch [463/1000], Wasserstein(eigs,real_eigs): 2852.948, Wasserstein(log_eigs,log_real_eigs): 0.992
torch.Size([64, 1600])
Epoch [464/1000], Wasserstein(eigs,real_eigs): 1162.168, Wasserstein(log_eigs,log_real_eigs): 1.034
torch.Size([64, 1600])
Epoch [465/1000], Wasserstein(eigs,real_eigs): 61.414, Wasserstein(log_eigs,log_real_eigs): 0.519
torch.Size([64, 1600])
Epoch [466/1000], Wasserstein(eigs,real_eigs): 1701.552, Wasserstein(log_eigs,log_real_eigs): 0.806
torch.Size([64, 1600])
Epoch [467/1000], Wasserstein(eigs,real_eigs): 4746.838, Wasserstein(log_eigs,log_real_eigs): 0.808
torch.Size([64, 1600])
Epoch [468/1000], Wasserstein(eigs,real_eigs): 5350.681, Wasserstein(log_eigs,log_real_eigs): 0.740
torch.Size([64, 1600])
Epoch [469/1000], Wasserstein(eigs,real_eigs): 5777.202, Wasserstein(log_eigs,log_real_eigs): 0.798
torch.Size([64, 1600])
Epoch [470/1000], Wasserstein(eigs,real_eigs): 156.245, Wasserstein(log_eigs,log_real_eigs): 0.566
torch.Size([64, 1600])
Epoch [471/1000], Wasserstein(eigs,real_eigs): 8496.918, Wasserstein(log_eigs,log_real_eigs): 0.811
torch.Size([64, 1600])
Epoch [472/1000], Wasserstein(eigs,real_eigs): 3061.785, Wasserstein(log_eigs,log_real_eigs): 0.715
torch.Size([64, 1600])
Epoch [473/1000], Wasserstein(eigs,real_eigs): 6515.975, Wasserstein(log_eigs,log_real_eigs): 0.861
torch.Size([64, 1600])
Epoch [474/1000], Wasserstein(eigs,real_eigs): 4974.416, Wasserstein(log_eigs,log_real_eigs): 0.849
torch.Size([64, 1600])
Epoch [475/1000], Wasserstein(eigs,real_eigs): 5376.850, Wasserstein(log_eigs,log_real_eigs): 0.742
torch.Size([64, 1600])
Epoch [476/1000], Wasserstein(eigs,real_eigs): 4248.105, Wasserstein(log_eigs,log_real_eigs): 0.787
torch.Size([64, 1600])
Epoch [477/1000], Wasserstein(eigs,real_eigs): 2613.343, Wasserstein(log_eigs,log_real_eigs): 0.808
torch.Size([64, 1600])
Epoch [478/1000], Wasserstein(eigs,real_eigs): 5401.485, Wasserstein(log_eigs,log_real_eigs): 0.914
torch.Size([64, 1600])
Epoch [479/1000], Wasserstein(eigs,real_eigs): 5443.903, Wasserstein(log_eigs,log_real_eigs): 0.891
torch.Size([64, 1600])
Epoch [480/1000], Wasserstein(eigs,real_eigs): 615.621, Wasserstein(log_eigs,log_real_eigs): 0.786
torch.Size([64, 1600])
Epoch [481/1000], Wasserstein(eigs,real_eigs): 3275.779, Wasserstein(log_eigs,log_real_eigs): 0.909
torch.Size([64, 1600])
Epoch [482/1000], Wasserstein(eigs,real_eigs): 451.084, Wasserstein(log_eigs,log_real_eigs): 0.865
torch.Size([64, 1600])
Epoch [483/1000], Wasserstein(eigs,real_eigs): 11.743, Wasserstein(log_eigs,log_real_eigs): 0.651
torch.Size([64, 1600])
Epoch [484/1000], Wasserstein(eigs,real_eigs): 489.555, Wasserstein(log_eigs,log_real_eigs): 0.805
torch.Size([64, 1600])
Epoch [485/1000], Wasserstein(eigs,real_eigs): 1148.502, Wasserstein(log_eigs,log_real_eigs): 0.845
torch.Size([64, 1600])
Epoch [486/1000], Wasserstein(eigs,real_eigs): 8366.702, Wasserstein(log_eigs,log_real_eigs): 1.032
torch.Size([64, 1600])
Epoch [487/1000], Wasserstein(eigs,real_eigs): 2317.597, Wasserstein(log_eigs,log_real_eigs): 0.945
torch.Size([64, 1600])
Epoch [488/1000], Wasserstein(eigs,real_eigs): 1434.631, Wasserstein(log_eigs,log_real_eigs): 0.908
torch.Size([64, 1600])
Epoch [489/1000], Wasserstein(eigs,real_eigs): 1628.415, Wasserstein(log_eigs,log_real_eigs): 0.982
torch.Size([64, 1600])
Epoch [490/1000], Wasserstein(eigs,real_eigs): 5733.967, Wasserstein(log_eigs,log_real_eigs): 1.020
torch.Size([64, 1600])
Epoch [491/1000], Wasserstein(eigs,real_eigs): 2621.681, Wasserstein(log_eigs,log_real_eigs): 1.042
torch.Size([64, 1600])
Epoch [492/1000], Wasserstein(eigs,real_eigs): 3608.377, Wasserstein(log_eigs,log_real_eigs): 1.011
torch.Size([64, 1600])
Epoch [493/1000], Wasserstein(eigs,real_eigs): 2391.925, Wasserstein(log_eigs,log_real_eigs): 1.037
torch.Size([64, 1600])
Epoch [494/1000], Wasserstein(eigs,real_eigs): 1048.734, Wasserstein(log_eigs,log_real_eigs): 0.965
torch.Size([64, 1600])
Epoch [495/1000], Wasserstein(eigs,real_eigs): 6962.630, Wasserstein(log_eigs,log_real_eigs): 0.903
torch.Size([64, 1600])
Epoch [496/1000], Wasserstein(eigs,real_eigs): 8645.895, Wasserstein(log_eigs,log_real_eigs): 1.191
torch.Size([64, 1600])
Epoch [497/1000], Wasserstein(eigs,real_eigs): 3954.976, Wasserstein(log_eigs,log_real_eigs): 1.129
torch.Size([64, 1600])
Epoch [498/1000], Wasserstein(eigs,real_eigs): 5719.320, Wasserstein(log_eigs,log_real_eigs): 1.037
torch.Size([64, 1600])
Epoch [499/1000], Wasserstein(eigs,real_eigs): 2743.714, Wasserstein(log_eigs,log_real_eigs): 1.100
torch.Size([64, 1600])
Epoch [500/1000], Wasserstein(eigs,real_eigs): 759.151, Wasserstein(log_eigs,log_real_eigs): 1.132
torch.Size([64, 1600])
Epoch [501/1000], Wasserstein(eigs,real_eigs): 2142.841, Wasserstein(log_eigs,log_real_eigs): 1.108
torch.Size([64, 1600])
Epoch [502/1000], Wasserstein(eigs,real_eigs): 7997.049, Wasserstein(log_eigs,log_real_eigs): 1.104
torch.Size([64, 1600])
Epoch [503/1000], Wasserstein(eigs,real_eigs): 5120.149, Wasserstein(log_eigs,log_real_eigs): 1.123
torch.Size([64, 1600])
Epoch [504/1000], Wasserstein(eigs,real_eigs): 1718.819, Wasserstein(log_eigs,log_real_eigs): 0.521
torch.Size([64, 1600])
Epoch [505/1000], Wasserstein(eigs,real_eigs): 7699.183, Wasserstein(log_eigs,log_real_eigs): 0.856
torch.Size([64, 1600])
Epoch [506/1000], Wasserstein(eigs,real_eigs): 1263.232, Wasserstein(log_eigs,log_real_eigs): 0.560
torch.Size([64, 1600])
Epoch [507/1000], Wasserstein(eigs,real_eigs): 2452.840, Wasserstein(log_eigs,log_real_eigs): 0.524
torch.Size([64, 1600])
Epoch [508/1000], Wasserstein(eigs,real_eigs): 2594.955, Wasserstein(log_eigs,log_real_eigs): 0.762
torch.Size([64, 1600])
Epoch [509/1000], Wasserstein(eigs,real_eigs): 2484.560, Wasserstein(log_eigs,log_real_eigs): 0.698
torch.Size([64, 1600])
Epoch [510/1000], Wasserstein(eigs,real_eigs): 5185.858, Wasserstein(log_eigs,log_real_eigs): 0.767
torch.Size([64, 1600])
Epoch [511/1000], Wasserstein(eigs,real_eigs): 4751.618, Wasserstein(log_eigs,log_real_eigs): 0.804
torch.Size([64, 1600])
Epoch [512/1000], Wasserstein(eigs,real_eigs): 9325.946, Wasserstein(log_eigs,log_real_eigs): 0.827
torch.Size([64, 1600])
Epoch [513/1000], Wasserstein(eigs,real_eigs): 5283.174, Wasserstein(log_eigs,log_real_eigs): 0.802
torch.Size([64, 1600])
Epoch [514/1000], Wasserstein(eigs,real_eigs): 6277.141, Wasserstein(log_eigs,log_real_eigs): 0.647
torch.Size([64, 1600])
Epoch [515/1000], Wasserstein(eigs,real_eigs): 7182.280, Wasserstein(log_eigs,log_real_eigs): 0.761
torch.Size([64, 1600])
Epoch [516/1000], Wasserstein(eigs,real_eigs): 4671.466, Wasserstein(log_eigs,log_real_eigs): 0.692
torch.Size([64, 1600])
Epoch [517/1000], Wasserstein(eigs,real_eigs): 3611.751, Wasserstein(log_eigs,log_real_eigs): 0.655
torch.Size([64, 1600])
Epoch [518/1000], Wasserstein(eigs,real_eigs): 6320.940, Wasserstein(log_eigs,log_real_eigs): 0.728
torch.Size([64, 1600])
Epoch [519/1000], Wasserstein(eigs,real_eigs): 1416.263, Wasserstein(log_eigs,log_real_eigs): 0.526
torch.Size([64, 1600])
Epoch [520/1000], Wasserstein(eigs,real_eigs): 8956.780, Wasserstein(log_eigs,log_real_eigs): 0.748
torch.Size([64, 1600])
Epoch [521/1000], Wasserstein(eigs,real_eigs): 3733.039, Wasserstein(log_eigs,log_real_eigs): 0.570
torch.Size([64, 1600])
Epoch [522/1000], Wasserstein(eigs,real_eigs): 2107.924, Wasserstein(log_eigs,log_real_eigs): 0.541
torch.Size([64, 1600])
Epoch [523/1000], Wasserstein(eigs,real_eigs): 2282.887, Wasserstein(log_eigs,log_real_eigs): 0.500
torch.Size([64, 1600])
Epoch [524/1000], Wasserstein(eigs,real_eigs): 224.880, Wasserstein(log_eigs,log_real_eigs): 0.531
torch.Size([64, 1600])
Epoch [525/1000], Wasserstein(eigs,real_eigs): 4178.091, Wasserstein(log_eigs,log_real_eigs): 0.659
torch.Size([64, 1600])
Epoch [526/1000], Wasserstein(eigs,real_eigs): 119.728, Wasserstein(log_eigs,log_real_eigs): 0.492
torch.Size([64, 1600])
Epoch [527/1000], Wasserstein(eigs,real_eigs): 355.955, Wasserstein(log_eigs,log_real_eigs): 0.687
torch.Size([64, 1600])
Epoch [528/1000], Wasserstein(eigs,real_eigs): 10936.808, Wasserstein(log_eigs,log_real_eigs): 0.642
torch.Size([64, 1600])
Epoch [529/1000], Wasserstein(eigs,real_eigs): 5403.575, Wasserstein(log_eigs,log_real_eigs): 0.680
torch.Size([64, 1600])
Epoch [530/1000], Wasserstein(eigs,real_eigs): 140.447, Wasserstein(log_eigs,log_real_eigs): 0.655
torch.Size([64, 1600])
Epoch [531/1000], Wasserstein(eigs,real_eigs): 3132.840, Wasserstein(log_eigs,log_real_eigs): 0.671
torch.Size([64, 1600])
Epoch [532/1000], Wasserstein(eigs,real_eigs): 9050.784, Wasserstein(log_eigs,log_real_eigs): 0.714
torch.Size([64, 1600])
Epoch [533/1000], Wasserstein(eigs,real_eigs): 9434.266, Wasserstein(log_eigs,log_real_eigs): 0.877
torch.Size([64, 1600])
Epoch [534/1000], Wasserstein(eigs,real_eigs): 8489.327, Wasserstein(log_eigs,log_real_eigs): 0.721
torch.Size([64, 1600])
Epoch [535/1000], Wasserstein(eigs,real_eigs): 2913.033, Wasserstein(log_eigs,log_real_eigs): 0.771
torch.Size([64, 1600])
Epoch [536/1000], Wasserstein(eigs,real_eigs): 6282.392, Wasserstein(log_eigs,log_real_eigs): 0.765
torch.Size([64, 1600])
Epoch [537/1000], Wasserstein(eigs,real_eigs): 6523.891, Wasserstein(log_eigs,log_real_eigs): 0.683
torch.Size([64, 1600])
Epoch [538/1000], Wasserstein(eigs,real_eigs): 5705.352, Wasserstein(log_eigs,log_real_eigs): 0.733
torch.Size([64, 1600])
Epoch [539/1000], Wasserstein(eigs,real_eigs): 7460.954, Wasserstein(log_eigs,log_real_eigs): 0.740
torch.Size([64, 1600])
Epoch [540/1000], Wasserstein(eigs,real_eigs): 42.868, Wasserstein(log_eigs,log_real_eigs): 0.376
torch.Size([64, 1600])
Epoch [541/1000], Wasserstein(eigs,real_eigs): 12.892, Wasserstein(log_eigs,log_real_eigs): 0.312
torch.Size([64, 1600])
Epoch [542/1000], Wasserstein(eigs,real_eigs): 3193.536, Wasserstein(log_eigs,log_real_eigs): 0.673
torch.Size([64, 1600])
Epoch [543/1000], Wasserstein(eigs,real_eigs): 3359.363, Wasserstein(log_eigs,log_real_eigs): 0.765
torch.Size([64, 1600])
Epoch [544/1000], Wasserstein(eigs,real_eigs): 115.485, Wasserstein(log_eigs,log_real_eigs): 0.526
torch.Size([64, 1600])
Epoch [545/1000], Wasserstein(eigs,real_eigs): 9035.936, Wasserstein(log_eigs,log_real_eigs): 0.715
torch.Size([64, 1600])
Epoch [546/1000], Wasserstein(eigs,real_eigs): 660.400, Wasserstein(log_eigs,log_real_eigs): 0.809
torch.Size([64, 1600])
Epoch [547/1000], Wasserstein(eigs,real_eigs): 3173.998, Wasserstein(log_eigs,log_real_eigs): 0.791
torch.Size([64, 1600])
Epoch [548/1000], Wasserstein(eigs,real_eigs): 1299.513, Wasserstein(log_eigs,log_real_eigs): 0.822
torch.Size([64, 1600])
Epoch [549/1000], Wasserstein(eigs,real_eigs): 3194.502, Wasserstein(log_eigs,log_real_eigs): 0.761
torch.Size([64, 1600])
Epoch [550/1000], Wasserstein(eigs,real_eigs): 5092.995, Wasserstein(log_eigs,log_real_eigs): 0.668
torch.Size([64, 1600])
Epoch [551/1000], Wasserstein(eigs,real_eigs): 842.127, Wasserstein(log_eigs,log_real_eigs): 0.664
torch.Size([64, 1600])
Epoch [552/1000], Wasserstein(eigs,real_eigs): 5118.942, Wasserstein(log_eigs,log_real_eigs): 0.824
torch.Size([64, 1600])
Epoch [553/1000], Wasserstein(eigs,real_eigs): 4176.464, Wasserstein(log_eigs,log_real_eigs): 0.758
torch.Size([64, 1600])
Epoch [554/1000], Wasserstein(eigs,real_eigs): 2557.013, Wasserstein(log_eigs,log_real_eigs): 0.757
torch.Size([64, 1600])
Epoch [555/1000], Wasserstein(eigs,real_eigs): 4298.188, Wasserstein(log_eigs,log_real_eigs): 0.802
torch.Size([64, 1600])
Epoch [556/1000], Wasserstein(eigs,real_eigs): 3464.441, Wasserstein(log_eigs,log_real_eigs): 0.884
torch.Size([64, 1600])
Epoch [557/1000], Wasserstein(eigs,real_eigs): 9938.024, Wasserstein(log_eigs,log_real_eigs): 0.733
torch.Size([64, 1600])
Epoch [558/1000], Wasserstein(eigs,real_eigs): 1460.842, Wasserstein(log_eigs,log_real_eigs): 0.971
torch.Size([64, 1600])
Epoch [559/1000], Wasserstein(eigs,real_eigs): 1093.349, Wasserstein(log_eigs,log_real_eigs): 0.809
torch.Size([64, 1600])
Epoch [560/1000], Wasserstein(eigs,real_eigs): 11036.426, Wasserstein(log_eigs,log_real_eigs): 0.726
torch.Size([64, 1600])
Epoch [561/1000], Wasserstein(eigs,real_eigs): 9421.633, Wasserstein(log_eigs,log_real_eigs): 0.783
torch.Size([64, 1600])
Epoch [562/1000], Wasserstein(eigs,real_eigs): 5584.352, Wasserstein(log_eigs,log_real_eigs): 0.892
torch.Size([64, 1600])
Epoch [563/1000], Wasserstein(eigs,real_eigs): 7906.248, Wasserstein(log_eigs,log_real_eigs): 0.876
torch.Size([64, 1600])
Epoch [564/1000], Wasserstein(eigs,real_eigs): 7210.153, Wasserstein(log_eigs,log_real_eigs): 0.810
torch.Size([64, 1600])
Epoch [565/1000], Wasserstein(eigs,real_eigs): 6506.832, Wasserstein(log_eigs,log_real_eigs): 0.844
torch.Size([64, 1600])
Epoch [566/1000], Wasserstein(eigs,real_eigs): 1430.738, Wasserstein(log_eigs,log_real_eigs): 0.841
torch.Size([64, 1600])
Epoch [567/1000], Wasserstein(eigs,real_eigs): 201.597, Wasserstein(log_eigs,log_real_eigs): 0.808
torch.Size([64, 1600])
Epoch [568/1000], Wasserstein(eigs,real_eigs): 3676.194, Wasserstein(log_eigs,log_real_eigs): 0.943
torch.Size([64, 1600])
Epoch [569/1000], Wasserstein(eigs,real_eigs): 6533.064, Wasserstein(log_eigs,log_real_eigs): 0.822
torch.Size([64, 1600])
Epoch [570/1000], Wasserstein(eigs,real_eigs): 5743.049, Wasserstein(log_eigs,log_real_eigs): 1.014
torch.Size([64, 1600])
Epoch [571/1000], Wasserstein(eigs,real_eigs): 2653.082, Wasserstein(log_eigs,log_real_eigs): 1.020
torch.Size([64, 1600])
Epoch [572/1000], Wasserstein(eigs,real_eigs): 1517.369, Wasserstein(log_eigs,log_real_eigs): 1.083
torch.Size([64, 1600])
Epoch [573/1000], Wasserstein(eigs,real_eigs): 7508.613, Wasserstein(log_eigs,log_real_eigs): 0.947
torch.Size([64, 1600])
Epoch [574/1000], Wasserstein(eigs,real_eigs): 1257.523, Wasserstein(log_eigs,log_real_eigs): 1.095
torch.Size([64, 1600])
Epoch [575/1000], Wasserstein(eigs,real_eigs): 8801.231, Wasserstein(log_eigs,log_real_eigs): 0.441
torch.Size([64, 1600])
Epoch [576/1000], Wasserstein(eigs,real_eigs): 8436.497, Wasserstein(log_eigs,log_real_eigs): 0.733
torch.Size([64, 1600])
Epoch [577/1000], Wasserstein(eigs,real_eigs): 12036.870, Wasserstein(log_eigs,log_real_eigs): 0.876
torch.Size([64, 1600])
Epoch [578/1000], Wasserstein(eigs,real_eigs): 7266.658, Wasserstein(log_eigs,log_real_eigs): 0.715
torch.Size([64, 1600])
Epoch [579/1000], Wasserstein(eigs,real_eigs): 6778.814, Wasserstein(log_eigs,log_real_eigs): 0.665
torch.Size([64, 1600])
Epoch [580/1000], Wasserstein(eigs,real_eigs): 3456.953, Wasserstein(log_eigs,log_real_eigs): 0.673
torch.Size([64, 1600])
Epoch [581/1000], Wasserstein(eigs,real_eigs): 44.019, Wasserstein(log_eigs,log_real_eigs): 0.638
torch.Size([64, 1600])
Epoch [582/1000], Wasserstein(eigs,real_eigs): 8843.683, Wasserstein(log_eigs,log_real_eigs): 0.871
torch.Size([64, 1600])
Epoch [583/1000], Wasserstein(eigs,real_eigs): 5645.132, Wasserstein(log_eigs,log_real_eigs): 0.858
torch.Size([64, 1600])
Epoch [584/1000], Wasserstein(eigs,real_eigs): 736.888, Wasserstein(log_eigs,log_real_eigs): 0.766
torch.Size([64, 1600])
Epoch [585/1000], Wasserstein(eigs,real_eigs): 5126.417, Wasserstein(log_eigs,log_real_eigs): 0.753
torch.Size([64, 1600])
Epoch [586/1000], Wasserstein(eigs,real_eigs): 7582.321, Wasserstein(log_eigs,log_real_eigs): 0.758
torch.Size([64, 1600])
Epoch [587/1000], Wasserstein(eigs,real_eigs): 1317.492, Wasserstein(log_eigs,log_real_eigs): 0.737
torch.Size([64, 1600])
Epoch [588/1000], Wasserstein(eigs,real_eigs): 329.988, Wasserstein(log_eigs,log_real_eigs): 0.834
torch.Size([64, 1600])
Epoch [589/1000], Wasserstein(eigs,real_eigs): 2640.515, Wasserstein(log_eigs,log_real_eigs): 0.877
torch.Size([64, 1600])
Epoch [590/1000], Wasserstein(eigs,real_eigs): 4034.071, Wasserstein(log_eigs,log_real_eigs): 0.821
torch.Size([64, 1600])
Epoch [591/1000], Wasserstein(eigs,real_eigs): 1902.832, Wasserstein(log_eigs,log_real_eigs): 0.711
torch.Size([64, 1600])
Epoch [592/1000], Wasserstein(eigs,real_eigs): 1176.647, Wasserstein(log_eigs,log_real_eigs): 0.785
torch.Size([64, 1600])
Epoch [593/1000], Wasserstein(eigs,real_eigs): 4481.273, Wasserstein(log_eigs,log_real_eigs): 0.916
torch.Size([64, 1600])
Epoch [594/1000], Wasserstein(eigs,real_eigs): 6988.557, Wasserstein(log_eigs,log_real_eigs): 0.895
torch.Size([64, 1600])
Epoch [595/1000], Wasserstein(eigs,real_eigs): 4804.206, Wasserstein(log_eigs,log_real_eigs): 0.881
torch.Size([64, 1600])
Epoch [596/1000], Wasserstein(eigs,real_eigs): 68.341, Wasserstein(log_eigs,log_real_eigs): 0.970
torch.Size([64, 1600])
Epoch [597/1000], Wasserstein(eigs,real_eigs): 7734.769, Wasserstein(log_eigs,log_real_eigs): 0.815
torch.Size([64, 1600])
Epoch [598/1000], Wasserstein(eigs,real_eigs): 5773.036, Wasserstein(log_eigs,log_real_eigs): 0.906
torch.Size([64, 1600])
Epoch [599/1000], Wasserstein(eigs,real_eigs): 4401.103, Wasserstein(log_eigs,log_real_eigs): 0.777
torch.Size([64, 1600])
Epoch [600/1000], Wasserstein(eigs,real_eigs): 1579.868, Wasserstein(log_eigs,log_real_eigs): 0.831
torch.Size([64, 1600])
Epoch [601/1000], Wasserstein(eigs,real_eigs): 8110.792, Wasserstein(log_eigs,log_real_eigs): 0.930
torch.Size([64, 1600])
Epoch [602/1000], Wasserstein(eigs,real_eigs): 7750.398, Wasserstein(log_eigs,log_real_eigs): 0.913
torch.Size([64, 1600])
Epoch [603/1000], Wasserstein(eigs,real_eigs): 6631.631, Wasserstein(log_eigs,log_real_eigs): 0.785
torch.Size([64, 1600])
Epoch [604/1000], Wasserstein(eigs,real_eigs): 4148.656, Wasserstein(log_eigs,log_real_eigs): 0.998
torch.Size([64, 1600])
Epoch [605/1000], Wasserstein(eigs,real_eigs): 1810.774, Wasserstein(log_eigs,log_real_eigs): 0.999
torch.Size([64, 1600])
Epoch [606/1000], Wasserstein(eigs,real_eigs): 8683.272, Wasserstein(log_eigs,log_real_eigs): 0.940
torch.Size([64, 1600])
Epoch [607/1000], Wasserstein(eigs,real_eigs): 6806.072, Wasserstein(log_eigs,log_real_eigs): 0.924
torch.Size([64, 1600])
Epoch [608/1000], Wasserstein(eigs,real_eigs): 11.691, Wasserstein(log_eigs,log_real_eigs): 0.811
torch.Size([64, 1600])
Epoch [609/1000], Wasserstein(eigs,real_eigs): 2230.819, Wasserstein(log_eigs,log_real_eigs): 1.035
torch.Size([64, 1600])
Epoch [610/1000], Wasserstein(eigs,real_eigs): 13540.621, Wasserstein(log_eigs,log_real_eigs): 0.973
torch.Size([64, 1600])
Epoch [611/1000], Wasserstein(eigs,real_eigs): 15160.697, Wasserstein(log_eigs,log_real_eigs): 0.793
torch.Size([64, 1600])
Epoch [612/1000], Wasserstein(eigs,real_eigs): 6561.494, Wasserstein(log_eigs,log_real_eigs): 0.739
torch.Size([64, 1600])
Epoch [613/1000], Wasserstein(eigs,real_eigs): 6265.083, Wasserstein(log_eigs,log_real_eigs): 0.806
torch.Size([64, 1600])
Epoch [614/1000], Wasserstein(eigs,real_eigs): 5925.376, Wasserstein(log_eigs,log_real_eigs): 0.859
torch.Size([64, 1600])
Epoch [615/1000], Wasserstein(eigs,real_eigs): 9474.458, Wasserstein(log_eigs,log_real_eigs): 0.828
torch.Size([64, 1600])
Epoch [616/1000], Wasserstein(eigs,real_eigs): 11504.170, Wasserstein(log_eigs,log_real_eigs): 0.923
torch.Size([64, 1600])
Epoch [617/1000], Wasserstein(eigs,real_eigs): 3413.828, Wasserstein(log_eigs,log_real_eigs): 0.755
torch.Size([64, 1600])
Epoch [618/1000], Wasserstein(eigs,real_eigs): 13069.439, Wasserstein(log_eigs,log_real_eigs): 0.832
torch.Size([64, 1600])
Epoch [619/1000], Wasserstein(eigs,real_eigs): 710.954, Wasserstein(log_eigs,log_real_eigs): 0.806
torch.Size([64, 1600])
Epoch [620/1000], Wasserstein(eigs,real_eigs): 8046.480, Wasserstein(log_eigs,log_real_eigs): 0.778
torch.Size([64, 1600])
Epoch [621/1000], Wasserstein(eigs,real_eigs): 9071.175, Wasserstein(log_eigs,log_real_eigs): 0.728
torch.Size([64, 1600])
Epoch [622/1000], Wasserstein(eigs,real_eigs): 4586.772, Wasserstein(log_eigs,log_real_eigs): 0.800
torch.Size([64, 1600])
Epoch [623/1000], Wasserstein(eigs,real_eigs): 2020.052, Wasserstein(log_eigs,log_real_eigs): 0.692
torch.Size([64, 1600])
Epoch [624/1000], Wasserstein(eigs,real_eigs): 3366.843, Wasserstein(log_eigs,log_real_eigs): 0.755
torch.Size([64, 1600])
Epoch [625/1000], Wasserstein(eigs,real_eigs): 3610.545, Wasserstein(log_eigs,log_real_eigs): 0.843
torch.Size([64, 1600])
Epoch [626/1000], Wasserstein(eigs,real_eigs): 86.263, Wasserstein(log_eigs,log_real_eigs): 0.825
torch.Size([64, 1600])
Epoch [627/1000], Wasserstein(eigs,real_eigs): 6227.245, Wasserstein(log_eigs,log_real_eigs): 0.958
torch.Size([64, 1600])
Epoch [628/1000], Wasserstein(eigs,real_eigs): 3596.343, Wasserstein(log_eigs,log_real_eigs): 0.871
torch.Size([64, 1600])
Epoch [629/1000], Wasserstein(eigs,real_eigs): 7193.853, Wasserstein(log_eigs,log_real_eigs): 0.848
torch.Size([64, 1600])
Epoch [630/1000], Wasserstein(eigs,real_eigs): 5560.312, Wasserstein(log_eigs,log_real_eigs): 0.855
torch.Size([64, 1600])
Epoch [631/1000], Wasserstein(eigs,real_eigs): 3637.523, Wasserstein(log_eigs,log_real_eigs): 0.973
torch.Size([64, 1600])
Epoch [632/1000], Wasserstein(eigs,real_eigs): 3616.466, Wasserstein(log_eigs,log_real_eigs): 0.927
torch.Size([64, 1600])
Epoch [633/1000], Wasserstein(eigs,real_eigs): 5389.330, Wasserstein(log_eigs,log_real_eigs): 0.798
torch.Size([64, 1600])
Epoch [634/1000], Wasserstein(eigs,real_eigs): 7524.599, Wasserstein(log_eigs,log_real_eigs): 0.774
torch.Size([64, 1600])
Epoch [635/1000], Wasserstein(eigs,real_eigs): 4404.482, Wasserstein(log_eigs,log_real_eigs): 0.828
torch.Size([64, 1600])
Epoch [636/1000], Wasserstein(eigs,real_eigs): 11919.067, Wasserstein(log_eigs,log_real_eigs): 0.936
torch.Size([64, 1600])
Epoch [637/1000], Wasserstein(eigs,real_eigs): 3952.948, Wasserstein(log_eigs,log_real_eigs): 0.883
torch.Size([64, 1600])
Epoch [638/1000], Wasserstein(eigs,real_eigs): 9249.397, Wasserstein(log_eigs,log_real_eigs): 0.815
torch.Size([64, 1600])
Epoch [639/1000], Wasserstein(eigs,real_eigs): 3941.403, Wasserstein(log_eigs,log_real_eigs): 0.752
torch.Size([64, 1600])
Epoch [640/1000], Wasserstein(eigs,real_eigs): 9193.412, Wasserstein(log_eigs,log_real_eigs): 0.831
torch.Size([64, 1600])
Epoch [641/1000], Wasserstein(eigs,real_eigs): 6325.511, Wasserstein(log_eigs,log_real_eigs): 0.743
torch.Size([64, 1600])
Epoch [642/1000], Wasserstein(eigs,real_eigs): 4236.076, Wasserstein(log_eigs,log_real_eigs): 0.761
torch.Size([64, 1600])
Epoch [643/1000], Wasserstein(eigs,real_eigs): 5406.837, Wasserstein(log_eigs,log_real_eigs): 1.044
torch.Size([64, 1600])
Epoch [644/1000], Wasserstein(eigs,real_eigs): 10476.685, Wasserstein(log_eigs,log_real_eigs): 1.011
torch.Size([64, 1600])
Epoch [645/1000], Wasserstein(eigs,real_eigs): 7969.551, Wasserstein(log_eigs,log_real_eigs): 0.971
torch.Size([64, 1600])
Epoch [646/1000], Wasserstein(eigs,real_eigs): 8900.097, Wasserstein(log_eigs,log_real_eigs): 0.972
torch.Size([64, 1600])
Epoch [647/1000], Wasserstein(eigs,real_eigs): 19.184, Wasserstein(log_eigs,log_real_eigs): 0.844
torch.Size([64, 1600])
Epoch [648/1000], Wasserstein(eigs,real_eigs): 2201.721, Wasserstein(log_eigs,log_real_eigs): 0.859
torch.Size([64, 1600])
Epoch [649/1000], Wasserstein(eigs,real_eigs): 5269.220, Wasserstein(log_eigs,log_real_eigs): 0.884
torch.Size([64, 1600])
Epoch [650/1000], Wasserstein(eigs,real_eigs): 9532.092, Wasserstein(log_eigs,log_real_eigs): 0.839
torch.Size([64, 1600])
Epoch [651/1000], Wasserstein(eigs,real_eigs): 5646.021, Wasserstein(log_eigs,log_real_eigs): 0.902
torch.Size([64, 1600])
Epoch [652/1000], Wasserstein(eigs,real_eigs): 4107.212, Wasserstein(log_eigs,log_real_eigs): 0.849
torch.Size([64, 1600])
Epoch [653/1000], Wasserstein(eigs,real_eigs): 8427.370, Wasserstein(log_eigs,log_real_eigs): 0.949
torch.Size([64, 1600])
Epoch [654/1000], Wasserstein(eigs,real_eigs): 8814.706, Wasserstein(log_eigs,log_real_eigs): 0.937
torch.Size([64, 1600])
Epoch [655/1000], Wasserstein(eigs,real_eigs): 1969.623, Wasserstein(log_eigs,log_real_eigs): 0.916
torch.Size([64, 1600])
Epoch [656/1000], Wasserstein(eigs,real_eigs): 3065.881, Wasserstein(log_eigs,log_real_eigs): 0.936
torch.Size([64, 1600])
Epoch [657/1000], Wasserstein(eigs,real_eigs): 579.638, Wasserstein(log_eigs,log_real_eigs): 0.916
torch.Size([64, 1600])
Epoch [658/1000], Wasserstein(eigs,real_eigs): 5849.960, Wasserstein(log_eigs,log_real_eigs): 1.051
torch.Size([64, 1600])
Epoch [659/1000], Wasserstein(eigs,real_eigs): 3524.314, Wasserstein(log_eigs,log_real_eigs): 0.992
torch.Size([64, 1600])
Epoch [660/1000], Wasserstein(eigs,real_eigs): 151.768, Wasserstein(log_eigs,log_real_eigs): 0.839
torch.Size([64, 1600])
Epoch [661/1000], Wasserstein(eigs,real_eigs): 2997.976, Wasserstein(log_eigs,log_real_eigs): 1.024
torch.Size([64, 1600])
Epoch [662/1000], Wasserstein(eigs,real_eigs): 2301.674, Wasserstein(log_eigs,log_real_eigs): 1.004
torch.Size([64, 1600])
Epoch [663/1000], Wasserstein(eigs,real_eigs): 14037.956, Wasserstein(log_eigs,log_real_eigs): 1.028
torch.Size([64, 1600])
Epoch [664/1000], Wasserstein(eigs,real_eigs): 8083.606, Wasserstein(log_eigs,log_real_eigs): 1.002
torch.Size([64, 1600])
Epoch [665/1000], Wasserstein(eigs,real_eigs): 7082.500, Wasserstein(log_eigs,log_real_eigs): 1.065
torch.Size([64, 1600])
Epoch [666/1000], Wasserstein(eigs,real_eigs): 13223.824, Wasserstein(log_eigs,log_real_eigs): 0.925
torch.Size([64, 1600])
Epoch [667/1000], Wasserstein(eigs,real_eigs): 4679.768, Wasserstein(log_eigs,log_real_eigs): 1.057
torch.Size([64, 1600])
Epoch [668/1000], Wasserstein(eigs,real_eigs): 4023.696, Wasserstein(log_eigs,log_real_eigs): 1.063
torch.Size([64, 1600])
Epoch [669/1000], Wasserstein(eigs,real_eigs): 687.828, Wasserstein(log_eigs,log_real_eigs): 1.108
torch.Size([64, 1600])
Epoch [670/1000], Wasserstein(eigs,real_eigs): 1951.377, Wasserstein(log_eigs,log_real_eigs): 1.110
torch.Size([64, 1600])
Epoch [671/1000], Wasserstein(eigs,real_eigs): 1597.199, Wasserstein(log_eigs,log_real_eigs): 1.106
torch.Size([64, 1600])
Epoch [672/1000], Wasserstein(eigs,real_eigs): 288.784, Wasserstein(log_eigs,log_real_eigs): 0.949
torch.Size([64, 1600])
Epoch [673/1000], Wasserstein(eigs,real_eigs): 750.037, Wasserstein(log_eigs,log_real_eigs): 0.972
torch.Size([64, 1600])
Epoch [674/1000], Wasserstein(eigs,real_eigs): 7696.211, Wasserstein(log_eigs,log_real_eigs): 1.077
torch.Size([64, 1600])
Epoch [675/1000], Wasserstein(eigs,real_eigs): 2106.193, Wasserstein(log_eigs,log_real_eigs): 1.153
torch.Size([64, 1600])
Epoch [676/1000], Wasserstein(eigs,real_eigs): 9172.286, Wasserstein(log_eigs,log_real_eigs): 1.062
torch.Size([64, 1600])
Epoch [677/1000], Wasserstein(eigs,real_eigs): 9250.829, Wasserstein(log_eigs,log_real_eigs): 1.090
torch.Size([64, 1600])
Epoch [678/1000], Wasserstein(eigs,real_eigs): 10211.017, Wasserstein(log_eigs,log_real_eigs): 1.122
torch.Size([64, 1600])
Epoch [679/1000], Wasserstein(eigs,real_eigs): 20.940, Wasserstein(log_eigs,log_real_eigs): 1.017
torch.Size([64, 1600])
Epoch [680/1000], Wasserstein(eigs,real_eigs): 6740.135, Wasserstein(log_eigs,log_real_eigs): 1.198
torch.Size([64, 1600])
Epoch [681/1000], Wasserstein(eigs,real_eigs): 122.326, Wasserstein(log_eigs,log_real_eigs): 1.181
torch.Size([64, 1600])
Epoch [682/1000], Wasserstein(eigs,real_eigs): 353.066, Wasserstein(log_eigs,log_real_eigs): 1.103
torch.Size([64, 1600])
Epoch [683/1000], Wasserstein(eigs,real_eigs): 4563.896, Wasserstein(log_eigs,log_real_eigs): 1.134
torch.Size([64, 1600])
Epoch [684/1000], Wasserstein(eigs,real_eigs): 9783.820, Wasserstein(log_eigs,log_real_eigs): 0.894
torch.Size([64, 1600])
Epoch [685/1000], Wasserstein(eigs,real_eigs): 9092.162, Wasserstein(log_eigs,log_real_eigs): 0.864
torch.Size([64, 1600])
Epoch [686/1000], Wasserstein(eigs,real_eigs): 152.996, Wasserstein(log_eigs,log_real_eigs): 0.847
torch.Size([64, 1600])
Epoch [687/1000], Wasserstein(eigs,real_eigs): 8569.263, Wasserstein(log_eigs,log_real_eigs): 0.850
torch.Size([64, 1600])
Epoch [688/1000], Wasserstein(eigs,real_eigs): 10533.276, Wasserstein(log_eigs,log_real_eigs): 0.854
torch.Size([64, 1600])
Epoch [689/1000], Wasserstein(eigs,real_eigs): 3173.171, Wasserstein(log_eigs,log_real_eigs): 0.839
torch.Size([64, 1600])
Epoch [690/1000], Wasserstein(eigs,real_eigs): 1961.330, Wasserstein(log_eigs,log_real_eigs): 0.395
torch.Size([64, 1600])
Epoch [691/1000], Wasserstein(eigs,real_eigs): 605.508, Wasserstein(log_eigs,log_real_eigs): 0.341
torch.Size([64, 1600])
Epoch [692/1000], Wasserstein(eigs,real_eigs): 2016.865, Wasserstein(log_eigs,log_real_eigs): 0.439
torch.Size([64, 1600])
Epoch [693/1000], Wasserstein(eigs,real_eigs): 7893.618, Wasserstein(log_eigs,log_real_eigs): 0.701
torch.Size([64, 1600])
Epoch [694/1000], Wasserstein(eigs,real_eigs): 13826.160, Wasserstein(log_eigs,log_real_eigs): 0.601
torch.Size([64, 1600])
Epoch [695/1000], Wasserstein(eigs,real_eigs): 9475.436, Wasserstein(log_eigs,log_real_eigs): 0.577
torch.Size([64, 1600])
Epoch [696/1000], Wasserstein(eigs,real_eigs): 10512.238, Wasserstein(log_eigs,log_real_eigs): 0.729
torch.Size([64, 1600])
Epoch [697/1000], Wasserstein(eigs,real_eigs): 8550.371, Wasserstein(log_eigs,log_real_eigs): 0.877
torch.Size([64, 1600])
Epoch [698/1000], Wasserstein(eigs,real_eigs): 122.343, Wasserstein(log_eigs,log_real_eigs): 0.591
torch.Size([64, 1600])
Epoch [699/1000], Wasserstein(eigs,real_eigs): 2448.888, Wasserstein(log_eigs,log_real_eigs): 0.727
torch.Size([64, 1600])
Epoch [700/1000], Wasserstein(eigs,real_eigs): 7423.999, Wasserstein(log_eigs,log_real_eigs): 1.004
torch.Size([64, 1600])
Epoch [701/1000], Wasserstein(eigs,real_eigs): 13663.394, Wasserstein(log_eigs,log_real_eigs): 0.758
torch.Size([64, 1600])
Epoch [702/1000], Wasserstein(eigs,real_eigs): 5019.074, Wasserstein(log_eigs,log_real_eigs): 0.959
torch.Size([64, 1600])
Epoch [703/1000], Wasserstein(eigs,real_eigs): 7873.859, Wasserstein(log_eigs,log_real_eigs): 0.861
torch.Size([64, 1600])
Epoch [704/1000], Wasserstein(eigs,real_eigs): 9329.193, Wasserstein(log_eigs,log_real_eigs): 0.847
torch.Size([64, 1600])
Epoch [705/1000], Wasserstein(eigs,real_eigs): 8219.866, Wasserstein(log_eigs,log_real_eigs): 0.921
torch.Size([64, 1600])
Epoch [706/1000], Wasserstein(eigs,real_eigs): 1661.526, Wasserstein(log_eigs,log_real_eigs): 0.832
torch.Size([64, 1600])
Epoch [707/1000], Wasserstein(eigs,real_eigs): 7416.551, Wasserstein(log_eigs,log_real_eigs): 0.920
torch.Size([64, 1600])
Epoch [708/1000], Wasserstein(eigs,real_eigs): 6609.375, Wasserstein(log_eigs,log_real_eigs): 0.692
torch.Size([64, 1600])
Epoch [709/1000], Wasserstein(eigs,real_eigs): 8311.018, Wasserstein(log_eigs,log_real_eigs): 0.722
torch.Size([64, 1600])
Epoch [710/1000], Wasserstein(eigs,real_eigs): 6631.965, Wasserstein(log_eigs,log_real_eigs): 0.787
torch.Size([64, 1600])
Epoch [711/1000], Wasserstein(eigs,real_eigs): 7079.863, Wasserstein(log_eigs,log_real_eigs): 0.851
torch.Size([64, 1600])
Epoch [712/1000], Wasserstein(eigs,real_eigs): 7607.516, Wasserstein(log_eigs,log_real_eigs): 0.795
torch.Size([64, 1600])
Epoch [713/1000], Wasserstein(eigs,real_eigs): 4974.841, Wasserstein(log_eigs,log_real_eigs): 0.843
torch.Size([64, 1600])
Epoch [714/1000], Wasserstein(eigs,real_eigs): 11337.083, Wasserstein(log_eigs,log_real_eigs): 0.903
torch.Size([64, 1600])
Epoch [715/1000], Wasserstein(eigs,real_eigs): 1002.107, Wasserstein(log_eigs,log_real_eigs): 0.958
torch.Size([64, 1600])
Epoch [716/1000], Wasserstein(eigs,real_eigs): 8286.730, Wasserstein(log_eigs,log_real_eigs): 0.897
