2019-10-18 11:38:47.067970
Namespace(batch_size=64, dataroot='/home/jim/Documents/RandomBergman/KS4/data/', diff=0, epochs=1000, exp=None, h11=50, log_interval=1, lr=5e-05, lr_D=5e-05, lr_G=5e-05, model_type='WGAN_DCGAN', n_critic_steps=5, newsize=40, num_geometries=2500, nz=200, outdir='./experiments/exp_WGAN_DCGAN_50_200_10182019_113847', plot_interval=20, py_version=3, save=True, show_plots=False, test_batch_size=10000)
Namespace(batch_size=64, dataroot='/home/jim/Documents/RandomBergman/KS4/data/', diff=0, epochs=1000, exp=None, h11=50, log_interval=1, lr=5e-05, lr_D=5e-05, lr_G=5e-05, model_type='WGAN_DCGAN', n_critic_steps=5, newsize=40, num_geometries=2500, nz=200, outdir='./experiments/exp_WGAN_DCGAN_50_200_10182019_113847', plot_interval=20, py_version=3, save=True, show_plots=False, test_batch_size=10000)
Model type: WGAN_DCGAN
Coomparing to Eigenvalue distribution collected from 3399 geometries
data: 64 50
torch.Size([64, 2500])
Epoch [0/1000], Wasserstein(eigs,real_eigs): 8.926, Wasserstein(log_eigs,log_real_eigs): 0.830
torch.Size([64, 2500])
Epoch [1/1000], Wasserstein(eigs,real_eigs): 54.261, Wasserstein(log_eigs,log_real_eigs): 1.354
torch.Size([64, 2500])
Epoch [2/1000], Wasserstein(eigs,real_eigs): 199.344, Wasserstein(log_eigs,log_real_eigs): 1.393
torch.Size([64, 2500])
Epoch [3/1000], Wasserstein(eigs,real_eigs): 147.888, Wasserstein(log_eigs,log_real_eigs): 1.255
torch.Size([64, 2500])
Epoch [4/1000], Wasserstein(eigs,real_eigs): 137.607, Wasserstein(log_eigs,log_real_eigs): 1.464
torch.Size([64, 2500])
Epoch [5/1000], Wasserstein(eigs,real_eigs): 274.049, Wasserstein(log_eigs,log_real_eigs): 1.632
torch.Size([64, 2500])
Epoch [6/1000], Wasserstein(eigs,real_eigs): 312.361, Wasserstein(log_eigs,log_real_eigs): 1.311
torch.Size([64, 2500])
Epoch [7/1000], Wasserstein(eigs,real_eigs): 303.511, Wasserstein(log_eigs,log_real_eigs): 1.578
torch.Size([64, 2500])
Epoch [8/1000], Wasserstein(eigs,real_eigs): 259.940, Wasserstein(log_eigs,log_real_eigs): 1.575
torch.Size([64, 2500])
Epoch [9/1000], Wasserstein(eigs,real_eigs): 253.732, Wasserstein(log_eigs,log_real_eigs): 1.620
torch.Size([64, 2500])
Epoch [10/1000], Wasserstein(eigs,real_eigs): 397.951, Wasserstein(log_eigs,log_real_eigs): 1.417
torch.Size([64, 2500])
Epoch [11/1000], Wasserstein(eigs,real_eigs): 326.595, Wasserstein(log_eigs,log_real_eigs): 1.356
torch.Size([64, 2500])
Epoch [12/1000], Wasserstein(eigs,real_eigs): 282.839, Wasserstein(log_eigs,log_real_eigs): 1.355
torch.Size([64, 2500])
Epoch [13/1000], Wasserstein(eigs,real_eigs): 300.187, Wasserstein(log_eigs,log_real_eigs): 1.335
torch.Size([64, 2500])
Epoch [14/1000], Wasserstein(eigs,real_eigs): 238.222, Wasserstein(log_eigs,log_real_eigs): 1.446
torch.Size([64, 2500])
Epoch [15/1000], Wasserstein(eigs,real_eigs): 254.432, Wasserstein(log_eigs,log_real_eigs): 1.402
torch.Size([64, 2500])
Epoch [16/1000], Wasserstein(eigs,real_eigs): 279.112, Wasserstein(log_eigs,log_real_eigs): 1.419
torch.Size([64, 2500])
Epoch [17/1000], Wasserstein(eigs,real_eigs): 296.252, Wasserstein(log_eigs,log_real_eigs): 1.326
torch.Size([64, 2500])
Epoch [18/1000], Wasserstein(eigs,real_eigs): 345.108, Wasserstein(log_eigs,log_real_eigs): 1.264
torch.Size([64, 2500])
Epoch [19/1000], Wasserstein(eigs,real_eigs): 234.070, Wasserstein(log_eigs,log_real_eigs): 1.202
torch.Size([64, 2500])
Epoch [20/1000], Wasserstein(eigs,real_eigs): 241.426, Wasserstein(log_eigs,log_real_eigs): 1.048
torch.Size([64, 2500])
Epoch [21/1000], Wasserstein(eigs,real_eigs): 197.380, Wasserstein(log_eigs,log_real_eigs): 0.920
torch.Size([64, 2500])
Epoch [22/1000], Wasserstein(eigs,real_eigs): 204.401, Wasserstein(log_eigs,log_real_eigs): 0.807
torch.Size([64, 2500])
Epoch [23/1000], Wasserstein(eigs,real_eigs): 180.854, Wasserstein(log_eigs,log_real_eigs): 0.598
torch.Size([64, 2500])
Epoch [24/1000], Wasserstein(eigs,real_eigs): 117.675, Wasserstein(log_eigs,log_real_eigs): 0.686
torch.Size([64, 2500])
Epoch [25/1000], Wasserstein(eigs,real_eigs): 104.713, Wasserstein(log_eigs,log_real_eigs): 0.664
torch.Size([64, 2500])
Epoch [26/1000], Wasserstein(eigs,real_eigs): 139.660, Wasserstein(log_eigs,log_real_eigs): 0.444
torch.Size([64, 2500])
Epoch [27/1000], Wasserstein(eigs,real_eigs): 198.679, Wasserstein(log_eigs,log_real_eigs): 0.530
torch.Size([64, 2500])
Epoch [28/1000], Wasserstein(eigs,real_eigs): 273.592, Wasserstein(log_eigs,log_real_eigs): 0.464
torch.Size([64, 2500])
Epoch [29/1000], Wasserstein(eigs,real_eigs): 157.071, Wasserstein(log_eigs,log_real_eigs): 0.463
torch.Size([64, 2500])
Epoch [30/1000], Wasserstein(eigs,real_eigs): 390.133, Wasserstein(log_eigs,log_real_eigs): 0.491
torch.Size([64, 2500])
Epoch [31/1000], Wasserstein(eigs,real_eigs): 108.862, Wasserstein(log_eigs,log_real_eigs): 0.547
torch.Size([64, 2500])
Epoch [32/1000], Wasserstein(eigs,real_eigs): 205.866, Wasserstein(log_eigs,log_real_eigs): 0.549
torch.Size([64, 2500])
Epoch [33/1000], Wasserstein(eigs,real_eigs): 145.954, Wasserstein(log_eigs,log_real_eigs): 0.507
torch.Size([64, 2500])
Epoch [34/1000], Wasserstein(eigs,real_eigs): 167.723, Wasserstein(log_eigs,log_real_eigs): 0.477
torch.Size([64, 2500])
Epoch [35/1000], Wasserstein(eigs,real_eigs): 353.391, Wasserstein(log_eigs,log_real_eigs): 0.368
torch.Size([64, 2500])
Epoch [36/1000], Wasserstein(eigs,real_eigs): 171.989, Wasserstein(log_eigs,log_real_eigs): 0.506
torch.Size([64, 2500])
Epoch [37/1000], Wasserstein(eigs,real_eigs): 554.441, Wasserstein(log_eigs,log_real_eigs): 0.556
torch.Size([64, 2500])
Epoch [38/1000], Wasserstein(eigs,real_eigs): 346.637, Wasserstein(log_eigs,log_real_eigs): 0.451
torch.Size([64, 2500])
Epoch [39/1000], Wasserstein(eigs,real_eigs): 440.137, Wasserstein(log_eigs,log_real_eigs): 0.659
torch.Size([64, 2500])
Epoch [40/1000], Wasserstein(eigs,real_eigs): 241.117, Wasserstein(log_eigs,log_real_eigs): 0.470
torch.Size([64, 2500])
Epoch [41/1000], Wasserstein(eigs,real_eigs): 819.968, Wasserstein(log_eigs,log_real_eigs): 0.756
torch.Size([64, 2500])
Epoch [42/1000], Wasserstein(eigs,real_eigs): 230.302, Wasserstein(log_eigs,log_real_eigs): 0.544
torch.Size([64, 2500])
Epoch [43/1000], Wasserstein(eigs,real_eigs): 555.750, Wasserstein(log_eigs,log_real_eigs): 0.402
torch.Size([64, 2500])
Epoch [44/1000], Wasserstein(eigs,real_eigs): 267.916, Wasserstein(log_eigs,log_real_eigs): 0.478
torch.Size([64, 2500])
Epoch [45/1000], Wasserstein(eigs,real_eigs): 275.358, Wasserstein(log_eigs,log_real_eigs): 0.345
torch.Size([64, 2500])
Epoch [46/1000], Wasserstein(eigs,real_eigs): 143.234, Wasserstein(log_eigs,log_real_eigs): 0.402
torch.Size([64, 2500])
Epoch [47/1000], Wasserstein(eigs,real_eigs): 111.862, Wasserstein(log_eigs,log_real_eigs): 0.345
torch.Size([64, 2500])
Epoch [48/1000], Wasserstein(eigs,real_eigs): 458.511, Wasserstein(log_eigs,log_real_eigs): 0.304
torch.Size([64, 2500])
Epoch [49/1000], Wasserstein(eigs,real_eigs): 153.732, Wasserstein(log_eigs,log_real_eigs): 0.344
torch.Size([64, 2500])
Epoch [50/1000], Wasserstein(eigs,real_eigs): 200.872, Wasserstein(log_eigs,log_real_eigs): 1.391
torch.Size([64, 2500])
Epoch [51/1000], Wasserstein(eigs,real_eigs): 159.639, Wasserstein(log_eigs,log_real_eigs): 1.278
torch.Size([64, 2500])
Epoch [52/1000], Wasserstein(eigs,real_eigs): 159.796, Wasserstein(log_eigs,log_real_eigs): 0.804
torch.Size([64, 2500])
Epoch [53/1000], Wasserstein(eigs,real_eigs): 98.057, Wasserstein(log_eigs,log_real_eigs): 0.449
torch.Size([64, 2500])
Epoch [54/1000], Wasserstein(eigs,real_eigs): 103.235, Wasserstein(log_eigs,log_real_eigs): 0.306
torch.Size([64, 2500])
Epoch [55/1000], Wasserstein(eigs,real_eigs): 139.340, Wasserstein(log_eigs,log_real_eigs): 0.491
torch.Size([64, 2500])
Epoch [56/1000], Wasserstein(eigs,real_eigs): 84.487, Wasserstein(log_eigs,log_real_eigs): 0.389
torch.Size([64, 2500])
Epoch [57/1000], Wasserstein(eigs,real_eigs): 45.006, Wasserstein(log_eigs,log_real_eigs): 0.354
torch.Size([64, 2500])
Epoch [58/1000], Wasserstein(eigs,real_eigs): 78.507, Wasserstein(log_eigs,log_real_eigs): 0.518
torch.Size([64, 2500])
Epoch [59/1000], Wasserstein(eigs,real_eigs): 69.481, Wasserstein(log_eigs,log_real_eigs): 0.334
torch.Size([64, 2500])
Epoch [60/1000], Wasserstein(eigs,real_eigs): 97.231, Wasserstein(log_eigs,log_real_eigs): 0.367
torch.Size([64, 2500])
Epoch [61/1000], Wasserstein(eigs,real_eigs): 27.148, Wasserstein(log_eigs,log_real_eigs): 0.342
torch.Size([64, 2500])
Epoch [62/1000], Wasserstein(eigs,real_eigs): 118.857, Wasserstein(log_eigs,log_real_eigs): 0.371
torch.Size([64, 2500])
Epoch [63/1000], Wasserstein(eigs,real_eigs): 335.059, Wasserstein(log_eigs,log_real_eigs): 0.361
torch.Size([64, 2500])
Epoch [64/1000], Wasserstein(eigs,real_eigs): 160.565, Wasserstein(log_eigs,log_real_eigs): 0.375
torch.Size([64, 2500])
Epoch [65/1000], Wasserstein(eigs,real_eigs): 59.130, Wasserstein(log_eigs,log_real_eigs): 0.375
torch.Size([64, 2500])
Epoch [66/1000], Wasserstein(eigs,real_eigs): 34.923, Wasserstein(log_eigs,log_real_eigs): 0.353
torch.Size([64, 2500])
Epoch [67/1000], Wasserstein(eigs,real_eigs): 17.506, Wasserstein(log_eigs,log_real_eigs): 0.346
torch.Size([64, 2500])
Epoch [68/1000], Wasserstein(eigs,real_eigs): 181.890, Wasserstein(log_eigs,log_real_eigs): 0.350
torch.Size([64, 2500])
Epoch [69/1000], Wasserstein(eigs,real_eigs): 98.741, Wasserstein(log_eigs,log_real_eigs): 0.389
torch.Size([64, 2500])
Epoch [70/1000], Wasserstein(eigs,real_eigs): 129.908, Wasserstein(log_eigs,log_real_eigs): 0.299
torch.Size([64, 2500])
Epoch [71/1000], Wasserstein(eigs,real_eigs): 69.532, Wasserstein(log_eigs,log_real_eigs): 0.353
torch.Size([64, 2500])
Epoch [72/1000], Wasserstein(eigs,real_eigs): 181.153, Wasserstein(log_eigs,log_real_eigs): 0.864
torch.Size([64, 2500])
Epoch [73/1000], Wasserstein(eigs,real_eigs): 229.295, Wasserstein(log_eigs,log_real_eigs): 0.364
torch.Size([64, 2500])
Epoch [74/1000], Wasserstein(eigs,real_eigs): 186.099, Wasserstein(log_eigs,log_real_eigs): 0.367
torch.Size([64, 2500])
Epoch [75/1000], Wasserstein(eigs,real_eigs): 161.921, Wasserstein(log_eigs,log_real_eigs): 0.411
torch.Size([64, 2500])
Epoch [76/1000], Wasserstein(eigs,real_eigs): 30.743, Wasserstein(log_eigs,log_real_eigs): 0.403
torch.Size([64, 2500])
Epoch [77/1000], Wasserstein(eigs,real_eigs): 636.162, Wasserstein(log_eigs,log_real_eigs): 1.127
torch.Size([64, 2500])
Epoch [78/1000], Wasserstein(eigs,real_eigs): 482.796, Wasserstein(log_eigs,log_real_eigs): 0.918
torch.Size([64, 2500])
Epoch [79/1000], Wasserstein(eigs,real_eigs): 697.797, Wasserstein(log_eigs,log_real_eigs): 0.710
torch.Size([64, 2500])
Epoch [80/1000], Wasserstein(eigs,real_eigs): 245.688, Wasserstein(log_eigs,log_real_eigs): 0.657
torch.Size([64, 2500])
Epoch [81/1000], Wasserstein(eigs,real_eigs): 354.416, Wasserstein(log_eigs,log_real_eigs): 0.563
torch.Size([64, 2500])
Epoch [82/1000], Wasserstein(eigs,real_eigs): 442.935, Wasserstein(log_eigs,log_real_eigs): 0.547
torch.Size([64, 2500])
Epoch [83/1000], Wasserstein(eigs,real_eigs): 321.557, Wasserstein(log_eigs,log_real_eigs): 0.422
torch.Size([64, 2500])
Epoch [84/1000], Wasserstein(eigs,real_eigs): 303.457, Wasserstein(log_eigs,log_real_eigs): 0.391
torch.Size([64, 2500])
Epoch [85/1000], Wasserstein(eigs,real_eigs): 281.970, Wasserstein(log_eigs,log_real_eigs): 0.364
torch.Size([64, 2500])
Epoch [86/1000], Wasserstein(eigs,real_eigs): 213.149, Wasserstein(log_eigs,log_real_eigs): 0.391
torch.Size([64, 2500])
Epoch [87/1000], Wasserstein(eigs,real_eigs): 143.978, Wasserstein(log_eigs,log_real_eigs): 0.407
torch.Size([64, 2500])
Epoch [88/1000], Wasserstein(eigs,real_eigs): 53.003, Wasserstein(log_eigs,log_real_eigs): 0.353
torch.Size([64, 2500])
Epoch [89/1000], Wasserstein(eigs,real_eigs): 339.692, Wasserstein(log_eigs,log_real_eigs): 0.408
torch.Size([64, 2500])
Epoch [90/1000], Wasserstein(eigs,real_eigs): 104.124, Wasserstein(log_eigs,log_real_eigs): 0.386
torch.Size([64, 2500])
Epoch [91/1000], Wasserstein(eigs,real_eigs): 33.760, Wasserstein(log_eigs,log_real_eigs): 0.395
torch.Size([64, 2500])
Epoch [92/1000], Wasserstein(eigs,real_eigs): 69.968, Wasserstein(log_eigs,log_real_eigs): 0.440
torch.Size([64, 2500])
Epoch [93/1000], Wasserstein(eigs,real_eigs): 62.733, Wasserstein(log_eigs,log_real_eigs): 0.484
torch.Size([64, 2500])
Epoch [94/1000], Wasserstein(eigs,real_eigs): 37.134, Wasserstein(log_eigs,log_real_eigs): 0.514
torch.Size([64, 2500])
Epoch [95/1000], Wasserstein(eigs,real_eigs): 661.888, Wasserstein(log_eigs,log_real_eigs): 0.351
torch.Size([64, 2500])
Epoch [96/1000], Wasserstein(eigs,real_eigs): 539.100, Wasserstein(log_eigs,log_real_eigs): 0.356
torch.Size([64, 2500])
Epoch [97/1000], Wasserstein(eigs,real_eigs): 249.640, Wasserstein(log_eigs,log_real_eigs): 0.319
torch.Size([64, 2500])
Epoch [98/1000], Wasserstein(eigs,real_eigs): 376.179, Wasserstein(log_eigs,log_real_eigs): 0.320
torch.Size([64, 2500])
Epoch [99/1000], Wasserstein(eigs,real_eigs): 484.010, Wasserstein(log_eigs,log_real_eigs): 0.349
torch.Size([64, 2500])
Epoch [100/1000], Wasserstein(eigs,real_eigs): 326.401, Wasserstein(log_eigs,log_real_eigs): 0.353
torch.Size([64, 2500])
Epoch [101/1000], Wasserstein(eigs,real_eigs): 98.597, Wasserstein(log_eigs,log_real_eigs): 0.356
torch.Size([64, 2500])
Epoch [102/1000], Wasserstein(eigs,real_eigs): 112.373, Wasserstein(log_eigs,log_real_eigs): 0.432
torch.Size([64, 2500])
Epoch [103/1000], Wasserstein(eigs,real_eigs): 333.377, Wasserstein(log_eigs,log_real_eigs): 0.449
torch.Size([64, 2500])
Epoch [104/1000], Wasserstein(eigs,real_eigs): 23.259, Wasserstein(log_eigs,log_real_eigs): 0.347
torch.Size([64, 2500])
Epoch [105/1000], Wasserstein(eigs,real_eigs): 268.938, Wasserstein(log_eigs,log_real_eigs): 0.414
torch.Size([64, 2500])
Epoch [106/1000], Wasserstein(eigs,real_eigs): 179.421, Wasserstein(log_eigs,log_real_eigs): 0.463
torch.Size([64, 2500])
Epoch [107/1000], Wasserstein(eigs,real_eigs): 31.848, Wasserstein(log_eigs,log_real_eigs): 0.414
torch.Size([64, 2500])
Epoch [108/1000], Wasserstein(eigs,real_eigs): 413.809, Wasserstein(log_eigs,log_real_eigs): 0.325
torch.Size([64, 2500])
Epoch [109/1000], Wasserstein(eigs,real_eigs): 219.354, Wasserstein(log_eigs,log_real_eigs): 0.438
torch.Size([64, 2500])
Epoch [110/1000], Wasserstein(eigs,real_eigs): 274.065, Wasserstein(log_eigs,log_real_eigs): 0.467
torch.Size([64, 2500])
Epoch [111/1000], Wasserstein(eigs,real_eigs): 98.192, Wasserstein(log_eigs,log_real_eigs): 0.502
torch.Size([64, 2500])
Epoch [112/1000], Wasserstein(eigs,real_eigs): 716.458, Wasserstein(log_eigs,log_real_eigs): 0.468
torch.Size([64, 2500])
Epoch [113/1000], Wasserstein(eigs,real_eigs): 263.171, Wasserstein(log_eigs,log_real_eigs): 0.584
torch.Size([64, 2500])
Epoch [114/1000], Wasserstein(eigs,real_eigs): 86.337, Wasserstein(log_eigs,log_real_eigs): 0.567
torch.Size([64, 2500])
Epoch [115/1000], Wasserstein(eigs,real_eigs): 241.667, Wasserstein(log_eigs,log_real_eigs): 0.517
torch.Size([64, 2500])
Epoch [116/1000], Wasserstein(eigs,real_eigs): 235.214, Wasserstein(log_eigs,log_real_eigs): 0.461
torch.Size([64, 2500])
Epoch [117/1000], Wasserstein(eigs,real_eigs): 951.410, Wasserstein(log_eigs,log_real_eigs): 0.430
torch.Size([64, 2500])
Epoch [118/1000], Wasserstein(eigs,real_eigs): 1358.893, Wasserstein(log_eigs,log_real_eigs): 0.374
torch.Size([64, 2500])
Epoch [119/1000], Wasserstein(eigs,real_eigs): 1281.698, Wasserstein(log_eigs,log_real_eigs): 0.418
torch.Size([64, 2500])
Epoch [120/1000], Wasserstein(eigs,real_eigs): 723.402, Wasserstein(log_eigs,log_real_eigs): 0.338
torch.Size([64, 2500])
Epoch [121/1000], Wasserstein(eigs,real_eigs): 113.665, Wasserstein(log_eigs,log_real_eigs): 0.303
torch.Size([64, 2500])
Epoch [122/1000], Wasserstein(eigs,real_eigs): 742.930, Wasserstein(log_eigs,log_real_eigs): 0.460
torch.Size([64, 2500])
Epoch [123/1000], Wasserstein(eigs,real_eigs): 536.618, Wasserstein(log_eigs,log_real_eigs): 0.363
torch.Size([64, 2500])
Epoch [124/1000], Wasserstein(eigs,real_eigs): 695.159, Wasserstein(log_eigs,log_real_eigs): 0.429
torch.Size([64, 2500])
Epoch [125/1000], Wasserstein(eigs,real_eigs): 250.929, Wasserstein(log_eigs,log_real_eigs): 0.459
torch.Size([64, 2500])
Epoch [126/1000], Wasserstein(eigs,real_eigs): 353.789, Wasserstein(log_eigs,log_real_eigs): 0.334
torch.Size([64, 2500])
Epoch [127/1000], Wasserstein(eigs,real_eigs): 362.653, Wasserstein(log_eigs,log_real_eigs): 0.401
torch.Size([64, 2500])
Epoch [128/1000], Wasserstein(eigs,real_eigs): 228.300, Wasserstein(log_eigs,log_real_eigs): 0.329
torch.Size([64, 2500])
Epoch [129/1000], Wasserstein(eigs,real_eigs): 112.433, Wasserstein(log_eigs,log_real_eigs): 0.459
torch.Size([64, 2500])
Epoch [130/1000], Wasserstein(eigs,real_eigs): 989.160, Wasserstein(log_eigs,log_real_eigs): 0.440
torch.Size([64, 2500])
Epoch [131/1000], Wasserstein(eigs,real_eigs): 1037.206, Wasserstein(log_eigs,log_real_eigs): 0.402
torch.Size([64, 2500])
Epoch [132/1000], Wasserstein(eigs,real_eigs): 404.056, Wasserstein(log_eigs,log_real_eigs): 0.374
torch.Size([64, 2500])
Epoch [133/1000], Wasserstein(eigs,real_eigs): 767.630, Wasserstein(log_eigs,log_real_eigs): 0.350
torch.Size([64, 2500])
Epoch [134/1000], Wasserstein(eigs,real_eigs): 827.477, Wasserstein(log_eigs,log_real_eigs): 0.384
torch.Size([64, 2500])
Epoch [135/1000], Wasserstein(eigs,real_eigs): 425.043, Wasserstein(log_eigs,log_real_eigs): 0.327
torch.Size([64, 2500])
Epoch [136/1000], Wasserstein(eigs,real_eigs): 325.285, Wasserstein(log_eigs,log_real_eigs): 0.388
torch.Size([64, 2500])
Epoch [137/1000], Wasserstein(eigs,real_eigs): 287.580, Wasserstein(log_eigs,log_real_eigs): 0.321
torch.Size([64, 2500])
Epoch [138/1000], Wasserstein(eigs,real_eigs): 149.724, Wasserstein(log_eigs,log_real_eigs): 0.310
torch.Size([64, 2500])
Epoch [139/1000], Wasserstein(eigs,real_eigs): 440.598, Wasserstein(log_eigs,log_real_eigs): 0.409
torch.Size([64, 2500])
Epoch [140/1000], Wasserstein(eigs,real_eigs): 948.060, Wasserstein(log_eigs,log_real_eigs): 0.374
torch.Size([64, 2500])
Epoch [141/1000], Wasserstein(eigs,real_eigs): 405.026, Wasserstein(log_eigs,log_real_eigs): 0.417
torch.Size([64, 2500])
Epoch [142/1000], Wasserstein(eigs,real_eigs): 347.999, Wasserstein(log_eigs,log_real_eigs): 0.518
torch.Size([64, 2500])
Epoch [143/1000], Wasserstein(eigs,real_eigs): 669.654, Wasserstein(log_eigs,log_real_eigs): 0.483
torch.Size([64, 2500])
Epoch [144/1000], Wasserstein(eigs,real_eigs): 168.686, Wasserstein(log_eigs,log_real_eigs): 0.443
torch.Size([64, 2500])
Epoch [145/1000], Wasserstein(eigs,real_eigs): 732.652, Wasserstein(log_eigs,log_real_eigs): 0.370
torch.Size([64, 2500])
Epoch [146/1000], Wasserstein(eigs,real_eigs): 1574.781, Wasserstein(log_eigs,log_real_eigs): 0.424
torch.Size([64, 2500])
Epoch [147/1000], Wasserstein(eigs,real_eigs): 1062.913, Wasserstein(log_eigs,log_real_eigs): 0.439
torch.Size([64, 2500])
Epoch [148/1000], Wasserstein(eigs,real_eigs): 216.081, Wasserstein(log_eigs,log_real_eigs): 0.392
torch.Size([64, 2500])
Epoch [149/1000], Wasserstein(eigs,real_eigs): 863.751, Wasserstein(log_eigs,log_real_eigs): 0.443
torch.Size([64, 2500])
Epoch [150/1000], Wasserstein(eigs,real_eigs): 913.420, Wasserstein(log_eigs,log_real_eigs): 0.526
torch.Size([64, 2500])
Epoch [151/1000], Wasserstein(eigs,real_eigs): 47.627, Wasserstein(log_eigs,log_real_eigs): 0.443
torch.Size([64, 2500])
Epoch [152/1000], Wasserstein(eigs,real_eigs): 451.710, Wasserstein(log_eigs,log_real_eigs): 0.581
torch.Size([64, 2500])
Epoch [153/1000], Wasserstein(eigs,real_eigs): 1119.945, Wasserstein(log_eigs,log_real_eigs): 0.379
torch.Size([64, 2500])
Epoch [154/1000], Wasserstein(eigs,real_eigs): 845.817, Wasserstein(log_eigs,log_real_eigs): 0.370
torch.Size([64, 2500])
Epoch [155/1000], Wasserstein(eigs,real_eigs): 1320.652, Wasserstein(log_eigs,log_real_eigs): 0.407
torch.Size([64, 2500])
Epoch [156/1000], Wasserstein(eigs,real_eigs): 409.646, Wasserstein(log_eigs,log_real_eigs): 0.332
torch.Size([64, 2500])
Epoch [157/1000], Wasserstein(eigs,real_eigs): 426.325, Wasserstein(log_eigs,log_real_eigs): 0.348
torch.Size([64, 2500])
Epoch [158/1000], Wasserstein(eigs,real_eigs): 684.379, Wasserstein(log_eigs,log_real_eigs): 0.457
torch.Size([64, 2500])
Epoch [159/1000], Wasserstein(eigs,real_eigs): 1182.766, Wasserstein(log_eigs,log_real_eigs): 0.336
torch.Size([64, 2500])
Epoch [160/1000], Wasserstein(eigs,real_eigs): 961.685, Wasserstein(log_eigs,log_real_eigs): 0.414
torch.Size([64, 2500])
Epoch [161/1000], Wasserstein(eigs,real_eigs): 246.896, Wasserstein(log_eigs,log_real_eigs): 0.386
torch.Size([64, 2500])
Epoch [162/1000], Wasserstein(eigs,real_eigs): 89.934, Wasserstein(log_eigs,log_real_eigs): 0.418
torch.Size([64, 2500])
Epoch [163/1000], Wasserstein(eigs,real_eigs): 190.675, Wasserstein(log_eigs,log_real_eigs): 0.521
torch.Size([64, 2500])
Epoch [164/1000], Wasserstein(eigs,real_eigs): 55.447, Wasserstein(log_eigs,log_real_eigs): 0.516
torch.Size([64, 2500])
Epoch [165/1000], Wasserstein(eigs,real_eigs): 5.633, Wasserstein(log_eigs,log_real_eigs): 0.547
torch.Size([64, 2500])
Epoch [166/1000], Wasserstein(eigs,real_eigs): 1493.123, Wasserstein(log_eigs,log_real_eigs): 0.646
torch.Size([64, 2500])
Epoch [167/1000], Wasserstein(eigs,real_eigs): 2865.526, Wasserstein(log_eigs,log_real_eigs): 0.377
torch.Size([64, 2500])
Epoch [168/1000], Wasserstein(eigs,real_eigs): 1488.650, Wasserstein(log_eigs,log_real_eigs): 0.362
torch.Size([64, 2500])
Epoch [169/1000], Wasserstein(eigs,real_eigs): 2072.260, Wasserstein(log_eigs,log_real_eigs): 0.315
torch.Size([64, 2500])
Epoch [170/1000], Wasserstein(eigs,real_eigs): 1274.203, Wasserstein(log_eigs,log_real_eigs): 0.384
torch.Size([64, 2500])
Epoch [171/1000], Wasserstein(eigs,real_eigs): 604.617, Wasserstein(log_eigs,log_real_eigs): 0.357
torch.Size([64, 2500])
Epoch [172/1000], Wasserstein(eigs,real_eigs): 916.910, Wasserstein(log_eigs,log_real_eigs): 0.343
torch.Size([64, 2500])
Epoch [173/1000], Wasserstein(eigs,real_eigs): 1302.911, Wasserstein(log_eigs,log_real_eigs): 0.393
torch.Size([64, 2500])
Epoch [174/1000], Wasserstein(eigs,real_eigs): 828.456, Wasserstein(log_eigs,log_real_eigs): 0.419
torch.Size([64, 2500])
Epoch [175/1000], Wasserstein(eigs,real_eigs): 511.100, Wasserstein(log_eigs,log_real_eigs): 0.454
torch.Size([64, 2500])
Epoch [176/1000], Wasserstein(eigs,real_eigs): 644.380, Wasserstein(log_eigs,log_real_eigs): 0.339
torch.Size([64, 2500])
Epoch [177/1000], Wasserstein(eigs,real_eigs): 2437.846, Wasserstein(log_eigs,log_real_eigs): 0.396
torch.Size([64, 2500])
Epoch [178/1000], Wasserstein(eigs,real_eigs): 2478.334, Wasserstein(log_eigs,log_real_eigs): 0.366
torch.Size([64, 2500])
Epoch [179/1000], Wasserstein(eigs,real_eigs): 561.635, Wasserstein(log_eigs,log_real_eigs): 0.373
torch.Size([64, 2500])
Epoch [180/1000], Wasserstein(eigs,real_eigs): 1673.839, Wasserstein(log_eigs,log_real_eigs): 0.411
torch.Size([64, 2500])
Epoch [181/1000], Wasserstein(eigs,real_eigs): 1826.630, Wasserstein(log_eigs,log_real_eigs): 0.437
torch.Size([64, 2500])
Epoch [182/1000], Wasserstein(eigs,real_eigs): 484.359, Wasserstein(log_eigs,log_real_eigs): 0.425
torch.Size([64, 2500])
Epoch [183/1000], Wasserstein(eigs,real_eigs): 2002.144, Wasserstein(log_eigs,log_real_eigs): 0.473
torch.Size([64, 2500])
Epoch [184/1000], Wasserstein(eigs,real_eigs): 2137.119, Wasserstein(log_eigs,log_real_eigs): 0.532
torch.Size([64, 2500])
Epoch [185/1000], Wasserstein(eigs,real_eigs): 274.097, Wasserstein(log_eigs,log_real_eigs): 0.465
torch.Size([64, 2500])
Epoch [186/1000], Wasserstein(eigs,real_eigs): 2206.811, Wasserstein(log_eigs,log_real_eigs): 0.599
torch.Size([64, 2500])
Epoch [187/1000], Wasserstein(eigs,real_eigs): 1097.695, Wasserstein(log_eigs,log_real_eigs): 0.582
torch.Size([64, 2500])
Epoch [188/1000], Wasserstein(eigs,real_eigs): 5.266, Wasserstein(log_eigs,log_real_eigs): 0.455
torch.Size([64, 2500])
Epoch [189/1000], Wasserstein(eigs,real_eigs): 3.360, Wasserstein(log_eigs,log_real_eigs): 0.472
torch.Size([64, 2500])
Epoch [190/1000], Wasserstein(eigs,real_eigs): 20.756, Wasserstein(log_eigs,log_real_eigs): 0.515
torch.Size([64, 2500])
Epoch [191/1000], Wasserstein(eigs,real_eigs): 1633.405, Wasserstein(log_eigs,log_real_eigs): 0.457
torch.Size([64, 2500])
Epoch [192/1000], Wasserstein(eigs,real_eigs): 999.054, Wasserstein(log_eigs,log_real_eigs): 0.385
torch.Size([64, 2500])
Epoch [193/1000], Wasserstein(eigs,real_eigs): 1730.454, Wasserstein(log_eigs,log_real_eigs): 0.389
torch.Size([64, 2500])
Epoch [194/1000], Wasserstein(eigs,real_eigs): 1540.779, Wasserstein(log_eigs,log_real_eigs): 0.397
torch.Size([64, 2500])
Epoch [195/1000], Wasserstein(eigs,real_eigs): 606.653, Wasserstein(log_eigs,log_real_eigs): 0.384
torch.Size([64, 2500])
Epoch [196/1000], Wasserstein(eigs,real_eigs): 635.249, Wasserstein(log_eigs,log_real_eigs): 0.333
torch.Size([64, 2500])
Epoch [197/1000], Wasserstein(eigs,real_eigs): 270.033, Wasserstein(log_eigs,log_real_eigs): 0.360
torch.Size([64, 2500])
Epoch [198/1000], Wasserstein(eigs,real_eigs): 2093.682, Wasserstein(log_eigs,log_real_eigs): 0.423
torch.Size([64, 2500])
Epoch [199/1000], Wasserstein(eigs,real_eigs): 378.293, Wasserstein(log_eigs,log_real_eigs): 0.471
torch.Size([64, 2500])
Epoch [200/1000], Wasserstein(eigs,real_eigs): 670.271, Wasserstein(log_eigs,log_real_eigs): 0.556
torch.Size([64, 2500])
Epoch [201/1000], Wasserstein(eigs,real_eigs): 311.453, Wasserstein(log_eigs,log_real_eigs): 0.528
torch.Size([64, 2500])
Epoch [202/1000], Wasserstein(eigs,real_eigs): 234.545, Wasserstein(log_eigs,log_real_eigs): 0.561
torch.Size([64, 2500])
Epoch [203/1000], Wasserstein(eigs,real_eigs): 1845.888, Wasserstein(log_eigs,log_real_eigs): 0.667
torch.Size([64, 2500])
Epoch [204/1000], Wasserstein(eigs,real_eigs): 6.651, Wasserstein(log_eigs,log_real_eigs): 0.625
torch.Size([64, 2500])
Epoch [205/1000], Wasserstein(eigs,real_eigs): 40.801, Wasserstein(log_eigs,log_real_eigs): 0.636
torch.Size([64, 2500])
Epoch [206/1000], Wasserstein(eigs,real_eigs): 1892.837, Wasserstein(log_eigs,log_real_eigs): 0.356
torch.Size([64, 2500])
Epoch [207/1000], Wasserstein(eigs,real_eigs): 1941.596, Wasserstein(log_eigs,log_real_eigs): 0.347
torch.Size([64, 2500])
Epoch [208/1000], Wasserstein(eigs,real_eigs): 1814.064, Wasserstein(log_eigs,log_real_eigs): 0.314
torch.Size([64, 2500])
Epoch [209/1000], Wasserstein(eigs,real_eigs): 1615.900, Wasserstein(log_eigs,log_real_eigs): 0.427
torch.Size([64, 2500])
Epoch [210/1000], Wasserstein(eigs,real_eigs): 902.687, Wasserstein(log_eigs,log_real_eigs): 0.417
torch.Size([64, 2500])
Epoch [211/1000], Wasserstein(eigs,real_eigs): 1861.236, Wasserstein(log_eigs,log_real_eigs): 0.459
torch.Size([64, 2500])
Epoch [212/1000], Wasserstein(eigs,real_eigs): 1202.398, Wasserstein(log_eigs,log_real_eigs): 0.540
torch.Size([64, 2500])
Epoch [213/1000], Wasserstein(eigs,real_eigs): 1424.702, Wasserstein(log_eigs,log_real_eigs): 0.570
torch.Size([64, 2500])
Epoch [214/1000], Wasserstein(eigs,real_eigs): 5.540, Wasserstein(log_eigs,log_real_eigs): 0.555
torch.Size([64, 2500])
Epoch [215/1000], Wasserstein(eigs,real_eigs): 274.677, Wasserstein(log_eigs,log_real_eigs): 0.505
torch.Size([64, 2500])
Epoch [216/1000], Wasserstein(eigs,real_eigs): 286.731, Wasserstein(log_eigs,log_real_eigs): 0.678
torch.Size([64, 2500])
Epoch [217/1000], Wasserstein(eigs,real_eigs): 250.127, Wasserstein(log_eigs,log_real_eigs): 0.729
torch.Size([64, 2500])
Epoch [218/1000], Wasserstein(eigs,real_eigs): 646.056, Wasserstein(log_eigs,log_real_eigs): 0.781
torch.Size([64, 2500])
Epoch [219/1000], Wasserstein(eigs,real_eigs): 288.984, Wasserstein(log_eigs,log_real_eigs): 0.505
torch.Size([64, 2500])
Epoch [220/1000], Wasserstein(eigs,real_eigs): 282.208, Wasserstein(log_eigs,log_real_eigs): 0.676
torch.Size([64, 2500])
Epoch [221/1000], Wasserstein(eigs,real_eigs): 1321.722, Wasserstein(log_eigs,log_real_eigs): 0.723
torch.Size([64, 2500])
Epoch [222/1000], Wasserstein(eigs,real_eigs): 879.517, Wasserstein(log_eigs,log_real_eigs): 0.790
torch.Size([64, 2500])
Epoch [223/1000], Wasserstein(eigs,real_eigs): 775.075, Wasserstein(log_eigs,log_real_eigs): 0.838
torch.Size([64, 2500])
Epoch [224/1000], Wasserstein(eigs,real_eigs): 194.574, Wasserstein(log_eigs,log_real_eigs): 0.791
torch.Size([64, 2500])
Epoch [225/1000], Wasserstein(eigs,real_eigs): 180.035, Wasserstein(log_eigs,log_real_eigs): 0.843
torch.Size([64, 2500])
Epoch [226/1000], Wasserstein(eigs,real_eigs): 207.838, Wasserstein(log_eigs,log_real_eigs): 0.706
torch.Size([64, 2500])
Epoch [227/1000], Wasserstein(eigs,real_eigs): 516.016, Wasserstein(log_eigs,log_real_eigs): 0.810
torch.Size([64, 2500])
Epoch [228/1000], Wasserstein(eigs,real_eigs): 3893.640, Wasserstein(log_eigs,log_real_eigs): 0.369
torch.Size([64, 2500])
Epoch [229/1000], Wasserstein(eigs,real_eigs): 4457.718, Wasserstein(log_eigs,log_real_eigs): 0.350
torch.Size([64, 2500])
Epoch [230/1000], Wasserstein(eigs,real_eigs): 2655.326, Wasserstein(log_eigs,log_real_eigs): 0.344
torch.Size([64, 2500])
Epoch [231/1000], Wasserstein(eigs,real_eigs): 3477.174, Wasserstein(log_eigs,log_real_eigs): 0.364
torch.Size([64, 2500])
Epoch [232/1000], Wasserstein(eigs,real_eigs): 3673.587, Wasserstein(log_eigs,log_real_eigs): 0.402
torch.Size([64, 2500])
Epoch [233/1000], Wasserstein(eigs,real_eigs): 277.967, Wasserstein(log_eigs,log_real_eigs): 0.274
torch.Size([64, 2500])
Epoch [234/1000], Wasserstein(eigs,real_eigs): 2023.816, Wasserstein(log_eigs,log_real_eigs): 0.376
torch.Size([64, 2500])
Epoch [235/1000], Wasserstein(eigs,real_eigs): 4204.124, Wasserstein(log_eigs,log_real_eigs): 0.450
torch.Size([64, 2500])
Epoch [236/1000], Wasserstein(eigs,real_eigs): 3869.275, Wasserstein(log_eigs,log_real_eigs): 0.411
torch.Size([64, 2500])
Epoch [237/1000], Wasserstein(eigs,real_eigs): 3430.306, Wasserstein(log_eigs,log_real_eigs): 0.470
torch.Size([64, 2500])
Epoch [238/1000], Wasserstein(eigs,real_eigs): 1013.943, Wasserstein(log_eigs,log_real_eigs): 0.422
torch.Size([64, 2500])
Epoch [239/1000], Wasserstein(eigs,real_eigs): 1107.208, Wasserstein(log_eigs,log_real_eigs): 0.465
torch.Size([64, 2500])
Epoch [240/1000], Wasserstein(eigs,real_eigs): 3601.255, Wasserstein(log_eigs,log_real_eigs): 0.464
torch.Size([64, 2500])
Epoch [241/1000], Wasserstein(eigs,real_eigs): 1666.409, Wasserstein(log_eigs,log_real_eigs): 0.493
torch.Size([64, 2500])
Epoch [242/1000], Wasserstein(eigs,real_eigs): 3776.473, Wasserstein(log_eigs,log_real_eigs): 0.443
torch.Size([64, 2500])
Epoch [243/1000], Wasserstein(eigs,real_eigs): 2857.128, Wasserstein(log_eigs,log_real_eigs): 0.496
torch.Size([64, 2500])
Epoch [244/1000], Wasserstein(eigs,real_eigs): 3421.512, Wasserstein(log_eigs,log_real_eigs): 0.528
torch.Size([64, 2500])
Epoch [245/1000], Wasserstein(eigs,real_eigs): 2384.548, Wasserstein(log_eigs,log_real_eigs): 0.536
torch.Size([64, 2500])
Epoch [246/1000], Wasserstein(eigs,real_eigs): 3894.289, Wasserstein(log_eigs,log_real_eigs): 0.571
torch.Size([64, 2500])
Epoch [247/1000], Wasserstein(eigs,real_eigs): 776.840, Wasserstein(log_eigs,log_real_eigs): 0.570
torch.Size([64, 2500])
Epoch [248/1000], Wasserstein(eigs,real_eigs): 2491.239, Wasserstein(log_eigs,log_real_eigs): 0.459
torch.Size([64, 2500])
Epoch [249/1000], Wasserstein(eigs,real_eigs): 1222.467, Wasserstein(log_eigs,log_real_eigs): 0.581
torch.Size([64, 2500])
Epoch [250/1000], Wasserstein(eigs,real_eigs): 965.324, Wasserstein(log_eigs,log_real_eigs): 0.424
torch.Size([64, 2500])
Epoch [251/1000], Wasserstein(eigs,real_eigs): 3454.699, Wasserstein(log_eigs,log_real_eigs): 0.586
torch.Size([64, 2500])
Epoch [252/1000], Wasserstein(eigs,real_eigs): 2835.533, Wasserstein(log_eigs,log_real_eigs): 0.596
torch.Size([64, 2500])
Epoch [253/1000], Wasserstein(eigs,real_eigs): 2901.705, Wasserstein(log_eigs,log_real_eigs): 0.654
torch.Size([64, 2500])
Epoch [254/1000], Wasserstein(eigs,real_eigs): 753.891, Wasserstein(log_eigs,log_real_eigs): 0.618
torch.Size([64, 2500])
Epoch [255/1000], Wasserstein(eigs,real_eigs): 3481.394, Wasserstein(log_eigs,log_real_eigs): 0.735
torch.Size([64, 2500])
Epoch [256/1000], Wasserstein(eigs,real_eigs): 2389.379, Wasserstein(log_eigs,log_real_eigs): 0.750
torch.Size([64, 2500])
Epoch [257/1000], Wasserstein(eigs,real_eigs): 3422.605, Wasserstein(log_eigs,log_real_eigs): 0.751
torch.Size([64, 2500])
Epoch [258/1000], Wasserstein(eigs,real_eigs): 2249.047, Wasserstein(log_eigs,log_real_eigs): 0.821
torch.Size([64, 2500])
Epoch [259/1000], Wasserstein(eigs,real_eigs): 3319.344, Wasserstein(log_eigs,log_real_eigs): 0.435
torch.Size([64, 2500])
Epoch [260/1000], Wasserstein(eigs,real_eigs): 6918.354, Wasserstein(log_eigs,log_real_eigs): 0.387
torch.Size([64, 2500])
Epoch [261/1000], Wasserstein(eigs,real_eigs): 7825.517, Wasserstein(log_eigs,log_real_eigs): 0.294
torch.Size([64, 2500])
Epoch [262/1000], Wasserstein(eigs,real_eigs): 685.606, Wasserstein(log_eigs,log_real_eigs): 0.357
torch.Size([64, 2500])
Epoch [263/1000], Wasserstein(eigs,real_eigs): 1885.195, Wasserstein(log_eigs,log_real_eigs): 0.355
torch.Size([64, 2500])
Epoch [264/1000], Wasserstein(eigs,real_eigs): 941.492, Wasserstein(log_eigs,log_real_eigs): 0.305
torch.Size([64, 2500])
Epoch [265/1000], Wasserstein(eigs,real_eigs): 2047.620, Wasserstein(log_eigs,log_real_eigs): 0.330
torch.Size([64, 2500])
Epoch [266/1000], Wasserstein(eigs,real_eigs): 1017.092, Wasserstein(log_eigs,log_real_eigs): 0.343
torch.Size([64, 2500])
Epoch [267/1000], Wasserstein(eigs,real_eigs): 3496.655, Wasserstein(log_eigs,log_real_eigs): 0.362
torch.Size([64, 2500])
Epoch [268/1000], Wasserstein(eigs,real_eigs): 122.452, Wasserstein(log_eigs,log_real_eigs): 0.319
torch.Size([64, 2500])
Epoch [269/1000], Wasserstein(eigs,real_eigs): 987.392, Wasserstein(log_eigs,log_real_eigs): 0.384
torch.Size([64, 2500])
Epoch [270/1000], Wasserstein(eigs,real_eigs): 4252.301, Wasserstein(log_eigs,log_real_eigs): 0.437
torch.Size([64, 2500])
Epoch [271/1000], Wasserstein(eigs,real_eigs): 6402.306, Wasserstein(log_eigs,log_real_eigs): 0.464
torch.Size([64, 2500])
Epoch [272/1000], Wasserstein(eigs,real_eigs): 1076.249, Wasserstein(log_eigs,log_real_eigs): 0.349
torch.Size([64, 2500])
Epoch [273/1000], Wasserstein(eigs,real_eigs): 4844.908, Wasserstein(log_eigs,log_real_eigs): 0.406
torch.Size([64, 2500])
Epoch [274/1000], Wasserstein(eigs,real_eigs): 4165.318, Wasserstein(log_eigs,log_real_eigs): 0.371
torch.Size([64, 2500])
Epoch [275/1000], Wasserstein(eigs,real_eigs): 4733.731, Wasserstein(log_eigs,log_real_eigs): 0.418
torch.Size([64, 2500])
Epoch [276/1000], Wasserstein(eigs,real_eigs): 5409.339, Wasserstein(log_eigs,log_real_eigs): 0.383
torch.Size([64, 2500])
Epoch [277/1000], Wasserstein(eigs,real_eigs): 4795.063, Wasserstein(log_eigs,log_real_eigs): 0.389
torch.Size([64, 2500])
Epoch [278/1000], Wasserstein(eigs,real_eigs): 2130.663, Wasserstein(log_eigs,log_real_eigs): 0.384
torch.Size([64, 2500])
Epoch [279/1000], Wasserstein(eigs,real_eigs): 241.473, Wasserstein(log_eigs,log_real_eigs): 0.329
torch.Size([64, 2500])
Epoch [280/1000], Wasserstein(eigs,real_eigs): 2.673, Wasserstein(log_eigs,log_real_eigs): 0.315
torch.Size([64, 2500])
Epoch [281/1000], Wasserstein(eigs,real_eigs): 1463.172, Wasserstein(log_eigs,log_real_eigs): 0.397
torch.Size([64, 2500])
Epoch [282/1000], Wasserstein(eigs,real_eigs): 3856.177, Wasserstein(log_eigs,log_real_eigs): 0.415
torch.Size([64, 2500])
Epoch [283/1000], Wasserstein(eigs,real_eigs): 422.589, Wasserstein(log_eigs,log_real_eigs): 0.381
torch.Size([64, 2500])
Epoch [284/1000], Wasserstein(eigs,real_eigs): 556.158, Wasserstein(log_eigs,log_real_eigs): 0.400
torch.Size([64, 2500])
Epoch [285/1000], Wasserstein(eigs,real_eigs): 849.904, Wasserstein(log_eigs,log_real_eigs): 0.444
torch.Size([64, 2500])
Epoch [286/1000], Wasserstein(eigs,real_eigs): 2054.694, Wasserstein(log_eigs,log_real_eigs): 0.362
torch.Size([64, 2500])
Epoch [287/1000], Wasserstein(eigs,real_eigs): 3235.438, Wasserstein(log_eigs,log_real_eigs): 0.453
torch.Size([64, 2500])
Epoch [288/1000], Wasserstein(eigs,real_eigs): 4961.141, Wasserstein(log_eigs,log_real_eigs): 0.476
torch.Size([64, 2500])
Epoch [289/1000], Wasserstein(eigs,real_eigs): 5807.933, Wasserstein(log_eigs,log_real_eigs): 0.512
torch.Size([64, 2500])
Epoch [290/1000], Wasserstein(eigs,real_eigs): 5884.055, Wasserstein(log_eigs,log_real_eigs): 0.327
torch.Size([64, 2500])
Epoch [291/1000], Wasserstein(eigs,real_eigs): 7503.530, Wasserstein(log_eigs,log_real_eigs): 0.331
torch.Size([64, 2500])
Epoch [292/1000], Wasserstein(eigs,real_eigs): 5027.666, Wasserstein(log_eigs,log_real_eigs): 0.354
torch.Size([64, 2500])
Epoch [293/1000], Wasserstein(eigs,real_eigs): 5331.504, Wasserstein(log_eigs,log_real_eigs): 0.328
torch.Size([64, 2500])
Epoch [294/1000], Wasserstein(eigs,real_eigs): 260.949, Wasserstein(log_eigs,log_real_eigs): 0.284
torch.Size([64, 2500])
Epoch [295/1000], Wasserstein(eigs,real_eigs): 2515.514, Wasserstein(log_eigs,log_real_eigs): 0.309
torch.Size([64, 2500])
Epoch [296/1000], Wasserstein(eigs,real_eigs): 869.336, Wasserstein(log_eigs,log_real_eigs): 0.302
torch.Size([64, 2500])
Epoch [297/1000], Wasserstein(eigs,real_eigs): 109.426, Wasserstein(log_eigs,log_real_eigs): 0.258
torch.Size([64, 2500])
Epoch [298/1000], Wasserstein(eigs,real_eigs): 4791.932, Wasserstein(log_eigs,log_real_eigs): 0.331
torch.Size([64, 2500])
Epoch [299/1000], Wasserstein(eigs,real_eigs): 5007.494, Wasserstein(log_eigs,log_real_eigs): 0.421
torch.Size([64, 2500])
Epoch [300/1000], Wasserstein(eigs,real_eigs): 492.997, Wasserstein(log_eigs,log_real_eigs): 0.363
torch.Size([64, 2500])
Epoch [301/1000], Wasserstein(eigs,real_eigs): 824.118, Wasserstein(log_eigs,log_real_eigs): 0.418
torch.Size([64, 2500])
Epoch [302/1000], Wasserstein(eigs,real_eigs): 5.646, Wasserstein(log_eigs,log_real_eigs): 0.363
torch.Size([64, 2500])
Epoch [303/1000], Wasserstein(eigs,real_eigs): 747.083, Wasserstein(log_eigs,log_real_eigs): 0.565
torch.Size([64, 2500])
Epoch [304/1000], Wasserstein(eigs,real_eigs): 244.022, Wasserstein(log_eigs,log_real_eigs): 0.562
torch.Size([64, 2500])
Epoch [305/1000], Wasserstein(eigs,real_eigs): 6846.344, Wasserstein(log_eigs,log_real_eigs): 0.410
torch.Size([64, 2500])
Epoch [306/1000], Wasserstein(eigs,real_eigs): 3987.308, Wasserstein(log_eigs,log_real_eigs): 0.353
torch.Size([64, 2500])
Epoch [307/1000], Wasserstein(eigs,real_eigs): 7163.834, Wasserstein(log_eigs,log_real_eigs): 0.446
torch.Size([64, 2500])
Epoch [308/1000], Wasserstein(eigs,real_eigs): 3628.109, Wasserstein(log_eigs,log_real_eigs): 0.456
torch.Size([64, 2500])
Epoch [309/1000], Wasserstein(eigs,real_eigs): 757.822, Wasserstein(log_eigs,log_real_eigs): 0.422
torch.Size([64, 2500])
Epoch [310/1000], Wasserstein(eigs,real_eigs): 3814.480, Wasserstein(log_eigs,log_real_eigs): 0.536
torch.Size([64, 2500])
Epoch [311/1000], Wasserstein(eigs,real_eigs): 125.126, Wasserstein(log_eigs,log_real_eigs): 0.378
torch.Size([64, 2500])
Epoch [312/1000], Wasserstein(eigs,real_eigs): 6.150, Wasserstein(log_eigs,log_real_eigs): 0.383
torch.Size([64, 2500])
Epoch [313/1000], Wasserstein(eigs,real_eigs): 1404.574, Wasserstein(log_eigs,log_real_eigs): 0.613
torch.Size([64, 2500])
Epoch [314/1000], Wasserstein(eigs,real_eigs): 3073.454, Wasserstein(log_eigs,log_real_eigs): 0.397
torch.Size([64, 2500])
Epoch [315/1000], Wasserstein(eigs,real_eigs): 9327.459, Wasserstein(log_eigs,log_real_eigs): 0.386
torch.Size([64, 2500])
Epoch [316/1000], Wasserstein(eigs,real_eigs): 4279.874, Wasserstein(log_eigs,log_real_eigs): 0.408
torch.Size([64, 2500])
Epoch [317/1000], Wasserstein(eigs,real_eigs): 6916.161, Wasserstein(log_eigs,log_real_eigs): 0.342
torch.Size([64, 2500])
Epoch [318/1000], Wasserstein(eigs,real_eigs): 4978.541, Wasserstein(log_eigs,log_real_eigs): 0.363
torch.Size([64, 2500])
Epoch [319/1000], Wasserstein(eigs,real_eigs): 8831.175, Wasserstein(log_eigs,log_real_eigs): 0.355
torch.Size([64, 2500])
Epoch [320/1000], Wasserstein(eigs,real_eigs): 4337.616, Wasserstein(log_eigs,log_real_eigs): 0.328
torch.Size([64, 2500])
Epoch [321/1000], Wasserstein(eigs,real_eigs): 2553.123, Wasserstein(log_eigs,log_real_eigs): 0.358
torch.Size([64, 2500])
Epoch [322/1000], Wasserstein(eigs,real_eigs): 7801.833, Wasserstein(log_eigs,log_real_eigs): 0.326
torch.Size([64, 2500])
Epoch [323/1000], Wasserstein(eigs,real_eigs): 6123.553, Wasserstein(log_eigs,log_real_eigs): 0.353
torch.Size([64, 2500])
Epoch [324/1000], Wasserstein(eigs,real_eigs): 199.020, Wasserstein(log_eigs,log_real_eigs): 0.316
torch.Size([64, 2500])
Epoch [325/1000], Wasserstein(eigs,real_eigs): 2143.429, Wasserstein(log_eigs,log_real_eigs): 0.397
torch.Size([64, 2500])
Epoch [326/1000], Wasserstein(eigs,real_eigs): 506.741, Wasserstein(log_eigs,log_real_eigs): 0.414
torch.Size([64, 2500])
Epoch [327/1000], Wasserstein(eigs,real_eigs): 2.736, Wasserstein(log_eigs,log_real_eigs): 0.411
torch.Size([64, 2500])
Epoch [328/1000], Wasserstein(eigs,real_eigs): 3653.058, Wasserstein(log_eigs,log_real_eigs): 0.321
torch.Size([64, 2500])
Epoch [329/1000], Wasserstein(eigs,real_eigs): 2913.951, Wasserstein(log_eigs,log_real_eigs): 0.319
torch.Size([64, 2500])
Epoch [330/1000], Wasserstein(eigs,real_eigs): 10227.862, Wasserstein(log_eigs,log_real_eigs): 0.356
torch.Size([64, 2500])
Epoch [331/1000], Wasserstein(eigs,real_eigs): 9063.429, Wasserstein(log_eigs,log_real_eigs): 0.359
torch.Size([64, 2500])
Epoch [332/1000], Wasserstein(eigs,real_eigs): 9817.426, Wasserstein(log_eigs,log_real_eigs): 0.350
torch.Size([64, 2500])
Epoch [333/1000], Wasserstein(eigs,real_eigs): 1740.150, Wasserstein(log_eigs,log_real_eigs): 0.303
torch.Size([64, 2500])
Epoch [334/1000], Wasserstein(eigs,real_eigs): 4947.431, Wasserstein(log_eigs,log_real_eigs): 0.351
torch.Size([64, 2500])
Epoch [335/1000], Wasserstein(eigs,real_eigs): 3191.493, Wasserstein(log_eigs,log_real_eigs): 0.346
torch.Size([64, 2500])
Epoch [336/1000], Wasserstein(eigs,real_eigs): 6267.291, Wasserstein(log_eigs,log_real_eigs): 0.361
torch.Size([64, 2500])
Epoch [337/1000], Wasserstein(eigs,real_eigs): 5060.410, Wasserstein(log_eigs,log_real_eigs): 0.413
torch.Size([64, 2500])
Epoch [338/1000], Wasserstein(eigs,real_eigs): 2522.150, Wasserstein(log_eigs,log_real_eigs): 0.450
torch.Size([64, 2500])
Epoch [339/1000], Wasserstein(eigs,real_eigs): 2.687, Wasserstein(log_eigs,log_real_eigs): 0.415
torch.Size([64, 2500])
Epoch [340/1000], Wasserstein(eigs,real_eigs): 6330.624, Wasserstein(log_eigs,log_real_eigs): 0.523
torch.Size([64, 2500])
Epoch [341/1000], Wasserstein(eigs,real_eigs): 6494.756, Wasserstein(log_eigs,log_real_eigs): 0.552
torch.Size([64, 2500])
Epoch [342/1000], Wasserstein(eigs,real_eigs): 5778.895, Wasserstein(log_eigs,log_real_eigs): 0.584
torch.Size([64, 2500])
Epoch [343/1000], Wasserstein(eigs,real_eigs): 3093.716, Wasserstein(log_eigs,log_real_eigs): 0.671
torch.Size([64, 2500])
Epoch [344/1000], Wasserstein(eigs,real_eigs): 4387.965, Wasserstein(log_eigs,log_real_eigs): 0.563
torch.Size([64, 2500])
Epoch [345/1000], Wasserstein(eigs,real_eigs): 1969.009, Wasserstein(log_eigs,log_real_eigs): 0.722
torch.Size([64, 2500])
Epoch [346/1000], Wasserstein(eigs,real_eigs): 1608.945, Wasserstein(log_eigs,log_real_eigs): 0.407
torch.Size([64, 2500])
Epoch [347/1000], Wasserstein(eigs,real_eigs): 4743.074, Wasserstein(log_eigs,log_real_eigs): 0.465
torch.Size([64, 2500])
Epoch [348/1000], Wasserstein(eigs,real_eigs): 8755.546, Wasserstein(log_eigs,log_real_eigs): 0.437
torch.Size([64, 2500])
Epoch [349/1000], Wasserstein(eigs,real_eigs): 8402.835, Wasserstein(log_eigs,log_real_eigs): 0.370
torch.Size([64, 2500])
Epoch [350/1000], Wasserstein(eigs,real_eigs): 9438.845, Wasserstein(log_eigs,log_real_eigs): 0.349
torch.Size([64, 2500])
Epoch [351/1000], Wasserstein(eigs,real_eigs): 3037.689, Wasserstein(log_eigs,log_real_eigs): 0.354
torch.Size([64, 2500])
Epoch [352/1000], Wasserstein(eigs,real_eigs): 6604.130, Wasserstein(log_eigs,log_real_eigs): 0.397
torch.Size([64, 2500])
Epoch [353/1000], Wasserstein(eigs,real_eigs): 2760.115, Wasserstein(log_eigs,log_real_eigs): 0.346
torch.Size([64, 2500])
Epoch [354/1000], Wasserstein(eigs,real_eigs): 1196.113, Wasserstein(log_eigs,log_real_eigs): 0.318
torch.Size([64, 2500])
Epoch [355/1000], Wasserstein(eigs,real_eigs): 11072.490, Wasserstein(log_eigs,log_real_eigs): 0.338
torch.Size([64, 2500])
Epoch [356/1000], Wasserstein(eigs,real_eigs): 1789.771, Wasserstein(log_eigs,log_real_eigs): 0.339
torch.Size([64, 2500])
Epoch [357/1000], Wasserstein(eigs,real_eigs): 9926.863, Wasserstein(log_eigs,log_real_eigs): 0.347
torch.Size([64, 2500])
Epoch [358/1000], Wasserstein(eigs,real_eigs): 3705.429, Wasserstein(log_eigs,log_real_eigs): 0.350
torch.Size([64, 2500])
Epoch [359/1000], Wasserstein(eigs,real_eigs): 1482.648, Wasserstein(log_eigs,log_real_eigs): 0.380
torch.Size([64, 2500])
Epoch [360/1000], Wasserstein(eigs,real_eigs): 6221.257, Wasserstein(log_eigs,log_real_eigs): 0.395
torch.Size([64, 2500])
Epoch [361/1000], Wasserstein(eigs,real_eigs): 414.340, Wasserstein(log_eigs,log_real_eigs): 0.391
torch.Size([64, 2500])
Epoch [362/1000], Wasserstein(eigs,real_eigs): 2550.335, Wasserstein(log_eigs,log_real_eigs): 0.436
torch.Size([64, 2500])
Epoch [363/1000], Wasserstein(eigs,real_eigs): 592.086, Wasserstein(log_eigs,log_real_eigs): 0.528
torch.Size([64, 2500])
Epoch [364/1000], Wasserstein(eigs,real_eigs): 253.623, Wasserstein(log_eigs,log_real_eigs): 0.548
torch.Size([64, 2500])
Epoch [365/1000], Wasserstein(eigs,real_eigs): 3042.318, Wasserstein(log_eigs,log_real_eigs): 0.591
torch.Size([64, 2500])
Epoch [366/1000], Wasserstein(eigs,real_eigs): 44.100, Wasserstein(log_eigs,log_real_eigs): 0.613
torch.Size([64, 2500])
Epoch [367/1000], Wasserstein(eigs,real_eigs): 2463.626, Wasserstein(log_eigs,log_real_eigs): 0.700
torch.Size([64, 2500])
Epoch [368/1000], Wasserstein(eigs,real_eigs): 12.621, Wasserstein(log_eigs,log_real_eigs): 0.672
torch.Size([64, 2500])
Epoch [369/1000], Wasserstein(eigs,real_eigs): 6392.530, Wasserstein(log_eigs,log_real_eigs): 0.717
torch.Size([64, 2500])
Epoch [370/1000], Wasserstein(eigs,real_eigs): 5563.199, Wasserstein(log_eigs,log_real_eigs): 0.760
torch.Size([64, 2500])
Epoch [371/1000], Wasserstein(eigs,real_eigs): 1985.493, Wasserstein(log_eigs,log_real_eigs): 0.397
torch.Size([64, 2500])
Epoch [372/1000], Wasserstein(eigs,real_eigs): 6287.370, Wasserstein(log_eigs,log_real_eigs): 0.487
torch.Size([64, 2500])
Epoch [373/1000], Wasserstein(eigs,real_eigs): 6478.259, Wasserstein(log_eigs,log_real_eigs): 0.537
torch.Size([64, 2500])
Epoch [374/1000], Wasserstein(eigs,real_eigs): 2296.744, Wasserstein(log_eigs,log_real_eigs): 0.465
torch.Size([64, 2500])
Epoch [375/1000], Wasserstein(eigs,real_eigs): 6825.120, Wasserstein(log_eigs,log_real_eigs): 0.599
torch.Size([64, 2500])
Epoch [376/1000], Wasserstein(eigs,real_eigs): 6545.515, Wasserstein(log_eigs,log_real_eigs): 0.642
torch.Size([64, 2500])
Epoch [377/1000], Wasserstein(eigs,real_eigs): 8819.676, Wasserstein(log_eigs,log_real_eigs): 0.612
torch.Size([64, 2500])
Epoch [378/1000], Wasserstein(eigs,real_eigs): 1743.808, Wasserstein(log_eigs,log_real_eigs): 0.722
torch.Size([64, 2500])
Epoch [379/1000], Wasserstein(eigs,real_eigs): 1954.519, Wasserstein(log_eigs,log_real_eigs): 0.721
torch.Size([64, 2500])
Epoch [380/1000], Wasserstein(eigs,real_eigs): 4100.566, Wasserstein(log_eigs,log_real_eigs): 0.770
torch.Size([64, 2500])
Epoch [381/1000], Wasserstein(eigs,real_eigs): 8987.057, Wasserstein(log_eigs,log_real_eigs): 0.497
torch.Size([64, 2500])
Epoch [382/1000], Wasserstein(eigs,real_eigs): 3868.428, Wasserstein(log_eigs,log_real_eigs): 0.608
torch.Size([64, 2500])
Epoch [383/1000], Wasserstein(eigs,real_eigs): 9256.578, Wasserstein(log_eigs,log_real_eigs): 0.561
torch.Size([64, 2500])
Epoch [384/1000], Wasserstein(eigs,real_eigs): 6854.447, Wasserstein(log_eigs,log_real_eigs): 0.653
torch.Size([64, 2500])
Epoch [385/1000], Wasserstein(eigs,real_eigs): 19.872, Wasserstein(log_eigs,log_real_eigs): 0.712
torch.Size([64, 2500])
Epoch [386/1000], Wasserstein(eigs,real_eigs): 10081.149, Wasserstein(log_eigs,log_real_eigs): 0.374
torch.Size([64, 2500])
Epoch [387/1000], Wasserstein(eigs,real_eigs): 4584.047, Wasserstein(log_eigs,log_real_eigs): 0.359
torch.Size([64, 2500])
Epoch [388/1000], Wasserstein(eigs,real_eigs): 10489.408, Wasserstein(log_eigs,log_real_eigs): 0.383
torch.Size([64, 2500])
Epoch [389/1000], Wasserstein(eigs,real_eigs): 8287.331, Wasserstein(log_eigs,log_real_eigs): 0.390
torch.Size([64, 2500])
Epoch [390/1000], Wasserstein(eigs,real_eigs): 12755.209, Wasserstein(log_eigs,log_real_eigs): 0.411
torch.Size([64, 2500])
Epoch [391/1000], Wasserstein(eigs,real_eigs): 2034.420, Wasserstein(log_eigs,log_real_eigs): 0.369
torch.Size([64, 2500])
Epoch [392/1000], Wasserstein(eigs,real_eigs): 1460.775, Wasserstein(log_eigs,log_real_eigs): 0.397
torch.Size([64, 2500])
Epoch [393/1000], Wasserstein(eigs,real_eigs): 16152.822, Wasserstein(log_eigs,log_real_eigs): 0.383
torch.Size([64, 2500])
Epoch [394/1000], Wasserstein(eigs,real_eigs): 9679.625, Wasserstein(log_eigs,log_real_eigs): 0.348
torch.Size([64, 2500])
Epoch [395/1000], Wasserstein(eigs,real_eigs): 1277.804, Wasserstein(log_eigs,log_real_eigs): 0.344
torch.Size([64, 2500])
Epoch [396/1000], Wasserstein(eigs,real_eigs): 2421.292, Wasserstein(log_eigs,log_real_eigs): 0.367
torch.Size([64, 2500])
Epoch [397/1000], Wasserstein(eigs,real_eigs): 12465.052, Wasserstein(log_eigs,log_real_eigs): 0.436
torch.Size([64, 2500])
Epoch [398/1000], Wasserstein(eigs,real_eigs): 7229.222, Wasserstein(log_eigs,log_real_eigs): 0.440
torch.Size([64, 2500])
Epoch [399/1000], Wasserstein(eigs,real_eigs): 779.600, Wasserstein(log_eigs,log_real_eigs): 0.504
torch.Size([64, 2500])
Epoch [400/1000], Wasserstein(eigs,real_eigs): 2043.273, Wasserstein(log_eigs,log_real_eigs): 0.604
torch.Size([64, 2500])
Epoch [401/1000], Wasserstein(eigs,real_eigs): 2317.070, Wasserstein(log_eigs,log_real_eigs): 0.657
torch.Size([64, 2500])
Epoch [402/1000], Wasserstein(eigs,real_eigs): 9916.246, Wasserstein(log_eigs,log_real_eigs): 0.665
torch.Size([64, 2500])
Epoch [403/1000], Wasserstein(eigs,real_eigs): 3332.318, Wasserstein(log_eigs,log_real_eigs): 0.771
torch.Size([64, 2500])
Epoch [404/1000], Wasserstein(eigs,real_eigs): 1250.640, Wasserstein(log_eigs,log_real_eigs): 0.702
torch.Size([64, 2500])
Epoch [405/1000], Wasserstein(eigs,real_eigs): 10756.343, Wasserstein(log_eigs,log_real_eigs): 0.363
torch.Size([64, 2500])
Epoch [406/1000], Wasserstein(eigs,real_eigs): 5432.116, Wasserstein(log_eigs,log_real_eigs): 0.315
torch.Size([64, 2500])
Epoch [407/1000], Wasserstein(eigs,real_eigs): 16030.940, Wasserstein(log_eigs,log_real_eigs): 0.385
torch.Size([64, 2500])
Epoch [408/1000], Wasserstein(eigs,real_eigs): 10784.608, Wasserstein(log_eigs,log_real_eigs): 0.356
torch.Size([64, 2500])
Epoch [409/1000], Wasserstein(eigs,real_eigs): 5779.540, Wasserstein(log_eigs,log_real_eigs): 0.353
torch.Size([64, 2500])
Epoch [410/1000], Wasserstein(eigs,real_eigs): 7170.861, Wasserstein(log_eigs,log_real_eigs): 0.324
torch.Size([64, 2500])
Epoch [411/1000], Wasserstein(eigs,real_eigs): 14970.598, Wasserstein(log_eigs,log_real_eigs): 0.374
torch.Size([64, 2500])
Epoch [412/1000], Wasserstein(eigs,real_eigs): 15405.742, Wasserstein(log_eigs,log_real_eigs): 0.358
torch.Size([64, 2500])
Epoch [413/1000], Wasserstein(eigs,real_eigs): 14173.764, Wasserstein(log_eigs,log_real_eigs): 0.403
torch.Size([64, 2500])
Epoch [414/1000], Wasserstein(eigs,real_eigs): 5980.913, Wasserstein(log_eigs,log_real_eigs): 0.324
torch.Size([64, 2500])
Epoch [415/1000], Wasserstein(eigs,real_eigs): 12133.160, Wasserstein(log_eigs,log_real_eigs): 0.394
torch.Size([64, 2500])
Epoch [416/1000], Wasserstein(eigs,real_eigs): 11451.891, Wasserstein(log_eigs,log_real_eigs): 0.355
torch.Size([64, 2500])
Epoch [417/1000], Wasserstein(eigs,real_eigs): 2797.351, Wasserstein(log_eigs,log_real_eigs): 0.309
torch.Size([64, 2500])
Epoch [418/1000], Wasserstein(eigs,real_eigs): 1924.470, Wasserstein(log_eigs,log_real_eigs): 0.304
torch.Size([64, 2500])
Epoch [419/1000], Wasserstein(eigs,real_eigs): 7296.742, Wasserstein(log_eigs,log_real_eigs): 0.340
torch.Size([64, 2500])
Epoch [420/1000], Wasserstein(eigs,real_eigs): 774.304, Wasserstein(log_eigs,log_real_eigs): 0.278
torch.Size([64, 2500])
Epoch [421/1000], Wasserstein(eigs,real_eigs): 20166.847, Wasserstein(log_eigs,log_real_eigs): 0.403
torch.Size([64, 2500])
Epoch [422/1000], Wasserstein(eigs,real_eigs): 11847.985, Wasserstein(log_eigs,log_real_eigs): 0.376
torch.Size([64, 2500])
Epoch [423/1000], Wasserstein(eigs,real_eigs): 16648.064, Wasserstein(log_eigs,log_real_eigs): 0.431
torch.Size([64, 2500])
Epoch [424/1000], Wasserstein(eigs,real_eigs): 11863.625, Wasserstein(log_eigs,log_real_eigs): 0.432
torch.Size([64, 2500])
Epoch [425/1000], Wasserstein(eigs,real_eigs): 17822.121, Wasserstein(log_eigs,log_real_eigs): 0.442
torch.Size([64, 2500])
Epoch [426/1000], Wasserstein(eigs,real_eigs): 5835.520, Wasserstein(log_eigs,log_real_eigs): 0.404
torch.Size([64, 2500])
Epoch [427/1000], Wasserstein(eigs,real_eigs): 5955.144, Wasserstein(log_eigs,log_real_eigs): 0.523
torch.Size([64, 2500])
Epoch [428/1000], Wasserstein(eigs,real_eigs): 3745.660, Wasserstein(log_eigs,log_real_eigs): 0.510
torch.Size([64, 2500])
Epoch [429/1000], Wasserstein(eigs,real_eigs): 1157.089, Wasserstein(log_eigs,log_real_eigs): 0.533
torch.Size([64, 2500])
Epoch [430/1000], Wasserstein(eigs,real_eigs): 10608.244, Wasserstein(log_eigs,log_real_eigs): 0.583
torch.Size([64, 2500])
Epoch [431/1000], Wasserstein(eigs,real_eigs): 12430.842, Wasserstein(log_eigs,log_real_eigs): 0.378
torch.Size([64, 2500])
Epoch [432/1000], Wasserstein(eigs,real_eigs): 17441.768, Wasserstein(log_eigs,log_real_eigs): 0.523
torch.Size([64, 2500])
Epoch [433/1000], Wasserstein(eigs,real_eigs): 5466.545, Wasserstein(log_eigs,log_real_eigs): 0.644
torch.Size([64, 2500])
Epoch [434/1000], Wasserstein(eigs,real_eigs): 4543.577, Wasserstein(log_eigs,log_real_eigs): 0.701
torch.Size([64, 2500])
Epoch [435/1000], Wasserstein(eigs,real_eigs): 12544.172, Wasserstein(log_eigs,log_real_eigs): 0.326
torch.Size([64, 2500])
Epoch [436/1000], Wasserstein(eigs,real_eigs): 17084.130, Wasserstein(log_eigs,log_real_eigs): 0.367
torch.Size([64, 2500])
Epoch [437/1000], Wasserstein(eigs,real_eigs): 6982.865, Wasserstein(log_eigs,log_real_eigs): 0.343
torch.Size([64, 2500])
Epoch [438/1000], Wasserstein(eigs,real_eigs): 3681.128, Wasserstein(log_eigs,log_real_eigs): 0.344
torch.Size([64, 2500])
Epoch [439/1000], Wasserstein(eigs,real_eigs): 12980.309, Wasserstein(log_eigs,log_real_eigs): 0.403
torch.Size([64, 2500])
Epoch [440/1000], Wasserstein(eigs,real_eigs): 5860.251, Wasserstein(log_eigs,log_real_eigs): 0.351
torch.Size([64, 2500])
Epoch [441/1000], Wasserstein(eigs,real_eigs): 10017.845, Wasserstein(log_eigs,log_real_eigs): 0.351
torch.Size([64, 2500])
Epoch [442/1000], Wasserstein(eigs,real_eigs): 8926.561, Wasserstein(log_eigs,log_real_eigs): 0.371
torch.Size([64, 2500])
Epoch [443/1000], Wasserstein(eigs,real_eigs): 6013.322, Wasserstein(log_eigs,log_real_eigs): 0.379
torch.Size([64, 2500])
Epoch [444/1000], Wasserstein(eigs,real_eigs): 5971.534, Wasserstein(log_eigs,log_real_eigs): 0.471
torch.Size([64, 2500])
Epoch [445/1000], Wasserstein(eigs,real_eigs): 436.038, Wasserstein(log_eigs,log_real_eigs): 0.423
torch.Size([64, 2500])
Epoch [446/1000], Wasserstein(eigs,real_eigs): 1109.434, Wasserstein(log_eigs,log_real_eigs): 0.479
torch.Size([64, 2500])
Epoch [447/1000], Wasserstein(eigs,real_eigs): 787.773, Wasserstein(log_eigs,log_real_eigs): 0.564
torch.Size([64, 2500])
Epoch [448/1000], Wasserstein(eigs,real_eigs): 14755.767, Wasserstein(log_eigs,log_real_eigs): 0.528
torch.Size([64, 2500])
Epoch [449/1000], Wasserstein(eigs,real_eigs): 105.144, Wasserstein(log_eigs,log_real_eigs): 0.524
torch.Size([64, 2500])
Epoch [450/1000], Wasserstein(eigs,real_eigs): 8210.363, Wasserstein(log_eigs,log_real_eigs): 0.583
torch.Size([64, 2500])
Epoch [451/1000], Wasserstein(eigs,real_eigs): 4785.282, Wasserstein(log_eigs,log_real_eigs): 0.433
torch.Size([64, 2500])
Epoch [452/1000], Wasserstein(eigs,real_eigs): 7678.517, Wasserstein(log_eigs,log_real_eigs): 0.592
torch.Size([64, 2500])
Epoch [453/1000], Wasserstein(eigs,real_eigs): 19849.781, Wasserstein(log_eigs,log_real_eigs): 0.435
torch.Size([64, 2500])
Epoch [454/1000], Wasserstein(eigs,real_eigs): 7858.414, Wasserstein(log_eigs,log_real_eigs): 0.515
torch.Size([64, 2500])
Epoch [455/1000], Wasserstein(eigs,real_eigs): 128.103, Wasserstein(log_eigs,log_real_eigs): 0.556
torch.Size([64, 2500])
Epoch [456/1000], Wasserstein(eigs,real_eigs): 3082.661, Wasserstein(log_eigs,log_real_eigs): 0.635
torch.Size([64, 2500])
Epoch [457/1000], Wasserstein(eigs,real_eigs): 4260.853, Wasserstein(log_eigs,log_real_eigs): 0.676
torch.Size([64, 2500])
Epoch [458/1000], Wasserstein(eigs,real_eigs): 12215.722, Wasserstein(log_eigs,log_real_eigs): 0.658
torch.Size([64, 2500])
Epoch [459/1000], Wasserstein(eigs,real_eigs): 7.795, Wasserstein(log_eigs,log_real_eigs): 0.752
torch.Size([64, 2500])
Epoch [460/1000], Wasserstein(eigs,real_eigs): 10945.995, Wasserstein(log_eigs,log_real_eigs): 0.773
torch.Size([64, 2500])
Epoch [461/1000], Wasserstein(eigs,real_eigs): 3951.772, Wasserstein(log_eigs,log_real_eigs): 0.797
torch.Size([64, 2500])
Epoch [462/1000], Wasserstein(eigs,real_eigs): 9402.783, Wasserstein(log_eigs,log_real_eigs): 0.313
torch.Size([64, 2500])
Epoch [463/1000], Wasserstein(eigs,real_eigs): 1002.220, Wasserstein(log_eigs,log_real_eigs): 0.288
torch.Size([64, 2500])
Epoch [464/1000], Wasserstein(eigs,real_eigs): 16381.555, Wasserstein(log_eigs,log_real_eigs): 0.387
torch.Size([64, 2500])
Epoch [465/1000], Wasserstein(eigs,real_eigs): 745.648, Wasserstein(log_eigs,log_real_eigs): 0.345
torch.Size([64, 2500])
Epoch [466/1000], Wasserstein(eigs,real_eigs): 8689.699, Wasserstein(log_eigs,log_real_eigs): 0.439
torch.Size([64, 2500])
Epoch [467/1000], Wasserstein(eigs,real_eigs): 17539.419, Wasserstein(log_eigs,log_real_eigs): 0.360
torch.Size([64, 2500])
Epoch [468/1000], Wasserstein(eigs,real_eigs): 24282.311, Wasserstein(log_eigs,log_real_eigs): 0.386
torch.Size([64, 2500])
Epoch [469/1000], Wasserstein(eigs,real_eigs): 20879.455, Wasserstein(log_eigs,log_real_eigs): 0.316
torch.Size([64, 2500])
Epoch [470/1000], Wasserstein(eigs,real_eigs): 23262.886, Wasserstein(log_eigs,log_real_eigs): 0.362
torch.Size([64, 2500])
Epoch [471/1000], Wasserstein(eigs,real_eigs): 15210.140, Wasserstein(log_eigs,log_real_eigs): 0.367
torch.Size([64, 2500])
Epoch [472/1000], Wasserstein(eigs,real_eigs): 12773.516, Wasserstein(log_eigs,log_real_eigs): 0.352
torch.Size([64, 2500])
Epoch [473/1000], Wasserstein(eigs,real_eigs): 24878.729, Wasserstein(log_eigs,log_real_eigs): 0.433
torch.Size([64, 2500])
Epoch [474/1000], Wasserstein(eigs,real_eigs): 12076.424, Wasserstein(log_eigs,log_real_eigs): 0.434
torch.Size([64, 2500])
Epoch [475/1000], Wasserstein(eigs,real_eigs): 6925.867, Wasserstein(log_eigs,log_real_eigs): 0.385
torch.Size([64, 2500])
Epoch [476/1000], Wasserstein(eigs,real_eigs): 19937.791, Wasserstein(log_eigs,log_real_eigs): 0.488
torch.Size([64, 2500])
Epoch [477/1000], Wasserstein(eigs,real_eigs): 1346.051, Wasserstein(log_eigs,log_real_eigs): 0.405
torch.Size([64, 2500])
Epoch [478/1000], Wasserstein(eigs,real_eigs): 13869.448, Wasserstein(log_eigs,log_real_eigs): 0.527
torch.Size([64, 2500])
Epoch [479/1000], Wasserstein(eigs,real_eigs): 9979.930, Wasserstein(log_eigs,log_real_eigs): 0.598
torch.Size([64, 2500])
Epoch [480/1000], Wasserstein(eigs,real_eigs): 12072.834, Wasserstein(log_eigs,log_real_eigs): 0.582
torch.Size([64, 2500])
Epoch [481/1000], Wasserstein(eigs,real_eigs): 2313.822, Wasserstein(log_eigs,log_real_eigs): 0.586
torch.Size([64, 2500])
Epoch [482/1000], Wasserstein(eigs,real_eigs): 64.053, Wasserstein(log_eigs,log_real_eigs): 0.964
torch.Size([64, 2500])
Epoch [483/1000], Wasserstein(eigs,real_eigs): 13199.386, Wasserstein(log_eigs,log_real_eigs): 0.536
torch.Size([64, 2500])
Epoch [484/1000], Wasserstein(eigs,real_eigs): 17258.712, Wasserstein(log_eigs,log_real_eigs): 0.409
torch.Size([64, 2500])
Epoch [485/1000], Wasserstein(eigs,real_eigs): 19975.730, Wasserstein(log_eigs,log_real_eigs): 0.375
torch.Size([64, 2500])
Epoch [486/1000], Wasserstein(eigs,real_eigs): 1098.806, Wasserstein(log_eigs,log_real_eigs): 0.609
torch.Size([64, 2500])
Epoch [487/1000], Wasserstein(eigs,real_eigs): 2653.018, Wasserstein(log_eigs,log_real_eigs): 0.545
torch.Size([64, 2500])
Epoch [488/1000], Wasserstein(eigs,real_eigs): 4401.115, Wasserstein(log_eigs,log_real_eigs): 0.471
torch.Size([64, 2500])
Epoch [489/1000], Wasserstein(eigs,real_eigs): 19221.265, Wasserstein(log_eigs,log_real_eigs): 0.356
torch.Size([64, 2500])
Epoch [490/1000], Wasserstein(eigs,real_eigs): 19300.926, Wasserstein(log_eigs,log_real_eigs): 0.336
torch.Size([64, 2500])
Epoch [491/1000], Wasserstein(eigs,real_eigs): 19048.884, Wasserstein(log_eigs,log_real_eigs): 0.353
torch.Size([64, 2500])
Epoch [492/1000], Wasserstein(eigs,real_eigs): 22559.093, Wasserstein(log_eigs,log_real_eigs): 0.314
torch.Size([64, 2500])
Epoch [493/1000], Wasserstein(eigs,real_eigs): 14424.751, Wasserstein(log_eigs,log_real_eigs): 0.279
torch.Size([64, 2500])
Epoch [494/1000], Wasserstein(eigs,real_eigs): 18304.238, Wasserstein(log_eigs,log_real_eigs): 0.354
torch.Size([64, 2500])
Epoch [495/1000], Wasserstein(eigs,real_eigs): 9296.446, Wasserstein(log_eigs,log_real_eigs): 0.292
torch.Size([64, 2500])
Epoch [496/1000], Wasserstein(eigs,real_eigs): 7018.586, Wasserstein(log_eigs,log_real_eigs): 0.327
torch.Size([64, 2500])
Epoch [497/1000], Wasserstein(eigs,real_eigs): 18893.309, Wasserstein(log_eigs,log_real_eigs): 0.336
torch.Size([64, 2500])
Epoch [498/1000], Wasserstein(eigs,real_eigs): 15690.807, Wasserstein(log_eigs,log_real_eigs): 0.327
torch.Size([64, 2500])
Epoch [499/1000], Wasserstein(eigs,real_eigs): 1722.037, Wasserstein(log_eigs,log_real_eigs): 0.241
torch.Size([64, 2500])
Epoch [500/1000], Wasserstein(eigs,real_eigs): 20515.583, Wasserstein(log_eigs,log_real_eigs): 0.306
torch.Size([64, 2500])
Epoch [501/1000], Wasserstein(eigs,real_eigs): 16275.922, Wasserstein(log_eigs,log_real_eigs): 0.340
torch.Size([64, 2500])
Epoch [502/1000], Wasserstein(eigs,real_eigs): 12209.064, Wasserstein(log_eigs,log_real_eigs): 0.347
torch.Size([64, 2500])
Epoch [503/1000], Wasserstein(eigs,real_eigs): 6855.851, Wasserstein(log_eigs,log_real_eigs): 0.296
