2019-10-16 19:54:12.879610
Namespace(batch_size=64, dataroot='/home/jim/Documents/RandomBergman/KS4/data/', diff=0, epochs=1000, exp=None, h11=40, log_interval=1, lr=5e-05, lr_D=5e-05, lr_G=5e-05, model_type='GAN_DCGAN', n_critic_steps=5, newsize=40, num_geometries=2500, nz=5, outdir='./experiments/exp_GAN_DCGAN_40_5_10162019_195412', plot_interval=20, py_version=3, save=True, show_plots=False, test_batch_size=10000)
Namespace(batch_size=64, dataroot='/home/jim/Documents/RandomBergman/KS4/data/', diff=0, epochs=1000, exp=None, h11=40, log_interval=1, lr=5e-05, lr_D=5e-05, lr_G=5e-05, model_type='GAN_DCGAN', n_critic_steps=5, newsize=40, num_geometries=2500, nz=5, outdir='./experiments/exp_GAN_DCGAN_40_5_10162019_195412', plot_interval=20, py_version=3, save=True, show_plots=False, test_batch_size=10000)
Model type: GAN_DCGAN
Coomparing to Eigenvalue distribution collected from 3017 geometries
data: 64 40
torch.Size([64, 1600])
Epoch [0/1000], Wasserstein(eigs,real_eigs): 11.280, Wasserstein(log_eigs,log_real_eigs): 0.616
torch.Size([64, 1600])
Epoch [1/1000], Wasserstein(eigs,real_eigs): 1472.157, Wasserstein(log_eigs,log_real_eigs): 2.075
torch.Size([64, 1600])
Epoch [2/1000], Wasserstein(eigs,real_eigs): 2150.931, Wasserstein(log_eigs,log_real_eigs): 2.322
torch.Size([64, 1600])
Epoch [3/1000], Wasserstein(eigs,real_eigs): 2006.913, Wasserstein(log_eigs,log_real_eigs): 2.202
torch.Size([64, 1600])
Epoch [4/1000], Wasserstein(eigs,real_eigs): 1116.583, Wasserstein(log_eigs,log_real_eigs): 1.939
torch.Size([64, 1600])
Epoch [5/1000], Wasserstein(eigs,real_eigs): 1175.901, Wasserstein(log_eigs,log_real_eigs): 2.068
torch.Size([64, 1600])
Epoch [6/1000], Wasserstein(eigs,real_eigs): 769.374, Wasserstein(log_eigs,log_real_eigs): 1.812
torch.Size([64, 1600])
Epoch [7/1000], Wasserstein(eigs,real_eigs): 889.227, Wasserstein(log_eigs,log_real_eigs): 1.876
torch.Size([64, 1600])
Epoch [8/1000], Wasserstein(eigs,real_eigs): 865.159, Wasserstein(log_eigs,log_real_eigs): 1.878
torch.Size([64, 1600])
Epoch [9/1000], Wasserstein(eigs,real_eigs): 776.122, Wasserstein(log_eigs,log_real_eigs): 1.791
torch.Size([64, 1600])
Epoch [10/1000], Wasserstein(eigs,real_eigs): 788.651, Wasserstein(log_eigs,log_real_eigs): 1.797
torch.Size([64, 1600])
Epoch [11/1000], Wasserstein(eigs,real_eigs): 891.163, Wasserstein(log_eigs,log_real_eigs): 1.808
torch.Size([64, 1600])
Epoch [12/1000], Wasserstein(eigs,real_eigs): 870.294, Wasserstein(log_eigs,log_real_eigs): 2.025
torch.Size([64, 1600])
Epoch [13/1000], Wasserstein(eigs,real_eigs): 807.529, Wasserstein(log_eigs,log_real_eigs): 1.939
torch.Size([64, 1600])
Epoch [14/1000], Wasserstein(eigs,real_eigs): 923.752, Wasserstein(log_eigs,log_real_eigs): 1.957
torch.Size([64, 1600])
Epoch [15/1000], Wasserstein(eigs,real_eigs): 809.376, Wasserstein(log_eigs,log_real_eigs): 1.890
torch.Size([64, 1600])
Epoch [16/1000], Wasserstein(eigs,real_eigs): 794.289, Wasserstein(log_eigs,log_real_eigs): 2.007
torch.Size([64, 1600])
Epoch [17/1000], Wasserstein(eigs,real_eigs): 918.626, Wasserstein(log_eigs,log_real_eigs): 1.903
torch.Size([64, 1600])
Epoch [18/1000], Wasserstein(eigs,real_eigs): 766.785, Wasserstein(log_eigs,log_real_eigs): 1.910
torch.Size([64, 1600])
Epoch [19/1000], Wasserstein(eigs,real_eigs): 839.374, Wasserstein(log_eigs,log_real_eigs): 1.910
torch.Size([64, 1600])
Epoch [20/1000], Wasserstein(eigs,real_eigs): 862.383, Wasserstein(log_eigs,log_real_eigs): 1.916
torch.Size([64, 1600])
Epoch [21/1000], Wasserstein(eigs,real_eigs): 713.937, Wasserstein(log_eigs,log_real_eigs): 1.892
torch.Size([64, 1600])
Epoch [22/1000], Wasserstein(eigs,real_eigs): 672.866, Wasserstein(log_eigs,log_real_eigs): 1.853
torch.Size([64, 1600])
Epoch [23/1000], Wasserstein(eigs,real_eigs): 317.673, Wasserstein(log_eigs,log_real_eigs): 1.596
torch.Size([64, 1600])
Epoch [24/1000], Wasserstein(eigs,real_eigs): 493.108, Wasserstein(log_eigs,log_real_eigs): 1.692
torch.Size([64, 1600])
Epoch [25/1000], Wasserstein(eigs,real_eigs): 674.020, Wasserstein(log_eigs,log_real_eigs): 1.780
torch.Size([64, 1600])
Epoch [26/1000], Wasserstein(eigs,real_eigs): 619.271, Wasserstein(log_eigs,log_real_eigs): 1.750
torch.Size([64, 1600])
Epoch [27/1000], Wasserstein(eigs,real_eigs): 621.609, Wasserstein(log_eigs,log_real_eigs): 1.817
torch.Size([64, 1600])
Epoch [28/1000], Wasserstein(eigs,real_eigs): 482.223, Wasserstein(log_eigs,log_real_eigs): 1.719
torch.Size([64, 1600])
Epoch [29/1000], Wasserstein(eigs,real_eigs): 723.306, Wasserstein(log_eigs,log_real_eigs): 1.895
torch.Size([64, 1600])
Epoch [30/1000], Wasserstein(eigs,real_eigs): 655.865, Wasserstein(log_eigs,log_real_eigs): 1.919
torch.Size([64, 1600])
Epoch [31/1000], Wasserstein(eigs,real_eigs): 756.241, Wasserstein(log_eigs,log_real_eigs): 1.878
torch.Size([64, 1600])
Epoch [32/1000], Wasserstein(eigs,real_eigs): 806.856, Wasserstein(log_eigs,log_real_eigs): 1.832
torch.Size([64, 1600])
Epoch [33/1000], Wasserstein(eigs,real_eigs): 887.226, Wasserstein(log_eigs,log_real_eigs): 2.007
torch.Size([64, 1600])
Epoch [34/1000], Wasserstein(eigs,real_eigs): 847.841, Wasserstein(log_eigs,log_real_eigs): 1.940
torch.Size([64, 1600])
Epoch [35/1000], Wasserstein(eigs,real_eigs): 473.420, Wasserstein(log_eigs,log_real_eigs): 1.707
torch.Size([64, 1600])
Epoch [36/1000], Wasserstein(eigs,real_eigs): 604.448, Wasserstein(log_eigs,log_real_eigs): 1.822
torch.Size([64, 1600])
Epoch [37/1000], Wasserstein(eigs,real_eigs): 808.303, Wasserstein(log_eigs,log_real_eigs): 2.021
torch.Size([64, 1600])
Epoch [38/1000], Wasserstein(eigs,real_eigs): 634.855, Wasserstein(log_eigs,log_real_eigs): 1.778
torch.Size([64, 1600])
Epoch [39/1000], Wasserstein(eigs,real_eigs): 452.126, Wasserstein(log_eigs,log_real_eigs): 1.690
torch.Size([64, 1600])
Epoch [40/1000], Wasserstein(eigs,real_eigs): 619.906, Wasserstein(log_eigs,log_real_eigs): 1.855
torch.Size([64, 1600])
Epoch [41/1000], Wasserstein(eigs,real_eigs): 631.085, Wasserstein(log_eigs,log_real_eigs): 1.872
torch.Size([64, 1600])
Epoch [42/1000], Wasserstein(eigs,real_eigs): 1058.204, Wasserstein(log_eigs,log_real_eigs): 2.057
torch.Size([64, 1600])
Epoch [43/1000], Wasserstein(eigs,real_eigs): 781.537, Wasserstein(log_eigs,log_real_eigs): 1.997
torch.Size([64, 1600])
Epoch [44/1000], Wasserstein(eigs,real_eigs): 507.553, Wasserstein(log_eigs,log_real_eigs): 1.773
torch.Size([64, 1600])
Epoch [45/1000], Wasserstein(eigs,real_eigs): 1206.514, Wasserstein(log_eigs,log_real_eigs): 2.107
torch.Size([64, 1600])
Epoch [46/1000], Wasserstein(eigs,real_eigs): 1330.873, Wasserstein(log_eigs,log_real_eigs): 2.253
torch.Size([64, 1600])
Epoch [47/1000], Wasserstein(eigs,real_eigs): 1109.230, Wasserstein(log_eigs,log_real_eigs): 2.077
torch.Size([64, 1600])
Epoch [48/1000], Wasserstein(eigs,real_eigs): 1715.548, Wasserstein(log_eigs,log_real_eigs): 2.336
torch.Size([64, 1600])
Epoch [49/1000], Wasserstein(eigs,real_eigs): 1775.689, Wasserstein(log_eigs,log_real_eigs): 2.195
torch.Size([64, 1600])
Epoch [50/1000], Wasserstein(eigs,real_eigs): 1087.301, Wasserstein(log_eigs,log_real_eigs): 2.176
torch.Size([64, 1600])
Epoch [51/1000], Wasserstein(eigs,real_eigs): 1252.742, Wasserstein(log_eigs,log_real_eigs): 2.213
torch.Size([64, 1600])
Epoch [52/1000], Wasserstein(eigs,real_eigs): 1848.825, Wasserstein(log_eigs,log_real_eigs): 2.357
torch.Size([64, 1600])
Epoch [53/1000], Wasserstein(eigs,real_eigs): 1844.989, Wasserstein(log_eigs,log_real_eigs): 2.293
torch.Size([64, 1600])
Epoch [54/1000], Wasserstein(eigs,real_eigs): 1881.601, Wasserstein(log_eigs,log_real_eigs): 2.370
torch.Size([64, 1600])
Epoch [55/1000], Wasserstein(eigs,real_eigs): 2555.289, Wasserstein(log_eigs,log_real_eigs): 2.473
torch.Size([64, 1600])
Epoch [56/1000], Wasserstein(eigs,real_eigs): 2941.147, Wasserstein(log_eigs,log_real_eigs): 2.455
torch.Size([64, 1600])
Epoch [57/1000], Wasserstein(eigs,real_eigs): 3007.882, Wasserstein(log_eigs,log_real_eigs): 2.534
torch.Size([64, 1600])
Epoch [58/1000], Wasserstein(eigs,real_eigs): 2571.401, Wasserstein(log_eigs,log_real_eigs): 2.465
torch.Size([64, 1600])
Epoch [59/1000], Wasserstein(eigs,real_eigs): 2744.927, Wasserstein(log_eigs,log_real_eigs): 2.467
torch.Size([64, 1600])
Epoch [60/1000], Wasserstein(eigs,real_eigs): 2009.782, Wasserstein(log_eigs,log_real_eigs): 2.350
torch.Size([64, 1600])
Epoch [61/1000], Wasserstein(eigs,real_eigs): 2300.594, Wasserstein(log_eigs,log_real_eigs): 2.420
torch.Size([64, 1600])
Epoch [62/1000], Wasserstein(eigs,real_eigs): 2561.785, Wasserstein(log_eigs,log_real_eigs): 2.473
torch.Size([64, 1600])
Epoch [63/1000], Wasserstein(eigs,real_eigs): 1407.451, Wasserstein(log_eigs,log_real_eigs): 2.315
torch.Size([64, 1600])
Epoch [64/1000], Wasserstein(eigs,real_eigs): 3274.707, Wasserstein(log_eigs,log_real_eigs): 2.646
torch.Size([64, 1600])
Epoch [65/1000], Wasserstein(eigs,real_eigs): 3290.232, Wasserstein(log_eigs,log_real_eigs): 2.590
torch.Size([64, 1600])
Epoch [66/1000], Wasserstein(eigs,real_eigs): 3315.625, Wasserstein(log_eigs,log_real_eigs): 2.522
torch.Size([64, 1600])
Epoch [67/1000], Wasserstein(eigs,real_eigs): 4507.948, Wasserstein(log_eigs,log_real_eigs): 2.784
torch.Size([64, 1600])
Epoch [68/1000], Wasserstein(eigs,real_eigs): 5107.705, Wasserstein(log_eigs,log_real_eigs): 2.830
torch.Size([64, 1600])
Epoch [69/1000], Wasserstein(eigs,real_eigs): 4633.594, Wasserstein(log_eigs,log_real_eigs): 2.786
torch.Size([64, 1600])
Epoch [70/1000], Wasserstein(eigs,real_eigs): 4442.699, Wasserstein(log_eigs,log_real_eigs): 2.669
torch.Size([64, 1600])
Epoch [71/1000], Wasserstein(eigs,real_eigs): 6115.694, Wasserstein(log_eigs,log_real_eigs): 2.891
torch.Size([64, 1600])
Epoch [72/1000], Wasserstein(eigs,real_eigs): 5255.788, Wasserstein(log_eigs,log_real_eigs): 2.799
torch.Size([64, 1600])
Epoch [73/1000], Wasserstein(eigs,real_eigs): 5832.718, Wasserstein(log_eigs,log_real_eigs): 2.864
torch.Size([64, 1600])
Epoch [74/1000], Wasserstein(eigs,real_eigs): 4200.974, Wasserstein(log_eigs,log_real_eigs): 2.753
torch.Size([64, 1600])
Epoch [75/1000], Wasserstein(eigs,real_eigs): 3285.787, Wasserstein(log_eigs,log_real_eigs): 2.645
torch.Size([64, 1600])
Epoch [76/1000], Wasserstein(eigs,real_eigs): 2267.851, Wasserstein(log_eigs,log_real_eigs): 2.453
torch.Size([64, 1600])
Epoch [77/1000], Wasserstein(eigs,real_eigs): 4284.745, Wasserstein(log_eigs,log_real_eigs): 2.754
torch.Size([64, 1600])
Epoch [78/1000], Wasserstein(eigs,real_eigs): 7513.053, Wasserstein(log_eigs,log_real_eigs): 2.849
torch.Size([64, 1600])
Epoch [79/1000], Wasserstein(eigs,real_eigs): 10323.328, Wasserstein(log_eigs,log_real_eigs): 3.077
torch.Size([64, 1600])
Epoch [80/1000], Wasserstein(eigs,real_eigs): 13061.197, Wasserstein(log_eigs,log_real_eigs): 3.278
torch.Size([64, 1600])
Epoch [81/1000], Wasserstein(eigs,real_eigs): 12902.435, Wasserstein(log_eigs,log_real_eigs): 3.266
torch.Size([64, 1600])
Epoch [82/1000], Wasserstein(eigs,real_eigs): 10651.591, Wasserstein(log_eigs,log_real_eigs): 3.172
torch.Size([64, 1600])
Epoch [83/1000], Wasserstein(eigs,real_eigs): 11237.764, Wasserstein(log_eigs,log_real_eigs): 3.212
torch.Size([64, 1600])
Epoch [84/1000], Wasserstein(eigs,real_eigs): 10251.238, Wasserstein(log_eigs,log_real_eigs): 3.163
torch.Size([64, 1600])
Epoch [85/1000], Wasserstein(eigs,real_eigs): 12235.490, Wasserstein(log_eigs,log_real_eigs): 3.283
torch.Size([64, 1600])
Epoch [86/1000], Wasserstein(eigs,real_eigs): 11357.254, Wasserstein(log_eigs,log_real_eigs): 3.257
torch.Size([64, 1600])
Epoch [87/1000], Wasserstein(eigs,real_eigs): 12323.078, Wasserstein(log_eigs,log_real_eigs): 3.234
torch.Size([64, 1600])
Epoch [88/1000], Wasserstein(eigs,real_eigs): 11350.840, Wasserstein(log_eigs,log_real_eigs): 3.222
torch.Size([64, 1600])
Epoch [89/1000], Wasserstein(eigs,real_eigs): 8625.254, Wasserstein(log_eigs,log_real_eigs): 3.157
torch.Size([64, 1600])
Epoch [90/1000], Wasserstein(eigs,real_eigs): 7898.566, Wasserstein(log_eigs,log_real_eigs): 3.055
torch.Size([64, 1600])
Epoch [91/1000], Wasserstein(eigs,real_eigs): 7836.145, Wasserstein(log_eigs,log_real_eigs): 3.029
torch.Size([64, 1600])
Epoch [92/1000], Wasserstein(eigs,real_eigs): 9320.772, Wasserstein(log_eigs,log_real_eigs): 3.122
torch.Size([64, 1600])
Epoch [93/1000], Wasserstein(eigs,real_eigs): 10078.634, Wasserstein(log_eigs,log_real_eigs): 3.120
torch.Size([64, 1600])
Epoch [94/1000], Wasserstein(eigs,real_eigs): 10148.021, Wasserstein(log_eigs,log_real_eigs): 3.165
torch.Size([64, 1600])
Epoch [95/1000], Wasserstein(eigs,real_eigs): 7727.657, Wasserstein(log_eigs,log_real_eigs): 2.921
torch.Size([64, 1600])
Epoch [96/1000], Wasserstein(eigs,real_eigs): 11226.772, Wasserstein(log_eigs,log_real_eigs): 3.269
torch.Size([64, 1600])
Epoch [97/1000], Wasserstein(eigs,real_eigs): 13307.488, Wasserstein(log_eigs,log_real_eigs): 3.329
torch.Size([64, 1600])
Epoch [98/1000], Wasserstein(eigs,real_eigs): 10555.607, Wasserstein(log_eigs,log_real_eigs): 3.228
torch.Size([64, 1600])
Epoch [99/1000], Wasserstein(eigs,real_eigs): 14255.777, Wasserstein(log_eigs,log_real_eigs): 3.365
torch.Size([64, 1600])
Epoch [100/1000], Wasserstein(eigs,real_eigs): 14691.565, Wasserstein(log_eigs,log_real_eigs): 3.382
torch.Size([64, 1600])
Epoch [101/1000], Wasserstein(eigs,real_eigs): 16116.787, Wasserstein(log_eigs,log_real_eigs): 3.367
torch.Size([64, 1600])
Epoch [102/1000], Wasserstein(eigs,real_eigs): 15517.977, Wasserstein(log_eigs,log_real_eigs): 3.414
torch.Size([64, 1600])
Epoch [103/1000], Wasserstein(eigs,real_eigs): 19418.702, Wasserstein(log_eigs,log_real_eigs): 3.507
torch.Size([64, 1600])
Epoch [104/1000], Wasserstein(eigs,real_eigs): 17800.819, Wasserstein(log_eigs,log_real_eigs): 3.428
torch.Size([64, 1600])
Epoch [105/1000], Wasserstein(eigs,real_eigs): 17296.775, Wasserstein(log_eigs,log_real_eigs): 3.427
torch.Size([64, 1600])
Epoch [106/1000], Wasserstein(eigs,real_eigs): 19067.393, Wasserstein(log_eigs,log_real_eigs): 3.482
torch.Size([64, 1600])
Epoch [107/1000], Wasserstein(eigs,real_eigs): 19913.619, Wasserstein(log_eigs,log_real_eigs): 3.490
torch.Size([64, 1600])
Epoch [108/1000], Wasserstein(eigs,real_eigs): 18118.685, Wasserstein(log_eigs,log_real_eigs): 3.444
torch.Size([64, 1600])
Epoch [109/1000], Wasserstein(eigs,real_eigs): 11918.831, Wasserstein(log_eigs,log_real_eigs): 3.274
torch.Size([64, 1600])
Epoch [110/1000], Wasserstein(eigs,real_eigs): 7855.171, Wasserstein(log_eigs,log_real_eigs): 3.086
torch.Size([64, 1600])
Epoch [111/1000], Wasserstein(eigs,real_eigs): 5853.754, Wasserstein(log_eigs,log_real_eigs): 2.969
torch.Size([64, 1600])
Epoch [112/1000], Wasserstein(eigs,real_eigs): 5767.720, Wasserstein(log_eigs,log_real_eigs): 2.921
torch.Size([64, 1600])
Epoch [113/1000], Wasserstein(eigs,real_eigs): 4760.435, Wasserstein(log_eigs,log_real_eigs): 2.779
torch.Size([64, 1600])
Epoch [114/1000], Wasserstein(eigs,real_eigs): 5831.309, Wasserstein(log_eigs,log_real_eigs): 2.848
torch.Size([64, 1600])
Epoch [115/1000], Wasserstein(eigs,real_eigs): 6452.967, Wasserstein(log_eigs,log_real_eigs): 2.934
torch.Size([64, 1600])
Epoch [116/1000], Wasserstein(eigs,real_eigs): 4524.367, Wasserstein(log_eigs,log_real_eigs): 2.824
torch.Size([64, 1600])
Epoch [117/1000], Wasserstein(eigs,real_eigs): 8338.074, Wasserstein(log_eigs,log_real_eigs): 3.127
torch.Size([64, 1600])
Epoch [118/1000], Wasserstein(eigs,real_eigs): 10815.051, Wasserstein(log_eigs,log_real_eigs): 3.308
torch.Size([64, 1600])
Epoch [119/1000], Wasserstein(eigs,real_eigs): 12250.371, Wasserstein(log_eigs,log_real_eigs): 3.261
torch.Size([64, 1600])
Epoch [120/1000], Wasserstein(eigs,real_eigs): 15447.702, Wasserstein(log_eigs,log_real_eigs): 3.400
torch.Size([64, 1600])
Epoch [121/1000], Wasserstein(eigs,real_eigs): 14476.320, Wasserstein(log_eigs,log_real_eigs): 3.342
torch.Size([64, 1600])
Epoch [122/1000], Wasserstein(eigs,real_eigs): 16545.383, Wasserstein(log_eigs,log_real_eigs): 3.391
torch.Size([64, 1600])
Epoch [123/1000], Wasserstein(eigs,real_eigs): 24209.417, Wasserstein(log_eigs,log_real_eigs): 3.504
torch.Size([64, 1600])
Epoch [124/1000], Wasserstein(eigs,real_eigs): 30803.439, Wasserstein(log_eigs,log_real_eigs): 3.695
torch.Size([64, 1600])
Epoch [125/1000], Wasserstein(eigs,real_eigs): 38288.615, Wasserstein(log_eigs,log_real_eigs): 3.767
torch.Size([64, 1600])
Epoch [126/1000], Wasserstein(eigs,real_eigs): 42322.285, Wasserstein(log_eigs,log_real_eigs): 3.720
torch.Size([64, 1600])
Epoch [127/1000], Wasserstein(eigs,real_eigs): 46510.798, Wasserstein(log_eigs,log_real_eigs): 3.804
torch.Size([64, 1600])
Epoch [128/1000], Wasserstein(eigs,real_eigs): 41899.277, Wasserstein(log_eigs,log_real_eigs): 3.746
torch.Size([64, 1600])
Epoch [129/1000], Wasserstein(eigs,real_eigs): 42335.536, Wasserstein(log_eigs,log_real_eigs): 3.726
torch.Size([64, 1600])
Epoch [130/1000], Wasserstein(eigs,real_eigs): 28743.399, Wasserstein(log_eigs,log_real_eigs): 3.425
torch.Size([64, 1600])
Epoch [131/1000], Wasserstein(eigs,real_eigs): 28699.284, Wasserstein(log_eigs,log_real_eigs): 3.646
torch.Size([64, 1600])
Epoch [132/1000], Wasserstein(eigs,real_eigs): 32956.312, Wasserstein(log_eigs,log_real_eigs): 3.698
torch.Size([64, 1600])
Epoch [133/1000], Wasserstein(eigs,real_eigs): 33743.254, Wasserstein(log_eigs,log_real_eigs): 3.737
torch.Size([64, 1600])
Epoch [134/1000], Wasserstein(eigs,real_eigs): 38044.885, Wasserstein(log_eigs,log_real_eigs): 3.701
torch.Size([64, 1600])
Epoch [135/1000], Wasserstein(eigs,real_eigs): 34060.106, Wasserstein(log_eigs,log_real_eigs): 3.716
torch.Size([64, 1600])
Epoch [136/1000], Wasserstein(eigs,real_eigs): 34650.750, Wasserstein(log_eigs,log_real_eigs): 3.827
torch.Size([64, 1600])
Epoch [137/1000], Wasserstein(eigs,real_eigs): 19965.471, Wasserstein(log_eigs,log_real_eigs): 3.531
torch.Size([64, 1600])
Epoch [138/1000], Wasserstein(eigs,real_eigs): 11690.909, Wasserstein(log_eigs,log_real_eigs): 3.265
torch.Size([64, 1600])
Epoch [139/1000], Wasserstein(eigs,real_eigs): 13443.512, Wasserstein(log_eigs,log_real_eigs): 3.368
torch.Size([64, 1600])
Epoch [140/1000], Wasserstein(eigs,real_eigs): 16082.407, Wasserstein(log_eigs,log_real_eigs): 3.488
torch.Size([64, 1600])
Epoch [141/1000], Wasserstein(eigs,real_eigs): 14505.079, Wasserstein(log_eigs,log_real_eigs): 3.420
torch.Size([64, 1600])
Epoch [142/1000], Wasserstein(eigs,real_eigs): 7685.648, Wasserstein(log_eigs,log_real_eigs): 3.206
torch.Size([64, 1600])
Epoch [143/1000], Wasserstein(eigs,real_eigs): 8517.995, Wasserstein(log_eigs,log_real_eigs): 3.138
torch.Size([64, 1600])
Epoch [144/1000], Wasserstein(eigs,real_eigs): 9668.326, Wasserstein(log_eigs,log_real_eigs): 3.276
torch.Size([64, 1600])
Epoch [145/1000], Wasserstein(eigs,real_eigs): 11661.650, Wasserstein(log_eigs,log_real_eigs): 3.290
torch.Size([64, 1600])
Epoch [146/1000], Wasserstein(eigs,real_eigs): 13381.957, Wasserstein(log_eigs,log_real_eigs): 3.388
torch.Size([64, 1600])
Epoch [147/1000], Wasserstein(eigs,real_eigs): 15939.281, Wasserstein(log_eigs,log_real_eigs): 3.475
torch.Size([64, 1600])
Epoch [148/1000], Wasserstein(eigs,real_eigs): 13698.553, Wasserstein(log_eigs,log_real_eigs): 3.342
torch.Size([64, 1600])
Epoch [149/1000], Wasserstein(eigs,real_eigs): 18793.397, Wasserstein(log_eigs,log_real_eigs): 3.394
torch.Size([64, 1600])
Epoch [150/1000], Wasserstein(eigs,real_eigs): 16140.918, Wasserstein(log_eigs,log_real_eigs): 3.387
torch.Size([64, 1600])
Epoch [151/1000], Wasserstein(eigs,real_eigs): 15769.927, Wasserstein(log_eigs,log_real_eigs): 3.352
torch.Size([64, 1600])
Epoch [152/1000], Wasserstein(eigs,real_eigs): 12299.045, Wasserstein(log_eigs,log_real_eigs): 3.346
torch.Size([64, 1600])
Epoch [153/1000], Wasserstein(eigs,real_eigs): 17746.356, Wasserstein(log_eigs,log_real_eigs): 3.494
torch.Size([64, 1600])
Epoch [154/1000], Wasserstein(eigs,real_eigs): 24994.857, Wasserstein(log_eigs,log_real_eigs): 3.630
torch.Size([64, 1600])
Epoch [155/1000], Wasserstein(eigs,real_eigs): 25752.103, Wasserstein(log_eigs,log_real_eigs): 3.608
torch.Size([64, 1600])
Epoch [156/1000], Wasserstein(eigs,real_eigs): 27865.968, Wasserstein(log_eigs,log_real_eigs): 3.666
torch.Size([64, 1600])
Epoch [157/1000], Wasserstein(eigs,real_eigs): 37691.682, Wasserstein(log_eigs,log_real_eigs): 3.759
torch.Size([64, 1600])
Epoch [158/1000], Wasserstein(eigs,real_eigs): 32929.991, Wasserstein(log_eigs,log_real_eigs): 3.633
torch.Size([64, 1600])
Epoch [159/1000], Wasserstein(eigs,real_eigs): 39478.496, Wasserstein(log_eigs,log_real_eigs): 3.720
torch.Size([64, 1600])
Epoch [160/1000], Wasserstein(eigs,real_eigs): 63048.601, Wasserstein(log_eigs,log_real_eigs): 3.936
torch.Size([64, 1600])
Epoch [161/1000], Wasserstein(eigs,real_eigs): 83192.277, Wasserstein(log_eigs,log_real_eigs): 4.141
torch.Size([64, 1600])
Epoch [162/1000], Wasserstein(eigs,real_eigs): 63978.538, Wasserstein(log_eigs,log_real_eigs): 3.870
torch.Size([64, 1600])
Epoch [163/1000], Wasserstein(eigs,real_eigs): 61364.617, Wasserstein(log_eigs,log_real_eigs): 4.040
torch.Size([64, 1600])
Epoch [164/1000], Wasserstein(eigs,real_eigs): 45182.622, Wasserstein(log_eigs,log_real_eigs): 3.924
torch.Size([64, 1600])
Epoch [165/1000], Wasserstein(eigs,real_eigs): 45206.790, Wasserstein(log_eigs,log_real_eigs): 3.912
torch.Size([64, 1600])
Epoch [166/1000], Wasserstein(eigs,real_eigs): 50240.270, Wasserstein(log_eigs,log_real_eigs): 3.843
torch.Size([64, 1600])
Epoch [167/1000], Wasserstein(eigs,real_eigs): 37809.076, Wasserstein(log_eigs,log_real_eigs): 3.806
torch.Size([64, 1600])
Epoch [168/1000], Wasserstein(eigs,real_eigs): 39555.007, Wasserstein(log_eigs,log_real_eigs): 3.774
torch.Size([64, 1600])
Epoch [169/1000], Wasserstein(eigs,real_eigs): 43971.327, Wasserstein(log_eigs,log_real_eigs): 3.886
torch.Size([64, 1600])
Epoch [170/1000], Wasserstein(eigs,real_eigs): 40994.452, Wasserstein(log_eigs,log_real_eigs): 3.885
torch.Size([64, 1600])
Epoch [171/1000], Wasserstein(eigs,real_eigs): 33986.928, Wasserstein(log_eigs,log_real_eigs): 3.789
torch.Size([64, 1600])
Epoch [172/1000], Wasserstein(eigs,real_eigs): 45102.611, Wasserstein(log_eigs,log_real_eigs): 3.850
torch.Size([64, 1600])
Epoch [173/1000], Wasserstein(eigs,real_eigs): 55096.131, Wasserstein(log_eigs,log_real_eigs): 4.017
torch.Size([64, 1600])
Epoch [174/1000], Wasserstein(eigs,real_eigs): 43007.995, Wasserstein(log_eigs,log_real_eigs): 3.816
torch.Size([64, 1600])
Epoch [175/1000], Wasserstein(eigs,real_eigs): 36934.017, Wasserstein(log_eigs,log_real_eigs): 3.767
torch.Size([64, 1600])
Epoch [176/1000], Wasserstein(eigs,real_eigs): 37087.093, Wasserstein(log_eigs,log_real_eigs): 3.790
torch.Size([64, 1600])
Epoch [177/1000], Wasserstein(eigs,real_eigs): 39865.892, Wasserstein(log_eigs,log_real_eigs): 3.883
torch.Size([64, 1600])
Epoch [178/1000], Wasserstein(eigs,real_eigs): 42573.865, Wasserstein(log_eigs,log_real_eigs): 3.853
torch.Size([64, 1600])
Epoch [179/1000], Wasserstein(eigs,real_eigs): 41273.518, Wasserstein(log_eigs,log_real_eigs): 3.904
torch.Size([64, 1600])
Epoch [180/1000], Wasserstein(eigs,real_eigs): 40570.397, Wasserstein(log_eigs,log_real_eigs): 3.905
torch.Size([64, 1600])
Epoch [181/1000], Wasserstein(eigs,real_eigs): 38772.539, Wasserstein(log_eigs,log_real_eigs): 3.821
torch.Size([64, 1600])
Epoch [182/1000], Wasserstein(eigs,real_eigs): 48086.226, Wasserstein(log_eigs,log_real_eigs): 3.988
torch.Size([64, 1600])
Epoch [183/1000], Wasserstein(eigs,real_eigs): 45199.696, Wasserstein(log_eigs,log_real_eigs): 3.907
torch.Size([64, 1600])
Epoch [184/1000], Wasserstein(eigs,real_eigs): 31621.316, Wasserstein(log_eigs,log_real_eigs): 3.735
torch.Size([64, 1600])
Epoch [185/1000], Wasserstein(eigs,real_eigs): 24444.538, Wasserstein(log_eigs,log_real_eigs): 3.550
torch.Size([64, 1600])
Epoch [186/1000], Wasserstein(eigs,real_eigs): 24475.762, Wasserstein(log_eigs,log_real_eigs): 3.626
torch.Size([64, 1600])
Epoch [187/1000], Wasserstein(eigs,real_eigs): 23490.301, Wasserstein(log_eigs,log_real_eigs): 3.701
torch.Size([64, 1600])
Epoch [188/1000], Wasserstein(eigs,real_eigs): 24998.641, Wasserstein(log_eigs,log_real_eigs): 3.676
torch.Size([64, 1600])
Epoch [189/1000], Wasserstein(eigs,real_eigs): 28680.181, Wasserstein(log_eigs,log_real_eigs): 3.751
torch.Size([64, 1600])
Epoch [190/1000], Wasserstein(eigs,real_eigs): 33589.348, Wasserstein(log_eigs,log_real_eigs): 3.793
torch.Size([64, 1600])
Epoch [191/1000], Wasserstein(eigs,real_eigs): 35888.238, Wasserstein(log_eigs,log_real_eigs): 3.698
torch.Size([64, 1600])
Epoch [192/1000], Wasserstein(eigs,real_eigs): 41859.492, Wasserstein(log_eigs,log_real_eigs): 3.871
torch.Size([64, 1600])
Epoch [193/1000], Wasserstein(eigs,real_eigs): 38544.840, Wasserstein(log_eigs,log_real_eigs): 3.874
torch.Size([64, 1600])
Epoch [194/1000], Wasserstein(eigs,real_eigs): 40248.976, Wasserstein(log_eigs,log_real_eigs): 3.859
torch.Size([64, 1600])
Epoch [195/1000], Wasserstein(eigs,real_eigs): 47984.239, Wasserstein(log_eigs,log_real_eigs): 3.941
torch.Size([64, 1600])
Epoch [196/1000], Wasserstein(eigs,real_eigs): 49876.687, Wasserstein(log_eigs,log_real_eigs): 3.976
torch.Size([64, 1600])
Epoch [197/1000], Wasserstein(eigs,real_eigs): 52197.745, Wasserstein(log_eigs,log_real_eigs): 4.025
torch.Size([64, 1600])
Epoch [198/1000], Wasserstein(eigs,real_eigs): 77912.599, Wasserstein(log_eigs,log_real_eigs): 4.008
torch.Size([64, 1600])
Epoch [199/1000], Wasserstein(eigs,real_eigs): 58222.705, Wasserstein(log_eigs,log_real_eigs): 4.040
torch.Size([64, 1600])
Epoch [200/1000], Wasserstein(eigs,real_eigs): 48561.061, Wasserstein(log_eigs,log_real_eigs): 3.892
torch.Size([64, 1600])
Epoch [201/1000], Wasserstein(eigs,real_eigs): 46373.289, Wasserstein(log_eigs,log_real_eigs): 3.938
torch.Size([64, 1600])
Epoch [202/1000], Wasserstein(eigs,real_eigs): 47235.123, Wasserstein(log_eigs,log_real_eigs): 3.910
torch.Size([64, 1600])
Epoch [203/1000], Wasserstein(eigs,real_eigs): 49206.967, Wasserstein(log_eigs,log_real_eigs): 3.999
torch.Size([64, 1600])
Epoch [204/1000], Wasserstein(eigs,real_eigs): 53290.296, Wasserstein(log_eigs,log_real_eigs): 3.977
torch.Size([64, 1600])
Epoch [205/1000], Wasserstein(eigs,real_eigs): 55271.256, Wasserstein(log_eigs,log_real_eigs): 4.001
torch.Size([64, 1600])
Epoch [206/1000], Wasserstein(eigs,real_eigs): 65973.134, Wasserstein(log_eigs,log_real_eigs): 4.118
torch.Size([64, 1600])
Epoch [207/1000], Wasserstein(eigs,real_eigs): 62112.572, Wasserstein(log_eigs,log_real_eigs): 4.074
torch.Size([64, 1600])
Epoch [208/1000], Wasserstein(eigs,real_eigs): 50871.605, Wasserstein(log_eigs,log_real_eigs): 3.849
torch.Size([64, 1600])
Epoch [209/1000], Wasserstein(eigs,real_eigs): 46405.424, Wasserstein(log_eigs,log_real_eigs): 3.851
torch.Size([64, 1600])
Epoch [210/1000], Wasserstein(eigs,real_eigs): 40396.244, Wasserstein(log_eigs,log_real_eigs): 3.803
torch.Size([64, 1600])
Epoch [211/1000], Wasserstein(eigs,real_eigs): 38968.858, Wasserstein(log_eigs,log_real_eigs): 3.862
torch.Size([64, 1600])
Epoch [212/1000], Wasserstein(eigs,real_eigs): 38235.893, Wasserstein(log_eigs,log_real_eigs): 3.874
torch.Size([64, 1600])
Epoch [213/1000], Wasserstein(eigs,real_eigs): 39067.355, Wasserstein(log_eigs,log_real_eigs): 3.826
torch.Size([64, 1600])
Epoch [214/1000], Wasserstein(eigs,real_eigs): 40005.640, Wasserstein(log_eigs,log_real_eigs): 3.845
torch.Size([64, 1600])
Epoch [215/1000], Wasserstein(eigs,real_eigs): 44669.109, Wasserstein(log_eigs,log_real_eigs): 3.886
torch.Size([64, 1600])
Epoch [216/1000], Wasserstein(eigs,real_eigs): 50653.668, Wasserstein(log_eigs,log_real_eigs): 3.938
torch.Size([64, 1600])
Epoch [217/1000], Wasserstein(eigs,real_eigs): 67503.784, Wasserstein(log_eigs,log_real_eigs): 4.058
torch.Size([64, 1600])
Epoch [218/1000], Wasserstein(eigs,real_eigs): 74690.763, Wasserstein(log_eigs,log_real_eigs): 4.067
torch.Size([64, 1600])
Epoch [219/1000], Wasserstein(eigs,real_eigs): 83503.328, Wasserstein(log_eigs,log_real_eigs): 4.207
torch.Size([64, 1600])
Epoch [220/1000], Wasserstein(eigs,real_eigs): 83869.041, Wasserstein(log_eigs,log_real_eigs): 4.150
torch.Size([64, 1600])
Epoch [221/1000], Wasserstein(eigs,real_eigs): 80275.712, Wasserstein(log_eigs,log_real_eigs): 4.072
torch.Size([64, 1600])
Epoch [222/1000], Wasserstein(eigs,real_eigs): 36544.505, Wasserstein(log_eigs,log_real_eigs): 3.784
torch.Size([64, 1600])
Epoch [223/1000], Wasserstein(eigs,real_eigs): 40924.111, Wasserstein(log_eigs,log_real_eigs): 3.840
torch.Size([64, 1600])
Epoch [224/1000], Wasserstein(eigs,real_eigs): 44449.141, Wasserstein(log_eigs,log_real_eigs): 3.986
torch.Size([64, 1600])
Epoch [225/1000], Wasserstein(eigs,real_eigs): 42712.892, Wasserstein(log_eigs,log_real_eigs): 3.931
torch.Size([64, 1600])
Epoch [226/1000], Wasserstein(eigs,real_eigs): 38024.769, Wasserstein(log_eigs,log_real_eigs): 3.889
torch.Size([64, 1600])
Epoch [227/1000], Wasserstein(eigs,real_eigs): 37369.221, Wasserstein(log_eigs,log_real_eigs): 3.894
torch.Size([64, 1600])
Epoch [228/1000], Wasserstein(eigs,real_eigs): 30737.830, Wasserstein(log_eigs,log_real_eigs): 3.776
torch.Size([64, 1600])
Epoch [229/1000], Wasserstein(eigs,real_eigs): 32590.848, Wasserstein(log_eigs,log_real_eigs): 3.839
torch.Size([64, 1600])
Epoch [230/1000], Wasserstein(eigs,real_eigs): 38115.130, Wasserstein(log_eigs,log_real_eigs): 3.915
torch.Size([64, 1600])
Epoch [231/1000], Wasserstein(eigs,real_eigs): 36776.427, Wasserstein(log_eigs,log_real_eigs): 3.809
torch.Size([64, 1600])
Epoch [232/1000], Wasserstein(eigs,real_eigs): 30754.396, Wasserstein(log_eigs,log_real_eigs): 3.788
torch.Size([64, 1600])
Epoch [233/1000], Wasserstein(eigs,real_eigs): 27574.487, Wasserstein(log_eigs,log_real_eigs): 3.779
torch.Size([64, 1600])
Epoch [234/1000], Wasserstein(eigs,real_eigs): 24808.587, Wasserstein(log_eigs,log_real_eigs): 3.587
torch.Size([64, 1600])
Epoch [235/1000], Wasserstein(eigs,real_eigs): 22530.466, Wasserstein(log_eigs,log_real_eigs): 3.645
torch.Size([64, 1600])
Epoch [236/1000], Wasserstein(eigs,real_eigs): 31011.249, Wasserstein(log_eigs,log_real_eigs): 3.763
torch.Size([64, 1600])
Epoch [237/1000], Wasserstein(eigs,real_eigs): 34490.614, Wasserstein(log_eigs,log_real_eigs): 3.841
torch.Size([64, 1600])
Epoch [238/1000], Wasserstein(eigs,real_eigs): 37675.630, Wasserstein(log_eigs,log_real_eigs): 3.824
torch.Size([64, 1600])
Epoch [239/1000], Wasserstein(eigs,real_eigs): 34367.256, Wasserstein(log_eigs,log_real_eigs): 3.858
torch.Size([64, 1600])
Epoch [240/1000], Wasserstein(eigs,real_eigs): 46529.624, Wasserstein(log_eigs,log_real_eigs): 3.971
torch.Size([64, 1600])
Epoch [241/1000], Wasserstein(eigs,real_eigs): 49452.275, Wasserstein(log_eigs,log_real_eigs): 3.980
torch.Size([64, 1600])
Epoch [242/1000], Wasserstein(eigs,real_eigs): 45135.744, Wasserstein(log_eigs,log_real_eigs): 3.890
torch.Size([64, 1600])
Epoch [243/1000], Wasserstein(eigs,real_eigs): 36086.165, Wasserstein(log_eigs,log_real_eigs): 3.897
torch.Size([64, 1600])
Epoch [244/1000], Wasserstein(eigs,real_eigs): 40600.890, Wasserstein(log_eigs,log_real_eigs): 3.896
torch.Size([64, 1600])
Epoch [245/1000], Wasserstein(eigs,real_eigs): 44361.245, Wasserstein(log_eigs,log_real_eigs): 3.991
torch.Size([64, 1600])
Epoch [246/1000], Wasserstein(eigs,real_eigs): 47454.315, Wasserstein(log_eigs,log_real_eigs): 4.032
torch.Size([64, 1600])
Epoch [247/1000], Wasserstein(eigs,real_eigs): 46737.312, Wasserstein(log_eigs,log_real_eigs): 4.054
torch.Size([64, 1600])
Epoch [248/1000], Wasserstein(eigs,real_eigs): 47184.700, Wasserstein(log_eigs,log_real_eigs): 4.000
torch.Size([64, 1600])
Epoch [249/1000], Wasserstein(eigs,real_eigs): 52788.521, Wasserstein(log_eigs,log_real_eigs): 3.885
torch.Size([64, 1600])
Epoch [250/1000], Wasserstein(eigs,real_eigs): 54608.024, Wasserstein(log_eigs,log_real_eigs): 3.984
torch.Size([64, 1600])
Epoch [251/1000], Wasserstein(eigs,real_eigs): 58653.318, Wasserstein(log_eigs,log_real_eigs): 4.024
torch.Size([64, 1600])
Epoch [252/1000], Wasserstein(eigs,real_eigs): 67200.668, Wasserstein(log_eigs,log_real_eigs): 4.137
torch.Size([64, 1600])
Epoch [253/1000], Wasserstein(eigs,real_eigs): 71933.369, Wasserstein(log_eigs,log_real_eigs): 4.174
torch.Size([64, 1600])
Epoch [254/1000], Wasserstein(eigs,real_eigs): 70903.098, Wasserstein(log_eigs,log_real_eigs): 4.208
torch.Size([64, 1600])
Epoch [255/1000], Wasserstein(eigs,real_eigs): 72752.708, Wasserstein(log_eigs,log_real_eigs): 4.164
torch.Size([64, 1600])
Epoch [256/1000], Wasserstein(eigs,real_eigs): 67277.237, Wasserstein(log_eigs,log_real_eigs): 4.114
torch.Size([64, 1600])
Epoch [257/1000], Wasserstein(eigs,real_eigs): 65652.185, Wasserstein(log_eigs,log_real_eigs): 4.078
torch.Size([64, 1600])
Epoch [258/1000], Wasserstein(eigs,real_eigs): 58065.025, Wasserstein(log_eigs,log_real_eigs): 3.980
torch.Size([64, 1600])
Epoch [259/1000], Wasserstein(eigs,real_eigs): 73266.146, Wasserstein(log_eigs,log_real_eigs): 4.195
torch.Size([64, 1600])
Epoch [260/1000], Wasserstein(eigs,real_eigs): 83878.710, Wasserstein(log_eigs,log_real_eigs): 4.225
torch.Size([64, 1600])
Epoch [261/1000], Wasserstein(eigs,real_eigs): 72149.983, Wasserstein(log_eigs,log_real_eigs): 4.112
torch.Size([64, 1600])
Epoch [262/1000], Wasserstein(eigs,real_eigs): 83648.283, Wasserstein(log_eigs,log_real_eigs): 4.331
torch.Size([64, 1600])
Epoch [263/1000], Wasserstein(eigs,real_eigs): 78925.260, Wasserstein(log_eigs,log_real_eigs): 4.197
torch.Size([64, 1600])
Epoch [264/1000], Wasserstein(eigs,real_eigs): 54168.335, Wasserstein(log_eigs,log_real_eigs): 3.976
torch.Size([64, 1600])
Epoch [265/1000], Wasserstein(eigs,real_eigs): 42145.791, Wasserstein(log_eigs,log_real_eigs): 3.924
torch.Size([64, 1600])
Epoch [266/1000], Wasserstein(eigs,real_eigs): 47654.980, Wasserstein(log_eigs,log_real_eigs): 3.999
torch.Size([64, 1600])
Epoch [267/1000], Wasserstein(eigs,real_eigs): 39670.093, Wasserstein(log_eigs,log_real_eigs): 3.874
torch.Size([64, 1600])
Epoch [268/1000], Wasserstein(eigs,real_eigs): 45206.846, Wasserstein(log_eigs,log_real_eigs): 3.927
torch.Size([64, 1600])
Epoch [269/1000], Wasserstein(eigs,real_eigs): 46078.638, Wasserstein(log_eigs,log_real_eigs): 4.043
torch.Size([64, 1600])
Epoch [270/1000], Wasserstein(eigs,real_eigs): 51187.345, Wasserstein(log_eigs,log_real_eigs): 4.022
torch.Size([64, 1600])
Epoch [271/1000], Wasserstein(eigs,real_eigs): 57981.788, Wasserstein(log_eigs,log_real_eigs): 4.076
torch.Size([64, 1600])
Epoch [272/1000], Wasserstein(eigs,real_eigs): 59964.177, Wasserstein(log_eigs,log_real_eigs): 4.113
torch.Size([64, 1600])
Epoch [273/1000], Wasserstein(eigs,real_eigs): 65158.635, Wasserstein(log_eigs,log_real_eigs): 4.096
torch.Size([64, 1600])
Epoch [274/1000], Wasserstein(eigs,real_eigs): 59461.800, Wasserstein(log_eigs,log_real_eigs): 4.071
torch.Size([64, 1600])
Epoch [275/1000], Wasserstein(eigs,real_eigs): 79664.125, Wasserstein(log_eigs,log_real_eigs): 4.217
torch.Size([64, 1600])
Epoch [276/1000], Wasserstein(eigs,real_eigs): 68658.588, Wasserstein(log_eigs,log_real_eigs): 4.089
torch.Size([64, 1600])
Epoch [277/1000], Wasserstein(eigs,real_eigs): 58341.245, Wasserstein(log_eigs,log_real_eigs): 4.055
torch.Size([64, 1600])
Epoch [278/1000], Wasserstein(eigs,real_eigs): 61427.729, Wasserstein(log_eigs,log_real_eigs): 4.118
torch.Size([64, 1600])
Epoch [279/1000], Wasserstein(eigs,real_eigs): 77250.335, Wasserstein(log_eigs,log_real_eigs): 4.200
torch.Size([64, 1600])
Epoch [280/1000], Wasserstein(eigs,real_eigs): 74275.874, Wasserstein(log_eigs,log_real_eigs): 4.215
torch.Size([64, 1600])
Epoch [281/1000], Wasserstein(eigs,real_eigs): 76392.170, Wasserstein(log_eigs,log_real_eigs): 4.188
torch.Size([64, 1600])
Epoch [282/1000], Wasserstein(eigs,real_eigs): 95019.959, Wasserstein(log_eigs,log_real_eigs): 4.338
torch.Size([64, 1600])
Epoch [283/1000], Wasserstein(eigs,real_eigs): 88392.367, Wasserstein(log_eigs,log_real_eigs): 4.261
torch.Size([64, 1600])
Epoch [284/1000], Wasserstein(eigs,real_eigs): 84468.136, Wasserstein(log_eigs,log_real_eigs): 4.312
torch.Size([64, 1600])
Epoch [285/1000], Wasserstein(eigs,real_eigs): 62853.423, Wasserstein(log_eigs,log_real_eigs): 4.151
torch.Size([64, 1600])
Epoch [286/1000], Wasserstein(eigs,real_eigs): 75561.103, Wasserstein(log_eigs,log_real_eigs): 4.283
torch.Size([64, 1600])
Epoch [287/1000], Wasserstein(eigs,real_eigs): 70436.207, Wasserstein(log_eigs,log_real_eigs): 4.237
torch.Size([64, 1600])
Epoch [288/1000], Wasserstein(eigs,real_eigs): 61675.224, Wasserstein(log_eigs,log_real_eigs): 4.185
torch.Size([64, 1600])
Epoch [289/1000], Wasserstein(eigs,real_eigs): 67778.940, Wasserstein(log_eigs,log_real_eigs): 4.176
torch.Size([64, 1600])
Epoch [290/1000], Wasserstein(eigs,real_eigs): 59916.845, Wasserstein(log_eigs,log_real_eigs): 4.067
torch.Size([64, 1600])
Epoch [291/1000], Wasserstein(eigs,real_eigs): 55713.013, Wasserstein(log_eigs,log_real_eigs): 4.086
torch.Size([64, 1600])
Epoch [292/1000], Wasserstein(eigs,real_eigs): 58932.679, Wasserstein(log_eigs,log_real_eigs): 4.145
torch.Size([64, 1600])
Epoch [293/1000], Wasserstein(eigs,real_eigs): 45929.316, Wasserstein(log_eigs,log_real_eigs): 4.006
torch.Size([64, 1600])
Epoch [294/1000], Wasserstein(eigs,real_eigs): 43125.978, Wasserstein(log_eigs,log_real_eigs): 3.983
torch.Size([64, 1600])
Epoch [295/1000], Wasserstein(eigs,real_eigs): 32900.525, Wasserstein(log_eigs,log_real_eigs): 3.845
torch.Size([64, 1600])
Epoch [296/1000], Wasserstein(eigs,real_eigs): 49635.133, Wasserstein(log_eigs,log_real_eigs): 3.987
torch.Size([64, 1600])
Epoch [297/1000], Wasserstein(eigs,real_eigs): 52417.825, Wasserstein(log_eigs,log_real_eigs): 4.093
torch.Size([64, 1600])
Epoch [298/1000], Wasserstein(eigs,real_eigs): 64038.022, Wasserstein(log_eigs,log_real_eigs): 4.178
torch.Size([64, 1600])
Epoch [299/1000], Wasserstein(eigs,real_eigs): 37766.247, Wasserstein(log_eigs,log_real_eigs): 3.901
torch.Size([64, 1600])
Epoch [300/1000], Wasserstein(eigs,real_eigs): 30272.731, Wasserstein(log_eigs,log_real_eigs): 3.758
torch.Size([64, 1600])
Epoch [301/1000], Wasserstein(eigs,real_eigs): 26589.943, Wasserstein(log_eigs,log_real_eigs): 3.811
torch.Size([64, 1600])
Epoch [302/1000], Wasserstein(eigs,real_eigs): 50926.155, Wasserstein(log_eigs,log_real_eigs): 4.081
torch.Size([64, 1600])
Epoch [303/1000], Wasserstein(eigs,real_eigs): 65053.998, Wasserstein(log_eigs,log_real_eigs): 4.186
torch.Size([64, 1600])
Epoch [304/1000], Wasserstein(eigs,real_eigs): 66965.337, Wasserstein(log_eigs,log_real_eigs): 4.120
torch.Size([64, 1600])
Epoch [305/1000], Wasserstein(eigs,real_eigs): 57855.277, Wasserstein(log_eigs,log_real_eigs): 4.203
torch.Size([64, 1600])
Epoch [306/1000], Wasserstein(eigs,real_eigs): 62062.088, Wasserstein(log_eigs,log_real_eigs): 4.187
torch.Size([64, 1600])
Epoch [307/1000], Wasserstein(eigs,real_eigs): 58371.722, Wasserstein(log_eigs,log_real_eigs): 4.104
torch.Size([64, 1600])
Epoch [308/1000], Wasserstein(eigs,real_eigs): 67346.369, Wasserstein(log_eigs,log_real_eigs): 4.154
torch.Size([64, 1600])
Epoch [309/1000], Wasserstein(eigs,real_eigs): 50262.926, Wasserstein(log_eigs,log_real_eigs): 4.106
torch.Size([64, 1600])
Epoch [310/1000], Wasserstein(eigs,real_eigs): 41705.280, Wasserstein(log_eigs,log_real_eigs): 3.949
torch.Size([64, 1600])
Epoch [311/1000], Wasserstein(eigs,real_eigs): 42738.832, Wasserstein(log_eigs,log_real_eigs): 4.000
torch.Size([64, 1600])
Epoch [312/1000], Wasserstein(eigs,real_eigs): 41852.047, Wasserstein(log_eigs,log_real_eigs): 4.055
torch.Size([64, 1600])
Epoch [313/1000], Wasserstein(eigs,real_eigs): 33310.076, Wasserstein(log_eigs,log_real_eigs): 3.885
torch.Size([64, 1600])
Epoch [314/1000], Wasserstein(eigs,real_eigs): 25063.865, Wasserstein(log_eigs,log_real_eigs): 3.761
torch.Size([64, 1600])
Epoch [315/1000], Wasserstein(eigs,real_eigs): 35422.130, Wasserstein(log_eigs,log_real_eigs): 3.919
torch.Size([64, 1600])
Epoch [316/1000], Wasserstein(eigs,real_eigs): 28294.110, Wasserstein(log_eigs,log_real_eigs): 3.832
torch.Size([64, 1600])
Epoch [317/1000], Wasserstein(eigs,real_eigs): 29304.588, Wasserstein(log_eigs,log_real_eigs): 3.783
torch.Size([64, 1600])
Epoch [318/1000], Wasserstein(eigs,real_eigs): 33511.027, Wasserstein(log_eigs,log_real_eigs): 3.845
torch.Size([64, 1600])
Epoch [319/1000], Wasserstein(eigs,real_eigs): 41305.254, Wasserstein(log_eigs,log_real_eigs): 4.041
torch.Size([64, 1600])
Epoch [320/1000], Wasserstein(eigs,real_eigs): 42857.864, Wasserstein(log_eigs,log_real_eigs): 3.976
torch.Size([64, 1600])
Epoch [321/1000], Wasserstein(eigs,real_eigs): 47393.810, Wasserstein(log_eigs,log_real_eigs): 4.079
torch.Size([64, 1600])
Epoch [322/1000], Wasserstein(eigs,real_eigs): 49710.595, Wasserstein(log_eigs,log_real_eigs): 4.038
torch.Size([64, 1600])
Epoch [323/1000], Wasserstein(eigs,real_eigs): 48582.461, Wasserstein(log_eigs,log_real_eigs): 4.061
torch.Size([64, 1600])
Epoch [324/1000], Wasserstein(eigs,real_eigs): 59831.419, Wasserstein(log_eigs,log_real_eigs): 4.133
torch.Size([64, 1600])
Epoch [325/1000], Wasserstein(eigs,real_eigs): 37269.475, Wasserstein(log_eigs,log_real_eigs): 3.953
torch.Size([64, 1600])
Epoch [326/1000], Wasserstein(eigs,real_eigs): 42873.124, Wasserstein(log_eigs,log_real_eigs): 4.006
torch.Size([64, 1600])
Epoch [327/1000], Wasserstein(eigs,real_eigs): 49143.998, Wasserstein(log_eigs,log_real_eigs): 4.096
torch.Size([64, 1600])
Epoch [328/1000], Wasserstein(eigs,real_eigs): 64584.851, Wasserstein(log_eigs,log_real_eigs): 4.171
torch.Size([64, 1600])
Epoch [329/1000], Wasserstein(eigs,real_eigs): 68456.294, Wasserstein(log_eigs,log_real_eigs): 4.212
torch.Size([64, 1600])
Epoch [330/1000], Wasserstein(eigs,real_eigs): 58642.602, Wasserstein(log_eigs,log_real_eigs): 4.136
torch.Size([64, 1600])
Epoch [331/1000], Wasserstein(eigs,real_eigs): 39521.044, Wasserstein(log_eigs,log_real_eigs): 3.875
torch.Size([64, 1600])
Epoch [332/1000], Wasserstein(eigs,real_eigs): 20723.478, Wasserstein(log_eigs,log_real_eigs): 3.712
torch.Size([64, 1600])
Epoch [333/1000], Wasserstein(eigs,real_eigs): 14582.427, Wasserstein(log_eigs,log_real_eigs): 3.530
torch.Size([64, 1600])
Epoch [334/1000], Wasserstein(eigs,real_eigs): 14071.152, Wasserstein(log_eigs,log_real_eigs): 3.502
torch.Size([64, 1600])
Epoch [335/1000], Wasserstein(eigs,real_eigs): 19962.525, Wasserstein(log_eigs,log_real_eigs): 3.599
torch.Size([64, 1600])
Epoch [336/1000], Wasserstein(eigs,real_eigs): 23145.829, Wasserstein(log_eigs,log_real_eigs): 3.800
torch.Size([64, 1600])
Epoch [337/1000], Wasserstein(eigs,real_eigs): 11881.711, Wasserstein(log_eigs,log_real_eigs): 3.396
torch.Size([64, 1600])
Epoch [338/1000], Wasserstein(eigs,real_eigs): 17377.173, Wasserstein(log_eigs,log_real_eigs): 3.468
torch.Size([64, 1600])
Epoch [339/1000], Wasserstein(eigs,real_eigs): 21919.513, Wasserstein(log_eigs,log_real_eigs): 3.624
torch.Size([64, 1600])
Epoch [340/1000], Wasserstein(eigs,real_eigs): 23919.836, Wasserstein(log_eigs,log_real_eigs): 3.745
torch.Size([64, 1600])
Epoch [341/1000], Wasserstein(eigs,real_eigs): 22970.322, Wasserstein(log_eigs,log_real_eigs): 3.722
torch.Size([64, 1600])
Epoch [342/1000], Wasserstein(eigs,real_eigs): 23184.508, Wasserstein(log_eigs,log_real_eigs): 3.725
torch.Size([64, 1600])
Epoch [343/1000], Wasserstein(eigs,real_eigs): 24087.071, Wasserstein(log_eigs,log_real_eigs): 3.696
torch.Size([64, 1600])
Epoch [344/1000], Wasserstein(eigs,real_eigs): 23319.572, Wasserstein(log_eigs,log_real_eigs): 3.706
torch.Size([64, 1600])
Epoch [345/1000], Wasserstein(eigs,real_eigs): 10723.292, Wasserstein(log_eigs,log_real_eigs): 3.320
torch.Size([64, 1600])
Epoch [346/1000], Wasserstein(eigs,real_eigs): 10429.233, Wasserstein(log_eigs,log_real_eigs): 3.385
torch.Size([64, 1600])
Epoch [347/1000], Wasserstein(eigs,real_eigs): 7240.537, Wasserstein(log_eigs,log_real_eigs): 3.130
torch.Size([64, 1600])
Epoch [348/1000], Wasserstein(eigs,real_eigs): 9799.517, Wasserstein(log_eigs,log_real_eigs): 3.264
torch.Size([64, 1600])
Epoch [349/1000], Wasserstein(eigs,real_eigs): 17034.917, Wasserstein(log_eigs,log_real_eigs): 3.474
torch.Size([64, 1600])
Epoch [350/1000], Wasserstein(eigs,real_eigs): 17436.151, Wasserstein(log_eigs,log_real_eigs): 3.360
torch.Size([64, 1600])
Epoch [351/1000], Wasserstein(eigs,real_eigs): 11100.149, Wasserstein(log_eigs,log_real_eigs): 3.290
torch.Size([64, 1600])
Epoch [352/1000], Wasserstein(eigs,real_eigs): 12101.338, Wasserstein(log_eigs,log_real_eigs): 3.340
torch.Size([64, 1600])
Epoch [353/1000], Wasserstein(eigs,real_eigs): 12767.636, Wasserstein(log_eigs,log_real_eigs): 3.437
torch.Size([64, 1600])
Epoch [354/1000], Wasserstein(eigs,real_eigs): 14993.741, Wasserstein(log_eigs,log_real_eigs): 3.401
torch.Size([64, 1600])
Epoch [355/1000], Wasserstein(eigs,real_eigs): 19080.391, Wasserstein(log_eigs,log_real_eigs): 3.527
torch.Size([64, 1600])
Epoch [356/1000], Wasserstein(eigs,real_eigs): 18947.792, Wasserstein(log_eigs,log_real_eigs): 3.500
torch.Size([64, 1600])
Epoch [357/1000], Wasserstein(eigs,real_eigs): 22479.875, Wasserstein(log_eigs,log_real_eigs): 3.616
torch.Size([64, 1600])
Epoch [358/1000], Wasserstein(eigs,real_eigs): 20205.234, Wasserstein(log_eigs,log_real_eigs): 3.525
torch.Size([64, 1600])
Epoch [359/1000], Wasserstein(eigs,real_eigs): 14163.971, Wasserstein(log_eigs,log_real_eigs): 3.430
torch.Size([64, 1600])
Epoch [360/1000], Wasserstein(eigs,real_eigs): 10893.840, Wasserstein(log_eigs,log_real_eigs): 3.278
torch.Size([64, 1600])
Epoch [361/1000], Wasserstein(eigs,real_eigs): 13671.704, Wasserstein(log_eigs,log_real_eigs): 3.330
torch.Size([64, 1600])
Epoch [362/1000], Wasserstein(eigs,real_eigs): 20937.059, Wasserstein(log_eigs,log_real_eigs): 3.508
torch.Size([64, 1600])
Epoch [363/1000], Wasserstein(eigs,real_eigs): 25370.122, Wasserstein(log_eigs,log_real_eigs): 3.685
torch.Size([64, 1600])
Epoch [364/1000], Wasserstein(eigs,real_eigs): 26718.053, Wasserstein(log_eigs,log_real_eigs): 3.691
torch.Size([64, 1600])
Epoch [365/1000], Wasserstein(eigs,real_eigs): 20360.073, Wasserstein(log_eigs,log_real_eigs): 3.567
torch.Size([64, 1600])
Epoch [366/1000], Wasserstein(eigs,real_eigs): 19878.649, Wasserstein(log_eigs,log_real_eigs): 3.491
torch.Size([64, 1600])
Epoch [367/1000], Wasserstein(eigs,real_eigs): 20540.449, Wasserstein(log_eigs,log_real_eigs): 3.563
torch.Size([64, 1600])
Epoch [368/1000], Wasserstein(eigs,real_eigs): 23110.127, Wasserstein(log_eigs,log_real_eigs): 3.630
torch.Size([64, 1600])
Epoch [369/1000], Wasserstein(eigs,real_eigs): 14706.752, Wasserstein(log_eigs,log_real_eigs): 3.390
torch.Size([64, 1600])
Epoch [370/1000], Wasserstein(eigs,real_eigs): 12122.963, Wasserstein(log_eigs,log_real_eigs): 3.327
torch.Size([64, 1600])
Epoch [371/1000], Wasserstein(eigs,real_eigs): 12665.557, Wasserstein(log_eigs,log_real_eigs): 3.192
torch.Size([64, 1600])
Epoch [372/1000], Wasserstein(eigs,real_eigs): 18504.893, Wasserstein(log_eigs,log_real_eigs): 3.516
torch.Size([64, 1600])
Epoch [373/1000], Wasserstein(eigs,real_eigs): 18358.905, Wasserstein(log_eigs,log_real_eigs): 3.508
torch.Size([64, 1600])
Epoch [374/1000], Wasserstein(eigs,real_eigs): 29001.636, Wasserstein(log_eigs,log_real_eigs): 3.659
torch.Size([64, 1600])
Epoch [375/1000], Wasserstein(eigs,real_eigs): 24176.460, Wasserstein(log_eigs,log_real_eigs): 3.685
torch.Size([64, 1600])
Epoch [376/1000], Wasserstein(eigs,real_eigs): 24943.876, Wasserstein(log_eigs,log_real_eigs): 3.674
torch.Size([64, 1600])
Epoch [377/1000], Wasserstein(eigs,real_eigs): 26566.407, Wasserstein(log_eigs,log_real_eigs): 3.554
torch.Size([64, 1600])
Epoch [378/1000], Wasserstein(eigs,real_eigs): 26655.313, Wasserstein(log_eigs,log_real_eigs): 3.730
torch.Size([64, 1600])
Epoch [379/1000], Wasserstein(eigs,real_eigs): 27488.783, Wasserstein(log_eigs,log_real_eigs): 3.509
torch.Size([64, 1600])
Epoch [380/1000], Wasserstein(eigs,real_eigs): 31491.811, Wasserstein(log_eigs,log_real_eigs): 3.784
torch.Size([64, 1600])
Epoch [381/1000], Wasserstein(eigs,real_eigs): 35214.524, Wasserstein(log_eigs,log_real_eigs): 3.893
torch.Size([64, 1600])
Epoch [382/1000], Wasserstein(eigs,real_eigs): 22221.735, Wasserstein(log_eigs,log_real_eigs): 3.612
torch.Size([64, 1600])
Epoch [383/1000], Wasserstein(eigs,real_eigs): 21386.677, Wasserstein(log_eigs,log_real_eigs): 3.584
torch.Size([64, 1600])
Epoch [384/1000], Wasserstein(eigs,real_eigs): 25100.509, Wasserstein(log_eigs,log_real_eigs): 3.656
torch.Size([64, 1600])
Epoch [385/1000], Wasserstein(eigs,real_eigs): 21238.147, Wasserstein(log_eigs,log_real_eigs): 3.594
torch.Size([64, 1600])
Epoch [386/1000], Wasserstein(eigs,real_eigs): 30330.904, Wasserstein(log_eigs,log_real_eigs): 3.785
torch.Size([64, 1600])
Epoch [387/1000], Wasserstein(eigs,real_eigs): 20308.399, Wasserstein(log_eigs,log_real_eigs): 3.635
torch.Size([64, 1600])
Epoch [388/1000], Wasserstein(eigs,real_eigs): 13668.713, Wasserstein(log_eigs,log_real_eigs): 3.403
torch.Size([64, 1600])
Epoch [389/1000], Wasserstein(eigs,real_eigs): 14491.256, Wasserstein(log_eigs,log_real_eigs): 3.443
torch.Size([64, 1600])
Epoch [390/1000], Wasserstein(eigs,real_eigs): 16466.443, Wasserstein(log_eigs,log_real_eigs): 3.475
torch.Size([64, 1600])
Epoch [391/1000], Wasserstein(eigs,real_eigs): 11763.715, Wasserstein(log_eigs,log_real_eigs): 3.388
torch.Size([64, 1600])
Epoch [392/1000], Wasserstein(eigs,real_eigs): 11572.867, Wasserstein(log_eigs,log_real_eigs): 3.332
torch.Size([64, 1600])
Epoch [393/1000], Wasserstein(eigs,real_eigs): 27847.381, Wasserstein(log_eigs,log_real_eigs): 3.667
torch.Size([64, 1600])
Epoch [394/1000], Wasserstein(eigs,real_eigs): 18314.530, Wasserstein(log_eigs,log_real_eigs): 3.529
torch.Size([64, 1600])
Epoch [395/1000], Wasserstein(eigs,real_eigs): 23536.618, Wasserstein(log_eigs,log_real_eigs): 3.610
torch.Size([64, 1600])
Epoch [396/1000], Wasserstein(eigs,real_eigs): 19629.772, Wasserstein(log_eigs,log_real_eigs): 3.565
torch.Size([64, 1600])
Epoch [397/1000], Wasserstein(eigs,real_eigs): 14031.861, Wasserstein(log_eigs,log_real_eigs): 3.394
torch.Size([64, 1600])
Epoch [398/1000], Wasserstein(eigs,real_eigs): 8635.238, Wasserstein(log_eigs,log_real_eigs): 3.115
torch.Size([64, 1600])
Epoch [399/1000], Wasserstein(eigs,real_eigs): 7345.070, Wasserstein(log_eigs,log_real_eigs): 3.122
torch.Size([64, 1600])
Epoch [400/1000], Wasserstein(eigs,real_eigs): 12440.396, Wasserstein(log_eigs,log_real_eigs): 3.412
torch.Size([64, 1600])
Epoch [401/1000], Wasserstein(eigs,real_eigs): 7808.293, Wasserstein(log_eigs,log_real_eigs): 3.211
torch.Size([64, 1600])
Epoch [402/1000], Wasserstein(eigs,real_eigs): 15844.324, Wasserstein(log_eigs,log_real_eigs): 3.484
torch.Size([64, 1600])
Epoch [403/1000], Wasserstein(eigs,real_eigs): 16651.047, Wasserstein(log_eigs,log_real_eigs): 3.547
torch.Size([64, 1600])
Epoch [404/1000], Wasserstein(eigs,real_eigs): 33872.237, Wasserstein(log_eigs,log_real_eigs): 3.848
torch.Size([64, 1600])
Epoch [405/1000], Wasserstein(eigs,real_eigs): 21421.211, Wasserstein(log_eigs,log_real_eigs): 3.581
torch.Size([64, 1600])
Epoch [406/1000], Wasserstein(eigs,real_eigs): 7477.092, Wasserstein(log_eigs,log_real_eigs): 3.121
torch.Size([64, 1600])
Epoch [407/1000], Wasserstein(eigs,real_eigs): 9673.324, Wasserstein(log_eigs,log_real_eigs): 3.211
torch.Size([64, 1600])
Epoch [408/1000], Wasserstein(eigs,real_eigs): 11514.789, Wasserstein(log_eigs,log_real_eigs): 3.301
torch.Size([64, 1600])
Epoch [409/1000], Wasserstein(eigs,real_eigs): 9958.274, Wasserstein(log_eigs,log_real_eigs): 3.102
torch.Size([64, 1600])
Epoch [410/1000], Wasserstein(eigs,real_eigs): 10422.566, Wasserstein(log_eigs,log_real_eigs): 3.187
torch.Size([64, 1600])
Epoch [411/1000], Wasserstein(eigs,real_eigs): 8657.465, Wasserstein(log_eigs,log_real_eigs): 3.198
torch.Size([64, 1600])
Epoch [412/1000], Wasserstein(eigs,real_eigs): 19293.767, Wasserstein(log_eigs,log_real_eigs): 3.529
torch.Size([64, 1600])
Epoch [413/1000], Wasserstein(eigs,real_eigs): 9721.218, Wasserstein(log_eigs,log_real_eigs): 3.207
torch.Size([64, 1600])
Epoch [414/1000], Wasserstein(eigs,real_eigs): 19644.889, Wasserstein(log_eigs,log_real_eigs): 3.565
torch.Size([64, 1600])
Epoch [415/1000], Wasserstein(eigs,real_eigs): 17882.656, Wasserstein(log_eigs,log_real_eigs): 3.556
torch.Size([64, 1600])
Epoch [416/1000], Wasserstein(eigs,real_eigs): 8757.232, Wasserstein(log_eigs,log_real_eigs): 3.237
torch.Size([64, 1600])
Epoch [417/1000], Wasserstein(eigs,real_eigs): 11822.140, Wasserstein(log_eigs,log_real_eigs): 3.399
torch.Size([64, 1600])
Epoch [418/1000], Wasserstein(eigs,real_eigs): 12930.324, Wasserstein(log_eigs,log_real_eigs): 3.438
torch.Size([64, 1600])
Epoch [419/1000], Wasserstein(eigs,real_eigs): 15947.330, Wasserstein(log_eigs,log_real_eigs): 3.437
torch.Size([64, 1600])
Epoch [420/1000], Wasserstein(eigs,real_eigs): 14771.339, Wasserstein(log_eigs,log_real_eigs): 3.385
torch.Size([64, 1600])
Epoch [421/1000], Wasserstein(eigs,real_eigs): 4727.872, Wasserstein(log_eigs,log_real_eigs): 2.919
torch.Size([64, 1600])
Epoch [422/1000], Wasserstein(eigs,real_eigs): 7436.710, Wasserstein(log_eigs,log_real_eigs): 3.138
torch.Size([64, 1600])
Epoch [423/1000], Wasserstein(eigs,real_eigs): 6927.718, Wasserstein(log_eigs,log_real_eigs): 3.006
torch.Size([64, 1600])
Epoch [424/1000], Wasserstein(eigs,real_eigs): 5398.782, Wasserstein(log_eigs,log_real_eigs): 2.853
torch.Size([64, 1600])
Epoch [425/1000], Wasserstein(eigs,real_eigs): 6508.819, Wasserstein(log_eigs,log_real_eigs): 2.956
torch.Size([64, 1600])
Epoch [426/1000], Wasserstein(eigs,real_eigs): 14582.355, Wasserstein(log_eigs,log_real_eigs): 3.447
torch.Size([64, 1600])
Epoch [427/1000], Wasserstein(eigs,real_eigs): 10060.800, Wasserstein(log_eigs,log_real_eigs): 3.212
torch.Size([64, 1600])
Epoch [428/1000], Wasserstein(eigs,real_eigs): 3373.236, Wasserstein(log_eigs,log_real_eigs): 2.705
torch.Size([64, 1600])
Epoch [429/1000], Wasserstein(eigs,real_eigs): 13604.093, Wasserstein(log_eigs,log_real_eigs): 3.429
torch.Size([64, 1600])
Epoch [430/1000], Wasserstein(eigs,real_eigs): 12202.564, Wasserstein(log_eigs,log_real_eigs): 3.419
torch.Size([64, 1600])
Epoch [431/1000], Wasserstein(eigs,real_eigs): 8704.473, Wasserstein(log_eigs,log_real_eigs): 3.200
torch.Size([64, 1600])
Epoch [432/1000], Wasserstein(eigs,real_eigs): 5984.271, Wasserstein(log_eigs,log_real_eigs): 2.944
torch.Size([64, 1600])
Epoch [433/1000], Wasserstein(eigs,real_eigs): 16062.065, Wasserstein(log_eigs,log_real_eigs): 3.437
torch.Size([64, 1600])
Epoch [434/1000], Wasserstein(eigs,real_eigs): 17388.761, Wasserstein(log_eigs,log_real_eigs): 3.416
torch.Size([64, 1600])
Epoch [435/1000], Wasserstein(eigs,real_eigs): 8281.253, Wasserstein(log_eigs,log_real_eigs): 3.191
torch.Size([64, 1600])
Epoch [436/1000], Wasserstein(eigs,real_eigs): 8026.199, Wasserstein(log_eigs,log_real_eigs): 3.075
torch.Size([64, 1600])
Epoch [437/1000], Wasserstein(eigs,real_eigs): 8852.498, Wasserstein(log_eigs,log_real_eigs): 3.064
torch.Size([64, 1600])
Epoch [438/1000], Wasserstein(eigs,real_eigs): 5315.756, Wasserstein(log_eigs,log_real_eigs): 2.839
torch.Size([64, 1600])
Epoch [439/1000], Wasserstein(eigs,real_eigs): 6879.066, Wasserstein(log_eigs,log_real_eigs): 2.796
torch.Size([64, 1600])
Epoch [440/1000], Wasserstein(eigs,real_eigs): 2953.095, Wasserstein(log_eigs,log_real_eigs): 2.203
torch.Size([64, 1600])
Epoch [441/1000], Wasserstein(eigs,real_eigs): 3374.069, Wasserstein(log_eigs,log_real_eigs): 2.132
torch.Size([64, 1600])
Epoch [442/1000], Wasserstein(eigs,real_eigs): 2494.863, Wasserstein(log_eigs,log_real_eigs): 1.823
torch.Size([64, 1600])
Epoch [443/1000], Wasserstein(eigs,real_eigs): 3455.078, Wasserstein(log_eigs,log_real_eigs): 2.286
torch.Size([64, 1600])
Epoch [444/1000], Wasserstein(eigs,real_eigs): 3262.388, Wasserstein(log_eigs,log_real_eigs): 1.924
torch.Size([64, 1600])
Epoch [445/1000], Wasserstein(eigs,real_eigs): 1147.275, Wasserstein(log_eigs,log_real_eigs): 1.776
torch.Size([64, 1600])
Epoch [446/1000], Wasserstein(eigs,real_eigs): 12728.439, Wasserstein(log_eigs,log_real_eigs): 2.235
torch.Size([64, 1600])
Epoch [447/1000], Wasserstein(eigs,real_eigs): 5526.973, Wasserstein(log_eigs,log_real_eigs): 1.771
torch.Size([64, 1600])
Epoch [448/1000], Wasserstein(eigs,real_eigs): 11633.348, Wasserstein(log_eigs,log_real_eigs): 2.141
torch.Size([64, 1600])
Epoch [449/1000], Wasserstein(eigs,real_eigs): 9531.512, Wasserstein(log_eigs,log_real_eigs): 1.836
torch.Size([64, 1600])
Epoch [450/1000], Wasserstein(eigs,real_eigs): 2463.192, Wasserstein(log_eigs,log_real_eigs): 1.298
torch.Size([64, 1600])
Epoch [451/1000], Wasserstein(eigs,real_eigs): 9064.296, Wasserstein(log_eigs,log_real_eigs): 1.844
torch.Size([64, 1600])
Epoch [452/1000], Wasserstein(eigs,real_eigs): 1151.336, Wasserstein(log_eigs,log_real_eigs): 1.252
torch.Size([64, 1600])
Epoch [453/1000], Wasserstein(eigs,real_eigs): 4243.303, Wasserstein(log_eigs,log_real_eigs): 1.445
torch.Size([64, 1600])
Epoch [454/1000], Wasserstein(eigs,real_eigs): 1370.344, Wasserstein(log_eigs,log_real_eigs): 1.286
torch.Size([64, 1600])
Epoch [455/1000], Wasserstein(eigs,real_eigs): 7112.571, Wasserstein(log_eigs,log_real_eigs): 1.558
torch.Size([64, 1600])
Epoch [456/1000], Wasserstein(eigs,real_eigs): 427.549, Wasserstein(log_eigs,log_real_eigs): 1.147
torch.Size([64, 1600])
Epoch [457/1000], Wasserstein(eigs,real_eigs): 425.029, Wasserstein(log_eigs,log_real_eigs): 0.946
torch.Size([64, 1600])
Epoch [458/1000], Wasserstein(eigs,real_eigs): 371.141, Wasserstein(log_eigs,log_real_eigs): 0.952
torch.Size([64, 1600])
Epoch [459/1000], Wasserstein(eigs,real_eigs): 19756.589, Wasserstein(log_eigs,log_real_eigs): 1.989
torch.Size([64, 1600])
Epoch [460/1000], Wasserstein(eigs,real_eigs): 18189.525, Wasserstein(log_eigs,log_real_eigs): 1.926
torch.Size([64, 1600])
Epoch [461/1000], Wasserstein(eigs,real_eigs): 532.942, Wasserstein(log_eigs,log_real_eigs): 0.970
torch.Size([64, 1600])
Epoch [462/1000], Wasserstein(eigs,real_eigs): 2764.025, Wasserstein(log_eigs,log_real_eigs): 1.064
torch.Size([64, 1600])
Epoch [463/1000], Wasserstein(eigs,real_eigs): 3810.146, Wasserstein(log_eigs,log_real_eigs): 1.204
torch.Size([64, 1600])
Epoch [464/1000], Wasserstein(eigs,real_eigs): 4472.701, Wasserstein(log_eigs,log_real_eigs): 1.205
torch.Size([64, 1600])
Epoch [465/1000], Wasserstein(eigs,real_eigs): 527.917, Wasserstein(log_eigs,log_real_eigs): 0.784
torch.Size([64, 1600])
Epoch [466/1000], Wasserstein(eigs,real_eigs): 30319.904, Wasserstein(log_eigs,log_real_eigs): 2.237
torch.Size([64, 1600])
Epoch [467/1000], Wasserstein(eigs,real_eigs): 439.259, Wasserstein(log_eigs,log_real_eigs): 0.651
torch.Size([64, 1600])
Epoch [468/1000], Wasserstein(eigs,real_eigs): 5139.305, Wasserstein(log_eigs,log_real_eigs): 1.260
torch.Size([64, 1600])
Epoch [469/1000], Wasserstein(eigs,real_eigs): 153.304, Wasserstein(log_eigs,log_real_eigs): 0.713
torch.Size([64, 1600])
Epoch [470/1000], Wasserstein(eigs,real_eigs): 87.289, Wasserstein(log_eigs,log_real_eigs): 0.539
torch.Size([64, 1600])
Epoch [471/1000], Wasserstein(eigs,real_eigs): 196.783, Wasserstein(log_eigs,log_real_eigs): 0.625
torch.Size([64, 1600])
Epoch [472/1000], Wasserstein(eigs,real_eigs): 427.980, Wasserstein(log_eigs,log_real_eigs): 0.683
torch.Size([64, 1600])
Epoch [473/1000], Wasserstein(eigs,real_eigs): 15227.205, Wasserstein(log_eigs,log_real_eigs): 1.439
torch.Size([64, 1600])
Epoch [474/1000], Wasserstein(eigs,real_eigs): 4267.825, Wasserstein(log_eigs,log_real_eigs): 0.896
torch.Size([64, 1600])
Epoch [475/1000], Wasserstein(eigs,real_eigs): 7937.513, Wasserstein(log_eigs,log_real_eigs): 1.120
torch.Size([64, 1600])
Epoch [476/1000], Wasserstein(eigs,real_eigs): 32008.950, Wasserstein(log_eigs,log_real_eigs): 1.979
torch.Size([64, 1600])
Epoch [477/1000], Wasserstein(eigs,real_eigs): 20504.003, Wasserstein(log_eigs,log_real_eigs): 1.575
torch.Size([64, 1600])
Epoch [478/1000], Wasserstein(eigs,real_eigs): 105.271, Wasserstein(log_eigs,log_real_eigs): 0.347
torch.Size([64, 1600])
Epoch [479/1000], Wasserstein(eigs,real_eigs): 1169.073, Wasserstein(log_eigs,log_real_eigs): 0.574
torch.Size([64, 1600])
Epoch [480/1000], Wasserstein(eigs,real_eigs): 6565.119, Wasserstein(log_eigs,log_real_eigs): 0.969
torch.Size([64, 1600])
Epoch [481/1000], Wasserstein(eigs,real_eigs): 5557.782, Wasserstein(log_eigs,log_real_eigs): 1.073
torch.Size([64, 1600])
Epoch [482/1000], Wasserstein(eigs,real_eigs): 16915.584, Wasserstein(log_eigs,log_real_eigs): 1.848
torch.Size([64, 1600])
Epoch [483/1000], Wasserstein(eigs,real_eigs): 24208.920, Wasserstein(log_eigs,log_real_eigs): 1.567
torch.Size([64, 1600])
Epoch [484/1000], Wasserstein(eigs,real_eigs): 103.964, Wasserstein(log_eigs,log_real_eigs): 1.304
torch.Size([64, 1600])
Epoch [485/1000], Wasserstein(eigs,real_eigs): 1032.102, Wasserstein(log_eigs,log_real_eigs): 0.973
torch.Size([64, 1600])
Epoch [486/1000], Wasserstein(eigs,real_eigs): 19459.616, Wasserstein(log_eigs,log_real_eigs): 1.215
torch.Size([64, 1600])
Epoch [487/1000], Wasserstein(eigs,real_eigs): 61032.551, Wasserstein(log_eigs,log_real_eigs): 2.325
torch.Size([64, 1600])
Epoch [488/1000], Wasserstein(eigs,real_eigs): 29505.988, Wasserstein(log_eigs,log_real_eigs): 1.658
torch.Size([64, 1600])
Epoch [489/1000], Wasserstein(eigs,real_eigs): 3620.538, Wasserstein(log_eigs,log_real_eigs): 0.812
torch.Size([64, 1600])
Epoch [490/1000], Wasserstein(eigs,real_eigs): 1.235, Wasserstein(log_eigs,log_real_eigs): 0.164
torch.Size([64, 1600])
Epoch [491/1000], Wasserstein(eigs,real_eigs): 2.993, Wasserstein(log_eigs,log_real_eigs): 0.440
torch.Size([64, 1600])
Epoch [492/1000], Wasserstein(eigs,real_eigs): 2.913, Wasserstein(log_eigs,log_real_eigs): 0.391
torch.Size([64, 1600])
Epoch [493/1000], Wasserstein(eigs,real_eigs): 2.521, Wasserstein(log_eigs,log_real_eigs): 0.263
torch.Size([64, 1600])
Epoch [494/1000], Wasserstein(eigs,real_eigs): 2.182, Wasserstein(log_eigs,log_real_eigs): 0.214
torch.Size([64, 1600])
Epoch [495/1000], Wasserstein(eigs,real_eigs): 1.964, Wasserstein(log_eigs,log_real_eigs): 0.219
torch.Size([64, 1600])
Epoch [496/1000], Wasserstein(eigs,real_eigs): 1.551, Wasserstein(log_eigs,log_real_eigs): 0.208
torch.Size([64, 1600])
Epoch [497/1000], Wasserstein(eigs,real_eigs): 1.436, Wasserstein(log_eigs,log_real_eigs): 0.201
torch.Size([64, 1600])
Epoch [498/1000], Wasserstein(eigs,real_eigs): 1.229, Wasserstein(log_eigs,log_real_eigs): 0.203
torch.Size([64, 1600])
Epoch [499/1000], Wasserstein(eigs,real_eigs): 1.123, Wasserstein(log_eigs,log_real_eigs): 0.184
torch.Size([64, 1600])
Epoch [500/1000], Wasserstein(eigs,real_eigs): 1.023, Wasserstein(log_eigs,log_real_eigs): 0.172
torch.Size([64, 1600])
Epoch [501/1000], Wasserstein(eigs,real_eigs): 1.128, Wasserstein(log_eigs,log_real_eigs): 0.188
torch.Size([64, 1600])
Epoch [502/1000], Wasserstein(eigs,real_eigs): 1.045, Wasserstein(log_eigs,log_real_eigs): 0.160
torch.Size([64, 1600])
Epoch [503/1000], Wasserstein(eigs,real_eigs): 0.773, Wasserstein(log_eigs,log_real_eigs): 0.194
torch.Size([64, 1600])
Epoch [504/1000], Wasserstein(eigs,real_eigs): 0.673, Wasserstein(log_eigs,log_real_eigs): 0.205
torch.Size([64, 1600])
Epoch [505/1000], Wasserstein(eigs,real_eigs): 1.126, Wasserstein(log_eigs,log_real_eigs): 0.182
torch.Size([64, 1600])
Epoch [506/1000], Wasserstein(eigs,real_eigs): 0.746, Wasserstein(log_eigs,log_real_eigs): 0.162
torch.Size([64, 1600])
Epoch [507/1000], Wasserstein(eigs,real_eigs): 0.881, Wasserstein(log_eigs,log_real_eigs): 0.165
torch.Size([64, 1600])
Epoch [508/1000], Wasserstein(eigs,real_eigs): 0.656, Wasserstein(log_eigs,log_real_eigs): 0.131
torch.Size([64, 1600])
Epoch [509/1000], Wasserstein(eigs,real_eigs): 0.984, Wasserstein(log_eigs,log_real_eigs): 0.125
torch.Size([64, 1600])
Epoch [510/1000], Wasserstein(eigs,real_eigs): 1.051, Wasserstein(log_eigs,log_real_eigs): 0.134
torch.Size([64, 1600])
Epoch [511/1000], Wasserstein(eigs,real_eigs): 0.545, Wasserstein(log_eigs,log_real_eigs): 0.125
torch.Size([64, 1600])
Epoch [512/1000], Wasserstein(eigs,real_eigs): 0.546, Wasserstein(log_eigs,log_real_eigs): 0.117
torch.Size([64, 1600])
Epoch [513/1000], Wasserstein(eigs,real_eigs): 0.586, Wasserstein(log_eigs,log_real_eigs): 0.120
torch.Size([64, 1600])
Epoch [514/1000], Wasserstein(eigs,real_eigs): 0.467, Wasserstein(log_eigs,log_real_eigs): 0.108
torch.Size([64, 1600])
Epoch [515/1000], Wasserstein(eigs,real_eigs): 0.917, Wasserstein(log_eigs,log_real_eigs): 0.128
torch.Size([64, 1600])
Epoch [516/1000], Wasserstein(eigs,real_eigs): 0.564, Wasserstein(log_eigs,log_real_eigs): 0.123
torch.Size([64, 1600])
Epoch [517/1000], Wasserstein(eigs,real_eigs): 0.316, Wasserstein(log_eigs,log_real_eigs): 0.103
torch.Size([64, 1600])
Epoch [518/1000], Wasserstein(eigs,real_eigs): 0.306, Wasserstein(log_eigs,log_real_eigs): 0.088
torch.Size([64, 1600])
Epoch [519/1000], Wasserstein(eigs,real_eigs): 0.415, Wasserstein(log_eigs,log_real_eigs): 0.085
torch.Size([64, 1600])
Epoch [520/1000], Wasserstein(eigs,real_eigs): 0.616, Wasserstein(log_eigs,log_real_eigs): 0.111
torch.Size([64, 1600])
Epoch [521/1000], Wasserstein(eigs,real_eigs): 0.419, Wasserstein(log_eigs,log_real_eigs): 0.072
torch.Size([64, 1600])
Epoch [522/1000], Wasserstein(eigs,real_eigs): 0.540, Wasserstein(log_eigs,log_real_eigs): 0.116
torch.Size([64, 1600])
Epoch [523/1000], Wasserstein(eigs,real_eigs): 0.502, Wasserstein(log_eigs,log_real_eigs): 0.094
torch.Size([64, 1600])
Epoch [524/1000], Wasserstein(eigs,real_eigs): 0.897, Wasserstein(log_eigs,log_real_eigs): 0.131
torch.Size([64, 1600])
Epoch [525/1000], Wasserstein(eigs,real_eigs): 0.664, Wasserstein(log_eigs,log_real_eigs): 0.137
torch.Size([64, 1600])
Epoch [526/1000], Wasserstein(eigs,real_eigs): 0.481, Wasserstein(log_eigs,log_real_eigs): 0.100
torch.Size([64, 1600])
Epoch [527/1000], Wasserstein(eigs,real_eigs): 0.501, Wasserstein(log_eigs,log_real_eigs): 0.090
torch.Size([64, 1600])
Epoch [528/1000], Wasserstein(eigs,real_eigs): 0.520, Wasserstein(log_eigs,log_real_eigs): 0.102
torch.Size([64, 1600])
Epoch [529/1000], Wasserstein(eigs,real_eigs): 0.298, Wasserstein(log_eigs,log_real_eigs): 0.090
torch.Size([64, 1600])
Epoch [530/1000], Wasserstein(eigs,real_eigs): 0.470, Wasserstein(log_eigs,log_real_eigs): 0.099
torch.Size([64, 1600])
Epoch [531/1000], Wasserstein(eigs,real_eigs): 0.386, Wasserstein(log_eigs,log_real_eigs): 0.105
torch.Size([64, 1600])
Epoch [532/1000], Wasserstein(eigs,real_eigs): 0.842, Wasserstein(log_eigs,log_real_eigs): 0.172
torch.Size([64, 1600])
Epoch [533/1000], Wasserstein(eigs,real_eigs): 0.658, Wasserstein(log_eigs,log_real_eigs): 0.135
torch.Size([64, 1600])
Epoch [534/1000], Wasserstein(eigs,real_eigs): 0.504, Wasserstein(log_eigs,log_real_eigs): 0.142
torch.Size([64, 1600])
Epoch [535/1000], Wasserstein(eigs,real_eigs): 0.505, Wasserstein(log_eigs,log_real_eigs): 0.120
torch.Size([64, 1600])
Epoch [536/1000], Wasserstein(eigs,real_eigs): 0.580, Wasserstein(log_eigs,log_real_eigs): 0.081
torch.Size([64, 1600])
Epoch [537/1000], Wasserstein(eigs,real_eigs): 0.344, Wasserstein(log_eigs,log_real_eigs): 0.099
torch.Size([64, 1600])
Epoch [538/1000], Wasserstein(eigs,real_eigs): 0.649, Wasserstein(log_eigs,log_real_eigs): 0.173
torch.Size([64, 1600])
Epoch [539/1000], Wasserstein(eigs,real_eigs): 0.563, Wasserstein(log_eigs,log_real_eigs): 0.205
torch.Size([64, 1600])
Epoch [540/1000], Wasserstein(eigs,real_eigs): 0.396, Wasserstein(log_eigs,log_real_eigs): 0.106
torch.Size([64, 1600])
Epoch [541/1000], Wasserstein(eigs,real_eigs): 0.448, Wasserstein(log_eigs,log_real_eigs): 0.133
torch.Size([64, 1600])
Epoch [542/1000], Wasserstein(eigs,real_eigs): 0.698, Wasserstein(log_eigs,log_real_eigs): 0.168
torch.Size([64, 1600])
Epoch [543/1000], Wasserstein(eigs,real_eigs): 0.645, Wasserstein(log_eigs,log_real_eigs): 0.127
torch.Size([64, 1600])
Epoch [544/1000], Wasserstein(eigs,real_eigs): 0.420, Wasserstein(log_eigs,log_real_eigs): 0.104
torch.Size([64, 1600])
Epoch [545/1000], Wasserstein(eigs,real_eigs): 0.754, Wasserstein(log_eigs,log_real_eigs): 0.152
torch.Size([64, 1600])
Epoch [546/1000], Wasserstein(eigs,real_eigs): 0.649, Wasserstein(log_eigs,log_real_eigs): 0.251
torch.Size([64, 1600])
Epoch [547/1000], Wasserstein(eigs,real_eigs): 0.725, Wasserstein(log_eigs,log_real_eigs): 0.115
torch.Size([64, 1600])
Epoch [548/1000], Wasserstein(eigs,real_eigs): 0.472, Wasserstein(log_eigs,log_real_eigs): 0.166
torch.Size([64, 1600])
Epoch [549/1000], Wasserstein(eigs,real_eigs): 0.530, Wasserstein(log_eigs,log_real_eigs): 0.195
torch.Size([64, 1600])
Epoch [550/1000], Wasserstein(eigs,real_eigs): 0.556, Wasserstein(log_eigs,log_real_eigs): 0.203
torch.Size([64, 1600])
Epoch [551/1000], Wasserstein(eigs,real_eigs): 0.869, Wasserstein(log_eigs,log_real_eigs): 0.226
torch.Size([64, 1600])
Epoch [552/1000], Wasserstein(eigs,real_eigs): 0.468, Wasserstein(log_eigs,log_real_eigs): 0.108
torch.Size([64, 1600])
Epoch [553/1000], Wasserstein(eigs,real_eigs): 0.478, Wasserstein(log_eigs,log_real_eigs): 0.094
torch.Size([64, 1600])
Epoch [554/1000], Wasserstein(eigs,real_eigs): 0.765, Wasserstein(log_eigs,log_real_eigs): 0.136
torch.Size([64, 1600])
Epoch [555/1000], Wasserstein(eigs,real_eigs): 0.595, Wasserstein(log_eigs,log_real_eigs): 0.239
torch.Size([64, 1600])
Epoch [556/1000], Wasserstein(eigs,real_eigs): 0.557, Wasserstein(log_eigs,log_real_eigs): 0.230
torch.Size([64, 1600])
Epoch [557/1000], Wasserstein(eigs,real_eigs): 0.410, Wasserstein(log_eigs,log_real_eigs): 0.140
torch.Size([64, 1600])
Epoch [558/1000], Wasserstein(eigs,real_eigs): 0.589, Wasserstein(log_eigs,log_real_eigs): 0.100
torch.Size([64, 1600])
Epoch [559/1000], Wasserstein(eigs,real_eigs): 0.780, Wasserstein(log_eigs,log_real_eigs): 0.269
torch.Size([64, 1600])
Epoch [560/1000], Wasserstein(eigs,real_eigs): 0.499, Wasserstein(log_eigs,log_real_eigs): 0.168
torch.Size([64, 1600])
Epoch [561/1000], Wasserstein(eigs,real_eigs): 0.606, Wasserstein(log_eigs,log_real_eigs): 0.137
torch.Size([64, 1600])
Epoch [562/1000], Wasserstein(eigs,real_eigs): 1.345, Wasserstein(log_eigs,log_real_eigs): 0.120
torch.Size([64, 1600])
Epoch [563/1000], Wasserstein(eigs,real_eigs): 0.743, Wasserstein(log_eigs,log_real_eigs): 0.283
torch.Size([64, 1600])
Epoch [564/1000], Wasserstein(eigs,real_eigs): 0.590, Wasserstein(log_eigs,log_real_eigs): 0.149
torch.Size([64, 1600])
Epoch [565/1000], Wasserstein(eigs,real_eigs): 0.376, Wasserstein(log_eigs,log_real_eigs): 0.099
torch.Size([64, 1600])
Epoch [566/1000], Wasserstein(eigs,real_eigs): 0.460, Wasserstein(log_eigs,log_real_eigs): 0.131
torch.Size([64, 1600])
Epoch [567/1000], Wasserstein(eigs,real_eigs): 0.747, Wasserstein(log_eigs,log_real_eigs): 0.229
torch.Size([64, 1600])
Epoch [568/1000], Wasserstein(eigs,real_eigs): 0.671, Wasserstein(log_eigs,log_real_eigs): 0.128
torch.Size([64, 1600])
Epoch [569/1000], Wasserstein(eigs,real_eigs): 0.566, Wasserstein(log_eigs,log_real_eigs): 0.130
torch.Size([64, 1600])
Epoch [570/1000], Wasserstein(eigs,real_eigs): 0.465, Wasserstein(log_eigs,log_real_eigs): 0.124
torch.Size([64, 1600])
Epoch [571/1000], Wasserstein(eigs,real_eigs): 0.568, Wasserstein(log_eigs,log_real_eigs): 0.102
torch.Size([64, 1600])
Epoch [572/1000], Wasserstein(eigs,real_eigs): 0.539, Wasserstein(log_eigs,log_real_eigs): 0.164
torch.Size([64, 1600])
Epoch [573/1000], Wasserstein(eigs,real_eigs): 0.739, Wasserstein(log_eigs,log_real_eigs): 0.140
torch.Size([64, 1600])
Epoch [574/1000], Wasserstein(eigs,real_eigs): 0.680, Wasserstein(log_eigs,log_real_eigs): 0.265
torch.Size([64, 1600])
Epoch [575/1000], Wasserstein(eigs,real_eigs): 0.620, Wasserstein(log_eigs,log_real_eigs): 0.095
torch.Size([64, 1600])
Epoch [576/1000], Wasserstein(eigs,real_eigs): 0.347, Wasserstein(log_eigs,log_real_eigs): 0.119
torch.Size([64, 1600])
Epoch [577/1000], Wasserstein(eigs,real_eigs): 0.446, Wasserstein(log_eigs,log_real_eigs): 0.139
torch.Size([64, 1600])
Epoch [578/1000], Wasserstein(eigs,real_eigs): 0.544, Wasserstein(log_eigs,log_real_eigs): 0.210
torch.Size([64, 1600])
Epoch [579/1000], Wasserstein(eigs,real_eigs): 0.759, Wasserstein(log_eigs,log_real_eigs): 0.101
torch.Size([64, 1600])
Epoch [580/1000], Wasserstein(eigs,real_eigs): 0.458, Wasserstein(log_eigs,log_real_eigs): 0.142
torch.Size([64, 1600])
Epoch [581/1000], Wasserstein(eigs,real_eigs): 0.627, Wasserstein(log_eigs,log_real_eigs): 0.183
torch.Size([64, 1600])
Epoch [582/1000], Wasserstein(eigs,real_eigs): 0.388, Wasserstein(log_eigs,log_real_eigs): 0.115
torch.Size([64, 1600])
Epoch [583/1000], Wasserstein(eigs,real_eigs): 0.421, Wasserstein(log_eigs,log_real_eigs): 0.132
torch.Size([64, 1600])
Epoch [584/1000], Wasserstein(eigs,real_eigs): 0.647, Wasserstein(log_eigs,log_real_eigs): 0.139
torch.Size([64, 1600])
Epoch [585/1000], Wasserstein(eigs,real_eigs): 0.661, Wasserstein(log_eigs,log_real_eigs): 0.107
torch.Size([64, 1600])
Epoch [586/1000], Wasserstein(eigs,real_eigs): 0.725, Wasserstein(log_eigs,log_real_eigs): 0.176
torch.Size([64, 1600])
Epoch [587/1000], Wasserstein(eigs,real_eigs): 0.658, Wasserstein(log_eigs,log_real_eigs): 0.150
torch.Size([64, 1600])
Epoch [588/1000], Wasserstein(eigs,real_eigs): 0.574, Wasserstein(log_eigs,log_real_eigs): 0.114
torch.Size([64, 1600])
Epoch [589/1000], Wasserstein(eigs,real_eigs): 0.406, Wasserstein(log_eigs,log_real_eigs): 0.117
torch.Size([64, 1600])
Epoch [590/1000], Wasserstein(eigs,real_eigs): 0.357, Wasserstein(log_eigs,log_real_eigs): 0.110
torch.Size([64, 1600])
Epoch [591/1000], Wasserstein(eigs,real_eigs): 0.928, Wasserstein(log_eigs,log_real_eigs): 0.192
torch.Size([64, 1600])
Epoch [592/1000], Wasserstein(eigs,real_eigs): 0.595, Wasserstein(log_eigs,log_real_eigs): 0.103
torch.Size([64, 1600])
Epoch [593/1000], Wasserstein(eigs,real_eigs): 0.401, Wasserstein(log_eigs,log_real_eigs): 0.114
torch.Size([64, 1600])
Epoch [594/1000], Wasserstein(eigs,real_eigs): 0.472, Wasserstein(log_eigs,log_real_eigs): 0.099
torch.Size([64, 1600])
Epoch [595/1000], Wasserstein(eigs,real_eigs): 0.392, Wasserstein(log_eigs,log_real_eigs): 0.122
torch.Size([64, 1600])
Epoch [596/1000], Wasserstein(eigs,real_eigs): 0.428, Wasserstein(log_eigs,log_real_eigs): 0.098
torch.Size([64, 1600])
Epoch [597/1000], Wasserstein(eigs,real_eigs): 1.274, Wasserstein(log_eigs,log_real_eigs): 0.185
torch.Size([64, 1600])
Epoch [598/1000], Wasserstein(eigs,real_eigs): 0.505, Wasserstein(log_eigs,log_real_eigs): 0.103
torch.Size([64, 1600])
Epoch [599/1000], Wasserstein(eigs,real_eigs): 0.413, Wasserstein(log_eigs,log_real_eigs): 0.080
torch.Size([64, 1600])
Epoch [600/1000], Wasserstein(eigs,real_eigs): 0.451, Wasserstein(log_eigs,log_real_eigs): 0.095
torch.Size([64, 1600])
Epoch [601/1000], Wasserstein(eigs,real_eigs): 0.806, Wasserstein(log_eigs,log_real_eigs): 0.109
torch.Size([64, 1600])
Epoch [602/1000], Wasserstein(eigs,real_eigs): 0.682, Wasserstein(log_eigs,log_real_eigs): 0.118
torch.Size([64, 1600])
Epoch [603/1000], Wasserstein(eigs,real_eigs): 0.371, Wasserstein(log_eigs,log_real_eigs): 0.089
torch.Size([64, 1600])
Epoch [604/1000], Wasserstein(eigs,real_eigs): 1.250, Wasserstein(log_eigs,log_real_eigs): 0.142
torch.Size([64, 1600])
Epoch [605/1000], Wasserstein(eigs,real_eigs): 0.389, Wasserstein(log_eigs,log_real_eigs): 0.094
torch.Size([64, 1600])
Epoch [606/1000], Wasserstein(eigs,real_eigs): 0.353, Wasserstein(log_eigs,log_real_eigs): 0.090
torch.Size([64, 1600])
Epoch [607/1000], Wasserstein(eigs,real_eigs): 0.744, Wasserstein(log_eigs,log_real_eigs): 0.104
torch.Size([64, 1600])
Epoch [608/1000], Wasserstein(eigs,real_eigs): 0.347, Wasserstein(log_eigs,log_real_eigs): 0.123
torch.Size([64, 1600])
Epoch [609/1000], Wasserstein(eigs,real_eigs): 0.824, Wasserstein(log_eigs,log_real_eigs): 0.144
torch.Size([64, 1600])
Epoch [610/1000], Wasserstein(eigs,real_eigs): 0.438, Wasserstein(log_eigs,log_real_eigs): 0.095
torch.Size([64, 1600])
Epoch [611/1000], Wasserstein(eigs,real_eigs): 0.607, Wasserstein(log_eigs,log_real_eigs): 0.220
torch.Size([64, 1600])
Epoch [612/1000], Wasserstein(eigs,real_eigs): 0.391, Wasserstein(log_eigs,log_real_eigs): 0.106
torch.Size([64, 1600])
Epoch [613/1000], Wasserstein(eigs,real_eigs): 0.285, Wasserstein(log_eigs,log_real_eigs): 0.105
torch.Size([64, 1600])
Epoch [614/1000], Wasserstein(eigs,real_eigs): 0.741, Wasserstein(log_eigs,log_real_eigs): 0.151
torch.Size([64, 1600])
Epoch [615/1000], Wasserstein(eigs,real_eigs): 1.856, Wasserstein(log_eigs,log_real_eigs): 0.239
torch.Size([64, 1600])
Epoch [616/1000], Wasserstein(eigs,real_eigs): 0.385, Wasserstein(log_eigs,log_real_eigs): 0.123
torch.Size([64, 1600])
Epoch [617/1000], Wasserstein(eigs,real_eigs): 0.504, Wasserstein(log_eigs,log_real_eigs): 0.125
torch.Size([64, 1600])
Epoch [618/1000], Wasserstein(eigs,real_eigs): 0.760, Wasserstein(log_eigs,log_real_eigs): 0.118
torch.Size([64, 1600])
Epoch [619/1000], Wasserstein(eigs,real_eigs): 0.934, Wasserstein(log_eigs,log_real_eigs): 0.143
torch.Size([64, 1600])
Epoch [620/1000], Wasserstein(eigs,real_eigs): 1.163, Wasserstein(log_eigs,log_real_eigs): 0.180
torch.Size([64, 1600])
Epoch [621/1000], Wasserstein(eigs,real_eigs): 0.888, Wasserstein(log_eigs,log_real_eigs): 0.115
torch.Size([64, 1600])
Epoch [622/1000], Wasserstein(eigs,real_eigs): 0.774, Wasserstein(log_eigs,log_real_eigs): 0.134
torch.Size([64, 1600])
Epoch [623/1000], Wasserstein(eigs,real_eigs): 0.650, Wasserstein(log_eigs,log_real_eigs): 0.082
torch.Size([64, 1600])
Epoch [624/1000], Wasserstein(eigs,real_eigs): 1.032, Wasserstein(log_eigs,log_real_eigs): 0.135
torch.Size([64, 1600])
Epoch [625/1000], Wasserstein(eigs,real_eigs): 1.269, Wasserstein(log_eigs,log_real_eigs): 0.144
torch.Size([64, 1600])
Epoch [626/1000], Wasserstein(eigs,real_eigs): 0.497, Wasserstein(log_eigs,log_real_eigs): 0.131
torch.Size([64, 1600])
Epoch [627/1000], Wasserstein(eigs,real_eigs): 1.551, Wasserstein(log_eigs,log_real_eigs): 0.196
torch.Size([64, 1600])
Epoch [628/1000], Wasserstein(eigs,real_eigs): 0.849, Wasserstein(log_eigs,log_real_eigs): 0.124
torch.Size([64, 1600])
Epoch [629/1000], Wasserstein(eigs,real_eigs): 0.745, Wasserstein(log_eigs,log_real_eigs): 0.140
torch.Size([64, 1600])
Epoch [630/1000], Wasserstein(eigs,real_eigs): 0.658, Wasserstein(log_eigs,log_real_eigs): 0.125
torch.Size([64, 1600])
Epoch [631/1000], Wasserstein(eigs,real_eigs): 0.665, Wasserstein(log_eigs,log_real_eigs): 0.143
torch.Size([64, 1600])
Epoch [632/1000], Wasserstein(eigs,real_eigs): 0.589, Wasserstein(log_eigs,log_real_eigs): 0.113
torch.Size([64, 1600])
Epoch [633/1000], Wasserstein(eigs,real_eigs): 1.148, Wasserstein(log_eigs,log_real_eigs): 0.232
torch.Size([64, 1600])
Epoch [634/1000], Wasserstein(eigs,real_eigs): 0.340, Wasserstein(log_eigs,log_real_eigs): 0.092
torch.Size([64, 1600])
Epoch [635/1000], Wasserstein(eigs,real_eigs): 0.418, Wasserstein(log_eigs,log_real_eigs): 0.120
torch.Size([64, 1600])
Epoch [636/1000], Wasserstein(eigs,real_eigs): 0.442, Wasserstein(log_eigs,log_real_eigs): 0.105
torch.Size([64, 1600])
Epoch [637/1000], Wasserstein(eigs,real_eigs): 0.429, Wasserstein(log_eigs,log_real_eigs): 0.105
torch.Size([64, 1600])
Epoch [638/1000], Wasserstein(eigs,real_eigs): 0.287, Wasserstein(log_eigs,log_real_eigs): 0.076
torch.Size([64, 1600])
Epoch [639/1000], Wasserstein(eigs,real_eigs): 0.395, Wasserstein(log_eigs,log_real_eigs): 0.110
torch.Size([64, 1600])
Epoch [640/1000], Wasserstein(eigs,real_eigs): 1.194, Wasserstein(log_eigs,log_real_eigs): 0.194
torch.Size([64, 1600])
Epoch [641/1000], Wasserstein(eigs,real_eigs): 0.770, Wasserstein(log_eigs,log_real_eigs): 0.170
torch.Size([64, 1600])
Epoch [642/1000], Wasserstein(eigs,real_eigs): 0.803, Wasserstein(log_eigs,log_real_eigs): 0.152
torch.Size([64, 1600])
Epoch [643/1000], Wasserstein(eigs,real_eigs): 1.218, Wasserstein(log_eigs,log_real_eigs): 0.184
torch.Size([64, 1600])
Epoch [644/1000], Wasserstein(eigs,real_eigs): 0.498, Wasserstein(log_eigs,log_real_eigs): 0.132
torch.Size([64, 1600])
Epoch [645/1000], Wasserstein(eigs,real_eigs): 1.222, Wasserstein(log_eigs,log_real_eigs): 0.171
torch.Size([64, 1600])
Epoch [646/1000], Wasserstein(eigs,real_eigs): 0.471, Wasserstein(log_eigs,log_real_eigs): 0.101
torch.Size([64, 1600])
Epoch [647/1000], Wasserstein(eigs,real_eigs): 1.055, Wasserstein(log_eigs,log_real_eigs): 0.155
torch.Size([64, 1600])
Epoch [648/1000], Wasserstein(eigs,real_eigs): 0.808, Wasserstein(log_eigs,log_real_eigs): 0.137
torch.Size([64, 1600])
Epoch [649/1000], Wasserstein(eigs,real_eigs): 0.298, Wasserstein(log_eigs,log_real_eigs): 0.116
torch.Size([64, 1600])
Epoch [650/1000], Wasserstein(eigs,real_eigs): 0.463, Wasserstein(log_eigs,log_real_eigs): 0.107
torch.Size([64, 1600])
Epoch [651/1000], Wasserstein(eigs,real_eigs): 0.693, Wasserstein(log_eigs,log_real_eigs): 0.143
torch.Size([64, 1600])
Epoch [652/1000], Wasserstein(eigs,real_eigs): 0.425, Wasserstein(log_eigs,log_real_eigs): 0.095
torch.Size([64, 1600])
Epoch [653/1000], Wasserstein(eigs,real_eigs): 0.450, Wasserstein(log_eigs,log_real_eigs): 0.101
torch.Size([64, 1600])
Epoch [654/1000], Wasserstein(eigs,real_eigs): 0.435, Wasserstein(log_eigs,log_real_eigs): 0.077
torch.Size([64, 1600])
Epoch [655/1000], Wasserstein(eigs,real_eigs): 0.622, Wasserstein(log_eigs,log_real_eigs): 0.098
torch.Size([64, 1600])
Epoch [656/1000], Wasserstein(eigs,real_eigs): 0.372, Wasserstein(log_eigs,log_real_eigs): 0.108
torch.Size([64, 1600])
Epoch [657/1000], Wasserstein(eigs,real_eigs): 0.516, Wasserstein(log_eigs,log_real_eigs): 0.145
torch.Size([64, 1600])
Epoch [658/1000], Wasserstein(eigs,real_eigs): 0.982, Wasserstein(log_eigs,log_real_eigs): 0.151
torch.Size([64, 1600])
Epoch [659/1000], Wasserstein(eigs,real_eigs): 0.551, Wasserstein(log_eigs,log_real_eigs): 0.127
torch.Size([64, 1600])
Epoch [660/1000], Wasserstein(eigs,real_eigs): 0.343, Wasserstein(log_eigs,log_real_eigs): 0.098
torch.Size([64, 1600])
Epoch [661/1000], Wasserstein(eigs,real_eigs): 0.379, Wasserstein(log_eigs,log_real_eigs): 0.132
torch.Size([64, 1600])
Epoch [662/1000], Wasserstein(eigs,real_eigs): 0.339, Wasserstein(log_eigs,log_real_eigs): 0.128
torch.Size([64, 1600])
Epoch [663/1000], Wasserstein(eigs,real_eigs): 1.133, Wasserstein(log_eigs,log_real_eigs): 0.148
torch.Size([64, 1600])
Epoch [664/1000], Wasserstein(eigs,real_eigs): 0.744, Wasserstein(log_eigs,log_real_eigs): 0.115
torch.Size([64, 1600])
Epoch [665/1000], Wasserstein(eigs,real_eigs): 0.981, Wasserstein(log_eigs,log_real_eigs): 0.123
torch.Size([64, 1600])
Epoch [666/1000], Wasserstein(eigs,real_eigs): 0.736, Wasserstein(log_eigs,log_real_eigs): 0.116
torch.Size([64, 1600])
Epoch [667/1000], Wasserstein(eigs,real_eigs): 0.492, Wasserstein(log_eigs,log_real_eigs): 0.118
torch.Size([64, 1600])
Epoch [668/1000], Wasserstein(eigs,real_eigs): 0.469, Wasserstein(log_eigs,log_real_eigs): 0.123
torch.Size([64, 1600])
Epoch [669/1000], Wasserstein(eigs,real_eigs): 0.476, Wasserstein(log_eigs,log_real_eigs): 0.106
torch.Size([64, 1600])
Epoch [670/1000], Wasserstein(eigs,real_eigs): 0.439, Wasserstein(log_eigs,log_real_eigs): 0.164
torch.Size([64, 1600])
Epoch [671/1000], Wasserstein(eigs,real_eigs): 0.252, Wasserstein(log_eigs,log_real_eigs): 0.096
torch.Size([64, 1600])
Epoch [672/1000], Wasserstein(eigs,real_eigs): 1.247, Wasserstein(log_eigs,log_real_eigs): 0.224
torch.Size([64, 1600])
Epoch [673/1000], Wasserstein(eigs,real_eigs): 0.389, Wasserstein(log_eigs,log_real_eigs): 0.104
torch.Size([64, 1600])
Epoch [674/1000], Wasserstein(eigs,real_eigs): 0.453, Wasserstein(log_eigs,log_real_eigs): 0.116
torch.Size([64, 1600])
Epoch [675/1000], Wasserstein(eigs,real_eigs): 0.521, Wasserstein(log_eigs,log_real_eigs): 0.108
torch.Size([64, 1600])
Epoch [676/1000], Wasserstein(eigs,real_eigs): 0.484, Wasserstein(log_eigs,log_real_eigs): 0.150
torch.Size([64, 1600])
Epoch [677/1000], Wasserstein(eigs,real_eigs): 1.190, Wasserstein(log_eigs,log_real_eigs): 0.214
torch.Size([64, 1600])
Epoch [678/1000], Wasserstein(eigs,real_eigs): 0.388, Wasserstein(log_eigs,log_real_eigs): 0.099
torch.Size([64, 1600])
Epoch [679/1000], Wasserstein(eigs,real_eigs): 0.537, Wasserstein(log_eigs,log_real_eigs): 0.126
torch.Size([64, 1600])
Epoch [680/1000], Wasserstein(eigs,real_eigs): 0.807, Wasserstein(log_eigs,log_real_eigs): 0.147
torch.Size([64, 1600])
Epoch [681/1000], Wasserstein(eigs,real_eigs): 1.151, Wasserstein(log_eigs,log_real_eigs): 0.144
torch.Size([64, 1600])
Epoch [682/1000], Wasserstein(eigs,real_eigs): 0.864, Wasserstein(log_eigs,log_real_eigs): 0.137
torch.Size([64, 1600])
Epoch [683/1000], Wasserstein(eigs,real_eigs): 1.515, Wasserstein(log_eigs,log_real_eigs): 0.166
torch.Size([64, 1600])
Epoch [684/1000], Wasserstein(eigs,real_eigs): 0.432, Wasserstein(log_eigs,log_real_eigs): 0.116
torch.Size([64, 1600])
Epoch [685/1000], Wasserstein(eigs,real_eigs): 0.596, Wasserstein(log_eigs,log_real_eigs): 0.116
torch.Size([64, 1600])
Epoch [686/1000], Wasserstein(eigs,real_eigs): 0.488, Wasserstein(log_eigs,log_real_eigs): 0.155
torch.Size([64, 1600])
Epoch [687/1000], Wasserstein(eigs,real_eigs): 1.253, Wasserstein(log_eigs,log_real_eigs): 0.142
torch.Size([64, 1600])
Epoch [688/1000], Wasserstein(eigs,real_eigs): 1.044, Wasserstein(log_eigs,log_real_eigs): 0.151
torch.Size([64, 1600])
Epoch [689/1000], Wasserstein(eigs,real_eigs): 1.538, Wasserstein(log_eigs,log_real_eigs): 0.134
torch.Size([64, 1600])
Epoch [690/1000], Wasserstein(eigs,real_eigs): 0.823, Wasserstein(log_eigs,log_real_eigs): 0.133
torch.Size([64, 1600])
Epoch [691/1000], Wasserstein(eigs,real_eigs): 0.391, Wasserstein(log_eigs,log_real_eigs): 0.100
torch.Size([64, 1600])
Epoch [692/1000], Wasserstein(eigs,real_eigs): 2.549, Wasserstein(log_eigs,log_real_eigs): 0.308
torch.Size([64, 1600])
Epoch [693/1000], Wasserstein(eigs,real_eigs): 0.496, Wasserstein(log_eigs,log_real_eigs): 0.116
torch.Size([64, 1600])
Epoch [694/1000], Wasserstein(eigs,real_eigs): 0.877, Wasserstein(log_eigs,log_real_eigs): 0.160
torch.Size([64, 1600])
Epoch [695/1000], Wasserstein(eigs,real_eigs): 0.372, Wasserstein(log_eigs,log_real_eigs): 0.108
torch.Size([64, 1600])
Epoch [696/1000], Wasserstein(eigs,real_eigs): 1.267, Wasserstein(log_eigs,log_real_eigs): 0.148
torch.Size([64, 1600])
Epoch [697/1000], Wasserstein(eigs,real_eigs): 0.532, Wasserstein(log_eigs,log_real_eigs): 0.167
torch.Size([64, 1600])
Epoch [698/1000], Wasserstein(eigs,real_eigs): 0.470, Wasserstein(log_eigs,log_real_eigs): 0.164
torch.Size([64, 1600])
Epoch [699/1000], Wasserstein(eigs,real_eigs): 0.890, Wasserstein(log_eigs,log_real_eigs): 0.115
torch.Size([64, 1600])
Epoch [700/1000], Wasserstein(eigs,real_eigs): 1.103, Wasserstein(log_eigs,log_real_eigs): 0.140
torch.Size([64, 1600])
Epoch [701/1000], Wasserstein(eigs,real_eigs): 0.484, Wasserstein(log_eigs,log_real_eigs): 0.104
torch.Size([64, 1600])
Epoch [702/1000], Wasserstein(eigs,real_eigs): 1.376, Wasserstein(log_eigs,log_real_eigs): 0.190
torch.Size([64, 1600])
Epoch [703/1000], Wasserstein(eigs,real_eigs): 0.324, Wasserstein(log_eigs,log_real_eigs): 0.116
torch.Size([64, 1600])
Epoch [704/1000], Wasserstein(eigs,real_eigs): 0.606, Wasserstein(log_eigs,log_real_eigs): 0.129
torch.Size([64, 1600])
Epoch [705/1000], Wasserstein(eigs,real_eigs): 0.496, Wasserstein(log_eigs,log_real_eigs): 0.112
torch.Size([64, 1600])
Epoch [706/1000], Wasserstein(eigs,real_eigs): 0.757, Wasserstein(log_eigs,log_real_eigs): 0.162
torch.Size([64, 1600])
Epoch [707/1000], Wasserstein(eigs,real_eigs): 1.433, Wasserstein(log_eigs,log_real_eigs): 0.256
torch.Size([64, 1600])
Epoch [708/1000], Wasserstein(eigs,real_eigs): 0.471, Wasserstein(log_eigs,log_real_eigs): 0.116
torch.Size([64, 1600])
Epoch [709/1000], Wasserstein(eigs,real_eigs): 0.660, Wasserstein(log_eigs,log_real_eigs): 0.124
torch.Size([64, 1600])
Epoch [710/1000], Wasserstein(eigs,real_eigs): 0.935, Wasserstein(log_eigs,log_real_eigs): 0.144
torch.Size([64, 1600])
Epoch [711/1000], Wasserstein(eigs,real_eigs): 0.352, Wasserstein(log_eigs,log_real_eigs): 0.089
torch.Size([64, 1600])
Epoch [712/1000], Wasserstein(eigs,real_eigs): 0.445, Wasserstein(log_eigs,log_real_eigs): 0.140
torch.Size([64, 1600])
Epoch [713/1000], Wasserstein(eigs,real_eigs): 0.689, Wasserstein(log_eigs,log_real_eigs): 0.149
torch.Size([64, 1600])
Epoch [714/1000], Wasserstein(eigs,real_eigs): 0.396, Wasserstein(log_eigs,log_real_eigs): 0.095
torch.Size([64, 1600])
Epoch [715/1000], Wasserstein(eigs,real_eigs): 0.561, Wasserstein(log_eigs,log_real_eigs): 0.134
torch.Size([64, 1600])
Epoch [716/1000], Wasserstein(eigs,real_eigs): 0.422, Wasserstein(log_eigs,log_real_eigs): 0.120
torch.Size([64, 1600])
Epoch [717/1000], Wasserstein(eigs,real_eigs): 1.204, Wasserstein(log_eigs,log_real_eigs): 0.170
torch.Size([64, 1600])
Epoch [718/1000], Wasserstein(eigs,real_eigs): 0.689, Wasserstein(log_eigs,log_real_eigs): 0.136
torch.Size([64, 1600])
Epoch [719/1000], Wasserstein(eigs,real_eigs): 0.358, Wasserstein(log_eigs,log_real_eigs): 0.114
torch.Size([64, 1600])
Epoch [720/1000], Wasserstein(eigs,real_eigs): 1.173, Wasserstein(log_eigs,log_real_eigs): 0.145
torch.Size([64, 1600])
Epoch [721/1000], Wasserstein(eigs,real_eigs): 0.978, Wasserstein(log_eigs,log_real_eigs): 0.140
torch.Size([64, 1600])
Epoch [722/1000], Wasserstein(eigs,real_eigs): 0.387, Wasserstein(log_eigs,log_real_eigs): 0.150
torch.Size([64, 1600])
Epoch [723/1000], Wasserstein(eigs,real_eigs): 0.783, Wasserstein(log_eigs,log_real_eigs): 0.148
torch.Size([64, 1600])
Epoch [724/1000], Wasserstein(eigs,real_eigs): 0.311, Wasserstein(log_eigs,log_real_eigs): 0.075
torch.Size([64, 1600])
Epoch [725/1000], Wasserstein(eigs,real_eigs): 0.411, Wasserstein(log_eigs,log_real_eigs): 0.097
torch.Size([64, 1600])
Epoch [726/1000], Wasserstein(eigs,real_eigs): 0.871, Wasserstein(log_eigs,log_real_eigs): 0.116
torch.Size([64, 1600])
Epoch [727/1000], Wasserstein(eigs,real_eigs): 0.295, Wasserstein(log_eigs,log_real_eigs): 0.120
torch.Size([64, 1600])
Epoch [728/1000], Wasserstein(eigs,real_eigs): 2.090, Wasserstein(log_eigs,log_real_eigs): 0.195
torch.Size([64, 1600])
Epoch [729/1000], Wasserstein(eigs,real_eigs): 0.372, Wasserstein(log_eigs,log_real_eigs): 0.130
torch.Size([64, 1600])
Epoch [730/1000], Wasserstein(eigs,real_eigs): 1.749, Wasserstein(log_eigs,log_real_eigs): 0.277
torch.Size([64, 1600])
Epoch [731/1000], Wasserstein(eigs,real_eigs): 0.297, Wasserstein(log_eigs,log_real_eigs): 0.122
torch.Size([64, 1600])
Epoch [732/1000], Wasserstein(eigs,real_eigs): 1.941, Wasserstein(log_eigs,log_real_eigs): 0.202
torch.Size([64, 1600])
Epoch [733/1000], Wasserstein(eigs,real_eigs): 0.361, Wasserstein(log_eigs,log_real_eigs): 0.136
torch.Size([64, 1600])
Epoch [734/1000], Wasserstein(eigs,real_eigs): 0.436, Wasserstein(log_eigs,log_real_eigs): 0.110
torch.Size([64, 1600])
Epoch [735/1000], Wasserstein(eigs,real_eigs): 0.816, Wasserstein(log_eigs,log_real_eigs): 0.142
torch.Size([64, 1600])
Epoch [736/1000], Wasserstein(eigs,real_eigs): 0.243, Wasserstein(log_eigs,log_real_eigs): 0.088
