2019-10-17 10:48:40.317335
Namespace(batch_size=64, dataroot='/home/jim/Documents/RandomBergman/KS4/data/', diff=0, epochs=1000, exp=None, h11=50, log_interval=1, lr=5e-05, lr_D=5e-05, lr_G=5e-05, model_type='GAN_DCGAN', n_critic_steps=5, newsize=40, num_geometries=2500, nz=15, outdir='./experiments/exp_GAN_DCGAN_50_15_10172019_104840', plot_interval=20, py_version=3, save=True, show_plots=False, test_batch_size=10000)
Namespace(batch_size=64, dataroot='/home/jim/Documents/RandomBergman/KS4/data/', diff=0, epochs=1000, exp=None, h11=50, log_interval=1, lr=5e-05, lr_D=5e-05, lr_G=5e-05, model_type='GAN_DCGAN', n_critic_steps=5, newsize=40, num_geometries=2500, nz=15, outdir='./experiments/exp_GAN_DCGAN_50_15_10172019_104840', plot_interval=20, py_version=3, save=True, show_plots=False, test_batch_size=10000)
Model type: GAN_DCGAN
Coomparing to Eigenvalue distribution collected from 3399 geometries
data: 64 50
torch.Size([64, 2500])
Epoch [0/1000], Wasserstein(eigs,real_eigs): 5.883, Wasserstein(log_eigs,log_real_eigs): 0.697
torch.Size([64, 2500])
Epoch [1/1000], Wasserstein(eigs,real_eigs): 833.911, Wasserstein(log_eigs,log_real_eigs): 1.967
torch.Size([64, 2500])
Epoch [2/1000], Wasserstein(eigs,real_eigs): 1334.495, Wasserstein(log_eigs,log_real_eigs): 2.215
torch.Size([64, 2500])
Epoch [3/1000], Wasserstein(eigs,real_eigs): 899.604, Wasserstein(log_eigs,log_real_eigs): 2.054
torch.Size([64, 2500])
Epoch [4/1000], Wasserstein(eigs,real_eigs): 914.998, Wasserstein(log_eigs,log_real_eigs): 1.959
torch.Size([64, 2500])
Epoch [5/1000], Wasserstein(eigs,real_eigs): 860.724, Wasserstein(log_eigs,log_real_eigs): 2.008
torch.Size([64, 2500])
Epoch [6/1000], Wasserstein(eigs,real_eigs): 671.053, Wasserstein(log_eigs,log_real_eigs): 1.872
torch.Size([64, 2500])
Epoch [7/1000], Wasserstein(eigs,real_eigs): 624.888, Wasserstein(log_eigs,log_real_eigs): 1.846
torch.Size([64, 2500])
Epoch [8/1000], Wasserstein(eigs,real_eigs): 668.789, Wasserstein(log_eigs,log_real_eigs): 1.959
torch.Size([64, 2500])
Epoch [9/1000], Wasserstein(eigs,real_eigs): 470.477, Wasserstein(log_eigs,log_real_eigs): 1.759
torch.Size([64, 2500])
Epoch [10/1000], Wasserstein(eigs,real_eigs): 530.772, Wasserstein(log_eigs,log_real_eigs): 1.816
torch.Size([64, 2500])
Epoch [11/1000], Wasserstein(eigs,real_eigs): 517.504, Wasserstein(log_eigs,log_real_eigs): 1.748
torch.Size([64, 2500])
Epoch [12/1000], Wasserstein(eigs,real_eigs): 624.238, Wasserstein(log_eigs,log_real_eigs): 1.834
torch.Size([64, 2500])
Epoch [13/1000], Wasserstein(eigs,real_eigs): 535.123, Wasserstein(log_eigs,log_real_eigs): 1.894
torch.Size([64, 2500])
Epoch [14/1000], Wasserstein(eigs,real_eigs): 450.283, Wasserstein(log_eigs,log_real_eigs): 1.764
torch.Size([64, 2500])
Epoch [15/1000], Wasserstein(eigs,real_eigs): 494.728, Wasserstein(log_eigs,log_real_eigs): 1.777
torch.Size([64, 2500])
Epoch [16/1000], Wasserstein(eigs,real_eigs): 534.627, Wasserstein(log_eigs,log_real_eigs): 1.860
torch.Size([64, 2500])
Epoch [17/1000], Wasserstein(eigs,real_eigs): 762.171, Wasserstein(log_eigs,log_real_eigs): 1.918
torch.Size([64, 2500])
Epoch [18/1000], Wasserstein(eigs,real_eigs): 536.018, Wasserstein(log_eigs,log_real_eigs): 1.860
torch.Size([64, 2500])
Epoch [19/1000], Wasserstein(eigs,real_eigs): 596.197, Wasserstein(log_eigs,log_real_eigs): 1.903
torch.Size([64, 2500])
Epoch [20/1000], Wasserstein(eigs,real_eigs): 506.774, Wasserstein(log_eigs,log_real_eigs): 1.856
torch.Size([64, 2500])
Epoch [21/1000], Wasserstein(eigs,real_eigs): 665.823, Wasserstein(log_eigs,log_real_eigs): 2.004
torch.Size([64, 2500])
Epoch [22/1000], Wasserstein(eigs,real_eigs): 519.490, Wasserstein(log_eigs,log_real_eigs): 1.955
torch.Size([64, 2500])
Epoch [23/1000], Wasserstein(eigs,real_eigs): 140.516, Wasserstein(log_eigs,log_real_eigs): 1.386
torch.Size([64, 2500])
Epoch [24/1000], Wasserstein(eigs,real_eigs): 228.647, Wasserstein(log_eigs,log_real_eigs): 1.392
torch.Size([64, 2500])
Epoch [25/1000], Wasserstein(eigs,real_eigs): 440.257, Wasserstein(log_eigs,log_real_eigs): 1.756
torch.Size([64, 2500])
Epoch [26/1000], Wasserstein(eigs,real_eigs): 468.501, Wasserstein(log_eigs,log_real_eigs): 1.756
torch.Size([64, 2500])
Epoch [27/1000], Wasserstein(eigs,real_eigs): 335.251, Wasserstein(log_eigs,log_real_eigs): 1.703
torch.Size([64, 2500])
Epoch [28/1000], Wasserstein(eigs,real_eigs): 551.789, Wasserstein(log_eigs,log_real_eigs): 1.813
torch.Size([64, 2500])
Epoch [29/1000], Wasserstein(eigs,real_eigs): 547.956, Wasserstein(log_eigs,log_real_eigs): 2.000
torch.Size([64, 2500])
Epoch [30/1000], Wasserstein(eigs,real_eigs): 207.990, Wasserstein(log_eigs,log_real_eigs): 1.508
torch.Size([64, 2500])
Epoch [31/1000], Wasserstein(eigs,real_eigs): 299.289, Wasserstein(log_eigs,log_real_eigs): 1.598
torch.Size([64, 2500])
Epoch [32/1000], Wasserstein(eigs,real_eigs): 502.141, Wasserstein(log_eigs,log_real_eigs): 1.821
torch.Size([64, 2500])
Epoch [33/1000], Wasserstein(eigs,real_eigs): 444.558, Wasserstein(log_eigs,log_real_eigs): 1.905
torch.Size([64, 2500])
Epoch [34/1000], Wasserstein(eigs,real_eigs): 295.737, Wasserstein(log_eigs,log_real_eigs): 1.625
torch.Size([64, 2500])
Epoch [35/1000], Wasserstein(eigs,real_eigs): 570.434, Wasserstein(log_eigs,log_real_eigs): 1.798
torch.Size([64, 2500])
Epoch [36/1000], Wasserstein(eigs,real_eigs): 228.727, Wasserstein(log_eigs,log_real_eigs): 1.596
torch.Size([64, 2500])
Epoch [37/1000], Wasserstein(eigs,real_eigs): 525.010, Wasserstein(log_eigs,log_real_eigs): 1.829
torch.Size([64, 2500])
Epoch [38/1000], Wasserstein(eigs,real_eigs): 462.220, Wasserstein(log_eigs,log_real_eigs): 1.872
torch.Size([64, 2500])
Epoch [39/1000], Wasserstein(eigs,real_eigs): 585.611, Wasserstein(log_eigs,log_real_eigs): 1.847
torch.Size([64, 2500])
Epoch [40/1000], Wasserstein(eigs,real_eigs): 480.594, Wasserstein(log_eigs,log_real_eigs): 1.848
torch.Size([64, 2500])
Epoch [41/1000], Wasserstein(eigs,real_eigs): 620.040, Wasserstein(log_eigs,log_real_eigs): 1.926
torch.Size([64, 2500])
Epoch [42/1000], Wasserstein(eigs,real_eigs): 859.592, Wasserstein(log_eigs,log_real_eigs): 2.140
torch.Size([64, 2500])
Epoch [43/1000], Wasserstein(eigs,real_eigs): 761.332, Wasserstein(log_eigs,log_real_eigs): 2.087
torch.Size([64, 2500])
Epoch [44/1000], Wasserstein(eigs,real_eigs): 847.239, Wasserstein(log_eigs,log_real_eigs): 2.043
torch.Size([64, 2500])
Epoch [45/1000], Wasserstein(eigs,real_eigs): 521.072, Wasserstein(log_eigs,log_real_eigs): 1.871
torch.Size([64, 2500])
Epoch [46/1000], Wasserstein(eigs,real_eigs): 902.444, Wasserstein(log_eigs,log_real_eigs): 2.114
torch.Size([64, 2500])
Epoch [47/1000], Wasserstein(eigs,real_eigs): 776.360, Wasserstein(log_eigs,log_real_eigs): 2.137
torch.Size([64, 2500])
Epoch [48/1000], Wasserstein(eigs,real_eigs): 702.566, Wasserstein(log_eigs,log_real_eigs): 1.999
torch.Size([64, 2500])
Epoch [49/1000], Wasserstein(eigs,real_eigs): 1104.982, Wasserstein(log_eigs,log_real_eigs): 2.179
torch.Size([64, 2500])
Epoch [50/1000], Wasserstein(eigs,real_eigs): 1091.371, Wasserstein(log_eigs,log_real_eigs): 2.193
torch.Size([64, 2500])
Epoch [51/1000], Wasserstein(eigs,real_eigs): 963.320, Wasserstein(log_eigs,log_real_eigs): 2.122
torch.Size([64, 2500])
Epoch [52/1000], Wasserstein(eigs,real_eigs): 1337.295, Wasserstein(log_eigs,log_real_eigs): 2.353
torch.Size([64, 2500])
Epoch [53/1000], Wasserstein(eigs,real_eigs): 1044.477, Wasserstein(log_eigs,log_real_eigs): 2.149
torch.Size([64, 2500])
Epoch [54/1000], Wasserstein(eigs,real_eigs): 748.505, Wasserstein(log_eigs,log_real_eigs): 2.064
torch.Size([64, 2500])
Epoch [55/1000], Wasserstein(eigs,real_eigs): 1092.918, Wasserstein(log_eigs,log_real_eigs): 2.087
torch.Size([64, 2500])
Epoch [56/1000], Wasserstein(eigs,real_eigs): 798.063, Wasserstein(log_eigs,log_real_eigs): 2.035
torch.Size([64, 2500])
Epoch [57/1000], Wasserstein(eigs,real_eigs): 750.309, Wasserstein(log_eigs,log_real_eigs): 2.065
torch.Size([64, 2500])
Epoch [58/1000], Wasserstein(eigs,real_eigs): 626.374, Wasserstein(log_eigs,log_real_eigs): 1.961
torch.Size([64, 2500])
Epoch [59/1000], Wasserstein(eigs,real_eigs): 1450.134, Wasserstein(log_eigs,log_real_eigs): 2.269
torch.Size([64, 2500])
Epoch [60/1000], Wasserstein(eigs,real_eigs): 1295.939, Wasserstein(log_eigs,log_real_eigs): 2.305
torch.Size([64, 2500])
Epoch [61/1000], Wasserstein(eigs,real_eigs): 1958.438, Wasserstein(log_eigs,log_real_eigs): 2.413
torch.Size([64, 2500])
Epoch [62/1000], Wasserstein(eigs,real_eigs): 2850.643, Wasserstein(log_eigs,log_real_eigs): 2.597
torch.Size([64, 2500])
Epoch [63/1000], Wasserstein(eigs,real_eigs): 2468.165, Wasserstein(log_eigs,log_real_eigs): 2.538
torch.Size([64, 2500])
Epoch [64/1000], Wasserstein(eigs,real_eigs): 1575.744, Wasserstein(log_eigs,log_real_eigs): 2.303
torch.Size([64, 2500])
Epoch [65/1000], Wasserstein(eigs,real_eigs): 1867.062, Wasserstein(log_eigs,log_real_eigs): 2.322
torch.Size([64, 2500])
Epoch [66/1000], Wasserstein(eigs,real_eigs): 2813.119, Wasserstein(log_eigs,log_real_eigs): 2.573
torch.Size([64, 2500])
Epoch [67/1000], Wasserstein(eigs,real_eigs): 2837.576, Wasserstein(log_eigs,log_real_eigs): 2.635
torch.Size([64, 2500])
Epoch [68/1000], Wasserstein(eigs,real_eigs): 2642.015, Wasserstein(log_eigs,log_real_eigs): 2.632
torch.Size([64, 2500])
Epoch [69/1000], Wasserstein(eigs,real_eigs): 2641.554, Wasserstein(log_eigs,log_real_eigs): 2.633
torch.Size([64, 2500])
Epoch [70/1000], Wasserstein(eigs,real_eigs): 1854.975, Wasserstein(log_eigs,log_real_eigs): 2.434
torch.Size([64, 2500])
Epoch [71/1000], Wasserstein(eigs,real_eigs): 3111.367, Wasserstein(log_eigs,log_real_eigs): 2.733
torch.Size([64, 2500])
Epoch [72/1000], Wasserstein(eigs,real_eigs): 3362.427, Wasserstein(log_eigs,log_real_eigs): 2.755
torch.Size([64, 2500])
Epoch [73/1000], Wasserstein(eigs,real_eigs): 3384.230, Wasserstein(log_eigs,log_real_eigs): 2.671
torch.Size([64, 2500])
Epoch [74/1000], Wasserstein(eigs,real_eigs): 3040.317, Wasserstein(log_eigs,log_real_eigs): 2.649
torch.Size([64, 2500])
Epoch [75/1000], Wasserstein(eigs,real_eigs): 2804.300, Wasserstein(log_eigs,log_real_eigs): 2.508
torch.Size([64, 2500])
Epoch [76/1000], Wasserstein(eigs,real_eigs): 4432.174, Wasserstein(log_eigs,log_real_eigs): 2.766
torch.Size([64, 2500])
Epoch [77/1000], Wasserstein(eigs,real_eigs): 3092.273, Wasserstein(log_eigs,log_real_eigs): 2.689
torch.Size([64, 2500])
Epoch [78/1000], Wasserstein(eigs,real_eigs): 3593.522, Wasserstein(log_eigs,log_real_eigs): 2.724
torch.Size([64, 2500])
Epoch [79/1000], Wasserstein(eigs,real_eigs): 4279.974, Wasserstein(log_eigs,log_real_eigs): 2.889
torch.Size([64, 2500])
Epoch [80/1000], Wasserstein(eigs,real_eigs): 4727.004, Wasserstein(log_eigs,log_real_eigs): 2.967
torch.Size([64, 2500])
Epoch [81/1000], Wasserstein(eigs,real_eigs): 4320.623, Wasserstein(log_eigs,log_real_eigs): 2.824
torch.Size([64, 2500])
Epoch [82/1000], Wasserstein(eigs,real_eigs): 4618.663, Wasserstein(log_eigs,log_real_eigs): 2.947
torch.Size([64, 2500])
Epoch [83/1000], Wasserstein(eigs,real_eigs): 3531.578, Wasserstein(log_eigs,log_real_eigs): 2.817
torch.Size([64, 2500])
Epoch [84/1000], Wasserstein(eigs,real_eigs): 2824.455, Wasserstein(log_eigs,log_real_eigs): 2.672
torch.Size([64, 2500])
Epoch [85/1000], Wasserstein(eigs,real_eigs): 3105.272, Wasserstein(log_eigs,log_real_eigs): 2.594
torch.Size([64, 2500])
Epoch [86/1000], Wasserstein(eigs,real_eigs): 3416.352, Wasserstein(log_eigs,log_real_eigs): 2.720
torch.Size([64, 2500])
Epoch [87/1000], Wasserstein(eigs,real_eigs): 3064.451, Wasserstein(log_eigs,log_real_eigs): 2.744
torch.Size([64, 2500])
Epoch [88/1000], Wasserstein(eigs,real_eigs): 4136.839, Wasserstein(log_eigs,log_real_eigs): 2.861
torch.Size([64, 2500])
Epoch [89/1000], Wasserstein(eigs,real_eigs): 5740.225, Wasserstein(log_eigs,log_real_eigs): 2.987
torch.Size([64, 2500])
Epoch [90/1000], Wasserstein(eigs,real_eigs): 7521.294, Wasserstein(log_eigs,log_real_eigs): 3.182
torch.Size([64, 2500])
Epoch [91/1000], Wasserstein(eigs,real_eigs): 8944.142, Wasserstein(log_eigs,log_real_eigs): 3.226
torch.Size([64, 2500])
Epoch [92/1000], Wasserstein(eigs,real_eigs): 9511.572, Wasserstein(log_eigs,log_real_eigs): 3.294
torch.Size([64, 2500])
Epoch [93/1000], Wasserstein(eigs,real_eigs): 9018.309, Wasserstein(log_eigs,log_real_eigs): 3.168
torch.Size([64, 2500])
Epoch [94/1000], Wasserstein(eigs,real_eigs): 8023.205, Wasserstein(log_eigs,log_real_eigs): 3.143
torch.Size([64, 2500])
Epoch [95/1000], Wasserstein(eigs,real_eigs): 8526.112, Wasserstein(log_eigs,log_real_eigs): 3.255
torch.Size([64, 2500])
Epoch [96/1000], Wasserstein(eigs,real_eigs): 9208.686, Wasserstein(log_eigs,log_real_eigs): 3.170
torch.Size([64, 2500])
Epoch [97/1000], Wasserstein(eigs,real_eigs): 10852.092, Wasserstein(log_eigs,log_real_eigs): 3.338
torch.Size([64, 2500])
Epoch [98/1000], Wasserstein(eigs,real_eigs): 9838.571, Wasserstein(log_eigs,log_real_eigs): 3.389
torch.Size([64, 2500])
Epoch [99/1000], Wasserstein(eigs,real_eigs): 10048.337, Wasserstein(log_eigs,log_real_eigs): 3.320
torch.Size([64, 2500])
Epoch [100/1000], Wasserstein(eigs,real_eigs): 10624.868, Wasserstein(log_eigs,log_real_eigs): 3.236
torch.Size([64, 2500])
Epoch [101/1000], Wasserstein(eigs,real_eigs): 11711.836, Wasserstein(log_eigs,log_real_eigs): 3.443
torch.Size([64, 2500])
Epoch [102/1000], Wasserstein(eigs,real_eigs): 8704.668, Wasserstein(log_eigs,log_real_eigs): 3.309
torch.Size([64, 2500])
Epoch [103/1000], Wasserstein(eigs,real_eigs): 9268.473, Wasserstein(log_eigs,log_real_eigs): 3.356
torch.Size([64, 2500])
Epoch [104/1000], Wasserstein(eigs,real_eigs): 9020.167, Wasserstein(log_eigs,log_real_eigs): 3.229
torch.Size([64, 2500])
Epoch [105/1000], Wasserstein(eigs,real_eigs): 8925.271, Wasserstein(log_eigs,log_real_eigs): 3.232
torch.Size([64, 2500])
Epoch [106/1000], Wasserstein(eigs,real_eigs): 7071.826, Wasserstein(log_eigs,log_real_eigs): 3.129
torch.Size([64, 2500])
Epoch [107/1000], Wasserstein(eigs,real_eigs): 4396.403, Wasserstein(log_eigs,log_real_eigs): 2.945
torch.Size([64, 2500])
Epoch [108/1000], Wasserstein(eigs,real_eigs): 5245.573, Wasserstein(log_eigs,log_real_eigs): 2.948
torch.Size([64, 2500])
Epoch [109/1000], Wasserstein(eigs,real_eigs): 3752.973, Wasserstein(log_eigs,log_real_eigs): 2.752
torch.Size([64, 2500])
Epoch [110/1000], Wasserstein(eigs,real_eigs): 4964.860, Wasserstein(log_eigs,log_real_eigs): 2.958
torch.Size([64, 2500])
Epoch [111/1000], Wasserstein(eigs,real_eigs): 4311.997, Wasserstein(log_eigs,log_real_eigs): 2.930
torch.Size([64, 2500])
Epoch [112/1000], Wasserstein(eigs,real_eigs): 4985.401, Wasserstein(log_eigs,log_real_eigs): 3.048
torch.Size([64, 2500])
Epoch [113/1000], Wasserstein(eigs,real_eigs): 5073.177, Wasserstein(log_eigs,log_real_eigs): 2.999
torch.Size([64, 2500])
Epoch [114/1000], Wasserstein(eigs,real_eigs): 9005.936, Wasserstein(log_eigs,log_real_eigs): 3.299
torch.Size([64, 2500])
Epoch [115/1000], Wasserstein(eigs,real_eigs): 10520.126, Wasserstein(log_eigs,log_real_eigs): 3.355
torch.Size([64, 2500])
Epoch [116/1000], Wasserstein(eigs,real_eigs): 10026.019, Wasserstein(log_eigs,log_real_eigs): 3.375
torch.Size([64, 2500])
Epoch [117/1000], Wasserstein(eigs,real_eigs): 11354.150, Wasserstein(log_eigs,log_real_eigs): 3.428
torch.Size([64, 2500])
Epoch [118/1000], Wasserstein(eigs,real_eigs): 15035.221, Wasserstein(log_eigs,log_real_eigs): 3.530
torch.Size([64, 2500])
Epoch [119/1000], Wasserstein(eigs,real_eigs): 15982.996, Wasserstein(log_eigs,log_real_eigs): 3.544
torch.Size([64, 2500])
Epoch [120/1000], Wasserstein(eigs,real_eigs): 18109.112, Wasserstein(log_eigs,log_real_eigs): 3.637
torch.Size([64, 2500])
Epoch [121/1000], Wasserstein(eigs,real_eigs): 23069.893, Wasserstein(log_eigs,log_real_eigs): 3.753
torch.Size([64, 2500])
Epoch [122/1000], Wasserstein(eigs,real_eigs): 21961.566, Wasserstein(log_eigs,log_real_eigs): 3.691
torch.Size([64, 2500])
Epoch [123/1000], Wasserstein(eigs,real_eigs): 18271.451, Wasserstein(log_eigs,log_real_eigs): 3.673
torch.Size([64, 2500])
Epoch [124/1000], Wasserstein(eigs,real_eigs): 19811.504, Wasserstein(log_eigs,log_real_eigs): 3.665
torch.Size([64, 2500])
Epoch [125/1000], Wasserstein(eigs,real_eigs): 20890.686, Wasserstein(log_eigs,log_real_eigs): 3.642
torch.Size([64, 2500])
Epoch [126/1000], Wasserstein(eigs,real_eigs): 18742.327, Wasserstein(log_eigs,log_real_eigs): 3.687
torch.Size([64, 2500])
Epoch [127/1000], Wasserstein(eigs,real_eigs): 14484.914, Wasserstein(log_eigs,log_real_eigs): 3.519
torch.Size([64, 2500])
Epoch [128/1000], Wasserstein(eigs,real_eigs): 10399.374, Wasserstein(log_eigs,log_real_eigs): 3.301
torch.Size([64, 2500])
Epoch [129/1000], Wasserstein(eigs,real_eigs): 4364.698, Wasserstein(log_eigs,log_real_eigs): 2.991
torch.Size([64, 2500])
Epoch [130/1000], Wasserstein(eigs,real_eigs): 3329.553, Wasserstein(log_eigs,log_real_eigs): 2.881
torch.Size([64, 2500])
Epoch [131/1000], Wasserstein(eigs,real_eigs): 4665.188, Wasserstein(log_eigs,log_real_eigs): 2.957
torch.Size([64, 2500])
Epoch [132/1000], Wasserstein(eigs,real_eigs): 5721.831, Wasserstein(log_eigs,log_real_eigs): 3.015
torch.Size([64, 2500])
Epoch [133/1000], Wasserstein(eigs,real_eigs): 5547.076, Wasserstein(log_eigs,log_real_eigs): 3.092
torch.Size([64, 2500])
Epoch [134/1000], Wasserstein(eigs,real_eigs): 5389.782, Wasserstein(log_eigs,log_real_eigs): 3.098
torch.Size([64, 2500])
Epoch [135/1000], Wasserstein(eigs,real_eigs): 5370.603, Wasserstein(log_eigs,log_real_eigs): 3.052
torch.Size([64, 2500])
Epoch [136/1000], Wasserstein(eigs,real_eigs): 7152.072, Wasserstein(log_eigs,log_real_eigs): 3.229
torch.Size([64, 2500])
Epoch [137/1000], Wasserstein(eigs,real_eigs): 11702.935, Wasserstein(log_eigs,log_real_eigs): 3.414
torch.Size([64, 2500])
Epoch [138/1000], Wasserstein(eigs,real_eigs): 12414.205, Wasserstein(log_eigs,log_real_eigs): 3.492
torch.Size([64, 2500])
Epoch [139/1000], Wasserstein(eigs,real_eigs): 16581.465, Wasserstein(log_eigs,log_real_eigs): 3.590
torch.Size([64, 2500])
Epoch [140/1000], Wasserstein(eigs,real_eigs): 11015.997, Wasserstein(log_eigs,log_real_eigs): 3.535
torch.Size([64, 2500])
Epoch [141/1000], Wasserstein(eigs,real_eigs): 14005.686, Wasserstein(log_eigs,log_real_eigs): 3.631
torch.Size([64, 2500])
Epoch [142/1000], Wasserstein(eigs,real_eigs): 22765.864, Wasserstein(log_eigs,log_real_eigs): 3.586
torch.Size([64, 2500])
Epoch [143/1000], Wasserstein(eigs,real_eigs): 25445.546, Wasserstein(log_eigs,log_real_eigs): 3.759
torch.Size([64, 2500])
Epoch [144/1000], Wasserstein(eigs,real_eigs): 33211.082, Wasserstein(log_eigs,log_real_eigs): 3.866
torch.Size([64, 2500])
Epoch [145/1000], Wasserstein(eigs,real_eigs): 18334.005, Wasserstein(log_eigs,log_real_eigs): 3.440
torch.Size([64, 2500])
Epoch [146/1000], Wasserstein(eigs,real_eigs): 27272.117, Wasserstein(log_eigs,log_real_eigs): 3.826
torch.Size([64, 2500])
Epoch [147/1000], Wasserstein(eigs,real_eigs): 26301.398, Wasserstein(log_eigs,log_real_eigs): 3.810
torch.Size([64, 2500])
Epoch [148/1000], Wasserstein(eigs,real_eigs): 17958.564, Wasserstein(log_eigs,log_real_eigs): 3.594
torch.Size([64, 2500])
Epoch [149/1000], Wasserstein(eigs,real_eigs): 16729.335, Wasserstein(log_eigs,log_real_eigs): 3.575
torch.Size([64, 2500])
Epoch [150/1000], Wasserstein(eigs,real_eigs): 15503.851, Wasserstein(log_eigs,log_real_eigs): 3.545
torch.Size([64, 2500])
Epoch [151/1000], Wasserstein(eigs,real_eigs): 13565.730, Wasserstein(log_eigs,log_real_eigs): 3.460
torch.Size([64, 2500])
Epoch [152/1000], Wasserstein(eigs,real_eigs): 12741.429, Wasserstein(log_eigs,log_real_eigs): 3.551
torch.Size([64, 2500])
Epoch [153/1000], Wasserstein(eigs,real_eigs): 14126.415, Wasserstein(log_eigs,log_real_eigs): 3.508
torch.Size([64, 2500])
Epoch [154/1000], Wasserstein(eigs,real_eigs): 17374.531, Wasserstein(log_eigs,log_real_eigs): 3.653
torch.Size([64, 2500])
Epoch [155/1000], Wasserstein(eigs,real_eigs): 19858.921, Wasserstein(log_eigs,log_real_eigs): 3.724
torch.Size([64, 2500])
Epoch [156/1000], Wasserstein(eigs,real_eigs): 19404.374, Wasserstein(log_eigs,log_real_eigs): 3.701
torch.Size([64, 2500])
Epoch [157/1000], Wasserstein(eigs,real_eigs): 12235.663, Wasserstein(log_eigs,log_real_eigs): 3.409
torch.Size([64, 2500])
Epoch [158/1000], Wasserstein(eigs,real_eigs): 10880.506, Wasserstein(log_eigs,log_real_eigs): 3.498
torch.Size([64, 2500])
Epoch [159/1000], Wasserstein(eigs,real_eigs): 11760.144, Wasserstein(log_eigs,log_real_eigs): 3.377
torch.Size([64, 2500])
Epoch [160/1000], Wasserstein(eigs,real_eigs): 16956.758, Wasserstein(log_eigs,log_real_eigs): 3.620
torch.Size([64, 2500])
Epoch [161/1000], Wasserstein(eigs,real_eigs): 20935.578, Wasserstein(log_eigs,log_real_eigs): 3.750
torch.Size([64, 2500])
Epoch [162/1000], Wasserstein(eigs,real_eigs): 22201.656, Wasserstein(log_eigs,log_real_eigs): 3.737
torch.Size([64, 2500])
Epoch [163/1000], Wasserstein(eigs,real_eigs): 26082.527, Wasserstein(log_eigs,log_real_eigs): 3.776
torch.Size([64, 2500])
Epoch [164/1000], Wasserstein(eigs,real_eigs): 30103.365, Wasserstein(log_eigs,log_real_eigs): 3.916
torch.Size([64, 2500])
Epoch [165/1000], Wasserstein(eigs,real_eigs): 25761.584, Wasserstein(log_eigs,log_real_eigs): 3.767
torch.Size([64, 2500])
Epoch [166/1000], Wasserstein(eigs,real_eigs): 24185.993, Wasserstein(log_eigs,log_real_eigs): 3.724
torch.Size([64, 2500])
Epoch [167/1000], Wasserstein(eigs,real_eigs): 13896.794, Wasserstein(log_eigs,log_real_eigs): 3.547
torch.Size([64, 2500])
Epoch [168/1000], Wasserstein(eigs,real_eigs): 10075.365, Wasserstein(log_eigs,log_real_eigs): 3.416
torch.Size([64, 2500])
Epoch [169/1000], Wasserstein(eigs,real_eigs): 8969.780, Wasserstein(log_eigs,log_real_eigs): 3.289
torch.Size([64, 2500])
Epoch [170/1000], Wasserstein(eigs,real_eigs): 9535.972, Wasserstein(log_eigs,log_real_eigs): 3.495
torch.Size([64, 2500])
Epoch [171/1000], Wasserstein(eigs,real_eigs): 11915.070, Wasserstein(log_eigs,log_real_eigs): 3.449
torch.Size([64, 2500])
Epoch [172/1000], Wasserstein(eigs,real_eigs): 16856.887, Wasserstein(log_eigs,log_real_eigs): 3.553
torch.Size([64, 2500])
Epoch [173/1000], Wasserstein(eigs,real_eigs): 20085.196, Wasserstein(log_eigs,log_real_eigs): 3.767
torch.Size([64, 2500])
Epoch [174/1000], Wasserstein(eigs,real_eigs): 17220.173, Wasserstein(log_eigs,log_real_eigs): 3.701
torch.Size([64, 2500])
Epoch [175/1000], Wasserstein(eigs,real_eigs): 19276.238, Wasserstein(log_eigs,log_real_eigs): 3.795
torch.Size([64, 2500])
Epoch [176/1000], Wasserstein(eigs,real_eigs): 25704.186, Wasserstein(log_eigs,log_real_eigs): 3.852
torch.Size([64, 2500])
Epoch [177/1000], Wasserstein(eigs,real_eigs): 19838.983, Wasserstein(log_eigs,log_real_eigs): 3.729
torch.Size([64, 2500])
Epoch [178/1000], Wasserstein(eigs,real_eigs): 19611.988, Wasserstein(log_eigs,log_real_eigs): 3.771
torch.Size([64, 2500])
Epoch [179/1000], Wasserstein(eigs,real_eigs): 21748.830, Wasserstein(log_eigs,log_real_eigs): 3.805
torch.Size([64, 2500])
Epoch [180/1000], Wasserstein(eigs,real_eigs): 20631.061, Wasserstein(log_eigs,log_real_eigs): 3.799
torch.Size([64, 2500])
Epoch [181/1000], Wasserstein(eigs,real_eigs): 21509.082, Wasserstein(log_eigs,log_real_eigs): 3.813
torch.Size([64, 2500])
Epoch [182/1000], Wasserstein(eigs,real_eigs): 29037.886, Wasserstein(log_eigs,log_real_eigs): 3.938
torch.Size([64, 2500])
Epoch [183/1000], Wasserstein(eigs,real_eigs): 47634.607, Wasserstein(log_eigs,log_real_eigs): 4.145
torch.Size([64, 2500])
Epoch [184/1000], Wasserstein(eigs,real_eigs): 43607.603, Wasserstein(log_eigs,log_real_eigs): 4.212
torch.Size([64, 2500])
Epoch [185/1000], Wasserstein(eigs,real_eigs): 36234.395, Wasserstein(log_eigs,log_real_eigs): 4.081
torch.Size([64, 2500])
Epoch [186/1000], Wasserstein(eigs,real_eigs): 30678.362, Wasserstein(log_eigs,log_real_eigs): 3.920
torch.Size([64, 2500])
Epoch [187/1000], Wasserstein(eigs,real_eigs): 27999.469, Wasserstein(log_eigs,log_real_eigs): 3.862
torch.Size([64, 2500])
Epoch [188/1000], Wasserstein(eigs,real_eigs): 24223.459, Wasserstein(log_eigs,log_real_eigs): 3.830
torch.Size([64, 2500])
Epoch [189/1000], Wasserstein(eigs,real_eigs): 25212.325, Wasserstein(log_eigs,log_real_eigs): 3.865
torch.Size([64, 2500])
Epoch [190/1000], Wasserstein(eigs,real_eigs): 27127.324, Wasserstein(log_eigs,log_real_eigs): 3.984
torch.Size([64, 2500])
Epoch [191/1000], Wasserstein(eigs,real_eigs): 22842.824, Wasserstein(log_eigs,log_real_eigs): 3.856
torch.Size([64, 2500])
Epoch [192/1000], Wasserstein(eigs,real_eigs): 19754.944, Wasserstein(log_eigs,log_real_eigs): 3.681
torch.Size([64, 2500])
Epoch [193/1000], Wasserstein(eigs,real_eigs): 26890.725, Wasserstein(log_eigs,log_real_eigs): 3.912
torch.Size([64, 2500])
Epoch [194/1000], Wasserstein(eigs,real_eigs): 31863.483, Wasserstein(log_eigs,log_real_eigs): 3.960
torch.Size([64, 2500])
Epoch [195/1000], Wasserstein(eigs,real_eigs): 36555.632, Wasserstein(log_eigs,log_real_eigs): 3.984
torch.Size([64, 2500])
Epoch [196/1000], Wasserstein(eigs,real_eigs): 29974.633, Wasserstein(log_eigs,log_real_eigs): 3.927
torch.Size([64, 2500])
Epoch [197/1000], Wasserstein(eigs,real_eigs): 20326.063, Wasserstein(log_eigs,log_real_eigs): 3.778
torch.Size([64, 2500])
Epoch [198/1000], Wasserstein(eigs,real_eigs): 21226.958, Wasserstein(log_eigs,log_real_eigs): 3.786
torch.Size([64, 2500])
Epoch [199/1000], Wasserstein(eigs,real_eigs): 19473.022, Wasserstein(log_eigs,log_real_eigs): 3.773
torch.Size([64, 2500])
Epoch [200/1000], Wasserstein(eigs,real_eigs): 14894.876, Wasserstein(log_eigs,log_real_eigs): 3.623
torch.Size([64, 2500])
Epoch [201/1000], Wasserstein(eigs,real_eigs): 14729.635, Wasserstein(log_eigs,log_real_eigs): 3.637
torch.Size([64, 2500])
Epoch [202/1000], Wasserstein(eigs,real_eigs): 19515.162, Wasserstein(log_eigs,log_real_eigs): 3.776
torch.Size([64, 2500])
Epoch [203/1000], Wasserstein(eigs,real_eigs): 18760.051, Wasserstein(log_eigs,log_real_eigs): 3.754
torch.Size([64, 2500])
Epoch [204/1000], Wasserstein(eigs,real_eigs): 15131.262, Wasserstein(log_eigs,log_real_eigs): 3.591
torch.Size([64, 2500])
Epoch [205/1000], Wasserstein(eigs,real_eigs): 13563.914, Wasserstein(log_eigs,log_real_eigs): 3.564
torch.Size([64, 2500])
Epoch [206/1000], Wasserstein(eigs,real_eigs): 15249.203, Wasserstein(log_eigs,log_real_eigs): 3.610
torch.Size([64, 2500])
Epoch [207/1000], Wasserstein(eigs,real_eigs): 15469.143, Wasserstein(log_eigs,log_real_eigs): 3.684
torch.Size([64, 2500])
Epoch [208/1000], Wasserstein(eigs,real_eigs): 16503.662, Wasserstein(log_eigs,log_real_eigs): 3.686
torch.Size([64, 2500])
Epoch [209/1000], Wasserstein(eigs,real_eigs): 15253.238, Wasserstein(log_eigs,log_real_eigs): 3.680
torch.Size([64, 2500])
Epoch [210/1000], Wasserstein(eigs,real_eigs): 16205.731, Wasserstein(log_eigs,log_real_eigs): 3.727
torch.Size([64, 2500])
Epoch [211/1000], Wasserstein(eigs,real_eigs): 16512.495, Wasserstein(log_eigs,log_real_eigs): 3.652
torch.Size([64, 2500])
Epoch [212/1000], Wasserstein(eigs,real_eigs): 15783.352, Wasserstein(log_eigs,log_real_eigs): 3.650
torch.Size([64, 2500])
Epoch [213/1000], Wasserstein(eigs,real_eigs): 15865.251, Wasserstein(log_eigs,log_real_eigs): 3.727
torch.Size([64, 2500])
Epoch [214/1000], Wasserstein(eigs,real_eigs): 22136.241, Wasserstein(log_eigs,log_real_eigs): 3.664
torch.Size([64, 2500])
Epoch [215/1000], Wasserstein(eigs,real_eigs): 27984.060, Wasserstein(log_eigs,log_real_eigs): 3.853
torch.Size([64, 2500])
Epoch [216/1000], Wasserstein(eigs,real_eigs): 33000.025, Wasserstein(log_eigs,log_real_eigs): 3.930
torch.Size([64, 2500])
Epoch [217/1000], Wasserstein(eigs,real_eigs): 24439.007, Wasserstein(log_eigs,log_real_eigs): 3.854
torch.Size([64, 2500])
Epoch [218/1000], Wasserstein(eigs,real_eigs): 20668.635, Wasserstein(log_eigs,log_real_eigs): 3.730
torch.Size([64, 2500])
Epoch [219/1000], Wasserstein(eigs,real_eigs): 20895.126, Wasserstein(log_eigs,log_real_eigs): 3.773
torch.Size([64, 2500])
Epoch [220/1000], Wasserstein(eigs,real_eigs): 20092.962, Wasserstein(log_eigs,log_real_eigs): 3.716
torch.Size([64, 2500])
Epoch [221/1000], Wasserstein(eigs,real_eigs): 16224.887, Wasserstein(log_eigs,log_real_eigs): 3.551
torch.Size([64, 2500])
Epoch [222/1000], Wasserstein(eigs,real_eigs): 19303.089, Wasserstein(log_eigs,log_real_eigs): 3.681
torch.Size([64, 2500])
Epoch [223/1000], Wasserstein(eigs,real_eigs): 24052.774, Wasserstein(log_eigs,log_real_eigs): 3.861
torch.Size([64, 2500])
Epoch [224/1000], Wasserstein(eigs,real_eigs): 23487.821, Wasserstein(log_eigs,log_real_eigs): 3.847
torch.Size([64, 2500])
Epoch [225/1000], Wasserstein(eigs,real_eigs): 16235.567, Wasserstein(log_eigs,log_real_eigs): 3.629
torch.Size([64, 2500])
Epoch [226/1000], Wasserstein(eigs,real_eigs): 18047.584, Wasserstein(log_eigs,log_real_eigs): 3.699
torch.Size([64, 2500])
Epoch [227/1000], Wasserstein(eigs,real_eigs): 25464.876, Wasserstein(log_eigs,log_real_eigs): 3.835
torch.Size([64, 2500])
Epoch [228/1000], Wasserstein(eigs,real_eigs): 32286.619, Wasserstein(log_eigs,log_real_eigs): 3.980
torch.Size([64, 2500])
Epoch [229/1000], Wasserstein(eigs,real_eigs): 32303.406, Wasserstein(log_eigs,log_real_eigs): 4.032
torch.Size([64, 2500])
Epoch [230/1000], Wasserstein(eigs,real_eigs): 39148.874, Wasserstein(log_eigs,log_real_eigs): 4.083
torch.Size([64, 2500])
Epoch [231/1000], Wasserstein(eigs,real_eigs): 40494.676, Wasserstein(log_eigs,log_real_eigs): 4.120
torch.Size([64, 2500])
Epoch [232/1000], Wasserstein(eigs,real_eigs): 36392.627, Wasserstein(log_eigs,log_real_eigs): 3.983
torch.Size([64, 2500])
Epoch [233/1000], Wasserstein(eigs,real_eigs): 48875.826, Wasserstein(log_eigs,log_real_eigs): 4.203
torch.Size([64, 2500])
Epoch [234/1000], Wasserstein(eigs,real_eigs): 40651.174, Wasserstein(log_eigs,log_real_eigs): 4.123
torch.Size([64, 2500])
Epoch [235/1000], Wasserstein(eigs,real_eigs): 36916.293, Wasserstein(log_eigs,log_real_eigs): 4.048
torch.Size([64, 2500])
Epoch [236/1000], Wasserstein(eigs,real_eigs): 28852.035, Wasserstein(log_eigs,log_real_eigs): 3.896
torch.Size([64, 2500])
Epoch [237/1000], Wasserstein(eigs,real_eigs): 33279.983, Wasserstein(log_eigs,log_real_eigs): 4.011
torch.Size([64, 2500])
Epoch [238/1000], Wasserstein(eigs,real_eigs): 45201.744, Wasserstein(log_eigs,log_real_eigs): 4.154
torch.Size([64, 2500])
Epoch [239/1000], Wasserstein(eigs,real_eigs): 54853.434, Wasserstein(log_eigs,log_real_eigs): 4.271
torch.Size([64, 2500])
Epoch [240/1000], Wasserstein(eigs,real_eigs): 47339.048, Wasserstein(log_eigs,log_real_eigs): 4.221
torch.Size([64, 2500])
Epoch [241/1000], Wasserstein(eigs,real_eigs): 39891.836, Wasserstein(log_eigs,log_real_eigs): 4.040
torch.Size([64, 2500])
Epoch [242/1000], Wasserstein(eigs,real_eigs): 37436.451, Wasserstein(log_eigs,log_real_eigs): 4.099
torch.Size([64, 2500])
Epoch [243/1000], Wasserstein(eigs,real_eigs): 28522.193, Wasserstein(log_eigs,log_real_eigs): 3.979
torch.Size([64, 2500])
Epoch [244/1000], Wasserstein(eigs,real_eigs): 19523.168, Wasserstein(log_eigs,log_real_eigs): 3.785
torch.Size([64, 2500])
Epoch [245/1000], Wasserstein(eigs,real_eigs): 21701.905, Wasserstein(log_eigs,log_real_eigs): 3.834
torch.Size([64, 2500])
Epoch [246/1000], Wasserstein(eigs,real_eigs): 29408.849, Wasserstein(log_eigs,log_real_eigs): 3.994
torch.Size([64, 2500])
Epoch [247/1000], Wasserstein(eigs,real_eigs): 27379.466, Wasserstein(log_eigs,log_real_eigs): 3.974
torch.Size([64, 2500])
Epoch [248/1000], Wasserstein(eigs,real_eigs): 28639.329, Wasserstein(log_eigs,log_real_eigs): 3.908
torch.Size([64, 2500])
Epoch [249/1000], Wasserstein(eigs,real_eigs): 27310.480, Wasserstein(log_eigs,log_real_eigs): 3.887
torch.Size([64, 2500])
Epoch [250/1000], Wasserstein(eigs,real_eigs): 25744.010, Wasserstein(log_eigs,log_real_eigs): 3.860
torch.Size([64, 2500])
Epoch [251/1000], Wasserstein(eigs,real_eigs): 25425.974, Wasserstein(log_eigs,log_real_eigs): 3.846
torch.Size([64, 2500])
Epoch [252/1000], Wasserstein(eigs,real_eigs): 24780.572, Wasserstein(log_eigs,log_real_eigs): 3.828
torch.Size([64, 2500])
Epoch [253/1000], Wasserstein(eigs,real_eigs): 19889.565, Wasserstein(log_eigs,log_real_eigs): 3.747
torch.Size([64, 2500])
Epoch [254/1000], Wasserstein(eigs,real_eigs): 18778.070, Wasserstein(log_eigs,log_real_eigs): 3.722
torch.Size([64, 2500])
Epoch [255/1000], Wasserstein(eigs,real_eigs): 20697.189, Wasserstein(log_eigs,log_real_eigs): 3.788
torch.Size([64, 2500])
Epoch [256/1000], Wasserstein(eigs,real_eigs): 16779.654, Wasserstein(log_eigs,log_real_eigs): 3.672
torch.Size([64, 2500])
Epoch [257/1000], Wasserstein(eigs,real_eigs): 17621.054, Wasserstein(log_eigs,log_real_eigs): 3.697
torch.Size([64, 2500])
Epoch [258/1000], Wasserstein(eigs,real_eigs): 16648.036, Wasserstein(log_eigs,log_real_eigs): 3.723
torch.Size([64, 2500])
Epoch [259/1000], Wasserstein(eigs,real_eigs): 14523.233, Wasserstein(log_eigs,log_real_eigs): 3.598
torch.Size([64, 2500])
Epoch [260/1000], Wasserstein(eigs,real_eigs): 19580.406, Wasserstein(log_eigs,log_real_eigs): 3.706
torch.Size([64, 2500])
Epoch [261/1000], Wasserstein(eigs,real_eigs): 26228.578, Wasserstein(log_eigs,log_real_eigs): 3.882
torch.Size([64, 2500])
Epoch [262/1000], Wasserstein(eigs,real_eigs): 26807.759, Wasserstein(log_eigs,log_real_eigs): 3.844
torch.Size([64, 2500])
Epoch [263/1000], Wasserstein(eigs,real_eigs): 26664.735, Wasserstein(log_eigs,log_real_eigs): 3.882
torch.Size([64, 2500])
Epoch [264/1000], Wasserstein(eigs,real_eigs): 26306.896, Wasserstein(log_eigs,log_real_eigs): 3.904
torch.Size([64, 2500])
Epoch [265/1000], Wasserstein(eigs,real_eigs): 25541.873, Wasserstein(log_eigs,log_real_eigs): 3.897
torch.Size([64, 2500])
Epoch [266/1000], Wasserstein(eigs,real_eigs): 24850.393, Wasserstein(log_eigs,log_real_eigs): 3.845
torch.Size([64, 2500])
Epoch [267/1000], Wasserstein(eigs,real_eigs): 25097.813, Wasserstein(log_eigs,log_real_eigs): 3.895
torch.Size([64, 2500])
Epoch [268/1000], Wasserstein(eigs,real_eigs): 23407.603, Wasserstein(log_eigs,log_real_eigs): 3.787
torch.Size([64, 2500])
Epoch [269/1000], Wasserstein(eigs,real_eigs): 25751.174, Wasserstein(log_eigs,log_real_eigs): 3.894
torch.Size([64, 2500])
Epoch [270/1000], Wasserstein(eigs,real_eigs): 33127.920, Wasserstein(log_eigs,log_real_eigs): 4.030
torch.Size([64, 2500])
Epoch [271/1000], Wasserstein(eigs,real_eigs): 31522.024, Wasserstein(log_eigs,log_real_eigs): 3.997
torch.Size([64, 2500])
Epoch [272/1000], Wasserstein(eigs,real_eigs): 33770.884, Wasserstein(log_eigs,log_real_eigs): 3.965
torch.Size([64, 2500])
Epoch [273/1000], Wasserstein(eigs,real_eigs): 38417.045, Wasserstein(log_eigs,log_real_eigs): 4.100
torch.Size([64, 2500])
Epoch [274/1000], Wasserstein(eigs,real_eigs): 31250.235, Wasserstein(log_eigs,log_real_eigs): 3.999
torch.Size([64, 2500])
Epoch [275/1000], Wasserstein(eigs,real_eigs): 31035.104, Wasserstein(log_eigs,log_real_eigs): 4.009
torch.Size([64, 2500])
Epoch [276/1000], Wasserstein(eigs,real_eigs): 30124.360, Wasserstein(log_eigs,log_real_eigs): 4.044
torch.Size([64, 2500])
Epoch [277/1000], Wasserstein(eigs,real_eigs): 15668.392, Wasserstein(log_eigs,log_real_eigs): 3.694
torch.Size([64, 2500])
Epoch [278/1000], Wasserstein(eigs,real_eigs): 10630.022, Wasserstein(log_eigs,log_real_eigs): 3.408
torch.Size([64, 2500])
Epoch [279/1000], Wasserstein(eigs,real_eigs): 10051.071, Wasserstein(log_eigs,log_real_eigs): 3.430
torch.Size([64, 2500])
Epoch [280/1000], Wasserstein(eigs,real_eigs): 13335.522, Wasserstein(log_eigs,log_real_eigs): 3.559
torch.Size([64, 2500])
Epoch [281/1000], Wasserstein(eigs,real_eigs): 17175.313, Wasserstein(log_eigs,log_real_eigs): 3.738
torch.Size([64, 2500])
Epoch [282/1000], Wasserstein(eigs,real_eigs): 18956.172, Wasserstein(log_eigs,log_real_eigs): 3.800
torch.Size([64, 2500])
Epoch [283/1000], Wasserstein(eigs,real_eigs): 19911.556, Wasserstein(log_eigs,log_real_eigs): 3.832
torch.Size([64, 2500])
Epoch [284/1000], Wasserstein(eigs,real_eigs): 19254.053, Wasserstein(log_eigs,log_real_eigs): 3.799
torch.Size([64, 2500])
Epoch [285/1000], Wasserstein(eigs,real_eigs): 18062.226, Wasserstein(log_eigs,log_real_eigs): 3.797
torch.Size([64, 2500])
Epoch [286/1000], Wasserstein(eigs,real_eigs): 20443.543, Wasserstein(log_eigs,log_real_eigs): 3.813
torch.Size([64, 2500])
Epoch [287/1000], Wasserstein(eigs,real_eigs): 17911.439, Wasserstein(log_eigs,log_real_eigs): 3.768
torch.Size([64, 2500])
Epoch [288/1000], Wasserstein(eigs,real_eigs): 17537.450, Wasserstein(log_eigs,log_real_eigs): 3.738
torch.Size([64, 2500])
Epoch [289/1000], Wasserstein(eigs,real_eigs): 20405.977, Wasserstein(log_eigs,log_real_eigs): 3.765
torch.Size([64, 2500])
Epoch [290/1000], Wasserstein(eigs,real_eigs): 27371.416, Wasserstein(log_eigs,log_real_eigs): 3.909
torch.Size([64, 2500])
Epoch [291/1000], Wasserstein(eigs,real_eigs): 27528.843, Wasserstein(log_eigs,log_real_eigs): 3.879
torch.Size([64, 2500])
Epoch [292/1000], Wasserstein(eigs,real_eigs): 28261.528, Wasserstein(log_eigs,log_real_eigs): 3.921
torch.Size([64, 2500])
Epoch [293/1000], Wasserstein(eigs,real_eigs): 29326.759, Wasserstein(log_eigs,log_real_eigs): 3.943
torch.Size([64, 2500])
Epoch [294/1000], Wasserstein(eigs,real_eigs): 16449.674, Wasserstein(log_eigs,log_real_eigs): 3.605
torch.Size([64, 2500])
Epoch [295/1000], Wasserstein(eigs,real_eigs): 21299.702, Wasserstein(log_eigs,log_real_eigs): 3.809
torch.Size([64, 2500])
Epoch [296/1000], Wasserstein(eigs,real_eigs): 19288.708, Wasserstein(log_eigs,log_real_eigs): 3.707
torch.Size([64, 2500])
Epoch [297/1000], Wasserstein(eigs,real_eigs): 19111.572, Wasserstein(log_eigs,log_real_eigs): 3.832
torch.Size([64, 2500])
Epoch [298/1000], Wasserstein(eigs,real_eigs): 20719.302, Wasserstein(log_eigs,log_real_eigs): 3.869
torch.Size([64, 2500])
Epoch [299/1000], Wasserstein(eigs,real_eigs): 21054.246, Wasserstein(log_eigs,log_real_eigs): 3.791
torch.Size([64, 2500])
Epoch [300/1000], Wasserstein(eigs,real_eigs): 19818.556, Wasserstein(log_eigs,log_real_eigs): 3.731
torch.Size([64, 2500])
Epoch [301/1000], Wasserstein(eigs,real_eigs): 25550.432, Wasserstein(log_eigs,log_real_eigs): 3.936
torch.Size([64, 2500])
Epoch [302/1000], Wasserstein(eigs,real_eigs): 31593.629, Wasserstein(log_eigs,log_real_eigs): 3.982
torch.Size([64, 2500])
Epoch [303/1000], Wasserstein(eigs,real_eigs): 25414.679, Wasserstein(log_eigs,log_real_eigs): 3.914
torch.Size([64, 2500])
Epoch [304/1000], Wasserstein(eigs,real_eigs): 30019.773, Wasserstein(log_eigs,log_real_eigs): 3.973
torch.Size([64, 2500])
Epoch [305/1000], Wasserstein(eigs,real_eigs): 35004.586, Wasserstein(log_eigs,log_real_eigs): 4.078
torch.Size([64, 2500])
Epoch [306/1000], Wasserstein(eigs,real_eigs): 42285.015, Wasserstein(log_eigs,log_real_eigs): 4.175
torch.Size([64, 2500])
Epoch [307/1000], Wasserstein(eigs,real_eigs): 41227.402, Wasserstein(log_eigs,log_real_eigs): 4.114
torch.Size([64, 2500])
Epoch [308/1000], Wasserstein(eigs,real_eigs): 28423.986, Wasserstein(log_eigs,log_real_eigs): 3.983
torch.Size([64, 2500])
Epoch [309/1000], Wasserstein(eigs,real_eigs): 22149.078, Wasserstein(log_eigs,log_real_eigs): 3.883
torch.Size([64, 2500])
Epoch [310/1000], Wasserstein(eigs,real_eigs): 19888.538, Wasserstein(log_eigs,log_real_eigs): 3.808
torch.Size([64, 2500])
Epoch [311/1000], Wasserstein(eigs,real_eigs): 26212.869, Wasserstein(log_eigs,log_real_eigs): 3.968
torch.Size([64, 2500])
Epoch [312/1000], Wasserstein(eigs,real_eigs): 27334.221, Wasserstein(log_eigs,log_real_eigs): 3.954
torch.Size([64, 2500])
Epoch [313/1000], Wasserstein(eigs,real_eigs): 30803.978, Wasserstein(log_eigs,log_real_eigs): 4.028
torch.Size([64, 2500])
Epoch [314/1000], Wasserstein(eigs,real_eigs): 31453.628, Wasserstein(log_eigs,log_real_eigs): 4.025
torch.Size([64, 2500])
Epoch [315/1000], Wasserstein(eigs,real_eigs): 26117.094, Wasserstein(log_eigs,log_real_eigs): 3.997
torch.Size([64, 2500])
Epoch [316/1000], Wasserstein(eigs,real_eigs): 43758.628, Wasserstein(log_eigs,log_real_eigs): 4.238
torch.Size([64, 2500])
Epoch [317/1000], Wasserstein(eigs,real_eigs): 24656.960, Wasserstein(log_eigs,log_real_eigs): 3.977
torch.Size([64, 2500])
Epoch [318/1000], Wasserstein(eigs,real_eigs): 35552.677, Wasserstein(log_eigs,log_real_eigs): 4.129
torch.Size([64, 2500])
Epoch [319/1000], Wasserstein(eigs,real_eigs): 39610.127, Wasserstein(log_eigs,log_real_eigs): 4.185
torch.Size([64, 2500])
Epoch [320/1000], Wasserstein(eigs,real_eigs): 33540.284, Wasserstein(log_eigs,log_real_eigs): 4.122
torch.Size([64, 2500])
Epoch [321/1000], Wasserstein(eigs,real_eigs): 28365.741, Wasserstein(log_eigs,log_real_eigs): 4.056
torch.Size([64, 2500])
Epoch [322/1000], Wasserstein(eigs,real_eigs): 32644.061, Wasserstein(log_eigs,log_real_eigs): 4.122
torch.Size([64, 2500])
Epoch [323/1000], Wasserstein(eigs,real_eigs): 27476.621, Wasserstein(log_eigs,log_real_eigs): 4.000
torch.Size([64, 2500])
Epoch [324/1000], Wasserstein(eigs,real_eigs): 45510.249, Wasserstein(log_eigs,log_real_eigs): 4.327
torch.Size([64, 2500])
Epoch [325/1000], Wasserstein(eigs,real_eigs): 43851.915, Wasserstein(log_eigs,log_real_eigs): 4.281
torch.Size([64, 2500])
Epoch [326/1000], Wasserstein(eigs,real_eigs): 39801.088, Wasserstein(log_eigs,log_real_eigs): 4.260
torch.Size([64, 2500])
Epoch [327/1000], Wasserstein(eigs,real_eigs): 28396.585, Wasserstein(log_eigs,log_real_eigs): 4.031
torch.Size([64, 2500])
Epoch [328/1000], Wasserstein(eigs,real_eigs): 22516.383, Wasserstein(log_eigs,log_real_eigs): 3.915
torch.Size([64, 2500])
Epoch [329/1000], Wasserstein(eigs,real_eigs): 14559.798, Wasserstein(log_eigs,log_real_eigs): 3.755
torch.Size([64, 2500])
Epoch [330/1000], Wasserstein(eigs,real_eigs): 16083.354, Wasserstein(log_eigs,log_real_eigs): 3.825
torch.Size([64, 2500])
Epoch [331/1000], Wasserstein(eigs,real_eigs): 18872.474, Wasserstein(log_eigs,log_real_eigs): 3.823
torch.Size([64, 2500])
Epoch [332/1000], Wasserstein(eigs,real_eigs): 21106.776, Wasserstein(log_eigs,log_real_eigs): 3.917
torch.Size([64, 2500])
Epoch [333/1000], Wasserstein(eigs,real_eigs): 17252.151, Wasserstein(log_eigs,log_real_eigs): 3.819
torch.Size([64, 2500])
Epoch [334/1000], Wasserstein(eigs,real_eigs): 15353.203, Wasserstein(log_eigs,log_real_eigs): 3.816
torch.Size([64, 2500])
Epoch [335/1000], Wasserstein(eigs,real_eigs): 15070.735, Wasserstein(log_eigs,log_real_eigs): 3.778
torch.Size([64, 2500])
Epoch [336/1000], Wasserstein(eigs,real_eigs): 12693.466, Wasserstein(log_eigs,log_real_eigs): 3.653
torch.Size([64, 2500])
Epoch [337/1000], Wasserstein(eigs,real_eigs): 8859.385, Wasserstein(log_eigs,log_real_eigs): 3.574
torch.Size([64, 2500])
Epoch [338/1000], Wasserstein(eigs,real_eigs): 7550.321, Wasserstein(log_eigs,log_real_eigs): 3.509
torch.Size([64, 2500])
Epoch [339/1000], Wasserstein(eigs,real_eigs): 6836.193, Wasserstein(log_eigs,log_real_eigs): 3.456
torch.Size([64, 2500])
Epoch [340/1000], Wasserstein(eigs,real_eigs): 6364.193, Wasserstein(log_eigs,log_real_eigs): 3.441
torch.Size([64, 2500])
Epoch [341/1000], Wasserstein(eigs,real_eigs): 8627.233, Wasserstein(log_eigs,log_real_eigs): 3.440
torch.Size([64, 2500])
Epoch [342/1000], Wasserstein(eigs,real_eigs): 11420.933, Wasserstein(log_eigs,log_real_eigs): 3.568
torch.Size([64, 2500])
Epoch [343/1000], Wasserstein(eigs,real_eigs): 9122.944, Wasserstein(log_eigs,log_real_eigs): 3.490
torch.Size([64, 2500])
Epoch [344/1000], Wasserstein(eigs,real_eigs): 5898.962, Wasserstein(log_eigs,log_real_eigs): 3.234
torch.Size([64, 2500])
Epoch [345/1000], Wasserstein(eigs,real_eigs): 7858.126, Wasserstein(log_eigs,log_real_eigs): 3.378
torch.Size([64, 2500])
Epoch [346/1000], Wasserstein(eigs,real_eigs): 7395.350, Wasserstein(log_eigs,log_real_eigs): 3.359
torch.Size([64, 2500])
Epoch [347/1000], Wasserstein(eigs,real_eigs): 7551.130, Wasserstein(log_eigs,log_real_eigs): 3.410
torch.Size([64, 2500])
Epoch [348/1000], Wasserstein(eigs,real_eigs): 10734.496, Wasserstein(log_eigs,log_real_eigs): 3.635
torch.Size([64, 2500])
Epoch [349/1000], Wasserstein(eigs,real_eigs): 10307.015, Wasserstein(log_eigs,log_real_eigs): 3.487
torch.Size([64, 2500])
Epoch [350/1000], Wasserstein(eigs,real_eigs): 8666.640, Wasserstein(log_eigs,log_real_eigs): 3.405
torch.Size([64, 2500])
Epoch [351/1000], Wasserstein(eigs,real_eigs): 11849.420, Wasserstein(log_eigs,log_real_eigs): 3.409
torch.Size([64, 2500])
Epoch [352/1000], Wasserstein(eigs,real_eigs): 11113.361, Wasserstein(log_eigs,log_real_eigs): 3.524
torch.Size([64, 2500])
Epoch [353/1000], Wasserstein(eigs,real_eigs): 10562.611, Wasserstein(log_eigs,log_real_eigs): 3.475
torch.Size([64, 2500])
Epoch [354/1000], Wasserstein(eigs,real_eigs): 10027.415, Wasserstein(log_eigs,log_real_eigs): 3.452
torch.Size([64, 2500])
Epoch [355/1000], Wasserstein(eigs,real_eigs): 8497.480, Wasserstein(log_eigs,log_real_eigs): 3.429
torch.Size([64, 2500])
Epoch [356/1000], Wasserstein(eigs,real_eigs): 11362.314, Wasserstein(log_eigs,log_real_eigs): 3.519
torch.Size([64, 2500])
Epoch [357/1000], Wasserstein(eigs,real_eigs): 8567.401, Wasserstein(log_eigs,log_real_eigs): 3.523
torch.Size([64, 2500])
Epoch [358/1000], Wasserstein(eigs,real_eigs): 7493.473, Wasserstein(log_eigs,log_real_eigs): 3.374
torch.Size([64, 2500])
Epoch [359/1000], Wasserstein(eigs,real_eigs): 7639.076, Wasserstein(log_eigs,log_real_eigs): 3.421
torch.Size([64, 2500])
Epoch [360/1000], Wasserstein(eigs,real_eigs): 10100.019, Wasserstein(log_eigs,log_real_eigs): 3.512
torch.Size([64, 2500])
Epoch [361/1000], Wasserstein(eigs,real_eigs): 12745.410, Wasserstein(log_eigs,log_real_eigs): 3.605
torch.Size([64, 2500])
Epoch [362/1000], Wasserstein(eigs,real_eigs): 12857.795, Wasserstein(log_eigs,log_real_eigs): 3.603
torch.Size([64, 2500])
Epoch [363/1000], Wasserstein(eigs,real_eigs): 6936.447, Wasserstein(log_eigs,log_real_eigs): 3.145
torch.Size([64, 2500])
Epoch [364/1000], Wasserstein(eigs,real_eigs): 6396.944, Wasserstein(log_eigs,log_real_eigs): 3.154
torch.Size([64, 2500])
Epoch [365/1000], Wasserstein(eigs,real_eigs): 7167.132, Wasserstein(log_eigs,log_real_eigs): 3.320
torch.Size([64, 2500])
Epoch [366/1000], Wasserstein(eigs,real_eigs): 7897.172, Wasserstein(log_eigs,log_real_eigs): 3.294
torch.Size([64, 2500])
Epoch [367/1000], Wasserstein(eigs,real_eigs): 9240.582, Wasserstein(log_eigs,log_real_eigs): 3.387
torch.Size([64, 2500])
Epoch [368/1000], Wasserstein(eigs,real_eigs): 8628.713, Wasserstein(log_eigs,log_real_eigs): 3.224
torch.Size([64, 2500])
Epoch [369/1000], Wasserstein(eigs,real_eigs): 7617.219, Wasserstein(log_eigs,log_real_eigs): 3.307
torch.Size([64, 2500])
Epoch [370/1000], Wasserstein(eigs,real_eigs): 11094.681, Wasserstein(log_eigs,log_real_eigs): 3.455
torch.Size([64, 2500])
Epoch [371/1000], Wasserstein(eigs,real_eigs): 10930.876, Wasserstein(log_eigs,log_real_eigs): 3.490
torch.Size([64, 2500])
Epoch [372/1000], Wasserstein(eigs,real_eigs): 8200.163, Wasserstein(log_eigs,log_real_eigs): 3.341
torch.Size([64, 2500])
Epoch [373/1000], Wasserstein(eigs,real_eigs): 8970.695, Wasserstein(log_eigs,log_real_eigs): 3.375
torch.Size([64, 2500])
Epoch [374/1000], Wasserstein(eigs,real_eigs): 9550.109, Wasserstein(log_eigs,log_real_eigs): 3.327
torch.Size([64, 2500])
Epoch [375/1000], Wasserstein(eigs,real_eigs): 8647.645, Wasserstein(log_eigs,log_real_eigs): 3.333
torch.Size([64, 2500])
Epoch [376/1000], Wasserstein(eigs,real_eigs): 8290.306, Wasserstein(log_eigs,log_real_eigs): 3.348
torch.Size([64, 2500])
Epoch [377/1000], Wasserstein(eigs,real_eigs): 10251.770, Wasserstein(log_eigs,log_real_eigs): 3.403
torch.Size([64, 2500])
Epoch [378/1000], Wasserstein(eigs,real_eigs): 11421.736, Wasserstein(log_eigs,log_real_eigs): 3.390
torch.Size([64, 2500])
Epoch [379/1000], Wasserstein(eigs,real_eigs): 12658.215, Wasserstein(log_eigs,log_real_eigs): 3.465
torch.Size([64, 2500])
Epoch [380/1000], Wasserstein(eigs,real_eigs): 12821.995, Wasserstein(log_eigs,log_real_eigs): 3.600
torch.Size([64, 2500])
Epoch [381/1000], Wasserstein(eigs,real_eigs): 16238.628, Wasserstein(log_eigs,log_real_eigs): 3.516
torch.Size([64, 2500])
Epoch [382/1000], Wasserstein(eigs,real_eigs): 21817.381, Wasserstein(log_eigs,log_real_eigs): 3.702
torch.Size([64, 2500])
Epoch [383/1000], Wasserstein(eigs,real_eigs): 25253.027, Wasserstein(log_eigs,log_real_eigs): 3.853
torch.Size([64, 2500])
Epoch [384/1000], Wasserstein(eigs,real_eigs): 18769.421, Wasserstein(log_eigs,log_real_eigs): 3.796
torch.Size([64, 2500])
Epoch [385/1000], Wasserstein(eigs,real_eigs): 13728.274, Wasserstein(log_eigs,log_real_eigs): 3.538
torch.Size([64, 2500])
Epoch [386/1000], Wasserstein(eigs,real_eigs): 13955.342, Wasserstein(log_eigs,log_real_eigs): 3.344
torch.Size([64, 2500])
Epoch [387/1000], Wasserstein(eigs,real_eigs): 40694.912, Wasserstein(log_eigs,log_real_eigs): 4.113
torch.Size([64, 2500])
Epoch [388/1000], Wasserstein(eigs,real_eigs): 39822.446, Wasserstein(log_eigs,log_real_eigs): 4.198
torch.Size([64, 2500])
Epoch [389/1000], Wasserstein(eigs,real_eigs): 20170.259, Wasserstein(log_eigs,log_real_eigs): 3.918
torch.Size([64, 2500])
Epoch [390/1000], Wasserstein(eigs,real_eigs): 19634.413, Wasserstein(log_eigs,log_real_eigs): 3.966
torch.Size([64, 2500])
Epoch [391/1000], Wasserstein(eigs,real_eigs): 44382.798, Wasserstein(log_eigs,log_real_eigs): 4.253
torch.Size([64, 2500])
Epoch [392/1000], Wasserstein(eigs,real_eigs): 35085.554, Wasserstein(log_eigs,log_real_eigs): 4.185
torch.Size([64, 2500])
Epoch [393/1000], Wasserstein(eigs,real_eigs): 19551.201, Wasserstein(log_eigs,log_real_eigs): 3.855
torch.Size([64, 2500])
Epoch [394/1000], Wasserstein(eigs,real_eigs): 20317.000, Wasserstein(log_eigs,log_real_eigs): 3.897
torch.Size([64, 2500])
Epoch [395/1000], Wasserstein(eigs,real_eigs): 19161.904, Wasserstein(log_eigs,log_real_eigs): 3.886
torch.Size([64, 2500])
Epoch [396/1000], Wasserstein(eigs,real_eigs): 19301.225, Wasserstein(log_eigs,log_real_eigs): 3.852
torch.Size([64, 2500])
Epoch [397/1000], Wasserstein(eigs,real_eigs): 21647.136, Wasserstein(log_eigs,log_real_eigs): 3.937
torch.Size([64, 2500])
Epoch [398/1000], Wasserstein(eigs,real_eigs): 19789.011, Wasserstein(log_eigs,log_real_eigs): 3.892
torch.Size([64, 2500])
Epoch [399/1000], Wasserstein(eigs,real_eigs): 18994.051, Wasserstein(log_eigs,log_real_eigs): 3.854
torch.Size([64, 2500])
Epoch [400/1000], Wasserstein(eigs,real_eigs): 18934.917, Wasserstein(log_eigs,log_real_eigs): 3.879
torch.Size([64, 2500])
Epoch [401/1000], Wasserstein(eigs,real_eigs): 16151.459, Wasserstein(log_eigs,log_real_eigs): 3.868
torch.Size([64, 2500])
Epoch [402/1000], Wasserstein(eigs,real_eigs): 13969.953, Wasserstein(log_eigs,log_real_eigs): 3.747
torch.Size([64, 2500])
Epoch [403/1000], Wasserstein(eigs,real_eigs): 8128.680, Wasserstein(log_eigs,log_real_eigs): 3.473
torch.Size([64, 2500])
Epoch [404/1000], Wasserstein(eigs,real_eigs): 5969.348, Wasserstein(log_eigs,log_real_eigs): 3.280
torch.Size([64, 2500])
Epoch [405/1000], Wasserstein(eigs,real_eigs): 6192.841, Wasserstein(log_eigs,log_real_eigs): 3.217
torch.Size([64, 2500])
Epoch [406/1000], Wasserstein(eigs,real_eigs): 6690.457, Wasserstein(log_eigs,log_real_eigs): 3.289
torch.Size([64, 2500])
Epoch [407/1000], Wasserstein(eigs,real_eigs): 7473.787, Wasserstein(log_eigs,log_real_eigs): 3.216
torch.Size([64, 2500])
Epoch [408/1000], Wasserstein(eigs,real_eigs): 8371.049, Wasserstein(log_eigs,log_real_eigs): 3.379
torch.Size([64, 2500])
Epoch [409/1000], Wasserstein(eigs,real_eigs): 9102.035, Wasserstein(log_eigs,log_real_eigs): 3.370
torch.Size([64, 2500])
Epoch [410/1000], Wasserstein(eigs,real_eigs): 8288.686, Wasserstein(log_eigs,log_real_eigs): 3.244
torch.Size([64, 2500])
Epoch [411/1000], Wasserstein(eigs,real_eigs): 9391.906, Wasserstein(log_eigs,log_real_eigs): 3.463
torch.Size([64, 2500])
Epoch [412/1000], Wasserstein(eigs,real_eigs): 9238.497, Wasserstein(log_eigs,log_real_eigs): 3.363
torch.Size([64, 2500])
Epoch [413/1000], Wasserstein(eigs,real_eigs): 7585.525, Wasserstein(log_eigs,log_real_eigs): 3.307
torch.Size([64, 2500])
Epoch [414/1000], Wasserstein(eigs,real_eigs): 8809.993, Wasserstein(log_eigs,log_real_eigs): 3.437
torch.Size([64, 2500])
Epoch [415/1000], Wasserstein(eigs,real_eigs): 8748.843, Wasserstein(log_eigs,log_real_eigs): 3.452
torch.Size([64, 2500])
Epoch [416/1000], Wasserstein(eigs,real_eigs): 8979.268, Wasserstein(log_eigs,log_real_eigs): 3.448
torch.Size([64, 2500])
Epoch [417/1000], Wasserstein(eigs,real_eigs): 6449.527, Wasserstein(log_eigs,log_real_eigs): 3.297
torch.Size([64, 2500])
Epoch [418/1000], Wasserstein(eigs,real_eigs): 4667.194, Wasserstein(log_eigs,log_real_eigs): 3.045
torch.Size([64, 2500])
Epoch [419/1000], Wasserstein(eigs,real_eigs): 3440.450, Wasserstein(log_eigs,log_real_eigs): 2.871
torch.Size([64, 2500])
Epoch [420/1000], Wasserstein(eigs,real_eigs): 4260.750, Wasserstein(log_eigs,log_real_eigs): 3.014
torch.Size([64, 2500])
Epoch [421/1000], Wasserstein(eigs,real_eigs): 3752.937, Wasserstein(log_eigs,log_real_eigs): 2.804
torch.Size([64, 2500])
Epoch [422/1000], Wasserstein(eigs,real_eigs): 3727.818, Wasserstein(log_eigs,log_real_eigs): 2.756
torch.Size([64, 2500])
Epoch [423/1000], Wasserstein(eigs,real_eigs): 3826.856, Wasserstein(log_eigs,log_real_eigs): 2.889
torch.Size([64, 2500])
Epoch [424/1000], Wasserstein(eigs,real_eigs): 3982.160, Wasserstein(log_eigs,log_real_eigs): 2.862
torch.Size([64, 2500])
Epoch [425/1000], Wasserstein(eigs,real_eigs): 3437.293, Wasserstein(log_eigs,log_real_eigs): 2.809
torch.Size([64, 2500])
Epoch [426/1000], Wasserstein(eigs,real_eigs): 3889.440, Wasserstein(log_eigs,log_real_eigs): 2.923
torch.Size([64, 2500])
Epoch [427/1000], Wasserstein(eigs,real_eigs): 3728.985, Wasserstein(log_eigs,log_real_eigs): 2.894
torch.Size([64, 2500])
Epoch [428/1000], Wasserstein(eigs,real_eigs): 4107.465, Wasserstein(log_eigs,log_real_eigs): 2.946
torch.Size([64, 2500])
Epoch [429/1000], Wasserstein(eigs,real_eigs): 3404.668, Wasserstein(log_eigs,log_real_eigs): 2.749
torch.Size([64, 2500])
Epoch [430/1000], Wasserstein(eigs,real_eigs): 3782.095, Wasserstein(log_eigs,log_real_eigs): 2.828
torch.Size([64, 2500])
Epoch [431/1000], Wasserstein(eigs,real_eigs): 4898.159, Wasserstein(log_eigs,log_real_eigs): 2.997
torch.Size([64, 2500])
Epoch [432/1000], Wasserstein(eigs,real_eigs): 5828.124, Wasserstein(log_eigs,log_real_eigs): 3.033
torch.Size([64, 2500])
Epoch [433/1000], Wasserstein(eigs,real_eigs): 4854.169, Wasserstein(log_eigs,log_real_eigs): 3.042
torch.Size([64, 2500])
Epoch [434/1000], Wasserstein(eigs,real_eigs): 4358.169, Wasserstein(log_eigs,log_real_eigs): 2.931
torch.Size([64, 2500])
Epoch [435/1000], Wasserstein(eigs,real_eigs): 4260.934, Wasserstein(log_eigs,log_real_eigs): 2.825
torch.Size([64, 2500])
Epoch [436/1000], Wasserstein(eigs,real_eigs): 4266.760, Wasserstein(log_eigs,log_real_eigs): 2.912
torch.Size([64, 2500])
Epoch [437/1000], Wasserstein(eigs,real_eigs): 3951.523, Wasserstein(log_eigs,log_real_eigs): 2.839
torch.Size([64, 2500])
Epoch [438/1000], Wasserstein(eigs,real_eigs): 4502.060, Wasserstein(log_eigs,log_real_eigs): 2.751
torch.Size([64, 2500])
Epoch [439/1000], Wasserstein(eigs,real_eigs): 5034.113, Wasserstein(log_eigs,log_real_eigs): 2.803
torch.Size([64, 2500])
Epoch [440/1000], Wasserstein(eigs,real_eigs): 7155.345, Wasserstein(log_eigs,log_real_eigs): 3.165
torch.Size([64, 2500])
Epoch [441/1000], Wasserstein(eigs,real_eigs): 6326.434, Wasserstein(log_eigs,log_real_eigs): 3.081
torch.Size([64, 2500])
Epoch [442/1000], Wasserstein(eigs,real_eigs): 4497.735, Wasserstein(log_eigs,log_real_eigs): 2.692
torch.Size([64, 2500])
Epoch [443/1000], Wasserstein(eigs,real_eigs): 3839.922, Wasserstein(log_eigs,log_real_eigs): 2.548
torch.Size([64, 2500])
Epoch [444/1000], Wasserstein(eigs,real_eigs): 4361.616, Wasserstein(log_eigs,log_real_eigs): 2.794
torch.Size([64, 2500])
Epoch [445/1000], Wasserstein(eigs,real_eigs): 4293.193, Wasserstein(log_eigs,log_real_eigs): 2.748
torch.Size([64, 2500])
Epoch [446/1000], Wasserstein(eigs,real_eigs): 4838.249, Wasserstein(log_eigs,log_real_eigs): 2.874
torch.Size([64, 2500])
Epoch [447/1000], Wasserstein(eigs,real_eigs): 4931.190, Wasserstein(log_eigs,log_real_eigs): 2.823
torch.Size([64, 2500])
Epoch [448/1000], Wasserstein(eigs,real_eigs): 4952.384, Wasserstein(log_eigs,log_real_eigs): 2.822
torch.Size([64, 2500])
Epoch [449/1000], Wasserstein(eigs,real_eigs): 5049.989, Wasserstein(log_eigs,log_real_eigs): 2.902
torch.Size([64, 2500])
Epoch [450/1000], Wasserstein(eigs,real_eigs): 7040.459, Wasserstein(log_eigs,log_real_eigs): 3.072
torch.Size([64, 2500])
Epoch [451/1000], Wasserstein(eigs,real_eigs): 7722.476, Wasserstein(log_eigs,log_real_eigs): 3.041
torch.Size([64, 2500])
Epoch [452/1000], Wasserstein(eigs,real_eigs): 6929.917, Wasserstein(log_eigs,log_real_eigs): 2.929
torch.Size([64, 2500])
Epoch [453/1000], Wasserstein(eigs,real_eigs): 6086.142, Wasserstein(log_eigs,log_real_eigs): 2.899
torch.Size([64, 2500])
Epoch [454/1000], Wasserstein(eigs,real_eigs): 6033.388, Wasserstein(log_eigs,log_real_eigs): 2.784
torch.Size([64, 2500])
Epoch [455/1000], Wasserstein(eigs,real_eigs): 8381.694, Wasserstein(log_eigs,log_real_eigs): 3.046
torch.Size([64, 2500])
Epoch [456/1000], Wasserstein(eigs,real_eigs): 7483.201, Wasserstein(log_eigs,log_real_eigs): 3.093
torch.Size([64, 2500])
Epoch [457/1000], Wasserstein(eigs,real_eigs): 9486.626, Wasserstein(log_eigs,log_real_eigs): 3.123
torch.Size([64, 2500])
Epoch [458/1000], Wasserstein(eigs,real_eigs): 9913.529, Wasserstein(log_eigs,log_real_eigs): 3.248
torch.Size([64, 2500])
Epoch [459/1000], Wasserstein(eigs,real_eigs): 9598.359, Wasserstein(log_eigs,log_real_eigs): 3.093
torch.Size([64, 2500])
Epoch [460/1000], Wasserstein(eigs,real_eigs): 10198.523, Wasserstein(log_eigs,log_real_eigs): 3.246
torch.Size([64, 2500])
Epoch [461/1000], Wasserstein(eigs,real_eigs): 5802.800, Wasserstein(log_eigs,log_real_eigs): 2.907
torch.Size([64, 2500])
Epoch [462/1000], Wasserstein(eigs,real_eigs): 2531.837, Wasserstein(log_eigs,log_real_eigs): 2.539
torch.Size([64, 2500])
Epoch [463/1000], Wasserstein(eigs,real_eigs): 3107.096, Wasserstein(log_eigs,log_real_eigs): 2.602
torch.Size([64, 2500])
Epoch [464/1000], Wasserstein(eigs,real_eigs): 3370.992, Wasserstein(log_eigs,log_real_eigs): 2.712
torch.Size([64, 2500])
Epoch [465/1000], Wasserstein(eigs,real_eigs): 3890.924, Wasserstein(log_eigs,log_real_eigs): 2.586
torch.Size([64, 2500])
Epoch [466/1000], Wasserstein(eigs,real_eigs): 4924.935, Wasserstein(log_eigs,log_real_eigs): 2.717
torch.Size([64, 2500])
Epoch [467/1000], Wasserstein(eigs,real_eigs): 11703.957, Wasserstein(log_eigs,log_real_eigs): 3.214
torch.Size([64, 2500])
Epoch [468/1000], Wasserstein(eigs,real_eigs): 11498.831, Wasserstein(log_eigs,log_real_eigs): 3.329
torch.Size([64, 2500])
Epoch [469/1000], Wasserstein(eigs,real_eigs): 8875.268, Wasserstein(log_eigs,log_real_eigs): 3.164
torch.Size([64, 2500])
Epoch [470/1000], Wasserstein(eigs,real_eigs): 7347.310, Wasserstein(log_eigs,log_real_eigs): 3.061
torch.Size([64, 2500])
Epoch [471/1000], Wasserstein(eigs,real_eigs): 5481.674, Wasserstein(log_eigs,log_real_eigs): 2.885
torch.Size([64, 2500])
Epoch [472/1000], Wasserstein(eigs,real_eigs): 8159.861, Wasserstein(log_eigs,log_real_eigs): 3.105
torch.Size([64, 2500])
Epoch [473/1000], Wasserstein(eigs,real_eigs): 9598.249, Wasserstein(log_eigs,log_real_eigs): 3.144
torch.Size([64, 2500])
Epoch [474/1000], Wasserstein(eigs,real_eigs): 9299.006, Wasserstein(log_eigs,log_real_eigs): 3.128
torch.Size([64, 2500])
Epoch [475/1000], Wasserstein(eigs,real_eigs): 13185.948, Wasserstein(log_eigs,log_real_eigs): 3.280
torch.Size([64, 2500])
Epoch [476/1000], Wasserstein(eigs,real_eigs): 16131.439, Wasserstein(log_eigs,log_real_eigs): 3.436
torch.Size([64, 2500])
Epoch [477/1000], Wasserstein(eigs,real_eigs): 14642.756, Wasserstein(log_eigs,log_real_eigs): 3.377
torch.Size([64, 2500])
Epoch [478/1000], Wasserstein(eigs,real_eigs): 14350.562, Wasserstein(log_eigs,log_real_eigs): 3.256
torch.Size([64, 2500])
Epoch [479/1000], Wasserstein(eigs,real_eigs): 11551.759, Wasserstein(log_eigs,log_real_eigs): 3.200
torch.Size([64, 2500])
Epoch [480/1000], Wasserstein(eigs,real_eigs): 12851.992, Wasserstein(log_eigs,log_real_eigs): 3.352
torch.Size([64, 2500])
Epoch [481/1000], Wasserstein(eigs,real_eigs): 13990.366, Wasserstein(log_eigs,log_real_eigs): 3.262
torch.Size([64, 2500])
Epoch [482/1000], Wasserstein(eigs,real_eigs): 14905.341, Wasserstein(log_eigs,log_real_eigs): 3.343
torch.Size([64, 2500])
Epoch [483/1000], Wasserstein(eigs,real_eigs): 17296.313, Wasserstein(log_eigs,log_real_eigs): 3.392
torch.Size([64, 2500])
Epoch [484/1000], Wasserstein(eigs,real_eigs): 14533.022, Wasserstein(log_eigs,log_real_eigs): 3.437
torch.Size([64, 2500])
Epoch [485/1000], Wasserstein(eigs,real_eigs): 13785.562, Wasserstein(log_eigs,log_real_eigs): 3.431
torch.Size([64, 2500])
Epoch [486/1000], Wasserstein(eigs,real_eigs): 13307.736, Wasserstein(log_eigs,log_real_eigs): 3.216
torch.Size([64, 2500])
Epoch [487/1000], Wasserstein(eigs,real_eigs): 18356.292, Wasserstein(log_eigs,log_real_eigs): 3.517
torch.Size([64, 2500])
Epoch [488/1000], Wasserstein(eigs,real_eigs): 16165.803, Wasserstein(log_eigs,log_real_eigs): 3.440
torch.Size([64, 2500])
Epoch [489/1000], Wasserstein(eigs,real_eigs): 13189.424, Wasserstein(log_eigs,log_real_eigs): 3.327
torch.Size([64, 2500])
Epoch [490/1000], Wasserstein(eigs,real_eigs): 10414.455, Wasserstein(log_eigs,log_real_eigs): 3.140
torch.Size([64, 2500])
Epoch [491/1000], Wasserstein(eigs,real_eigs): 14683.634, Wasserstein(log_eigs,log_real_eigs): 3.312
torch.Size([64, 2500])
Epoch [492/1000], Wasserstein(eigs,real_eigs): 15049.112, Wasserstein(log_eigs,log_real_eigs): 3.356
torch.Size([64, 2500])
Epoch [493/1000], Wasserstein(eigs,real_eigs): 13306.997, Wasserstein(log_eigs,log_real_eigs): 3.200
torch.Size([64, 2500])
Epoch [494/1000], Wasserstein(eigs,real_eigs): 13120.864, Wasserstein(log_eigs,log_real_eigs): 3.412
torch.Size([64, 2500])
Epoch [495/1000], Wasserstein(eigs,real_eigs): 13774.372, Wasserstein(log_eigs,log_real_eigs): 3.382
torch.Size([64, 2500])
Epoch [496/1000], Wasserstein(eigs,real_eigs): 15137.976, Wasserstein(log_eigs,log_real_eigs): 3.480
torch.Size([64, 2500])
Epoch [497/1000], Wasserstein(eigs,real_eigs): 9366.177, Wasserstein(log_eigs,log_real_eigs): 3.157
torch.Size([64, 2500])
Epoch [498/1000], Wasserstein(eigs,real_eigs): 9357.615, Wasserstein(log_eigs,log_real_eigs): 3.045
torch.Size([64, 2500])
Epoch [499/1000], Wasserstein(eigs,real_eigs): 8377.479, Wasserstein(log_eigs,log_real_eigs): 3.257
torch.Size([64, 2500])
Epoch [500/1000], Wasserstein(eigs,real_eigs): 8027.608, Wasserstein(log_eigs,log_real_eigs): 3.115
torch.Size([64, 2500])
Epoch [501/1000], Wasserstein(eigs,real_eigs): 8303.030, Wasserstein(log_eigs,log_real_eigs): 3.209
torch.Size([64, 2500])
Epoch [502/1000], Wasserstein(eigs,real_eigs): 7698.538, Wasserstein(log_eigs,log_real_eigs): 3.169
torch.Size([64, 2500])
Epoch [503/1000], Wasserstein(eigs,real_eigs): 7438.835, Wasserstein(log_eigs,log_real_eigs): 3.204
torch.Size([64, 2500])
Epoch [504/1000], Wasserstein(eigs,real_eigs): 5394.510, Wasserstein(log_eigs,log_real_eigs): 3.074
torch.Size([64, 2500])
Epoch [505/1000], Wasserstein(eigs,real_eigs): 5072.928, Wasserstein(log_eigs,log_real_eigs): 2.905
torch.Size([64, 2500])
Epoch [506/1000], Wasserstein(eigs,real_eigs): 7968.233, Wasserstein(log_eigs,log_real_eigs): 3.172
torch.Size([64, 2500])
Epoch [507/1000], Wasserstein(eigs,real_eigs): 16000.358, Wasserstein(log_eigs,log_real_eigs): 3.454
torch.Size([64, 2500])
Epoch [508/1000], Wasserstein(eigs,real_eigs): 18797.408, Wasserstein(log_eigs,log_real_eigs): 3.501
torch.Size([64, 2500])
Epoch [509/1000], Wasserstein(eigs,real_eigs): 12535.764, Wasserstein(log_eigs,log_real_eigs): 3.373
torch.Size([64, 2500])
Epoch [510/1000], Wasserstein(eigs,real_eigs): 6161.112, Wasserstein(log_eigs,log_real_eigs): 3.001
torch.Size([64, 2500])
Epoch [511/1000], Wasserstein(eigs,real_eigs): 4842.563, Wasserstein(log_eigs,log_real_eigs): 2.858
torch.Size([64, 2500])
Epoch [512/1000], Wasserstein(eigs,real_eigs): 7559.860, Wasserstein(log_eigs,log_real_eigs): 3.139
torch.Size([64, 2500])
Epoch [513/1000], Wasserstein(eigs,real_eigs): 5374.800, Wasserstein(log_eigs,log_real_eigs): 3.003
torch.Size([64, 2500])
Epoch [514/1000], Wasserstein(eigs,real_eigs): 4760.343, Wasserstein(log_eigs,log_real_eigs): 2.811
torch.Size([64, 2500])
Epoch [515/1000], Wasserstein(eigs,real_eigs): 5117.797, Wasserstein(log_eigs,log_real_eigs): 3.025
torch.Size([64, 2500])
Epoch [516/1000], Wasserstein(eigs,real_eigs): 6201.157, Wasserstein(log_eigs,log_real_eigs): 2.943
torch.Size([64, 2500])
Epoch [517/1000], Wasserstein(eigs,real_eigs): 4486.942, Wasserstein(log_eigs,log_real_eigs): 2.926
torch.Size([64, 2500])
Epoch [518/1000], Wasserstein(eigs,real_eigs): 3644.345, Wasserstein(log_eigs,log_real_eigs): 2.826
torch.Size([64, 2500])
Epoch [519/1000], Wasserstein(eigs,real_eigs): 5236.150, Wasserstein(log_eigs,log_real_eigs): 3.046
torch.Size([64, 2500])
Epoch [520/1000], Wasserstein(eigs,real_eigs): 5763.505, Wasserstein(log_eigs,log_real_eigs): 3.018
torch.Size([64, 2500])
Epoch [521/1000], Wasserstein(eigs,real_eigs): 7131.706, Wasserstein(log_eigs,log_real_eigs): 3.109
torch.Size([64, 2500])
Epoch [522/1000], Wasserstein(eigs,real_eigs): 3248.317, Wasserstein(log_eigs,log_real_eigs): 2.718
torch.Size([64, 2500])
Epoch [523/1000], Wasserstein(eigs,real_eigs): 3404.788, Wasserstein(log_eigs,log_real_eigs): 2.812
torch.Size([64, 2500])
Epoch [524/1000], Wasserstein(eigs,real_eigs): 3855.396, Wasserstein(log_eigs,log_real_eigs): 2.825
torch.Size([64, 2500])
Epoch [525/1000], Wasserstein(eigs,real_eigs): 3433.251, Wasserstein(log_eigs,log_real_eigs): 2.708
torch.Size([64, 2500])
Epoch [526/1000], Wasserstein(eigs,real_eigs): 4250.672, Wasserstein(log_eigs,log_real_eigs): 2.829
torch.Size([64, 2500])
Epoch [527/1000], Wasserstein(eigs,real_eigs): 5817.186, Wasserstein(log_eigs,log_real_eigs): 3.116
torch.Size([64, 2500])
Epoch [528/1000], Wasserstein(eigs,real_eigs): 4437.325, Wasserstein(log_eigs,log_real_eigs): 2.924
torch.Size([64, 2500])
Epoch [529/1000], Wasserstein(eigs,real_eigs): 4522.126, Wasserstein(log_eigs,log_real_eigs): 3.095
torch.Size([64, 2500])
Epoch [530/1000], Wasserstein(eigs,real_eigs): 5436.151, Wasserstein(log_eigs,log_real_eigs): 3.133
torch.Size([64, 2500])
Epoch [531/1000], Wasserstein(eigs,real_eigs): 6119.739, Wasserstein(log_eigs,log_real_eigs): 3.060
torch.Size([64, 2500])
Epoch [532/1000], Wasserstein(eigs,real_eigs): 11030.454, Wasserstein(log_eigs,log_real_eigs): 3.428
torch.Size([64, 2500])
Epoch [533/1000], Wasserstein(eigs,real_eigs): 12547.258, Wasserstein(log_eigs,log_real_eigs): 3.483
torch.Size([64, 2500])
Epoch [534/1000], Wasserstein(eigs,real_eigs): 9609.370, Wasserstein(log_eigs,log_real_eigs): 3.353
torch.Size([64, 2500])
Epoch [535/1000], Wasserstein(eigs,real_eigs): 5658.607, Wasserstein(log_eigs,log_real_eigs): 3.152
torch.Size([64, 2500])
Epoch [536/1000], Wasserstein(eigs,real_eigs): 4213.440, Wasserstein(log_eigs,log_real_eigs): 2.891
torch.Size([64, 2500])
Epoch [537/1000], Wasserstein(eigs,real_eigs): 7250.197, Wasserstein(log_eigs,log_real_eigs): 3.193
torch.Size([64, 2500])
Epoch [538/1000], Wasserstein(eigs,real_eigs): 4764.684, Wasserstein(log_eigs,log_real_eigs): 2.979
torch.Size([64, 2500])
Epoch [539/1000], Wasserstein(eigs,real_eigs): 4760.844, Wasserstein(log_eigs,log_real_eigs): 2.923
torch.Size([64, 2500])
Epoch [540/1000], Wasserstein(eigs,real_eigs): 4170.787, Wasserstein(log_eigs,log_real_eigs): 2.964
torch.Size([64, 2500])
Epoch [541/1000], Wasserstein(eigs,real_eigs): 3239.099, Wasserstein(log_eigs,log_real_eigs): 2.841
torch.Size([64, 2500])
Epoch [542/1000], Wasserstein(eigs,real_eigs): 3598.967, Wasserstein(log_eigs,log_real_eigs): 2.942
