2019-10-18 12:03:19.481495
Namespace(batch_size=64, dataroot='/home/jim/Documents/RandomBergman/KS4/data/', diff=0, epochs=1000, exp=None, h11=50, log_interval=1, lr=5e-06, lr_D=5e-06, lr_G=5e-06, model_type='WGAN_DCGAN', n_critic_steps=5, newsize=40, num_geometries=2500, nz=200, outdir='./experiments/exp_WGAN_DCGAN_50_200_10182019_120319', plot_interval=20, py_version=3, save=True, show_plots=False, test_batch_size=10000)
Namespace(batch_size=64, dataroot='/home/jim/Documents/RandomBergman/KS4/data/', diff=0, epochs=1000, exp=None, h11=50, log_interval=1, lr=5e-06, lr_D=5e-06, lr_G=5e-06, model_type='WGAN_DCGAN', n_critic_steps=5, newsize=40, num_geometries=2500, nz=200, outdir='./experiments/exp_WGAN_DCGAN_50_200_10182019_120319', plot_interval=20, py_version=3, save=True, show_plots=False, test_batch_size=10000)
Model type: WGAN_DCGAN
Coomparing to Eigenvalue distribution collected from 3399 geometries
data: 64 50
torch.Size([64, 2500])
Epoch [0/1000], Wasserstein(eigs,real_eigs): 8.221, Wasserstein(log_eigs,log_real_eigs): 0.809
torch.Size([64, 2500])
Epoch [1/1000], Wasserstein(eigs,real_eigs): 4.364, Wasserstein(log_eigs,log_real_eigs): 0.643
torch.Size([64, 2500])
Epoch [2/1000], Wasserstein(eigs,real_eigs): 3.032, Wasserstein(log_eigs,log_real_eigs): 0.558
torch.Size([64, 2500])
Epoch [3/1000], Wasserstein(eigs,real_eigs): 1.798, Wasserstein(log_eigs,log_real_eigs): 0.467
torch.Size([64, 2500])
Epoch [4/1000], Wasserstein(eigs,real_eigs): 0.955, Wasserstein(log_eigs,log_real_eigs): 0.371
torch.Size([64, 2500])
Epoch [5/1000], Wasserstein(eigs,real_eigs): 0.979, Wasserstein(log_eigs,log_real_eigs): 0.321
torch.Size([64, 2500])
Epoch [6/1000], Wasserstein(eigs,real_eigs): 1.219, Wasserstein(log_eigs,log_real_eigs): 0.305
torch.Size([64, 2500])
Epoch [7/1000], Wasserstein(eigs,real_eigs): 1.361, Wasserstein(log_eigs,log_real_eigs): 0.300
torch.Size([64, 2500])
Epoch [8/1000], Wasserstein(eigs,real_eigs): 1.473, Wasserstein(log_eigs,log_real_eigs): 0.296
torch.Size([64, 2500])
Epoch [9/1000], Wasserstein(eigs,real_eigs): 1.540, Wasserstein(log_eigs,log_real_eigs): 0.298
torch.Size([64, 2500])
Epoch [10/1000], Wasserstein(eigs,real_eigs): 1.571, Wasserstein(log_eigs,log_real_eigs): 0.297
torch.Size([64, 2500])
Epoch [11/1000], Wasserstein(eigs,real_eigs): 1.626, Wasserstein(log_eigs,log_real_eigs): 0.302
torch.Size([64, 2500])
Epoch [12/1000], Wasserstein(eigs,real_eigs): 1.666, Wasserstein(log_eigs,log_real_eigs): 0.309
torch.Size([64, 2500])
Epoch [13/1000], Wasserstein(eigs,real_eigs): 1.698, Wasserstein(log_eigs,log_real_eigs): 0.298
torch.Size([64, 2500])
Epoch [14/1000], Wasserstein(eigs,real_eigs): 1.704, Wasserstein(log_eigs,log_real_eigs): 0.301
torch.Size([64, 2500])
Epoch [15/1000], Wasserstein(eigs,real_eigs): 1.749, Wasserstein(log_eigs,log_real_eigs): 0.303
torch.Size([64, 2500])
Epoch [16/1000], Wasserstein(eigs,real_eigs): 1.755, Wasserstein(log_eigs,log_real_eigs): 0.299
torch.Size([64, 2500])
Epoch [17/1000], Wasserstein(eigs,real_eigs): 1.773, Wasserstein(log_eigs,log_real_eigs): 0.301
torch.Size([64, 2500])
Epoch [18/1000], Wasserstein(eigs,real_eigs): 1.795, Wasserstein(log_eigs,log_real_eigs): 0.302
torch.Size([64, 2500])
Epoch [19/1000], Wasserstein(eigs,real_eigs): 1.833, Wasserstein(log_eigs,log_real_eigs): 0.299
torch.Size([64, 2500])
Epoch [20/1000], Wasserstein(eigs,real_eigs): 1.862, Wasserstein(log_eigs,log_real_eigs): 0.300
torch.Size([64, 2500])
Epoch [21/1000], Wasserstein(eigs,real_eigs): 1.848, Wasserstein(log_eigs,log_real_eigs): 0.302
torch.Size([64, 2500])
Epoch [22/1000], Wasserstein(eigs,real_eigs): 1.845, Wasserstein(log_eigs,log_real_eigs): 0.299
torch.Size([64, 2500])
Epoch [23/1000], Wasserstein(eigs,real_eigs): 1.891, Wasserstein(log_eigs,log_real_eigs): 0.303
torch.Size([64, 2500])
Epoch [24/1000], Wasserstein(eigs,real_eigs): 1.860, Wasserstein(log_eigs,log_real_eigs): 0.305
torch.Size([64, 2500])
Epoch [25/1000], Wasserstein(eigs,real_eigs): 1.829, Wasserstein(log_eigs,log_real_eigs): 0.296
torch.Size([64, 2500])
Epoch [26/1000], Wasserstein(eigs,real_eigs): 1.847, Wasserstein(log_eigs,log_real_eigs): 0.296
torch.Size([64, 2500])
Epoch [27/1000], Wasserstein(eigs,real_eigs): 1.841, Wasserstein(log_eigs,log_real_eigs): 0.292
torch.Size([64, 2500])
Epoch [28/1000], Wasserstein(eigs,real_eigs): 1.831, Wasserstein(log_eigs,log_real_eigs): 0.301
torch.Size([64, 2500])
Epoch [29/1000], Wasserstein(eigs,real_eigs): 1.768, Wasserstein(log_eigs,log_real_eigs): 0.287
torch.Size([64, 2500])
Epoch [30/1000], Wasserstein(eigs,real_eigs): 1.787, Wasserstein(log_eigs,log_real_eigs): 0.296
torch.Size([64, 2500])
Epoch [31/1000], Wasserstein(eigs,real_eigs): 1.780, Wasserstein(log_eigs,log_real_eigs): 0.300
torch.Size([64, 2500])
Epoch [32/1000], Wasserstein(eigs,real_eigs): 1.776, Wasserstein(log_eigs,log_real_eigs): 0.298
torch.Size([64, 2500])
Epoch [33/1000], Wasserstein(eigs,real_eigs): 1.703, Wasserstein(log_eigs,log_real_eigs): 0.294
torch.Size([64, 2500])
Epoch [34/1000], Wasserstein(eigs,real_eigs): 1.694, Wasserstein(log_eigs,log_real_eigs): 0.299
torch.Size([64, 2500])
Epoch [35/1000], Wasserstein(eigs,real_eigs): 1.692, Wasserstein(log_eigs,log_real_eigs): 0.295
torch.Size([64, 2500])
Epoch [36/1000], Wasserstein(eigs,real_eigs): 1.692, Wasserstein(log_eigs,log_real_eigs): 0.295
torch.Size([64, 2500])
Epoch [37/1000], Wasserstein(eigs,real_eigs): 1.673, Wasserstein(log_eigs,log_real_eigs): 0.296
torch.Size([64, 2500])
Epoch [38/1000], Wasserstein(eigs,real_eigs): 1.620, Wasserstein(log_eigs,log_real_eigs): 0.290
torch.Size([64, 2500])
Epoch [39/1000], Wasserstein(eigs,real_eigs): 1.584, Wasserstein(log_eigs,log_real_eigs): 0.296
torch.Size([64, 2500])
Epoch [40/1000], Wasserstein(eigs,real_eigs): 1.543, Wasserstein(log_eigs,log_real_eigs): 0.294
torch.Size([64, 2500])
Epoch [41/1000], Wasserstein(eigs,real_eigs): 1.506, Wasserstein(log_eigs,log_real_eigs): 0.299
torch.Size([64, 2500])
Epoch [42/1000], Wasserstein(eigs,real_eigs): 1.464, Wasserstein(log_eigs,log_real_eigs): 0.300
torch.Size([64, 2500])
Epoch [43/1000], Wasserstein(eigs,real_eigs): 1.453, Wasserstein(log_eigs,log_real_eigs): 0.299
torch.Size([64, 2500])
Epoch [44/1000], Wasserstein(eigs,real_eigs): 1.501, Wasserstein(log_eigs,log_real_eigs): 0.302
torch.Size([64, 2500])
Epoch [45/1000], Wasserstein(eigs,real_eigs): 1.429, Wasserstein(log_eigs,log_real_eigs): 0.298
torch.Size([64, 2500])
Epoch [46/1000], Wasserstein(eigs,real_eigs): 1.397, Wasserstein(log_eigs,log_real_eigs): 0.297
torch.Size([64, 2500])
Epoch [47/1000], Wasserstein(eigs,real_eigs): 1.376, Wasserstein(log_eigs,log_real_eigs): 0.298
torch.Size([64, 2500])
Epoch [48/1000], Wasserstein(eigs,real_eigs): 1.360, Wasserstein(log_eigs,log_real_eigs): 0.302
torch.Size([64, 2500])
Epoch [49/1000], Wasserstein(eigs,real_eigs): 1.303, Wasserstein(log_eigs,log_real_eigs): 0.301
torch.Size([64, 2500])
Epoch [50/1000], Wasserstein(eigs,real_eigs): 1.285, Wasserstein(log_eigs,log_real_eigs): 0.303
torch.Size([64, 2500])
Epoch [51/1000], Wasserstein(eigs,real_eigs): 1.252, Wasserstein(log_eigs,log_real_eigs): 0.305
torch.Size([64, 2500])
Epoch [52/1000], Wasserstein(eigs,real_eigs): 1.213, Wasserstein(log_eigs,log_real_eigs): 0.299
torch.Size([64, 2500])
Epoch [53/1000], Wasserstein(eigs,real_eigs): 1.241, Wasserstein(log_eigs,log_real_eigs): 0.303
torch.Size([64, 2500])
Epoch [54/1000], Wasserstein(eigs,real_eigs): 1.181, Wasserstein(log_eigs,log_real_eigs): 0.310
torch.Size([64, 2500])
Epoch [55/1000], Wasserstein(eigs,real_eigs): 1.145, Wasserstein(log_eigs,log_real_eigs): 0.311
torch.Size([64, 2500])
Epoch [56/1000], Wasserstein(eigs,real_eigs): 1.135, Wasserstein(log_eigs,log_real_eigs): 0.311
torch.Size([64, 2500])
Epoch [57/1000], Wasserstein(eigs,real_eigs): 1.140, Wasserstein(log_eigs,log_real_eigs): 0.316
torch.Size([64, 2500])
Epoch [58/1000], Wasserstein(eigs,real_eigs): 1.114, Wasserstein(log_eigs,log_real_eigs): 0.311
torch.Size([64, 2500])
Epoch [59/1000], Wasserstein(eigs,real_eigs): 1.088, Wasserstein(log_eigs,log_real_eigs): 0.312
torch.Size([64, 2500])
Epoch [60/1000], Wasserstein(eigs,real_eigs): 1.086, Wasserstein(log_eigs,log_real_eigs): 0.313
torch.Size([64, 2500])
Epoch [61/1000], Wasserstein(eigs,real_eigs): 1.048, Wasserstein(log_eigs,log_real_eigs): 0.311
torch.Size([64, 2500])
Epoch [62/1000], Wasserstein(eigs,real_eigs): 1.046, Wasserstein(log_eigs,log_real_eigs): 0.312
torch.Size([64, 2500])
Epoch [63/1000], Wasserstein(eigs,real_eigs): 1.039, Wasserstein(log_eigs,log_real_eigs): 0.320
torch.Size([64, 2500])
Epoch [64/1000], Wasserstein(eigs,real_eigs): 1.040, Wasserstein(log_eigs,log_real_eigs): 0.317
torch.Size([64, 2500])
Epoch [65/1000], Wasserstein(eigs,real_eigs): 1.027, Wasserstein(log_eigs,log_real_eigs): 0.320
torch.Size([64, 2500])
Epoch [66/1000], Wasserstein(eigs,real_eigs): 1.026, Wasserstein(log_eigs,log_real_eigs): 0.323
torch.Size([64, 2500])
Epoch [67/1000], Wasserstein(eigs,real_eigs): 0.987, Wasserstein(log_eigs,log_real_eigs): 0.323
torch.Size([64, 2500])
Epoch [68/1000], Wasserstein(eigs,real_eigs): 0.972, Wasserstein(log_eigs,log_real_eigs): 0.322
torch.Size([64, 2500])
Epoch [69/1000], Wasserstein(eigs,real_eigs): 0.981, Wasserstein(log_eigs,log_real_eigs): 0.327
torch.Size([64, 2500])
Epoch [70/1000], Wasserstein(eigs,real_eigs): 0.934, Wasserstein(log_eigs,log_real_eigs): 0.328
torch.Size([64, 2500])
Epoch [71/1000], Wasserstein(eigs,real_eigs): 0.955, Wasserstein(log_eigs,log_real_eigs): 0.333
torch.Size([64, 2500])
Epoch [72/1000], Wasserstein(eigs,real_eigs): 0.942, Wasserstein(log_eigs,log_real_eigs): 0.335
torch.Size([64, 2500])
Epoch [73/1000], Wasserstein(eigs,real_eigs): 0.929, Wasserstein(log_eigs,log_real_eigs): 0.338
torch.Size([64, 2500])
Epoch [74/1000], Wasserstein(eigs,real_eigs): 0.934, Wasserstein(log_eigs,log_real_eigs): 0.338
torch.Size([64, 2500])
Epoch [75/1000], Wasserstein(eigs,real_eigs): 0.918, Wasserstein(log_eigs,log_real_eigs): 0.335
torch.Size([64, 2500])
Epoch [76/1000], Wasserstein(eigs,real_eigs): 0.913, Wasserstein(log_eigs,log_real_eigs): 0.339
torch.Size([64, 2500])
Epoch [77/1000], Wasserstein(eigs,real_eigs): 0.917, Wasserstein(log_eigs,log_real_eigs): 0.344
torch.Size([64, 2500])
Epoch [78/1000], Wasserstein(eigs,real_eigs): 0.901, Wasserstein(log_eigs,log_real_eigs): 0.339
torch.Size([64, 2500])
Epoch [79/1000], Wasserstein(eigs,real_eigs): 0.928, Wasserstein(log_eigs,log_real_eigs): 0.342
torch.Size([64, 2500])
Epoch [80/1000], Wasserstein(eigs,real_eigs): 0.933, Wasserstein(log_eigs,log_real_eigs): 0.345
torch.Size([64, 2500])
Epoch [81/1000], Wasserstein(eigs,real_eigs): 0.924, Wasserstein(log_eigs,log_real_eigs): 0.340
torch.Size([64, 2500])
Epoch [82/1000], Wasserstein(eigs,real_eigs): 0.907, Wasserstein(log_eigs,log_real_eigs): 0.340
torch.Size([64, 2500])
Epoch [83/1000], Wasserstein(eigs,real_eigs): 0.929, Wasserstein(log_eigs,log_real_eigs): 0.349
torch.Size([64, 2500])
Epoch [84/1000], Wasserstein(eigs,real_eigs): 0.905, Wasserstein(log_eigs,log_real_eigs): 0.357
torch.Size([64, 2500])
Epoch [85/1000], Wasserstein(eigs,real_eigs): 0.915, Wasserstein(log_eigs,log_real_eigs): 0.357
torch.Size([64, 2500])
Epoch [86/1000], Wasserstein(eigs,real_eigs): 0.911, Wasserstein(log_eigs,log_real_eigs): 0.352
torch.Size([64, 2500])
Epoch [87/1000], Wasserstein(eigs,real_eigs): 0.909, Wasserstein(log_eigs,log_real_eigs): 0.354
torch.Size([64, 2500])
Epoch [88/1000], Wasserstein(eigs,real_eigs): 0.919, Wasserstein(log_eigs,log_real_eigs): 0.353
torch.Size([64, 2500])
Epoch [89/1000], Wasserstein(eigs,real_eigs): 0.930, Wasserstein(log_eigs,log_real_eigs): 0.357
torch.Size([64, 2500])
Epoch [90/1000], Wasserstein(eigs,real_eigs): 0.920, Wasserstein(log_eigs,log_real_eigs): 0.349
torch.Size([64, 2500])
Epoch [91/1000], Wasserstein(eigs,real_eigs): 0.924, Wasserstein(log_eigs,log_real_eigs): 0.357
torch.Size([64, 2500])
Epoch [92/1000], Wasserstein(eigs,real_eigs): 0.913, Wasserstein(log_eigs,log_real_eigs): 0.355
torch.Size([64, 2500])
Epoch [93/1000], Wasserstein(eigs,real_eigs): 0.944, Wasserstein(log_eigs,log_real_eigs): 0.363
torch.Size([64, 2500])
Epoch [94/1000], Wasserstein(eigs,real_eigs): 0.940, Wasserstein(log_eigs,log_real_eigs): 0.362
torch.Size([64, 2500])
Epoch [95/1000], Wasserstein(eigs,real_eigs): 0.949, Wasserstein(log_eigs,log_real_eigs): 0.363
torch.Size([64, 2500])
Epoch [96/1000], Wasserstein(eigs,real_eigs): 0.916, Wasserstein(log_eigs,log_real_eigs): 0.358
torch.Size([64, 2500])
Epoch [97/1000], Wasserstein(eigs,real_eigs): 0.943, Wasserstein(log_eigs,log_real_eigs): 0.360
torch.Size([64, 2500])
Epoch [98/1000], Wasserstein(eigs,real_eigs): 0.955, Wasserstein(log_eigs,log_real_eigs): 0.363
torch.Size([64, 2500])
Epoch [99/1000], Wasserstein(eigs,real_eigs): 0.982, Wasserstein(log_eigs,log_real_eigs): 0.370
torch.Size([64, 2500])
Epoch [100/1000], Wasserstein(eigs,real_eigs): 0.964, Wasserstein(log_eigs,log_real_eigs): 0.371
torch.Size([64, 2500])
Epoch [101/1000], Wasserstein(eigs,real_eigs): 0.965, Wasserstein(log_eigs,log_real_eigs): 0.367
torch.Size([64, 2500])
Epoch [102/1000], Wasserstein(eigs,real_eigs): 0.955, Wasserstein(log_eigs,log_real_eigs): 0.369
torch.Size([64, 2500])
Epoch [103/1000], Wasserstein(eigs,real_eigs): 0.996, Wasserstein(log_eigs,log_real_eigs): 0.366
torch.Size([64, 2500])
Epoch [104/1000], Wasserstein(eigs,real_eigs): 0.953, Wasserstein(log_eigs,log_real_eigs): 0.370
torch.Size([64, 2500])
Epoch [105/1000], Wasserstein(eigs,real_eigs): 0.979, Wasserstein(log_eigs,log_real_eigs): 0.369
torch.Size([64, 2500])
Epoch [106/1000], Wasserstein(eigs,real_eigs): 0.967, Wasserstein(log_eigs,log_real_eigs): 0.375
torch.Size([64, 2500])
Epoch [107/1000], Wasserstein(eigs,real_eigs): 0.970, Wasserstein(log_eigs,log_real_eigs): 0.376
torch.Size([64, 2500])
Epoch [108/1000], Wasserstein(eigs,real_eigs): 0.970, Wasserstein(log_eigs,log_real_eigs): 0.367
torch.Size([64, 2500])
Epoch [109/1000], Wasserstein(eigs,real_eigs): 0.981, Wasserstein(log_eigs,log_real_eigs): 0.373
torch.Size([64, 2500])
Epoch [110/1000], Wasserstein(eigs,real_eigs): 0.967, Wasserstein(log_eigs,log_real_eigs): 0.375
torch.Size([64, 2500])
Epoch [111/1000], Wasserstein(eigs,real_eigs): 0.997, Wasserstein(log_eigs,log_real_eigs): 0.371
torch.Size([64, 2500])
Epoch [112/1000], Wasserstein(eigs,real_eigs): 0.992, Wasserstein(log_eigs,log_real_eigs): 0.374
torch.Size([64, 2500])
Epoch [113/1000], Wasserstein(eigs,real_eigs): 0.993, Wasserstein(log_eigs,log_real_eigs): 0.373
torch.Size([64, 2500])
Epoch [114/1000], Wasserstein(eigs,real_eigs): 0.986, Wasserstein(log_eigs,log_real_eigs): 0.371
torch.Size([64, 2500])
Epoch [115/1000], Wasserstein(eigs,real_eigs): 0.983, Wasserstein(log_eigs,log_real_eigs): 0.376
torch.Size([64, 2500])
Epoch [116/1000], Wasserstein(eigs,real_eigs): 0.988, Wasserstein(log_eigs,log_real_eigs): 0.377
torch.Size([64, 2500])
Epoch [117/1000], Wasserstein(eigs,real_eigs): 1.005, Wasserstein(log_eigs,log_real_eigs): 0.379
torch.Size([64, 2500])
Epoch [118/1000], Wasserstein(eigs,real_eigs): 0.995, Wasserstein(log_eigs,log_real_eigs): 0.377
torch.Size([64, 2500])
Epoch [119/1000], Wasserstein(eigs,real_eigs): 1.009, Wasserstein(log_eigs,log_real_eigs): 0.379
torch.Size([64, 2500])
Epoch [120/1000], Wasserstein(eigs,real_eigs): 1.014, Wasserstein(log_eigs,log_real_eigs): 0.381
torch.Size([64, 2500])
Epoch [121/1000], Wasserstein(eigs,real_eigs): 1.023, Wasserstein(log_eigs,log_real_eigs): 0.374
torch.Size([64, 2500])
Epoch [122/1000], Wasserstein(eigs,real_eigs): 0.994, Wasserstein(log_eigs,log_real_eigs): 0.378
torch.Size([64, 2500])
Epoch [123/1000], Wasserstein(eigs,real_eigs): 1.002, Wasserstein(log_eigs,log_real_eigs): 0.379
torch.Size([64, 2500])
Epoch [124/1000], Wasserstein(eigs,real_eigs): 1.013, Wasserstein(log_eigs,log_real_eigs): 0.382
torch.Size([64, 2500])
Epoch [125/1000], Wasserstein(eigs,real_eigs): 0.980, Wasserstein(log_eigs,log_real_eigs): 0.374
torch.Size([64, 2500])
Epoch [126/1000], Wasserstein(eigs,real_eigs): 0.997, Wasserstein(log_eigs,log_real_eigs): 0.377
torch.Size([64, 2500])
Epoch [127/1000], Wasserstein(eigs,real_eigs): 1.000, Wasserstein(log_eigs,log_real_eigs): 0.375
torch.Size([64, 2500])
Epoch [128/1000], Wasserstein(eigs,real_eigs): 0.989, Wasserstein(log_eigs,log_real_eigs): 0.379
torch.Size([64, 2500])
Epoch [129/1000], Wasserstein(eigs,real_eigs): 1.009, Wasserstein(log_eigs,log_real_eigs): 0.382
torch.Size([64, 2500])
Epoch [130/1000], Wasserstein(eigs,real_eigs): 1.030, Wasserstein(log_eigs,log_real_eigs): 0.376
torch.Size([64, 2500])
Epoch [131/1000], Wasserstein(eigs,real_eigs): 0.999, Wasserstein(log_eigs,log_real_eigs): 0.379
torch.Size([64, 2500])
Epoch [132/1000], Wasserstein(eigs,real_eigs): 0.978, Wasserstein(log_eigs,log_real_eigs): 0.374
torch.Size([64, 2500])
Epoch [133/1000], Wasserstein(eigs,real_eigs): 0.977, Wasserstein(log_eigs,log_real_eigs): 0.373
torch.Size([64, 2500])
Epoch [134/1000], Wasserstein(eigs,real_eigs): 1.008, Wasserstein(log_eigs,log_real_eigs): 0.374
torch.Size([64, 2500])
Epoch [135/1000], Wasserstein(eigs,real_eigs): 1.007, Wasserstein(log_eigs,log_real_eigs): 0.379
torch.Size([64, 2500])
Epoch [136/1000], Wasserstein(eigs,real_eigs): 0.999, Wasserstein(log_eigs,log_real_eigs): 0.374
torch.Size([64, 2500])
Epoch [137/1000], Wasserstein(eigs,real_eigs): 0.996, Wasserstein(log_eigs,log_real_eigs): 0.376
torch.Size([64, 2500])
Epoch [138/1000], Wasserstein(eigs,real_eigs): 1.009, Wasserstein(log_eigs,log_real_eigs): 0.378
torch.Size([64, 2500])
Epoch [139/1000], Wasserstein(eigs,real_eigs): 0.999, Wasserstein(log_eigs,log_real_eigs): 0.372
torch.Size([64, 2500])
Epoch [140/1000], Wasserstein(eigs,real_eigs): 0.986, Wasserstein(log_eigs,log_real_eigs): 0.371
torch.Size([64, 2500])
Epoch [141/1000], Wasserstein(eigs,real_eigs): 1.014, Wasserstein(log_eigs,log_real_eigs): 0.380
torch.Size([64, 2500])
Epoch [142/1000], Wasserstein(eigs,real_eigs): 0.993, Wasserstein(log_eigs,log_real_eigs): 0.379
torch.Size([64, 2500])
Epoch [143/1000], Wasserstein(eigs,real_eigs): 1.012, Wasserstein(log_eigs,log_real_eigs): 0.377
torch.Size([64, 2500])
Epoch [144/1000], Wasserstein(eigs,real_eigs): 0.973, Wasserstein(log_eigs,log_real_eigs): 0.375
torch.Size([64, 2500])
Epoch [145/1000], Wasserstein(eigs,real_eigs): 0.991, Wasserstein(log_eigs,log_real_eigs): 0.374
torch.Size([64, 2500])
Epoch [146/1000], Wasserstein(eigs,real_eigs): 0.973, Wasserstein(log_eigs,log_real_eigs): 0.372
torch.Size([64, 2500])
Epoch [147/1000], Wasserstein(eigs,real_eigs): 0.979, Wasserstein(log_eigs,log_real_eigs): 0.373
torch.Size([64, 2500])
Epoch [148/1000], Wasserstein(eigs,real_eigs): 1.006, Wasserstein(log_eigs,log_real_eigs): 0.373
torch.Size([64, 2500])
Epoch [149/1000], Wasserstein(eigs,real_eigs): 0.981, Wasserstein(log_eigs,log_real_eigs): 0.372
torch.Size([64, 2500])
Epoch [150/1000], Wasserstein(eigs,real_eigs): 0.987, Wasserstein(log_eigs,log_real_eigs): 0.373
torch.Size([64, 2500])
Epoch [151/1000], Wasserstein(eigs,real_eigs): 0.974, Wasserstein(log_eigs,log_real_eigs): 0.375
torch.Size([64, 2500])
Epoch [152/1000], Wasserstein(eigs,real_eigs): 0.967, Wasserstein(log_eigs,log_real_eigs): 0.371
torch.Size([64, 2500])
Epoch [153/1000], Wasserstein(eigs,real_eigs): 0.960, Wasserstein(log_eigs,log_real_eigs): 0.376
torch.Size([64, 2500])
Epoch [154/1000], Wasserstein(eigs,real_eigs): 0.976, Wasserstein(log_eigs,log_real_eigs): 0.371
torch.Size([64, 2500])
Epoch [155/1000], Wasserstein(eigs,real_eigs): 0.974, Wasserstein(log_eigs,log_real_eigs): 0.370
torch.Size([64, 2500])
Epoch [156/1000], Wasserstein(eigs,real_eigs): 0.974, Wasserstein(log_eigs,log_real_eigs): 0.371
torch.Size([64, 2500])
Epoch [157/1000], Wasserstein(eigs,real_eigs): 0.966, Wasserstein(log_eigs,log_real_eigs): 0.369
torch.Size([64, 2500])
Epoch [158/1000], Wasserstein(eigs,real_eigs): 0.941, Wasserstein(log_eigs,log_real_eigs): 0.364
torch.Size([64, 2500])
Epoch [159/1000], Wasserstein(eigs,real_eigs): 0.990, Wasserstein(log_eigs,log_real_eigs): 0.371
torch.Size([64, 2500])
Epoch [160/1000], Wasserstein(eigs,real_eigs): 0.956, Wasserstein(log_eigs,log_real_eigs): 0.369
torch.Size([64, 2500])
Epoch [161/1000], Wasserstein(eigs,real_eigs): 0.947, Wasserstein(log_eigs,log_real_eigs): 0.373
torch.Size([64, 2500])
Epoch [162/1000], Wasserstein(eigs,real_eigs): 0.989, Wasserstein(log_eigs,log_real_eigs): 0.373
torch.Size([64, 2500])
Epoch [163/1000], Wasserstein(eigs,real_eigs): 0.976, Wasserstein(log_eigs,log_real_eigs): 0.376
torch.Size([64, 2500])
Epoch [164/1000], Wasserstein(eigs,real_eigs): 0.992, Wasserstein(log_eigs,log_real_eigs): 0.374
torch.Size([64, 2500])
Epoch [165/1000], Wasserstein(eigs,real_eigs): 0.977, Wasserstein(log_eigs,log_real_eigs): 0.369
torch.Size([64, 2500])
Epoch [166/1000], Wasserstein(eigs,real_eigs): 0.939, Wasserstein(log_eigs,log_real_eigs): 0.373
torch.Size([64, 2500])
Epoch [167/1000], Wasserstein(eigs,real_eigs): 0.974, Wasserstein(log_eigs,log_real_eigs): 0.373
torch.Size([64, 2500])
Epoch [168/1000], Wasserstein(eigs,real_eigs): 0.964, Wasserstein(log_eigs,log_real_eigs): 0.370
torch.Size([64, 2500])
Epoch [169/1000], Wasserstein(eigs,real_eigs): 0.972, Wasserstein(log_eigs,log_real_eigs): 0.374
torch.Size([64, 2500])
Epoch [170/1000], Wasserstein(eigs,real_eigs): 0.965, Wasserstein(log_eigs,log_real_eigs): 0.370
torch.Size([64, 2500])
Epoch [171/1000], Wasserstein(eigs,real_eigs): 0.952, Wasserstein(log_eigs,log_real_eigs): 0.367
torch.Size([64, 2500])
Epoch [172/1000], Wasserstein(eigs,real_eigs): 0.971, Wasserstein(log_eigs,log_real_eigs): 0.372
torch.Size([64, 2500])
Epoch [173/1000], Wasserstein(eigs,real_eigs): 0.991, Wasserstein(log_eigs,log_real_eigs): 0.376
torch.Size([64, 2500])
Epoch [174/1000], Wasserstein(eigs,real_eigs): 0.982, Wasserstein(log_eigs,log_real_eigs): 0.376
torch.Size([64, 2500])
Epoch [175/1000], Wasserstein(eigs,real_eigs): 0.995, Wasserstein(log_eigs,log_real_eigs): 0.380
torch.Size([64, 2500])
Epoch [176/1000], Wasserstein(eigs,real_eigs): 0.971, Wasserstein(log_eigs,log_real_eigs): 0.378
torch.Size([64, 2500])
Epoch [177/1000], Wasserstein(eigs,real_eigs): 0.965, Wasserstein(log_eigs,log_real_eigs): 0.371
torch.Size([64, 2500])
Epoch [178/1000], Wasserstein(eigs,real_eigs): 0.976, Wasserstein(log_eigs,log_real_eigs): 0.373
torch.Size([64, 2500])
Epoch [179/1000], Wasserstein(eigs,real_eigs): 0.995, Wasserstein(log_eigs,log_real_eigs): 0.375
torch.Size([64, 2500])
Epoch [180/1000], Wasserstein(eigs,real_eigs): 0.954, Wasserstein(log_eigs,log_real_eigs): 0.372
torch.Size([64, 2500])
Epoch [181/1000], Wasserstein(eigs,real_eigs): 0.973, Wasserstein(log_eigs,log_real_eigs): 0.372
torch.Size([64, 2500])
Epoch [182/1000], Wasserstein(eigs,real_eigs): 0.981, Wasserstein(log_eigs,log_real_eigs): 0.378
torch.Size([64, 2500])
Epoch [183/1000], Wasserstein(eigs,real_eigs): 0.970, Wasserstein(log_eigs,log_real_eigs): 0.372
torch.Size([64, 2500])
Epoch [184/1000], Wasserstein(eigs,real_eigs): 0.957, Wasserstein(log_eigs,log_real_eigs): 0.370
torch.Size([64, 2500])
Epoch [185/1000], Wasserstein(eigs,real_eigs): 0.964, Wasserstein(log_eigs,log_real_eigs): 0.373
torch.Size([64, 2500])
Epoch [186/1000], Wasserstein(eigs,real_eigs): 0.957, Wasserstein(log_eigs,log_real_eigs): 0.369
torch.Size([64, 2500])
Epoch [187/1000], Wasserstein(eigs,real_eigs): 0.940, Wasserstein(log_eigs,log_real_eigs): 0.371
torch.Size([64, 2500])
Epoch [188/1000], Wasserstein(eigs,real_eigs): 0.968, Wasserstein(log_eigs,log_real_eigs): 0.375
torch.Size([64, 2500])
Epoch [189/1000], Wasserstein(eigs,real_eigs): 0.990, Wasserstein(log_eigs,log_real_eigs): 0.375
torch.Size([64, 2500])
Epoch [190/1000], Wasserstein(eigs,real_eigs): 1.005, Wasserstein(log_eigs,log_real_eigs): 0.376
torch.Size([64, 2500])
Epoch [191/1000], Wasserstein(eigs,real_eigs): 0.997, Wasserstein(log_eigs,log_real_eigs): 0.381
torch.Size([64, 2500])
Epoch [192/1000], Wasserstein(eigs,real_eigs): 0.949, Wasserstein(log_eigs,log_real_eigs): 0.370
torch.Size([64, 2500])
Epoch [193/1000], Wasserstein(eigs,real_eigs): 0.976, Wasserstein(log_eigs,log_real_eigs): 0.369
torch.Size([64, 2500])
Epoch [194/1000], Wasserstein(eigs,real_eigs): 0.983, Wasserstein(log_eigs,log_real_eigs): 0.377
torch.Size([64, 2500])
Epoch [195/1000], Wasserstein(eigs,real_eigs): 0.968, Wasserstein(log_eigs,log_real_eigs): 0.370
torch.Size([64, 2500])
Epoch [196/1000], Wasserstein(eigs,real_eigs): 1.004, Wasserstein(log_eigs,log_real_eigs): 0.375
torch.Size([64, 2500])
Epoch [197/1000], Wasserstein(eigs,real_eigs): 0.980, Wasserstein(log_eigs,log_real_eigs): 0.376
torch.Size([64, 2500])
Epoch [198/1000], Wasserstein(eigs,real_eigs): 0.986, Wasserstein(log_eigs,log_real_eigs): 0.375
torch.Size([64, 2500])
Epoch [199/1000], Wasserstein(eigs,real_eigs): 0.970, Wasserstein(log_eigs,log_real_eigs): 0.375
torch.Size([64, 2500])
Epoch [200/1000], Wasserstein(eigs,real_eigs): 0.992, Wasserstein(log_eigs,log_real_eigs): 0.375
torch.Size([64, 2500])
Epoch [201/1000], Wasserstein(eigs,real_eigs): 0.954, Wasserstein(log_eigs,log_real_eigs): 0.370
torch.Size([64, 2500])
Epoch [202/1000], Wasserstein(eigs,real_eigs): 1.016, Wasserstein(log_eigs,log_real_eigs): 0.379
torch.Size([64, 2500])
Epoch [203/1000], Wasserstein(eigs,real_eigs): 0.985, Wasserstein(log_eigs,log_real_eigs): 0.373
torch.Size([64, 2500])
Epoch [204/1000], Wasserstein(eigs,real_eigs): 0.988, Wasserstein(log_eigs,log_real_eigs): 0.378
torch.Size([64, 2500])
Epoch [205/1000], Wasserstein(eigs,real_eigs): 1.009, Wasserstein(log_eigs,log_real_eigs): 0.378
torch.Size([64, 2500])
Epoch [206/1000], Wasserstein(eigs,real_eigs): 0.981, Wasserstein(log_eigs,log_real_eigs): 0.382
torch.Size([64, 2500])
Epoch [207/1000], Wasserstein(eigs,real_eigs): 0.989, Wasserstein(log_eigs,log_real_eigs): 0.376
torch.Size([64, 2500])
Epoch [208/1000], Wasserstein(eigs,real_eigs): 0.964, Wasserstein(log_eigs,log_real_eigs): 0.367
torch.Size([64, 2500])
Epoch [209/1000], Wasserstein(eigs,real_eigs): 0.962, Wasserstein(log_eigs,log_real_eigs): 0.374
torch.Size([64, 2500])
Epoch [210/1000], Wasserstein(eigs,real_eigs): 1.018, Wasserstein(log_eigs,log_real_eigs): 0.377
torch.Size([64, 2500])
Epoch [211/1000], Wasserstein(eigs,real_eigs): 0.981, Wasserstein(log_eigs,log_real_eigs): 0.373
torch.Size([64, 2500])
Epoch [212/1000], Wasserstein(eigs,real_eigs): 0.985, Wasserstein(log_eigs,log_real_eigs): 0.370
torch.Size([64, 2500])
Epoch [213/1000], Wasserstein(eigs,real_eigs): 1.005, Wasserstein(log_eigs,log_real_eigs): 0.379
torch.Size([64, 2500])
Epoch [214/1000], Wasserstein(eigs,real_eigs): 0.994, Wasserstein(log_eigs,log_real_eigs): 0.372
torch.Size([64, 2500])
Epoch [215/1000], Wasserstein(eigs,real_eigs): 0.965, Wasserstein(log_eigs,log_real_eigs): 0.376
torch.Size([64, 2500])
Epoch [216/1000], Wasserstein(eigs,real_eigs): 0.966, Wasserstein(log_eigs,log_real_eigs): 0.373
torch.Size([64, 2500])
Epoch [217/1000], Wasserstein(eigs,real_eigs): 0.965, Wasserstein(log_eigs,log_real_eigs): 0.372
torch.Size([64, 2500])
Epoch [218/1000], Wasserstein(eigs,real_eigs): 0.971, Wasserstein(log_eigs,log_real_eigs): 0.375
torch.Size([64, 2500])
Epoch [219/1000], Wasserstein(eigs,real_eigs): 0.990, Wasserstein(log_eigs,log_real_eigs): 0.384
torch.Size([64, 2500])
Epoch [220/1000], Wasserstein(eigs,real_eigs): 1.007, Wasserstein(log_eigs,log_real_eigs): 0.383
torch.Size([64, 2500])
Epoch [221/1000], Wasserstein(eigs,real_eigs): 1.021, Wasserstein(log_eigs,log_real_eigs): 0.383
torch.Size([64, 2500])
Epoch [222/1000], Wasserstein(eigs,real_eigs): 0.975, Wasserstein(log_eigs,log_real_eigs): 0.374
torch.Size([64, 2500])
Epoch [223/1000], Wasserstein(eigs,real_eigs): 1.017, Wasserstein(log_eigs,log_real_eigs): 0.383
torch.Size([64, 2500])
Epoch [224/1000], Wasserstein(eigs,real_eigs): 1.012, Wasserstein(log_eigs,log_real_eigs): 0.382
torch.Size([64, 2500])
Epoch [225/1000], Wasserstein(eigs,real_eigs): 1.045, Wasserstein(log_eigs,log_real_eigs): 0.386
torch.Size([64, 2500])
Epoch [226/1000], Wasserstein(eigs,real_eigs): 1.021, Wasserstein(log_eigs,log_real_eigs): 0.382
torch.Size([64, 2500])
Epoch [227/1000], Wasserstein(eigs,real_eigs): 1.092, Wasserstein(log_eigs,log_real_eigs): 0.387
torch.Size([64, 2500])
Epoch [228/1000], Wasserstein(eigs,real_eigs): 1.115, Wasserstein(log_eigs,log_real_eigs): 0.389
torch.Size([64, 2500])
Epoch [229/1000], Wasserstein(eigs,real_eigs): 1.286, Wasserstein(log_eigs,log_real_eigs): 0.391
torch.Size([64, 2500])
Epoch [230/1000], Wasserstein(eigs,real_eigs): 1.710, Wasserstein(log_eigs,log_real_eigs): 0.399
torch.Size([64, 2500])
Epoch [231/1000], Wasserstein(eigs,real_eigs): 1.977, Wasserstein(log_eigs,log_real_eigs): 0.365
torch.Size([64, 2500])
Epoch [232/1000], Wasserstein(eigs,real_eigs): 2.300, Wasserstein(log_eigs,log_real_eigs): 0.355
torch.Size([64, 2500])
Epoch [233/1000], Wasserstein(eigs,real_eigs): 2.403, Wasserstein(log_eigs,log_real_eigs): 0.348
torch.Size([64, 2500])
Epoch [234/1000], Wasserstein(eigs,real_eigs): 2.406, Wasserstein(log_eigs,log_real_eigs): 0.351
torch.Size([64, 2500])
Epoch [235/1000], Wasserstein(eigs,real_eigs): 2.362, Wasserstein(log_eigs,log_real_eigs): 0.348
torch.Size([64, 2500])
Epoch [236/1000], Wasserstein(eigs,real_eigs): 2.354, Wasserstein(log_eigs,log_real_eigs): 0.351
torch.Size([64, 2500])
Epoch [237/1000], Wasserstein(eigs,real_eigs): 2.358, Wasserstein(log_eigs,log_real_eigs): 0.352
torch.Size([64, 2500])
Epoch [238/1000], Wasserstein(eigs,real_eigs): 2.280, Wasserstein(log_eigs,log_real_eigs): 0.348
torch.Size([64, 2500])
Epoch [239/1000], Wasserstein(eigs,real_eigs): 2.278, Wasserstein(log_eigs,log_real_eigs): 0.349
torch.Size([64, 2500])
Epoch [240/1000], Wasserstein(eigs,real_eigs): 2.201, Wasserstein(log_eigs,log_real_eigs): 0.347
torch.Size([64, 2500])
Epoch [241/1000], Wasserstein(eigs,real_eigs): 2.139, Wasserstein(log_eigs,log_real_eigs): 0.346
torch.Size([64, 2500])
Epoch [242/1000], Wasserstein(eigs,real_eigs): 2.059, Wasserstein(log_eigs,log_real_eigs): 0.344
torch.Size([64, 2500])
Epoch [243/1000], Wasserstein(eigs,real_eigs): 1.997, Wasserstein(log_eigs,log_real_eigs): 0.350
torch.Size([64, 2500])
Epoch [244/1000], Wasserstein(eigs,real_eigs): 1.938, Wasserstein(log_eigs,log_real_eigs): 0.349
torch.Size([64, 2500])
Epoch [245/1000], Wasserstein(eigs,real_eigs): 1.854, Wasserstein(log_eigs,log_real_eigs): 0.348
torch.Size([64, 2500])
Epoch [246/1000], Wasserstein(eigs,real_eigs): 1.747, Wasserstein(log_eigs,log_real_eigs): 0.347
torch.Size([64, 2500])
Epoch [247/1000], Wasserstein(eigs,real_eigs): 1.717, Wasserstein(log_eigs,log_real_eigs): 0.349
torch.Size([64, 2500])
Epoch [248/1000], Wasserstein(eigs,real_eigs): 1.569, Wasserstein(log_eigs,log_real_eigs): 0.346
torch.Size([64, 2500])
Epoch [249/1000], Wasserstein(eigs,real_eigs): 1.428, Wasserstein(log_eigs,log_real_eigs): 0.359
torch.Size([64, 2500])
Epoch [250/1000], Wasserstein(eigs,real_eigs): 1.242, Wasserstein(log_eigs,log_real_eigs): 0.365
torch.Size([64, 2500])
Epoch [251/1000], Wasserstein(eigs,real_eigs): 1.188, Wasserstein(log_eigs,log_real_eigs): 0.405
torch.Size([64, 2500])
Epoch [252/1000], Wasserstein(eigs,real_eigs): 1.312, Wasserstein(log_eigs,log_real_eigs): 0.429
torch.Size([64, 2500])
Epoch [253/1000], Wasserstein(eigs,real_eigs): 1.378, Wasserstein(log_eigs,log_real_eigs): 0.427
torch.Size([64, 2500])
Epoch [254/1000], Wasserstein(eigs,real_eigs): 1.455, Wasserstein(log_eigs,log_real_eigs): 0.433
torch.Size([64, 2500])
Epoch [255/1000], Wasserstein(eigs,real_eigs): 1.461, Wasserstein(log_eigs,log_real_eigs): 0.442
torch.Size([64, 2500])
Epoch [256/1000], Wasserstein(eigs,real_eigs): 1.474, Wasserstein(log_eigs,log_real_eigs): 0.434
torch.Size([64, 2500])
Epoch [257/1000], Wasserstein(eigs,real_eigs): 1.417, Wasserstein(log_eigs,log_real_eigs): 0.427
torch.Size([64, 2500])
Epoch [258/1000], Wasserstein(eigs,real_eigs): 1.380, Wasserstein(log_eigs,log_real_eigs): 0.425
torch.Size([64, 2500])
Epoch [259/1000], Wasserstein(eigs,real_eigs): 1.358, Wasserstein(log_eigs,log_real_eigs): 0.425
torch.Size([64, 2500])
Epoch [260/1000], Wasserstein(eigs,real_eigs): 1.379, Wasserstein(log_eigs,log_real_eigs): 0.427
torch.Size([64, 2500])
Epoch [261/1000], Wasserstein(eigs,real_eigs): 1.322, Wasserstein(log_eigs,log_real_eigs): 0.422
torch.Size([64, 2500])
Epoch [262/1000], Wasserstein(eigs,real_eigs): 1.292, Wasserstein(log_eigs,log_real_eigs): 0.419
torch.Size([64, 2500])
Epoch [263/1000], Wasserstein(eigs,real_eigs): 1.231, Wasserstein(log_eigs,log_real_eigs): 0.405
torch.Size([64, 2500])
Epoch [264/1000], Wasserstein(eigs,real_eigs): 1.231, Wasserstein(log_eigs,log_real_eigs): 0.412
torch.Size([64, 2500])
Epoch [265/1000], Wasserstein(eigs,real_eigs): 1.239, Wasserstein(log_eigs,log_real_eigs): 0.407
torch.Size([64, 2500])
Epoch [266/1000], Wasserstein(eigs,real_eigs): 1.212, Wasserstein(log_eigs,log_real_eigs): 0.402
torch.Size([64, 2500])
Epoch [267/1000], Wasserstein(eigs,real_eigs): 1.194, Wasserstein(log_eigs,log_real_eigs): 0.408
torch.Size([64, 2500])
Epoch [268/1000], Wasserstein(eigs,real_eigs): 1.213, Wasserstein(log_eigs,log_real_eigs): 0.407
torch.Size([64, 2500])
Epoch [269/1000], Wasserstein(eigs,real_eigs): 1.164, Wasserstein(log_eigs,log_real_eigs): 0.406
torch.Size([64, 2500])
Epoch [270/1000], Wasserstein(eigs,real_eigs): 1.177, Wasserstein(log_eigs,log_real_eigs): 0.403
torch.Size([64, 2500])
Epoch [271/1000], Wasserstein(eigs,real_eigs): 1.214, Wasserstein(log_eigs,log_real_eigs): 0.411
torch.Size([64, 2500])
Epoch [272/1000], Wasserstein(eigs,real_eigs): 1.166, Wasserstein(log_eigs,log_real_eigs): 0.398
torch.Size([64, 2500])
Epoch [273/1000], Wasserstein(eigs,real_eigs): 1.173, Wasserstein(log_eigs,log_real_eigs): 0.404
torch.Size([64, 2500])
Epoch [274/1000], Wasserstein(eigs,real_eigs): 1.156, Wasserstein(log_eigs,log_real_eigs): 0.399
torch.Size([64, 2500])
Epoch [275/1000], Wasserstein(eigs,real_eigs): 1.136, Wasserstein(log_eigs,log_real_eigs): 0.398
torch.Size([64, 2500])
Epoch [276/1000], Wasserstein(eigs,real_eigs): 1.114, Wasserstein(log_eigs,log_real_eigs): 0.394
torch.Size([64, 2500])
Epoch [277/1000], Wasserstein(eigs,real_eigs): 1.095, Wasserstein(log_eigs,log_real_eigs): 0.395
torch.Size([64, 2500])
Epoch [278/1000], Wasserstein(eigs,real_eigs): 1.043, Wasserstein(log_eigs,log_real_eigs): 0.395
torch.Size([64, 2500])
Epoch [279/1000], Wasserstein(eigs,real_eigs): 1.319, Wasserstein(log_eigs,log_real_eigs): 0.400
torch.Size([64, 2500])
Epoch [280/1000], Wasserstein(eigs,real_eigs): 1.670, Wasserstein(log_eigs,log_real_eigs): 0.376
torch.Size([64, 2500])
Epoch [281/1000], Wasserstein(eigs,real_eigs): 1.907, Wasserstein(log_eigs,log_real_eigs): 0.353
torch.Size([64, 2500])
Epoch [282/1000], Wasserstein(eigs,real_eigs): 2.054, Wasserstein(log_eigs,log_real_eigs): 0.341
torch.Size([64, 2500])
Epoch [283/1000], Wasserstein(eigs,real_eigs): 2.102, Wasserstein(log_eigs,log_real_eigs): 0.336
torch.Size([64, 2500])
Epoch [284/1000], Wasserstein(eigs,real_eigs): 2.112, Wasserstein(log_eigs,log_real_eigs): 0.339
torch.Size([64, 2500])
Epoch [285/1000], Wasserstein(eigs,real_eigs): 2.108, Wasserstein(log_eigs,log_real_eigs): 0.330
torch.Size([64, 2500])
Epoch [286/1000], Wasserstein(eigs,real_eigs): 2.100, Wasserstein(log_eigs,log_real_eigs): 0.334
torch.Size([64, 2500])
Epoch [287/1000], Wasserstein(eigs,real_eigs): 2.133, Wasserstein(log_eigs,log_real_eigs): 0.332
torch.Size([64, 2500])
Epoch [288/1000], Wasserstein(eigs,real_eigs): 2.053, Wasserstein(log_eigs,log_real_eigs): 0.329
torch.Size([64, 2500])
Epoch [289/1000], Wasserstein(eigs,real_eigs): 2.050, Wasserstein(log_eigs,log_real_eigs): 0.336
torch.Size([64, 2500])
Epoch [290/1000], Wasserstein(eigs,real_eigs): 1.996, Wasserstein(log_eigs,log_real_eigs): 0.336
torch.Size([64, 2500])
Epoch [291/1000], Wasserstein(eigs,real_eigs): 1.978, Wasserstein(log_eigs,log_real_eigs): 0.334
torch.Size([64, 2500])
Epoch [292/1000], Wasserstein(eigs,real_eigs): 1.954, Wasserstein(log_eigs,log_real_eigs): 0.338
torch.Size([64, 2500])
Epoch [293/1000], Wasserstein(eigs,real_eigs): 1.894, Wasserstein(log_eigs,log_real_eigs): 0.331
torch.Size([64, 2500])
Epoch [294/1000], Wasserstein(eigs,real_eigs): 1.818, Wasserstein(log_eigs,log_real_eigs): 0.331
torch.Size([64, 2500])
Epoch [295/1000], Wasserstein(eigs,real_eigs): 1.771, Wasserstein(log_eigs,log_real_eigs): 0.332
torch.Size([64, 2500])
Epoch [296/1000], Wasserstein(eigs,real_eigs): 1.698, Wasserstein(log_eigs,log_real_eigs): 0.334
torch.Size([64, 2500])
Epoch [297/1000], Wasserstein(eigs,real_eigs): 1.651, Wasserstein(log_eigs,log_real_eigs): 0.329
torch.Size([64, 2500])
Epoch [298/1000], Wasserstein(eigs,real_eigs): 1.547, Wasserstein(log_eigs,log_real_eigs): 0.334
torch.Size([64, 2500])
Epoch [299/1000], Wasserstein(eigs,real_eigs): 1.426, Wasserstein(log_eigs,log_real_eigs): 0.328
torch.Size([64, 2500])
Epoch [300/1000], Wasserstein(eigs,real_eigs): 1.305, Wasserstein(log_eigs,log_real_eigs): 0.335
torch.Size([64, 2500])
Epoch [301/1000], Wasserstein(eigs,real_eigs): 1.108, Wasserstein(log_eigs,log_real_eigs): 0.342
torch.Size([64, 2500])
Epoch [302/1000], Wasserstein(eigs,real_eigs): 0.937, Wasserstein(log_eigs,log_real_eigs): 0.358
torch.Size([64, 2500])
Epoch [303/1000], Wasserstein(eigs,real_eigs): 0.945, Wasserstein(log_eigs,log_real_eigs): 0.387
torch.Size([64, 2500])
Epoch [304/1000], Wasserstein(eigs,real_eigs): 1.134, Wasserstein(log_eigs,log_real_eigs): 0.402
torch.Size([64, 2500])
Epoch [305/1000], Wasserstein(eigs,real_eigs): 1.239, Wasserstein(log_eigs,log_real_eigs): 0.413
torch.Size([64, 2500])
Epoch [306/1000], Wasserstein(eigs,real_eigs): 1.206, Wasserstein(log_eigs,log_real_eigs): 0.411
torch.Size([64, 2500])
Epoch [307/1000], Wasserstein(eigs,real_eigs): 1.221, Wasserstein(log_eigs,log_real_eigs): 0.409
torch.Size([64, 2500])
Epoch [308/1000], Wasserstein(eigs,real_eigs): 1.159, Wasserstein(log_eigs,log_real_eigs): 0.404
torch.Size([64, 2500])
Epoch [309/1000], Wasserstein(eigs,real_eigs): 1.138, Wasserstein(log_eigs,log_real_eigs): 0.399
torch.Size([64, 2500])
Epoch [310/1000], Wasserstein(eigs,real_eigs): 1.090, Wasserstein(log_eigs,log_real_eigs): 0.399
torch.Size([64, 2500])
Epoch [311/1000], Wasserstein(eigs,real_eigs): 1.027, Wasserstein(log_eigs,log_real_eigs): 0.391
torch.Size([64, 2500])
Epoch [312/1000], Wasserstein(eigs,real_eigs): 1.174, Wasserstein(log_eigs,log_real_eigs): 0.394
torch.Size([64, 2500])
Epoch [313/1000], Wasserstein(eigs,real_eigs): 1.459, Wasserstein(log_eigs,log_real_eigs): 0.395
torch.Size([64, 2500])
Epoch [314/1000], Wasserstein(eigs,real_eigs): 1.553, Wasserstein(log_eigs,log_real_eigs): 0.379
torch.Size([64, 2500])
Epoch [315/1000], Wasserstein(eigs,real_eigs): 1.603, Wasserstein(log_eigs,log_real_eigs): 0.358
torch.Size([64, 2500])
Epoch [316/1000], Wasserstein(eigs,real_eigs): 1.748, Wasserstein(log_eigs,log_real_eigs): 0.351
torch.Size([64, 2500])
Epoch [317/1000], Wasserstein(eigs,real_eigs): 1.798, Wasserstein(log_eigs,log_real_eigs): 0.350
torch.Size([64, 2500])
Epoch [318/1000], Wasserstein(eigs,real_eigs): 1.825, Wasserstein(log_eigs,log_real_eigs): 0.348
torch.Size([64, 2500])
Epoch [319/1000], Wasserstein(eigs,real_eigs): 1.797, Wasserstein(log_eigs,log_real_eigs): 0.341
torch.Size([64, 2500])
Epoch [320/1000], Wasserstein(eigs,real_eigs): 1.793, Wasserstein(log_eigs,log_real_eigs): 0.343
torch.Size([64, 2500])
Epoch [321/1000], Wasserstein(eigs,real_eigs): 1.761, Wasserstein(log_eigs,log_real_eigs): 0.338
torch.Size([64, 2500])
Epoch [322/1000], Wasserstein(eigs,real_eigs): 1.737, Wasserstein(log_eigs,log_real_eigs): 0.345
torch.Size([64, 2500])
Epoch [323/1000], Wasserstein(eigs,real_eigs): 1.660, Wasserstein(log_eigs,log_real_eigs): 0.333
torch.Size([64, 2500])
Epoch [324/1000], Wasserstein(eigs,real_eigs): 1.604, Wasserstein(log_eigs,log_real_eigs): 0.338
torch.Size([64, 2500])
Epoch [325/1000], Wasserstein(eigs,real_eigs): 1.444, Wasserstein(log_eigs,log_real_eigs): 0.329
torch.Size([64, 2500])
Epoch [326/1000], Wasserstein(eigs,real_eigs): 1.361, Wasserstein(log_eigs,log_real_eigs): 0.326
torch.Size([64, 2500])
Epoch [327/1000], Wasserstein(eigs,real_eigs): 1.228, Wasserstein(log_eigs,log_real_eigs): 0.335
torch.Size([64, 2500])
Epoch [328/1000], Wasserstein(eigs,real_eigs): 1.049, Wasserstein(log_eigs,log_real_eigs): 0.332
torch.Size([64, 2500])
Epoch [329/1000], Wasserstein(eigs,real_eigs): 0.822, Wasserstein(log_eigs,log_real_eigs): 0.344
torch.Size([64, 2500])
Epoch [330/1000], Wasserstein(eigs,real_eigs): 0.817, Wasserstein(log_eigs,log_real_eigs): 0.361
torch.Size([64, 2500])
Epoch [331/1000], Wasserstein(eigs,real_eigs): 0.968, Wasserstein(log_eigs,log_real_eigs): 0.376
torch.Size([64, 2500])
Epoch [332/1000], Wasserstein(eigs,real_eigs): 0.939, Wasserstein(log_eigs,log_real_eigs): 0.370
torch.Size([64, 2500])
Epoch [333/1000], Wasserstein(eigs,real_eigs): 0.953, Wasserstein(log_eigs,log_real_eigs): 0.374
torch.Size([64, 2500])
Epoch [334/1000], Wasserstein(eigs,real_eigs): 0.925, Wasserstein(log_eigs,log_real_eigs): 0.367
torch.Size([64, 2500])
Epoch [335/1000], Wasserstein(eigs,real_eigs): 0.933, Wasserstein(log_eigs,log_real_eigs): 0.366
torch.Size([64, 2500])
Epoch [336/1000], Wasserstein(eigs,real_eigs): 0.906, Wasserstein(log_eigs,log_real_eigs): 0.357
torch.Size([64, 2500])
Epoch [337/1000], Wasserstein(eigs,real_eigs): 0.910, Wasserstein(log_eigs,log_real_eigs): 0.360
torch.Size([64, 2500])
Epoch [338/1000], Wasserstein(eigs,real_eigs): 0.870, Wasserstein(log_eigs,log_real_eigs): 0.357
torch.Size([64, 2500])
Epoch [339/1000], Wasserstein(eigs,real_eigs): 0.886, Wasserstein(log_eigs,log_real_eigs): 0.350
torch.Size([64, 2500])
Epoch [340/1000], Wasserstein(eigs,real_eigs): 0.874, Wasserstein(log_eigs,log_real_eigs): 0.351
torch.Size([64, 2500])
Epoch [341/1000], Wasserstein(eigs,real_eigs): 0.843, Wasserstein(log_eigs,log_real_eigs): 0.345
torch.Size([64, 2500])
Epoch [342/1000], Wasserstein(eigs,real_eigs): 0.832, Wasserstein(log_eigs,log_real_eigs): 0.335
torch.Size([64, 2500])
Epoch [343/1000], Wasserstein(eigs,real_eigs): 0.841, Wasserstein(log_eigs,log_real_eigs): 0.340
torch.Size([64, 2500])
Epoch [344/1000], Wasserstein(eigs,real_eigs): 0.818, Wasserstein(log_eigs,log_real_eigs): 0.335
torch.Size([64, 2500])
Epoch [345/1000], Wasserstein(eigs,real_eigs): 0.777, Wasserstein(log_eigs,log_real_eigs): 0.333
torch.Size([64, 2500])
Epoch [346/1000], Wasserstein(eigs,real_eigs): 0.725, Wasserstein(log_eigs,log_real_eigs): 0.327
torch.Size([64, 2500])
Epoch [347/1000], Wasserstein(eigs,real_eigs): 0.637, Wasserstein(log_eigs,log_real_eigs): 0.324
torch.Size([64, 2500])
Epoch [348/1000], Wasserstein(eigs,real_eigs): 0.535, Wasserstein(log_eigs,log_real_eigs): 0.316
torch.Size([64, 2500])
Epoch [349/1000], Wasserstein(eigs,real_eigs): 0.756, Wasserstein(log_eigs,log_real_eigs): 0.313
torch.Size([64, 2500])
Epoch [350/1000], Wasserstein(eigs,real_eigs): 1.209, Wasserstein(log_eigs,log_real_eigs): 0.312
torch.Size([64, 2500])
Epoch [351/1000], Wasserstein(eigs,real_eigs): 1.428, Wasserstein(log_eigs,log_real_eigs): 0.308
torch.Size([64, 2500])
Epoch [352/1000], Wasserstein(eigs,real_eigs): 1.589, Wasserstein(log_eigs,log_real_eigs): 0.309
torch.Size([64, 2500])
Epoch [353/1000], Wasserstein(eigs,real_eigs): 1.634, Wasserstein(log_eigs,log_real_eigs): 0.306
torch.Size([64, 2500])
Epoch [354/1000], Wasserstein(eigs,real_eigs): 1.676, Wasserstein(log_eigs,log_real_eigs): 0.304
torch.Size([64, 2500])
Epoch [355/1000], Wasserstein(eigs,real_eigs): 1.676, Wasserstein(log_eigs,log_real_eigs): 0.301
torch.Size([64, 2500])
Epoch [356/1000], Wasserstein(eigs,real_eigs): 1.674, Wasserstein(log_eigs,log_real_eigs): 0.300
torch.Size([64, 2500])
Epoch [357/1000], Wasserstein(eigs,real_eigs): 1.668, Wasserstein(log_eigs,log_real_eigs): 0.300
torch.Size([64, 2500])
Epoch [358/1000], Wasserstein(eigs,real_eigs): 1.624, Wasserstein(log_eigs,log_real_eigs): 0.299
torch.Size([64, 2500])
Epoch [359/1000], Wasserstein(eigs,real_eigs): 1.594, Wasserstein(log_eigs,log_real_eigs): 0.298
torch.Size([64, 2500])
Epoch [360/1000], Wasserstein(eigs,real_eigs): 1.540, Wasserstein(log_eigs,log_real_eigs): 0.299
torch.Size([64, 2500])
Epoch [361/1000], Wasserstein(eigs,real_eigs): 1.545, Wasserstein(log_eigs,log_real_eigs): 0.296
torch.Size([64, 2500])
Epoch [362/1000], Wasserstein(eigs,real_eigs): 1.472, Wasserstein(log_eigs,log_real_eigs): 0.300
torch.Size([64, 2500])
Epoch [363/1000], Wasserstein(eigs,real_eigs): 1.387, Wasserstein(log_eigs,log_real_eigs): 0.296
torch.Size([64, 2500])
Epoch [364/1000], Wasserstein(eigs,real_eigs): 1.260, Wasserstein(log_eigs,log_real_eigs): 0.297
torch.Size([64, 2500])
Epoch [365/1000], Wasserstein(eigs,real_eigs): 1.115, Wasserstein(log_eigs,log_real_eigs): 0.299
torch.Size([64, 2500])
Epoch [366/1000], Wasserstein(eigs,real_eigs): 0.810, Wasserstein(log_eigs,log_real_eigs): 0.303
torch.Size([64, 2500])
Epoch [367/1000], Wasserstein(eigs,real_eigs): 0.788, Wasserstein(log_eigs,log_real_eigs): 0.317
torch.Size([64, 2500])
Epoch [368/1000], Wasserstein(eigs,real_eigs): 0.867, Wasserstein(log_eigs,log_real_eigs): 0.335
torch.Size([64, 2500])
Epoch [369/1000], Wasserstein(eigs,real_eigs): 0.849, Wasserstein(log_eigs,log_real_eigs): 0.341
torch.Size([64, 2500])
Epoch [370/1000], Wasserstein(eigs,real_eigs): 0.898, Wasserstein(log_eigs,log_real_eigs): 0.332
torch.Size([64, 2500])
Epoch [371/1000], Wasserstein(eigs,real_eigs): 0.903, Wasserstein(log_eigs,log_real_eigs): 0.333
torch.Size([64, 2500])
Epoch [372/1000], Wasserstein(eigs,real_eigs): 0.919, Wasserstein(log_eigs,log_real_eigs): 0.332
torch.Size([64, 2500])
Epoch [373/1000], Wasserstein(eigs,real_eigs): 0.928, Wasserstein(log_eigs,log_real_eigs): 0.329
torch.Size([64, 2500])
Epoch [374/1000], Wasserstein(eigs,real_eigs): 0.957, Wasserstein(log_eigs,log_real_eigs): 0.327
torch.Size([64, 2500])
Epoch [375/1000], Wasserstein(eigs,real_eigs): 0.956, Wasserstein(log_eigs,log_real_eigs): 0.327
torch.Size([64, 2500])
Epoch [376/1000], Wasserstein(eigs,real_eigs): 0.945, Wasserstein(log_eigs,log_real_eigs): 0.318
torch.Size([64, 2500])
Epoch [377/1000], Wasserstein(eigs,real_eigs): 0.846, Wasserstein(log_eigs,log_real_eigs): 0.315
torch.Size([64, 2500])
Epoch [378/1000], Wasserstein(eigs,real_eigs): 0.742, Wasserstein(log_eigs,log_real_eigs): 0.315
torch.Size([64, 2500])
Epoch [379/1000], Wasserstein(eigs,real_eigs): 1.438, Wasserstein(log_eigs,log_real_eigs): 0.314
torch.Size([64, 2500])
Epoch [380/1000], Wasserstein(eigs,real_eigs): 2.356, Wasserstein(log_eigs,log_real_eigs): 0.291
torch.Size([64, 2500])
Epoch [381/1000], Wasserstein(eigs,real_eigs): 2.557, Wasserstein(log_eigs,log_real_eigs): 0.286
torch.Size([64, 2500])
Epoch [382/1000], Wasserstein(eigs,real_eigs): 2.698, Wasserstein(log_eigs,log_real_eigs): 0.293
torch.Size([64, 2500])
Epoch [383/1000], Wasserstein(eigs,real_eigs): 2.755, Wasserstein(log_eigs,log_real_eigs): 0.291
torch.Size([64, 2500])
Epoch [384/1000], Wasserstein(eigs,real_eigs): 2.756, Wasserstein(log_eigs,log_real_eigs): 0.290
torch.Size([64, 2500])
Epoch [385/1000], Wasserstein(eigs,real_eigs): 2.700, Wasserstein(log_eigs,log_real_eigs): 0.290
torch.Size([64, 2500])
Epoch [386/1000], Wasserstein(eigs,real_eigs): 2.736, Wasserstein(log_eigs,log_real_eigs): 0.289
torch.Size([64, 2500])
Epoch [387/1000], Wasserstein(eigs,real_eigs): 2.706, Wasserstein(log_eigs,log_real_eigs): 0.287
torch.Size([64, 2500])
Epoch [388/1000], Wasserstein(eigs,real_eigs): 2.669, Wasserstein(log_eigs,log_real_eigs): 0.292
torch.Size([64, 2500])
Epoch [389/1000], Wasserstein(eigs,real_eigs): 2.633, Wasserstein(log_eigs,log_real_eigs): 0.284
torch.Size([64, 2500])
Epoch [390/1000], Wasserstein(eigs,real_eigs): 2.625, Wasserstein(log_eigs,log_real_eigs): 0.284
torch.Size([64, 2500])
Epoch [391/1000], Wasserstein(eigs,real_eigs): 2.562, Wasserstein(log_eigs,log_real_eigs): 0.290
torch.Size([64, 2500])
Epoch [392/1000], Wasserstein(eigs,real_eigs): 2.547, Wasserstein(log_eigs,log_real_eigs): 0.289
torch.Size([64, 2500])
Epoch [393/1000], Wasserstein(eigs,real_eigs): 2.486, Wasserstein(log_eigs,log_real_eigs): 0.287
torch.Size([64, 2500])
Epoch [394/1000], Wasserstein(eigs,real_eigs): 2.473, Wasserstein(log_eigs,log_real_eigs): 0.289
torch.Size([64, 2500])
Epoch [395/1000], Wasserstein(eigs,real_eigs): 2.386, Wasserstein(log_eigs,log_real_eigs): 0.289
torch.Size([64, 2500])
Epoch [396/1000], Wasserstein(eigs,real_eigs): 2.373, Wasserstein(log_eigs,log_real_eigs): 0.291
torch.Size([64, 2500])
Epoch [397/1000], Wasserstein(eigs,real_eigs): 2.335, Wasserstein(log_eigs,log_real_eigs): 0.290
torch.Size([64, 2500])
Epoch [398/1000], Wasserstein(eigs,real_eigs): 2.254, Wasserstein(log_eigs,log_real_eigs): 0.289
torch.Size([64, 2500])
Epoch [399/1000], Wasserstein(eigs,real_eigs): 2.201, Wasserstein(log_eigs,log_real_eigs): 0.286
torch.Size([64, 2500])
Epoch [400/1000], Wasserstein(eigs,real_eigs): 2.133, Wasserstein(log_eigs,log_real_eigs): 0.286
torch.Size([64, 2500])
Epoch [401/1000], Wasserstein(eigs,real_eigs): 2.097, Wasserstein(log_eigs,log_real_eigs): 0.285
torch.Size([64, 2500])
Epoch [402/1000], Wasserstein(eigs,real_eigs): 2.045, Wasserstein(log_eigs,log_real_eigs): 0.285
torch.Size([64, 2500])
Epoch [403/1000], Wasserstein(eigs,real_eigs): 1.995, Wasserstein(log_eigs,log_real_eigs): 0.292
torch.Size([64, 2500])
Epoch [404/1000], Wasserstein(eigs,real_eigs): 1.934, Wasserstein(log_eigs,log_real_eigs): 0.284
torch.Size([64, 2500])
Epoch [405/1000], Wasserstein(eigs,real_eigs): 1.864, Wasserstein(log_eigs,log_real_eigs): 0.290
torch.Size([64, 2500])
Epoch [406/1000], Wasserstein(eigs,real_eigs): 1.766, Wasserstein(log_eigs,log_real_eigs): 0.286
torch.Size([64, 2500])
Epoch [407/1000], Wasserstein(eigs,real_eigs): 1.706, Wasserstein(log_eigs,log_real_eigs): 0.288
torch.Size([64, 2500])
Epoch [408/1000], Wasserstein(eigs,real_eigs): 1.592, Wasserstein(log_eigs,log_real_eigs): 0.286
torch.Size([64, 2500])
Epoch [409/1000], Wasserstein(eigs,real_eigs): 1.468, Wasserstein(log_eigs,log_real_eigs): 0.291
torch.Size([64, 2500])
Epoch [410/1000], Wasserstein(eigs,real_eigs): 1.266, Wasserstein(log_eigs,log_real_eigs): 0.286
torch.Size([64, 2500])
Epoch [411/1000], Wasserstein(eigs,real_eigs): 0.970, Wasserstein(log_eigs,log_real_eigs): 0.293
torch.Size([64, 2500])
Epoch [412/1000], Wasserstein(eigs,real_eigs): 0.813, Wasserstein(log_eigs,log_real_eigs): 0.304
torch.Size([64, 2500])
Epoch [413/1000], Wasserstein(eigs,real_eigs): 0.875, Wasserstein(log_eigs,log_real_eigs): 0.321
torch.Size([64, 2500])
Epoch [414/1000], Wasserstein(eigs,real_eigs): 0.776, Wasserstein(log_eigs,log_real_eigs): 0.332
torch.Size([64, 2500])
Epoch [415/1000], Wasserstein(eigs,real_eigs): 0.833, Wasserstein(log_eigs,log_real_eigs): 0.333
torch.Size([64, 2500])
Epoch [416/1000], Wasserstein(eigs,real_eigs): 0.820, Wasserstein(log_eigs,log_real_eigs): 0.331
torch.Size([64, 2500])
Epoch [417/1000], Wasserstein(eigs,real_eigs): 0.831, Wasserstein(log_eigs,log_real_eigs): 0.328
torch.Size([64, 2500])
Epoch [418/1000], Wasserstein(eigs,real_eigs): 0.849, Wasserstein(log_eigs,log_real_eigs): 0.332
torch.Size([64, 2500])
Epoch [419/1000], Wasserstein(eigs,real_eigs): 0.837, Wasserstein(log_eigs,log_real_eigs): 0.318
torch.Size([64, 2500])
Epoch [420/1000], Wasserstein(eigs,real_eigs): 0.832, Wasserstein(log_eigs,log_real_eigs): 0.324
torch.Size([64, 2500])
Epoch [421/1000], Wasserstein(eigs,real_eigs): 0.831, Wasserstein(log_eigs,log_real_eigs): 0.320
torch.Size([64, 2500])
Epoch [422/1000], Wasserstein(eigs,real_eigs): 0.835, Wasserstein(log_eigs,log_real_eigs): 0.311
torch.Size([64, 2500])
Epoch [423/1000], Wasserstein(eigs,real_eigs): 0.816, Wasserstein(log_eigs,log_real_eigs): 0.310
torch.Size([64, 2500])
Epoch [424/1000], Wasserstein(eigs,real_eigs): 0.791, Wasserstein(log_eigs,log_real_eigs): 0.306
torch.Size([64, 2500])
Epoch [425/1000], Wasserstein(eigs,real_eigs): 0.788, Wasserstein(log_eigs,log_real_eigs): 0.306
torch.Size([64, 2500])
Epoch [426/1000], Wasserstein(eigs,real_eigs): 0.807, Wasserstein(log_eigs,log_real_eigs): 0.304
torch.Size([64, 2500])
Epoch [427/1000], Wasserstein(eigs,real_eigs): 0.839, Wasserstein(log_eigs,log_real_eigs): 0.297
torch.Size([64, 2500])
Epoch [428/1000], Wasserstein(eigs,real_eigs): 0.866, Wasserstein(log_eigs,log_real_eigs): 0.293
torch.Size([64, 2500])
Epoch [429/1000], Wasserstein(eigs,real_eigs): 0.899, Wasserstein(log_eigs,log_real_eigs): 0.300
torch.Size([64, 2500])
Epoch [430/1000], Wasserstein(eigs,real_eigs): 0.930, Wasserstein(log_eigs,log_real_eigs): 0.292
torch.Size([64, 2500])
Epoch [431/1000], Wasserstein(eigs,real_eigs): 0.979, Wasserstein(log_eigs,log_real_eigs): 0.294
torch.Size([64, 2500])
Epoch [432/1000], Wasserstein(eigs,real_eigs): 1.026, Wasserstein(log_eigs,log_real_eigs): 0.298
torch.Size([64, 2500])
Epoch [433/1000], Wasserstein(eigs,real_eigs): 1.062, Wasserstein(log_eigs,log_real_eigs): 0.295
torch.Size([64, 2500])
Epoch [434/1000], Wasserstein(eigs,real_eigs): 1.071, Wasserstein(log_eigs,log_real_eigs): 0.301
torch.Size([64, 2500])
Epoch [435/1000], Wasserstein(eigs,real_eigs): 1.085, Wasserstein(log_eigs,log_real_eigs): 0.296
torch.Size([64, 2500])
Epoch [436/1000], Wasserstein(eigs,real_eigs): 1.104, Wasserstein(log_eigs,log_real_eigs): 0.299
torch.Size([64, 2500])
Epoch [437/1000], Wasserstein(eigs,real_eigs): 1.140, Wasserstein(log_eigs,log_real_eigs): 0.293
torch.Size([64, 2500])
Epoch [438/1000], Wasserstein(eigs,real_eigs): 1.181, Wasserstein(log_eigs,log_real_eigs): 0.298
torch.Size([64, 2500])
Epoch [439/1000], Wasserstein(eigs,real_eigs): 1.157, Wasserstein(log_eigs,log_real_eigs): 0.299
torch.Size([64, 2500])
Epoch [440/1000], Wasserstein(eigs,real_eigs): 1.184, Wasserstein(log_eigs,log_real_eigs): 0.294
torch.Size([64, 2500])
Epoch [441/1000], Wasserstein(eigs,real_eigs): 1.185, Wasserstein(log_eigs,log_real_eigs): 0.298
torch.Size([64, 2500])
Epoch [442/1000], Wasserstein(eigs,real_eigs): 1.182, Wasserstein(log_eigs,log_real_eigs): 0.295
torch.Size([64, 2500])
Epoch [443/1000], Wasserstein(eigs,real_eigs): 1.224, Wasserstein(log_eigs,log_real_eigs): 0.294
torch.Size([64, 2500])
Epoch [444/1000], Wasserstein(eigs,real_eigs): 1.230, Wasserstein(log_eigs,log_real_eigs): 0.298
torch.Size([64, 2500])
Epoch [445/1000], Wasserstein(eigs,real_eigs): 1.246, Wasserstein(log_eigs,log_real_eigs): 0.291
torch.Size([64, 2500])
Epoch [446/1000], Wasserstein(eigs,real_eigs): 1.244, Wasserstein(log_eigs,log_real_eigs): 0.294
torch.Size([64, 2500])
Epoch [447/1000], Wasserstein(eigs,real_eigs): 1.246, Wasserstein(log_eigs,log_real_eigs): 0.295
torch.Size([64, 2500])
Epoch [448/1000], Wasserstein(eigs,real_eigs): 1.273, Wasserstein(log_eigs,log_real_eigs): 0.286
torch.Size([64, 2500])
Epoch [449/1000], Wasserstein(eigs,real_eigs): 1.262, Wasserstein(log_eigs,log_real_eigs): 0.287
torch.Size([64, 2500])
Epoch [450/1000], Wasserstein(eigs,real_eigs): 1.255, Wasserstein(log_eigs,log_real_eigs): 0.293
torch.Size([64, 2500])
Epoch [451/1000], Wasserstein(eigs,real_eigs): 1.263, Wasserstein(log_eigs,log_real_eigs): 0.298
torch.Size([64, 2500])
Epoch [452/1000], Wasserstein(eigs,real_eigs): 1.279, Wasserstein(log_eigs,log_real_eigs): 0.291
torch.Size([64, 2500])
Epoch [453/1000], Wasserstein(eigs,real_eigs): 1.247, Wasserstein(log_eigs,log_real_eigs): 0.294
torch.Size([64, 2500])
Epoch [454/1000], Wasserstein(eigs,real_eigs): 1.225, Wasserstein(log_eigs,log_real_eigs): 0.287
torch.Size([64, 2500])
Epoch [455/1000], Wasserstein(eigs,real_eigs): 1.235, Wasserstein(log_eigs,log_real_eigs): 0.292
torch.Size([64, 2500])
Epoch [456/1000], Wasserstein(eigs,real_eigs): 1.160, Wasserstein(log_eigs,log_real_eigs): 0.292
torch.Size([64, 2500])
Epoch [457/1000], Wasserstein(eigs,real_eigs): 0.936, Wasserstein(log_eigs,log_real_eigs): 0.283
torch.Size([64, 2500])
Epoch [458/1000], Wasserstein(eigs,real_eigs): 1.569, Wasserstein(log_eigs,log_real_eigs): 0.295
torch.Size([64, 2500])
Epoch [459/1000], Wasserstein(eigs,real_eigs): 2.175, Wasserstein(log_eigs,log_real_eigs): 0.295
torch.Size([64, 2500])
Epoch [460/1000], Wasserstein(eigs,real_eigs): 2.385, Wasserstein(log_eigs,log_real_eigs): 0.291
torch.Size([64, 2500])
Epoch [461/1000], Wasserstein(eigs,real_eigs): 2.489, Wasserstein(log_eigs,log_real_eigs): 0.296
torch.Size([64, 2500])
Epoch [462/1000], Wasserstein(eigs,real_eigs): 2.508, Wasserstein(log_eigs,log_real_eigs): 0.293
torch.Size([64, 2500])
Epoch [463/1000], Wasserstein(eigs,real_eigs): 2.489, Wasserstein(log_eigs,log_real_eigs): 0.286
torch.Size([64, 2500])
Epoch [464/1000], Wasserstein(eigs,real_eigs): 2.492, Wasserstein(log_eigs,log_real_eigs): 0.288
torch.Size([64, 2500])
Epoch [465/1000], Wasserstein(eigs,real_eigs): 2.521, Wasserstein(log_eigs,log_real_eigs): 0.288
torch.Size([64, 2500])
Epoch [466/1000], Wasserstein(eigs,real_eigs): 2.540, Wasserstein(log_eigs,log_real_eigs): 0.288
torch.Size([64, 2500])
Epoch [467/1000], Wasserstein(eigs,real_eigs): 2.523, Wasserstein(log_eigs,log_real_eigs): 0.290
torch.Size([64, 2500])
Epoch [468/1000], Wasserstein(eigs,real_eigs): 2.469, Wasserstein(log_eigs,log_real_eigs): 0.288
torch.Size([64, 2500])
Epoch [469/1000], Wasserstein(eigs,real_eigs): 2.482, Wasserstein(log_eigs,log_real_eigs): 0.288
torch.Size([64, 2500])
Epoch [470/1000], Wasserstein(eigs,real_eigs): 2.463, Wasserstein(log_eigs,log_real_eigs): 0.288
torch.Size([64, 2500])
Epoch [471/1000], Wasserstein(eigs,real_eigs): 2.438, Wasserstein(log_eigs,log_real_eigs): 0.286
torch.Size([64, 2500])
Epoch [472/1000], Wasserstein(eigs,real_eigs): 2.365, Wasserstein(log_eigs,log_real_eigs): 0.285
torch.Size([64, 2500])
Epoch [473/1000], Wasserstein(eigs,real_eigs): 2.361, Wasserstein(log_eigs,log_real_eigs): 0.285
torch.Size([64, 2500])
Epoch [474/1000], Wasserstein(eigs,real_eigs): 2.367, Wasserstein(log_eigs,log_real_eigs): 0.290
torch.Size([64, 2500])
Epoch [475/1000], Wasserstein(eigs,real_eigs): 2.324, Wasserstein(log_eigs,log_real_eigs): 0.288
torch.Size([64, 2500])
Epoch [476/1000], Wasserstein(eigs,real_eigs): 2.256, Wasserstein(log_eigs,log_real_eigs): 0.288
torch.Size([64, 2500])
Epoch [477/1000], Wasserstein(eigs,real_eigs): 2.209, Wasserstein(log_eigs,log_real_eigs): 0.290
torch.Size([64, 2500])
Epoch [478/1000], Wasserstein(eigs,real_eigs): 2.216, Wasserstein(log_eigs,log_real_eigs): 0.285
torch.Size([64, 2500])
Epoch [479/1000], Wasserstein(eigs,real_eigs): 2.146, Wasserstein(log_eigs,log_real_eigs): 0.286
torch.Size([64, 2500])
Epoch [480/1000], Wasserstein(eigs,real_eigs): 2.112, Wasserstein(log_eigs,log_real_eigs): 0.285
torch.Size([64, 2500])
Epoch [481/1000], Wasserstein(eigs,real_eigs): 2.029, Wasserstein(log_eigs,log_real_eigs): 0.288
torch.Size([64, 2500])
Epoch [482/1000], Wasserstein(eigs,real_eigs): 1.985, Wasserstein(log_eigs,log_real_eigs): 0.286
torch.Size([64, 2500])
Epoch [483/1000], Wasserstein(eigs,real_eigs): 1.891, Wasserstein(log_eigs,log_real_eigs): 0.280
torch.Size([64, 2500])
Epoch [484/1000], Wasserstein(eigs,real_eigs): 1.790, Wasserstein(log_eigs,log_real_eigs): 0.283
torch.Size([64, 2500])
Epoch [485/1000], Wasserstein(eigs,real_eigs): 1.694, Wasserstein(log_eigs,log_real_eigs): 0.284
torch.Size([64, 2500])
Epoch [486/1000], Wasserstein(eigs,real_eigs): 1.569, Wasserstein(log_eigs,log_real_eigs): 0.281
torch.Size([64, 2500])
Epoch [487/1000], Wasserstein(eigs,real_eigs): 1.272, Wasserstein(log_eigs,log_real_eigs): 0.285
torch.Size([64, 2500])
Epoch [488/1000], Wasserstein(eigs,real_eigs): 1.010, Wasserstein(log_eigs,log_real_eigs): 0.293
torch.Size([64, 2500])
Epoch [489/1000], Wasserstein(eigs,real_eigs): 1.077, Wasserstein(log_eigs,log_real_eigs): 0.303
torch.Size([64, 2500])
Epoch [490/1000], Wasserstein(eigs,real_eigs): 1.019, Wasserstein(log_eigs,log_real_eigs): 0.317
torch.Size([64, 2500])
Epoch [491/1000], Wasserstein(eigs,real_eigs): 0.936, Wasserstein(log_eigs,log_real_eigs): 0.315
torch.Size([64, 2500])
Epoch [492/1000], Wasserstein(eigs,real_eigs): 0.942, Wasserstein(log_eigs,log_real_eigs): 0.320
torch.Size([64, 2500])
Epoch [493/1000], Wasserstein(eigs,real_eigs): 0.939, Wasserstein(log_eigs,log_real_eigs): 0.319
torch.Size([64, 2500])
Epoch [494/1000], Wasserstein(eigs,real_eigs): 0.939, Wasserstein(log_eigs,log_real_eigs): 0.320
torch.Size([64, 2500])
Epoch [495/1000], Wasserstein(eigs,real_eigs): 0.902, Wasserstein(log_eigs,log_real_eigs): 0.320
torch.Size([64, 2500])
Epoch [496/1000], Wasserstein(eigs,real_eigs): 0.861, Wasserstein(log_eigs,log_real_eigs): 0.319
torch.Size([64, 2500])
Epoch [497/1000], Wasserstein(eigs,real_eigs): 0.791, Wasserstein(log_eigs,log_real_eigs): 0.313
torch.Size([64, 2500])
Epoch [498/1000], Wasserstein(eigs,real_eigs): 0.702, Wasserstein(log_eigs,log_real_eigs): 0.313
torch.Size([64, 2500])
Epoch [499/1000], Wasserstein(eigs,real_eigs): 0.588, Wasserstein(log_eigs,log_real_eigs): 0.309
torch.Size([64, 2500])
Epoch [500/1000], Wasserstein(eigs,real_eigs): 0.610, Wasserstein(log_eigs,log_real_eigs): 0.304
torch.Size([64, 2500])
Epoch [501/1000], Wasserstein(eigs,real_eigs): 0.972, Wasserstein(log_eigs,log_real_eigs): 0.315
torch.Size([64, 2500])
Epoch [502/1000], Wasserstein(eigs,real_eigs): 1.360, Wasserstein(log_eigs,log_real_eigs): 0.313
torch.Size([64, 2500])
Epoch [503/1000], Wasserstein(eigs,real_eigs): 1.595, Wasserstein(log_eigs,log_real_eigs): 0.311
torch.Size([64, 2500])
Epoch [504/1000], Wasserstein(eigs,real_eigs): 1.701, Wasserstein(log_eigs,log_real_eigs): 0.309
torch.Size([64, 2500])
Epoch [505/1000], Wasserstein(eigs,real_eigs): 1.786, Wasserstein(log_eigs,log_real_eigs): 0.302
torch.Size([64, 2500])
Epoch [506/1000], Wasserstein(eigs,real_eigs): 1.755, Wasserstein(log_eigs,log_real_eigs): 0.302
torch.Size([64, 2500])
Epoch [507/1000], Wasserstein(eigs,real_eigs): 1.778, Wasserstein(log_eigs,log_real_eigs): 0.298
torch.Size([64, 2500])
Epoch [508/1000], Wasserstein(eigs,real_eigs): 1.781, Wasserstein(log_eigs,log_real_eigs): 0.301
torch.Size([64, 2500])
Epoch [509/1000], Wasserstein(eigs,real_eigs): 1.782, Wasserstein(log_eigs,log_real_eigs): 0.294
torch.Size([64, 2500])
Epoch [510/1000], Wasserstein(eigs,real_eigs): 1.747, Wasserstein(log_eigs,log_real_eigs): 0.300
