2019-10-16 02:48:03.211505
Namespace(batch_size=64, dataroot='/home/jim/Documents/RandomBergman/KS4/data/', diff=0, epochs=1000, exp=None, h11=40, log_interval=1, lr=5e-05, lr_D=5e-05, lr_G=5e-05, model_type='WGAN_DCGAN', n_critic_steps=5, newsize=40, num_geometries=2500, nz=15, outdir='./experiments/exp_WGAN_DCGAN_40_15_10162019_024803', plot_interval=20, py_version=3, save=True, show_plots=False, test_batch_size=10000)
Namespace(batch_size=64, dataroot='/home/jim/Documents/RandomBergman/KS4/data/', diff=0, epochs=1000, exp=None, h11=40, log_interval=1, lr=5e-05, lr_D=5e-05, lr_G=5e-05, model_type='WGAN_DCGAN', n_critic_steps=5, newsize=40, num_geometries=2500, nz=15, outdir='./experiments/exp_WGAN_DCGAN_40_15_10162019_024803', plot_interval=20, py_version=3, save=True, show_plots=False, test_batch_size=10000)
Model type: WGAN_DCGAN
Coomparing to Eigenvalue distribution collected from 3017 geometries
data: 64 40
torch.Size([64, 1600])
Epoch [0/1000], Wasserstein(eigs,real_eigs): 21.254, Wasserstein(log_eigs,log_real_eigs): 0.886
torch.Size([64, 1600])
Epoch [1/1000], Wasserstein(eigs,real_eigs): 516.287, Wasserstein(log_eigs,log_real_eigs): 0.803
torch.Size([64, 1600])
Epoch [2/1000], Wasserstein(eigs,real_eigs): 600.521, Wasserstein(log_eigs,log_real_eigs): 1.200
torch.Size([64, 1600])
Epoch [3/1000], Wasserstein(eigs,real_eigs): 766.233, Wasserstein(log_eigs,log_real_eigs): 0.682
torch.Size([64, 1600])
Epoch [4/1000], Wasserstein(eigs,real_eigs): 767.764, Wasserstein(log_eigs,log_real_eigs): 0.989
torch.Size([64, 1600])
Epoch [5/1000], Wasserstein(eigs,real_eigs): 885.527, Wasserstein(log_eigs,log_real_eigs): 1.548
torch.Size([64, 1600])
Epoch [6/1000], Wasserstein(eigs,real_eigs): 854.970, Wasserstein(log_eigs,log_real_eigs): 2.051
torch.Size([64, 1600])
Epoch [7/1000], Wasserstein(eigs,real_eigs): 919.623, Wasserstein(log_eigs,log_real_eigs): 2.325
torch.Size([64, 1600])
Epoch [8/1000], Wasserstein(eigs,real_eigs): 998.599, Wasserstein(log_eigs,log_real_eigs): 2.447
torch.Size([64, 1600])
Epoch [9/1000], Wasserstein(eigs,real_eigs): 1263.861, Wasserstein(log_eigs,log_real_eigs): 1.589
torch.Size([64, 1600])
Epoch [10/1000], Wasserstein(eigs,real_eigs): 1260.532, Wasserstein(log_eigs,log_real_eigs): 1.388
torch.Size([64, 1600])
Epoch [11/1000], Wasserstein(eigs,real_eigs): 1263.867, Wasserstein(log_eigs,log_real_eigs): 1.033
torch.Size([64, 1600])
Epoch [12/1000], Wasserstein(eigs,real_eigs): 1229.568, Wasserstein(log_eigs,log_real_eigs): 0.941
torch.Size([64, 1600])
Epoch [13/1000], Wasserstein(eigs,real_eigs): 1071.998, Wasserstein(log_eigs,log_real_eigs): 0.773
torch.Size([64, 1600])
Epoch [14/1000], Wasserstein(eigs,real_eigs): 997.600, Wasserstein(log_eigs,log_real_eigs): 0.731
torch.Size([64, 1600])
Epoch [15/1000], Wasserstein(eigs,real_eigs): 969.305, Wasserstein(log_eigs,log_real_eigs): 0.786
torch.Size([64, 1600])
Epoch [16/1000], Wasserstein(eigs,real_eigs): 922.949, Wasserstein(log_eigs,log_real_eigs): 0.705
torch.Size([64, 1600])
Epoch [17/1000], Wasserstein(eigs,real_eigs): 804.127, Wasserstein(log_eigs,log_real_eigs): 0.757
torch.Size([64, 1600])
Epoch [18/1000], Wasserstein(eigs,real_eigs): 692.817, Wasserstein(log_eigs,log_real_eigs): 0.687
torch.Size([64, 1600])
Epoch [19/1000], Wasserstein(eigs,real_eigs): 516.664, Wasserstein(log_eigs,log_real_eigs): 0.663
torch.Size([64, 1600])
Epoch [20/1000], Wasserstein(eigs,real_eigs): 353.525, Wasserstein(log_eigs,log_real_eigs): 0.568
torch.Size([64, 1600])
Epoch [21/1000], Wasserstein(eigs,real_eigs): 214.470, Wasserstein(log_eigs,log_real_eigs): 0.479
torch.Size([64, 1600])
Epoch [22/1000], Wasserstein(eigs,real_eigs): 311.131, Wasserstein(log_eigs,log_real_eigs): 0.493
torch.Size([64, 1600])
Epoch [23/1000], Wasserstein(eigs,real_eigs): 187.818, Wasserstein(log_eigs,log_real_eigs): 0.578
torch.Size([64, 1600])
Epoch [24/1000], Wasserstein(eigs,real_eigs): 230.414, Wasserstein(log_eigs,log_real_eigs): 0.600
torch.Size([64, 1600])
Epoch [25/1000], Wasserstein(eigs,real_eigs): 293.571, Wasserstein(log_eigs,log_real_eigs): 0.546
torch.Size([64, 1600])
Epoch [26/1000], Wasserstein(eigs,real_eigs): 250.768, Wasserstein(log_eigs,log_real_eigs): 0.431
torch.Size([64, 1600])
Epoch [27/1000], Wasserstein(eigs,real_eigs): 212.719, Wasserstein(log_eigs,log_real_eigs): 0.424
torch.Size([64, 1600])
Epoch [28/1000], Wasserstein(eigs,real_eigs): 211.891, Wasserstein(log_eigs,log_real_eigs): 0.648
torch.Size([64, 1600])
Epoch [29/1000], Wasserstein(eigs,real_eigs): 314.370, Wasserstein(log_eigs,log_real_eigs): 0.508
torch.Size([64, 1600])
Epoch [30/1000], Wasserstein(eigs,real_eigs): 179.445, Wasserstein(log_eigs,log_real_eigs): 0.502
torch.Size([64, 1600])
Epoch [31/1000], Wasserstein(eigs,real_eigs): 253.547, Wasserstein(log_eigs,log_real_eigs): 0.483
torch.Size([64, 1600])
Epoch [32/1000], Wasserstein(eigs,real_eigs): 239.676, Wasserstein(log_eigs,log_real_eigs): 0.452
torch.Size([64, 1600])
Epoch [33/1000], Wasserstein(eigs,real_eigs): 422.444, Wasserstein(log_eigs,log_real_eigs): 0.377
torch.Size([64, 1600])
Epoch [34/1000], Wasserstein(eigs,real_eigs): 434.174, Wasserstein(log_eigs,log_real_eigs): 0.593
torch.Size([64, 1600])
Epoch [35/1000], Wasserstein(eigs,real_eigs): 46.855, Wasserstein(log_eigs,log_real_eigs): 0.398
torch.Size([64, 1600])
Epoch [36/1000], Wasserstein(eigs,real_eigs): 268.904, Wasserstein(log_eigs,log_real_eigs): 0.511
torch.Size([64, 1600])
Epoch [37/1000], Wasserstein(eigs,real_eigs): 1728.439, Wasserstein(log_eigs,log_real_eigs): 0.911
torch.Size([64, 1600])
Epoch [38/1000], Wasserstein(eigs,real_eigs): 1734.010, Wasserstein(log_eigs,log_real_eigs): 0.913
torch.Size([64, 1600])
Epoch [39/1000], Wasserstein(eigs,real_eigs): 1836.884, Wasserstein(log_eigs,log_real_eigs): 0.714
torch.Size([64, 1600])
Epoch [40/1000], Wasserstein(eigs,real_eigs): 1284.909, Wasserstein(log_eigs,log_real_eigs): 0.877
torch.Size([64, 1600])
Epoch [41/1000], Wasserstein(eigs,real_eigs): 1358.478, Wasserstein(log_eigs,log_real_eigs): 0.660
torch.Size([64, 1600])
Epoch [42/1000], Wasserstein(eigs,real_eigs): 538.503, Wasserstein(log_eigs,log_real_eigs): 0.724
torch.Size([64, 1600])
Epoch [43/1000], Wasserstein(eigs,real_eigs): 438.055, Wasserstein(log_eigs,log_real_eigs): 0.652
torch.Size([64, 1600])
Epoch [44/1000], Wasserstein(eigs,real_eigs): 202.810, Wasserstein(log_eigs,log_real_eigs): 0.416
torch.Size([64, 1600])
Epoch [45/1000], Wasserstein(eigs,real_eigs): 193.410, Wasserstein(log_eigs,log_real_eigs): 0.423
torch.Size([64, 1600])
Epoch [46/1000], Wasserstein(eigs,real_eigs): 550.851, Wasserstein(log_eigs,log_real_eigs): 0.500
torch.Size([64, 1600])
Epoch [47/1000], Wasserstein(eigs,real_eigs): 106.719, Wasserstein(log_eigs,log_real_eigs): 0.401
torch.Size([64, 1600])
Epoch [48/1000], Wasserstein(eigs,real_eigs): 1231.611, Wasserstein(log_eigs,log_real_eigs): 0.466
torch.Size([64, 1600])
Epoch [49/1000], Wasserstein(eigs,real_eigs): 917.693, Wasserstein(log_eigs,log_real_eigs): 0.432
torch.Size([64, 1600])
Epoch [50/1000], Wasserstein(eigs,real_eigs): 590.888, Wasserstein(log_eigs,log_real_eigs): 0.532
torch.Size([64, 1600])
Epoch [51/1000], Wasserstein(eigs,real_eigs): 262.122, Wasserstein(log_eigs,log_real_eigs): 0.575
torch.Size([64, 1600])
Epoch [52/1000], Wasserstein(eigs,real_eigs): 173.723, Wasserstein(log_eigs,log_real_eigs): 0.695
torch.Size([64, 1600])
Epoch [53/1000], Wasserstein(eigs,real_eigs): 250.896, Wasserstein(log_eigs,log_real_eigs): 0.611
torch.Size([64, 1600])
Epoch [54/1000], Wasserstein(eigs,real_eigs): 812.473, Wasserstein(log_eigs,log_real_eigs): 0.693
torch.Size([64, 1600])
Epoch [55/1000], Wasserstein(eigs,real_eigs): 243.082, Wasserstein(log_eigs,log_real_eigs): 0.482
torch.Size([64, 1600])
Epoch [56/1000], Wasserstein(eigs,real_eigs): 58.796, Wasserstein(log_eigs,log_real_eigs): 0.347
torch.Size([64, 1600])
Epoch [57/1000], Wasserstein(eigs,real_eigs): 103.822, Wasserstein(log_eigs,log_real_eigs): 0.317
torch.Size([64, 1600])
Epoch [58/1000], Wasserstein(eigs,real_eigs): 10.855, Wasserstein(log_eigs,log_real_eigs): 0.292
torch.Size([64, 1600])
Epoch [59/1000], Wasserstein(eigs,real_eigs): 1058.054, Wasserstein(log_eigs,log_real_eigs): 0.693
torch.Size([64, 1600])
Epoch [60/1000], Wasserstein(eigs,real_eigs): 514.108, Wasserstein(log_eigs,log_real_eigs): 0.731
torch.Size([64, 1600])
Epoch [61/1000], Wasserstein(eigs,real_eigs): 402.462, Wasserstein(log_eigs,log_real_eigs): 0.661
torch.Size([64, 1600])
Epoch [62/1000], Wasserstein(eigs,real_eigs): 213.222, Wasserstein(log_eigs,log_real_eigs): 0.340
torch.Size([64, 1600])
Epoch [63/1000], Wasserstein(eigs,real_eigs): 862.671, Wasserstein(log_eigs,log_real_eigs): 0.478
torch.Size([64, 1600])
Epoch [64/1000], Wasserstein(eigs,real_eigs): 490.700, Wasserstein(log_eigs,log_real_eigs): 0.505
torch.Size([64, 1600])
Epoch [65/1000], Wasserstein(eigs,real_eigs): 448.029, Wasserstein(log_eigs,log_real_eigs): 0.525
torch.Size([64, 1600])
Epoch [66/1000], Wasserstein(eigs,real_eigs): 486.064, Wasserstein(log_eigs,log_real_eigs): 0.664
torch.Size([64, 1600])
Epoch [67/1000], Wasserstein(eigs,real_eigs): 1419.888, Wasserstein(log_eigs,log_real_eigs): 0.877
torch.Size([64, 1600])
Epoch [68/1000], Wasserstein(eigs,real_eigs): 1561.564, Wasserstein(log_eigs,log_real_eigs): 0.647
torch.Size([64, 1600])
Epoch [69/1000], Wasserstein(eigs,real_eigs): 1668.829, Wasserstein(log_eigs,log_real_eigs): 0.575
torch.Size([64, 1600])
Epoch [70/1000], Wasserstein(eigs,real_eigs): 458.821, Wasserstein(log_eigs,log_real_eigs): 0.614
torch.Size([64, 1600])
Epoch [71/1000], Wasserstein(eigs,real_eigs): 966.445, Wasserstein(log_eigs,log_real_eigs): 0.786
torch.Size([64, 1600])
Epoch [72/1000], Wasserstein(eigs,real_eigs): 622.940, Wasserstein(log_eigs,log_real_eigs): 0.502
torch.Size([64, 1600])
Epoch [73/1000], Wasserstein(eigs,real_eigs): 661.845, Wasserstein(log_eigs,log_real_eigs): 0.525
torch.Size([64, 1600])
Epoch [74/1000], Wasserstein(eigs,real_eigs): 750.975, Wasserstein(log_eigs,log_real_eigs): 0.766
torch.Size([64, 1600])
Epoch [75/1000], Wasserstein(eigs,real_eigs): 133.579, Wasserstein(log_eigs,log_real_eigs): 0.266
torch.Size([64, 1600])
Epoch [76/1000], Wasserstein(eigs,real_eigs): 1909.723, Wasserstein(log_eigs,log_real_eigs): 0.740
torch.Size([64, 1600])
Epoch [77/1000], Wasserstein(eigs,real_eigs): 1473.543, Wasserstein(log_eigs,log_real_eigs): 0.623
torch.Size([64, 1600])
Epoch [78/1000], Wasserstein(eigs,real_eigs): 637.104, Wasserstein(log_eigs,log_real_eigs): 0.503
torch.Size([64, 1600])
Epoch [79/1000], Wasserstein(eigs,real_eigs): 966.975, Wasserstein(log_eigs,log_real_eigs): 0.529
torch.Size([64, 1600])
Epoch [80/1000], Wasserstein(eigs,real_eigs): 896.087, Wasserstein(log_eigs,log_real_eigs): 0.609
torch.Size([64, 1600])
Epoch [81/1000], Wasserstein(eigs,real_eigs): 480.992, Wasserstein(log_eigs,log_real_eigs): 0.461
torch.Size([64, 1600])
Epoch [82/1000], Wasserstein(eigs,real_eigs): 50.543, Wasserstein(log_eigs,log_real_eigs): 0.342
torch.Size([64, 1600])
Epoch [83/1000], Wasserstein(eigs,real_eigs): 1154.316, Wasserstein(log_eigs,log_real_eigs): 0.388
torch.Size([64, 1600])
Epoch [84/1000], Wasserstein(eigs,real_eigs): 507.778, Wasserstein(log_eigs,log_real_eigs): 0.628
torch.Size([64, 1600])
Epoch [85/1000], Wasserstein(eigs,real_eigs): 734.261, Wasserstein(log_eigs,log_real_eigs): 0.942
torch.Size([64, 1600])
Epoch [86/1000], Wasserstein(eigs,real_eigs): 345.468, Wasserstein(log_eigs,log_real_eigs): 0.768
torch.Size([64, 1600])
Epoch [87/1000], Wasserstein(eigs,real_eigs): 1797.157, Wasserstein(log_eigs,log_real_eigs): 0.528
torch.Size([64, 1600])
Epoch [88/1000], Wasserstein(eigs,real_eigs): 2135.399, Wasserstein(log_eigs,log_real_eigs): 0.419
torch.Size([64, 1600])
Epoch [89/1000], Wasserstein(eigs,real_eigs): 1357.990, Wasserstein(log_eigs,log_real_eigs): 0.343
torch.Size([64, 1600])
Epoch [90/1000], Wasserstein(eigs,real_eigs): 860.471, Wasserstein(log_eigs,log_real_eigs): 0.439
torch.Size([64, 1600])
Epoch [91/1000], Wasserstein(eigs,real_eigs): 1014.947, Wasserstein(log_eigs,log_real_eigs): 0.404
torch.Size([64, 1600])
Epoch [92/1000], Wasserstein(eigs,real_eigs): 1207.377, Wasserstein(log_eigs,log_real_eigs): 0.526
torch.Size([64, 1600])
Epoch [93/1000], Wasserstein(eigs,real_eigs): 709.958, Wasserstein(log_eigs,log_real_eigs): 0.579
torch.Size([64, 1600])
Epoch [94/1000], Wasserstein(eigs,real_eigs): 1176.027, Wasserstein(log_eigs,log_real_eigs): 0.538
torch.Size([64, 1600])
Epoch [95/1000], Wasserstein(eigs,real_eigs): 794.845, Wasserstein(log_eigs,log_real_eigs): 0.469
torch.Size([64, 1600])
Epoch [96/1000], Wasserstein(eigs,real_eigs): 879.771, Wasserstein(log_eigs,log_real_eigs): 0.825
torch.Size([64, 1600])
Epoch [97/1000], Wasserstein(eigs,real_eigs): 486.343, Wasserstein(log_eigs,log_real_eigs): 0.548
torch.Size([64, 1600])
Epoch [98/1000], Wasserstein(eigs,real_eigs): 423.295, Wasserstein(log_eigs,log_real_eigs): 0.698
torch.Size([64, 1600])
Epoch [99/1000], Wasserstein(eigs,real_eigs): 538.801, Wasserstein(log_eigs,log_real_eigs): 0.465
torch.Size([64, 1600])
Epoch [100/1000], Wasserstein(eigs,real_eigs): 1897.462, Wasserstein(log_eigs,log_real_eigs): 1.115
torch.Size([64, 1600])
Epoch [101/1000], Wasserstein(eigs,real_eigs): 2281.417, Wasserstein(log_eigs,log_real_eigs): 0.884
torch.Size([64, 1600])
Epoch [102/1000], Wasserstein(eigs,real_eigs): 1239.185, Wasserstein(log_eigs,log_real_eigs): 0.695
torch.Size([64, 1600])
Epoch [103/1000], Wasserstein(eigs,real_eigs): 1295.487, Wasserstein(log_eigs,log_real_eigs): 0.560
torch.Size([64, 1600])
Epoch [104/1000], Wasserstein(eigs,real_eigs): 172.255, Wasserstein(log_eigs,log_real_eigs): 0.243
torch.Size([64, 1600])
Epoch [105/1000], Wasserstein(eigs,real_eigs): 1359.923, Wasserstein(log_eigs,log_real_eigs): 0.218
torch.Size([64, 1600])
Epoch [106/1000], Wasserstein(eigs,real_eigs): 844.205, Wasserstein(log_eigs,log_real_eigs): 0.477
torch.Size([64, 1600])
Epoch [107/1000], Wasserstein(eigs,real_eigs): 1030.877, Wasserstein(log_eigs,log_real_eigs): 0.686
torch.Size([64, 1600])
Epoch [108/1000], Wasserstein(eigs,real_eigs): 1044.819, Wasserstein(log_eigs,log_real_eigs): 0.718
torch.Size([64, 1600])
Epoch [109/1000], Wasserstein(eigs,real_eigs): 289.103, Wasserstein(log_eigs,log_real_eigs): 0.613
torch.Size([64, 1600])
Epoch [110/1000], Wasserstein(eigs,real_eigs): 660.465, Wasserstein(log_eigs,log_real_eigs): 0.855
torch.Size([64, 1600])
Epoch [111/1000], Wasserstein(eigs,real_eigs): 129.930, Wasserstein(log_eigs,log_real_eigs): 0.489
torch.Size([64, 1600])
Epoch [112/1000], Wasserstein(eigs,real_eigs): 796.395, Wasserstein(log_eigs,log_real_eigs): 0.734
torch.Size([64, 1600])
Epoch [113/1000], Wasserstein(eigs,real_eigs): 846.025, Wasserstein(log_eigs,log_real_eigs): 0.918
torch.Size([64, 1600])
Epoch [114/1000], Wasserstein(eigs,real_eigs): 319.636, Wasserstein(log_eigs,log_real_eigs): 0.857
torch.Size([64, 1600])
Epoch [115/1000], Wasserstein(eigs,real_eigs): 357.217, Wasserstein(log_eigs,log_real_eigs): 0.794
torch.Size([64, 1600])
Epoch [116/1000], Wasserstein(eigs,real_eigs): 1494.160, Wasserstein(log_eigs,log_real_eigs): 0.629
torch.Size([64, 1600])
Epoch [117/1000], Wasserstein(eigs,real_eigs): 286.699, Wasserstein(log_eigs,log_real_eigs): 0.363
torch.Size([64, 1600])
Epoch [118/1000], Wasserstein(eigs,real_eigs): 635.786, Wasserstein(log_eigs,log_real_eigs): 0.324
torch.Size([64, 1600])
Epoch [119/1000], Wasserstein(eigs,real_eigs): 21.806, Wasserstein(log_eigs,log_real_eigs): 0.770
torch.Size([64, 1600])
Epoch [120/1000], Wasserstein(eigs,real_eigs): 1737.601, Wasserstein(log_eigs,log_real_eigs): 0.588
torch.Size([64, 1600])
Epoch [121/1000], Wasserstein(eigs,real_eigs): 2838.817, Wasserstein(log_eigs,log_real_eigs): 0.793
torch.Size([64, 1600])
Epoch [122/1000], Wasserstein(eigs,real_eigs): 2366.761, Wasserstein(log_eigs,log_real_eigs): 0.864
torch.Size([64, 1600])
Epoch [123/1000], Wasserstein(eigs,real_eigs): 1905.959, Wasserstein(log_eigs,log_real_eigs): 0.656
torch.Size([64, 1600])
Epoch [124/1000], Wasserstein(eigs,real_eigs): 1463.088, Wasserstein(log_eigs,log_real_eigs): 0.631
torch.Size([64, 1600])
Epoch [125/1000], Wasserstein(eigs,real_eigs): 907.223, Wasserstein(log_eigs,log_real_eigs): 0.547
torch.Size([64, 1600])
Epoch [126/1000], Wasserstein(eigs,real_eigs): 501.481, Wasserstein(log_eigs,log_real_eigs): 0.674
torch.Size([64, 1600])
Epoch [127/1000], Wasserstein(eigs,real_eigs): 1248.966, Wasserstein(log_eigs,log_real_eigs): 0.834
torch.Size([64, 1600])
Epoch [128/1000], Wasserstein(eigs,real_eigs): 554.923, Wasserstein(log_eigs,log_real_eigs): 0.525
torch.Size([64, 1600])
Epoch [129/1000], Wasserstein(eigs,real_eigs): 995.197, Wasserstein(log_eigs,log_real_eigs): 0.745
torch.Size([64, 1600])
Epoch [130/1000], Wasserstein(eigs,real_eigs): 463.298, Wasserstein(log_eigs,log_real_eigs): 0.714
torch.Size([64, 1600])
Epoch [131/1000], Wasserstein(eigs,real_eigs): 462.076, Wasserstein(log_eigs,log_real_eigs): 0.655
torch.Size([64, 1600])
Epoch [132/1000], Wasserstein(eigs,real_eigs): 590.365, Wasserstein(log_eigs,log_real_eigs): 0.586
torch.Size([64, 1600])
Epoch [133/1000], Wasserstein(eigs,real_eigs): 922.979, Wasserstein(log_eigs,log_real_eigs): 0.724
torch.Size([64, 1600])
Epoch [134/1000], Wasserstein(eigs,real_eigs): 2585.566, Wasserstein(log_eigs,log_real_eigs): 0.483
torch.Size([64, 1600])
Epoch [135/1000], Wasserstein(eigs,real_eigs): 2035.947, Wasserstein(log_eigs,log_real_eigs): 0.428
torch.Size([64, 1600])
Epoch [136/1000], Wasserstein(eigs,real_eigs): 282.753, Wasserstein(log_eigs,log_real_eigs): 0.553
torch.Size([64, 1600])
Epoch [137/1000], Wasserstein(eigs,real_eigs): 1131.849, Wasserstein(log_eigs,log_real_eigs): 0.428
torch.Size([64, 1600])
Epoch [138/1000], Wasserstein(eigs,real_eigs): 1787.434, Wasserstein(log_eigs,log_real_eigs): 0.341
torch.Size([64, 1600])
Epoch [139/1000], Wasserstein(eigs,real_eigs): 1438.690, Wasserstein(log_eigs,log_real_eigs): 0.366
torch.Size([64, 1600])
Epoch [140/1000], Wasserstein(eigs,real_eigs): 2424.450, Wasserstein(log_eigs,log_real_eigs): 0.420
torch.Size([64, 1600])
Epoch [141/1000], Wasserstein(eigs,real_eigs): 1307.858, Wasserstein(log_eigs,log_real_eigs): 0.548
torch.Size([64, 1600])
Epoch [142/1000], Wasserstein(eigs,real_eigs): 1367.175, Wasserstein(log_eigs,log_real_eigs): 0.340
torch.Size([64, 1600])
Epoch [143/1000], Wasserstein(eigs,real_eigs): 910.456, Wasserstein(log_eigs,log_real_eigs): 0.326
torch.Size([64, 1600])
Epoch [144/1000], Wasserstein(eigs,real_eigs): 151.298, Wasserstein(log_eigs,log_real_eigs): 0.443
torch.Size([64, 1600])
Epoch [145/1000], Wasserstein(eigs,real_eigs): 424.139, Wasserstein(log_eigs,log_real_eigs): 0.638
torch.Size([64, 1600])
Epoch [146/1000], Wasserstein(eigs,real_eigs): 401.434, Wasserstein(log_eigs,log_real_eigs): 0.630
torch.Size([64, 1600])
Epoch [147/1000], Wasserstein(eigs,real_eigs): 216.789, Wasserstein(log_eigs,log_real_eigs): 0.422
torch.Size([64, 1600])
Epoch [148/1000], Wasserstein(eigs,real_eigs): 549.228, Wasserstein(log_eigs,log_real_eigs): 0.580
torch.Size([64, 1600])
Epoch [149/1000], Wasserstein(eigs,real_eigs): 2061.730, Wasserstein(log_eigs,log_real_eigs): 1.167
torch.Size([64, 1600])
Epoch [150/1000], Wasserstein(eigs,real_eigs): 1783.039, Wasserstein(log_eigs,log_real_eigs): 0.942
torch.Size([64, 1600])
Epoch [151/1000], Wasserstein(eigs,real_eigs): 1283.396, Wasserstein(log_eigs,log_real_eigs): 0.934
torch.Size([64, 1600])
Epoch [152/1000], Wasserstein(eigs,real_eigs): 1110.692, Wasserstein(log_eigs,log_real_eigs): 0.915
torch.Size([64, 1600])
Epoch [153/1000], Wasserstein(eigs,real_eigs): 1611.731, Wasserstein(log_eigs,log_real_eigs): 0.841
torch.Size([64, 1600])
Epoch [154/1000], Wasserstein(eigs,real_eigs): 323.179, Wasserstein(log_eigs,log_real_eigs): 0.865
torch.Size([64, 1600])
Epoch [155/1000], Wasserstein(eigs,real_eigs): 1020.458, Wasserstein(log_eigs,log_real_eigs): 0.890
torch.Size([64, 1600])
Epoch [156/1000], Wasserstein(eigs,real_eigs): 1177.643, Wasserstein(log_eigs,log_real_eigs): 0.811
torch.Size([64, 1600])
Epoch [157/1000], Wasserstein(eigs,real_eigs): 811.252, Wasserstein(log_eigs,log_real_eigs): 0.972
torch.Size([64, 1600])
Epoch [158/1000], Wasserstein(eigs,real_eigs): 2117.620, Wasserstein(log_eigs,log_real_eigs): 1.018
torch.Size([64, 1600])
Epoch [159/1000], Wasserstein(eigs,real_eigs): 2406.139, Wasserstein(log_eigs,log_real_eigs): 1.135
torch.Size([64, 1600])
Epoch [160/1000], Wasserstein(eigs,real_eigs): 1404.211, Wasserstein(log_eigs,log_real_eigs): 0.993
torch.Size([64, 1600])
Epoch [161/1000], Wasserstein(eigs,real_eigs): 809.514, Wasserstein(log_eigs,log_real_eigs): 0.946
torch.Size([64, 1600])
Epoch [162/1000], Wasserstein(eigs,real_eigs): 1357.661, Wasserstein(log_eigs,log_real_eigs): 0.704
torch.Size([64, 1600])
Epoch [163/1000], Wasserstein(eigs,real_eigs): 673.679, Wasserstein(log_eigs,log_real_eigs): 0.802
torch.Size([64, 1600])
Epoch [164/1000], Wasserstein(eigs,real_eigs): 1057.523, Wasserstein(log_eigs,log_real_eigs): 1.015
torch.Size([64, 1600])
Epoch [165/1000], Wasserstein(eigs,real_eigs): 220.115, Wasserstein(log_eigs,log_real_eigs): 0.734
torch.Size([64, 1600])
Epoch [166/1000], Wasserstein(eigs,real_eigs): 137.576, Wasserstein(log_eigs,log_real_eigs): 0.761
torch.Size([64, 1600])
Epoch [167/1000], Wasserstein(eigs,real_eigs): 3263.327, Wasserstein(log_eigs,log_real_eigs): 0.870
torch.Size([64, 1600])
Epoch [168/1000], Wasserstein(eigs,real_eigs): 3312.842, Wasserstein(log_eigs,log_real_eigs): 0.886
torch.Size([64, 1600])
Epoch [169/1000], Wasserstein(eigs,real_eigs): 3840.139, Wasserstein(log_eigs,log_real_eigs): 1.049
torch.Size([64, 1600])
Epoch [170/1000], Wasserstein(eigs,real_eigs): 2514.972, Wasserstein(log_eigs,log_real_eigs): 0.508
torch.Size([64, 1600])
Epoch [171/1000], Wasserstein(eigs,real_eigs): 2718.130, Wasserstein(log_eigs,log_real_eigs): 0.684
torch.Size([64, 1600])
Epoch [172/1000], Wasserstein(eigs,real_eigs): 3631.255, Wasserstein(log_eigs,log_real_eigs): 0.817
torch.Size([64, 1600])
Epoch [173/1000], Wasserstein(eigs,real_eigs): 2261.500, Wasserstein(log_eigs,log_real_eigs): 0.839
torch.Size([64, 1600])
Epoch [174/1000], Wasserstein(eigs,real_eigs): 1470.389, Wasserstein(log_eigs,log_real_eigs): 1.025
torch.Size([64, 1600])
Epoch [175/1000], Wasserstein(eigs,real_eigs): 3044.203, Wasserstein(log_eigs,log_real_eigs): 0.981
torch.Size([64, 1600])
Epoch [176/1000], Wasserstein(eigs,real_eigs): 1100.651, Wasserstein(log_eigs,log_real_eigs): 0.912
torch.Size([64, 1600])
Epoch [177/1000], Wasserstein(eigs,real_eigs): 377.585, Wasserstein(log_eigs,log_real_eigs): 0.773
torch.Size([64, 1600])
Epoch [178/1000], Wasserstein(eigs,real_eigs): 45.152, Wasserstein(log_eigs,log_real_eigs): 0.331
torch.Size([64, 1600])
Epoch [179/1000], Wasserstein(eigs,real_eigs): 77.740, Wasserstein(log_eigs,log_real_eigs): 0.568
torch.Size([64, 1600])
Epoch [180/1000], Wasserstein(eigs,real_eigs): 101.825, Wasserstein(log_eigs,log_real_eigs): 0.494
torch.Size([64, 1600])
Epoch [181/1000], Wasserstein(eigs,real_eigs): 1318.020, Wasserstein(log_eigs,log_real_eigs): 0.658
torch.Size([64, 1600])
Epoch [182/1000], Wasserstein(eigs,real_eigs): 2129.122, Wasserstein(log_eigs,log_real_eigs): 0.809
torch.Size([64, 1600])
Epoch [183/1000], Wasserstein(eigs,real_eigs): 1229.972, Wasserstein(log_eigs,log_real_eigs): 1.011
torch.Size([64, 1600])
Epoch [184/1000], Wasserstein(eigs,real_eigs): 263.081, Wasserstein(log_eigs,log_real_eigs): 0.745
torch.Size([64, 1600])
Epoch [185/1000], Wasserstein(eigs,real_eigs): 1975.089, Wasserstein(log_eigs,log_real_eigs): 0.458
torch.Size([64, 1600])
Epoch [186/1000], Wasserstein(eigs,real_eigs): 1396.419, Wasserstein(log_eigs,log_real_eigs): 0.549
torch.Size([64, 1600])
Epoch [187/1000], Wasserstein(eigs,real_eigs): 319.552, Wasserstein(log_eigs,log_real_eigs): 0.478
torch.Size([64, 1600])
Epoch [188/1000], Wasserstein(eigs,real_eigs): 1379.991, Wasserstein(log_eigs,log_real_eigs): 0.921
torch.Size([64, 1600])
Epoch [189/1000], Wasserstein(eigs,real_eigs): 334.837, Wasserstein(log_eigs,log_real_eigs): 0.674
torch.Size([64, 1600])
Epoch [190/1000], Wasserstein(eigs,real_eigs): 950.350, Wasserstein(log_eigs,log_real_eigs): 0.978
torch.Size([64, 1600])
Epoch [191/1000], Wasserstein(eigs,real_eigs): 357.694, Wasserstein(log_eigs,log_real_eigs): 0.860
torch.Size([64, 1600])
Epoch [192/1000], Wasserstein(eigs,real_eigs): 1270.664, Wasserstein(log_eigs,log_real_eigs): 1.089
torch.Size([64, 1600])
Epoch [193/1000], Wasserstein(eigs,real_eigs): 1091.484, Wasserstein(log_eigs,log_real_eigs): 0.828
torch.Size([64, 1600])
Epoch [194/1000], Wasserstein(eigs,real_eigs): 494.816, Wasserstein(log_eigs,log_real_eigs): 0.803
torch.Size([64, 1600])
Epoch [195/1000], Wasserstein(eigs,real_eigs): 530.485, Wasserstein(log_eigs,log_real_eigs): 0.954
torch.Size([64, 1600])
Epoch [196/1000], Wasserstein(eigs,real_eigs): 1531.188, Wasserstein(log_eigs,log_real_eigs): 0.717
torch.Size([64, 1600])
Epoch [197/1000], Wasserstein(eigs,real_eigs): 50.450, Wasserstein(log_eigs,log_real_eigs): 0.846
torch.Size([64, 1600])
Epoch [198/1000], Wasserstein(eigs,real_eigs): 399.400, Wasserstein(log_eigs,log_real_eigs): 0.760
torch.Size([64, 1600])
Epoch [199/1000], Wasserstein(eigs,real_eigs): 113.085, Wasserstein(log_eigs,log_real_eigs): 0.784
torch.Size([64, 1600])
Epoch [200/1000], Wasserstein(eigs,real_eigs): 1444.486, Wasserstein(log_eigs,log_real_eigs): 0.955
torch.Size([64, 1600])
Epoch [201/1000], Wasserstein(eigs,real_eigs): 60.265, Wasserstein(log_eigs,log_real_eigs): 0.802
torch.Size([64, 1600])
Epoch [202/1000], Wasserstein(eigs,real_eigs): 542.261, Wasserstein(log_eigs,log_real_eigs): 0.866
torch.Size([64, 1600])
Epoch [203/1000], Wasserstein(eigs,real_eigs): 4712.828, Wasserstein(log_eigs,log_real_eigs): 0.593
torch.Size([64, 1600])
Epoch [204/1000], Wasserstein(eigs,real_eigs): 1944.051, Wasserstein(log_eigs,log_real_eigs): 0.609
torch.Size([64, 1600])
Epoch [205/1000], Wasserstein(eigs,real_eigs): 649.419, Wasserstein(log_eigs,log_real_eigs): 0.525
torch.Size([64, 1600])
Epoch [206/1000], Wasserstein(eigs,real_eigs): 4809.592, Wasserstein(log_eigs,log_real_eigs): 1.087
torch.Size([64, 1600])
Epoch [207/1000], Wasserstein(eigs,real_eigs): 3218.228, Wasserstein(log_eigs,log_real_eigs): 0.731
torch.Size([64, 1600])
Epoch [208/1000], Wasserstein(eigs,real_eigs): 3134.288, Wasserstein(log_eigs,log_real_eigs): 0.844
torch.Size([64, 1600])
Epoch [209/1000], Wasserstein(eigs,real_eigs): 3888.148, Wasserstein(log_eigs,log_real_eigs): 1.000
torch.Size([64, 1600])
Epoch [210/1000], Wasserstein(eigs,real_eigs): 3625.541, Wasserstein(log_eigs,log_real_eigs): 1.045
torch.Size([64, 1600])
Epoch [211/1000], Wasserstein(eigs,real_eigs): 2196.217, Wasserstein(log_eigs,log_real_eigs): 0.911
torch.Size([64, 1600])
Epoch [212/1000], Wasserstein(eigs,real_eigs): 459.270, Wasserstein(log_eigs,log_real_eigs): 0.826
torch.Size([64, 1600])
Epoch [213/1000], Wasserstein(eigs,real_eigs): 2724.460, Wasserstein(log_eigs,log_real_eigs): 0.942
torch.Size([64, 1600])
Epoch [214/1000], Wasserstein(eigs,real_eigs): 1181.635, Wasserstein(log_eigs,log_real_eigs): 0.853
torch.Size([64, 1600])
Epoch [215/1000], Wasserstein(eigs,real_eigs): 1958.344, Wasserstein(log_eigs,log_real_eigs): 1.263
torch.Size([64, 1600])
Epoch [216/1000], Wasserstein(eigs,real_eigs): 1410.904, Wasserstein(log_eigs,log_real_eigs): 0.876
torch.Size([64, 1600])
Epoch [217/1000], Wasserstein(eigs,real_eigs): 1969.272, Wasserstein(log_eigs,log_real_eigs): 1.152
torch.Size([64, 1600])
Epoch [218/1000], Wasserstein(eigs,real_eigs): 1540.260, Wasserstein(log_eigs,log_real_eigs): 1.243
torch.Size([64, 1600])
Epoch [219/1000], Wasserstein(eigs,real_eigs): 45.600, Wasserstein(log_eigs,log_real_eigs): 0.770
torch.Size([64, 1600])
Epoch [220/1000], Wasserstein(eigs,real_eigs): 2041.930, Wasserstein(log_eigs,log_real_eigs): 0.845
torch.Size([64, 1600])
Epoch [221/1000], Wasserstein(eigs,real_eigs): 593.640, Wasserstein(log_eigs,log_real_eigs): 0.889
torch.Size([64, 1600])
Epoch [222/1000], Wasserstein(eigs,real_eigs): 2315.463, Wasserstein(log_eigs,log_real_eigs): 1.042
torch.Size([64, 1600])
Epoch [223/1000], Wasserstein(eigs,real_eigs): 1427.858, Wasserstein(log_eigs,log_real_eigs): 0.867
torch.Size([64, 1600])
Epoch [224/1000], Wasserstein(eigs,real_eigs): 2840.989, Wasserstein(log_eigs,log_real_eigs): 0.942
torch.Size([64, 1600])
Epoch [225/1000], Wasserstein(eigs,real_eigs): 2320.007, Wasserstein(log_eigs,log_real_eigs): 0.743
torch.Size([64, 1600])
Epoch [226/1000], Wasserstein(eigs,real_eigs): 2486.213, Wasserstein(log_eigs,log_real_eigs): 1.020
torch.Size([64, 1600])
Epoch [227/1000], Wasserstein(eigs,real_eigs): 3981.493, Wasserstein(log_eigs,log_real_eigs): 0.930
torch.Size([64, 1600])
Epoch [228/1000], Wasserstein(eigs,real_eigs): 1477.758, Wasserstein(log_eigs,log_real_eigs): 1.005
torch.Size([64, 1600])
Epoch [229/1000], Wasserstein(eigs,real_eigs): 4966.267, Wasserstein(log_eigs,log_real_eigs): 1.051
torch.Size([64, 1600])
Epoch [230/1000], Wasserstein(eigs,real_eigs): 712.834, Wasserstein(log_eigs,log_real_eigs): 0.925
torch.Size([64, 1600])
Epoch [231/1000], Wasserstein(eigs,real_eigs): 2273.928, Wasserstein(log_eigs,log_real_eigs): 1.107
torch.Size([64, 1600])
Epoch [232/1000], Wasserstein(eigs,real_eigs): 755.243, Wasserstein(log_eigs,log_real_eigs): 0.994
torch.Size([64, 1600])
Epoch [233/1000], Wasserstein(eigs,real_eigs): 1475.452, Wasserstein(log_eigs,log_real_eigs): 0.844
torch.Size([64, 1600])
Epoch [234/1000], Wasserstein(eigs,real_eigs): 5196.177, Wasserstein(log_eigs,log_real_eigs): 1.104
torch.Size([64, 1600])
Epoch [235/1000], Wasserstein(eigs,real_eigs): 1444.106, Wasserstein(log_eigs,log_real_eigs): 0.888
torch.Size([64, 1600])
Epoch [236/1000], Wasserstein(eigs,real_eigs): 1652.801, Wasserstein(log_eigs,log_real_eigs): 0.837
torch.Size([64, 1600])
Epoch [237/1000], Wasserstein(eigs,real_eigs): 1054.522, Wasserstein(log_eigs,log_real_eigs): 1.234
torch.Size([64, 1600])
Epoch [238/1000], Wasserstein(eigs,real_eigs): 1222.067, Wasserstein(log_eigs,log_real_eigs): 1.073
torch.Size([64, 1600])
Epoch [239/1000], Wasserstein(eigs,real_eigs): 1615.600, Wasserstein(log_eigs,log_real_eigs): 1.190
torch.Size([64, 1600])
Epoch [240/1000], Wasserstein(eigs,real_eigs): 475.547, Wasserstein(log_eigs,log_real_eigs): 1.117
torch.Size([64, 1600])
Epoch [241/1000], Wasserstein(eigs,real_eigs): 806.023, Wasserstein(log_eigs,log_real_eigs): 1.003
torch.Size([64, 1600])
Epoch [242/1000], Wasserstein(eigs,real_eigs): 725.432, Wasserstein(log_eigs,log_real_eigs): 0.872
torch.Size([64, 1600])
Epoch [243/1000], Wasserstein(eigs,real_eigs): 3869.015, Wasserstein(log_eigs,log_real_eigs): 1.071
torch.Size([64, 1600])
Epoch [244/1000], Wasserstein(eigs,real_eigs): 1851.478, Wasserstein(log_eigs,log_real_eigs): 0.756
torch.Size([64, 1600])
Epoch [245/1000], Wasserstein(eigs,real_eigs): 2125.621, Wasserstein(log_eigs,log_real_eigs): 1.165
torch.Size([64, 1600])
Epoch [246/1000], Wasserstein(eigs,real_eigs): 982.115, Wasserstein(log_eigs,log_real_eigs): 0.873
torch.Size([64, 1600])
Epoch [247/1000], Wasserstein(eigs,real_eigs): 2251.680, Wasserstein(log_eigs,log_real_eigs): 0.789
torch.Size([64, 1600])
Epoch [248/1000], Wasserstein(eigs,real_eigs): 3650.426, Wasserstein(log_eigs,log_real_eigs): 0.744
torch.Size([64, 1600])
Epoch [249/1000], Wasserstein(eigs,real_eigs): 1957.515, Wasserstein(log_eigs,log_real_eigs): 0.688
torch.Size([64, 1600])
Epoch [250/1000], Wasserstein(eigs,real_eigs): 463.510, Wasserstein(log_eigs,log_real_eigs): 0.590
torch.Size([64, 1600])
Epoch [251/1000], Wasserstein(eigs,real_eigs): 1097.588, Wasserstein(log_eigs,log_real_eigs): 0.519
torch.Size([64, 1600])
Epoch [252/1000], Wasserstein(eigs,real_eigs): 2788.944, Wasserstein(log_eigs,log_real_eigs): 0.927
torch.Size([64, 1600])
Epoch [253/1000], Wasserstein(eigs,real_eigs): 2088.420, Wasserstein(log_eigs,log_real_eigs): 0.739
torch.Size([64, 1600])
Epoch [254/1000], Wasserstein(eigs,real_eigs): 801.145, Wasserstein(log_eigs,log_real_eigs): 0.850
torch.Size([64, 1600])
Epoch [255/1000], Wasserstein(eigs,real_eigs): 5451.901, Wasserstein(log_eigs,log_real_eigs): 0.905
torch.Size([64, 1600])
Epoch [256/1000], Wasserstein(eigs,real_eigs): 3720.522, Wasserstein(log_eigs,log_real_eigs): 1.183
torch.Size([64, 1600])
Epoch [257/1000], Wasserstein(eigs,real_eigs): 433.358, Wasserstein(log_eigs,log_real_eigs): 0.900
torch.Size([64, 1600])
Epoch [258/1000], Wasserstein(eigs,real_eigs): 2793.270, Wasserstein(log_eigs,log_real_eigs): 0.903
torch.Size([64, 1600])
Epoch [259/1000], Wasserstein(eigs,real_eigs): 4381.641, Wasserstein(log_eigs,log_real_eigs): 1.162
torch.Size([64, 1600])
Epoch [260/1000], Wasserstein(eigs,real_eigs): 3772.901, Wasserstein(log_eigs,log_real_eigs): 0.981
torch.Size([64, 1600])
Epoch [261/1000], Wasserstein(eigs,real_eigs): 175.108, Wasserstein(log_eigs,log_real_eigs): 0.999
torch.Size([64, 1600])
Epoch [262/1000], Wasserstein(eigs,real_eigs): 574.476, Wasserstein(log_eigs,log_real_eigs): 0.943
torch.Size([64, 1600])
Epoch [263/1000], Wasserstein(eigs,real_eigs): 366.537, Wasserstein(log_eigs,log_real_eigs): 1.054
torch.Size([64, 1600])
Epoch [264/1000], Wasserstein(eigs,real_eigs): 110.632, Wasserstein(log_eigs,log_real_eigs): 0.955
torch.Size([64, 1600])
Epoch [265/1000], Wasserstein(eigs,real_eigs): 5137.455, Wasserstein(log_eigs,log_real_eigs): 0.665
torch.Size([64, 1600])
Epoch [266/1000], Wasserstein(eigs,real_eigs): 1269.196, Wasserstein(log_eigs,log_real_eigs): 0.493
torch.Size([64, 1600])
Epoch [267/1000], Wasserstein(eigs,real_eigs): 3662.182, Wasserstein(log_eigs,log_real_eigs): 0.770
torch.Size([64, 1600])
Epoch [268/1000], Wasserstein(eigs,real_eigs): 7053.454, Wasserstein(log_eigs,log_real_eigs): 0.798
torch.Size([64, 1600])
Epoch [269/1000], Wasserstein(eigs,real_eigs): 7147.752, Wasserstein(log_eigs,log_real_eigs): 0.629
torch.Size([64, 1600])
Epoch [270/1000], Wasserstein(eigs,real_eigs): 5075.345, Wasserstein(log_eigs,log_real_eigs): 0.774
torch.Size([64, 1600])
Epoch [271/1000], Wasserstein(eigs,real_eigs): 1896.417, Wasserstein(log_eigs,log_real_eigs): 0.452
torch.Size([64, 1600])
Epoch [272/1000], Wasserstein(eigs,real_eigs): 1603.088, Wasserstein(log_eigs,log_real_eigs): 0.678
torch.Size([64, 1600])
Epoch [273/1000], Wasserstein(eigs,real_eigs): 2175.789, Wasserstein(log_eigs,log_real_eigs): 0.467
torch.Size([64, 1600])
Epoch [274/1000], Wasserstein(eigs,real_eigs): 2452.953, Wasserstein(log_eigs,log_real_eigs): 0.836
torch.Size([64, 1600])
Epoch [275/1000], Wasserstein(eigs,real_eigs): 4625.051, Wasserstein(log_eigs,log_real_eigs): 0.976
torch.Size([64, 1600])
Epoch [276/1000], Wasserstein(eigs,real_eigs): 4042.179, Wasserstein(log_eigs,log_real_eigs): 0.701
torch.Size([64, 1600])
Epoch [277/1000], Wasserstein(eigs,real_eigs): 1850.440, Wasserstein(log_eigs,log_real_eigs): 0.490
torch.Size([64, 1600])
Epoch [278/1000], Wasserstein(eigs,real_eigs): 714.806, Wasserstein(log_eigs,log_real_eigs): 0.819
torch.Size([64, 1600])
Epoch [279/1000], Wasserstein(eigs,real_eigs): 366.176, Wasserstein(log_eigs,log_real_eigs): 0.859
torch.Size([64, 1600])
Epoch [280/1000], Wasserstein(eigs,real_eigs): 4591.323, Wasserstein(log_eigs,log_real_eigs): 0.877
torch.Size([64, 1600])
Epoch [281/1000], Wasserstein(eigs,real_eigs): 668.505, Wasserstein(log_eigs,log_real_eigs): 0.821
torch.Size([64, 1600])
Epoch [282/1000], Wasserstein(eigs,real_eigs): 4421.206, Wasserstein(log_eigs,log_real_eigs): 1.017
torch.Size([64, 1600])
Epoch [283/1000], Wasserstein(eigs,real_eigs): 2839.552, Wasserstein(log_eigs,log_real_eigs): 0.756
torch.Size([64, 1600])
Epoch [284/1000], Wasserstein(eigs,real_eigs): 7040.737, Wasserstein(log_eigs,log_real_eigs): 1.064
torch.Size([64, 1600])
Epoch [285/1000], Wasserstein(eigs,real_eigs): 3583.501, Wasserstein(log_eigs,log_real_eigs): 0.851
torch.Size([64, 1600])
Epoch [286/1000], Wasserstein(eigs,real_eigs): 10367.366, Wasserstein(log_eigs,log_real_eigs): 1.296
torch.Size([64, 1600])
Epoch [287/1000], Wasserstein(eigs,real_eigs): 4732.551, Wasserstein(log_eigs,log_real_eigs): 1.025
torch.Size([64, 1600])
Epoch [288/1000], Wasserstein(eigs,real_eigs): 3058.194, Wasserstein(log_eigs,log_real_eigs): 0.888
torch.Size([64, 1600])
Epoch [289/1000], Wasserstein(eigs,real_eigs): 1772.953, Wasserstein(log_eigs,log_real_eigs): 0.962
torch.Size([64, 1600])
Epoch [290/1000], Wasserstein(eigs,real_eigs): 8760.292, Wasserstein(log_eigs,log_real_eigs): 1.043
torch.Size([64, 1600])
Epoch [291/1000], Wasserstein(eigs,real_eigs): 666.390, Wasserstein(log_eigs,log_real_eigs): 0.951
torch.Size([64, 1600])
Epoch [292/1000], Wasserstein(eigs,real_eigs): 400.209, Wasserstein(log_eigs,log_real_eigs): 1.009
torch.Size([64, 1600])
Epoch [293/1000], Wasserstein(eigs,real_eigs): 1130.691, Wasserstein(log_eigs,log_real_eigs): 1.104
torch.Size([64, 1600])
Epoch [294/1000], Wasserstein(eigs,real_eigs): 958.795, Wasserstein(log_eigs,log_real_eigs): 0.779
torch.Size([64, 1600])
Epoch [295/1000], Wasserstein(eigs,real_eigs): 3792.213, Wasserstein(log_eigs,log_real_eigs): 1.113
torch.Size([64, 1600])
Epoch [296/1000], Wasserstein(eigs,real_eigs): 1513.325, Wasserstein(log_eigs,log_real_eigs): 0.881
torch.Size([64, 1600])
Epoch [297/1000], Wasserstein(eigs,real_eigs): 592.585, Wasserstein(log_eigs,log_real_eigs): 1.026
torch.Size([64, 1600])
Epoch [298/1000], Wasserstein(eigs,real_eigs): 734.430, Wasserstein(log_eigs,log_real_eigs): 1.028
torch.Size([64, 1600])
Epoch [299/1000], Wasserstein(eigs,real_eigs): 5111.030, Wasserstein(log_eigs,log_real_eigs): 0.878
torch.Size([64, 1600])
Epoch [300/1000], Wasserstein(eigs,real_eigs): 2379.553, Wasserstein(log_eigs,log_real_eigs): 0.773
torch.Size([64, 1600])
Epoch [301/1000], Wasserstein(eigs,real_eigs): 2763.594, Wasserstein(log_eigs,log_real_eigs): 0.949
torch.Size([64, 1600])
Epoch [302/1000], Wasserstein(eigs,real_eigs): 920.161, Wasserstein(log_eigs,log_real_eigs): 0.864
torch.Size([64, 1600])
Epoch [303/1000], Wasserstein(eigs,real_eigs): 2670.765, Wasserstein(log_eigs,log_real_eigs): 1.277
torch.Size([64, 1600])
Epoch [304/1000], Wasserstein(eigs,real_eigs): 2000.647, Wasserstein(log_eigs,log_real_eigs): 0.999
torch.Size([64, 1600])
Epoch [305/1000], Wasserstein(eigs,real_eigs): 4434.269, Wasserstein(log_eigs,log_real_eigs): 1.157
torch.Size([64, 1600])
Epoch [306/1000], Wasserstein(eigs,real_eigs): 5742.243, Wasserstein(log_eigs,log_real_eigs): 1.055
torch.Size([64, 1600])
Epoch [307/1000], Wasserstein(eigs,real_eigs): 3939.526, Wasserstein(log_eigs,log_real_eigs): 0.867
torch.Size([64, 1600])
Epoch [308/1000], Wasserstein(eigs,real_eigs): 9627.438, Wasserstein(log_eigs,log_real_eigs): 1.231
torch.Size([64, 1600])
Epoch [309/1000], Wasserstein(eigs,real_eigs): 2264.647, Wasserstein(log_eigs,log_real_eigs): 1.019
torch.Size([64, 1600])
Epoch [310/1000], Wasserstein(eigs,real_eigs): 1247.543, Wasserstein(log_eigs,log_real_eigs): 0.933
torch.Size([64, 1600])
Epoch [311/1000], Wasserstein(eigs,real_eigs): 4878.786, Wasserstein(log_eigs,log_real_eigs): 1.050
torch.Size([64, 1600])
Epoch [312/1000], Wasserstein(eigs,real_eigs): 2467.968, Wasserstein(log_eigs,log_real_eigs): 1.052
torch.Size([64, 1600])
Epoch [313/1000], Wasserstein(eigs,real_eigs): 3221.019, Wasserstein(log_eigs,log_real_eigs): 0.418
torch.Size([64, 1600])
Epoch [314/1000], Wasserstein(eigs,real_eigs): 4251.052, Wasserstein(log_eigs,log_real_eigs): 0.376
torch.Size([64, 1600])
Epoch [315/1000], Wasserstein(eigs,real_eigs): 2462.006, Wasserstein(log_eigs,log_real_eigs): 0.483
torch.Size([64, 1600])
Epoch [316/1000], Wasserstein(eigs,real_eigs): 6478.629, Wasserstein(log_eigs,log_real_eigs): 0.491
torch.Size([64, 1600])
Epoch [317/1000], Wasserstein(eigs,real_eigs): 3920.077, Wasserstein(log_eigs,log_real_eigs): 0.558
torch.Size([64, 1600])
Epoch [318/1000], Wasserstein(eigs,real_eigs): 2412.756, Wasserstein(log_eigs,log_real_eigs): 0.549
torch.Size([64, 1600])
Epoch [319/1000], Wasserstein(eigs,real_eigs): 6018.899, Wasserstein(log_eigs,log_real_eigs): 0.974
torch.Size([64, 1600])
Epoch [320/1000], Wasserstein(eigs,real_eigs): 3963.608, Wasserstein(log_eigs,log_real_eigs): 1.150
torch.Size([64, 1600])
Epoch [321/1000], Wasserstein(eigs,real_eigs): 4030.513, Wasserstein(log_eigs,log_real_eigs): 1.104
torch.Size([64, 1600])
Epoch [322/1000], Wasserstein(eigs,real_eigs): 3978.004, Wasserstein(log_eigs,log_real_eigs): 0.793
torch.Size([64, 1600])
Epoch [323/1000], Wasserstein(eigs,real_eigs): 4163.290, Wasserstein(log_eigs,log_real_eigs): 0.780
torch.Size([64, 1600])
Epoch [324/1000], Wasserstein(eigs,real_eigs): 3520.457, Wasserstein(log_eigs,log_real_eigs): 1.124
torch.Size([64, 1600])
Epoch [325/1000], Wasserstein(eigs,real_eigs): 2282.184, Wasserstein(log_eigs,log_real_eigs): 0.812
torch.Size([64, 1600])
Epoch [326/1000], Wasserstein(eigs,real_eigs): 4611.488, Wasserstein(log_eigs,log_real_eigs): 0.616
torch.Size([64, 1600])
Epoch [327/1000], Wasserstein(eigs,real_eigs): 3690.557, Wasserstein(log_eigs,log_real_eigs): 0.734
torch.Size([64, 1600])
Epoch [328/1000], Wasserstein(eigs,real_eigs): 5561.088, Wasserstein(log_eigs,log_real_eigs): 0.942
torch.Size([64, 1600])
Epoch [329/1000], Wasserstein(eigs,real_eigs): 9011.939, Wasserstein(log_eigs,log_real_eigs): 1.163
torch.Size([64, 1600])
Epoch [330/1000], Wasserstein(eigs,real_eigs): 2266.800, Wasserstein(log_eigs,log_real_eigs): 0.720
torch.Size([64, 1600])
Epoch [331/1000], Wasserstein(eigs,real_eigs): 753.849, Wasserstein(log_eigs,log_real_eigs): 0.871
torch.Size([64, 1600])
Epoch [332/1000], Wasserstein(eigs,real_eigs): 7076.118, Wasserstein(log_eigs,log_real_eigs): 0.794
torch.Size([64, 1600])
Epoch [333/1000], Wasserstein(eigs,real_eigs): 1286.981, Wasserstein(log_eigs,log_real_eigs): 0.817
torch.Size([64, 1600])
Epoch [334/1000], Wasserstein(eigs,real_eigs): 2453.669, Wasserstein(log_eigs,log_real_eigs): 0.973
torch.Size([64, 1600])
Epoch [335/1000], Wasserstein(eigs,real_eigs): 2451.056, Wasserstein(log_eigs,log_real_eigs): 0.892
torch.Size([64, 1600])
Epoch [336/1000], Wasserstein(eigs,real_eigs): 142.966, Wasserstein(log_eigs,log_real_eigs): 0.938
torch.Size([64, 1600])
Epoch [337/1000], Wasserstein(eigs,real_eigs): 194.920, Wasserstein(log_eigs,log_real_eigs): 0.839
torch.Size([64, 1600])
Epoch [338/1000], Wasserstein(eigs,real_eigs): 935.969, Wasserstein(log_eigs,log_real_eigs): 0.927
torch.Size([64, 1600])
Epoch [339/1000], Wasserstein(eigs,real_eigs): 1644.386, Wasserstein(log_eigs,log_real_eigs): 0.762
torch.Size([64, 1600])
Epoch [340/1000], Wasserstein(eigs,real_eigs): 3192.136, Wasserstein(log_eigs,log_real_eigs): 1.011
torch.Size([64, 1600])
Epoch [341/1000], Wasserstein(eigs,real_eigs): 17852.520, Wasserstein(log_eigs,log_real_eigs): 1.218
torch.Size([64, 1600])
Epoch [342/1000], Wasserstein(eigs,real_eigs): 15155.539, Wasserstein(log_eigs,log_real_eigs): 1.278
torch.Size([64, 1600])
Epoch [343/1000], Wasserstein(eigs,real_eigs): 15500.259, Wasserstein(log_eigs,log_real_eigs): 1.125
torch.Size([64, 1600])
Epoch [344/1000], Wasserstein(eigs,real_eigs): 5506.182, Wasserstein(log_eigs,log_real_eigs): 1.082
torch.Size([64, 1600])
Epoch [345/1000], Wasserstein(eigs,real_eigs): 5877.914, Wasserstein(log_eigs,log_real_eigs): 1.160
torch.Size([64, 1600])
Epoch [346/1000], Wasserstein(eigs,real_eigs): 8630.022, Wasserstein(log_eigs,log_real_eigs): 1.228
torch.Size([64, 1600])
Epoch [347/1000], Wasserstein(eigs,real_eigs): 5223.782, Wasserstein(log_eigs,log_real_eigs): 1.200
torch.Size([64, 1600])
Epoch [348/1000], Wasserstein(eigs,real_eigs): 4073.191, Wasserstein(log_eigs,log_real_eigs): 1.380
torch.Size([64, 1600])
Epoch [349/1000], Wasserstein(eigs,real_eigs): 6445.652, Wasserstein(log_eigs,log_real_eigs): 1.264
torch.Size([64, 1600])
Epoch [350/1000], Wasserstein(eigs,real_eigs): 3487.258, Wasserstein(log_eigs,log_real_eigs): 0.670
torch.Size([64, 1600])
Epoch [351/1000], Wasserstein(eigs,real_eigs): 2387.547, Wasserstein(log_eigs,log_real_eigs): 0.782
torch.Size([64, 1600])
Epoch [352/1000], Wasserstein(eigs,real_eigs): 394.439, Wasserstein(log_eigs,log_real_eigs): 0.792
torch.Size([64, 1600])
Epoch [353/1000], Wasserstein(eigs,real_eigs): 2784.178, Wasserstein(log_eigs,log_real_eigs): 1.218
torch.Size([64, 1600])
Epoch [354/1000], Wasserstein(eigs,real_eigs): 2272.757, Wasserstein(log_eigs,log_real_eigs): 0.969
torch.Size([64, 1600])
Epoch [355/1000], Wasserstein(eigs,real_eigs): 5776.181, Wasserstein(log_eigs,log_real_eigs): 1.078
torch.Size([64, 1600])
Epoch [356/1000], Wasserstein(eigs,real_eigs): 2429.711, Wasserstein(log_eigs,log_real_eigs): 0.912
torch.Size([64, 1600])
Epoch [357/1000], Wasserstein(eigs,real_eigs): 6358.865, Wasserstein(log_eigs,log_real_eigs): 1.216
torch.Size([64, 1600])
Epoch [358/1000], Wasserstein(eigs,real_eigs): 1194.942, Wasserstein(log_eigs,log_real_eigs): 0.819
torch.Size([64, 1600])
Epoch [359/1000], Wasserstein(eigs,real_eigs): 4904.466, Wasserstein(log_eigs,log_real_eigs): 0.729
torch.Size([64, 1600])
Epoch [360/1000], Wasserstein(eigs,real_eigs): 9371.122, Wasserstein(log_eigs,log_real_eigs): 0.984
torch.Size([64, 1600])
Epoch [361/1000], Wasserstein(eigs,real_eigs): 7732.117, Wasserstein(log_eigs,log_real_eigs): 1.010
torch.Size([64, 1600])
Epoch [362/1000], Wasserstein(eigs,real_eigs): 6376.906, Wasserstein(log_eigs,log_real_eigs): 0.960
torch.Size([64, 1600])
Epoch [363/1000], Wasserstein(eigs,real_eigs): 8131.099, Wasserstein(log_eigs,log_real_eigs): 1.104
torch.Size([64, 1600])
Epoch [364/1000], Wasserstein(eigs,real_eigs): 10209.302, Wasserstein(log_eigs,log_real_eigs): 1.298
torch.Size([64, 1600])
Epoch [365/1000], Wasserstein(eigs,real_eigs): 6659.900, Wasserstein(log_eigs,log_real_eigs): 1.214
torch.Size([64, 1600])
Epoch [366/1000], Wasserstein(eigs,real_eigs): 251.479, Wasserstein(log_eigs,log_real_eigs): 1.171
torch.Size([64, 1600])
Epoch [367/1000], Wasserstein(eigs,real_eigs): 3991.298, Wasserstein(log_eigs,log_real_eigs): 1.411
torch.Size([64, 1600])
Epoch [368/1000], Wasserstein(eigs,real_eigs): 574.255, Wasserstein(log_eigs,log_real_eigs): 1.047
torch.Size([64, 1600])
Epoch [369/1000], Wasserstein(eigs,real_eigs): 4899.461, Wasserstein(log_eigs,log_real_eigs): 1.154
torch.Size([64, 1600])
Epoch [370/1000], Wasserstein(eigs,real_eigs): 2111.141, Wasserstein(log_eigs,log_real_eigs): 1.185
torch.Size([64, 1600])
Epoch [371/1000], Wasserstein(eigs,real_eigs): 3666.325, Wasserstein(log_eigs,log_real_eigs): 1.187
torch.Size([64, 1600])
Epoch [372/1000], Wasserstein(eigs,real_eigs): 2989.663, Wasserstein(log_eigs,log_real_eigs): 1.057
torch.Size([64, 1600])
Epoch [373/1000], Wasserstein(eigs,real_eigs): 744.674, Wasserstein(log_eigs,log_real_eigs): 1.114
torch.Size([64, 1600])
Epoch [374/1000], Wasserstein(eigs,real_eigs): 1097.654, Wasserstein(log_eigs,log_real_eigs): 0.611
torch.Size([64, 1600])
Epoch [375/1000], Wasserstein(eigs,real_eigs): 11898.141, Wasserstein(log_eigs,log_real_eigs): 1.203
torch.Size([64, 1600])
Epoch [376/1000], Wasserstein(eigs,real_eigs): 4717.248, Wasserstein(log_eigs,log_real_eigs): 1.160
torch.Size([64, 1600])
Epoch [377/1000], Wasserstein(eigs,real_eigs): 4186.221, Wasserstein(log_eigs,log_real_eigs): 1.047
torch.Size([64, 1600])
Epoch [378/1000], Wasserstein(eigs,real_eigs): 1857.050, Wasserstein(log_eigs,log_real_eigs): 0.748
torch.Size([64, 1600])
Epoch [379/1000], Wasserstein(eigs,real_eigs): 898.228, Wasserstein(log_eigs,log_real_eigs): 1.058
torch.Size([64, 1600])
Epoch [380/1000], Wasserstein(eigs,real_eigs): 1424.467, Wasserstein(log_eigs,log_real_eigs): 0.567
torch.Size([64, 1600])
Epoch [381/1000], Wasserstein(eigs,real_eigs): 4881.757, Wasserstein(log_eigs,log_real_eigs): 0.912
torch.Size([64, 1600])
Epoch [382/1000], Wasserstein(eigs,real_eigs): 1342.221, Wasserstein(log_eigs,log_real_eigs): 0.896
torch.Size([64, 1600])
Epoch [383/1000], Wasserstein(eigs,real_eigs): 2010.348, Wasserstein(log_eigs,log_real_eigs): 1.213
torch.Size([64, 1600])
Epoch [384/1000], Wasserstein(eigs,real_eigs): 3295.782, Wasserstein(log_eigs,log_real_eigs): 1.223
torch.Size([64, 1600])
Epoch [385/1000], Wasserstein(eigs,real_eigs): 5639.539, Wasserstein(log_eigs,log_real_eigs): 1.364
torch.Size([64, 1600])
Epoch [386/1000], Wasserstein(eigs,real_eigs): 1887.200, Wasserstein(log_eigs,log_real_eigs): 1.100
torch.Size([64, 1600])
Epoch [387/1000], Wasserstein(eigs,real_eigs): 4225.229, Wasserstein(log_eigs,log_real_eigs): 0.906
torch.Size([64, 1600])
Epoch [388/1000], Wasserstein(eigs,real_eigs): 3649.306, Wasserstein(log_eigs,log_real_eigs): 0.869
torch.Size([64, 1600])
Epoch [389/1000], Wasserstein(eigs,real_eigs): 4128.797, Wasserstein(log_eigs,log_real_eigs): 1.368
torch.Size([64, 1600])
Epoch [390/1000], Wasserstein(eigs,real_eigs): 2507.856, Wasserstein(log_eigs,log_real_eigs): 0.989
torch.Size([64, 1600])
Epoch [391/1000], Wasserstein(eigs,real_eigs): 2899.789, Wasserstein(log_eigs,log_real_eigs): 1.181
torch.Size([64, 1600])
Epoch [392/1000], Wasserstein(eigs,real_eigs): 893.572, Wasserstein(log_eigs,log_real_eigs): 1.014
torch.Size([64, 1600])
Epoch [393/1000], Wasserstein(eigs,real_eigs): 6277.057, Wasserstein(log_eigs,log_real_eigs): 1.020
torch.Size([64, 1600])
Epoch [394/1000], Wasserstein(eigs,real_eigs): 697.764, Wasserstein(log_eigs,log_real_eigs): 1.019
torch.Size([64, 1600])
Epoch [395/1000], Wasserstein(eigs,real_eigs): 2757.753, Wasserstein(log_eigs,log_real_eigs): 1.056
torch.Size([64, 1600])
Epoch [396/1000], Wasserstein(eigs,real_eigs): 4614.063, Wasserstein(log_eigs,log_real_eigs): 1.078
torch.Size([64, 1600])
Epoch [397/1000], Wasserstein(eigs,real_eigs): 575.197, Wasserstein(log_eigs,log_real_eigs): 1.202
torch.Size([64, 1600])
Epoch [398/1000], Wasserstein(eigs,real_eigs): 8358.459, Wasserstein(log_eigs,log_real_eigs): 1.289
torch.Size([64, 1600])
Epoch [399/1000], Wasserstein(eigs,real_eigs): 11094.004, Wasserstein(log_eigs,log_real_eigs): 1.343
torch.Size([64, 1600])
Epoch [400/1000], Wasserstein(eigs,real_eigs): 1735.694, Wasserstein(log_eigs,log_real_eigs): 1.290
torch.Size([64, 1600])
Epoch [401/1000], Wasserstein(eigs,real_eigs): 5261.940, Wasserstein(log_eigs,log_real_eigs): 0.908
torch.Size([64, 1600])
Epoch [402/1000], Wasserstein(eigs,real_eigs): 144.379, Wasserstein(log_eigs,log_real_eigs): 0.740
torch.Size([64, 1600])
Epoch [403/1000], Wasserstein(eigs,real_eigs): 6170.801, Wasserstein(log_eigs,log_real_eigs): 0.895
torch.Size([64, 1600])
Epoch [404/1000], Wasserstein(eigs,real_eigs): 5432.272, Wasserstein(log_eigs,log_real_eigs): 1.198
torch.Size([64, 1600])
Epoch [405/1000], Wasserstein(eigs,real_eigs): 11364.589, Wasserstein(log_eigs,log_real_eigs): 1.090
torch.Size([64, 1600])
Epoch [406/1000], Wasserstein(eigs,real_eigs): 9465.759, Wasserstein(log_eigs,log_real_eigs): 1.069
torch.Size([64, 1600])
Epoch [407/1000], Wasserstein(eigs,real_eigs): 5365.818, Wasserstein(log_eigs,log_real_eigs): 1.257
torch.Size([64, 1600])
Epoch [408/1000], Wasserstein(eigs,real_eigs): 1885.310, Wasserstein(log_eigs,log_real_eigs): 1.118
torch.Size([64, 1600])
Epoch [409/1000], Wasserstein(eigs,real_eigs): 6269.117, Wasserstein(log_eigs,log_real_eigs): 1.408
torch.Size([64, 1600])
Epoch [410/1000], Wasserstein(eigs,real_eigs): 1681.445, Wasserstein(log_eigs,log_real_eigs): 1.243
torch.Size([64, 1600])
Epoch [411/1000], Wasserstein(eigs,real_eigs): 4737.916, Wasserstein(log_eigs,log_real_eigs): 1.155
torch.Size([64, 1600])
Epoch [412/1000], Wasserstein(eigs,real_eigs): 1503.962, Wasserstein(log_eigs,log_real_eigs): 1.150
torch.Size([64, 1600])
Epoch [413/1000], Wasserstein(eigs,real_eigs): 12110.003, Wasserstein(log_eigs,log_real_eigs): 1.401
torch.Size([64, 1600])
Epoch [414/1000], Wasserstein(eigs,real_eigs): 3662.847, Wasserstein(log_eigs,log_real_eigs): 1.133
torch.Size([64, 1600])
Epoch [415/1000], Wasserstein(eigs,real_eigs): 2010.792, Wasserstein(log_eigs,log_real_eigs): 0.867
torch.Size([64, 1600])
Epoch [416/1000], Wasserstein(eigs,real_eigs): 10287.600, Wasserstein(log_eigs,log_real_eigs): 0.796
torch.Size([64, 1600])
Epoch [417/1000], Wasserstein(eigs,real_eigs): 4264.052, Wasserstein(log_eigs,log_real_eigs): 1.220
torch.Size([64, 1600])
Epoch [418/1000], Wasserstein(eigs,real_eigs): 5313.737, Wasserstein(log_eigs,log_real_eigs): 1.273
torch.Size([64, 1600])
Epoch [419/1000], Wasserstein(eigs,real_eigs): 1211.581, Wasserstein(log_eigs,log_real_eigs): 0.798
torch.Size([64, 1600])
Epoch [420/1000], Wasserstein(eigs,real_eigs): 3971.182, Wasserstein(log_eigs,log_real_eigs): 0.464
torch.Size([64, 1600])
Epoch [421/1000], Wasserstein(eigs,real_eigs): 6900.425, Wasserstein(log_eigs,log_real_eigs): 0.703
torch.Size([64, 1600])
Epoch [422/1000], Wasserstein(eigs,real_eigs): 12836.720, Wasserstein(log_eigs,log_real_eigs): 0.388
torch.Size([64, 1600])
Epoch [423/1000], Wasserstein(eigs,real_eigs): 8427.196, Wasserstein(log_eigs,log_real_eigs): 0.956
torch.Size([64, 1600])
Epoch [424/1000], Wasserstein(eigs,real_eigs): 1086.622, Wasserstein(log_eigs,log_real_eigs): 1.156
torch.Size([64, 1600])
Epoch [425/1000], Wasserstein(eigs,real_eigs): 4181.806, Wasserstein(log_eigs,log_real_eigs): 1.063
torch.Size([64, 1600])
Epoch [426/1000], Wasserstein(eigs,real_eigs): 900.307, Wasserstein(log_eigs,log_real_eigs): 0.744
torch.Size([64, 1600])
Epoch [427/1000], Wasserstein(eigs,real_eigs): 8980.852, Wasserstein(log_eigs,log_real_eigs): 0.967
torch.Size([64, 1600])
Epoch [428/1000], Wasserstein(eigs,real_eigs): 4170.580, Wasserstein(log_eigs,log_real_eigs): 1.170
torch.Size([64, 1600])
Epoch [429/1000], Wasserstein(eigs,real_eigs): 1881.772, Wasserstein(log_eigs,log_real_eigs): 1.215
torch.Size([64, 1600])
Epoch [430/1000], Wasserstein(eigs,real_eigs): 3669.204, Wasserstein(log_eigs,log_real_eigs): 1.420
torch.Size([64, 1600])
Epoch [431/1000], Wasserstein(eigs,real_eigs): 8379.392, Wasserstein(log_eigs,log_real_eigs): 0.901
torch.Size([64, 1600])
Epoch [432/1000], Wasserstein(eigs,real_eigs): 192.123, Wasserstein(log_eigs,log_real_eigs): 0.737
torch.Size([64, 1600])
Epoch [433/1000], Wasserstein(eigs,real_eigs): 2230.218, Wasserstein(log_eigs,log_real_eigs): 0.565
torch.Size([64, 1600])
Epoch [434/1000], Wasserstein(eigs,real_eigs): 1133.713, Wasserstein(log_eigs,log_real_eigs): 0.954
torch.Size([64, 1600])
Epoch [435/1000], Wasserstein(eigs,real_eigs): 2669.285, Wasserstein(log_eigs,log_real_eigs): 1.075
torch.Size([64, 1600])
Epoch [436/1000], Wasserstein(eigs,real_eigs): 17056.750, Wasserstein(log_eigs,log_real_eigs): 1.287
torch.Size([64, 1600])
Epoch [437/1000], Wasserstein(eigs,real_eigs): 10674.503, Wasserstein(log_eigs,log_real_eigs): 1.056
torch.Size([64, 1600])
Epoch [438/1000], Wasserstein(eigs,real_eigs): 1656.326, Wasserstein(log_eigs,log_real_eigs): 1.100
torch.Size([64, 1600])
Epoch [439/1000], Wasserstein(eigs,real_eigs): 9163.217, Wasserstein(log_eigs,log_real_eigs): 1.057
torch.Size([64, 1600])
Epoch [440/1000], Wasserstein(eigs,real_eigs): 1277.781, Wasserstein(log_eigs,log_real_eigs): 0.877
torch.Size([64, 1600])
Epoch [441/1000], Wasserstein(eigs,real_eigs): 7458.451, Wasserstein(log_eigs,log_real_eigs): 0.547
torch.Size([64, 1600])
Epoch [442/1000], Wasserstein(eigs,real_eigs): 7356.287, Wasserstein(log_eigs,log_real_eigs): 1.230
torch.Size([64, 1600])
Epoch [443/1000], Wasserstein(eigs,real_eigs): 2557.490, Wasserstein(log_eigs,log_real_eigs): 0.870
torch.Size([64, 1600])
Epoch [444/1000], Wasserstein(eigs,real_eigs): 4457.479, Wasserstein(log_eigs,log_real_eigs): 0.953
torch.Size([64, 1600])
Epoch [445/1000], Wasserstein(eigs,real_eigs): 769.369, Wasserstein(log_eigs,log_real_eigs): 0.353
torch.Size([64, 1600])
Epoch [446/1000], Wasserstein(eigs,real_eigs): 9251.590, Wasserstein(log_eigs,log_real_eigs): 1.044
torch.Size([64, 1600])
Epoch [447/1000], Wasserstein(eigs,real_eigs): 4832.496, Wasserstein(log_eigs,log_real_eigs): 0.920
torch.Size([64, 1600])
Epoch [448/1000], Wasserstein(eigs,real_eigs): 5624.106, Wasserstein(log_eigs,log_real_eigs): 1.153
torch.Size([64, 1600])
Epoch [449/1000], Wasserstein(eigs,real_eigs): 1633.126, Wasserstein(log_eigs,log_real_eigs): 0.931
torch.Size([64, 1600])
Epoch [450/1000], Wasserstein(eigs,real_eigs): 1169.708, Wasserstein(log_eigs,log_real_eigs): 1.138
torch.Size([64, 1600])
Epoch [451/1000], Wasserstein(eigs,real_eigs): 3561.803, Wasserstein(log_eigs,log_real_eigs): 0.863
torch.Size([64, 1600])
Epoch [452/1000], Wasserstein(eigs,real_eigs): 4619.888, Wasserstein(log_eigs,log_real_eigs): 0.853
torch.Size([64, 1600])
Epoch [453/1000], Wasserstein(eigs,real_eigs): 9528.746, Wasserstein(log_eigs,log_real_eigs): 1.182
torch.Size([64, 1600])
Epoch [454/1000], Wasserstein(eigs,real_eigs): 2119.432, Wasserstein(log_eigs,log_real_eigs): 0.860
torch.Size([64, 1600])
Epoch [455/1000], Wasserstein(eigs,real_eigs): 1703.112, Wasserstein(log_eigs,log_real_eigs): 1.027
torch.Size([64, 1600])
Epoch [456/1000], Wasserstein(eigs,real_eigs): 7742.239, Wasserstein(log_eigs,log_real_eigs): 1.319
torch.Size([64, 1600])
Epoch [457/1000], Wasserstein(eigs,real_eigs): 16598.529, Wasserstein(log_eigs,log_real_eigs): 1.424
torch.Size([64, 1600])
Epoch [458/1000], Wasserstein(eigs,real_eigs): 526.931, Wasserstein(log_eigs,log_real_eigs): 1.080
torch.Size([64, 1600])
Epoch [459/1000], Wasserstein(eigs,real_eigs): 4216.585, Wasserstein(log_eigs,log_real_eigs): 0.993
torch.Size([64, 1600])
Epoch [460/1000], Wasserstein(eigs,real_eigs): 12080.410, Wasserstein(log_eigs,log_real_eigs): 1.078
torch.Size([64, 1600])
Epoch [461/1000], Wasserstein(eigs,real_eigs): 9609.516, Wasserstein(log_eigs,log_real_eigs): 1.304
torch.Size([64, 1600])
Epoch [462/1000], Wasserstein(eigs,real_eigs): 10066.636, Wasserstein(log_eigs,log_real_eigs): 1.142
torch.Size([64, 1600])
Epoch [463/1000], Wasserstein(eigs,real_eigs): 5974.284, Wasserstein(log_eigs,log_real_eigs): 1.469
torch.Size([64, 1600])
Epoch [464/1000], Wasserstein(eigs,real_eigs): 10650.542, Wasserstein(log_eigs,log_real_eigs): 0.985
torch.Size([64, 1600])
Epoch [465/1000], Wasserstein(eigs,real_eigs): 9876.598, Wasserstein(log_eigs,log_real_eigs): 1.355
torch.Size([64, 1600])
Epoch [466/1000], Wasserstein(eigs,real_eigs): 10696.631, Wasserstein(log_eigs,log_real_eigs): 1.217
torch.Size([64, 1600])
Epoch [467/1000], Wasserstein(eigs,real_eigs): 6398.364, Wasserstein(log_eigs,log_real_eigs): 0.976
torch.Size([64, 1600])
Epoch [468/1000], Wasserstein(eigs,real_eigs): 2028.012, Wasserstein(log_eigs,log_real_eigs): 0.756
torch.Size([64, 1600])
Epoch [469/1000], Wasserstein(eigs,real_eigs): 10111.906, Wasserstein(log_eigs,log_real_eigs): 1.428
torch.Size([64, 1600])
Epoch [470/1000], Wasserstein(eigs,real_eigs): 1967.358, Wasserstein(log_eigs,log_real_eigs): 1.068
torch.Size([64, 1600])
Epoch [471/1000], Wasserstein(eigs,real_eigs): 11504.017, Wasserstein(log_eigs,log_real_eigs): 1.171
torch.Size([64, 1600])
Epoch [472/1000], Wasserstein(eigs,real_eigs): 5770.939, Wasserstein(log_eigs,log_real_eigs): 1.181
torch.Size([64, 1600])
Epoch [473/1000], Wasserstein(eigs,real_eigs): 566.672, Wasserstein(log_eigs,log_real_eigs): 1.086
torch.Size([64, 1600])
Epoch [474/1000], Wasserstein(eigs,real_eigs): 5101.928, Wasserstein(log_eigs,log_real_eigs): 1.212
torch.Size([64, 1600])
Epoch [475/1000], Wasserstein(eigs,real_eigs): 233.774, Wasserstein(log_eigs,log_real_eigs): 0.279
torch.Size([64, 1600])
Epoch [476/1000], Wasserstein(eigs,real_eigs): 13972.138, Wasserstein(log_eigs,log_real_eigs): 0.840
torch.Size([64, 1600])
Epoch [477/1000], Wasserstein(eigs,real_eigs): 6837.191, Wasserstein(log_eigs,log_real_eigs): 0.994
torch.Size([64, 1600])
Epoch [478/1000], Wasserstein(eigs,real_eigs): 1403.400, Wasserstein(log_eigs,log_real_eigs): 1.209
torch.Size([64, 1600])
Epoch [479/1000], Wasserstein(eigs,real_eigs): 7096.031, Wasserstein(log_eigs,log_real_eigs): 1.022
torch.Size([64, 1600])
Epoch [480/1000], Wasserstein(eigs,real_eigs): 4641.507, Wasserstein(log_eigs,log_real_eigs): 0.861
torch.Size([64, 1600])
Epoch [481/1000], Wasserstein(eigs,real_eigs): 4171.319, Wasserstein(log_eigs,log_real_eigs): 1.044
torch.Size([64, 1600])
Epoch [482/1000], Wasserstein(eigs,real_eigs): 1267.069, Wasserstein(log_eigs,log_real_eigs): 0.591
torch.Size([64, 1600])
Epoch [483/1000], Wasserstein(eigs,real_eigs): 4398.426, Wasserstein(log_eigs,log_real_eigs): 0.923
torch.Size([64, 1600])
Epoch [484/1000], Wasserstein(eigs,real_eigs): 7502.991, Wasserstein(log_eigs,log_real_eigs): 1.073
torch.Size([64, 1600])
Epoch [485/1000], Wasserstein(eigs,real_eigs): 9798.396, Wasserstein(log_eigs,log_real_eigs): 0.989
torch.Size([64, 1600])
Epoch [486/1000], Wasserstein(eigs,real_eigs): 646.089, Wasserstein(log_eigs,log_real_eigs): 0.993
torch.Size([64, 1600])
Epoch [487/1000], Wasserstein(eigs,real_eigs): 9086.713, Wasserstein(log_eigs,log_real_eigs): 1.211
torch.Size([64, 1600])
Epoch [488/1000], Wasserstein(eigs,real_eigs): 9187.034, Wasserstein(log_eigs,log_real_eigs): 0.834
torch.Size([64, 1600])
Epoch [489/1000], Wasserstein(eigs,real_eigs): 909.318, Wasserstein(log_eigs,log_real_eigs): 0.661
torch.Size([64, 1600])
Epoch [490/1000], Wasserstein(eigs,real_eigs): 5839.722, Wasserstein(log_eigs,log_real_eigs): 0.576
torch.Size([64, 1600])
Epoch [491/1000], Wasserstein(eigs,real_eigs): 49.266, Wasserstein(log_eigs,log_real_eigs): 0.217
torch.Size([64, 1600])
Epoch [492/1000], Wasserstein(eigs,real_eigs): 307.363, Wasserstein(log_eigs,log_real_eigs): 0.503
torch.Size([64, 1600])
Epoch [493/1000], Wasserstein(eigs,real_eigs): 3783.106, Wasserstein(log_eigs,log_real_eigs): 0.318
torch.Size([64, 1600])
Epoch [494/1000], Wasserstein(eigs,real_eigs): 4126.575, Wasserstein(log_eigs,log_real_eigs): 0.418
torch.Size([64, 1600])
Epoch [495/1000], Wasserstein(eigs,real_eigs): 10062.852, Wasserstein(log_eigs,log_real_eigs): 0.464
torch.Size([64, 1600])
Epoch [496/1000], Wasserstein(eigs,real_eigs): 4655.619, Wasserstein(log_eigs,log_real_eigs): 0.622
torch.Size([64, 1600])
Epoch [497/1000], Wasserstein(eigs,real_eigs): 13804.844, Wasserstein(log_eigs,log_real_eigs): 1.051
torch.Size([64, 1600])
Epoch [498/1000], Wasserstein(eigs,real_eigs): 4294.449, Wasserstein(log_eigs,log_real_eigs): 0.534
torch.Size([64, 1600])
Epoch [499/1000], Wasserstein(eigs,real_eigs): 3714.841, Wasserstein(log_eigs,log_real_eigs): 1.003
torch.Size([64, 1600])
Epoch [500/1000], Wasserstein(eigs,real_eigs): 2865.600, Wasserstein(log_eigs,log_real_eigs): 1.026
torch.Size([64, 1600])
Epoch [501/1000], Wasserstein(eigs,real_eigs): 4317.178, Wasserstein(log_eigs,log_real_eigs): 0.873
torch.Size([64, 1600])
Epoch [502/1000], Wasserstein(eigs,real_eigs): 4474.720, Wasserstein(log_eigs,log_real_eigs): 1.372
torch.Size([64, 1600])
Epoch [503/1000], Wasserstein(eigs,real_eigs): 1410.239, Wasserstein(log_eigs,log_real_eigs): 1.116
torch.Size([64, 1600])
Epoch [504/1000], Wasserstein(eigs,real_eigs): 4076.873, Wasserstein(log_eigs,log_real_eigs): 0.841
torch.Size([64, 1600])
Epoch [505/1000], Wasserstein(eigs,real_eigs): 12932.626, Wasserstein(log_eigs,log_real_eigs): 1.067
torch.Size([64, 1600])
Epoch [506/1000], Wasserstein(eigs,real_eigs): 7687.277, Wasserstein(log_eigs,log_real_eigs): 1.096
torch.Size([64, 1600])
Epoch [507/1000], Wasserstein(eigs,real_eigs): 2749.788, Wasserstein(log_eigs,log_real_eigs): 0.996
torch.Size([64, 1600])
Epoch [508/1000], Wasserstein(eigs,real_eigs): 10418.821, Wasserstein(log_eigs,log_real_eigs): 1.061
torch.Size([64, 1600])
Epoch [509/1000], Wasserstein(eigs,real_eigs): 1681.285, Wasserstein(log_eigs,log_real_eigs): 0.936
torch.Size([64, 1600])
Epoch [510/1000], Wasserstein(eigs,real_eigs): 2994.763, Wasserstein(log_eigs,log_real_eigs): 0.878
torch.Size([64, 1600])
Epoch [511/1000], Wasserstein(eigs,real_eigs): 777.737, Wasserstein(log_eigs,log_real_eigs): 0.987
torch.Size([64, 1600])
Epoch [512/1000], Wasserstein(eigs,real_eigs): 6605.352, Wasserstein(log_eigs,log_real_eigs): 0.967
torch.Size([64, 1600])
Epoch [513/1000], Wasserstein(eigs,real_eigs): 7249.830, Wasserstein(log_eigs,log_real_eigs): 0.796
torch.Size([64, 1600])
Epoch [514/1000], Wasserstein(eigs,real_eigs): 10600.536, Wasserstein(log_eigs,log_real_eigs): 0.933
torch.Size([64, 1600])
Epoch [515/1000], Wasserstein(eigs,real_eigs): 7683.554, Wasserstein(log_eigs,log_real_eigs): 1.268
torch.Size([64, 1600])
Epoch [516/1000], Wasserstein(eigs,real_eigs): 10690.126, Wasserstein(log_eigs,log_real_eigs): 0.575
torch.Size([64, 1600])
Epoch [517/1000], Wasserstein(eigs,real_eigs): 19701.357, Wasserstein(log_eigs,log_real_eigs): 0.922
torch.Size([64, 1600])
Epoch [518/1000], Wasserstein(eigs,real_eigs): 176.983, Wasserstein(log_eigs,log_real_eigs): 0.841
torch.Size([64, 1600])
Epoch [519/1000], Wasserstein(eigs,real_eigs): 266.794, Wasserstein(log_eigs,log_real_eigs): 0.805
torch.Size([64, 1600])
Epoch [520/1000], Wasserstein(eigs,real_eigs): 9739.591, Wasserstein(log_eigs,log_real_eigs): 1.012
torch.Size([64, 1600])
Epoch [521/1000], Wasserstein(eigs,real_eigs): 3723.209, Wasserstein(log_eigs,log_real_eigs): 1.055
torch.Size([64, 1600])
Epoch [522/1000], Wasserstein(eigs,real_eigs): 4744.430, Wasserstein(log_eigs,log_real_eigs): 0.839
torch.Size([64, 1600])
Epoch [523/1000], Wasserstein(eigs,real_eigs): 2929.122, Wasserstein(log_eigs,log_real_eigs): 0.919
torch.Size([64, 1600])
Epoch [524/1000], Wasserstein(eigs,real_eigs): 6322.800, Wasserstein(log_eigs,log_real_eigs): 0.951
torch.Size([64, 1600])
Epoch [525/1000], Wasserstein(eigs,real_eigs): 963.906, Wasserstein(log_eigs,log_real_eigs): 1.142
torch.Size([64, 1600])
Epoch [526/1000], Wasserstein(eigs,real_eigs): 6187.510, Wasserstein(log_eigs,log_real_eigs): 1.164
torch.Size([64, 1600])
Epoch [527/1000], Wasserstein(eigs,real_eigs): 3232.987, Wasserstein(log_eigs,log_real_eigs): 0.514
torch.Size([64, 1600])
Epoch [528/1000], Wasserstein(eigs,real_eigs): 5393.678, Wasserstein(log_eigs,log_real_eigs): 0.902
torch.Size([64, 1600])
Epoch [529/1000], Wasserstein(eigs,real_eigs): 16213.319, Wasserstein(log_eigs,log_real_eigs): 1.050
torch.Size([64, 1600])
Epoch [530/1000], Wasserstein(eigs,real_eigs): 5354.998, Wasserstein(log_eigs,log_real_eigs): 1.042
torch.Size([64, 1600])
Epoch [531/1000], Wasserstein(eigs,real_eigs): 10783.111, Wasserstein(log_eigs,log_real_eigs): 0.933
torch.Size([64, 1600])
Epoch [532/1000], Wasserstein(eigs,real_eigs): 5682.003, Wasserstein(log_eigs,log_real_eigs): 0.873
torch.Size([64, 1600])
Epoch [533/1000], Wasserstein(eigs,real_eigs): 4253.348, Wasserstein(log_eigs,log_real_eigs): 1.073
torch.Size([64, 1600])
Epoch [534/1000], Wasserstein(eigs,real_eigs): 1494.435, Wasserstein(log_eigs,log_real_eigs): 1.194
torch.Size([64, 1600])
Epoch [535/1000], Wasserstein(eigs,real_eigs): 2140.942, Wasserstein(log_eigs,log_real_eigs): 0.981
torch.Size([64, 1600])
Epoch [536/1000], Wasserstein(eigs,real_eigs): 7827.400, Wasserstein(log_eigs,log_real_eigs): 0.833
torch.Size([64, 1600])
Epoch [537/1000], Wasserstein(eigs,real_eigs): 8007.490, Wasserstein(log_eigs,log_real_eigs): 0.825
torch.Size([64, 1600])
Epoch [538/1000], Wasserstein(eigs,real_eigs): 3257.347, Wasserstein(log_eigs,log_real_eigs): 0.863
torch.Size([64, 1600])
Epoch [539/1000], Wasserstein(eigs,real_eigs): 10320.576, Wasserstein(log_eigs,log_real_eigs): 0.970
torch.Size([64, 1600])
Epoch [540/1000], Wasserstein(eigs,real_eigs): 413.426, Wasserstein(log_eigs,log_real_eigs): 0.659
torch.Size([64, 1600])
Epoch [541/1000], Wasserstein(eigs,real_eigs): 6353.770, Wasserstein(log_eigs,log_real_eigs): 0.858
torch.Size([64, 1600])
Epoch [542/1000], Wasserstein(eigs,real_eigs): 3877.557, Wasserstein(log_eigs,log_real_eigs): 0.684
torch.Size([64, 1600])
Epoch [543/1000], Wasserstein(eigs,real_eigs): 8089.503, Wasserstein(log_eigs,log_real_eigs): 0.811
torch.Size([64, 1600])
Epoch [544/1000], Wasserstein(eigs,real_eigs): 6264.957, Wasserstein(log_eigs,log_real_eigs): 0.815
torch.Size([64, 1600])
Epoch [545/1000], Wasserstein(eigs,real_eigs): 10300.882, Wasserstein(log_eigs,log_real_eigs): 0.873
torch.Size([64, 1600])
Epoch [546/1000], Wasserstein(eigs,real_eigs): 1294.311, Wasserstein(log_eigs,log_real_eigs): 0.891
torch.Size([64, 1600])
Epoch [547/1000], Wasserstein(eigs,real_eigs): 12157.940, Wasserstein(log_eigs,log_real_eigs): 0.842
torch.Size([64, 1600])
Epoch [548/1000], Wasserstein(eigs,real_eigs): 7571.105, Wasserstein(log_eigs,log_real_eigs): 0.792
torch.Size([64, 1600])
Epoch [549/1000], Wasserstein(eigs,real_eigs): 641.839, Wasserstein(log_eigs,log_real_eigs): 0.782
torch.Size([64, 1600])
Epoch [550/1000], Wasserstein(eigs,real_eigs): 5511.415, Wasserstein(log_eigs,log_real_eigs): 1.208
torch.Size([64, 1600])
Epoch [551/1000], Wasserstein(eigs,real_eigs): 519.067, Wasserstein(log_eigs,log_real_eigs): 0.779
torch.Size([64, 1600])
Epoch [552/1000], Wasserstein(eigs,real_eigs): 8133.909, Wasserstein(log_eigs,log_real_eigs): 0.773
torch.Size([64, 1600])
Epoch [553/1000], Wasserstein(eigs,real_eigs): 19198.466, Wasserstein(log_eigs,log_real_eigs): 1.114
torch.Size([64, 1600])
Epoch [554/1000], Wasserstein(eigs,real_eigs): 14217.095, Wasserstein(log_eigs,log_real_eigs): 1.321
torch.Size([64, 1600])
Epoch [555/1000], Wasserstein(eigs,real_eigs): 10601.914, Wasserstein(log_eigs,log_real_eigs): 1.269
torch.Size([64, 1600])
Epoch [556/1000], Wasserstein(eigs,real_eigs): 8260.504, Wasserstein(log_eigs,log_real_eigs): 1.107
torch.Size([64, 1600])
Epoch [557/1000], Wasserstein(eigs,real_eigs): 4133.773, Wasserstein(log_eigs,log_real_eigs): 1.121
torch.Size([64, 1600])
Epoch [558/1000], Wasserstein(eigs,real_eigs): 7032.369, Wasserstein(log_eigs,log_real_eigs): 1.265
torch.Size([64, 1600])
Epoch [559/1000], Wasserstein(eigs,real_eigs): 4234.779, Wasserstein(log_eigs,log_real_eigs): 0.495
torch.Size([64, 1600])
Epoch [560/1000], Wasserstein(eigs,real_eigs): 9778.584, Wasserstein(log_eigs,log_real_eigs): 0.985
torch.Size([64, 1600])
Epoch [561/1000], Wasserstein(eigs,real_eigs): 22682.364, Wasserstein(log_eigs,log_real_eigs): 0.435
torch.Size([64, 1600])
Epoch [562/1000], Wasserstein(eigs,real_eigs): 4083.450, Wasserstein(log_eigs,log_real_eigs): 0.494
torch.Size([64, 1600])
Epoch [563/1000], Wasserstein(eigs,real_eigs): 1899.662, Wasserstein(log_eigs,log_real_eigs): 0.835
torch.Size([64, 1600])
Epoch [564/1000], Wasserstein(eigs,real_eigs): 5561.384, Wasserstein(log_eigs,log_real_eigs): 0.917
torch.Size([64, 1600])
Epoch [565/1000], Wasserstein(eigs,real_eigs): 781.666, Wasserstein(log_eigs,log_real_eigs): 0.819
torch.Size([64, 1600])
Epoch [566/1000], Wasserstein(eigs,real_eigs): 17600.568, Wasserstein(log_eigs,log_real_eigs): 1.122
torch.Size([64, 1600])
Epoch [567/1000], Wasserstein(eigs,real_eigs): 3686.023, Wasserstein(log_eigs,log_real_eigs): 0.922
torch.Size([64, 1600])
Epoch [568/1000], Wasserstein(eigs,real_eigs): 2998.121, Wasserstein(log_eigs,log_real_eigs): 0.961
torch.Size([64, 1600])
Epoch [569/1000], Wasserstein(eigs,real_eigs): 22540.259, Wasserstein(log_eigs,log_real_eigs): 1.369
torch.Size([64, 1600])
Epoch [570/1000], Wasserstein(eigs,real_eigs): 6860.170, Wasserstein(log_eigs,log_real_eigs): 1.237
torch.Size([64, 1600])
Epoch [571/1000], Wasserstein(eigs,real_eigs): 3333.835, Wasserstein(log_eigs,log_real_eigs): 0.843
torch.Size([64, 1600])
Epoch [572/1000], Wasserstein(eigs,real_eigs): 5156.568, Wasserstein(log_eigs,log_real_eigs): 0.691
torch.Size([64, 1600])
Epoch [573/1000], Wasserstein(eigs,real_eigs): 26978.779, Wasserstein(log_eigs,log_real_eigs): 1.255
torch.Size([64, 1600])
Epoch [574/1000], Wasserstein(eigs,real_eigs): 25502.253, Wasserstein(log_eigs,log_real_eigs): 1.106
torch.Size([64, 1600])
Epoch [575/1000], Wasserstein(eigs,real_eigs): 19503.016, Wasserstein(log_eigs,log_real_eigs): 0.789
torch.Size([64, 1600])
Epoch [576/1000], Wasserstein(eigs,real_eigs): 5394.425, Wasserstein(log_eigs,log_real_eigs): 0.754
torch.Size([64, 1600])
Epoch [577/1000], Wasserstein(eigs,real_eigs): 507.658, Wasserstein(log_eigs,log_real_eigs): 0.838
torch.Size([64, 1600])
Epoch [578/1000], Wasserstein(eigs,real_eigs): 272.695, Wasserstein(log_eigs,log_real_eigs): 0.392
torch.Size([64, 1600])
Epoch [579/1000], Wasserstein(eigs,real_eigs): 13022.627, Wasserstein(log_eigs,log_real_eigs): 1.034
torch.Size([64, 1600])
Epoch [580/1000], Wasserstein(eigs,real_eigs): 16430.013, Wasserstein(log_eigs,log_real_eigs): 1.042
torch.Size([64, 1600])
Epoch [581/1000], Wasserstein(eigs,real_eigs): 10582.971, Wasserstein(log_eigs,log_real_eigs): 0.929
torch.Size([64, 1600])
Epoch [582/1000], Wasserstein(eigs,real_eigs): 634.918, Wasserstein(log_eigs,log_real_eigs): 0.749
torch.Size([64, 1600])
Epoch [583/1000], Wasserstein(eigs,real_eigs): 8102.791, Wasserstein(log_eigs,log_real_eigs): 0.632
torch.Size([64, 1600])
Epoch [584/1000], Wasserstein(eigs,real_eigs): 5530.556, Wasserstein(log_eigs,log_real_eigs): 0.608
torch.Size([64, 1600])
Epoch [585/1000], Wasserstein(eigs,real_eigs): 19304.632, Wasserstein(log_eigs,log_real_eigs): 0.693
torch.Size([64, 1600])
Epoch [586/1000], Wasserstein(eigs,real_eigs): 2393.952, Wasserstein(log_eigs,log_real_eigs): 0.411
torch.Size([64, 1600])
Epoch [587/1000], Wasserstein(eigs,real_eigs): 11772.944, Wasserstein(log_eigs,log_real_eigs): 0.773
torch.Size([64, 1600])
Epoch [588/1000], Wasserstein(eigs,real_eigs): 7784.873, Wasserstein(log_eigs,log_real_eigs): 1.150
torch.Size([64, 1600])
Epoch [589/1000], Wasserstein(eigs,real_eigs): 549.808, Wasserstein(log_eigs,log_real_eigs): 0.339
torch.Size([64, 1600])
Epoch [590/1000], Wasserstein(eigs,real_eigs): 14043.218, Wasserstein(log_eigs,log_real_eigs): 0.620
torch.Size([64, 1600])
Epoch [591/1000], Wasserstein(eigs,real_eigs): 5565.022, Wasserstein(log_eigs,log_real_eigs): 0.722
torch.Size([64, 1600])
Epoch [592/1000], Wasserstein(eigs,real_eigs): 1709.360, Wasserstein(log_eigs,log_real_eigs): 0.640
torch.Size([64, 1600])
Epoch [593/1000], Wasserstein(eigs,real_eigs): 4565.583, Wasserstein(log_eigs,log_real_eigs): 0.952
torch.Size([64, 1600])
Epoch [594/1000], Wasserstein(eigs,real_eigs): 9696.495, Wasserstein(log_eigs,log_real_eigs): 1.041
torch.Size([64, 1600])
Epoch [595/1000], Wasserstein(eigs,real_eigs): 8960.896, Wasserstein(log_eigs,log_real_eigs): 1.109
torch.Size([64, 1600])
Epoch [596/1000], Wasserstein(eigs,real_eigs): 2632.869, Wasserstein(log_eigs,log_real_eigs): 1.060
torch.Size([64, 1600])
Epoch [597/1000], Wasserstein(eigs,real_eigs): 8880.284, Wasserstein(log_eigs,log_real_eigs): 1.048
torch.Size([64, 1600])
Epoch [598/1000], Wasserstein(eigs,real_eigs): 3701.429, Wasserstein(log_eigs,log_real_eigs): 1.208
torch.Size([64, 1600])
Epoch [599/1000], Wasserstein(eigs,real_eigs): 10009.851, Wasserstein(log_eigs,log_real_eigs): 1.006
torch.Size([64, 1600])
Epoch [600/1000], Wasserstein(eigs,real_eigs): 4705.131, Wasserstein(log_eigs,log_real_eigs): 1.057
torch.Size([64, 1600])
Epoch [601/1000], Wasserstein(eigs,real_eigs): 8780.853, Wasserstein(log_eigs,log_real_eigs): 1.341
torch.Size([64, 1600])
Epoch [602/1000], Wasserstein(eigs,real_eigs): 6514.591, Wasserstein(log_eigs,log_real_eigs): 1.436
torch.Size([64, 1600])
Epoch [603/1000], Wasserstein(eigs,real_eigs): 4386.207, Wasserstein(log_eigs,log_real_eigs): 1.291
torch.Size([64, 1600])
Epoch [604/1000], Wasserstein(eigs,real_eigs): 3964.783, Wasserstein(log_eigs,log_real_eigs): 1.229
torch.Size([64, 1600])
Epoch [605/1000], Wasserstein(eigs,real_eigs): 8587.359, Wasserstein(log_eigs,log_real_eigs): 1.163
torch.Size([64, 1600])
Epoch [606/1000], Wasserstein(eigs,real_eigs): 111.833, Wasserstein(log_eigs,log_real_eigs): 0.936
torch.Size([64, 1600])
Epoch [607/1000], Wasserstein(eigs,real_eigs): 8131.499, Wasserstein(log_eigs,log_real_eigs): 1.093
torch.Size([64, 1600])
Epoch [608/1000], Wasserstein(eigs,real_eigs): 1490.130, Wasserstein(log_eigs,log_real_eigs): 1.028
torch.Size([64, 1600])
Epoch [609/1000], Wasserstein(eigs,real_eigs): 8929.654, Wasserstein(log_eigs,log_real_eigs): 1.216
torch.Size([64, 1600])
Epoch [610/1000], Wasserstein(eigs,real_eigs): 1312.912, Wasserstein(log_eigs,log_real_eigs): 1.035
torch.Size([64, 1600])
Epoch [611/1000], Wasserstein(eigs,real_eigs): 16603.312, Wasserstein(log_eigs,log_real_eigs): 1.020
torch.Size([64, 1600])
Epoch [612/1000], Wasserstein(eigs,real_eigs): 9663.904, Wasserstein(log_eigs,log_real_eigs): 1.146
torch.Size([64, 1600])
Epoch [613/1000], Wasserstein(eigs,real_eigs): 4533.148, Wasserstein(log_eigs,log_real_eigs): 1.201
torch.Size([64, 1600])
Epoch [614/1000], Wasserstein(eigs,real_eigs): 5917.915, Wasserstein(log_eigs,log_real_eigs): 1.088
torch.Size([64, 1600])
Epoch [615/1000], Wasserstein(eigs,real_eigs): 7691.462, Wasserstein(log_eigs,log_real_eigs): 0.747
torch.Size([64, 1600])
Epoch [616/1000], Wasserstein(eigs,real_eigs): 13355.198, Wasserstein(log_eigs,log_real_eigs): 0.747
torch.Size([64, 1600])
Epoch [617/1000], Wasserstein(eigs,real_eigs): 3611.109, Wasserstein(log_eigs,log_real_eigs): 1.042
torch.Size([64, 1600])
Epoch [618/1000], Wasserstein(eigs,real_eigs): 4660.947, Wasserstein(log_eigs,log_real_eigs): 1.040
torch.Size([64, 1600])
Epoch [619/1000], Wasserstein(eigs,real_eigs): 4204.531, Wasserstein(log_eigs,log_real_eigs): 0.935
torch.Size([64, 1600])
Epoch [620/1000], Wasserstein(eigs,real_eigs): 13721.598, Wasserstein(log_eigs,log_real_eigs): 1.538
torch.Size([64, 1600])
Epoch [621/1000], Wasserstein(eigs,real_eigs): 5431.731, Wasserstein(log_eigs,log_real_eigs): 0.769
torch.Size([64, 1600])
Epoch [622/1000], Wasserstein(eigs,real_eigs): 5516.729, Wasserstein(log_eigs,log_real_eigs): 1.163
torch.Size([64, 1600])
Epoch [623/1000], Wasserstein(eigs,real_eigs): 5650.359, Wasserstein(log_eigs,log_real_eigs): 1.293
torch.Size([64, 1600])
Epoch [624/1000], Wasserstein(eigs,real_eigs): 15269.811, Wasserstein(log_eigs,log_real_eigs): 1.392
torch.Size([64, 1600])
Epoch [625/1000], Wasserstein(eigs,real_eigs): 1125.284, Wasserstein(log_eigs,log_real_eigs): 1.034
torch.Size([64, 1600])
Epoch [626/1000], Wasserstein(eigs,real_eigs): 9950.706, Wasserstein(log_eigs,log_real_eigs): 1.233
torch.Size([64, 1600])
Epoch [627/1000], Wasserstein(eigs,real_eigs): 12938.469, Wasserstein(log_eigs,log_real_eigs): 1.228
torch.Size([64, 1600])
Epoch [628/1000], Wasserstein(eigs,real_eigs): 61.032, Wasserstein(log_eigs,log_real_eigs): 0.706
torch.Size([64, 1600])
Epoch [629/1000], Wasserstein(eigs,real_eigs): 25967.884, Wasserstein(log_eigs,log_real_eigs): 1.035
torch.Size([64, 1600])
Epoch [630/1000], Wasserstein(eigs,real_eigs): 6625.441, Wasserstein(log_eigs,log_real_eigs): 1.012
torch.Size([64, 1600])
Epoch [631/1000], Wasserstein(eigs,real_eigs): 20444.087, Wasserstein(log_eigs,log_real_eigs): 1.409
torch.Size([64, 1600])
Epoch [632/1000], Wasserstein(eigs,real_eigs): 7319.723, Wasserstein(log_eigs,log_real_eigs): 1.114
torch.Size([64, 1600])
Epoch [633/1000], Wasserstein(eigs,real_eigs): 13280.575, Wasserstein(log_eigs,log_real_eigs): 1.242
torch.Size([64, 1600])
Epoch [634/1000], Wasserstein(eigs,real_eigs): 7453.478, Wasserstein(log_eigs,log_real_eigs): 0.991
torch.Size([64, 1600])
Epoch [635/1000], Wasserstein(eigs,real_eigs): 522.518, Wasserstein(log_eigs,log_real_eigs): 0.928
torch.Size([64, 1600])
Epoch [636/1000], Wasserstein(eigs,real_eigs): 1578.025, Wasserstein(log_eigs,log_real_eigs): 1.075
torch.Size([64, 1600])
Epoch [637/1000], Wasserstein(eigs,real_eigs): 156.664, Wasserstein(log_eigs,log_real_eigs): 0.827
torch.Size([64, 1600])
Epoch [638/1000], Wasserstein(eigs,real_eigs): 6647.100, Wasserstein(log_eigs,log_real_eigs): 1.103
torch.Size([64, 1600])
Epoch [639/1000], Wasserstein(eigs,real_eigs): 7655.199, Wasserstein(log_eigs,log_real_eigs): 1.126
torch.Size([64, 1600])
Epoch [640/1000], Wasserstein(eigs,real_eigs): 5606.291, Wasserstein(log_eigs,log_real_eigs): 0.789
torch.Size([64, 1600])
Epoch [641/1000], Wasserstein(eigs,real_eigs): 3906.831, Wasserstein(log_eigs,log_real_eigs): 0.790
torch.Size([64, 1600])
Epoch [642/1000], Wasserstein(eigs,real_eigs): 2326.641, Wasserstein(log_eigs,log_real_eigs): 0.899
torch.Size([64, 1600])
Epoch [643/1000], Wasserstein(eigs,real_eigs): 3035.630, Wasserstein(log_eigs,log_real_eigs): 1.038
torch.Size([64, 1600])
Epoch [644/1000], Wasserstein(eigs,real_eigs): 367.490, Wasserstein(log_eigs,log_real_eigs): 1.080
torch.Size([64, 1600])
Epoch [645/1000], Wasserstein(eigs,real_eigs): 11317.409, Wasserstein(log_eigs,log_real_eigs): 1.320
torch.Size([64, 1600])
Epoch [646/1000], Wasserstein(eigs,real_eigs): 3607.875, Wasserstein(log_eigs,log_real_eigs): 1.087
torch.Size([64, 1600])
Epoch [647/1000], Wasserstein(eigs,real_eigs): 2266.915, Wasserstein(log_eigs,log_real_eigs): 1.073
torch.Size([64, 1600])
Epoch [648/1000], Wasserstein(eigs,real_eigs): 21068.830, Wasserstein(log_eigs,log_real_eigs): 1.117
torch.Size([64, 1600])
Epoch [649/1000], Wasserstein(eigs,real_eigs): 17636.497, Wasserstein(log_eigs,log_real_eigs): 1.157
torch.Size([64, 1600])
Epoch [650/1000], Wasserstein(eigs,real_eigs): 9944.121, Wasserstein(log_eigs,log_real_eigs): 1.085
torch.Size([64, 1600])
Epoch [651/1000], Wasserstein(eigs,real_eigs): 15984.881, Wasserstein(log_eigs,log_real_eigs): 1.551
torch.Size([64, 1600])
Epoch [652/1000], Wasserstein(eigs,real_eigs): 11950.779, Wasserstein(log_eigs,log_real_eigs): 1.025
torch.Size([64, 1600])
Epoch [653/1000], Wasserstein(eigs,real_eigs): 1537.888, Wasserstein(log_eigs,log_real_eigs): 1.109
torch.Size([64, 1600])
Epoch [654/1000], Wasserstein(eigs,real_eigs): 276.174, Wasserstein(log_eigs,log_real_eigs): 0.970
torch.Size([64, 1600])
Epoch [655/1000], Wasserstein(eigs,real_eigs): 19551.931, Wasserstein(log_eigs,log_real_eigs): 1.236
torch.Size([64, 1600])
Epoch [656/1000], Wasserstein(eigs,real_eigs): 7040.900, Wasserstein(log_eigs,log_real_eigs): 1.197
torch.Size([64, 1600])
Epoch [657/1000], Wasserstein(eigs,real_eigs): 379.064, Wasserstein(log_eigs,log_real_eigs): 1.299
torch.Size([64, 1600])
Epoch [658/1000], Wasserstein(eigs,real_eigs): 94.572, Wasserstein(log_eigs,log_real_eigs): 0.732
torch.Size([64, 1600])
Epoch [659/1000], Wasserstein(eigs,real_eigs): 4344.194, Wasserstein(log_eigs,log_real_eigs): 0.962
torch.Size([64, 1600])
Epoch [660/1000], Wasserstein(eigs,real_eigs): 7614.233, Wasserstein(log_eigs,log_real_eigs): 1.021
torch.Size([64, 1600])
Epoch [661/1000], Wasserstein(eigs,real_eigs): 10595.412, Wasserstein(log_eigs,log_real_eigs): 1.013
torch.Size([64, 1600])
Epoch [662/1000], Wasserstein(eigs,real_eigs): 6956.305, Wasserstein(log_eigs,log_real_eigs): 0.692
torch.Size([64, 1600])
Epoch [663/1000], Wasserstein(eigs,real_eigs): 21727.144, Wasserstein(log_eigs,log_real_eigs): 1.091
torch.Size([64, 1600])
Epoch [664/1000], Wasserstein(eigs,real_eigs): 15827.823, Wasserstein(log_eigs,log_real_eigs): 1.320
torch.Size([64, 1600])
Epoch [665/1000], Wasserstein(eigs,real_eigs): 12264.647, Wasserstein(log_eigs,log_real_eigs): 1.254
torch.Size([64, 1600])
Epoch [666/1000], Wasserstein(eigs,real_eigs): 6773.495, Wasserstein(log_eigs,log_real_eigs): 0.992
torch.Size([64, 1600])
Epoch [667/1000], Wasserstein(eigs,real_eigs): 222.178, Wasserstein(log_eigs,log_real_eigs): 1.054
torch.Size([64, 1600])
Epoch [668/1000], Wasserstein(eigs,real_eigs): 3316.358, Wasserstein(log_eigs,log_real_eigs): 1.402
torch.Size([64, 1600])
Epoch [669/1000], Wasserstein(eigs,real_eigs): 19278.353, Wasserstein(log_eigs,log_real_eigs): 1.428
torch.Size([64, 1600])
Epoch [670/1000], Wasserstein(eigs,real_eigs): 1823.685, Wasserstein(log_eigs,log_real_eigs): 1.078
torch.Size([64, 1600])
Epoch [671/1000], Wasserstein(eigs,real_eigs): 20224.221, Wasserstein(log_eigs,log_real_eigs): 1.079
torch.Size([64, 1600])
Epoch [672/1000], Wasserstein(eigs,real_eigs): 4649.585, Wasserstein(log_eigs,log_real_eigs): 1.175
torch.Size([64, 1600])
Epoch [673/1000], Wasserstein(eigs,real_eigs): 594.693, Wasserstein(log_eigs,log_real_eigs): 1.221
torch.Size([64, 1600])
Epoch [674/1000], Wasserstein(eigs,real_eigs): 8206.006, Wasserstein(log_eigs,log_real_eigs): 1.220
torch.Size([64, 1600])
Epoch [675/1000], Wasserstein(eigs,real_eigs): 979.518, Wasserstein(log_eigs,log_real_eigs): 1.053
torch.Size([64, 1600])
Epoch [676/1000], Wasserstein(eigs,real_eigs): 7018.042, Wasserstein(log_eigs,log_real_eigs): 1.226
torch.Size([64, 1600])
Epoch [677/1000], Wasserstein(eigs,real_eigs): 5964.489, Wasserstein(log_eigs,log_real_eigs): 1.155
torch.Size([64, 1600])
Epoch [678/1000], Wasserstein(eigs,real_eigs): 10535.258, Wasserstein(log_eigs,log_real_eigs): 1.227
torch.Size([64, 1600])
Epoch [679/1000], Wasserstein(eigs,real_eigs): 2746.134, Wasserstein(log_eigs,log_real_eigs): 1.042
torch.Size([64, 1600])
Epoch [680/1000], Wasserstein(eigs,real_eigs): 1030.048, Wasserstein(log_eigs,log_real_eigs): 1.115
torch.Size([64, 1600])
Epoch [681/1000], Wasserstein(eigs,real_eigs): 6650.374, Wasserstein(log_eigs,log_real_eigs): 0.886
torch.Size([64, 1600])
Epoch [682/1000], Wasserstein(eigs,real_eigs): 10243.722, Wasserstein(log_eigs,log_real_eigs): 1.310
torch.Size([64, 1600])
Epoch [683/1000], Wasserstein(eigs,real_eigs): 1614.275, Wasserstein(log_eigs,log_real_eigs): 0.701
torch.Size([64, 1600])
Epoch [684/1000], Wasserstein(eigs,real_eigs): 17570.319, Wasserstein(log_eigs,log_real_eigs): 1.018
torch.Size([64, 1600])
Epoch [685/1000], Wasserstein(eigs,real_eigs): 5263.553, Wasserstein(log_eigs,log_real_eigs): 1.014
torch.Size([64, 1600])
Epoch [686/1000], Wasserstein(eigs,real_eigs): 1452.757, Wasserstein(log_eigs,log_real_eigs): 0.867
torch.Size([64, 1600])
Epoch [687/1000], Wasserstein(eigs,real_eigs): 31202.501, Wasserstein(log_eigs,log_real_eigs): 1.133
torch.Size([64, 1600])
Epoch [688/1000], Wasserstein(eigs,real_eigs): 32637.294, Wasserstein(log_eigs,log_real_eigs): 0.875
torch.Size([64, 1600])
Epoch [689/1000], Wasserstein(eigs,real_eigs): 21538.992, Wasserstein(log_eigs,log_real_eigs): 1.218
torch.Size([64, 1600])
Epoch [690/1000], Wasserstein(eigs,real_eigs): 23215.363, Wasserstein(log_eigs,log_real_eigs): 1.211
torch.Size([64, 1600])
Epoch [691/1000], Wasserstein(eigs,real_eigs): 7724.226, Wasserstein(log_eigs,log_real_eigs): 0.857
torch.Size([64, 1600])
Epoch [692/1000], Wasserstein(eigs,real_eigs): 14841.610, Wasserstein(log_eigs,log_real_eigs): 1.158
torch.Size([64, 1600])
Epoch [693/1000], Wasserstein(eigs,real_eigs): 19244.087, Wasserstein(log_eigs,log_real_eigs): 1.315
torch.Size([64, 1600])
Epoch [694/1000], Wasserstein(eigs,real_eigs): 13784.982, Wasserstein(log_eigs,log_real_eigs): 0.878
torch.Size([64, 1600])
Epoch [695/1000], Wasserstein(eigs,real_eigs): 13053.095, Wasserstein(log_eigs,log_real_eigs): 1.308
torch.Size([64, 1600])
Epoch [696/1000], Wasserstein(eigs,real_eigs): 7380.543, Wasserstein(log_eigs,log_real_eigs): 0.882
torch.Size([64, 1600])
Epoch [697/1000], Wasserstein(eigs,real_eigs): 9354.430, Wasserstein(log_eigs,log_real_eigs): 0.646
torch.Size([64, 1600])
Epoch [698/1000], Wasserstein(eigs,real_eigs): 7044.698, Wasserstein(log_eigs,log_real_eigs): 1.079
torch.Size([64, 1600])
Epoch [699/1000], Wasserstein(eigs,real_eigs): 7831.907, Wasserstein(log_eigs,log_real_eigs): 1.119
torch.Size([64, 1600])
Epoch [700/1000], Wasserstein(eigs,real_eigs): 14244.219, Wasserstein(log_eigs,log_real_eigs): 1.206
torch.Size([64, 1600])
Epoch [701/1000], Wasserstein(eigs,real_eigs): 8576.530, Wasserstein(log_eigs,log_real_eigs): 0.845
torch.Size([64, 1600])
Epoch [702/1000], Wasserstein(eigs,real_eigs): 3444.805, Wasserstein(log_eigs,log_real_eigs): 1.184
torch.Size([64, 1600])
Epoch [703/1000], Wasserstein(eigs,real_eigs): 10906.360, Wasserstein(log_eigs,log_real_eigs): 1.166
torch.Size([64, 1600])
Epoch [704/1000], Wasserstein(eigs,real_eigs): 277.481, Wasserstein(log_eigs,log_real_eigs): 0.809
torch.Size([64, 1600])
Epoch [705/1000], Wasserstein(eigs,real_eigs): 9251.534, Wasserstein(log_eigs,log_real_eigs): 0.949
torch.Size([64, 1600])
Epoch [706/1000], Wasserstein(eigs,real_eigs): 3171.046, Wasserstein(log_eigs,log_real_eigs): 1.084
torch.Size([64, 1600])
Epoch [707/1000], Wasserstein(eigs,real_eigs): 2536.438, Wasserstein(log_eigs,log_real_eigs): 0.906
torch.Size([64, 1600])
Epoch [708/1000], Wasserstein(eigs,real_eigs): 16038.715, Wasserstein(log_eigs,log_real_eigs): 1.113
torch.Size([64, 1600])
Epoch [709/1000], Wasserstein(eigs,real_eigs): 7747.573, Wasserstein(log_eigs,log_real_eigs): 0.804
torch.Size([64, 1600])
Epoch [710/1000], Wasserstein(eigs,real_eigs): 19036.494, Wasserstein(log_eigs,log_real_eigs): 1.266
torch.Size([64, 1600])
Epoch [711/1000], Wasserstein(eigs,real_eigs): 6900.697, Wasserstein(log_eigs,log_real_eigs): 1.259
torch.Size([64, 1600])
Epoch [712/1000], Wasserstein(eigs,real_eigs): 1489.155, Wasserstein(log_eigs,log_real_eigs): 0.827
torch.Size([64, 1600])
Epoch [713/1000], Wasserstein(eigs,real_eigs): 20111.086, Wasserstein(log_eigs,log_real_eigs): 1.067
torch.Size([64, 1600])
Epoch [714/1000], Wasserstein(eigs,real_eigs): 680.980, Wasserstein(log_eigs,log_real_eigs): 0.938
torch.Size([64, 1600])
Epoch [715/1000], Wasserstein(eigs,real_eigs): 6578.467, Wasserstein(log_eigs,log_real_eigs): 1.227
torch.Size([64, 1600])
Epoch [716/1000], Wasserstein(eigs,real_eigs): 23342.777, Wasserstein(log_eigs,log_real_eigs): 1.142
torch.Size([64, 1600])
Epoch [717/1000], Wasserstein(eigs,real_eigs): 10954.593, Wasserstein(log_eigs,log_real_eigs): 1.360
torch.Size([64, 1600])
Epoch [718/1000], Wasserstein(eigs,real_eigs): 6284.211, Wasserstein(log_eigs,log_real_eigs): 1.086
torch.Size([64, 1600])
Epoch [719/1000], Wasserstein(eigs,real_eigs): 4498.929, Wasserstein(log_eigs,log_real_eigs): 0.967
torch.Size([64, 1600])
Epoch [720/1000], Wasserstein(eigs,real_eigs): 1717.510, Wasserstein(log_eigs,log_real_eigs): 0.999
torch.Size([64, 1600])
Epoch [721/1000], Wasserstein(eigs,real_eigs): 18952.280, Wasserstein(log_eigs,log_real_eigs): 1.187
torch.Size([64, 1600])
Epoch [722/1000], Wasserstein(eigs,real_eigs): 16312.188, Wasserstein(log_eigs,log_real_eigs): 1.094
torch.Size([64, 1600])
Epoch [723/1000], Wasserstein(eigs,real_eigs): 4170.379, Wasserstein(log_eigs,log_real_eigs): 1.202
torch.Size([64, 1600])
Epoch [724/1000], Wasserstein(eigs,real_eigs): 7731.439, Wasserstein(log_eigs,log_real_eigs): 1.346
torch.Size([64, 1600])
Epoch [725/1000], Wasserstein(eigs,real_eigs): 186.172, Wasserstein(log_eigs,log_real_eigs): 1.036
torch.Size([64, 1600])
Epoch [726/1000], Wasserstein(eigs,real_eigs): 334.317, Wasserstein(log_eigs,log_real_eigs): 1.221
torch.Size([64, 1600])
Epoch [727/1000], Wasserstein(eigs,real_eigs): 30147.431, Wasserstein(log_eigs,log_real_eigs): 1.570
torch.Size([64, 1600])
Epoch [728/1000], Wasserstein(eigs,real_eigs): 982.065, Wasserstein(log_eigs,log_real_eigs): 0.521
torch.Size([64, 1600])
Epoch [729/1000], Wasserstein(eigs,real_eigs): 9350.195, Wasserstein(log_eigs,log_real_eigs): 1.160
torch.Size([64, 1600])
Epoch [730/1000], Wasserstein(eigs,real_eigs): 2038.360, Wasserstein(log_eigs,log_real_eigs): 1.119
torch.Size([64, 1600])
Epoch [731/1000], Wasserstein(eigs,real_eigs): 18717.747, Wasserstein(log_eigs,log_real_eigs): 1.049
torch.Size([64, 1600])
Epoch [732/1000], Wasserstein(eigs,real_eigs): 23490.395, Wasserstein(log_eigs,log_real_eigs): 1.200
torch.Size([64, 1600])
Epoch [733/1000], Wasserstein(eigs,real_eigs): 19283.365, Wasserstein(log_eigs,log_real_eigs): 0.935
torch.Size([64, 1600])
Epoch [734/1000], Wasserstein(eigs,real_eigs): 3240.052, Wasserstein(log_eigs,log_real_eigs): 1.350
torch.Size([64, 1600])
Epoch [735/1000], Wasserstein(eigs,real_eigs): 4637.694, Wasserstein(log_eigs,log_real_eigs): 1.118
torch.Size([64, 1600])
Epoch [736/1000], Wasserstein(eigs,real_eigs): 32.964, Wasserstein(log_eigs,log_real_eigs): 0.780
torch.Size([64, 1600])
Epoch [737/1000], Wasserstein(eigs,real_eigs): 338.220, Wasserstein(log_eigs,log_real_eigs): 1.013
torch.Size([64, 1600])
Epoch [738/1000], Wasserstein(eigs,real_eigs): 2072.252, Wasserstein(log_eigs,log_real_eigs): 1.180
