2019-10-16 22:59:07.687390
Namespace(batch_size=64, dataroot='/home/jim/Documents/RandomBergman/KS4/data/', diff=0, epochs=1000, exp=None, h11=40, log_interval=1, lr=5e-05, lr_D=5e-05, lr_G=5e-05, model_type='GAN_DCGAN', n_critic_steps=5, newsize=40, num_geometries=2500, nz=15, outdir='./experiments/exp_GAN_DCGAN_40_15_10162019_225907', plot_interval=20, py_version=3, save=True, show_plots=False, test_batch_size=10000)
Namespace(batch_size=64, dataroot='/home/jim/Documents/RandomBergman/KS4/data/', diff=0, epochs=1000, exp=None, h11=40, log_interval=1, lr=5e-05, lr_D=5e-05, lr_G=5e-05, model_type='GAN_DCGAN', n_critic_steps=5, newsize=40, num_geometries=2500, nz=15, outdir='./experiments/exp_GAN_DCGAN_40_15_10162019_225907', plot_interval=20, py_version=3, save=True, show_plots=False, test_batch_size=10000)
Model type: GAN_DCGAN
Coomparing to Eigenvalue distribution collected from 3017 geometries
data: 64 40
torch.Size([64, 1600])
Epoch [0/1000], Wasserstein(eigs,real_eigs): 4.713, Wasserstein(log_eigs,log_real_eigs): 0.417
torch.Size([64, 1600])
Epoch [1/1000], Wasserstein(eigs,real_eigs): 830.995, Wasserstein(log_eigs,log_real_eigs): 1.794
torch.Size([64, 1600])
Epoch [2/1000], Wasserstein(eigs,real_eigs): 1170.919, Wasserstein(log_eigs,log_real_eigs): 2.047
torch.Size([64, 1600])
Epoch [3/1000], Wasserstein(eigs,real_eigs): 1338.523, Wasserstein(log_eigs,log_real_eigs): 2.071
torch.Size([64, 1600])
Epoch [4/1000], Wasserstein(eigs,real_eigs): 1358.972, Wasserstein(log_eigs,log_real_eigs): 2.082
torch.Size([64, 1600])
Epoch [5/1000], Wasserstein(eigs,real_eigs): 1201.422, Wasserstein(log_eigs,log_real_eigs): 2.114
torch.Size([64, 1600])
Epoch [6/1000], Wasserstein(eigs,real_eigs): 1174.506, Wasserstein(log_eigs,log_real_eigs): 2.112
torch.Size([64, 1600])
Epoch [7/1000], Wasserstein(eigs,real_eigs): 798.448, Wasserstein(log_eigs,log_real_eigs): 1.789
torch.Size([64, 1600])
Epoch [8/1000], Wasserstein(eigs,real_eigs): 825.188, Wasserstein(log_eigs,log_real_eigs): 1.921
torch.Size([64, 1600])
Epoch [9/1000], Wasserstein(eigs,real_eigs): 768.871, Wasserstein(log_eigs,log_real_eigs): 1.852
torch.Size([64, 1600])
Epoch [10/1000], Wasserstein(eigs,real_eigs): 691.670, Wasserstein(log_eigs,log_real_eigs): 1.857
torch.Size([64, 1600])
Epoch [11/1000], Wasserstein(eigs,real_eigs): 779.951, Wasserstein(log_eigs,log_real_eigs): 1.958
torch.Size([64, 1600])
Epoch [12/1000], Wasserstein(eigs,real_eigs): 687.747, Wasserstein(log_eigs,log_real_eigs): 1.815
torch.Size([64, 1600])
Epoch [13/1000], Wasserstein(eigs,real_eigs): 699.396, Wasserstein(log_eigs,log_real_eigs): 1.868
torch.Size([64, 1600])
Epoch [14/1000], Wasserstein(eigs,real_eigs): 658.108, Wasserstein(log_eigs,log_real_eigs): 1.835
torch.Size([64, 1600])
Epoch [15/1000], Wasserstein(eigs,real_eigs): 694.609, Wasserstein(log_eigs,log_real_eigs): 1.877
torch.Size([64, 1600])
Epoch [16/1000], Wasserstein(eigs,real_eigs): 691.123, Wasserstein(log_eigs,log_real_eigs): 1.882
torch.Size([64, 1600])
Epoch [17/1000], Wasserstein(eigs,real_eigs): 800.137, Wasserstein(log_eigs,log_real_eigs): 2.041
torch.Size([64, 1600])
Epoch [18/1000], Wasserstein(eigs,real_eigs): 740.446, Wasserstein(log_eigs,log_real_eigs): 2.031
torch.Size([64, 1600])
Epoch [19/1000], Wasserstein(eigs,real_eigs): 637.981, Wasserstein(log_eigs,log_real_eigs): 1.798
torch.Size([64, 1600])
Epoch [20/1000], Wasserstein(eigs,real_eigs): 745.659, Wasserstein(log_eigs,log_real_eigs): 1.764
torch.Size([64, 1600])
Epoch [21/1000], Wasserstein(eigs,real_eigs): 780.153, Wasserstein(log_eigs,log_real_eigs): 1.878
torch.Size([64, 1600])
Epoch [22/1000], Wasserstein(eigs,real_eigs): 626.025, Wasserstein(log_eigs,log_real_eigs): 1.910
torch.Size([64, 1600])
Epoch [23/1000], Wasserstein(eigs,real_eigs): 331.732, Wasserstein(log_eigs,log_real_eigs): 1.602
torch.Size([64, 1600])
Epoch [24/1000], Wasserstein(eigs,real_eigs): 371.048, Wasserstein(log_eigs,log_real_eigs): 1.581
torch.Size([64, 1600])
Epoch [25/1000], Wasserstein(eigs,real_eigs): 635.743, Wasserstein(log_eigs,log_real_eigs): 1.697
torch.Size([64, 1600])
Epoch [26/1000], Wasserstein(eigs,real_eigs): 464.653, Wasserstein(log_eigs,log_real_eigs): 1.648
torch.Size([64, 1600])
Epoch [27/1000], Wasserstein(eigs,real_eigs): 265.471, Wasserstein(log_eigs,log_real_eigs): 1.408
torch.Size([64, 1600])
Epoch [28/1000], Wasserstein(eigs,real_eigs): 281.415, Wasserstein(log_eigs,log_real_eigs): 1.401
torch.Size([64, 1600])
Epoch [29/1000], Wasserstein(eigs,real_eigs): 458.082, Wasserstein(log_eigs,log_real_eigs): 1.584
torch.Size([64, 1600])
Epoch [30/1000], Wasserstein(eigs,real_eigs): 467.006, Wasserstein(log_eigs,log_real_eigs): 1.670
torch.Size([64, 1600])
Epoch [31/1000], Wasserstein(eigs,real_eigs): 533.012, Wasserstein(log_eigs,log_real_eigs): 1.753
torch.Size([64, 1600])
Epoch [32/1000], Wasserstein(eigs,real_eigs): 369.147, Wasserstein(log_eigs,log_real_eigs): 1.557
torch.Size([64, 1600])
Epoch [33/1000], Wasserstein(eigs,real_eigs): 582.550, Wasserstein(log_eigs,log_real_eigs): 1.716
torch.Size([64, 1600])
Epoch [34/1000], Wasserstein(eigs,real_eigs): 276.558, Wasserstein(log_eigs,log_real_eigs): 1.507
torch.Size([64, 1600])
Epoch [35/1000], Wasserstein(eigs,real_eigs): 377.015, Wasserstein(log_eigs,log_real_eigs): 1.623
torch.Size([64, 1600])
Epoch [36/1000], Wasserstein(eigs,real_eigs): 307.148, Wasserstein(log_eigs,log_real_eigs): 1.555
torch.Size([64, 1600])
Epoch [37/1000], Wasserstein(eigs,real_eigs): 553.938, Wasserstein(log_eigs,log_real_eigs): 1.744
torch.Size([64, 1600])
Epoch [38/1000], Wasserstein(eigs,real_eigs): 704.827, Wasserstein(log_eigs,log_real_eigs): 1.882
torch.Size([64, 1600])
Epoch [39/1000], Wasserstein(eigs,real_eigs): 569.657, Wasserstein(log_eigs,log_real_eigs): 1.705
torch.Size([64, 1600])
Epoch [40/1000], Wasserstein(eigs,real_eigs): 774.977, Wasserstein(log_eigs,log_real_eigs): 1.925
torch.Size([64, 1600])
Epoch [41/1000], Wasserstein(eigs,real_eigs): 1019.619, Wasserstein(log_eigs,log_real_eigs): 2.071
torch.Size([64, 1600])
Epoch [42/1000], Wasserstein(eigs,real_eigs): 1261.260, Wasserstein(log_eigs,log_real_eigs): 2.170
torch.Size([64, 1600])
Epoch [43/1000], Wasserstein(eigs,real_eigs): 1177.050, Wasserstein(log_eigs,log_real_eigs): 2.128
torch.Size([64, 1600])
Epoch [44/1000], Wasserstein(eigs,real_eigs): 816.846, Wasserstein(log_eigs,log_real_eigs): 1.910
torch.Size([64, 1600])
Epoch [45/1000], Wasserstein(eigs,real_eigs): 580.062, Wasserstein(log_eigs,log_real_eigs): 1.795
torch.Size([64, 1600])
Epoch [46/1000], Wasserstein(eigs,real_eigs): 692.574, Wasserstein(log_eigs,log_real_eigs): 1.769
torch.Size([64, 1600])
Epoch [47/1000], Wasserstein(eigs,real_eigs): 667.320, Wasserstein(log_eigs,log_real_eigs): 1.983
torch.Size([64, 1600])
Epoch [48/1000], Wasserstein(eigs,real_eigs): 1294.836, Wasserstein(log_eigs,log_real_eigs): 2.168
torch.Size([64, 1600])
Epoch [49/1000], Wasserstein(eigs,real_eigs): 895.287, Wasserstein(log_eigs,log_real_eigs): 1.996
torch.Size([64, 1600])
Epoch [50/1000], Wasserstein(eigs,real_eigs): 700.025, Wasserstein(log_eigs,log_real_eigs): 1.892
torch.Size([64, 1600])
Epoch [51/1000], Wasserstein(eigs,real_eigs): 1386.499, Wasserstein(log_eigs,log_real_eigs): 2.144
torch.Size([64, 1600])
Epoch [52/1000], Wasserstein(eigs,real_eigs): 1445.688, Wasserstein(log_eigs,log_real_eigs): 2.309
torch.Size([64, 1600])
Epoch [53/1000], Wasserstein(eigs,real_eigs): 1406.185, Wasserstein(log_eigs,log_real_eigs): 2.232
torch.Size([64, 1600])
Epoch [54/1000], Wasserstein(eigs,real_eigs): 1089.958, Wasserstein(log_eigs,log_real_eigs): 2.113
torch.Size([64, 1600])
Epoch [55/1000], Wasserstein(eigs,real_eigs): 1334.702, Wasserstein(log_eigs,log_real_eigs): 2.154
torch.Size([64, 1600])
Epoch [56/1000], Wasserstein(eigs,real_eigs): 1267.494, Wasserstein(log_eigs,log_real_eigs): 2.123
torch.Size([64, 1600])
Epoch [57/1000], Wasserstein(eigs,real_eigs): 1817.931, Wasserstein(log_eigs,log_real_eigs): 2.363
torch.Size([64, 1600])
Epoch [58/1000], Wasserstein(eigs,real_eigs): 1374.912, Wasserstein(log_eigs,log_real_eigs): 2.193
torch.Size([64, 1600])
Epoch [59/1000], Wasserstein(eigs,real_eigs): 1874.761, Wasserstein(log_eigs,log_real_eigs): 2.328
torch.Size([64, 1600])
Epoch [60/1000], Wasserstein(eigs,real_eigs): 2510.389, Wasserstein(log_eigs,log_real_eigs): 2.442
torch.Size([64, 1600])
Epoch [61/1000], Wasserstein(eigs,real_eigs): 3595.774, Wasserstein(log_eigs,log_real_eigs): 2.625
torch.Size([64, 1600])
Epoch [62/1000], Wasserstein(eigs,real_eigs): 2588.439, Wasserstein(log_eigs,log_real_eigs): 2.507
torch.Size([64, 1600])
Epoch [63/1000], Wasserstein(eigs,real_eigs): 1735.007, Wasserstein(log_eigs,log_real_eigs): 2.259
torch.Size([64, 1600])
Epoch [64/1000], Wasserstein(eigs,real_eigs): 2039.506, Wasserstein(log_eigs,log_real_eigs): 2.357
torch.Size([64, 1600])
Epoch [65/1000], Wasserstein(eigs,real_eigs): 2774.264, Wasserstein(log_eigs,log_real_eigs): 2.532
torch.Size([64, 1600])
Epoch [66/1000], Wasserstein(eigs,real_eigs): 3590.666, Wasserstein(log_eigs,log_real_eigs): 2.609
torch.Size([64, 1600])
Epoch [67/1000], Wasserstein(eigs,real_eigs): 2861.993, Wasserstein(log_eigs,log_real_eigs): 2.518
torch.Size([64, 1600])
Epoch [68/1000], Wasserstein(eigs,real_eigs): 3433.344, Wasserstein(log_eigs,log_real_eigs): 2.614
torch.Size([64, 1600])
Epoch [69/1000], Wasserstein(eigs,real_eigs): 4627.496, Wasserstein(log_eigs,log_real_eigs): 2.747
torch.Size([64, 1600])
Epoch [70/1000], Wasserstein(eigs,real_eigs): 3556.649, Wasserstein(log_eigs,log_real_eigs): 2.556
torch.Size([64, 1600])
Epoch [71/1000], Wasserstein(eigs,real_eigs): 2541.870, Wasserstein(log_eigs,log_real_eigs): 2.445
torch.Size([64, 1600])
Epoch [72/1000], Wasserstein(eigs,real_eigs): 2807.605, Wasserstein(log_eigs,log_real_eigs): 2.448
torch.Size([64, 1600])
Epoch [73/1000], Wasserstein(eigs,real_eigs): 2535.649, Wasserstein(log_eigs,log_real_eigs): 2.543
torch.Size([64, 1600])
Epoch [74/1000], Wasserstein(eigs,real_eigs): 2786.839, Wasserstein(log_eigs,log_real_eigs): 2.529
torch.Size([64, 1600])
Epoch [75/1000], Wasserstein(eigs,real_eigs): 3685.195, Wasserstein(log_eigs,log_real_eigs): 2.762
torch.Size([64, 1600])
Epoch [76/1000], Wasserstein(eigs,real_eigs): 3396.768, Wasserstein(log_eigs,log_real_eigs): 2.558
torch.Size([64, 1600])
Epoch [77/1000], Wasserstein(eigs,real_eigs): 3507.297, Wasserstein(log_eigs,log_real_eigs): 2.637
torch.Size([64, 1600])
Epoch [78/1000], Wasserstein(eigs,real_eigs): 4295.002, Wasserstein(log_eigs,log_real_eigs): 2.694
torch.Size([64, 1600])
Epoch [79/1000], Wasserstein(eigs,real_eigs): 3938.686, Wasserstein(log_eigs,log_real_eigs): 2.704
torch.Size([64, 1600])
Epoch [80/1000], Wasserstein(eigs,real_eigs): 5746.748, Wasserstein(log_eigs,log_real_eigs): 2.853
torch.Size([64, 1600])
Epoch [81/1000], Wasserstein(eigs,real_eigs): 5363.046, Wasserstein(log_eigs,log_real_eigs): 2.840
torch.Size([64, 1600])
Epoch [82/1000], Wasserstein(eigs,real_eigs): 4656.225, Wasserstein(log_eigs,log_real_eigs): 2.787
torch.Size([64, 1600])
Epoch [83/1000], Wasserstein(eigs,real_eigs): 4825.892, Wasserstein(log_eigs,log_real_eigs): 2.825
torch.Size([64, 1600])
Epoch [84/1000], Wasserstein(eigs,real_eigs): 4156.099, Wasserstein(log_eigs,log_real_eigs): 2.719
torch.Size([64, 1600])
Epoch [85/1000], Wasserstein(eigs,real_eigs): 3875.269, Wasserstein(log_eigs,log_real_eigs): 2.727
torch.Size([64, 1600])
Epoch [86/1000], Wasserstein(eigs,real_eigs): 3640.153, Wasserstein(log_eigs,log_real_eigs): 2.674
torch.Size([64, 1600])
Epoch [87/1000], Wasserstein(eigs,real_eigs): 3811.125, Wasserstein(log_eigs,log_real_eigs): 2.690
torch.Size([64, 1600])
Epoch [88/1000], Wasserstein(eigs,real_eigs): 3508.564, Wasserstein(log_eigs,log_real_eigs): 2.698
torch.Size([64, 1600])
Epoch [89/1000], Wasserstein(eigs,real_eigs): 4832.257, Wasserstein(log_eigs,log_real_eigs): 2.773
torch.Size([64, 1600])
Epoch [90/1000], Wasserstein(eigs,real_eigs): 5662.700, Wasserstein(log_eigs,log_real_eigs): 2.697
torch.Size([64, 1600])
Epoch [91/1000], Wasserstein(eigs,real_eigs): 8614.423, Wasserstein(log_eigs,log_real_eigs): 3.058
torch.Size([64, 1600])
Epoch [92/1000], Wasserstein(eigs,real_eigs): 11503.978, Wasserstein(log_eigs,log_real_eigs): 3.242
torch.Size([64, 1600])
Epoch [93/1000], Wasserstein(eigs,real_eigs): 15086.860, Wasserstein(log_eigs,log_real_eigs): 3.295
torch.Size([64, 1600])
Epoch [94/1000], Wasserstein(eigs,real_eigs): 10695.194, Wasserstein(log_eigs,log_real_eigs): 3.135
torch.Size([64, 1600])
Epoch [95/1000], Wasserstein(eigs,real_eigs): 11844.169, Wasserstein(log_eigs,log_real_eigs): 3.172
torch.Size([64, 1600])
Epoch [96/1000], Wasserstein(eigs,real_eigs): 14082.747, Wasserstein(log_eigs,log_real_eigs): 3.291
torch.Size([64, 1600])
Epoch [97/1000], Wasserstein(eigs,real_eigs): 13540.960, Wasserstein(log_eigs,log_real_eigs): 3.220
torch.Size([64, 1600])
Epoch [98/1000], Wasserstein(eigs,real_eigs): 11234.376, Wasserstein(log_eigs,log_real_eigs): 3.191
torch.Size([64, 1600])
Epoch [99/1000], Wasserstein(eigs,real_eigs): 10406.672, Wasserstein(log_eigs,log_real_eigs): 3.143
torch.Size([64, 1600])
Epoch [100/1000], Wasserstein(eigs,real_eigs): 11734.472, Wasserstein(log_eigs,log_real_eigs): 3.143
torch.Size([64, 1600])
Epoch [101/1000], Wasserstein(eigs,real_eigs): 11307.166, Wasserstein(log_eigs,log_real_eigs): 3.171
torch.Size([64, 1600])
Epoch [102/1000], Wasserstein(eigs,real_eigs): 8963.454, Wasserstein(log_eigs,log_real_eigs): 3.061
torch.Size([64, 1600])
Epoch [103/1000], Wasserstein(eigs,real_eigs): 11658.103, Wasserstein(log_eigs,log_real_eigs): 3.207
torch.Size([64, 1600])
Epoch [104/1000], Wasserstein(eigs,real_eigs): 10697.259, Wasserstein(log_eigs,log_real_eigs): 3.164
torch.Size([64, 1600])
Epoch [105/1000], Wasserstein(eigs,real_eigs): 12251.706, Wasserstein(log_eigs,log_real_eigs): 3.262
torch.Size([64, 1600])
Epoch [106/1000], Wasserstein(eigs,real_eigs): 16160.819, Wasserstein(log_eigs,log_real_eigs): 3.304
torch.Size([64, 1600])
Epoch [107/1000], Wasserstein(eigs,real_eigs): 17760.338, Wasserstein(log_eigs,log_real_eigs): 3.402
torch.Size([64, 1600])
Epoch [108/1000], Wasserstein(eigs,real_eigs): 20069.902, Wasserstein(log_eigs,log_real_eigs): 3.510
torch.Size([64, 1600])
Epoch [109/1000], Wasserstein(eigs,real_eigs): 20998.794, Wasserstein(log_eigs,log_real_eigs): 3.480
torch.Size([64, 1600])
Epoch [110/1000], Wasserstein(eigs,real_eigs): 20084.820, Wasserstein(log_eigs,log_real_eigs): 3.512
torch.Size([64, 1600])
Epoch [111/1000], Wasserstein(eigs,real_eigs): 17431.255, Wasserstein(log_eigs,log_real_eigs): 3.372
torch.Size([64, 1600])
Epoch [112/1000], Wasserstein(eigs,real_eigs): 16912.100, Wasserstein(log_eigs,log_real_eigs): 3.528
torch.Size([64, 1600])
Epoch [113/1000], Wasserstein(eigs,real_eigs): 14763.625, Wasserstein(log_eigs,log_real_eigs): 3.287
torch.Size([64, 1600])
Epoch [114/1000], Wasserstein(eigs,real_eigs): 13606.967, Wasserstein(log_eigs,log_real_eigs): 3.368
torch.Size([64, 1600])
Epoch [115/1000], Wasserstein(eigs,real_eigs): 16882.041, Wasserstein(log_eigs,log_real_eigs): 3.453
torch.Size([64, 1600])
Epoch [116/1000], Wasserstein(eigs,real_eigs): 17976.550, Wasserstein(log_eigs,log_real_eigs): 3.477
torch.Size([64, 1600])
Epoch [117/1000], Wasserstein(eigs,real_eigs): 26249.910, Wasserstein(log_eigs,log_real_eigs): 3.613
torch.Size([64, 1600])
Epoch [118/1000], Wasserstein(eigs,real_eigs): 23423.348, Wasserstein(log_eigs,log_real_eigs): 3.461
torch.Size([64, 1600])
Epoch [119/1000], Wasserstein(eigs,real_eigs): 24795.201, Wasserstein(log_eigs,log_real_eigs): 3.640
torch.Size([64, 1600])
Epoch [120/1000], Wasserstein(eigs,real_eigs): 18766.693, Wasserstein(log_eigs,log_real_eigs): 3.482
torch.Size([64, 1600])
Epoch [121/1000], Wasserstein(eigs,real_eigs): 17282.492, Wasserstein(log_eigs,log_real_eigs): 3.413
torch.Size([64, 1600])
Epoch [122/1000], Wasserstein(eigs,real_eigs): 19479.567, Wasserstein(log_eigs,log_real_eigs): 3.474
torch.Size([64, 1600])
Epoch [123/1000], Wasserstein(eigs,real_eigs): 17812.294, Wasserstein(log_eigs,log_real_eigs): 3.496
torch.Size([64, 1600])
Epoch [124/1000], Wasserstein(eigs,real_eigs): 15822.419, Wasserstein(log_eigs,log_real_eigs): 3.465
torch.Size([64, 1600])
Epoch [125/1000], Wasserstein(eigs,real_eigs): 15253.294, Wasserstein(log_eigs,log_real_eigs): 3.373
torch.Size([64, 1600])
Epoch [126/1000], Wasserstein(eigs,real_eigs): 17808.722, Wasserstein(log_eigs,log_real_eigs): 3.530
torch.Size([64, 1600])
Epoch [127/1000], Wasserstein(eigs,real_eigs): 23854.166, Wasserstein(log_eigs,log_real_eigs): 3.633
torch.Size([64, 1600])
Epoch [128/1000], Wasserstein(eigs,real_eigs): 27684.684, Wasserstein(log_eigs,log_real_eigs): 3.602
torch.Size([64, 1600])
Epoch [129/1000], Wasserstein(eigs,real_eigs): 29063.930, Wasserstein(log_eigs,log_real_eigs): 3.604
torch.Size([64, 1600])
Epoch [130/1000], Wasserstein(eigs,real_eigs): 37093.238, Wasserstein(log_eigs,log_real_eigs): 3.672
torch.Size([64, 1600])
Epoch [131/1000], Wasserstein(eigs,real_eigs): 40782.991, Wasserstein(log_eigs,log_real_eigs): 3.549
torch.Size([64, 1600])
Epoch [132/1000], Wasserstein(eigs,real_eigs): 37028.602, Wasserstein(log_eigs,log_real_eigs): 3.905
torch.Size([64, 1600])
Epoch [133/1000], Wasserstein(eigs,real_eigs): 41807.956, Wasserstein(log_eigs,log_real_eigs): 3.728
torch.Size([64, 1600])
Epoch [134/1000], Wasserstein(eigs,real_eigs): 39887.377, Wasserstein(log_eigs,log_real_eigs): 3.818
torch.Size([64, 1600])
Epoch [135/1000], Wasserstein(eigs,real_eigs): 29059.643, Wasserstein(log_eigs,log_real_eigs): 3.702
torch.Size([64, 1600])
Epoch [136/1000], Wasserstein(eigs,real_eigs): 24482.024, Wasserstein(log_eigs,log_real_eigs): 3.626
torch.Size([64, 1600])
Epoch [137/1000], Wasserstein(eigs,real_eigs): 16872.229, Wasserstein(log_eigs,log_real_eigs): 3.494
torch.Size([64, 1600])
Epoch [138/1000], Wasserstein(eigs,real_eigs): 14342.726, Wasserstein(log_eigs,log_real_eigs): 3.394
torch.Size([64, 1600])
Epoch [139/1000], Wasserstein(eigs,real_eigs): 10990.455, Wasserstein(log_eigs,log_real_eigs): 3.309
torch.Size([64, 1600])
Epoch [140/1000], Wasserstein(eigs,real_eigs): 11240.103, Wasserstein(log_eigs,log_real_eigs): 3.342
torch.Size([64, 1600])
Epoch [141/1000], Wasserstein(eigs,real_eigs): 10923.450, Wasserstein(log_eigs,log_real_eigs): 3.251
torch.Size([64, 1600])
Epoch [142/1000], Wasserstein(eigs,real_eigs): 11789.334, Wasserstein(log_eigs,log_real_eigs): 3.365
torch.Size([64, 1600])
Epoch [143/1000], Wasserstein(eigs,real_eigs): 10767.444, Wasserstein(log_eigs,log_real_eigs): 3.240
torch.Size([64, 1600])
Epoch [144/1000], Wasserstein(eigs,real_eigs): 8402.900, Wasserstein(log_eigs,log_real_eigs): 3.147
torch.Size([64, 1600])
Epoch [145/1000], Wasserstein(eigs,real_eigs): 7218.639, Wasserstein(log_eigs,log_real_eigs): 3.060
torch.Size([64, 1600])
Epoch [146/1000], Wasserstein(eigs,real_eigs): 9037.979, Wasserstein(log_eigs,log_real_eigs): 3.130
torch.Size([64, 1600])
Epoch [147/1000], Wasserstein(eigs,real_eigs): 10465.975, Wasserstein(log_eigs,log_real_eigs): 3.292
torch.Size([64, 1600])
Epoch [148/1000], Wasserstein(eigs,real_eigs): 12174.105, Wasserstein(log_eigs,log_real_eigs): 3.324
torch.Size([64, 1600])
Epoch [149/1000], Wasserstein(eigs,real_eigs): 13098.519, Wasserstein(log_eigs,log_real_eigs): 3.356
torch.Size([64, 1600])
Epoch [150/1000], Wasserstein(eigs,real_eigs): 12368.515, Wasserstein(log_eigs,log_real_eigs): 3.344
torch.Size([64, 1600])
Epoch [151/1000], Wasserstein(eigs,real_eigs): 13325.176, Wasserstein(log_eigs,log_real_eigs): 3.346
torch.Size([64, 1600])
Epoch [152/1000], Wasserstein(eigs,real_eigs): 13836.894, Wasserstein(log_eigs,log_real_eigs): 3.344
torch.Size([64, 1600])
Epoch [153/1000], Wasserstein(eigs,real_eigs): 14554.345, Wasserstein(log_eigs,log_real_eigs): 3.401
torch.Size([64, 1600])
Epoch [154/1000], Wasserstein(eigs,real_eigs): 17146.441, Wasserstein(log_eigs,log_real_eigs): 3.406
torch.Size([64, 1600])
Epoch [155/1000], Wasserstein(eigs,real_eigs): 16427.312, Wasserstein(log_eigs,log_real_eigs): 3.440
torch.Size([64, 1600])
Epoch [156/1000], Wasserstein(eigs,real_eigs): 16190.266, Wasserstein(log_eigs,log_real_eigs): 3.476
torch.Size([64, 1600])
Epoch [157/1000], Wasserstein(eigs,real_eigs): 19045.954, Wasserstein(log_eigs,log_real_eigs): 3.489
torch.Size([64, 1600])
Epoch [158/1000], Wasserstein(eigs,real_eigs): 24920.787, Wasserstein(log_eigs,log_real_eigs): 3.603
torch.Size([64, 1600])
Epoch [159/1000], Wasserstein(eigs,real_eigs): 28832.030, Wasserstein(log_eigs,log_real_eigs): 3.653
torch.Size([64, 1600])
Epoch [160/1000], Wasserstein(eigs,real_eigs): 16954.161, Wasserstein(log_eigs,log_real_eigs): 3.472
torch.Size([64, 1600])
Epoch [161/1000], Wasserstein(eigs,real_eigs): 17455.480, Wasserstein(log_eigs,log_real_eigs): 3.519
torch.Size([64, 1600])
Epoch [162/1000], Wasserstein(eigs,real_eigs): 20387.564, Wasserstein(log_eigs,log_real_eigs): 3.448
torch.Size([64, 1600])
Epoch [163/1000], Wasserstein(eigs,real_eigs): 19002.369, Wasserstein(log_eigs,log_real_eigs): 3.505
torch.Size([64, 1600])
Epoch [164/1000], Wasserstein(eigs,real_eigs): 20564.199, Wasserstein(log_eigs,log_real_eigs): 3.475
torch.Size([64, 1600])
Epoch [165/1000], Wasserstein(eigs,real_eigs): 22265.929, Wasserstein(log_eigs,log_real_eigs): 3.535
torch.Size([64, 1600])
Epoch [166/1000], Wasserstein(eigs,real_eigs): 22981.220, Wasserstein(log_eigs,log_real_eigs): 3.614
torch.Size([64, 1600])
Epoch [167/1000], Wasserstein(eigs,real_eigs): 25257.984, Wasserstein(log_eigs,log_real_eigs): 3.594
torch.Size([64, 1600])
Epoch [168/1000], Wasserstein(eigs,real_eigs): 26930.947, Wasserstein(log_eigs,log_real_eigs): 3.691
torch.Size([64, 1600])
Epoch [169/1000], Wasserstein(eigs,real_eigs): 23971.556, Wasserstein(log_eigs,log_real_eigs): 3.676
torch.Size([64, 1600])
Epoch [170/1000], Wasserstein(eigs,real_eigs): 29987.056, Wasserstein(log_eigs,log_real_eigs): 3.813
torch.Size([64, 1600])
Epoch [171/1000], Wasserstein(eigs,real_eigs): 35034.161, Wasserstein(log_eigs,log_real_eigs): 3.739
torch.Size([64, 1600])
Epoch [172/1000], Wasserstein(eigs,real_eigs): 31954.209, Wasserstein(log_eigs,log_real_eigs): 3.770
torch.Size([64, 1600])
Epoch [173/1000], Wasserstein(eigs,real_eigs): 29895.079, Wasserstein(log_eigs,log_real_eigs): 3.746
torch.Size([64, 1600])
Epoch [174/1000], Wasserstein(eigs,real_eigs): 25037.198, Wasserstein(log_eigs,log_real_eigs): 3.587
torch.Size([64, 1600])
Epoch [175/1000], Wasserstein(eigs,real_eigs): 25284.049, Wasserstein(log_eigs,log_real_eigs): 3.663
torch.Size([64, 1600])
Epoch [176/1000], Wasserstein(eigs,real_eigs): 27120.732, Wasserstein(log_eigs,log_real_eigs): 3.713
torch.Size([64, 1600])
Epoch [177/1000], Wasserstein(eigs,real_eigs): 31300.961, Wasserstein(log_eigs,log_real_eigs): 3.726
torch.Size([64, 1600])
Epoch [178/1000], Wasserstein(eigs,real_eigs): 29356.195, Wasserstein(log_eigs,log_real_eigs): 3.654
torch.Size([64, 1600])
Epoch [179/1000], Wasserstein(eigs,real_eigs): 38297.920, Wasserstein(log_eigs,log_real_eigs): 3.739
torch.Size([64, 1600])
Epoch [180/1000], Wasserstein(eigs,real_eigs): 49987.467, Wasserstein(log_eigs,log_real_eigs): 3.898
torch.Size([64, 1600])
Epoch [181/1000], Wasserstein(eigs,real_eigs): 40277.977, Wasserstein(log_eigs,log_real_eigs): 3.875
torch.Size([64, 1600])
Epoch [182/1000], Wasserstein(eigs,real_eigs): 45354.303, Wasserstein(log_eigs,log_real_eigs): 3.877
torch.Size([64, 1600])
Epoch [183/1000], Wasserstein(eigs,real_eigs): 42402.867, Wasserstein(log_eigs,log_real_eigs): 3.950
torch.Size([64, 1600])
Epoch [184/1000], Wasserstein(eigs,real_eigs): 39525.306, Wasserstein(log_eigs,log_real_eigs): 3.811
torch.Size([64, 1600])
Epoch [185/1000], Wasserstein(eigs,real_eigs): 38124.121, Wasserstein(log_eigs,log_real_eigs): 3.864
torch.Size([64, 1600])
Epoch [186/1000], Wasserstein(eigs,real_eigs): 35631.960, Wasserstein(log_eigs,log_real_eigs): 3.824
torch.Size([64, 1600])
Epoch [187/1000], Wasserstein(eigs,real_eigs): 34660.224, Wasserstein(log_eigs,log_real_eigs): 3.857
torch.Size([64, 1600])
Epoch [188/1000], Wasserstein(eigs,real_eigs): 31523.952, Wasserstein(log_eigs,log_real_eigs): 3.790
torch.Size([64, 1600])
Epoch [189/1000], Wasserstein(eigs,real_eigs): 31313.458, Wasserstein(log_eigs,log_real_eigs): 3.861
torch.Size([64, 1600])
Epoch [190/1000], Wasserstein(eigs,real_eigs): 28759.511, Wasserstein(log_eigs,log_real_eigs): 3.769
torch.Size([64, 1600])
Epoch [191/1000], Wasserstein(eigs,real_eigs): 25696.398, Wasserstein(log_eigs,log_real_eigs): 3.619
torch.Size([64, 1600])
Epoch [192/1000], Wasserstein(eigs,real_eigs): 28409.397, Wasserstein(log_eigs,log_real_eigs): 3.693
torch.Size([64, 1600])
Epoch [193/1000], Wasserstein(eigs,real_eigs): 36796.168, Wasserstein(log_eigs,log_real_eigs): 3.843
torch.Size([64, 1600])
Epoch [194/1000], Wasserstein(eigs,real_eigs): 39761.851, Wasserstein(log_eigs,log_real_eigs): 3.916
torch.Size([64, 1600])
Epoch [195/1000], Wasserstein(eigs,real_eigs): 35659.053, Wasserstein(log_eigs,log_real_eigs): 3.806
torch.Size([64, 1600])
Epoch [196/1000], Wasserstein(eigs,real_eigs): 36861.458, Wasserstein(log_eigs,log_real_eigs): 3.783
torch.Size([64, 1600])
Epoch [197/1000], Wasserstein(eigs,real_eigs): 46680.058, Wasserstein(log_eigs,log_real_eigs): 3.940
torch.Size([64, 1600])
Epoch [198/1000], Wasserstein(eigs,real_eigs): 40215.606, Wasserstein(log_eigs,log_real_eigs): 3.793
torch.Size([64, 1600])
Epoch [199/1000], Wasserstein(eigs,real_eigs): 33141.837, Wasserstein(log_eigs,log_real_eigs): 3.807
torch.Size([64, 1600])
Epoch [200/1000], Wasserstein(eigs,real_eigs): 37702.522, Wasserstein(log_eigs,log_real_eigs): 3.836
torch.Size([64, 1600])
Epoch [201/1000], Wasserstein(eigs,real_eigs): 39747.104, Wasserstein(log_eigs,log_real_eigs): 3.879
torch.Size([64, 1600])
Epoch [202/1000], Wasserstein(eigs,real_eigs): 47303.857, Wasserstein(log_eigs,log_real_eigs): 3.994
torch.Size([64, 1600])
Epoch [203/1000], Wasserstein(eigs,real_eigs): 46273.682, Wasserstein(log_eigs,log_real_eigs): 3.910
torch.Size([64, 1600])
Epoch [204/1000], Wasserstein(eigs,real_eigs): 49347.700, Wasserstein(log_eigs,log_real_eigs): 3.935
torch.Size([64, 1600])
Epoch [205/1000], Wasserstein(eigs,real_eigs): 57138.180, Wasserstein(log_eigs,log_real_eigs): 4.099
torch.Size([64, 1600])
Epoch [206/1000], Wasserstein(eigs,real_eigs): 48311.632, Wasserstein(log_eigs,log_real_eigs): 3.965
torch.Size([64, 1600])
Epoch [207/1000], Wasserstein(eigs,real_eigs): 44526.854, Wasserstein(log_eigs,log_real_eigs): 3.975
torch.Size([64, 1600])
Epoch [208/1000], Wasserstein(eigs,real_eigs): 40398.215, Wasserstein(log_eigs,log_real_eigs): 3.847
torch.Size([64, 1600])
Epoch [209/1000], Wasserstein(eigs,real_eigs): 40039.758, Wasserstein(log_eigs,log_real_eigs): 3.834
torch.Size([64, 1600])
Epoch [210/1000], Wasserstein(eigs,real_eigs): 43738.752, Wasserstein(log_eigs,log_real_eigs): 3.892
torch.Size([64, 1600])
Epoch [211/1000], Wasserstein(eigs,real_eigs): 45749.281, Wasserstein(log_eigs,log_real_eigs): 3.918
torch.Size([64, 1600])
Epoch [212/1000], Wasserstein(eigs,real_eigs): 46743.977, Wasserstein(log_eigs,log_real_eigs): 3.967
torch.Size([64, 1600])
Epoch [213/1000], Wasserstein(eigs,real_eigs): 42800.473, Wasserstein(log_eigs,log_real_eigs): 3.855
torch.Size([64, 1600])
Epoch [214/1000], Wasserstein(eigs,real_eigs): 47098.177, Wasserstein(log_eigs,log_real_eigs): 3.915
torch.Size([64, 1600])
Epoch [215/1000], Wasserstein(eigs,real_eigs): 55417.040, Wasserstein(log_eigs,log_real_eigs): 3.982
torch.Size([64, 1600])
Epoch [216/1000], Wasserstein(eigs,real_eigs): 53455.320, Wasserstein(log_eigs,log_real_eigs): 3.971
torch.Size([64, 1600])
Epoch [217/1000], Wasserstein(eigs,real_eigs): 49183.144, Wasserstein(log_eigs,log_real_eigs): 3.963
torch.Size([64, 1600])
Epoch [218/1000], Wasserstein(eigs,real_eigs): 55726.043, Wasserstein(log_eigs,log_real_eigs): 3.956
torch.Size([64, 1600])
Epoch [219/1000], Wasserstein(eigs,real_eigs): 55955.713, Wasserstein(log_eigs,log_real_eigs): 3.924
torch.Size([64, 1600])
Epoch [220/1000], Wasserstein(eigs,real_eigs): 62217.538, Wasserstein(log_eigs,log_real_eigs): 4.036
torch.Size([64, 1600])
Epoch [221/1000], Wasserstein(eigs,real_eigs): 63406.608, Wasserstein(log_eigs,log_real_eigs): 4.083
torch.Size([64, 1600])
Epoch [222/1000], Wasserstein(eigs,real_eigs): 51375.500, Wasserstein(log_eigs,log_real_eigs): 3.970
torch.Size([64, 1600])
Epoch [223/1000], Wasserstein(eigs,real_eigs): 42567.117, Wasserstein(log_eigs,log_real_eigs): 3.884
torch.Size([64, 1600])
Epoch [224/1000], Wasserstein(eigs,real_eigs): 43629.648, Wasserstein(log_eigs,log_real_eigs): 3.915
torch.Size([64, 1600])
Epoch [225/1000], Wasserstein(eigs,real_eigs): 52222.382, Wasserstein(log_eigs,log_real_eigs): 4.049
torch.Size([64, 1600])
Epoch [226/1000], Wasserstein(eigs,real_eigs): 50034.375, Wasserstein(log_eigs,log_real_eigs): 4.025
torch.Size([64, 1600])
Epoch [227/1000], Wasserstein(eigs,real_eigs): 45589.291, Wasserstein(log_eigs,log_real_eigs): 3.985
torch.Size([64, 1600])
Epoch [228/1000], Wasserstein(eigs,real_eigs): 37746.863, Wasserstein(log_eigs,log_real_eigs): 3.761
torch.Size([64, 1600])
Epoch [229/1000], Wasserstein(eigs,real_eigs): 34850.188, Wasserstein(log_eigs,log_real_eigs): 3.740
torch.Size([64, 1600])
Epoch [230/1000], Wasserstein(eigs,real_eigs): 36410.054, Wasserstein(log_eigs,log_real_eigs): 3.795
torch.Size([64, 1600])
Epoch [231/1000], Wasserstein(eigs,real_eigs): 33852.786, Wasserstein(log_eigs,log_real_eigs): 3.706
torch.Size([64, 1600])
Epoch [232/1000], Wasserstein(eigs,real_eigs): 35304.359, Wasserstein(log_eigs,log_real_eigs): 3.840
torch.Size([64, 1600])
Epoch [233/1000], Wasserstein(eigs,real_eigs): 36038.631, Wasserstein(log_eigs,log_real_eigs): 3.836
torch.Size([64, 1600])
Epoch [234/1000], Wasserstein(eigs,real_eigs): 38626.299, Wasserstein(log_eigs,log_real_eigs): 3.894
torch.Size([64, 1600])
Epoch [235/1000], Wasserstein(eigs,real_eigs): 35281.082, Wasserstein(log_eigs,log_real_eigs): 3.842
torch.Size([64, 1600])
Epoch [236/1000], Wasserstein(eigs,real_eigs): 37757.992, Wasserstein(log_eigs,log_real_eigs): 3.869
torch.Size([64, 1600])
Epoch [237/1000], Wasserstein(eigs,real_eigs): 36797.943, Wasserstein(log_eigs,log_real_eigs): 3.812
torch.Size([64, 1600])
Epoch [238/1000], Wasserstein(eigs,real_eigs): 33618.399, Wasserstein(log_eigs,log_real_eigs): 3.756
torch.Size([64, 1600])
Epoch [239/1000], Wasserstein(eigs,real_eigs): 36117.415, Wasserstein(log_eigs,log_real_eigs): 3.875
torch.Size([64, 1600])
Epoch [240/1000], Wasserstein(eigs,real_eigs): 41213.013, Wasserstein(log_eigs,log_real_eigs): 3.922
torch.Size([64, 1600])
Epoch [241/1000], Wasserstein(eigs,real_eigs): 40648.665, Wasserstein(log_eigs,log_real_eigs): 3.942
torch.Size([64, 1600])
Epoch [242/1000], Wasserstein(eigs,real_eigs): 41918.697, Wasserstein(log_eigs,log_real_eigs): 3.929
torch.Size([64, 1600])
Epoch [243/1000], Wasserstein(eigs,real_eigs): 46112.949, Wasserstein(log_eigs,log_real_eigs): 3.896
torch.Size([64, 1600])
Epoch [244/1000], Wasserstein(eigs,real_eigs): 57742.706, Wasserstein(log_eigs,log_real_eigs): 4.034
torch.Size([64, 1600])
Epoch [245/1000], Wasserstein(eigs,real_eigs): 65879.513, Wasserstein(log_eigs,log_real_eigs): 4.047
torch.Size([64, 1600])
Epoch [246/1000], Wasserstein(eigs,real_eigs): 63842.936, Wasserstein(log_eigs,log_real_eigs): 4.066
torch.Size([64, 1600])
Epoch [247/1000], Wasserstein(eigs,real_eigs): 60995.158, Wasserstein(log_eigs,log_real_eigs): 4.036
torch.Size([64, 1600])
Epoch [248/1000], Wasserstein(eigs,real_eigs): 63534.515, Wasserstein(log_eigs,log_real_eigs): 4.051
torch.Size([64, 1600])
Epoch [249/1000], Wasserstein(eigs,real_eigs): 66068.197, Wasserstein(log_eigs,log_real_eigs): 4.084
torch.Size([64, 1600])
Epoch [250/1000], Wasserstein(eigs,real_eigs): 61658.650, Wasserstein(log_eigs,log_real_eigs): 4.104
torch.Size([64, 1600])
Epoch [251/1000], Wasserstein(eigs,real_eigs): 66666.526, Wasserstein(log_eigs,log_real_eigs): 4.081
torch.Size([64, 1600])
Epoch [252/1000], Wasserstein(eigs,real_eigs): 48568.497, Wasserstein(log_eigs,log_real_eigs): 3.979
torch.Size([64, 1600])
Epoch [253/1000], Wasserstein(eigs,real_eigs): 52185.428, Wasserstein(log_eigs,log_real_eigs): 3.939
torch.Size([64, 1600])
Epoch [254/1000], Wasserstein(eigs,real_eigs): 56054.128, Wasserstein(log_eigs,log_real_eigs): 4.058
torch.Size([64, 1600])
Epoch [255/1000], Wasserstein(eigs,real_eigs): 54493.625, Wasserstein(log_eigs,log_real_eigs): 3.981
torch.Size([64, 1600])
Epoch [256/1000], Wasserstein(eigs,real_eigs): 52475.057, Wasserstein(log_eigs,log_real_eigs): 4.018
torch.Size([64, 1600])
Epoch [257/1000], Wasserstein(eigs,real_eigs): 38390.168, Wasserstein(log_eigs,log_real_eigs): 3.848
torch.Size([64, 1600])
Epoch [258/1000], Wasserstein(eigs,real_eigs): 33803.671, Wasserstein(log_eigs,log_real_eigs): 3.853
torch.Size([64, 1600])
Epoch [259/1000], Wasserstein(eigs,real_eigs): 30924.157, Wasserstein(log_eigs,log_real_eigs): 3.801
torch.Size([64, 1600])
Epoch [260/1000], Wasserstein(eigs,real_eigs): 30355.230, Wasserstein(log_eigs,log_real_eigs): 3.698
torch.Size([64, 1600])
Epoch [261/1000], Wasserstein(eigs,real_eigs): 42141.517, Wasserstein(log_eigs,log_real_eigs): 3.915
torch.Size([64, 1600])
Epoch [262/1000], Wasserstein(eigs,real_eigs): 45402.511, Wasserstein(log_eigs,log_real_eigs): 3.983
torch.Size([64, 1600])
Epoch [263/1000], Wasserstein(eigs,real_eigs): 43650.903, Wasserstein(log_eigs,log_real_eigs): 4.022
torch.Size([64, 1600])
Epoch [264/1000], Wasserstein(eigs,real_eigs): 44102.208, Wasserstein(log_eigs,log_real_eigs): 3.917
torch.Size([64, 1600])
Epoch [265/1000], Wasserstein(eigs,real_eigs): 41650.631, Wasserstein(log_eigs,log_real_eigs): 3.875
torch.Size([64, 1600])
Epoch [266/1000], Wasserstein(eigs,real_eigs): 38149.819, Wasserstein(log_eigs,log_real_eigs): 3.883
torch.Size([64, 1600])
Epoch [267/1000], Wasserstein(eigs,real_eigs): 38987.289, Wasserstein(log_eigs,log_real_eigs): 3.906
torch.Size([64, 1600])
Epoch [268/1000], Wasserstein(eigs,real_eigs): 44721.313, Wasserstein(log_eigs,log_real_eigs): 3.943
torch.Size([64, 1600])
Epoch [269/1000], Wasserstein(eigs,real_eigs): 45275.599, Wasserstein(log_eigs,log_real_eigs): 3.996
torch.Size([64, 1600])
Epoch [270/1000], Wasserstein(eigs,real_eigs): 42767.662, Wasserstein(log_eigs,log_real_eigs): 3.988
torch.Size([64, 1600])
Epoch [271/1000], Wasserstein(eigs,real_eigs): 45455.694, Wasserstein(log_eigs,log_real_eigs): 3.962
torch.Size([64, 1600])
Epoch [272/1000], Wasserstein(eigs,real_eigs): 45261.300, Wasserstein(log_eigs,log_real_eigs): 4.048
torch.Size([64, 1600])
Epoch [273/1000], Wasserstein(eigs,real_eigs): 39907.223, Wasserstein(log_eigs,log_real_eigs): 3.924
torch.Size([64, 1600])
Epoch [274/1000], Wasserstein(eigs,real_eigs): 41697.217, Wasserstein(log_eigs,log_real_eigs): 3.965
torch.Size([64, 1600])
Epoch [275/1000], Wasserstein(eigs,real_eigs): 40388.856, Wasserstein(log_eigs,log_real_eigs): 3.984
torch.Size([64, 1600])
Epoch [276/1000], Wasserstein(eigs,real_eigs): 36515.070, Wasserstein(log_eigs,log_real_eigs): 3.801
torch.Size([64, 1600])
Epoch [277/1000], Wasserstein(eigs,real_eigs): 37097.665, Wasserstein(log_eigs,log_real_eigs): 3.848
torch.Size([64, 1600])
Epoch [278/1000], Wasserstein(eigs,real_eigs): 39473.970, Wasserstein(log_eigs,log_real_eigs): 3.884
torch.Size([64, 1600])
Epoch [279/1000], Wasserstein(eigs,real_eigs): 37706.882, Wasserstein(log_eigs,log_real_eigs): 3.892
torch.Size([64, 1600])
Epoch [280/1000], Wasserstein(eigs,real_eigs): 34093.735, Wasserstein(log_eigs,log_real_eigs): 3.849
torch.Size([64, 1600])
Epoch [281/1000], Wasserstein(eigs,real_eigs): 40333.713, Wasserstein(log_eigs,log_real_eigs): 3.957
torch.Size([64, 1600])
Epoch [282/1000], Wasserstein(eigs,real_eigs): 39432.768, Wasserstein(log_eigs,log_real_eigs): 3.985
torch.Size([64, 1600])
Epoch [283/1000], Wasserstein(eigs,real_eigs): 42664.755, Wasserstein(log_eigs,log_real_eigs): 3.957
torch.Size([64, 1600])
Epoch [284/1000], Wasserstein(eigs,real_eigs): 51213.454, Wasserstein(log_eigs,log_real_eigs): 4.027
torch.Size([64, 1600])
Epoch [285/1000], Wasserstein(eigs,real_eigs): 52816.804, Wasserstein(log_eigs,log_real_eigs): 4.028
torch.Size([64, 1600])
Epoch [286/1000], Wasserstein(eigs,real_eigs): 63395.289, Wasserstein(log_eigs,log_real_eigs): 4.087
torch.Size([64, 1600])
Epoch [287/1000], Wasserstein(eigs,real_eigs): 57854.388, Wasserstein(log_eigs,log_real_eigs): 4.110
torch.Size([64, 1600])
Epoch [288/1000], Wasserstein(eigs,real_eigs): 49844.360, Wasserstein(log_eigs,log_real_eigs): 3.985
torch.Size([64, 1600])
Epoch [289/1000], Wasserstein(eigs,real_eigs): 60872.551, Wasserstein(log_eigs,log_real_eigs): 4.053
torch.Size([64, 1600])
Epoch [290/1000], Wasserstein(eigs,real_eigs): 51586.769, Wasserstein(log_eigs,log_real_eigs): 4.021
torch.Size([64, 1600])
Epoch [291/1000], Wasserstein(eigs,real_eigs): 35740.712, Wasserstein(log_eigs,log_real_eigs): 3.807
torch.Size([64, 1600])
Epoch [292/1000], Wasserstein(eigs,real_eigs): 32297.661, Wasserstein(log_eigs,log_real_eigs): 3.841
torch.Size([64, 1600])
Epoch [293/1000], Wasserstein(eigs,real_eigs): 34916.566, Wasserstein(log_eigs,log_real_eigs): 3.888
torch.Size([64, 1600])
Epoch [294/1000], Wasserstein(eigs,real_eigs): 32729.645, Wasserstein(log_eigs,log_real_eigs): 3.811
torch.Size([64, 1600])
Epoch [295/1000], Wasserstein(eigs,real_eigs): 38390.918, Wasserstein(log_eigs,log_real_eigs): 3.908
torch.Size([64, 1600])
Epoch [296/1000], Wasserstein(eigs,real_eigs): 35466.846, Wasserstein(log_eigs,log_real_eigs): 3.819
torch.Size([64, 1600])
Epoch [297/1000], Wasserstein(eigs,real_eigs): 26690.307, Wasserstein(log_eigs,log_real_eigs): 3.776
torch.Size([64, 1600])
Epoch [298/1000], Wasserstein(eigs,real_eigs): 32840.893, Wasserstein(log_eigs,log_real_eigs): 3.847
torch.Size([64, 1600])
Epoch [299/1000], Wasserstein(eigs,real_eigs): 31675.288, Wasserstein(log_eigs,log_real_eigs): 3.796
torch.Size([64, 1600])
Epoch [300/1000], Wasserstein(eigs,real_eigs): 35530.167, Wasserstein(log_eigs,log_real_eigs): 3.863
torch.Size([64, 1600])
Epoch [301/1000], Wasserstein(eigs,real_eigs): 39567.300, Wasserstein(log_eigs,log_real_eigs): 3.899
torch.Size([64, 1600])
Epoch [302/1000], Wasserstein(eigs,real_eigs): 43336.076, Wasserstein(log_eigs,log_real_eigs): 4.039
torch.Size([64, 1600])
Epoch [303/1000], Wasserstein(eigs,real_eigs): 39867.176, Wasserstein(log_eigs,log_real_eigs): 3.936
torch.Size([64, 1600])
Epoch [304/1000], Wasserstein(eigs,real_eigs): 51518.775, Wasserstein(log_eigs,log_real_eigs): 4.023
torch.Size([64, 1600])
Epoch [305/1000], Wasserstein(eigs,real_eigs): 60547.336, Wasserstein(log_eigs,log_real_eigs): 4.021
torch.Size([64, 1600])
Epoch [306/1000], Wasserstein(eigs,real_eigs): 37397.334, Wasserstein(log_eigs,log_real_eigs): 3.870
torch.Size([64, 1600])
Epoch [307/1000], Wasserstein(eigs,real_eigs): 41103.555, Wasserstein(log_eigs,log_real_eigs): 3.934
torch.Size([64, 1600])
Epoch [308/1000], Wasserstein(eigs,real_eigs): 37570.591, Wasserstein(log_eigs,log_real_eigs): 3.867
torch.Size([64, 1600])
Epoch [309/1000], Wasserstein(eigs,real_eigs): 49590.904, Wasserstein(log_eigs,log_real_eigs): 4.002
torch.Size([64, 1600])
Epoch [310/1000], Wasserstein(eigs,real_eigs): 42299.929, Wasserstein(log_eigs,log_real_eigs): 3.949
torch.Size([64, 1600])
Epoch [311/1000], Wasserstein(eigs,real_eigs): 43418.502, Wasserstein(log_eigs,log_real_eigs): 3.972
torch.Size([64, 1600])
Epoch [312/1000], Wasserstein(eigs,real_eigs): 28807.181, Wasserstein(log_eigs,log_real_eigs): 3.817
torch.Size([64, 1600])
Epoch [313/1000], Wasserstein(eigs,real_eigs): 33565.856, Wasserstein(log_eigs,log_real_eigs): 3.939
torch.Size([64, 1600])
Epoch [314/1000], Wasserstein(eigs,real_eigs): 31316.227, Wasserstein(log_eigs,log_real_eigs): 3.830
torch.Size([64, 1600])
Epoch [315/1000], Wasserstein(eigs,real_eigs): 25050.374, Wasserstein(log_eigs,log_real_eigs): 3.678
torch.Size([64, 1600])
Epoch [316/1000], Wasserstein(eigs,real_eigs): 29861.739, Wasserstein(log_eigs,log_real_eigs): 3.782
torch.Size([64, 1600])
Epoch [317/1000], Wasserstein(eigs,real_eigs): 23892.325, Wasserstein(log_eigs,log_real_eigs): 3.717
torch.Size([64, 1600])
Epoch [318/1000], Wasserstein(eigs,real_eigs): 23340.859, Wasserstein(log_eigs,log_real_eigs): 3.669
torch.Size([64, 1600])
Epoch [319/1000], Wasserstein(eigs,real_eigs): 45013.734, Wasserstein(log_eigs,log_real_eigs): 3.941
torch.Size([64, 1600])
Epoch [320/1000], Wasserstein(eigs,real_eigs): 64073.371, Wasserstein(log_eigs,log_real_eigs): 4.196
torch.Size([64, 1600])
Epoch [321/1000], Wasserstein(eigs,real_eigs): 51523.999, Wasserstein(log_eigs,log_real_eigs): 4.035
torch.Size([64, 1600])
Epoch [322/1000], Wasserstein(eigs,real_eigs): 51727.708, Wasserstein(log_eigs,log_real_eigs): 4.024
torch.Size([64, 1600])
Epoch [323/1000], Wasserstein(eigs,real_eigs): 60031.407, Wasserstein(log_eigs,log_real_eigs): 4.147
torch.Size([64, 1600])
Epoch [324/1000], Wasserstein(eigs,real_eigs): 33132.617, Wasserstein(log_eigs,log_real_eigs): 3.867
torch.Size([64, 1600])
Epoch [325/1000], Wasserstein(eigs,real_eigs): 32646.742, Wasserstein(log_eigs,log_real_eigs): 3.915
torch.Size([64, 1600])
Epoch [326/1000], Wasserstein(eigs,real_eigs): 31955.902, Wasserstein(log_eigs,log_real_eigs): 3.916
torch.Size([64, 1600])
Epoch [327/1000], Wasserstein(eigs,real_eigs): 34591.736, Wasserstein(log_eigs,log_real_eigs): 3.891
torch.Size([64, 1600])
Epoch [328/1000], Wasserstein(eigs,real_eigs): 37749.964, Wasserstein(log_eigs,log_real_eigs): 3.913
torch.Size([64, 1600])
Epoch [329/1000], Wasserstein(eigs,real_eigs): 43360.349, Wasserstein(log_eigs,log_real_eigs): 4.005
torch.Size([64, 1600])
Epoch [330/1000], Wasserstein(eigs,real_eigs): 45372.167, Wasserstein(log_eigs,log_real_eigs): 4.062
torch.Size([64, 1600])
Epoch [331/1000], Wasserstein(eigs,real_eigs): 25127.861, Wasserstein(log_eigs,log_real_eigs): 3.736
torch.Size([64, 1600])
Epoch [332/1000], Wasserstein(eigs,real_eigs): 15484.680, Wasserstein(log_eigs,log_real_eigs): 3.574
torch.Size([64, 1600])
Epoch [333/1000], Wasserstein(eigs,real_eigs): 18435.988, Wasserstein(log_eigs,log_real_eigs): 3.614
torch.Size([64, 1600])
Epoch [334/1000], Wasserstein(eigs,real_eigs): 24582.454, Wasserstein(log_eigs,log_real_eigs): 3.751
torch.Size([64, 1600])
Epoch [335/1000], Wasserstein(eigs,real_eigs): 22673.779, Wasserstein(log_eigs,log_real_eigs): 3.783
torch.Size([64, 1600])
Epoch [336/1000], Wasserstein(eigs,real_eigs): 22532.949, Wasserstein(log_eigs,log_real_eigs): 3.699
torch.Size([64, 1600])
Epoch [337/1000], Wasserstein(eigs,real_eigs): 11127.455, Wasserstein(log_eigs,log_real_eigs): 3.416
torch.Size([64, 1600])
Epoch [338/1000], Wasserstein(eigs,real_eigs): 13962.357, Wasserstein(log_eigs,log_real_eigs): 3.496
torch.Size([64, 1600])
Epoch [339/1000], Wasserstein(eigs,real_eigs): 16574.319, Wasserstein(log_eigs,log_real_eigs): 3.534
torch.Size([64, 1600])
Epoch [340/1000], Wasserstein(eigs,real_eigs): 12099.820, Wasserstein(log_eigs,log_real_eigs): 3.400
torch.Size([64, 1600])
Epoch [341/1000], Wasserstein(eigs,real_eigs): 12087.123, Wasserstein(log_eigs,log_real_eigs): 3.441
torch.Size([64, 1600])
Epoch [342/1000], Wasserstein(eigs,real_eigs): 12160.163, Wasserstein(log_eigs,log_real_eigs): 3.468
torch.Size([64, 1600])
Epoch [343/1000], Wasserstein(eigs,real_eigs): 11722.822, Wasserstein(log_eigs,log_real_eigs): 3.405
torch.Size([64, 1600])
Epoch [344/1000], Wasserstein(eigs,real_eigs): 11763.056, Wasserstein(log_eigs,log_real_eigs): 3.353
torch.Size([64, 1600])
Epoch [345/1000], Wasserstein(eigs,real_eigs): 13697.875, Wasserstein(log_eigs,log_real_eigs): 3.509
torch.Size([64, 1600])
Epoch [346/1000], Wasserstein(eigs,real_eigs): 10184.563, Wasserstein(log_eigs,log_real_eigs): 3.361
torch.Size([64, 1600])
Epoch [347/1000], Wasserstein(eigs,real_eigs): 13174.202, Wasserstein(log_eigs,log_real_eigs): 3.460
torch.Size([64, 1600])
Epoch [348/1000], Wasserstein(eigs,real_eigs): 15861.313, Wasserstein(log_eigs,log_real_eigs): 3.631
torch.Size([64, 1600])
Epoch [349/1000], Wasserstein(eigs,real_eigs): 13008.971, Wasserstein(log_eigs,log_real_eigs): 3.438
torch.Size([64, 1600])
Epoch [350/1000], Wasserstein(eigs,real_eigs): 11408.175, Wasserstein(log_eigs,log_real_eigs): 3.417
torch.Size([64, 1600])
Epoch [351/1000], Wasserstein(eigs,real_eigs): 12181.477, Wasserstein(log_eigs,log_real_eigs): 3.453
torch.Size([64, 1600])
Epoch [352/1000], Wasserstein(eigs,real_eigs): 10619.869, Wasserstein(log_eigs,log_real_eigs): 3.375
torch.Size([64, 1600])
Epoch [353/1000], Wasserstein(eigs,real_eigs): 7516.622, Wasserstein(log_eigs,log_real_eigs): 3.134
torch.Size([64, 1600])
Epoch [354/1000], Wasserstein(eigs,real_eigs): 6322.941, Wasserstein(log_eigs,log_real_eigs): 3.068
torch.Size([64, 1600])
Epoch [355/1000], Wasserstein(eigs,real_eigs): 6422.870, Wasserstein(log_eigs,log_real_eigs): 3.042
torch.Size([64, 1600])
Epoch [356/1000], Wasserstein(eigs,real_eigs): 7370.141, Wasserstein(log_eigs,log_real_eigs): 3.115
torch.Size([64, 1600])
Epoch [357/1000], Wasserstein(eigs,real_eigs): 9459.662, Wasserstein(log_eigs,log_real_eigs): 3.223
torch.Size([64, 1600])
Epoch [358/1000], Wasserstein(eigs,real_eigs): 8337.828, Wasserstein(log_eigs,log_real_eigs): 3.174
torch.Size([64, 1600])
Epoch [359/1000], Wasserstein(eigs,real_eigs): 10653.225, Wasserstein(log_eigs,log_real_eigs): 3.238
torch.Size([64, 1600])
Epoch [360/1000], Wasserstein(eigs,real_eigs): 13533.382, Wasserstein(log_eigs,log_real_eigs): 3.358
torch.Size([64, 1600])
Epoch [361/1000], Wasserstein(eigs,real_eigs): 12030.140, Wasserstein(log_eigs,log_real_eigs): 3.369
torch.Size([64, 1600])
Epoch [362/1000], Wasserstein(eigs,real_eigs): 9415.702, Wasserstein(log_eigs,log_real_eigs): 3.200
torch.Size([64, 1600])
Epoch [363/1000], Wasserstein(eigs,real_eigs): 10178.899, Wasserstein(log_eigs,log_real_eigs): 3.246
torch.Size([64, 1600])
Epoch [364/1000], Wasserstein(eigs,real_eigs): 10551.394, Wasserstein(log_eigs,log_real_eigs): 3.234
torch.Size([64, 1600])
Epoch [365/1000], Wasserstein(eigs,real_eigs): 16073.791, Wasserstein(log_eigs,log_real_eigs): 3.430
torch.Size([64, 1600])
Epoch [366/1000], Wasserstein(eigs,real_eigs): 16678.459, Wasserstein(log_eigs,log_real_eigs): 3.450
torch.Size([64, 1600])
Epoch [367/1000], Wasserstein(eigs,real_eigs): 19403.022, Wasserstein(log_eigs,log_real_eigs): 3.494
torch.Size([64, 1600])
Epoch [368/1000], Wasserstein(eigs,real_eigs): 14089.554, Wasserstein(log_eigs,log_real_eigs): 3.366
torch.Size([64, 1600])
Epoch [369/1000], Wasserstein(eigs,real_eigs): 13014.822, Wasserstein(log_eigs,log_real_eigs): 3.361
torch.Size([64, 1600])
Epoch [370/1000], Wasserstein(eigs,real_eigs): 10354.412, Wasserstein(log_eigs,log_real_eigs): 3.196
torch.Size([64, 1600])
Epoch [371/1000], Wasserstein(eigs,real_eigs): 15104.270, Wasserstein(log_eigs,log_real_eigs): 3.299
torch.Size([64, 1600])
Epoch [372/1000], Wasserstein(eigs,real_eigs): 25019.527, Wasserstein(log_eigs,log_real_eigs): 3.558
torch.Size([64, 1600])
Epoch [373/1000], Wasserstein(eigs,real_eigs): 30937.461, Wasserstein(log_eigs,log_real_eigs): 3.773
torch.Size([64, 1600])
Epoch [374/1000], Wasserstein(eigs,real_eigs): 27461.205, Wasserstein(log_eigs,log_real_eigs): 3.671
torch.Size([64, 1600])
Epoch [375/1000], Wasserstein(eigs,real_eigs): 25219.872, Wasserstein(log_eigs,log_real_eigs): 3.666
torch.Size([64, 1600])
Epoch [376/1000], Wasserstein(eigs,real_eigs): 30768.431, Wasserstein(log_eigs,log_real_eigs): 3.781
torch.Size([64, 1600])
Epoch [377/1000], Wasserstein(eigs,real_eigs): 36669.328, Wasserstein(log_eigs,log_real_eigs): 3.892
torch.Size([64, 1600])
Epoch [378/1000], Wasserstein(eigs,real_eigs): 27964.034, Wasserstein(log_eigs,log_real_eigs): 3.763
torch.Size([64, 1600])
Epoch [379/1000], Wasserstein(eigs,real_eigs): 18671.984, Wasserstein(log_eigs,log_real_eigs): 3.552
torch.Size([64, 1600])
Epoch [380/1000], Wasserstein(eigs,real_eigs): 14175.395, Wasserstein(log_eigs,log_real_eigs): 3.410
torch.Size([64, 1600])
Epoch [381/1000], Wasserstein(eigs,real_eigs): 16955.661, Wasserstein(log_eigs,log_real_eigs): 3.555
torch.Size([64, 1600])
Epoch [382/1000], Wasserstein(eigs,real_eigs): 17001.074, Wasserstein(log_eigs,log_real_eigs): 3.448
torch.Size([64, 1600])
Epoch [383/1000], Wasserstein(eigs,real_eigs): 17454.230, Wasserstein(log_eigs,log_real_eigs): 3.613
torch.Size([64, 1600])
Epoch [384/1000], Wasserstein(eigs,real_eigs): 19340.092, Wasserstein(log_eigs,log_real_eigs): 3.625
torch.Size([64, 1600])
Epoch [385/1000], Wasserstein(eigs,real_eigs): 53525.672, Wasserstein(log_eigs,log_real_eigs): 4.018
torch.Size([64, 1600])
Epoch [386/1000], Wasserstein(eigs,real_eigs): 9355.256, Wasserstein(log_eigs,log_real_eigs): 3.328
torch.Size([64, 1600])
Epoch [387/1000], Wasserstein(eigs,real_eigs): 8164.989, Wasserstein(log_eigs,log_real_eigs): 3.202
torch.Size([64, 1600])
Epoch [388/1000], Wasserstein(eigs,real_eigs): 10231.672, Wasserstein(log_eigs,log_real_eigs): 3.314
torch.Size([64, 1600])
Epoch [389/1000], Wasserstein(eigs,real_eigs): 19914.847, Wasserstein(log_eigs,log_real_eigs): 3.530
torch.Size([64, 1600])
Epoch [390/1000], Wasserstein(eigs,real_eigs): 22804.199, Wasserstein(log_eigs,log_real_eigs): 3.670
torch.Size([64, 1600])
Epoch [391/1000], Wasserstein(eigs,real_eigs): 15593.854, Wasserstein(log_eigs,log_real_eigs): 3.497
torch.Size([64, 1600])
Epoch [392/1000], Wasserstein(eigs,real_eigs): 16043.565, Wasserstein(log_eigs,log_real_eigs): 3.533
torch.Size([64, 1600])
Epoch [393/1000], Wasserstein(eigs,real_eigs): 9838.040, Wasserstein(log_eigs,log_real_eigs): 3.311
torch.Size([64, 1600])
Epoch [394/1000], Wasserstein(eigs,real_eigs): 11405.040, Wasserstein(log_eigs,log_real_eigs): 3.340
torch.Size([64, 1600])
Epoch [395/1000], Wasserstein(eigs,real_eigs): 13300.591, Wasserstein(log_eigs,log_real_eigs): 3.418
torch.Size([64, 1600])
Epoch [396/1000], Wasserstein(eigs,real_eigs): 15279.073, Wasserstein(log_eigs,log_real_eigs): 3.502
torch.Size([64, 1600])
Epoch [397/1000], Wasserstein(eigs,real_eigs): 10926.469, Wasserstein(log_eigs,log_real_eigs): 3.351
torch.Size([64, 1600])
Epoch [398/1000], Wasserstein(eigs,real_eigs): 9586.237, Wasserstein(log_eigs,log_real_eigs): 3.177
torch.Size([64, 1600])
Epoch [399/1000], Wasserstein(eigs,real_eigs): 5101.314, Wasserstein(log_eigs,log_real_eigs): 2.941
torch.Size([64, 1600])
Epoch [400/1000], Wasserstein(eigs,real_eigs): 10709.524, Wasserstein(log_eigs,log_real_eigs): 3.262
torch.Size([64, 1600])
Epoch [401/1000], Wasserstein(eigs,real_eigs): 7768.762, Wasserstein(log_eigs,log_real_eigs): 3.071
torch.Size([64, 1600])
Epoch [402/1000], Wasserstein(eigs,real_eigs): 7028.180, Wasserstein(log_eigs,log_real_eigs): 3.109
torch.Size([64, 1600])
Epoch [403/1000], Wasserstein(eigs,real_eigs): 5426.117, Wasserstein(log_eigs,log_real_eigs): 2.891
torch.Size([64, 1600])
Epoch [404/1000], Wasserstein(eigs,real_eigs): 3279.280, Wasserstein(log_eigs,log_real_eigs): 2.702
torch.Size([64, 1600])
Epoch [405/1000], Wasserstein(eigs,real_eigs): 4511.060, Wasserstein(log_eigs,log_real_eigs): 2.835
torch.Size([64, 1600])
Epoch [406/1000], Wasserstein(eigs,real_eigs): 7219.477, Wasserstein(log_eigs,log_real_eigs): 3.101
torch.Size([64, 1600])
Epoch [407/1000], Wasserstein(eigs,real_eigs): 11717.912, Wasserstein(log_eigs,log_real_eigs): 3.174
torch.Size([64, 1600])
Epoch [408/1000], Wasserstein(eigs,real_eigs): 8726.866, Wasserstein(log_eigs,log_real_eigs): 3.184
torch.Size([64, 1600])
Epoch [409/1000], Wasserstein(eigs,real_eigs): 8996.481, Wasserstein(log_eigs,log_real_eigs): 3.176
torch.Size([64, 1600])
Epoch [410/1000], Wasserstein(eigs,real_eigs): 12938.108, Wasserstein(log_eigs,log_real_eigs): 3.405
torch.Size([64, 1600])
Epoch [411/1000], Wasserstein(eigs,real_eigs): 6647.465, Wasserstein(log_eigs,log_real_eigs): 2.955
torch.Size([64, 1600])
Epoch [412/1000], Wasserstein(eigs,real_eigs): 10163.499, Wasserstein(log_eigs,log_real_eigs): 3.226
torch.Size([64, 1600])
Epoch [413/1000], Wasserstein(eigs,real_eigs): 16552.473, Wasserstein(log_eigs,log_real_eigs): 3.463
torch.Size([64, 1600])
Epoch [414/1000], Wasserstein(eigs,real_eigs): 12048.324, Wasserstein(log_eigs,log_real_eigs): 3.334
torch.Size([64, 1600])
Epoch [415/1000], Wasserstein(eigs,real_eigs): 8023.604, Wasserstein(log_eigs,log_real_eigs): 3.203
torch.Size([64, 1600])
Epoch [416/1000], Wasserstein(eigs,real_eigs): 5048.534, Wasserstein(log_eigs,log_real_eigs): 2.902
torch.Size([64, 1600])
Epoch [417/1000], Wasserstein(eigs,real_eigs): 19158.461, Wasserstein(log_eigs,log_real_eigs): 3.478
torch.Size([64, 1600])
Epoch [418/1000], Wasserstein(eigs,real_eigs): 18491.532, Wasserstein(log_eigs,log_real_eigs): 3.602
torch.Size([64, 1600])
Epoch [419/1000], Wasserstein(eigs,real_eigs): 14986.877, Wasserstein(log_eigs,log_real_eigs): 3.474
torch.Size([64, 1600])
Epoch [420/1000], Wasserstein(eigs,real_eigs): 9047.259, Wasserstein(log_eigs,log_real_eigs): 3.222
torch.Size([64, 1600])
Epoch [421/1000], Wasserstein(eigs,real_eigs): 12411.775, Wasserstein(log_eigs,log_real_eigs): 3.326
torch.Size([64, 1600])
Epoch [422/1000], Wasserstein(eigs,real_eigs): 16941.835, Wasserstein(log_eigs,log_real_eigs): 3.598
torch.Size([64, 1600])
Epoch [423/1000], Wasserstein(eigs,real_eigs): 25414.400, Wasserstein(log_eigs,log_real_eigs): 3.576
torch.Size([64, 1600])
Epoch [424/1000], Wasserstein(eigs,real_eigs): 16608.608, Wasserstein(log_eigs,log_real_eigs): 3.417
torch.Size([64, 1600])
Epoch [425/1000], Wasserstein(eigs,real_eigs): 18690.205, Wasserstein(log_eigs,log_real_eigs): 3.392
torch.Size([64, 1600])
Epoch [426/1000], Wasserstein(eigs,real_eigs): 6105.163, Wasserstein(log_eigs,log_real_eigs): 2.974
torch.Size([64, 1600])
Epoch [427/1000], Wasserstein(eigs,real_eigs): 7369.471, Wasserstein(log_eigs,log_real_eigs): 3.009
torch.Size([64, 1600])
Epoch [428/1000], Wasserstein(eigs,real_eigs): 6216.775, Wasserstein(log_eigs,log_real_eigs): 2.959
torch.Size([64, 1600])
Epoch [429/1000], Wasserstein(eigs,real_eigs): 9554.385, Wasserstein(log_eigs,log_real_eigs): 3.165
torch.Size([64, 1600])
Epoch [430/1000], Wasserstein(eigs,real_eigs): 8498.331, Wasserstein(log_eigs,log_real_eigs): 3.211
torch.Size([64, 1600])
Epoch [431/1000], Wasserstein(eigs,real_eigs): 6108.987, Wasserstein(log_eigs,log_real_eigs): 2.954
torch.Size([64, 1600])
Epoch [432/1000], Wasserstein(eigs,real_eigs): 6129.021, Wasserstein(log_eigs,log_real_eigs): 3.119
torch.Size([64, 1600])
Epoch [433/1000], Wasserstein(eigs,real_eigs): 5875.420, Wasserstein(log_eigs,log_real_eigs): 3.102
torch.Size([64, 1600])
Epoch [434/1000], Wasserstein(eigs,real_eigs): 9787.367, Wasserstein(log_eigs,log_real_eigs): 3.124
torch.Size([64, 1600])
Epoch [435/1000], Wasserstein(eigs,real_eigs): 3398.189, Wasserstein(log_eigs,log_real_eigs): 2.713
torch.Size([64, 1600])
Epoch [436/1000], Wasserstein(eigs,real_eigs): 11514.067, Wasserstein(log_eigs,log_real_eigs): 3.221
torch.Size([64, 1600])
Epoch [437/1000], Wasserstein(eigs,real_eigs): 5228.176, Wasserstein(log_eigs,log_real_eigs): 2.870
torch.Size([64, 1600])
Epoch [438/1000], Wasserstein(eigs,real_eigs): 5897.874, Wasserstein(log_eigs,log_real_eigs): 2.868
torch.Size([64, 1600])
Epoch [439/1000], Wasserstein(eigs,real_eigs): 4448.713, Wasserstein(log_eigs,log_real_eigs): 2.355
torch.Size([64, 1600])
Epoch [440/1000], Wasserstein(eigs,real_eigs): 3889.372, Wasserstein(log_eigs,log_real_eigs): 2.492
torch.Size([64, 1600])
Epoch [441/1000], Wasserstein(eigs,real_eigs): 2400.309, Wasserstein(log_eigs,log_real_eigs): 2.066
torch.Size([64, 1600])
Epoch [442/1000], Wasserstein(eigs,real_eigs): 1568.800, Wasserstein(log_eigs,log_real_eigs): 2.006
torch.Size([64, 1600])
Epoch [443/1000], Wasserstein(eigs,real_eigs): 2021.865, Wasserstein(log_eigs,log_real_eigs): 2.011
torch.Size([64, 1600])
Epoch [444/1000], Wasserstein(eigs,real_eigs): 5931.205, Wasserstein(log_eigs,log_real_eigs): 1.985
torch.Size([64, 1600])
Epoch [445/1000], Wasserstein(eigs,real_eigs): 3830.047, Wasserstein(log_eigs,log_real_eigs): 1.958
torch.Size([64, 1600])
Epoch [446/1000], Wasserstein(eigs,real_eigs): 5026.575, Wasserstein(log_eigs,log_real_eigs): 2.111
torch.Size([64, 1600])
Epoch [447/1000], Wasserstein(eigs,real_eigs): 4977.335, Wasserstein(log_eigs,log_real_eigs): 1.863
torch.Size([64, 1600])
Epoch [448/1000], Wasserstein(eigs,real_eigs): 1212.408, Wasserstein(log_eigs,log_real_eigs): 1.390
torch.Size([64, 1600])
Epoch [449/1000], Wasserstein(eigs,real_eigs): 896.174, Wasserstein(log_eigs,log_real_eigs): 1.371
torch.Size([64, 1600])
Epoch [450/1000], Wasserstein(eigs,real_eigs): 577.632, Wasserstein(log_eigs,log_real_eigs): 1.350
torch.Size([64, 1600])
Epoch [451/1000], Wasserstein(eigs,real_eigs): 578.518, Wasserstein(log_eigs,log_real_eigs): 1.282
torch.Size([64, 1600])
Epoch [452/1000], Wasserstein(eigs,real_eigs): 275.486, Wasserstein(log_eigs,log_real_eigs): 0.975
torch.Size([64, 1600])
Epoch [453/1000], Wasserstein(eigs,real_eigs): 1399.069, Wasserstein(log_eigs,log_real_eigs): 1.452
torch.Size([64, 1600])
Epoch [454/1000], Wasserstein(eigs,real_eigs): 1313.483, Wasserstein(log_eigs,log_real_eigs): 1.195
torch.Size([64, 1600])
Epoch [455/1000], Wasserstein(eigs,real_eigs): 99.701, Wasserstein(log_eigs,log_real_eigs): 0.698
torch.Size([64, 1600])
Epoch [456/1000], Wasserstein(eigs,real_eigs): 689.684, Wasserstein(log_eigs,log_real_eigs): 1.062
torch.Size([64, 1600])
Epoch [457/1000], Wasserstein(eigs,real_eigs): 63.213, Wasserstein(log_eigs,log_real_eigs): 0.451
torch.Size([64, 1600])
Epoch [458/1000], Wasserstein(eigs,real_eigs): 10.869, Wasserstein(log_eigs,log_real_eigs): 0.305
torch.Size([64, 1600])
Epoch [459/1000], Wasserstein(eigs,real_eigs): 97.645, Wasserstein(log_eigs,log_real_eigs): 0.167
torch.Size([64, 1600])
Epoch [460/1000], Wasserstein(eigs,real_eigs): 1.652, Wasserstein(log_eigs,log_real_eigs): 0.204
torch.Size([64, 1600])
Epoch [461/1000], Wasserstein(eigs,real_eigs): 1.341, Wasserstein(log_eigs,log_real_eigs): 0.166
torch.Size([64, 1600])
Epoch [462/1000], Wasserstein(eigs,real_eigs): 1.747, Wasserstein(log_eigs,log_real_eigs): 0.190
torch.Size([64, 1600])
Epoch [463/1000], Wasserstein(eigs,real_eigs): 1.598, Wasserstein(log_eigs,log_real_eigs): 0.176
torch.Size([64, 1600])
Epoch [464/1000], Wasserstein(eigs,real_eigs): 1.621, Wasserstein(log_eigs,log_real_eigs): 0.176
torch.Size([64, 1600])
Epoch [465/1000], Wasserstein(eigs,real_eigs): 1.152, Wasserstein(log_eigs,log_real_eigs): 0.144
torch.Size([64, 1600])
Epoch [466/1000], Wasserstein(eigs,real_eigs): 1.191, Wasserstein(log_eigs,log_real_eigs): 0.163
torch.Size([64, 1600])
Epoch [467/1000], Wasserstein(eigs,real_eigs): 0.697, Wasserstein(log_eigs,log_real_eigs): 0.149
torch.Size([64, 1600])
Epoch [468/1000], Wasserstein(eigs,real_eigs): 0.871, Wasserstein(log_eigs,log_real_eigs): 0.161
torch.Size([64, 1600])
Epoch [469/1000], Wasserstein(eigs,real_eigs): 0.848, Wasserstein(log_eigs,log_real_eigs): 0.122
torch.Size([64, 1600])
Epoch [470/1000], Wasserstein(eigs,real_eigs): 0.586, Wasserstein(log_eigs,log_real_eigs): 0.116
torch.Size([64, 1600])
Epoch [471/1000], Wasserstein(eigs,real_eigs): 1.131, Wasserstein(log_eigs,log_real_eigs): 0.147
torch.Size([64, 1600])
Epoch [472/1000], Wasserstein(eigs,real_eigs): 0.638, Wasserstein(log_eigs,log_real_eigs): 0.103
torch.Size([64, 1600])
Epoch [473/1000], Wasserstein(eigs,real_eigs): 0.842, Wasserstein(log_eigs,log_real_eigs): 0.124
torch.Size([64, 1600])
Epoch [474/1000], Wasserstein(eigs,real_eigs): 0.815, Wasserstein(log_eigs,log_real_eigs): 0.139
torch.Size([64, 1600])
Epoch [475/1000], Wasserstein(eigs,real_eigs): 0.447, Wasserstein(log_eigs,log_real_eigs): 0.097
torch.Size([64, 1600])
Epoch [476/1000], Wasserstein(eigs,real_eigs): 0.842, Wasserstein(log_eigs,log_real_eigs): 0.130
torch.Size([64, 1600])
Epoch [477/1000], Wasserstein(eigs,real_eigs): 0.776, Wasserstein(log_eigs,log_real_eigs): 0.109
torch.Size([64, 1600])
Epoch [478/1000], Wasserstein(eigs,real_eigs): 0.453, Wasserstein(log_eigs,log_real_eigs): 0.091
torch.Size([64, 1600])
Epoch [479/1000], Wasserstein(eigs,real_eigs): 0.914, Wasserstein(log_eigs,log_real_eigs): 0.119
torch.Size([64, 1600])
Epoch [480/1000], Wasserstein(eigs,real_eigs): 0.350, Wasserstein(log_eigs,log_real_eigs): 0.099
torch.Size([64, 1600])
Epoch [481/1000], Wasserstein(eigs,real_eigs): 0.909, Wasserstein(log_eigs,log_real_eigs): 0.121
torch.Size([64, 1600])
Epoch [482/1000], Wasserstein(eigs,real_eigs): 0.570, Wasserstein(log_eigs,log_real_eigs): 0.103
torch.Size([64, 1600])
Epoch [483/1000], Wasserstein(eigs,real_eigs): 0.608, Wasserstein(log_eigs,log_real_eigs): 0.114
torch.Size([64, 1600])
Epoch [484/1000], Wasserstein(eigs,real_eigs): 0.398, Wasserstein(log_eigs,log_real_eigs): 0.110
torch.Size([64, 1600])
Epoch [485/1000], Wasserstein(eigs,real_eigs): 0.772, Wasserstein(log_eigs,log_real_eigs): 0.116
torch.Size([64, 1600])
Epoch [486/1000], Wasserstein(eigs,real_eigs): 0.666, Wasserstein(log_eigs,log_real_eigs): 0.122
torch.Size([64, 1600])
Epoch [487/1000], Wasserstein(eigs,real_eigs): 0.566, Wasserstein(log_eigs,log_real_eigs): 0.110
torch.Size([64, 1600])
Epoch [488/1000], Wasserstein(eigs,real_eigs): 0.406, Wasserstein(log_eigs,log_real_eigs): 0.112
torch.Size([64, 1600])
Epoch [489/1000], Wasserstein(eigs,real_eigs): 0.973, Wasserstein(log_eigs,log_real_eigs): 0.123
torch.Size([64, 1600])
Epoch [490/1000], Wasserstein(eigs,real_eigs): 0.677, Wasserstein(log_eigs,log_real_eigs): 0.151
torch.Size([64, 1600])
Epoch [491/1000], Wasserstein(eigs,real_eigs): 0.729, Wasserstein(log_eigs,log_real_eigs): 0.122
torch.Size([64, 1600])
Epoch [492/1000], Wasserstein(eigs,real_eigs): 0.374, Wasserstein(log_eigs,log_real_eigs): 0.088
torch.Size([64, 1600])
Epoch [493/1000], Wasserstein(eigs,real_eigs): 0.490, Wasserstein(log_eigs,log_real_eigs): 0.105
torch.Size([64, 1600])
Epoch [494/1000], Wasserstein(eigs,real_eigs): 0.345, Wasserstein(log_eigs,log_real_eigs): 0.082
torch.Size([64, 1600])
Epoch [495/1000], Wasserstein(eigs,real_eigs): 0.427, Wasserstein(log_eigs,log_real_eigs): 0.141
torch.Size([64, 1600])
Epoch [496/1000], Wasserstein(eigs,real_eigs): 0.644, Wasserstein(log_eigs,log_real_eigs): 0.151
torch.Size([64, 1600])
Epoch [497/1000], Wasserstein(eigs,real_eigs): 0.557, Wasserstein(log_eigs,log_real_eigs): 0.113
torch.Size([64, 1600])
Epoch [498/1000], Wasserstein(eigs,real_eigs): 0.470, Wasserstein(log_eigs,log_real_eigs): 0.105
torch.Size([64, 1600])
Epoch [499/1000], Wasserstein(eigs,real_eigs): 0.343, Wasserstein(log_eigs,log_real_eigs): 0.100
torch.Size([64, 1600])
Epoch [500/1000], Wasserstein(eigs,real_eigs): 0.550, Wasserstein(log_eigs,log_real_eigs): 0.171
torch.Size([64, 1600])
Epoch [501/1000], Wasserstein(eigs,real_eigs): 0.549, Wasserstein(log_eigs,log_real_eigs): 0.133
torch.Size([64, 1600])
Epoch [502/1000], Wasserstein(eigs,real_eigs): 0.452, Wasserstein(log_eigs,log_real_eigs): 0.128
torch.Size([64, 1600])
Epoch [503/1000], Wasserstein(eigs,real_eigs): 0.529, Wasserstein(log_eigs,log_real_eigs): 0.111
torch.Size([64, 1600])
Epoch [504/1000], Wasserstein(eigs,real_eigs): 0.874, Wasserstein(log_eigs,log_real_eigs): 0.171
torch.Size([64, 1600])
Epoch [505/1000], Wasserstein(eigs,real_eigs): 0.463, Wasserstein(log_eigs,log_real_eigs): 0.127
torch.Size([64, 1600])
Epoch [506/1000], Wasserstein(eigs,real_eigs): 0.590, Wasserstein(log_eigs,log_real_eigs): 0.108
torch.Size([64, 1600])
Epoch [507/1000], Wasserstein(eigs,real_eigs): 0.519, Wasserstein(log_eigs,log_real_eigs): 0.116
torch.Size([64, 1600])
Epoch [508/1000], Wasserstein(eigs,real_eigs): 0.843, Wasserstein(log_eigs,log_real_eigs): 0.190
torch.Size([64, 1600])
Epoch [509/1000], Wasserstein(eigs,real_eigs): 0.414, Wasserstein(log_eigs,log_real_eigs): 0.120
torch.Size([64, 1600])
Epoch [510/1000], Wasserstein(eigs,real_eigs): 0.341, Wasserstein(log_eigs,log_real_eigs): 0.133
torch.Size([64, 1600])
Epoch [511/1000], Wasserstein(eigs,real_eigs): 0.721, Wasserstein(log_eigs,log_real_eigs): 0.154
torch.Size([64, 1600])
Epoch [512/1000], Wasserstein(eigs,real_eigs): 1.163, Wasserstein(log_eigs,log_real_eigs): 0.140
torch.Size([64, 1600])
Epoch [513/1000], Wasserstein(eigs,real_eigs): 0.625, Wasserstein(log_eigs,log_real_eigs): 0.192
torch.Size([64, 1600])
Epoch [514/1000], Wasserstein(eigs,real_eigs): 0.945, Wasserstein(log_eigs,log_real_eigs): 0.255
torch.Size([64, 1600])
Epoch [515/1000], Wasserstein(eigs,real_eigs): 0.682, Wasserstein(log_eigs,log_real_eigs): 0.149
torch.Size([64, 1600])
Epoch [516/1000], Wasserstein(eigs,real_eigs): 0.509, Wasserstein(log_eigs,log_real_eigs): 0.184
torch.Size([64, 1600])
Epoch [517/1000], Wasserstein(eigs,real_eigs): 0.709, Wasserstein(log_eigs,log_real_eigs): 0.177
torch.Size([64, 1600])
Epoch [518/1000], Wasserstein(eigs,real_eigs): 0.704, Wasserstein(log_eigs,log_real_eigs): 0.156
torch.Size([64, 1600])
Epoch [519/1000], Wasserstein(eigs,real_eigs): 0.629, Wasserstein(log_eigs,log_real_eigs): 0.186
torch.Size([64, 1600])
Epoch [520/1000], Wasserstein(eigs,real_eigs): 103.092, Wasserstein(log_eigs,log_real_eigs): 1.454
torch.Size([64, 1600])
Epoch [521/1000], Wasserstein(eigs,real_eigs): 165.854, Wasserstein(log_eigs,log_real_eigs): 1.518
torch.Size([64, 1600])
Epoch [522/1000], Wasserstein(eigs,real_eigs): 134.157, Wasserstein(log_eigs,log_real_eigs): 1.352
torch.Size([64, 1600])
Epoch [523/1000], Wasserstein(eigs,real_eigs): 50.332, Wasserstein(log_eigs,log_real_eigs): 0.950
torch.Size([64, 1600])
Epoch [524/1000], Wasserstein(eigs,real_eigs): 41.178, Wasserstein(log_eigs,log_real_eigs): 0.521
torch.Size([64, 1600])
Epoch [525/1000], Wasserstein(eigs,real_eigs): 3.083, Wasserstein(log_eigs,log_real_eigs): 0.480
torch.Size([64, 1600])
Epoch [526/1000], Wasserstein(eigs,real_eigs): 1.938, Wasserstein(log_eigs,log_real_eigs): 0.371
torch.Size([64, 1600])
Epoch [527/1000], Wasserstein(eigs,real_eigs): 0.646, Wasserstein(log_eigs,log_real_eigs): 0.127
torch.Size([64, 1600])
Epoch [528/1000], Wasserstein(eigs,real_eigs): 0.746, Wasserstein(log_eigs,log_real_eigs): 0.100
torch.Size([64, 1600])
Epoch [529/1000], Wasserstein(eigs,real_eigs): 0.663, Wasserstein(log_eigs,log_real_eigs): 0.093
torch.Size([64, 1600])
Epoch [530/1000], Wasserstein(eigs,real_eigs): 0.620, Wasserstein(log_eigs,log_real_eigs): 0.108
torch.Size([64, 1600])
Epoch [531/1000], Wasserstein(eigs,real_eigs): 0.414, Wasserstein(log_eigs,log_real_eigs): 0.079
torch.Size([64, 1600])
Epoch [532/1000], Wasserstein(eigs,real_eigs): 0.405, Wasserstein(log_eigs,log_real_eigs): 0.102
torch.Size([64, 1600])
Epoch [533/1000], Wasserstein(eigs,real_eigs): 0.599, Wasserstein(log_eigs,log_real_eigs): 0.173
torch.Size([64, 1600])
Epoch [534/1000], Wasserstein(eigs,real_eigs): 0.752, Wasserstein(log_eigs,log_real_eigs): 0.268
torch.Size([64, 1600])
Epoch [535/1000], Wasserstein(eigs,real_eigs): 0.731, Wasserstein(log_eigs,log_real_eigs): 0.322
torch.Size([64, 1600])
Epoch [536/1000], Wasserstein(eigs,real_eigs): 0.826, Wasserstein(log_eigs,log_real_eigs): 0.203
torch.Size([64, 1600])
Epoch [537/1000], Wasserstein(eigs,real_eigs): 0.619, Wasserstein(log_eigs,log_real_eigs): 0.093
torch.Size([64, 1600])
Epoch [538/1000], Wasserstein(eigs,real_eigs): 0.392, Wasserstein(log_eigs,log_real_eigs): 0.111
torch.Size([64, 1600])
Epoch [539/1000], Wasserstein(eigs,real_eigs): 0.624, Wasserstein(log_eigs,log_real_eigs): 0.178
torch.Size([64, 1600])
Epoch [540/1000], Wasserstein(eigs,real_eigs): 0.427, Wasserstein(log_eigs,log_real_eigs): 0.193
torch.Size([64, 1600])
Epoch [541/1000], Wasserstein(eigs,real_eigs): 0.557, Wasserstein(log_eigs,log_real_eigs): 0.135
torch.Size([64, 1600])
Epoch [542/1000], Wasserstein(eigs,real_eigs): 0.602, Wasserstein(log_eigs,log_real_eigs): 0.167
torch.Size([64, 1600])
Epoch [543/1000], Wasserstein(eigs,real_eigs): 1.027, Wasserstein(log_eigs,log_real_eigs): 0.260
torch.Size([64, 1600])
Epoch [544/1000], Wasserstein(eigs,real_eigs): 0.383, Wasserstein(log_eigs,log_real_eigs): 0.100
torch.Size([64, 1600])
Epoch [545/1000], Wasserstein(eigs,real_eigs): 0.584, Wasserstein(log_eigs,log_real_eigs): 0.115
torch.Size([64, 1600])
Epoch [546/1000], Wasserstein(eigs,real_eigs): 0.565, Wasserstein(log_eigs,log_real_eigs): 0.163
torch.Size([64, 1600])
Epoch [547/1000], Wasserstein(eigs,real_eigs): 0.324, Wasserstein(log_eigs,log_real_eigs): 0.087
torch.Size([64, 1600])
Epoch [548/1000], Wasserstein(eigs,real_eigs): 0.665, Wasserstein(log_eigs,log_real_eigs): 0.224
torch.Size([64, 1600])
Epoch [549/1000], Wasserstein(eigs,real_eigs): 0.539, Wasserstein(log_eigs,log_real_eigs): 0.198
torch.Size([64, 1600])
Epoch [550/1000], Wasserstein(eigs,real_eigs): 0.633, Wasserstein(log_eigs,log_real_eigs): 0.099
torch.Size([64, 1600])
Epoch [551/1000], Wasserstein(eigs,real_eigs): 0.416, Wasserstein(log_eigs,log_real_eigs): 0.072
torch.Size([64, 1600])
Epoch [552/1000], Wasserstein(eigs,real_eigs): 0.412, Wasserstein(log_eigs,log_real_eigs): 0.097
torch.Size([64, 1600])
Epoch [553/1000], Wasserstein(eigs,real_eigs): 0.572, Wasserstein(log_eigs,log_real_eigs): 0.085
torch.Size([64, 1600])
Epoch [554/1000], Wasserstein(eigs,real_eigs): 0.403, Wasserstein(log_eigs,log_real_eigs): 0.122
torch.Size([64, 1600])
Epoch [555/1000], Wasserstein(eigs,real_eigs): 0.512, Wasserstein(log_eigs,log_real_eigs): 0.099
torch.Size([64, 1600])
Epoch [556/1000], Wasserstein(eigs,real_eigs): 0.406, Wasserstein(log_eigs,log_real_eigs): 0.124
torch.Size([64, 1600])
Epoch [557/1000], Wasserstein(eigs,real_eigs): 1.046, Wasserstein(log_eigs,log_real_eigs): 0.162
torch.Size([64, 1600])
Epoch [558/1000], Wasserstein(eigs,real_eigs): 0.472, Wasserstein(log_eigs,log_real_eigs): 0.105
torch.Size([64, 1600])
Epoch [559/1000], Wasserstein(eigs,real_eigs): 0.265, Wasserstein(log_eigs,log_real_eigs): 0.102
torch.Size([64, 1600])
Epoch [560/1000], Wasserstein(eigs,real_eigs): 0.361, Wasserstein(log_eigs,log_real_eigs): 0.102
torch.Size([64, 1600])
Epoch [561/1000], Wasserstein(eigs,real_eigs): 0.491, Wasserstein(log_eigs,log_real_eigs): 0.123
torch.Size([64, 1600])
Epoch [562/1000], Wasserstein(eigs,real_eigs): 0.295, Wasserstein(log_eigs,log_real_eigs): 0.090
torch.Size([64, 1600])
Epoch [563/1000], Wasserstein(eigs,real_eigs): 0.619, Wasserstein(log_eigs,log_real_eigs): 0.111
torch.Size([64, 1600])
Epoch [564/1000], Wasserstein(eigs,real_eigs): 0.540, Wasserstein(log_eigs,log_real_eigs): 0.132
torch.Size([64, 1600])
Epoch [565/1000], Wasserstein(eigs,real_eigs): 0.779, Wasserstein(log_eigs,log_real_eigs): 0.217
torch.Size([64, 1600])
Epoch [566/1000], Wasserstein(eigs,real_eigs): 0.705, Wasserstein(log_eigs,log_real_eigs): 0.125
torch.Size([64, 1600])
Epoch [567/1000], Wasserstein(eigs,real_eigs): 0.734, Wasserstein(log_eigs,log_real_eigs): 0.113
torch.Size([64, 1600])
Epoch [568/1000], Wasserstein(eigs,real_eigs): 0.513, Wasserstein(log_eigs,log_real_eigs): 0.113
torch.Size([64, 1600])
Epoch [569/1000], Wasserstein(eigs,real_eigs): 0.813, Wasserstein(log_eigs,log_real_eigs): 0.110
torch.Size([64, 1600])
Epoch [570/1000], Wasserstein(eigs,real_eigs): 1.026, Wasserstein(log_eigs,log_real_eigs): 0.131
torch.Size([64, 1600])
Epoch [571/1000], Wasserstein(eigs,real_eigs): 1.205, Wasserstein(log_eigs,log_real_eigs): 0.161
torch.Size([64, 1600])
Epoch [572/1000], Wasserstein(eigs,real_eigs): 0.597, Wasserstein(log_eigs,log_real_eigs): 0.152
torch.Size([64, 1600])
Epoch [573/1000], Wasserstein(eigs,real_eigs): 0.664, Wasserstein(log_eigs,log_real_eigs): 0.120
torch.Size([64, 1600])
Epoch [574/1000], Wasserstein(eigs,real_eigs): 1.337, Wasserstein(log_eigs,log_real_eigs): 0.223
torch.Size([64, 1600])
Epoch [575/1000], Wasserstein(eigs,real_eigs): 0.485, Wasserstein(log_eigs,log_real_eigs): 0.120
torch.Size([64, 1600])
Epoch [576/1000], Wasserstein(eigs,real_eigs): 0.357, Wasserstein(log_eigs,log_real_eigs): 0.103
torch.Size([64, 1600])
Epoch [577/1000], Wasserstein(eigs,real_eigs): 0.606, Wasserstein(log_eigs,log_real_eigs): 0.134
torch.Size([64, 1600])
Epoch [578/1000], Wasserstein(eigs,real_eigs): 0.700, Wasserstein(log_eigs,log_real_eigs): 0.128
torch.Size([64, 1600])
Epoch [579/1000], Wasserstein(eigs,real_eigs): 0.558, Wasserstein(log_eigs,log_real_eigs): 0.108
torch.Size([64, 1600])
Epoch [580/1000], Wasserstein(eigs,real_eigs): 0.624, Wasserstein(log_eigs,log_real_eigs): 0.097
torch.Size([64, 1600])
Epoch [581/1000], Wasserstein(eigs,real_eigs): 1.440, Wasserstein(log_eigs,log_real_eigs): 0.223
torch.Size([64, 1600])
Epoch [582/1000], Wasserstein(eigs,real_eigs): 0.470, Wasserstein(log_eigs,log_real_eigs): 0.098
torch.Size([64, 1600])
Epoch [583/1000], Wasserstein(eigs,real_eigs): 1.041, Wasserstein(log_eigs,log_real_eigs): 0.150
torch.Size([64, 1600])
Epoch [584/1000], Wasserstein(eigs,real_eigs): 0.922, Wasserstein(log_eigs,log_real_eigs): 0.136
torch.Size([64, 1600])
Epoch [585/1000], Wasserstein(eigs,real_eigs): 0.301, Wasserstein(log_eigs,log_real_eigs): 0.097
torch.Size([64, 1600])
Epoch [586/1000], Wasserstein(eigs,real_eigs): 0.951, Wasserstein(log_eigs,log_real_eigs): 0.180
torch.Size([64, 1600])
Epoch [587/1000], Wasserstein(eigs,real_eigs): 0.695, Wasserstein(log_eigs,log_real_eigs): 0.139
torch.Size([64, 1600])
Epoch [588/1000], Wasserstein(eigs,real_eigs): 0.690, Wasserstein(log_eigs,log_real_eigs): 0.143
torch.Size([64, 1600])
Epoch [589/1000], Wasserstein(eigs,real_eigs): 0.272, Wasserstein(log_eigs,log_real_eigs): 0.093
torch.Size([64, 1600])
Epoch [590/1000], Wasserstein(eigs,real_eigs): 0.946, Wasserstein(log_eigs,log_real_eigs): 0.119
torch.Size([64, 1600])
Epoch [591/1000], Wasserstein(eigs,real_eigs): 1.226, Wasserstein(log_eigs,log_real_eigs): 0.129
torch.Size([64, 1600])
Epoch [592/1000], Wasserstein(eigs,real_eigs): 0.445, Wasserstein(log_eigs,log_real_eigs): 0.125
torch.Size([64, 1600])
Epoch [593/1000], Wasserstein(eigs,real_eigs): 0.922, Wasserstein(log_eigs,log_real_eigs): 0.148
torch.Size([64, 1600])
Epoch [594/1000], Wasserstein(eigs,real_eigs): 1.085, Wasserstein(log_eigs,log_real_eigs): 0.128
torch.Size([64, 1600])
Epoch [595/1000], Wasserstein(eigs,real_eigs): 1.013, Wasserstein(log_eigs,log_real_eigs): 0.125
torch.Size([64, 1600])
Epoch [596/1000], Wasserstein(eigs,real_eigs): 0.380, Wasserstein(log_eigs,log_real_eigs): 0.135
torch.Size([64, 1600])
Epoch [597/1000], Wasserstein(eigs,real_eigs): 1.002, Wasserstein(log_eigs,log_real_eigs): 0.126
torch.Size([64, 1600])
Epoch [598/1000], Wasserstein(eigs,real_eigs): 0.551, Wasserstein(log_eigs,log_real_eigs): 0.116
torch.Size([64, 1600])
Epoch [599/1000], Wasserstein(eigs,real_eigs): 0.467, Wasserstein(log_eigs,log_real_eigs): 0.117
torch.Size([64, 1600])
Epoch [600/1000], Wasserstein(eigs,real_eigs): 0.616, Wasserstein(log_eigs,log_real_eigs): 0.123
torch.Size([64, 1600])
Epoch [601/1000], Wasserstein(eigs,real_eigs): 1.120, Wasserstein(log_eigs,log_real_eigs): 0.143
torch.Size([64, 1600])
Epoch [602/1000], Wasserstein(eigs,real_eigs): 0.563, Wasserstein(log_eigs,log_real_eigs): 0.109
torch.Size([64, 1600])
Epoch [603/1000], Wasserstein(eigs,real_eigs): 0.341, Wasserstein(log_eigs,log_real_eigs): 0.098
torch.Size([64, 1600])
Epoch [604/1000], Wasserstein(eigs,real_eigs): 0.398, Wasserstein(log_eigs,log_real_eigs): 0.102
torch.Size([64, 1600])
Epoch [605/1000], Wasserstein(eigs,real_eigs): 1.080, Wasserstein(log_eigs,log_real_eigs): 0.157
torch.Size([64, 1600])
Epoch [606/1000], Wasserstein(eigs,real_eigs): 0.491, Wasserstein(log_eigs,log_real_eigs): 0.101
torch.Size([64, 1600])
Epoch [607/1000], Wasserstein(eigs,real_eigs): 1.261, Wasserstein(log_eigs,log_real_eigs): 0.184
torch.Size([64, 1600])
Epoch [608/1000], Wasserstein(eigs,real_eigs): 0.545, Wasserstein(log_eigs,log_real_eigs): 0.112
torch.Size([64, 1600])
Epoch [609/1000], Wasserstein(eigs,real_eigs): 0.321, Wasserstein(log_eigs,log_real_eigs): 0.091
torch.Size([64, 1600])
Epoch [610/1000], Wasserstein(eigs,real_eigs): 0.330, Wasserstein(log_eigs,log_real_eigs): 0.101
torch.Size([64, 1600])
Epoch [611/1000], Wasserstein(eigs,real_eigs): 0.540, Wasserstein(log_eigs,log_real_eigs): 0.130
torch.Size([64, 1600])
Epoch [612/1000], Wasserstein(eigs,real_eigs): 0.986, Wasserstein(log_eigs,log_real_eigs): 0.150
torch.Size([64, 1600])
Epoch [613/1000], Wasserstein(eigs,real_eigs): 0.373, Wasserstein(log_eigs,log_real_eigs): 0.102
torch.Size([64, 1600])
Epoch [614/1000], Wasserstein(eigs,real_eigs): 0.587, Wasserstein(log_eigs,log_real_eigs): 0.109
torch.Size([64, 1600])
Epoch [615/1000], Wasserstein(eigs,real_eigs): 2.350, Wasserstein(log_eigs,log_real_eigs): 0.203
torch.Size([64, 1600])
Epoch [616/1000], Wasserstein(eigs,real_eigs): 0.806, Wasserstein(log_eigs,log_real_eigs): 0.109
torch.Size([64, 1600])
Epoch [617/1000], Wasserstein(eigs,real_eigs): 1.677, Wasserstein(log_eigs,log_real_eigs): 0.200
torch.Size([64, 1600])
Epoch [618/1000], Wasserstein(eigs,real_eigs): 0.811, Wasserstein(log_eigs,log_real_eigs): 0.121
torch.Size([64, 1600])
Epoch [619/1000], Wasserstein(eigs,real_eigs): 1.657, Wasserstein(log_eigs,log_real_eigs): 0.167
torch.Size([64, 1600])
Epoch [620/1000], Wasserstein(eigs,real_eigs): 1.455, Wasserstein(log_eigs,log_real_eigs): 0.158
torch.Size([64, 1600])
Epoch [621/1000], Wasserstein(eigs,real_eigs): 0.331, Wasserstein(log_eigs,log_real_eigs): 0.086
torch.Size([64, 1600])
Epoch [622/1000], Wasserstein(eigs,real_eigs): 0.494, Wasserstein(log_eigs,log_real_eigs): 0.096
torch.Size([64, 1600])
Epoch [623/1000], Wasserstein(eigs,real_eigs): 0.933, Wasserstein(log_eigs,log_real_eigs): 0.133
torch.Size([64, 1600])
Epoch [624/1000], Wasserstein(eigs,real_eigs): 0.614, Wasserstein(log_eigs,log_real_eigs): 0.108
torch.Size([64, 1600])
Epoch [625/1000], Wasserstein(eigs,real_eigs): 0.969, Wasserstein(log_eigs,log_real_eigs): 0.126
torch.Size([64, 1600])
Epoch [626/1000], Wasserstein(eigs,real_eigs): 0.653, Wasserstein(log_eigs,log_real_eigs): 0.091
torch.Size([64, 1600])
Epoch [627/1000], Wasserstein(eigs,real_eigs): 0.469, Wasserstein(log_eigs,log_real_eigs): 0.123
torch.Size([64, 1600])
Epoch [628/1000], Wasserstein(eigs,real_eigs): 0.521, Wasserstein(log_eigs,log_real_eigs): 0.109
torch.Size([64, 1600])
Epoch [629/1000], Wasserstein(eigs,real_eigs): 0.488, Wasserstein(log_eigs,log_real_eigs): 0.118
torch.Size([64, 1600])
Epoch [630/1000], Wasserstein(eigs,real_eigs): 0.358, Wasserstein(log_eigs,log_real_eigs): 0.084
torch.Size([64, 1600])
Epoch [631/1000], Wasserstein(eigs,real_eigs): 0.493, Wasserstein(log_eigs,log_real_eigs): 0.089
torch.Size([64, 1600])
Epoch [632/1000], Wasserstein(eigs,real_eigs): 0.481, Wasserstein(log_eigs,log_real_eigs): 0.127
torch.Size([64, 1600])
Epoch [633/1000], Wasserstein(eigs,real_eigs): 1.713, Wasserstein(log_eigs,log_real_eigs): 0.220
torch.Size([64, 1600])
Epoch [634/1000], Wasserstein(eigs,real_eigs): 0.262, Wasserstein(log_eigs,log_real_eigs): 0.109
torch.Size([64, 1600])
Epoch [635/1000], Wasserstein(eigs,real_eigs): 0.574, Wasserstein(log_eigs,log_real_eigs): 0.133
torch.Size([64, 1600])
Epoch [636/1000], Wasserstein(eigs,real_eigs): 2.216, Wasserstein(log_eigs,log_real_eigs): 0.227
torch.Size([64, 1600])
Epoch [637/1000], Wasserstein(eigs,real_eigs): 0.393, Wasserstein(log_eigs,log_real_eigs): 0.096
torch.Size([64, 1600])
Epoch [638/1000], Wasserstein(eigs,real_eigs): 0.583, Wasserstein(log_eigs,log_real_eigs): 0.086
torch.Size([64, 1600])
Epoch [639/1000], Wasserstein(eigs,real_eigs): 0.706, Wasserstein(log_eigs,log_real_eigs): 0.083
torch.Size([64, 1600])
Epoch [640/1000], Wasserstein(eigs,real_eigs): 0.465, Wasserstein(log_eigs,log_real_eigs): 0.105
torch.Size([64, 1600])
Epoch [641/1000], Wasserstein(eigs,real_eigs): 0.446, Wasserstein(log_eigs,log_real_eigs): 0.098
torch.Size([64, 1600])
Epoch [642/1000], Wasserstein(eigs,real_eigs): 2.742, Wasserstein(log_eigs,log_real_eigs): 0.224
torch.Size([64, 1600])
Epoch [643/1000], Wasserstein(eigs,real_eigs): 1.282, Wasserstein(log_eigs,log_real_eigs): 0.170
torch.Size([64, 1600])
Epoch [644/1000], Wasserstein(eigs,real_eigs): 0.678, Wasserstein(log_eigs,log_real_eigs): 0.126
torch.Size([64, 1600])
Epoch [645/1000], Wasserstein(eigs,real_eigs): 1.348, Wasserstein(log_eigs,log_real_eigs): 0.177
torch.Size([64, 1600])
Epoch [646/1000], Wasserstein(eigs,real_eigs): 0.451, Wasserstein(log_eigs,log_real_eigs): 0.093
torch.Size([64, 1600])
Epoch [647/1000], Wasserstein(eigs,real_eigs): 1.117, Wasserstein(log_eigs,log_real_eigs): 0.118
torch.Size([64, 1600])
Epoch [648/1000], Wasserstein(eigs,real_eigs): 0.592, Wasserstein(log_eigs,log_real_eigs): 0.113
torch.Size([64, 1600])
Epoch [649/1000], Wasserstein(eigs,real_eigs): 1.018, Wasserstein(log_eigs,log_real_eigs): 0.125
torch.Size([64, 1600])
Epoch [650/1000], Wasserstein(eigs,real_eigs): 1.740, Wasserstein(log_eigs,log_real_eigs): 0.216
torch.Size([64, 1600])
Epoch [651/1000], Wasserstein(eigs,real_eigs): 1.111, Wasserstein(log_eigs,log_real_eigs): 0.116
torch.Size([64, 1600])
Epoch [652/1000], Wasserstein(eigs,real_eigs): 0.730, Wasserstein(log_eigs,log_real_eigs): 0.146
torch.Size([64, 1600])
Epoch [653/1000], Wasserstein(eigs,real_eigs): 0.799, Wasserstein(log_eigs,log_real_eigs): 0.128
torch.Size([64, 1600])
Epoch [654/1000], Wasserstein(eigs,real_eigs): 0.624, Wasserstein(log_eigs,log_real_eigs): 0.130
torch.Size([64, 1600])
Epoch [655/1000], Wasserstein(eigs,real_eigs): 0.532, Wasserstein(log_eigs,log_real_eigs): 0.136
torch.Size([64, 1600])
Epoch [656/1000], Wasserstein(eigs,real_eigs): 0.520, Wasserstein(log_eigs,log_real_eigs): 0.113
torch.Size([64, 1600])
Epoch [657/1000], Wasserstein(eigs,real_eigs): 0.331, Wasserstein(log_eigs,log_real_eigs): 0.106
torch.Size([64, 1600])
Epoch [658/1000], Wasserstein(eigs,real_eigs): 0.641, Wasserstein(log_eigs,log_real_eigs): 0.142
torch.Size([64, 1600])
Epoch [659/1000], Wasserstein(eigs,real_eigs): 0.396, Wasserstein(log_eigs,log_real_eigs): 0.107
torch.Size([64, 1600])
Epoch [660/1000], Wasserstein(eigs,real_eigs): 0.449, Wasserstein(log_eigs,log_real_eigs): 0.097
torch.Size([64, 1600])
Epoch [661/1000], Wasserstein(eigs,real_eigs): 1.056, Wasserstein(log_eigs,log_real_eigs): 0.132
torch.Size([64, 1600])
Epoch [662/1000], Wasserstein(eigs,real_eigs): 0.216, Wasserstein(log_eigs,log_real_eigs): 0.104
torch.Size([64, 1600])
Epoch [663/1000], Wasserstein(eigs,real_eigs): 0.473, Wasserstein(log_eigs,log_real_eigs): 0.131
torch.Size([64, 1600])
Epoch [664/1000], Wasserstein(eigs,real_eigs): 0.298, Wasserstein(log_eigs,log_real_eigs): 0.116
torch.Size([64, 1600])
Epoch [665/1000], Wasserstein(eigs,real_eigs): 0.334, Wasserstein(log_eigs,log_real_eigs): 0.089
torch.Size([64, 1600])
Epoch [666/1000], Wasserstein(eigs,real_eigs): 0.576, Wasserstein(log_eigs,log_real_eigs): 0.149
torch.Size([64, 1600])
Epoch [667/1000], Wasserstein(eigs,real_eigs): 0.943, Wasserstein(log_eigs,log_real_eigs): 0.180
torch.Size([64, 1600])
Epoch [668/1000], Wasserstein(eigs,real_eigs): 0.330, Wasserstein(log_eigs,log_real_eigs): 0.123
torch.Size([64, 1600])
Epoch [669/1000], Wasserstein(eigs,real_eigs): 0.376, Wasserstein(log_eigs,log_real_eigs): 0.101
torch.Size([64, 1600])
Epoch [670/1000], Wasserstein(eigs,real_eigs): 0.674, Wasserstein(log_eigs,log_real_eigs): 0.131
torch.Size([64, 1600])
Epoch [671/1000], Wasserstein(eigs,real_eigs): 0.695, Wasserstein(log_eigs,log_real_eigs): 0.109
torch.Size([64, 1600])
Epoch [672/1000], Wasserstein(eigs,real_eigs): 0.506, Wasserstein(log_eigs,log_real_eigs): 0.093
torch.Size([64, 1600])
Epoch [673/1000], Wasserstein(eigs,real_eigs): 0.377, Wasserstein(log_eigs,log_real_eigs): 0.116
torch.Size([64, 1600])
Epoch [674/1000], Wasserstein(eigs,real_eigs): 0.275, Wasserstein(log_eigs,log_real_eigs): 0.079
torch.Size([64, 1600])
Epoch [675/1000], Wasserstein(eigs,real_eigs): 0.318, Wasserstein(log_eigs,log_real_eigs): 0.101
torch.Size([64, 1600])
Epoch [676/1000], Wasserstein(eigs,real_eigs): 0.693, Wasserstein(log_eigs,log_real_eigs): 0.124
torch.Size([64, 1600])
Epoch [677/1000], Wasserstein(eigs,real_eigs): 0.574, Wasserstein(log_eigs,log_real_eigs): 0.131
torch.Size([64, 1600])
Epoch [678/1000], Wasserstein(eigs,real_eigs): 0.580, Wasserstein(log_eigs,log_real_eigs): 0.148
torch.Size([64, 1600])
Epoch [679/1000], Wasserstein(eigs,real_eigs): 0.429, Wasserstein(log_eigs,log_real_eigs): 0.119
torch.Size([64, 1600])
Epoch [680/1000], Wasserstein(eigs,real_eigs): 0.715, Wasserstein(log_eigs,log_real_eigs): 0.123
torch.Size([64, 1600])
Epoch [681/1000], Wasserstein(eigs,real_eigs): 0.729, Wasserstein(log_eigs,log_real_eigs): 0.097
torch.Size([64, 1600])
Epoch [682/1000], Wasserstein(eigs,real_eigs): 0.490, Wasserstein(log_eigs,log_real_eigs): 0.173
torch.Size([64, 1600])
Epoch [683/1000], Wasserstein(eigs,real_eigs): 0.586, Wasserstein(log_eigs,log_real_eigs): 0.127
torch.Size([64, 1600])
Epoch [684/1000], Wasserstein(eigs,real_eigs): 0.407, Wasserstein(log_eigs,log_real_eigs): 0.095
torch.Size([64, 1600])
Epoch [685/1000], Wasserstein(eigs,real_eigs): 0.566, Wasserstein(log_eigs,log_real_eigs): 0.173
torch.Size([64, 1600])
Epoch [686/1000], Wasserstein(eigs,real_eigs): 0.799, Wasserstein(log_eigs,log_real_eigs): 0.140
torch.Size([64, 1600])
Epoch [687/1000], Wasserstein(eigs,real_eigs): 2.111, Wasserstein(log_eigs,log_real_eigs): 0.240
torch.Size([64, 1600])
Epoch [688/1000], Wasserstein(eigs,real_eigs): 0.566, Wasserstein(log_eigs,log_real_eigs): 0.112
torch.Size([64, 1600])
Epoch [689/1000], Wasserstein(eigs,real_eigs): 0.861, Wasserstein(log_eigs,log_real_eigs): 0.137
torch.Size([64, 1600])
Epoch [690/1000], Wasserstein(eigs,real_eigs): 0.494, Wasserstein(log_eigs,log_real_eigs): 0.119
torch.Size([64, 1600])
Epoch [691/1000], Wasserstein(eigs,real_eigs): 1.526, Wasserstein(log_eigs,log_real_eigs): 0.187
torch.Size([64, 1600])
Epoch [692/1000], Wasserstein(eigs,real_eigs): 0.681, Wasserstein(log_eigs,log_real_eigs): 0.137
torch.Size([64, 1600])
Epoch [693/1000], Wasserstein(eigs,real_eigs): 0.474, Wasserstein(log_eigs,log_real_eigs): 0.126
torch.Size([64, 1600])
Epoch [694/1000], Wasserstein(eigs,real_eigs): 2.565, Wasserstein(log_eigs,log_real_eigs): 0.234
torch.Size([64, 1600])
Epoch [695/1000], Wasserstein(eigs,real_eigs): 1.091, Wasserstein(log_eigs,log_real_eigs): 0.175
torch.Size([64, 1600])
Epoch [696/1000], Wasserstein(eigs,real_eigs): 0.581, Wasserstein(log_eigs,log_real_eigs): 0.150
torch.Size([64, 1600])
Epoch [697/1000], Wasserstein(eigs,real_eigs): 2.774, Wasserstein(log_eigs,log_real_eigs): 0.338
torch.Size([64, 1600])
Epoch [698/1000], Wasserstein(eigs,real_eigs): 0.361, Wasserstein(log_eigs,log_real_eigs): 0.108
torch.Size([64, 1600])
Epoch [699/1000], Wasserstein(eigs,real_eigs): 0.685, Wasserstein(log_eigs,log_real_eigs): 0.099
torch.Size([64, 1600])
Epoch [700/1000], Wasserstein(eigs,real_eigs): 0.738, Wasserstein(log_eigs,log_real_eigs): 0.132
torch.Size([64, 1600])
Epoch [701/1000], Wasserstein(eigs,real_eigs): 0.596, Wasserstein(log_eigs,log_real_eigs): 0.148
torch.Size([64, 1600])
Epoch [702/1000], Wasserstein(eigs,real_eigs): 0.697, Wasserstein(log_eigs,log_real_eigs): 0.111
torch.Size([64, 1600])
Epoch [703/1000], Wasserstein(eigs,real_eigs): 2.527, Wasserstein(log_eigs,log_real_eigs): 0.289
torch.Size([64, 1600])
Epoch [704/1000], Wasserstein(eigs,real_eigs): 2.197, Wasserstein(log_eigs,log_real_eigs): 0.202
torch.Size([64, 1600])
Epoch [705/1000], Wasserstein(eigs,real_eigs): 0.889, Wasserstein(log_eigs,log_real_eigs): 0.143
torch.Size([64, 1600])
Epoch [706/1000], Wasserstein(eigs,real_eigs): 0.956, Wasserstein(log_eigs,log_real_eigs): 0.123
torch.Size([64, 1600])
Epoch [707/1000], Wasserstein(eigs,real_eigs): 1.482, Wasserstein(log_eigs,log_real_eigs): 0.189
torch.Size([64, 1600])
Epoch [708/1000], Wasserstein(eigs,real_eigs): 2.084, Wasserstein(log_eigs,log_real_eigs): 0.238
torch.Size([64, 1600])
Epoch [709/1000], Wasserstein(eigs,real_eigs): 0.709, Wasserstein(log_eigs,log_real_eigs): 0.127
torch.Size([64, 1600])
Epoch [710/1000], Wasserstein(eigs,real_eigs): 2.660, Wasserstein(log_eigs,log_real_eigs): 0.274
torch.Size([64, 1600])
Epoch [711/1000], Wasserstein(eigs,real_eigs): 0.298, Wasserstein(log_eigs,log_real_eigs): 0.125
torch.Size([64, 1600])
Epoch [712/1000], Wasserstein(eigs,real_eigs): 0.436, Wasserstein(log_eigs,log_real_eigs): 0.099
torch.Size([64, 1600])
Epoch [713/1000], Wasserstein(eigs,real_eigs): 0.481, Wasserstein(log_eigs,log_real_eigs): 0.117
torch.Size([64, 1600])
Epoch [714/1000], Wasserstein(eigs,real_eigs): 1.407, Wasserstein(log_eigs,log_real_eigs): 0.178
torch.Size([64, 1600])
Epoch [715/1000], Wasserstein(eigs,real_eigs): 0.258, Wasserstein(log_eigs,log_real_eigs): 0.097
torch.Size([64, 1600])
Epoch [716/1000], Wasserstein(eigs,real_eigs): 0.394, Wasserstein(log_eigs,log_real_eigs): 0.121
torch.Size([64, 1600])
Epoch [717/1000], Wasserstein(eigs,real_eigs): 0.592, Wasserstein(log_eigs,log_real_eigs): 0.118
torch.Size([64, 1600])
Epoch [718/1000], Wasserstein(eigs,real_eigs): 0.577, Wasserstein(log_eigs,log_real_eigs): 0.130
torch.Size([64, 1600])
Epoch [719/1000], Wasserstein(eigs,real_eigs): 0.659, Wasserstein(log_eigs,log_real_eigs): 0.121
torch.Size([64, 1600])
Epoch [720/1000], Wasserstein(eigs,real_eigs): 0.485, Wasserstein(log_eigs,log_real_eigs): 0.129
torch.Size([64, 1600])
Epoch [721/1000], Wasserstein(eigs,real_eigs): 0.315, Wasserstein(log_eigs,log_real_eigs): 0.110
torch.Size([64, 1600])
Epoch [722/1000], Wasserstein(eigs,real_eigs): 0.858, Wasserstein(log_eigs,log_real_eigs): 0.131
torch.Size([64, 1600])
Epoch [723/1000], Wasserstein(eigs,real_eigs): 1.213, Wasserstein(log_eigs,log_real_eigs): 0.131
torch.Size([64, 1600])
Epoch [724/1000], Wasserstein(eigs,real_eigs): 0.387, Wasserstein(log_eigs,log_real_eigs): 0.121
torch.Size([64, 1600])
Epoch [725/1000], Wasserstein(eigs,real_eigs): 0.555, Wasserstein(log_eigs,log_real_eigs): 0.117
torch.Size([64, 1600])
Epoch [726/1000], Wasserstein(eigs,real_eigs): 1.883, Wasserstein(log_eigs,log_real_eigs): 0.266
torch.Size([64, 1600])
Epoch [727/1000], Wasserstein(eigs,real_eigs): 1.079, Wasserstein(log_eigs,log_real_eigs): 0.167
torch.Size([64, 1600])
Epoch [728/1000], Wasserstein(eigs,real_eigs): 0.577, Wasserstein(log_eigs,log_real_eigs): 0.115
torch.Size([64, 1600])
Epoch [729/1000], Wasserstein(eigs,real_eigs): 0.727, Wasserstein(log_eigs,log_real_eigs): 0.120
torch.Size([64, 1600])
Epoch [730/1000], Wasserstein(eigs,real_eigs): 1.493, Wasserstein(log_eigs,log_real_eigs): 0.207
