2019-10-16 05:47:57.245153
Namespace(batch_size=64, dataroot='/home/jim/Documents/RandomBergman/KS4/data/', diff=0, epochs=1000, exp=None, h11=50, log_interval=1, lr=5e-05, lr_D=5e-05, lr_G=5e-05, model_type='WGAN_DCGAN', n_critic_steps=5, newsize=40, num_geometries=2500, nz=5, outdir='./experiments/exp_WGAN_DCGAN_50_5_10162019_054757', plot_interval=20, py_version=3, save=True, show_plots=False, test_batch_size=10000)
Namespace(batch_size=64, dataroot='/home/jim/Documents/RandomBergman/KS4/data/', diff=0, epochs=1000, exp=None, h11=50, log_interval=1, lr=5e-05, lr_D=5e-05, lr_G=5e-05, model_type='WGAN_DCGAN', n_critic_steps=5, newsize=40, num_geometries=2500, nz=5, outdir='./experiments/exp_WGAN_DCGAN_50_5_10162019_054757', plot_interval=20, py_version=3, save=True, show_plots=False, test_batch_size=10000)
Model type: WGAN_DCGAN
Coomparing to Eigenvalue distribution collected from 3399 geometries
data: 64 50
torch.Size([64, 2500])
Epoch [0/1000], Wasserstein(eigs,real_eigs): 26.040, Wasserstein(log_eigs,log_real_eigs): 1.097
torch.Size([64, 2500])
Epoch [1/1000], Wasserstein(eigs,real_eigs): 550.269, Wasserstein(log_eigs,log_real_eigs): 0.902
torch.Size([64, 2500])
Epoch [2/1000], Wasserstein(eigs,real_eigs): 902.605, Wasserstein(log_eigs,log_real_eigs): 0.832
torch.Size([64, 2500])
Epoch [3/1000], Wasserstein(eigs,real_eigs): 914.536, Wasserstein(log_eigs,log_real_eigs): 1.626
torch.Size([64, 2500])
Epoch [4/1000], Wasserstein(eigs,real_eigs): 1127.701, Wasserstein(log_eigs,log_real_eigs): 1.968
torch.Size([64, 2500])
Epoch [5/1000], Wasserstein(eigs,real_eigs): 1314.878, Wasserstein(log_eigs,log_real_eigs): 1.878
torch.Size([64, 2500])
Epoch [6/1000], Wasserstein(eigs,real_eigs): 1459.991, Wasserstein(log_eigs,log_real_eigs): 1.196
torch.Size([64, 2500])
Epoch [7/1000], Wasserstein(eigs,real_eigs): 1525.483, Wasserstein(log_eigs,log_real_eigs): 1.274
torch.Size([64, 2500])
Epoch [8/1000], Wasserstein(eigs,real_eigs): 1405.389, Wasserstein(log_eigs,log_real_eigs): 1.095
torch.Size([64, 2500])
Epoch [9/1000], Wasserstein(eigs,real_eigs): 1438.031, Wasserstein(log_eigs,log_real_eigs): 0.972
torch.Size([64, 2500])
Epoch [10/1000], Wasserstein(eigs,real_eigs): 1345.421, Wasserstein(log_eigs,log_real_eigs): 0.857
torch.Size([64, 2500])
Epoch [11/1000], Wasserstein(eigs,real_eigs): 1301.981, Wasserstein(log_eigs,log_real_eigs): 0.848
torch.Size([64, 2500])
Epoch [12/1000], Wasserstein(eigs,real_eigs): 1317.264, Wasserstein(log_eigs,log_real_eigs): 0.966
torch.Size([64, 2500])
Epoch [13/1000], Wasserstein(eigs,real_eigs): 1098.793, Wasserstein(log_eigs,log_real_eigs): 0.931
torch.Size([64, 2500])
Epoch [14/1000], Wasserstein(eigs,real_eigs): 957.790, Wasserstein(log_eigs,log_real_eigs): 0.846
torch.Size([64, 2500])
Epoch [15/1000], Wasserstein(eigs,real_eigs): 871.423, Wasserstein(log_eigs,log_real_eigs): 0.765
torch.Size([64, 2500])
Epoch [16/1000], Wasserstein(eigs,real_eigs): 751.408, Wasserstein(log_eigs,log_real_eigs): 0.741
torch.Size([64, 2500])
Epoch [17/1000], Wasserstein(eigs,real_eigs): 692.875, Wasserstein(log_eigs,log_real_eigs): 0.810
torch.Size([64, 2500])
Epoch [18/1000], Wasserstein(eigs,real_eigs): 718.558, Wasserstein(log_eigs,log_real_eigs): 0.755
torch.Size([64, 2500])
Epoch [19/1000], Wasserstein(eigs,real_eigs): 309.896, Wasserstein(log_eigs,log_real_eigs): 0.685
torch.Size([64, 2500])
Epoch [20/1000], Wasserstein(eigs,real_eigs): 337.596, Wasserstein(log_eigs,log_real_eigs): 0.659
torch.Size([64, 2500])
Epoch [21/1000], Wasserstein(eigs,real_eigs): 212.694, Wasserstein(log_eigs,log_real_eigs): 0.539
torch.Size([64, 2500])
Epoch [22/1000], Wasserstein(eigs,real_eigs): 1170.023, Wasserstein(log_eigs,log_real_eigs): 0.548
torch.Size([64, 2500])
Epoch [23/1000], Wasserstein(eigs,real_eigs): 813.921, Wasserstein(log_eigs,log_real_eigs): 0.600
torch.Size([64, 2500])
Epoch [24/1000], Wasserstein(eigs,real_eigs): 464.738, Wasserstein(log_eigs,log_real_eigs): 0.545
torch.Size([64, 2500])
Epoch [25/1000], Wasserstein(eigs,real_eigs): 207.508, Wasserstein(log_eigs,log_real_eigs): 0.476
torch.Size([64, 2500])
Epoch [26/1000], Wasserstein(eigs,real_eigs): 521.077, Wasserstein(log_eigs,log_real_eigs): 0.556
torch.Size([64, 2500])
Epoch [27/1000], Wasserstein(eigs,real_eigs): 134.530, Wasserstein(log_eigs,log_real_eigs): 0.552
torch.Size([64, 2500])
Epoch [28/1000], Wasserstein(eigs,real_eigs): 261.659, Wasserstein(log_eigs,log_real_eigs): 0.508
torch.Size([64, 2500])
Epoch [29/1000], Wasserstein(eigs,real_eigs): 185.600, Wasserstein(log_eigs,log_real_eigs): 0.474
torch.Size([64, 2500])
Epoch [30/1000], Wasserstein(eigs,real_eigs): 1458.103, Wasserstein(log_eigs,log_real_eigs): 0.538
torch.Size([64, 2500])
Epoch [31/1000], Wasserstein(eigs,real_eigs): 1409.790, Wasserstein(log_eigs,log_real_eigs): 0.554
torch.Size([64, 2500])
Epoch [32/1000], Wasserstein(eigs,real_eigs): 1264.244, Wasserstein(log_eigs,log_real_eigs): 0.564
torch.Size([64, 2500])
Epoch [33/1000], Wasserstein(eigs,real_eigs): 789.747, Wasserstein(log_eigs,log_real_eigs): 0.598
torch.Size([64, 2500])
Epoch [34/1000], Wasserstein(eigs,real_eigs): 1052.170, Wasserstein(log_eigs,log_real_eigs): 0.501
torch.Size([64, 2500])
Epoch [35/1000], Wasserstein(eigs,real_eigs): 545.197, Wasserstein(log_eigs,log_real_eigs): 0.466
torch.Size([64, 2500])
Epoch [36/1000], Wasserstein(eigs,real_eigs): 486.454, Wasserstein(log_eigs,log_real_eigs): 0.499
torch.Size([64, 2500])
Epoch [37/1000], Wasserstein(eigs,real_eigs): 497.511, Wasserstein(log_eigs,log_real_eigs): 0.586
torch.Size([64, 2500])
Epoch [38/1000], Wasserstein(eigs,real_eigs): 467.782, Wasserstein(log_eigs,log_real_eigs): 0.518
torch.Size([64, 2500])
Epoch [39/1000], Wasserstein(eigs,real_eigs): 117.167, Wasserstein(log_eigs,log_real_eigs): 0.437
torch.Size([64, 2500])
Epoch [40/1000], Wasserstein(eigs,real_eigs): 331.517, Wasserstein(log_eigs,log_real_eigs): 0.444
torch.Size([64, 2500])
Epoch [41/1000], Wasserstein(eigs,real_eigs): 930.197, Wasserstein(log_eigs,log_real_eigs): 0.564
torch.Size([64, 2500])
Epoch [42/1000], Wasserstein(eigs,real_eigs): 463.886, Wasserstein(log_eigs,log_real_eigs): 0.432
torch.Size([64, 2500])
Epoch [43/1000], Wasserstein(eigs,real_eigs): 535.527, Wasserstein(log_eigs,log_real_eigs): 0.525
torch.Size([64, 2500])
Epoch [44/1000], Wasserstein(eigs,real_eigs): 161.835, Wasserstein(log_eigs,log_real_eigs): 0.342
torch.Size([64, 2500])
Epoch [45/1000], Wasserstein(eigs,real_eigs): 1157.796, Wasserstein(log_eigs,log_real_eigs): 0.697
torch.Size([64, 2500])
Epoch [46/1000], Wasserstein(eigs,real_eigs): 773.357, Wasserstein(log_eigs,log_real_eigs): 0.445
torch.Size([64, 2500])
Epoch [47/1000], Wasserstein(eigs,real_eigs): 527.990, Wasserstein(log_eigs,log_real_eigs): 0.599
torch.Size([64, 2500])
Epoch [48/1000], Wasserstein(eigs,real_eigs): 488.284, Wasserstein(log_eigs,log_real_eigs): 0.394
torch.Size([64, 2500])
Epoch [49/1000], Wasserstein(eigs,real_eigs): 98.213, Wasserstein(log_eigs,log_real_eigs): 0.414
torch.Size([64, 2500])
Epoch [50/1000], Wasserstein(eigs,real_eigs): 48.627, Wasserstein(log_eigs,log_real_eigs): 0.384
torch.Size([64, 2500])
Epoch [51/1000], Wasserstein(eigs,real_eigs): 2041.539, Wasserstein(log_eigs,log_real_eigs): 0.816
torch.Size([64, 2500])
Epoch [52/1000], Wasserstein(eigs,real_eigs): 1802.949, Wasserstein(log_eigs,log_real_eigs): 0.789
torch.Size([64, 2500])
Epoch [53/1000], Wasserstein(eigs,real_eigs): 1879.673, Wasserstein(log_eigs,log_real_eigs): 0.760
torch.Size([64, 2500])
Epoch [54/1000], Wasserstein(eigs,real_eigs): 1712.829, Wasserstein(log_eigs,log_real_eigs): 0.645
torch.Size([64, 2500])
Epoch [55/1000], Wasserstein(eigs,real_eigs): 1577.955, Wasserstein(log_eigs,log_real_eigs): 0.544
torch.Size([64, 2500])
Epoch [56/1000], Wasserstein(eigs,real_eigs): 1453.185, Wasserstein(log_eigs,log_real_eigs): 0.566
torch.Size([64, 2500])
Epoch [57/1000], Wasserstein(eigs,real_eigs): 1331.470, Wasserstein(log_eigs,log_real_eigs): 0.497
torch.Size([64, 2500])
Epoch [58/1000], Wasserstein(eigs,real_eigs): 728.887, Wasserstein(log_eigs,log_real_eigs): 0.424
torch.Size([64, 2500])
Epoch [59/1000], Wasserstein(eigs,real_eigs): 1271.364, Wasserstein(log_eigs,log_real_eigs): 0.266
torch.Size([64, 2500])
Epoch [60/1000], Wasserstein(eigs,real_eigs): 394.241, Wasserstein(log_eigs,log_real_eigs): 0.520
torch.Size([64, 2500])
Epoch [61/1000], Wasserstein(eigs,real_eigs): 330.346, Wasserstein(log_eigs,log_real_eigs): 0.404
torch.Size([64, 2500])
Epoch [62/1000], Wasserstein(eigs,real_eigs): 18.331, Wasserstein(log_eigs,log_real_eigs): 0.758
torch.Size([64, 2500])
Epoch [63/1000], Wasserstein(eigs,real_eigs): 478.603, Wasserstein(log_eigs,log_real_eigs): 0.724
torch.Size([64, 2500])
Epoch [64/1000], Wasserstein(eigs,real_eigs): 451.719, Wasserstein(log_eigs,log_real_eigs): 0.740
torch.Size([64, 2500])
Epoch [65/1000], Wasserstein(eigs,real_eigs): 58.302, Wasserstein(log_eigs,log_real_eigs): 0.299
torch.Size([64, 2500])
Epoch [66/1000], Wasserstein(eigs,real_eigs): 1126.657, Wasserstein(log_eigs,log_real_eigs): 0.443
torch.Size([64, 2500])
Epoch [67/1000], Wasserstein(eigs,real_eigs): 551.003, Wasserstein(log_eigs,log_real_eigs): 0.364
torch.Size([64, 2500])
Epoch [68/1000], Wasserstein(eigs,real_eigs): 617.695, Wasserstein(log_eigs,log_real_eigs): 0.467
torch.Size([64, 2500])
Epoch [69/1000], Wasserstein(eigs,real_eigs): 574.799, Wasserstein(log_eigs,log_real_eigs): 0.620
torch.Size([64, 2500])
Epoch [70/1000], Wasserstein(eigs,real_eigs): 314.700, Wasserstein(log_eigs,log_real_eigs): 0.698
torch.Size([64, 2500])
Epoch [71/1000], Wasserstein(eigs,real_eigs): 455.050, Wasserstein(log_eigs,log_real_eigs): 0.504
torch.Size([64, 2500])
Epoch [72/1000], Wasserstein(eigs,real_eigs): 338.589, Wasserstein(log_eigs,log_real_eigs): 0.442
torch.Size([64, 2500])
Epoch [73/1000], Wasserstein(eigs,real_eigs): 1053.556, Wasserstein(log_eigs,log_real_eigs): 0.415
torch.Size([64, 2500])
Epoch [74/1000], Wasserstein(eigs,real_eigs): 85.884, Wasserstein(log_eigs,log_real_eigs): 0.430
torch.Size([64, 2500])
Epoch [75/1000], Wasserstein(eigs,real_eigs): 1486.104, Wasserstein(log_eigs,log_real_eigs): 0.591
torch.Size([64, 2500])
Epoch [76/1000], Wasserstein(eigs,real_eigs): 1893.280, Wasserstein(log_eigs,log_real_eigs): 0.601
torch.Size([64, 2500])
Epoch [77/1000], Wasserstein(eigs,real_eigs): 1940.858, Wasserstein(log_eigs,log_real_eigs): 0.445
torch.Size([64, 2500])
Epoch [78/1000], Wasserstein(eigs,real_eigs): 1000.679, Wasserstein(log_eigs,log_real_eigs): 0.393
torch.Size([64, 2500])
Epoch [79/1000], Wasserstein(eigs,real_eigs): 1630.173, Wasserstein(log_eigs,log_real_eigs): 0.280
torch.Size([64, 2500])
Epoch [80/1000], Wasserstein(eigs,real_eigs): 1449.480, Wasserstein(log_eigs,log_real_eigs): 0.498
torch.Size([64, 2500])
Epoch [81/1000], Wasserstein(eigs,real_eigs): 700.512, Wasserstein(log_eigs,log_real_eigs): 0.600
torch.Size([64, 2500])
Epoch [82/1000], Wasserstein(eigs,real_eigs): 258.165, Wasserstein(log_eigs,log_real_eigs): 0.380
torch.Size([64, 2500])
Epoch [83/1000], Wasserstein(eigs,real_eigs): 1458.782, Wasserstein(log_eigs,log_real_eigs): 0.542
torch.Size([64, 2500])
Epoch [84/1000], Wasserstein(eigs,real_eigs): 1166.390, Wasserstein(log_eigs,log_real_eigs): 0.448
torch.Size([64, 2500])
Epoch [85/1000], Wasserstein(eigs,real_eigs): 743.205, Wasserstein(log_eigs,log_real_eigs): 0.409
torch.Size([64, 2500])
Epoch [86/1000], Wasserstein(eigs,real_eigs): 428.508, Wasserstein(log_eigs,log_real_eigs): 0.459
torch.Size([64, 2500])
Epoch [87/1000], Wasserstein(eigs,real_eigs): 960.576, Wasserstein(log_eigs,log_real_eigs): 0.567
torch.Size([64, 2500])
Epoch [88/1000], Wasserstein(eigs,real_eigs): 11.912, Wasserstein(log_eigs,log_real_eigs): 0.367
torch.Size([64, 2500])
Epoch [89/1000], Wasserstein(eigs,real_eigs): 2.639, Wasserstein(log_eigs,log_real_eigs): 0.245
torch.Size([64, 2500])
Epoch [90/1000], Wasserstein(eigs,real_eigs): 196.441, Wasserstein(log_eigs,log_real_eigs): 0.396
torch.Size([64, 2500])
Epoch [91/1000], Wasserstein(eigs,real_eigs): 835.417, Wasserstein(log_eigs,log_real_eigs): 0.518
torch.Size([64, 2500])
Epoch [92/1000], Wasserstein(eigs,real_eigs): 898.634, Wasserstein(log_eigs,log_real_eigs): 0.743
torch.Size([64, 2500])
Epoch [93/1000], Wasserstein(eigs,real_eigs): 1748.652, Wasserstein(log_eigs,log_real_eigs): 0.508
torch.Size([64, 2500])
Epoch [94/1000], Wasserstein(eigs,real_eigs): 1326.676, Wasserstein(log_eigs,log_real_eigs): 0.461
torch.Size([64, 2500])
Epoch [95/1000], Wasserstein(eigs,real_eigs): 864.268, Wasserstein(log_eigs,log_real_eigs): 0.343
torch.Size([64, 2500])
Epoch [96/1000], Wasserstein(eigs,real_eigs): 174.473, Wasserstein(log_eigs,log_real_eigs): 0.493
torch.Size([64, 2500])
Epoch [97/1000], Wasserstein(eigs,real_eigs): 1093.874, Wasserstein(log_eigs,log_real_eigs): 0.459
torch.Size([64, 2500])
Epoch [98/1000], Wasserstein(eigs,real_eigs): 1600.844, Wasserstein(log_eigs,log_real_eigs): 1.004
torch.Size([64, 2500])
Epoch [99/1000], Wasserstein(eigs,real_eigs): 964.342, Wasserstein(log_eigs,log_real_eigs): 1.127
torch.Size([64, 2500])
Epoch [100/1000], Wasserstein(eigs,real_eigs): 1783.382, Wasserstein(log_eigs,log_real_eigs): 0.541
torch.Size([64, 2500])
Epoch [101/1000], Wasserstein(eigs,real_eigs): 963.779, Wasserstein(log_eigs,log_real_eigs): 0.457
torch.Size([64, 2500])
Epoch [102/1000], Wasserstein(eigs,real_eigs): 909.633, Wasserstein(log_eigs,log_real_eigs): 0.606
torch.Size([64, 2500])
Epoch [103/1000], Wasserstein(eigs,real_eigs): 469.144, Wasserstein(log_eigs,log_real_eigs): 0.560
torch.Size([64, 2500])
Epoch [104/1000], Wasserstein(eigs,real_eigs): 458.868, Wasserstein(log_eigs,log_real_eigs): 0.407
torch.Size([64, 2500])
Epoch [105/1000], Wasserstein(eigs,real_eigs): 223.566, Wasserstein(log_eigs,log_real_eigs): 0.399
torch.Size([64, 2500])
Epoch [106/1000], Wasserstein(eigs,real_eigs): 1435.453, Wasserstein(log_eigs,log_real_eigs): 0.552
torch.Size([64, 2500])
Epoch [107/1000], Wasserstein(eigs,real_eigs): 987.369, Wasserstein(log_eigs,log_real_eigs): 0.743
torch.Size([64, 2500])
Epoch [108/1000], Wasserstein(eigs,real_eigs): 1301.111, Wasserstein(log_eigs,log_real_eigs): 0.651
torch.Size([64, 2500])
Epoch [109/1000], Wasserstein(eigs,real_eigs): 505.618, Wasserstein(log_eigs,log_real_eigs): 0.444
torch.Size([64, 2500])
Epoch [110/1000], Wasserstein(eigs,real_eigs): 580.291, Wasserstein(log_eigs,log_real_eigs): 0.309
torch.Size([64, 2500])
Epoch [111/1000], Wasserstein(eigs,real_eigs): 34.089, Wasserstein(log_eigs,log_real_eigs): 0.305
torch.Size([64, 2500])
Epoch [112/1000], Wasserstein(eigs,real_eigs): 748.514, Wasserstein(log_eigs,log_real_eigs): 0.553
torch.Size([64, 2500])
Epoch [113/1000], Wasserstein(eigs,real_eigs): 31.713, Wasserstein(log_eigs,log_real_eigs): 0.278
torch.Size([64, 2500])
Epoch [114/1000], Wasserstein(eigs,real_eigs): 767.995, Wasserstein(log_eigs,log_real_eigs): 0.890
torch.Size([64, 2500])
Epoch [115/1000], Wasserstein(eigs,real_eigs): 326.899, Wasserstein(log_eigs,log_real_eigs): 0.424
torch.Size([64, 2500])
Epoch [116/1000], Wasserstein(eigs,real_eigs): 1577.848, Wasserstein(log_eigs,log_real_eigs): 0.515
torch.Size([64, 2500])
Epoch [117/1000], Wasserstein(eigs,real_eigs): 133.310, Wasserstein(log_eigs,log_real_eigs): 0.312
torch.Size([64, 2500])
Epoch [118/1000], Wasserstein(eigs,real_eigs): 124.589, Wasserstein(log_eigs,log_real_eigs): 0.287
torch.Size([64, 2500])
Epoch [119/1000], Wasserstein(eigs,real_eigs): 710.602, Wasserstein(log_eigs,log_real_eigs): 0.724
torch.Size([64, 2500])
Epoch [120/1000], Wasserstein(eigs,real_eigs): 1470.815, Wasserstein(log_eigs,log_real_eigs): 0.420
torch.Size([64, 2500])
Epoch [121/1000], Wasserstein(eigs,real_eigs): 625.538, Wasserstein(log_eigs,log_real_eigs): 0.916
torch.Size([64, 2500])
Epoch [122/1000], Wasserstein(eigs,real_eigs): 280.916, Wasserstein(log_eigs,log_real_eigs): 0.513
torch.Size([64, 2500])
Epoch [123/1000], Wasserstein(eigs,real_eigs): 813.803, Wasserstein(log_eigs,log_real_eigs): 0.418
torch.Size([64, 2500])
Epoch [124/1000], Wasserstein(eigs,real_eigs): 1679.751, Wasserstein(log_eigs,log_real_eigs): 0.320
torch.Size([64, 2500])
Epoch [125/1000], Wasserstein(eigs,real_eigs): 815.512, Wasserstein(log_eigs,log_real_eigs): 0.594
torch.Size([64, 2500])
Epoch [126/1000], Wasserstein(eigs,real_eigs): 1589.482, Wasserstein(log_eigs,log_real_eigs): 0.413
torch.Size([64, 2500])
Epoch [127/1000], Wasserstein(eigs,real_eigs): 2881.745, Wasserstein(log_eigs,log_real_eigs): 0.794
torch.Size([64, 2500])
Epoch [128/1000], Wasserstein(eigs,real_eigs): 2542.146, Wasserstein(log_eigs,log_real_eigs): 0.848
torch.Size([64, 2500])
Epoch [129/1000], Wasserstein(eigs,real_eigs): 932.965, Wasserstein(log_eigs,log_real_eigs): 0.582
torch.Size([64, 2500])
Epoch [130/1000], Wasserstein(eigs,real_eigs): 2235.683, Wasserstein(log_eigs,log_real_eigs): 0.694
torch.Size([64, 2500])
Epoch [131/1000], Wasserstein(eigs,real_eigs): 1554.350, Wasserstein(log_eigs,log_real_eigs): 0.537
torch.Size([64, 2500])
Epoch [132/1000], Wasserstein(eigs,real_eigs): 726.573, Wasserstein(log_eigs,log_real_eigs): 0.424
torch.Size([64, 2500])
Epoch [133/1000], Wasserstein(eigs,real_eigs): 867.303, Wasserstein(log_eigs,log_real_eigs): 0.447
torch.Size([64, 2500])
Epoch [134/1000], Wasserstein(eigs,real_eigs): 232.508, Wasserstein(log_eigs,log_real_eigs): 0.311
torch.Size([64, 2500])
Epoch [135/1000], Wasserstein(eigs,real_eigs): 446.161, Wasserstein(log_eigs,log_real_eigs): 0.462
torch.Size([64, 2500])
Epoch [136/1000], Wasserstein(eigs,real_eigs): 66.905, Wasserstein(log_eigs,log_real_eigs): 0.299
torch.Size([64, 2500])
Epoch [137/1000], Wasserstein(eigs,real_eigs): 655.157, Wasserstein(log_eigs,log_real_eigs): 0.597
torch.Size([64, 2500])
Epoch [138/1000], Wasserstein(eigs,real_eigs): 587.445, Wasserstein(log_eigs,log_real_eigs): 0.639
torch.Size([64, 2500])
Epoch [139/1000], Wasserstein(eigs,real_eigs): 786.046, Wasserstein(log_eigs,log_real_eigs): 0.698
torch.Size([64, 2500])
Epoch [140/1000], Wasserstein(eigs,real_eigs): 656.488, Wasserstein(log_eigs,log_real_eigs): 0.587
torch.Size([64, 2500])
Epoch [141/1000], Wasserstein(eigs,real_eigs): 16.807, Wasserstein(log_eigs,log_real_eigs): 0.276
torch.Size([64, 2500])
Epoch [142/1000], Wasserstein(eigs,real_eigs): 1185.741, Wasserstein(log_eigs,log_real_eigs): 0.525
torch.Size([64, 2500])
Epoch [143/1000], Wasserstein(eigs,real_eigs): 102.270, Wasserstein(log_eigs,log_real_eigs): 0.457
torch.Size([64, 2500])
Epoch [144/1000], Wasserstein(eigs,real_eigs): 570.929, Wasserstein(log_eigs,log_real_eigs): 0.631
torch.Size([64, 2500])
Epoch [145/1000], Wasserstein(eigs,real_eigs): 977.765, Wasserstein(log_eigs,log_real_eigs): 0.490
torch.Size([64, 2500])
Epoch [146/1000], Wasserstein(eigs,real_eigs): 766.376, Wasserstein(log_eigs,log_real_eigs): 0.379
torch.Size([64, 2500])
Epoch [147/1000], Wasserstein(eigs,real_eigs): 1627.595, Wasserstein(log_eigs,log_real_eigs): 0.460
torch.Size([64, 2500])
Epoch [148/1000], Wasserstein(eigs,real_eigs): 1214.791, Wasserstein(log_eigs,log_real_eigs): 0.499
torch.Size([64, 2500])
Epoch [149/1000], Wasserstein(eigs,real_eigs): 823.855, Wasserstein(log_eigs,log_real_eigs): 0.659
torch.Size([64, 2500])
Epoch [150/1000], Wasserstein(eigs,real_eigs): 2466.499, Wasserstein(log_eigs,log_real_eigs): 0.495
torch.Size([64, 2500])
Epoch [151/1000], Wasserstein(eigs,real_eigs): 2918.237, Wasserstein(log_eigs,log_real_eigs): 0.488
torch.Size([64, 2500])
Epoch [152/1000], Wasserstein(eigs,real_eigs): 1939.437, Wasserstein(log_eigs,log_real_eigs): 0.387
torch.Size([64, 2500])
Epoch [153/1000], Wasserstein(eigs,real_eigs): 2394.953, Wasserstein(log_eigs,log_real_eigs): 0.623
torch.Size([64, 2500])
Epoch [154/1000], Wasserstein(eigs,real_eigs): 1836.223, Wasserstein(log_eigs,log_real_eigs): 0.492
torch.Size([64, 2500])
Epoch [155/1000], Wasserstein(eigs,real_eigs): 2606.965, Wasserstein(log_eigs,log_real_eigs): 0.432
torch.Size([64, 2500])
Epoch [156/1000], Wasserstein(eigs,real_eigs): 2272.703, Wasserstein(log_eigs,log_real_eigs): 0.423
torch.Size([64, 2500])
Epoch [157/1000], Wasserstein(eigs,real_eigs): 895.740, Wasserstein(log_eigs,log_real_eigs): 0.391
torch.Size([64, 2500])
Epoch [158/1000], Wasserstein(eigs,real_eigs): 723.454, Wasserstein(log_eigs,log_real_eigs): 0.424
torch.Size([64, 2500])
Epoch [159/1000], Wasserstein(eigs,real_eigs): 704.064, Wasserstein(log_eigs,log_real_eigs): 0.287
torch.Size([64, 2500])
Epoch [160/1000], Wasserstein(eigs,real_eigs): 1170.806, Wasserstein(log_eigs,log_real_eigs): 0.420
torch.Size([64, 2500])
Epoch [161/1000], Wasserstein(eigs,real_eigs): 3868.490, Wasserstein(log_eigs,log_real_eigs): 1.655
torch.Size([64, 2500])
Epoch [162/1000], Wasserstein(eigs,real_eigs): 3663.220, Wasserstein(log_eigs,log_real_eigs): 1.134
torch.Size([64, 2500])
Epoch [163/1000], Wasserstein(eigs,real_eigs): 2976.340, Wasserstein(log_eigs,log_real_eigs): 0.993
torch.Size([64, 2500])
Epoch [164/1000], Wasserstein(eigs,real_eigs): 1997.732, Wasserstein(log_eigs,log_real_eigs): 0.894
torch.Size([64, 2500])
Epoch [165/1000], Wasserstein(eigs,real_eigs): 2795.307, Wasserstein(log_eigs,log_real_eigs): 0.589
torch.Size([64, 2500])
Epoch [166/1000], Wasserstein(eigs,real_eigs): 2518.278, Wasserstein(log_eigs,log_real_eigs): 0.618
torch.Size([64, 2500])
Epoch [167/1000], Wasserstein(eigs,real_eigs): 2050.890, Wasserstein(log_eigs,log_real_eigs): 0.640
torch.Size([64, 2500])
Epoch [168/1000], Wasserstein(eigs,real_eigs): 1278.060, Wasserstein(log_eigs,log_real_eigs): 0.580
torch.Size([64, 2500])
Epoch [169/1000], Wasserstein(eigs,real_eigs): 1243.732, Wasserstein(log_eigs,log_real_eigs): 0.612
torch.Size([64, 2500])
Epoch [170/1000], Wasserstein(eigs,real_eigs): 2086.353, Wasserstein(log_eigs,log_real_eigs): 0.516
torch.Size([64, 2500])
Epoch [171/1000], Wasserstein(eigs,real_eigs): 1520.811, Wasserstein(log_eigs,log_real_eigs): 0.454
torch.Size([64, 2500])
Epoch [172/1000], Wasserstein(eigs,real_eigs): 1192.447, Wasserstein(log_eigs,log_real_eigs): 0.570
torch.Size([64, 2500])
Epoch [173/1000], Wasserstein(eigs,real_eigs): 1013.851, Wasserstein(log_eigs,log_real_eigs): 0.469
torch.Size([64, 2500])
Epoch [174/1000], Wasserstein(eigs,real_eigs): 1286.852, Wasserstein(log_eigs,log_real_eigs): 0.498
torch.Size([64, 2500])
Epoch [175/1000], Wasserstein(eigs,real_eigs): 1057.678, Wasserstein(log_eigs,log_real_eigs): 0.380
torch.Size([64, 2500])
Epoch [176/1000], Wasserstein(eigs,real_eigs): 609.721, Wasserstein(log_eigs,log_real_eigs): 0.724
torch.Size([64, 2500])
Epoch [177/1000], Wasserstein(eigs,real_eigs): 1906.684, Wasserstein(log_eigs,log_real_eigs): 0.599
torch.Size([64, 2500])
Epoch [178/1000], Wasserstein(eigs,real_eigs): 2803.017, Wasserstein(log_eigs,log_real_eigs): 0.529
torch.Size([64, 2500])
Epoch [179/1000], Wasserstein(eigs,real_eigs): 1189.221, Wasserstein(log_eigs,log_real_eigs): 0.387
torch.Size([64, 2500])
Epoch [180/1000], Wasserstein(eigs,real_eigs): 479.012, Wasserstein(log_eigs,log_real_eigs): 0.378
torch.Size([64, 2500])
Epoch [181/1000], Wasserstein(eigs,real_eigs): 265.453, Wasserstein(log_eigs,log_real_eigs): 0.384
torch.Size([64, 2500])
Epoch [182/1000], Wasserstein(eigs,real_eigs): 132.865, Wasserstein(log_eigs,log_real_eigs): 0.611
torch.Size([64, 2500])
Epoch [183/1000], Wasserstein(eigs,real_eigs): 678.657, Wasserstein(log_eigs,log_real_eigs): 0.453
torch.Size([64, 2500])
Epoch [184/1000], Wasserstein(eigs,real_eigs): 3719.506, Wasserstein(log_eigs,log_real_eigs): 0.229
torch.Size([64, 2500])
Epoch [185/1000], Wasserstein(eigs,real_eigs): 1779.258, Wasserstein(log_eigs,log_real_eigs): 0.397
torch.Size([64, 2500])
Epoch [186/1000], Wasserstein(eigs,real_eigs): 3159.558, Wasserstein(log_eigs,log_real_eigs): 0.407
torch.Size([64, 2500])
Epoch [187/1000], Wasserstein(eigs,real_eigs): 2236.654, Wasserstein(log_eigs,log_real_eigs): 0.926
torch.Size([64, 2500])
Epoch [188/1000], Wasserstein(eigs,real_eigs): 1832.285, Wasserstein(log_eigs,log_real_eigs): 0.937
torch.Size([64, 2500])
Epoch [189/1000], Wasserstein(eigs,real_eigs): 1435.640, Wasserstein(log_eigs,log_real_eigs): 0.721
torch.Size([64, 2500])
Epoch [190/1000], Wasserstein(eigs,real_eigs): 1730.215, Wasserstein(log_eigs,log_real_eigs): 0.819
torch.Size([64, 2500])
Epoch [191/1000], Wasserstein(eigs,real_eigs): 857.242, Wasserstein(log_eigs,log_real_eigs): 0.675
torch.Size([64, 2500])
Epoch [192/1000], Wasserstein(eigs,real_eigs): 1859.132, Wasserstein(log_eigs,log_real_eigs): 0.629
torch.Size([64, 2500])
Epoch [193/1000], Wasserstein(eigs,real_eigs): 2531.134, Wasserstein(log_eigs,log_real_eigs): 0.460
torch.Size([64, 2500])
Epoch [194/1000], Wasserstein(eigs,real_eigs): 1872.505, Wasserstein(log_eigs,log_real_eigs): 0.473
torch.Size([64, 2500])
Epoch [195/1000], Wasserstein(eigs,real_eigs): 622.972, Wasserstein(log_eigs,log_real_eigs): 0.507
torch.Size([64, 2500])
Epoch [196/1000], Wasserstein(eigs,real_eigs): 373.274, Wasserstein(log_eigs,log_real_eigs): 0.415
torch.Size([64, 2500])
Epoch [197/1000], Wasserstein(eigs,real_eigs): 542.488, Wasserstein(log_eigs,log_real_eigs): 0.396
torch.Size([64, 2500])
Epoch [198/1000], Wasserstein(eigs,real_eigs): 3261.942, Wasserstein(log_eigs,log_real_eigs): 0.532
torch.Size([64, 2500])
Epoch [199/1000], Wasserstein(eigs,real_eigs): 2739.897, Wasserstein(log_eigs,log_real_eigs): 0.476
torch.Size([64, 2500])
Epoch [200/1000], Wasserstein(eigs,real_eigs): 1068.508, Wasserstein(log_eigs,log_real_eigs): 0.474
torch.Size([64, 2500])
Epoch [201/1000], Wasserstein(eigs,real_eigs): 2159.644, Wasserstein(log_eigs,log_real_eigs): 0.418
torch.Size([64, 2500])
Epoch [202/1000], Wasserstein(eigs,real_eigs): 752.052, Wasserstein(log_eigs,log_real_eigs): 0.416
torch.Size([64, 2500])
Epoch [203/1000], Wasserstein(eigs,real_eigs): 537.634, Wasserstein(log_eigs,log_real_eigs): 0.499
torch.Size([64, 2500])
Epoch [204/1000], Wasserstein(eigs,real_eigs): 1595.241, Wasserstein(log_eigs,log_real_eigs): 0.385
torch.Size([64, 2500])
Epoch [205/1000], Wasserstein(eigs,real_eigs): 1179.219, Wasserstein(log_eigs,log_real_eigs): 0.859
torch.Size([64, 2500])
Epoch [206/1000], Wasserstein(eigs,real_eigs): 1146.202, Wasserstein(log_eigs,log_real_eigs): 0.566
torch.Size([64, 2500])
Epoch [207/1000], Wasserstein(eigs,real_eigs): 1769.105, Wasserstein(log_eigs,log_real_eigs): 0.447
torch.Size([64, 2500])
Epoch [208/1000], Wasserstein(eigs,real_eigs): 958.471, Wasserstein(log_eigs,log_real_eigs): 0.456
torch.Size([64, 2500])
Epoch [209/1000], Wasserstein(eigs,real_eigs): 1811.945, Wasserstein(log_eigs,log_real_eigs): 0.638
torch.Size([64, 2500])
Epoch [210/1000], Wasserstein(eigs,real_eigs): 199.982, Wasserstein(log_eigs,log_real_eigs): 0.406
torch.Size([64, 2500])
Epoch [211/1000], Wasserstein(eigs,real_eigs): 1112.947, Wasserstein(log_eigs,log_real_eigs): 0.552
torch.Size([64, 2500])
Epoch [212/1000], Wasserstein(eigs,real_eigs): 2552.524, Wasserstein(log_eigs,log_real_eigs): 0.896
torch.Size([64, 2500])
Epoch [213/1000], Wasserstein(eigs,real_eigs): 1545.201, Wasserstein(log_eigs,log_real_eigs): 0.933
torch.Size([64, 2500])
Epoch [214/1000], Wasserstein(eigs,real_eigs): 2298.349, Wasserstein(log_eigs,log_real_eigs): 0.646
torch.Size([64, 2500])
Epoch [215/1000], Wasserstein(eigs,real_eigs): 200.393, Wasserstein(log_eigs,log_real_eigs): 0.538
torch.Size([64, 2500])
Epoch [216/1000], Wasserstein(eigs,real_eigs): 367.572, Wasserstein(log_eigs,log_real_eigs): 0.668
torch.Size([64, 2500])
Epoch [217/1000], Wasserstein(eigs,real_eigs): 1401.211, Wasserstein(log_eigs,log_real_eigs): 0.465
torch.Size([64, 2500])
Epoch [218/1000], Wasserstein(eigs,real_eigs): 1503.158, Wasserstein(log_eigs,log_real_eigs): 0.519
torch.Size([64, 2500])
Epoch [219/1000], Wasserstein(eigs,real_eigs): 4518.676, Wasserstein(log_eigs,log_real_eigs): 0.508
torch.Size([64, 2500])
Epoch [220/1000], Wasserstein(eigs,real_eigs): 4563.322, Wasserstein(log_eigs,log_real_eigs): 0.478
torch.Size([64, 2500])
Epoch [221/1000], Wasserstein(eigs,real_eigs): 4895.129, Wasserstein(log_eigs,log_real_eigs): 0.409
torch.Size([64, 2500])
Epoch [222/1000], Wasserstein(eigs,real_eigs): 3499.656, Wasserstein(log_eigs,log_real_eigs): 0.443
torch.Size([64, 2500])
Epoch [223/1000], Wasserstein(eigs,real_eigs): 5544.316, Wasserstein(log_eigs,log_real_eigs): 0.386
torch.Size([64, 2500])
Epoch [224/1000], Wasserstein(eigs,real_eigs): 5856.382, Wasserstein(log_eigs,log_real_eigs): 0.435
torch.Size([64, 2500])
Epoch [225/1000], Wasserstein(eigs,real_eigs): 4800.283, Wasserstein(log_eigs,log_real_eigs): 0.404
torch.Size([64, 2500])
Epoch [226/1000], Wasserstein(eigs,real_eigs): 1115.101, Wasserstein(log_eigs,log_real_eigs): 0.609
torch.Size([64, 2500])
Epoch [227/1000], Wasserstein(eigs,real_eigs): 4104.101, Wasserstein(log_eigs,log_real_eigs): 0.389
torch.Size([64, 2500])
Epoch [228/1000], Wasserstein(eigs,real_eigs): 2728.325, Wasserstein(log_eigs,log_real_eigs): 0.363
torch.Size([64, 2500])
Epoch [229/1000], Wasserstein(eigs,real_eigs): 2495.162, Wasserstein(log_eigs,log_real_eigs): 0.439
torch.Size([64, 2500])
Epoch [230/1000], Wasserstein(eigs,real_eigs): 3179.750, Wasserstein(log_eigs,log_real_eigs): 0.395
torch.Size([64, 2500])
Epoch [231/1000], Wasserstein(eigs,real_eigs): 828.587, Wasserstein(log_eigs,log_real_eigs): 0.464
torch.Size([64, 2500])
Epoch [232/1000], Wasserstein(eigs,real_eigs): 2159.847, Wasserstein(log_eigs,log_real_eigs): 0.335
torch.Size([64, 2500])
Epoch [233/1000], Wasserstein(eigs,real_eigs): 1660.915, Wasserstein(log_eigs,log_real_eigs): 0.420
torch.Size([64, 2500])
Epoch [234/1000], Wasserstein(eigs,real_eigs): 3006.867, Wasserstein(log_eigs,log_real_eigs): 0.349
torch.Size([64, 2500])
Epoch [235/1000], Wasserstein(eigs,real_eigs): 2860.576, Wasserstein(log_eigs,log_real_eigs): 0.798
torch.Size([64, 2500])
Epoch [236/1000], Wasserstein(eigs,real_eigs): 3692.173, Wasserstein(log_eigs,log_real_eigs): 0.563
torch.Size([64, 2500])
Epoch [237/1000], Wasserstein(eigs,real_eigs): 3753.226, Wasserstein(log_eigs,log_real_eigs): 0.522
torch.Size([64, 2500])
Epoch [238/1000], Wasserstein(eigs,real_eigs): 3758.764, Wasserstein(log_eigs,log_real_eigs): 0.503
torch.Size([64, 2500])
Epoch [239/1000], Wasserstein(eigs,real_eigs): 3721.160, Wasserstein(log_eigs,log_real_eigs): 0.463
torch.Size([64, 2500])
Epoch [240/1000], Wasserstein(eigs,real_eigs): 660.902, Wasserstein(log_eigs,log_real_eigs): 0.499
torch.Size([64, 2500])
Epoch [241/1000], Wasserstein(eigs,real_eigs): 3283.964, Wasserstein(log_eigs,log_real_eigs): 0.371
torch.Size([64, 2500])
Epoch [242/1000], Wasserstein(eigs,real_eigs): 2569.829, Wasserstein(log_eigs,log_real_eigs): 0.390
torch.Size([64, 2500])
Epoch [243/1000], Wasserstein(eigs,real_eigs): 2152.228, Wasserstein(log_eigs,log_real_eigs): 0.451
torch.Size([64, 2500])
Epoch [244/1000], Wasserstein(eigs,real_eigs): 1612.153, Wasserstein(log_eigs,log_real_eigs): 0.517
torch.Size([64, 2500])
Epoch [245/1000], Wasserstein(eigs,real_eigs): 1398.864, Wasserstein(log_eigs,log_real_eigs): 0.367
torch.Size([64, 2500])
Epoch [246/1000], Wasserstein(eigs,real_eigs): 2187.506, Wasserstein(log_eigs,log_real_eigs): 0.465
torch.Size([64, 2500])
Epoch [247/1000], Wasserstein(eigs,real_eigs): 1599.584, Wasserstein(log_eigs,log_real_eigs): 0.399
torch.Size([64, 2500])
Epoch [248/1000], Wasserstein(eigs,real_eigs): 1725.478, Wasserstein(log_eigs,log_real_eigs): 0.709
torch.Size([64, 2500])
Epoch [249/1000], Wasserstein(eigs,real_eigs): 3420.883, Wasserstein(log_eigs,log_real_eigs): 0.745
torch.Size([64, 2500])
Epoch [250/1000], Wasserstein(eigs,real_eigs): 1816.820, Wasserstein(log_eigs,log_real_eigs): 0.632
torch.Size([64, 2500])
Epoch [251/1000], Wasserstein(eigs,real_eigs): 788.883, Wasserstein(log_eigs,log_real_eigs): 0.453
torch.Size([64, 2500])
Epoch [252/1000], Wasserstein(eigs,real_eigs): 2325.792, Wasserstein(log_eigs,log_real_eigs): 0.557
torch.Size([64, 2500])
Epoch [253/1000], Wasserstein(eigs,real_eigs): 3647.746, Wasserstein(log_eigs,log_real_eigs): 0.492
torch.Size([64, 2500])
Epoch [254/1000], Wasserstein(eigs,real_eigs): 262.564, Wasserstein(log_eigs,log_real_eigs): 0.329
torch.Size([64, 2500])
Epoch [255/1000], Wasserstein(eigs,real_eigs): 3670.397, Wasserstein(log_eigs,log_real_eigs): 0.536
torch.Size([64, 2500])
Epoch [256/1000], Wasserstein(eigs,real_eigs): 1391.220, Wasserstein(log_eigs,log_real_eigs): 0.591
torch.Size([64, 2500])
Epoch [257/1000], Wasserstein(eigs,real_eigs): 2085.578, Wasserstein(log_eigs,log_real_eigs): 0.628
torch.Size([64, 2500])
Epoch [258/1000], Wasserstein(eigs,real_eigs): 5952.591, Wasserstein(log_eigs,log_real_eigs): 0.505
torch.Size([64, 2500])
Epoch [259/1000], Wasserstein(eigs,real_eigs): 3742.103, Wasserstein(log_eigs,log_real_eigs): 0.488
torch.Size([64, 2500])
Epoch [260/1000], Wasserstein(eigs,real_eigs): 2453.535, Wasserstein(log_eigs,log_real_eigs): 0.508
torch.Size([64, 2500])
Epoch [261/1000], Wasserstein(eigs,real_eigs): 6190.423, Wasserstein(log_eigs,log_real_eigs): 0.366
torch.Size([64, 2500])
Epoch [262/1000], Wasserstein(eigs,real_eigs): 2921.408, Wasserstein(log_eigs,log_real_eigs): 0.417
torch.Size([64, 2500])
Epoch [263/1000], Wasserstein(eigs,real_eigs): 2836.657, Wasserstein(log_eigs,log_real_eigs): 0.591
torch.Size([64, 2500])
Epoch [264/1000], Wasserstein(eigs,real_eigs): 867.417, Wasserstein(log_eigs,log_real_eigs): 0.332
torch.Size([64, 2500])
Epoch [265/1000], Wasserstein(eigs,real_eigs): 2286.413, Wasserstein(log_eigs,log_real_eigs): 0.571
torch.Size([64, 2500])
Epoch [266/1000], Wasserstein(eigs,real_eigs): 2878.427, Wasserstein(log_eigs,log_real_eigs): 0.462
torch.Size([64, 2500])
Epoch [267/1000], Wasserstein(eigs,real_eigs): 4070.183, Wasserstein(log_eigs,log_real_eigs): 0.445
torch.Size([64, 2500])
Epoch [268/1000], Wasserstein(eigs,real_eigs): 1935.826, Wasserstein(log_eigs,log_real_eigs): 0.364
torch.Size([64, 2500])
Epoch [269/1000], Wasserstein(eigs,real_eigs): 2603.824, Wasserstein(log_eigs,log_real_eigs): 0.426
torch.Size([64, 2500])
Epoch [270/1000], Wasserstein(eigs,real_eigs): 3125.141, Wasserstein(log_eigs,log_real_eigs): 0.387
torch.Size([64, 2500])
Epoch [271/1000], Wasserstein(eigs,real_eigs): 2864.505, Wasserstein(log_eigs,log_real_eigs): 0.792
torch.Size([64, 2500])
Epoch [272/1000], Wasserstein(eigs,real_eigs): 3364.367, Wasserstein(log_eigs,log_real_eigs): 0.731
torch.Size([64, 2500])
Epoch [273/1000], Wasserstein(eigs,real_eigs): 1466.427, Wasserstein(log_eigs,log_real_eigs): 0.347
torch.Size([64, 2500])
Epoch [274/1000], Wasserstein(eigs,real_eigs): 1078.573, Wasserstein(log_eigs,log_real_eigs): 0.529
torch.Size([64, 2500])
Epoch [275/1000], Wasserstein(eigs,real_eigs): 1430.996, Wasserstein(log_eigs,log_real_eigs): 0.455
torch.Size([64, 2500])
Epoch [276/1000], Wasserstein(eigs,real_eigs): 1837.306, Wasserstein(log_eigs,log_real_eigs): 0.651
torch.Size([64, 2500])
Epoch [277/1000], Wasserstein(eigs,real_eigs): 2620.131, Wasserstein(log_eigs,log_real_eigs): 0.675
torch.Size([64, 2500])
Epoch [278/1000], Wasserstein(eigs,real_eigs): 1171.876, Wasserstein(log_eigs,log_real_eigs): 0.371
torch.Size([64, 2500])
Epoch [279/1000], Wasserstein(eigs,real_eigs): 26.168, Wasserstein(log_eigs,log_real_eigs): 0.284
torch.Size([64, 2500])
Epoch [280/1000], Wasserstein(eigs,real_eigs): 3030.175, Wasserstein(log_eigs,log_real_eigs): 0.709
torch.Size([64, 2500])
Epoch [281/1000], Wasserstein(eigs,real_eigs): 7102.986, Wasserstein(log_eigs,log_real_eigs): 0.294
torch.Size([64, 2500])
Epoch [282/1000], Wasserstein(eigs,real_eigs): 4632.935, Wasserstein(log_eigs,log_real_eigs): 0.430
torch.Size([64, 2500])
Epoch [283/1000], Wasserstein(eigs,real_eigs): 253.291, Wasserstein(log_eigs,log_real_eigs): 0.402
torch.Size([64, 2500])
Epoch [284/1000], Wasserstein(eigs,real_eigs): 2518.960, Wasserstein(log_eigs,log_real_eigs): 0.418
torch.Size([64, 2500])
Epoch [285/1000], Wasserstein(eigs,real_eigs): 1060.069, Wasserstein(log_eigs,log_real_eigs): 0.420
torch.Size([64, 2500])
Epoch [286/1000], Wasserstein(eigs,real_eigs): 658.829, Wasserstein(log_eigs,log_real_eigs): 0.572
torch.Size([64, 2500])
Epoch [287/1000], Wasserstein(eigs,real_eigs): 2935.825, Wasserstein(log_eigs,log_real_eigs): 0.523
torch.Size([64, 2500])
Epoch [288/1000], Wasserstein(eigs,real_eigs): 54.248, Wasserstein(log_eigs,log_real_eigs): 0.292
torch.Size([64, 2500])
Epoch [289/1000], Wasserstein(eigs,real_eigs): 1292.039, Wasserstein(log_eigs,log_real_eigs): 0.372
torch.Size([64, 2500])
Epoch [290/1000], Wasserstein(eigs,real_eigs): 267.107, Wasserstein(log_eigs,log_real_eigs): 0.447
torch.Size([64, 2500])
Epoch [291/1000], Wasserstein(eigs,real_eigs): 2236.493, Wasserstein(log_eigs,log_real_eigs): 0.536
torch.Size([64, 2500])
Epoch [292/1000], Wasserstein(eigs,real_eigs): 2575.364, Wasserstein(log_eigs,log_real_eigs): 0.464
torch.Size([64, 2500])
Epoch [293/1000], Wasserstein(eigs,real_eigs): 3779.133, Wasserstein(log_eigs,log_real_eigs): 0.525
torch.Size([64, 2500])
Epoch [294/1000], Wasserstein(eigs,real_eigs): 5103.216, Wasserstein(log_eigs,log_real_eigs): 0.494
torch.Size([64, 2500])
Epoch [295/1000], Wasserstein(eigs,real_eigs): 3137.509, Wasserstein(log_eigs,log_real_eigs): 0.577
torch.Size([64, 2500])
Epoch [296/1000], Wasserstein(eigs,real_eigs): 2326.211, Wasserstein(log_eigs,log_real_eigs): 0.589
torch.Size([64, 2500])
Epoch [297/1000], Wasserstein(eigs,real_eigs): 3220.397, Wasserstein(log_eigs,log_real_eigs): 0.536
torch.Size([64, 2500])
Epoch [298/1000], Wasserstein(eigs,real_eigs): 1282.226, Wasserstein(log_eigs,log_real_eigs): 0.430
torch.Size([64, 2500])
Epoch [299/1000], Wasserstein(eigs,real_eigs): 2591.323, Wasserstein(log_eigs,log_real_eigs): 0.548
torch.Size([64, 2500])
Epoch [300/1000], Wasserstein(eigs,real_eigs): 3132.214, Wasserstein(log_eigs,log_real_eigs): 0.523
torch.Size([64, 2500])
Epoch [301/1000], Wasserstein(eigs,real_eigs): 3400.018, Wasserstein(log_eigs,log_real_eigs): 0.442
torch.Size([64, 2500])
Epoch [302/1000], Wasserstein(eigs,real_eigs): 1193.905, Wasserstein(log_eigs,log_real_eigs): 0.461
torch.Size([64, 2500])
Epoch [303/1000], Wasserstein(eigs,real_eigs): 1477.859, Wasserstein(log_eigs,log_real_eigs): 0.408
torch.Size([64, 2500])
Epoch [304/1000], Wasserstein(eigs,real_eigs): 3013.707, Wasserstein(log_eigs,log_real_eigs): 0.444
torch.Size([64, 2500])
Epoch [305/1000], Wasserstein(eigs,real_eigs): 3292.754, Wasserstein(log_eigs,log_real_eigs): 0.505
torch.Size([64, 2500])
Epoch [306/1000], Wasserstein(eigs,real_eigs): 677.392, Wasserstein(log_eigs,log_real_eigs): 0.359
torch.Size([64, 2500])
Epoch [307/1000], Wasserstein(eigs,real_eigs): 198.969, Wasserstein(log_eigs,log_real_eigs): 0.315
torch.Size([64, 2500])
Epoch [308/1000], Wasserstein(eigs,real_eigs): 2906.429, Wasserstein(log_eigs,log_real_eigs): 0.403
torch.Size([64, 2500])
Epoch [309/1000], Wasserstein(eigs,real_eigs): 4136.057, Wasserstein(log_eigs,log_real_eigs): 0.463
torch.Size([64, 2500])
Epoch [310/1000], Wasserstein(eigs,real_eigs): 2719.883, Wasserstein(log_eigs,log_real_eigs): 0.669
torch.Size([64, 2500])
Epoch [311/1000], Wasserstein(eigs,real_eigs): 3383.385, Wasserstein(log_eigs,log_real_eigs): 0.481
torch.Size([64, 2500])
Epoch [312/1000], Wasserstein(eigs,real_eigs): 5411.025, Wasserstein(log_eigs,log_real_eigs): 0.498
torch.Size([64, 2500])
Epoch [313/1000], Wasserstein(eigs,real_eigs): 5058.685, Wasserstein(log_eigs,log_real_eigs): 0.396
torch.Size([64, 2500])
Epoch [314/1000], Wasserstein(eigs,real_eigs): 2794.766, Wasserstein(log_eigs,log_real_eigs): 0.395
torch.Size([64, 2500])
Epoch [315/1000], Wasserstein(eigs,real_eigs): 2885.290, Wasserstein(log_eigs,log_real_eigs): 0.458
torch.Size([64, 2500])
Epoch [316/1000], Wasserstein(eigs,real_eigs): 8232.617, Wasserstein(log_eigs,log_real_eigs): 0.393
torch.Size([64, 2500])
Epoch [317/1000], Wasserstein(eigs,real_eigs): 7307.091, Wasserstein(log_eigs,log_real_eigs): 0.518
torch.Size([64, 2500])
Epoch [318/1000], Wasserstein(eigs,real_eigs): 5995.361, Wasserstein(log_eigs,log_real_eigs): 0.370
torch.Size([64, 2500])
Epoch [319/1000], Wasserstein(eigs,real_eigs): 5528.674, Wasserstein(log_eigs,log_real_eigs): 0.478
torch.Size([64, 2500])
Epoch [320/1000], Wasserstein(eigs,real_eigs): 5935.227, Wasserstein(log_eigs,log_real_eigs): 0.423
torch.Size([64, 2500])
Epoch [321/1000], Wasserstein(eigs,real_eigs): 3164.636, Wasserstein(log_eigs,log_real_eigs): 0.408
torch.Size([64, 2500])
Epoch [322/1000], Wasserstein(eigs,real_eigs): 897.118, Wasserstein(log_eigs,log_real_eigs): 0.386
torch.Size([64, 2500])
Epoch [323/1000], Wasserstein(eigs,real_eigs): 290.293, Wasserstein(log_eigs,log_real_eigs): 0.525
torch.Size([64, 2500])
Epoch [324/1000], Wasserstein(eigs,real_eigs): 2093.641, Wasserstein(log_eigs,log_real_eigs): 0.476
torch.Size([64, 2500])
Epoch [325/1000], Wasserstein(eigs,real_eigs): 3221.040, Wasserstein(log_eigs,log_real_eigs): 0.447
torch.Size([64, 2500])
Epoch [326/1000], Wasserstein(eigs,real_eigs): 1475.675, Wasserstein(log_eigs,log_real_eigs): 0.336
torch.Size([64, 2500])
Epoch [327/1000], Wasserstein(eigs,real_eigs): 746.114, Wasserstein(log_eigs,log_real_eigs): 0.411
torch.Size([64, 2500])
Epoch [328/1000], Wasserstein(eigs,real_eigs): 2896.726, Wasserstein(log_eigs,log_real_eigs): 0.618
torch.Size([64, 2500])
Epoch [329/1000], Wasserstein(eigs,real_eigs): 2939.712, Wasserstein(log_eigs,log_real_eigs): 0.411
torch.Size([64, 2500])
Epoch [330/1000], Wasserstein(eigs,real_eigs): 8403.306, Wasserstein(log_eigs,log_real_eigs): 0.574
torch.Size([64, 2500])
Epoch [331/1000], Wasserstein(eigs,real_eigs): 8192.008, Wasserstein(log_eigs,log_real_eigs): 0.359
torch.Size([64, 2500])
Epoch [332/1000], Wasserstein(eigs,real_eigs): 4380.599, Wasserstein(log_eigs,log_real_eigs): 0.368
torch.Size([64, 2500])
Epoch [333/1000], Wasserstein(eigs,real_eigs): 4493.833, Wasserstein(log_eigs,log_real_eigs): 0.373
torch.Size([64, 2500])
Epoch [334/1000], Wasserstein(eigs,real_eigs): 3586.407, Wasserstein(log_eigs,log_real_eigs): 0.557
torch.Size([64, 2500])
Epoch [335/1000], Wasserstein(eigs,real_eigs): 3093.299, Wasserstein(log_eigs,log_real_eigs): 0.532
torch.Size([64, 2500])
Epoch [336/1000], Wasserstein(eigs,real_eigs): 4520.855, Wasserstein(log_eigs,log_real_eigs): 0.748
torch.Size([64, 2500])
Epoch [337/1000], Wasserstein(eigs,real_eigs): 1648.005, Wasserstein(log_eigs,log_real_eigs): 0.545
torch.Size([64, 2500])
Epoch [338/1000], Wasserstein(eigs,real_eigs): 3269.852, Wasserstein(log_eigs,log_real_eigs): 0.542
torch.Size([64, 2500])
Epoch [339/1000], Wasserstein(eigs,real_eigs): 4042.679, Wasserstein(log_eigs,log_real_eigs): 0.588
torch.Size([64, 2500])
Epoch [340/1000], Wasserstein(eigs,real_eigs): 1036.124, Wasserstein(log_eigs,log_real_eigs): 0.451
torch.Size([64, 2500])
Epoch [341/1000], Wasserstein(eigs,real_eigs): 1331.365, Wasserstein(log_eigs,log_real_eigs): 0.359
torch.Size([64, 2500])
Epoch [342/1000], Wasserstein(eigs,real_eigs): 3861.302, Wasserstein(log_eigs,log_real_eigs): 0.421
torch.Size([64, 2500])
Epoch [343/1000], Wasserstein(eigs,real_eigs): 4318.750, Wasserstein(log_eigs,log_real_eigs): 0.504
torch.Size([64, 2500])
Epoch [344/1000], Wasserstein(eigs,real_eigs): 3355.023, Wasserstein(log_eigs,log_real_eigs): 0.611
torch.Size([64, 2500])
Epoch [345/1000], Wasserstein(eigs,real_eigs): 260.550, Wasserstein(log_eigs,log_real_eigs): 0.442
torch.Size([64, 2500])
Epoch [346/1000], Wasserstein(eigs,real_eigs): 3357.269, Wasserstein(log_eigs,log_real_eigs): 0.459
torch.Size([64, 2500])
Epoch [347/1000], Wasserstein(eigs,real_eigs): 764.586, Wasserstein(log_eigs,log_real_eigs): 0.465
torch.Size([64, 2500])
Epoch [348/1000], Wasserstein(eigs,real_eigs): 2081.637, Wasserstein(log_eigs,log_real_eigs): 0.546
torch.Size([64, 2500])
Epoch [349/1000], Wasserstein(eigs,real_eigs): 3548.506, Wasserstein(log_eigs,log_real_eigs): 0.698
torch.Size([64, 2500])
Epoch [350/1000], Wasserstein(eigs,real_eigs): 129.005, Wasserstein(log_eigs,log_real_eigs): 0.366
torch.Size([64, 2500])
Epoch [351/1000], Wasserstein(eigs,real_eigs): 98.497, Wasserstein(log_eigs,log_real_eigs): 0.366
torch.Size([64, 2500])
Epoch [352/1000], Wasserstein(eigs,real_eigs): 9180.155, Wasserstein(log_eigs,log_real_eigs): 0.377
torch.Size([64, 2500])
Epoch [353/1000], Wasserstein(eigs,real_eigs): 5934.258, Wasserstein(log_eigs,log_real_eigs): 0.405
torch.Size([64, 2500])
Epoch [354/1000], Wasserstein(eigs,real_eigs): 7417.815, Wasserstein(log_eigs,log_real_eigs): 0.365
torch.Size([64, 2500])
Epoch [355/1000], Wasserstein(eigs,real_eigs): 3820.032, Wasserstein(log_eigs,log_real_eigs): 0.710
torch.Size([64, 2500])
Epoch [356/1000], Wasserstein(eigs,real_eigs): 1942.480, Wasserstein(log_eigs,log_real_eigs): 0.446
torch.Size([64, 2500])
Epoch [357/1000], Wasserstein(eigs,real_eigs): 1450.373, Wasserstein(log_eigs,log_real_eigs): 0.413
torch.Size([64, 2500])
Epoch [358/1000], Wasserstein(eigs,real_eigs): 2675.332, Wasserstein(log_eigs,log_real_eigs): 0.464
torch.Size([64, 2500])
Epoch [359/1000], Wasserstein(eigs,real_eigs): 4466.492, Wasserstein(log_eigs,log_real_eigs): 0.529
torch.Size([64, 2500])
Epoch [360/1000], Wasserstein(eigs,real_eigs): 1566.437, Wasserstein(log_eigs,log_real_eigs): 0.449
torch.Size([64, 2500])
Epoch [361/1000], Wasserstein(eigs,real_eigs): 2233.815, Wasserstein(log_eigs,log_real_eigs): 0.339
torch.Size([64, 2500])
Epoch [362/1000], Wasserstein(eigs,real_eigs): 816.388, Wasserstein(log_eigs,log_real_eigs): 0.516
torch.Size([64, 2500])
Epoch [363/1000], Wasserstein(eigs,real_eigs): 391.706, Wasserstein(log_eigs,log_real_eigs): 0.403
torch.Size([64, 2500])
Epoch [364/1000], Wasserstein(eigs,real_eigs): 649.854, Wasserstein(log_eigs,log_real_eigs): 0.440
torch.Size([64, 2500])
Epoch [365/1000], Wasserstein(eigs,real_eigs): 2879.379, Wasserstein(log_eigs,log_real_eigs): 0.523
torch.Size([64, 2500])
Epoch [366/1000], Wasserstein(eigs,real_eigs): 1940.278, Wasserstein(log_eigs,log_real_eigs): 0.399
torch.Size([64, 2500])
Epoch [367/1000], Wasserstein(eigs,real_eigs): 5880.466, Wasserstein(log_eigs,log_real_eigs): 0.294
torch.Size([64, 2500])
Epoch [368/1000], Wasserstein(eigs,real_eigs): 4966.099, Wasserstein(log_eigs,log_real_eigs): 0.669
torch.Size([64, 2500])
Epoch [369/1000], Wasserstein(eigs,real_eigs): 1059.804, Wasserstein(log_eigs,log_real_eigs): 0.344
torch.Size([64, 2500])
Epoch [370/1000], Wasserstein(eigs,real_eigs): 2526.844, Wasserstein(log_eigs,log_real_eigs): 0.369
torch.Size([64, 2500])
Epoch [371/1000], Wasserstein(eigs,real_eigs): 3450.108, Wasserstein(log_eigs,log_real_eigs): 0.392
torch.Size([64, 2500])
Epoch [372/1000], Wasserstein(eigs,real_eigs): 5054.311, Wasserstein(log_eigs,log_real_eigs): 0.458
torch.Size([64, 2500])
Epoch [373/1000], Wasserstein(eigs,real_eigs): 1761.838, Wasserstein(log_eigs,log_real_eigs): 0.642
torch.Size([64, 2500])
Epoch [374/1000], Wasserstein(eigs,real_eigs): 5561.020, Wasserstein(log_eigs,log_real_eigs): 0.683
torch.Size([64, 2500])
Epoch [375/1000], Wasserstein(eigs,real_eigs): 761.167, Wasserstein(log_eigs,log_real_eigs): 0.396
torch.Size([64, 2500])
Epoch [376/1000], Wasserstein(eigs,real_eigs): 5901.040, Wasserstein(log_eigs,log_real_eigs): 0.784
torch.Size([64, 2500])
Epoch [377/1000], Wasserstein(eigs,real_eigs): 4079.770, Wasserstein(log_eigs,log_real_eigs): 0.443
torch.Size([64, 2500])
Epoch [378/1000], Wasserstein(eigs,real_eigs): 2764.728, Wasserstein(log_eigs,log_real_eigs): 0.365
torch.Size([64, 2500])
Epoch [379/1000], Wasserstein(eigs,real_eigs): 5391.796, Wasserstein(log_eigs,log_real_eigs): 0.721
torch.Size([64, 2500])
Epoch [380/1000], Wasserstein(eigs,real_eigs): 1756.691, Wasserstein(log_eigs,log_real_eigs): 0.495
torch.Size([64, 2500])
Epoch [381/1000], Wasserstein(eigs,real_eigs): 3048.826, Wasserstein(log_eigs,log_real_eigs): 0.482
torch.Size([64, 2500])
Epoch [382/1000], Wasserstein(eigs,real_eigs): 3264.233, Wasserstein(log_eigs,log_real_eigs): 0.617
torch.Size([64, 2500])
Epoch [383/1000], Wasserstein(eigs,real_eigs): 959.509, Wasserstein(log_eigs,log_real_eigs): 0.590
torch.Size([64, 2500])
Epoch [384/1000], Wasserstein(eigs,real_eigs): 5895.080, Wasserstein(log_eigs,log_real_eigs): 0.517
torch.Size([64, 2500])
Epoch [385/1000], Wasserstein(eigs,real_eigs): 4189.507, Wasserstein(log_eigs,log_real_eigs): 0.543
torch.Size([64, 2500])
Epoch [386/1000], Wasserstein(eigs,real_eigs): 4166.903, Wasserstein(log_eigs,log_real_eigs): 0.510
torch.Size([64, 2500])
Epoch [387/1000], Wasserstein(eigs,real_eigs): 3655.282, Wasserstein(log_eigs,log_real_eigs): 0.499
torch.Size([64, 2500])
Epoch [388/1000], Wasserstein(eigs,real_eigs): 2465.166, Wasserstein(log_eigs,log_real_eigs): 0.471
torch.Size([64, 2500])
Epoch [389/1000], Wasserstein(eigs,real_eigs): 2791.480, Wasserstein(log_eigs,log_real_eigs): 0.531
torch.Size([64, 2500])
Epoch [390/1000], Wasserstein(eigs,real_eigs): 1916.683, Wasserstein(log_eigs,log_real_eigs): 0.501
torch.Size([64, 2500])
Epoch [391/1000], Wasserstein(eigs,real_eigs): 1349.380, Wasserstein(log_eigs,log_real_eigs): 0.462
torch.Size([64, 2500])
Epoch [392/1000], Wasserstein(eigs,real_eigs): 4228.926, Wasserstein(log_eigs,log_real_eigs): 0.419
torch.Size([64, 2500])
Epoch [393/1000], Wasserstein(eigs,real_eigs): 261.336, Wasserstein(log_eigs,log_real_eigs): 0.510
torch.Size([64, 2500])
Epoch [394/1000], Wasserstein(eigs,real_eigs): 1576.876, Wasserstein(log_eigs,log_real_eigs): 0.472
torch.Size([64, 2500])
Epoch [395/1000], Wasserstein(eigs,real_eigs): 1678.002, Wasserstein(log_eigs,log_real_eigs): 0.504
torch.Size([64, 2500])
Epoch [396/1000], Wasserstein(eigs,real_eigs): 3099.141, Wasserstein(log_eigs,log_real_eigs): 0.421
torch.Size([64, 2500])
Epoch [397/1000], Wasserstein(eigs,real_eigs): 3830.169, Wasserstein(log_eigs,log_real_eigs): 0.476
torch.Size([64, 2500])
Epoch [398/1000], Wasserstein(eigs,real_eigs): 325.908, Wasserstein(log_eigs,log_real_eigs): 0.412
torch.Size([64, 2500])
Epoch [399/1000], Wasserstein(eigs,real_eigs): 7469.602, Wasserstein(log_eigs,log_real_eigs): 0.450
torch.Size([64, 2500])
Epoch [400/1000], Wasserstein(eigs,real_eigs): 1113.223, Wasserstein(log_eigs,log_real_eigs): 0.412
torch.Size([64, 2500])
Epoch [401/1000], Wasserstein(eigs,real_eigs): 6336.290, Wasserstein(log_eigs,log_real_eigs): 0.414
torch.Size([64, 2500])
Epoch [402/1000], Wasserstein(eigs,real_eigs): 3265.291, Wasserstein(log_eigs,log_real_eigs): 0.395
torch.Size([64, 2500])
Epoch [403/1000], Wasserstein(eigs,real_eigs): 2881.648, Wasserstein(log_eigs,log_real_eigs): 0.438
torch.Size([64, 2500])
Epoch [404/1000], Wasserstein(eigs,real_eigs): 3011.927, Wasserstein(log_eigs,log_real_eigs): 0.404
torch.Size([64, 2500])
Epoch [405/1000], Wasserstein(eigs,real_eigs): 6013.310, Wasserstein(log_eigs,log_real_eigs): 0.509
torch.Size([64, 2500])
Epoch [406/1000], Wasserstein(eigs,real_eigs): 3012.793, Wasserstein(log_eigs,log_real_eigs): 0.529
torch.Size([64, 2500])
Epoch [407/1000], Wasserstein(eigs,real_eigs): 1702.207, Wasserstein(log_eigs,log_real_eigs): 0.503
torch.Size([64, 2500])
Epoch [408/1000], Wasserstein(eigs,real_eigs): 2938.307, Wasserstein(log_eigs,log_real_eigs): 0.420
torch.Size([64, 2500])
Epoch [409/1000], Wasserstein(eigs,real_eigs): 3131.905, Wasserstein(log_eigs,log_real_eigs): 0.378
torch.Size([64, 2500])
Epoch [410/1000], Wasserstein(eigs,real_eigs): 3516.819, Wasserstein(log_eigs,log_real_eigs): 0.642
torch.Size([64, 2500])
Epoch [411/1000], Wasserstein(eigs,real_eigs): 3033.531, Wasserstein(log_eigs,log_real_eigs): 0.742
torch.Size([64, 2500])
Epoch [412/1000], Wasserstein(eigs,real_eigs): 4342.265, Wasserstein(log_eigs,log_real_eigs): 0.373
torch.Size([64, 2500])
Epoch [413/1000], Wasserstein(eigs,real_eigs): 2923.501, Wasserstein(log_eigs,log_real_eigs): 0.516
torch.Size([64, 2500])
Epoch [414/1000], Wasserstein(eigs,real_eigs): 4097.184, Wasserstein(log_eigs,log_real_eigs): 0.888
torch.Size([64, 2500])
Epoch [415/1000], Wasserstein(eigs,real_eigs): 1592.802, Wasserstein(log_eigs,log_real_eigs): 0.718
torch.Size([64, 2500])
Epoch [416/1000], Wasserstein(eigs,real_eigs): 4751.288, Wasserstein(log_eigs,log_real_eigs): 0.474
torch.Size([64, 2500])
Epoch [417/1000], Wasserstein(eigs,real_eigs): 3269.872, Wasserstein(log_eigs,log_real_eigs): 0.380
torch.Size([64, 2500])
Epoch [418/1000], Wasserstein(eigs,real_eigs): 739.797, Wasserstein(log_eigs,log_real_eigs): 0.441
torch.Size([64, 2500])
Epoch [419/1000], Wasserstein(eigs,real_eigs): 1030.043, Wasserstein(log_eigs,log_real_eigs): 0.335
torch.Size([64, 2500])
Epoch [420/1000], Wasserstein(eigs,real_eigs): 5856.796, Wasserstein(log_eigs,log_real_eigs): 0.392
torch.Size([64, 2500])
Epoch [421/1000], Wasserstein(eigs,real_eigs): 6557.016, Wasserstein(log_eigs,log_real_eigs): 0.494
torch.Size([64, 2500])
Epoch [422/1000], Wasserstein(eigs,real_eigs): 274.572, Wasserstein(log_eigs,log_real_eigs): 0.423
torch.Size([64, 2500])
Epoch [423/1000], Wasserstein(eigs,real_eigs): 1565.178, Wasserstein(log_eigs,log_real_eigs): 0.551
torch.Size([64, 2500])
Epoch [424/1000], Wasserstein(eigs,real_eigs): 1981.372, Wasserstein(log_eigs,log_real_eigs): 0.467
torch.Size([64, 2500])
Epoch [425/1000], Wasserstein(eigs,real_eigs): 3712.397, Wasserstein(log_eigs,log_real_eigs): 0.400
torch.Size([64, 2500])
Epoch [426/1000], Wasserstein(eigs,real_eigs): 421.673, Wasserstein(log_eigs,log_real_eigs): 0.756
torch.Size([64, 2500])
Epoch [427/1000], Wasserstein(eigs,real_eigs): 2616.778, Wasserstein(log_eigs,log_real_eigs): 0.500
torch.Size([64, 2500])
Epoch [428/1000], Wasserstein(eigs,real_eigs): 3074.932, Wasserstein(log_eigs,log_real_eigs): 0.631
torch.Size([64, 2500])
Epoch [429/1000], Wasserstein(eigs,real_eigs): 1978.350, Wasserstein(log_eigs,log_real_eigs): 0.384
torch.Size([64, 2500])
Epoch [430/1000], Wasserstein(eigs,real_eigs): 6150.139, Wasserstein(log_eigs,log_real_eigs): 0.662
torch.Size([64, 2500])
Epoch [431/1000], Wasserstein(eigs,real_eigs): 3296.203, Wasserstein(log_eigs,log_real_eigs): 0.842
torch.Size([64, 2500])
Epoch [432/1000], Wasserstein(eigs,real_eigs): 1093.773, Wasserstein(log_eigs,log_real_eigs): 0.803
torch.Size([64, 2500])
Epoch [433/1000], Wasserstein(eigs,real_eigs): 1813.645, Wasserstein(log_eigs,log_real_eigs): 0.447
torch.Size([64, 2500])
Epoch [434/1000], Wasserstein(eigs,real_eigs): 4462.714, Wasserstein(log_eigs,log_real_eigs): 1.260
torch.Size([64, 2500])
Epoch [435/1000], Wasserstein(eigs,real_eigs): 1504.527, Wasserstein(log_eigs,log_real_eigs): 0.685
torch.Size([64, 2500])
Epoch [436/1000], Wasserstein(eigs,real_eigs): 4996.120, Wasserstein(log_eigs,log_real_eigs): 0.787
torch.Size([64, 2500])
Epoch [437/1000], Wasserstein(eigs,real_eigs): 1801.336, Wasserstein(log_eigs,log_real_eigs): 1.004
torch.Size([64, 2500])
Epoch [438/1000], Wasserstein(eigs,real_eigs): 3722.043, Wasserstein(log_eigs,log_real_eigs): 0.447
torch.Size([64, 2500])
Epoch [439/1000], Wasserstein(eigs,real_eigs): 968.811, Wasserstein(log_eigs,log_real_eigs): 0.568
torch.Size([64, 2500])
Epoch [440/1000], Wasserstein(eigs,real_eigs): 819.834, Wasserstein(log_eigs,log_real_eigs): 0.423
torch.Size([64, 2500])
Epoch [441/1000], Wasserstein(eigs,real_eigs): 853.426, Wasserstein(log_eigs,log_real_eigs): 0.535
torch.Size([64, 2500])
Epoch [442/1000], Wasserstein(eigs,real_eigs): 676.222, Wasserstein(log_eigs,log_real_eigs): 0.427
torch.Size([64, 2500])
Epoch [443/1000], Wasserstein(eigs,real_eigs): 4678.194, Wasserstein(log_eigs,log_real_eigs): 0.847
torch.Size([64, 2500])
Epoch [444/1000], Wasserstein(eigs,real_eigs): 667.158, Wasserstein(log_eigs,log_real_eigs): 0.347
torch.Size([64, 2500])
Epoch [445/1000], Wasserstein(eigs,real_eigs): 79.656, Wasserstein(log_eigs,log_real_eigs): 0.313
torch.Size([64, 2500])
Epoch [446/1000], Wasserstein(eigs,real_eigs): 1954.453, Wasserstein(log_eigs,log_real_eigs): 0.755
torch.Size([64, 2500])
Epoch [447/1000], Wasserstein(eigs,real_eigs): 4619.306, Wasserstein(log_eigs,log_real_eigs): 0.734
torch.Size([64, 2500])
Epoch [448/1000], Wasserstein(eigs,real_eigs): 1951.734, Wasserstein(log_eigs,log_real_eigs): 0.680
torch.Size([64, 2500])
Epoch [449/1000], Wasserstein(eigs,real_eigs): 3710.224, Wasserstein(log_eigs,log_real_eigs): 0.520
torch.Size([64, 2500])
Epoch [450/1000], Wasserstein(eigs,real_eigs): 5838.838, Wasserstein(log_eigs,log_real_eigs): 0.840
torch.Size([64, 2500])
Epoch [451/1000], Wasserstein(eigs,real_eigs): 8821.694, Wasserstein(log_eigs,log_real_eigs): 0.471
torch.Size([64, 2500])
Epoch [452/1000], Wasserstein(eigs,real_eigs): 3850.642, Wasserstein(log_eigs,log_real_eigs): 0.326
torch.Size([64, 2500])
Epoch [453/1000], Wasserstein(eigs,real_eigs): 2224.041, Wasserstein(log_eigs,log_real_eigs): 0.390
torch.Size([64, 2500])
Epoch [454/1000], Wasserstein(eigs,real_eigs): 3021.748, Wasserstein(log_eigs,log_real_eigs): 0.577
torch.Size([64, 2500])
Epoch [455/1000], Wasserstein(eigs,real_eigs): 1660.176, Wasserstein(log_eigs,log_real_eigs): 0.486
torch.Size([64, 2500])
Epoch [456/1000], Wasserstein(eigs,real_eigs): 2212.782, Wasserstein(log_eigs,log_real_eigs): 0.377
torch.Size([64, 2500])
Epoch [457/1000], Wasserstein(eigs,real_eigs): 715.100, Wasserstein(log_eigs,log_real_eigs): 0.416
torch.Size([64, 2500])
Epoch [458/1000], Wasserstein(eigs,real_eigs): 3029.337, Wasserstein(log_eigs,log_real_eigs): 0.477
torch.Size([64, 2500])
Epoch [459/1000], Wasserstein(eigs,real_eigs): 3775.450, Wasserstein(log_eigs,log_real_eigs): 0.760
torch.Size([64, 2500])
Epoch [460/1000], Wasserstein(eigs,real_eigs): 2338.922, Wasserstein(log_eigs,log_real_eigs): 0.690
torch.Size([64, 2500])
Epoch [461/1000], Wasserstein(eigs,real_eigs): 2853.810, Wasserstein(log_eigs,log_real_eigs): 0.761
torch.Size([64, 2500])
Epoch [462/1000], Wasserstein(eigs,real_eigs): 4231.709, Wasserstein(log_eigs,log_real_eigs): 0.583
torch.Size([64, 2500])
Epoch [463/1000], Wasserstein(eigs,real_eigs): 4856.386, Wasserstein(log_eigs,log_real_eigs): 0.558
torch.Size([64, 2500])
Epoch [464/1000], Wasserstein(eigs,real_eigs): 1018.131, Wasserstein(log_eigs,log_real_eigs): 0.431
torch.Size([64, 2500])
Epoch [465/1000], Wasserstein(eigs,real_eigs): 1018.171, Wasserstein(log_eigs,log_real_eigs): 0.426
torch.Size([64, 2500])
Epoch [466/1000], Wasserstein(eigs,real_eigs): 3795.981, Wasserstein(log_eigs,log_real_eigs): 0.464
torch.Size([64, 2500])
Epoch [467/1000], Wasserstein(eigs,real_eigs): 3912.732, Wasserstein(log_eigs,log_real_eigs): 0.377
torch.Size([64, 2500])
Epoch [468/1000], Wasserstein(eigs,real_eigs): 819.191, Wasserstein(log_eigs,log_real_eigs): 0.481
torch.Size([64, 2500])
Epoch [469/1000], Wasserstein(eigs,real_eigs): 2603.663, Wasserstein(log_eigs,log_real_eigs): 0.687
torch.Size([64, 2500])
Epoch [470/1000], Wasserstein(eigs,real_eigs): 69.899, Wasserstein(log_eigs,log_real_eigs): 0.528
torch.Size([64, 2500])
Epoch [471/1000], Wasserstein(eigs,real_eigs): 1168.376, Wasserstein(log_eigs,log_real_eigs): 0.588
torch.Size([64, 2500])
Epoch [472/1000], Wasserstein(eigs,real_eigs): 10332.165, Wasserstein(log_eigs,log_real_eigs): 0.558
torch.Size([64, 2500])
Epoch [473/1000], Wasserstein(eigs,real_eigs): 9637.743, Wasserstein(log_eigs,log_real_eigs): 0.753
torch.Size([64, 2500])
Epoch [474/1000], Wasserstein(eigs,real_eigs): 10400.147, Wasserstein(log_eigs,log_real_eigs): 0.663
torch.Size([64, 2500])
Epoch [475/1000], Wasserstein(eigs,real_eigs): 9132.380, Wasserstein(log_eigs,log_real_eigs): 0.612
torch.Size([64, 2500])
Epoch [476/1000], Wasserstein(eigs,real_eigs): 2644.251, Wasserstein(log_eigs,log_real_eigs): 0.541
torch.Size([64, 2500])
Epoch [477/1000], Wasserstein(eigs,real_eigs): 5157.898, Wasserstein(log_eigs,log_real_eigs): 0.580
torch.Size([64, 2500])
Epoch [478/1000], Wasserstein(eigs,real_eigs): 6365.467, Wasserstein(log_eigs,log_real_eigs): 0.552
torch.Size([64, 2500])
Epoch [479/1000], Wasserstein(eigs,real_eigs): 1169.549, Wasserstein(log_eigs,log_real_eigs): 0.608
torch.Size([64, 2500])
Epoch [480/1000], Wasserstein(eigs,real_eigs): 5416.396, Wasserstein(log_eigs,log_real_eigs): 0.817
torch.Size([64, 2500])
Epoch [481/1000], Wasserstein(eigs,real_eigs): 3232.111, Wasserstein(log_eigs,log_real_eigs): 0.794
torch.Size([64, 2500])
Epoch [482/1000], Wasserstein(eigs,real_eigs): 726.663, Wasserstein(log_eigs,log_real_eigs): 0.610
torch.Size([64, 2500])
Epoch [483/1000], Wasserstein(eigs,real_eigs): 4015.882, Wasserstein(log_eigs,log_real_eigs): 0.459
torch.Size([64, 2500])
Epoch [484/1000], Wasserstein(eigs,real_eigs): 8352.744, Wasserstein(log_eigs,log_real_eigs): 0.622
torch.Size([64, 2500])
Epoch [485/1000], Wasserstein(eigs,real_eigs): 7359.990, Wasserstein(log_eigs,log_real_eigs): 0.539
torch.Size([64, 2500])
Epoch [486/1000], Wasserstein(eigs,real_eigs): 5712.569, Wasserstein(log_eigs,log_real_eigs): 0.497
torch.Size([64, 2500])
Epoch [487/1000], Wasserstein(eigs,real_eigs): 1727.179, Wasserstein(log_eigs,log_real_eigs): 0.631
torch.Size([64, 2500])
Epoch [488/1000], Wasserstein(eigs,real_eigs): 1642.879, Wasserstein(log_eigs,log_real_eigs): 0.615
torch.Size([64, 2500])
Epoch [489/1000], Wasserstein(eigs,real_eigs): 986.768, Wasserstein(log_eigs,log_real_eigs): 0.440
torch.Size([64, 2500])
Epoch [490/1000], Wasserstein(eigs,real_eigs): 6424.380, Wasserstein(log_eigs,log_real_eigs): 0.459
torch.Size([64, 2500])
Epoch [491/1000], Wasserstein(eigs,real_eigs): 5946.507, Wasserstein(log_eigs,log_real_eigs): 0.402
torch.Size([64, 2500])
Epoch [492/1000], Wasserstein(eigs,real_eigs): 5329.077, Wasserstein(log_eigs,log_real_eigs): 0.446
torch.Size([64, 2500])
Epoch [493/1000], Wasserstein(eigs,real_eigs): 8121.111, Wasserstein(log_eigs,log_real_eigs): 0.780
torch.Size([64, 2500])
Epoch [494/1000], Wasserstein(eigs,real_eigs): 4219.802, Wasserstein(log_eigs,log_real_eigs): 0.419
torch.Size([64, 2500])
Epoch [495/1000], Wasserstein(eigs,real_eigs): 5407.026, Wasserstein(log_eigs,log_real_eigs): 0.610
torch.Size([64, 2500])
Epoch [496/1000], Wasserstein(eigs,real_eigs): 5299.865, Wasserstein(log_eigs,log_real_eigs): 0.726
torch.Size([64, 2500])
Epoch [497/1000], Wasserstein(eigs,real_eigs): 2119.261, Wasserstein(log_eigs,log_real_eigs): 0.346
torch.Size([64, 2500])
Epoch [498/1000], Wasserstein(eigs,real_eigs): 4929.653, Wasserstein(log_eigs,log_real_eigs): 0.561
torch.Size([64, 2500])
Epoch [499/1000], Wasserstein(eigs,real_eigs): 1645.704, Wasserstein(log_eigs,log_real_eigs): 0.376
torch.Size([64, 2500])
Epoch [500/1000], Wasserstein(eigs,real_eigs): 1093.397, Wasserstein(log_eigs,log_real_eigs): 0.582
torch.Size([64, 2500])
Epoch [501/1000], Wasserstein(eigs,real_eigs): 1487.184, Wasserstein(log_eigs,log_real_eigs): 0.282
torch.Size([64, 2500])
Epoch [502/1000], Wasserstein(eigs,real_eigs): 1559.045, Wasserstein(log_eigs,log_real_eigs): 0.355
torch.Size([64, 2500])
Epoch [503/1000], Wasserstein(eigs,real_eigs): 4663.401, Wasserstein(log_eigs,log_real_eigs): 0.497
torch.Size([64, 2500])
Epoch [504/1000], Wasserstein(eigs,real_eigs): 1197.996, Wasserstein(log_eigs,log_real_eigs): 0.357
torch.Size([64, 2500])
Epoch [505/1000], Wasserstein(eigs,real_eigs): 2831.951, Wasserstein(log_eigs,log_real_eigs): 0.401
torch.Size([64, 2500])
Epoch [506/1000], Wasserstein(eigs,real_eigs): 5899.348, Wasserstein(log_eigs,log_real_eigs): 0.707
torch.Size([64, 2500])
Epoch [507/1000], Wasserstein(eigs,real_eigs): 713.343, Wasserstein(log_eigs,log_real_eigs): 0.624
torch.Size([64, 2500])
Epoch [508/1000], Wasserstein(eigs,real_eigs): 228.191, Wasserstein(log_eigs,log_real_eigs): 0.564
torch.Size([64, 2500])
Epoch [509/1000], Wasserstein(eigs,real_eigs): 4807.902, Wasserstein(log_eigs,log_real_eigs): 0.718
torch.Size([64, 2500])
Epoch [510/1000], Wasserstein(eigs,real_eigs): 1395.442, Wasserstein(log_eigs,log_real_eigs): 0.513
torch.Size([64, 2500])
Epoch [511/1000], Wasserstein(eigs,real_eigs): 1416.670, Wasserstein(log_eigs,log_real_eigs): 0.503
torch.Size([64, 2500])
Epoch [512/1000], Wasserstein(eigs,real_eigs): 572.315, Wasserstein(log_eigs,log_real_eigs): 0.314
torch.Size([64, 2500])
Epoch [513/1000], Wasserstein(eigs,real_eigs): 91.875, Wasserstein(log_eigs,log_real_eigs): 0.424
torch.Size([64, 2500])
Epoch [514/1000], Wasserstein(eigs,real_eigs): 1745.053, Wasserstein(log_eigs,log_real_eigs): 0.414
torch.Size([64, 2500])
Epoch [515/1000], Wasserstein(eigs,real_eigs): 2108.659, Wasserstein(log_eigs,log_real_eigs): 0.397
torch.Size([64, 2500])
Epoch [516/1000], Wasserstein(eigs,real_eigs): 101.770, Wasserstein(log_eigs,log_real_eigs): 0.330
torch.Size([64, 2500])
Epoch [517/1000], Wasserstein(eigs,real_eigs): 3118.819, Wasserstein(log_eigs,log_real_eigs): 0.463
torch.Size([64, 2500])
Epoch [518/1000], Wasserstein(eigs,real_eigs): 1937.905, Wasserstein(log_eigs,log_real_eigs): 0.669
torch.Size([64, 2500])
Epoch [519/1000], Wasserstein(eigs,real_eigs): 8571.758, Wasserstein(log_eigs,log_real_eigs): 0.459
torch.Size([64, 2500])
Epoch [520/1000], Wasserstein(eigs,real_eigs): 8379.889, Wasserstein(log_eigs,log_real_eigs): 0.630
torch.Size([64, 2500])
Epoch [521/1000], Wasserstein(eigs,real_eigs): 6278.998, Wasserstein(log_eigs,log_real_eigs): 0.635
torch.Size([64, 2500])
Epoch [522/1000], Wasserstein(eigs,real_eigs): 5103.803, Wasserstein(log_eigs,log_real_eigs): 0.576
torch.Size([64, 2500])
Epoch [523/1000], Wasserstein(eigs,real_eigs): 6953.033, Wasserstein(log_eigs,log_real_eigs): 0.503
torch.Size([64, 2500])
Epoch [524/1000], Wasserstein(eigs,real_eigs): 7684.262, Wasserstein(log_eigs,log_real_eigs): 0.482
torch.Size([64, 2500])
Epoch [525/1000], Wasserstein(eigs,real_eigs): 5188.438, Wasserstein(log_eigs,log_real_eigs): 0.594
torch.Size([64, 2500])
Epoch [526/1000], Wasserstein(eigs,real_eigs): 5708.370, Wasserstein(log_eigs,log_real_eigs): 0.476
torch.Size([64, 2500])
Epoch [527/1000], Wasserstein(eigs,real_eigs): 2410.357, Wasserstein(log_eigs,log_real_eigs): 0.421
torch.Size([64, 2500])
Epoch [528/1000], Wasserstein(eigs,real_eigs): 770.795, Wasserstein(log_eigs,log_real_eigs): 0.442
torch.Size([64, 2500])
Epoch [529/1000], Wasserstein(eigs,real_eigs): 1641.894, Wasserstein(log_eigs,log_real_eigs): 0.485
torch.Size([64, 2500])
Epoch [530/1000], Wasserstein(eigs,real_eigs): 2100.452, Wasserstein(log_eigs,log_real_eigs): 0.441
torch.Size([64, 2500])
Epoch [531/1000], Wasserstein(eigs,real_eigs): 2256.304, Wasserstein(log_eigs,log_real_eigs): 0.580
torch.Size([64, 2500])
Epoch [532/1000], Wasserstein(eigs,real_eigs): 5360.364, Wasserstein(log_eigs,log_real_eigs): 0.720
torch.Size([64, 2500])
Epoch [533/1000], Wasserstein(eigs,real_eigs): 1515.833, Wasserstein(log_eigs,log_real_eigs): 0.796
torch.Size([64, 2500])
Epoch [534/1000], Wasserstein(eigs,real_eigs): 1164.620, Wasserstein(log_eigs,log_real_eigs): 0.687
torch.Size([64, 2500])
Epoch [535/1000], Wasserstein(eigs,real_eigs): 530.033, Wasserstein(log_eigs,log_real_eigs): 0.669
torch.Size([64, 2500])
Epoch [536/1000], Wasserstein(eigs,real_eigs): 199.517, Wasserstein(log_eigs,log_real_eigs): 0.537
torch.Size([64, 2500])
Epoch [537/1000], Wasserstein(eigs,real_eigs): 3033.350, Wasserstein(log_eigs,log_real_eigs): 0.601
torch.Size([64, 2500])
Epoch [538/1000], Wasserstein(eigs,real_eigs): 8984.011, Wasserstein(log_eigs,log_real_eigs): 0.765
torch.Size([64, 2500])
Epoch [539/1000], Wasserstein(eigs,real_eigs): 7308.125, Wasserstein(log_eigs,log_real_eigs): 0.881
torch.Size([64, 2500])
Epoch [540/1000], Wasserstein(eigs,real_eigs): 3262.665, Wasserstein(log_eigs,log_real_eigs): 0.802
torch.Size([64, 2500])
Epoch [541/1000], Wasserstein(eigs,real_eigs): 506.050, Wasserstein(log_eigs,log_real_eigs): 0.453
torch.Size([64, 2500])
Epoch [542/1000], Wasserstein(eigs,real_eigs): 3549.124, Wasserstein(log_eigs,log_real_eigs): 0.764
torch.Size([64, 2500])
Epoch [543/1000], Wasserstein(eigs,real_eigs): 1890.339, Wasserstein(log_eigs,log_real_eigs): 0.693
torch.Size([64, 2500])
Epoch [544/1000], Wasserstein(eigs,real_eigs): 4000.411, Wasserstein(log_eigs,log_real_eigs): 0.742
torch.Size([64, 2500])
Epoch [545/1000], Wasserstein(eigs,real_eigs): 2605.161, Wasserstein(log_eigs,log_real_eigs): 0.867
torch.Size([64, 2500])
Epoch [546/1000], Wasserstein(eigs,real_eigs): 1834.792, Wasserstein(log_eigs,log_real_eigs): 0.848
torch.Size([64, 2500])
Epoch [547/1000], Wasserstein(eigs,real_eigs): 8162.513, Wasserstein(log_eigs,log_real_eigs): 0.624
torch.Size([64, 2500])
Epoch [548/1000], Wasserstein(eigs,real_eigs): 1285.250, Wasserstein(log_eigs,log_real_eigs): 0.591
torch.Size([64, 2500])
Epoch [549/1000], Wasserstein(eigs,real_eigs): 6729.001, Wasserstein(log_eigs,log_real_eigs): 0.791
torch.Size([64, 2500])
Epoch [550/1000], Wasserstein(eigs,real_eigs): 5138.691, Wasserstein(log_eigs,log_real_eigs): 0.481
torch.Size([64, 2500])
Epoch [551/1000], Wasserstein(eigs,real_eigs): 3742.791, Wasserstein(log_eigs,log_real_eigs): 0.468
torch.Size([64, 2500])
Epoch [552/1000], Wasserstein(eigs,real_eigs): 2826.581, Wasserstein(log_eigs,log_real_eigs): 0.376
torch.Size([64, 2500])
Epoch [553/1000], Wasserstein(eigs,real_eigs): 11067.524, Wasserstein(log_eigs,log_real_eigs): 0.462
torch.Size([64, 2500])
Epoch [554/1000], Wasserstein(eigs,real_eigs): 3198.270, Wasserstein(log_eigs,log_real_eigs): 0.452
torch.Size([64, 2500])
Epoch [555/1000], Wasserstein(eigs,real_eigs): 7654.657, Wasserstein(log_eigs,log_real_eigs): 0.609
torch.Size([64, 2500])
Epoch [556/1000], Wasserstein(eigs,real_eigs): 10183.149, Wasserstein(log_eigs,log_real_eigs): 0.669
torch.Size([64, 2500])
Epoch [557/1000], Wasserstein(eigs,real_eigs): 10796.097, Wasserstein(log_eigs,log_real_eigs): 0.430
torch.Size([64, 2500])
Epoch [558/1000], Wasserstein(eigs,real_eigs): 6525.888, Wasserstein(log_eigs,log_real_eigs): 0.480
torch.Size([64, 2500])
Epoch [559/1000], Wasserstein(eigs,real_eigs): 2178.076, Wasserstein(log_eigs,log_real_eigs): 0.464
torch.Size([64, 2500])
Epoch [560/1000], Wasserstein(eigs,real_eigs): 4510.224, Wasserstein(log_eigs,log_real_eigs): 0.954
torch.Size([64, 2500])
Epoch [561/1000], Wasserstein(eigs,real_eigs): 4135.317, Wasserstein(log_eigs,log_real_eigs): 0.691
torch.Size([64, 2500])
Epoch [562/1000], Wasserstein(eigs,real_eigs): 2688.843, Wasserstein(log_eigs,log_real_eigs): 0.660
torch.Size([64, 2500])
Epoch [563/1000], Wasserstein(eigs,real_eigs): 3948.617, Wasserstein(log_eigs,log_real_eigs): 0.713
torch.Size([64, 2500])
Epoch [564/1000], Wasserstein(eigs,real_eigs): 2074.382, Wasserstein(log_eigs,log_real_eigs): 0.652
torch.Size([64, 2500])
Epoch [565/1000], Wasserstein(eigs,real_eigs): 590.821, Wasserstein(log_eigs,log_real_eigs): 0.433
torch.Size([64, 2500])
Epoch [566/1000], Wasserstein(eigs,real_eigs): 8417.867, Wasserstein(log_eigs,log_real_eigs): 0.537
torch.Size([64, 2500])
Epoch [567/1000], Wasserstein(eigs,real_eigs): 3196.477, Wasserstein(log_eigs,log_real_eigs): 0.791
torch.Size([64, 2500])
Epoch [568/1000], Wasserstein(eigs,real_eigs): 3036.314, Wasserstein(log_eigs,log_real_eigs): 0.419
torch.Size([64, 2500])
Epoch [569/1000], Wasserstein(eigs,real_eigs): 2263.007, Wasserstein(log_eigs,log_real_eigs): 0.390
torch.Size([64, 2500])
Epoch [570/1000], Wasserstein(eigs,real_eigs): 359.647, Wasserstein(log_eigs,log_real_eigs): 0.425
torch.Size([64, 2500])
Epoch [571/1000], Wasserstein(eigs,real_eigs): 10282.360, Wasserstein(log_eigs,log_real_eigs): 0.581
torch.Size([64, 2500])
Epoch [572/1000], Wasserstein(eigs,real_eigs): 5534.630, Wasserstein(log_eigs,log_real_eigs): 0.595
torch.Size([64, 2500])
Epoch [573/1000], Wasserstein(eigs,real_eigs): 6974.542, Wasserstein(log_eigs,log_real_eigs): 0.561
torch.Size([64, 2500])
Epoch [574/1000], Wasserstein(eigs,real_eigs): 6885.827, Wasserstein(log_eigs,log_real_eigs): 0.538
torch.Size([64, 2500])
Epoch [575/1000], Wasserstein(eigs,real_eigs): 4469.642, Wasserstein(log_eigs,log_real_eigs): 0.526
torch.Size([64, 2500])
Epoch [576/1000], Wasserstein(eigs,real_eigs): 521.296, Wasserstein(log_eigs,log_real_eigs): 0.359
torch.Size([64, 2500])
Epoch [577/1000], Wasserstein(eigs,real_eigs): 5343.011, Wasserstein(log_eigs,log_real_eigs): 0.384
torch.Size([64, 2500])
Epoch [578/1000], Wasserstein(eigs,real_eigs): 1789.290, Wasserstein(log_eigs,log_real_eigs): 0.459
torch.Size([64, 2500])
Epoch [579/1000], Wasserstein(eigs,real_eigs): 2940.319, Wasserstein(log_eigs,log_real_eigs): 0.646
torch.Size([64, 2500])
Epoch [580/1000], Wasserstein(eigs,real_eigs): 52.493, Wasserstein(log_eigs,log_real_eigs): 0.260
torch.Size([64, 2500])
Epoch [581/1000], Wasserstein(eigs,real_eigs): 4670.391, Wasserstein(log_eigs,log_real_eigs): 0.460
torch.Size([64, 2500])
Epoch [582/1000], Wasserstein(eigs,real_eigs): 5041.272, Wasserstein(log_eigs,log_real_eigs): 0.549
torch.Size([64, 2500])
Epoch [583/1000], Wasserstein(eigs,real_eigs): 4274.623, Wasserstein(log_eigs,log_real_eigs): 0.378
torch.Size([64, 2500])
Epoch [584/1000], Wasserstein(eigs,real_eigs): 7774.479, Wasserstein(log_eigs,log_real_eigs): 0.390
torch.Size([64, 2500])
Epoch [585/1000], Wasserstein(eigs,real_eigs): 3796.798, Wasserstein(log_eigs,log_real_eigs): 0.400
torch.Size([64, 2500])
Epoch [586/1000], Wasserstein(eigs,real_eigs): 656.573, Wasserstein(log_eigs,log_real_eigs): 0.371
torch.Size([64, 2500])
Epoch [587/1000], Wasserstein(eigs,real_eigs): 5653.573, Wasserstein(log_eigs,log_real_eigs): 0.478
torch.Size([64, 2500])
Epoch [588/1000], Wasserstein(eigs,real_eigs): 5280.528, Wasserstein(log_eigs,log_real_eigs): 0.908
torch.Size([64, 2500])
Epoch [589/1000], Wasserstein(eigs,real_eigs): 3048.941, Wasserstein(log_eigs,log_real_eigs): 0.690
torch.Size([64, 2500])
Epoch [590/1000], Wasserstein(eigs,real_eigs): 494.119, Wasserstein(log_eigs,log_real_eigs): 0.563
torch.Size([64, 2500])
Epoch [591/1000], Wasserstein(eigs,real_eigs): 642.031, Wasserstein(log_eigs,log_real_eigs): 0.412
torch.Size([64, 2500])
Epoch [592/1000], Wasserstein(eigs,real_eigs): 3857.768, Wasserstein(log_eigs,log_real_eigs): 0.617
torch.Size([64, 2500])
Epoch [593/1000], Wasserstein(eigs,real_eigs): 4136.824, Wasserstein(log_eigs,log_real_eigs): 0.452
torch.Size([64, 2500])
Epoch [594/1000], Wasserstein(eigs,real_eigs): 5306.429, Wasserstein(log_eigs,log_real_eigs): 0.582
torch.Size([64, 2500])
Epoch [595/1000], Wasserstein(eigs,real_eigs): 1369.630, Wasserstein(log_eigs,log_real_eigs): 0.361
torch.Size([64, 2500])
Epoch [596/1000], Wasserstein(eigs,real_eigs): 3475.568, Wasserstein(log_eigs,log_real_eigs): 0.436
torch.Size([64, 2500])
Epoch [597/1000], Wasserstein(eigs,real_eigs): 4268.123, Wasserstein(log_eigs,log_real_eigs): 0.427
torch.Size([64, 2500])
Epoch [598/1000], Wasserstein(eigs,real_eigs): 1741.508, Wasserstein(log_eigs,log_real_eigs): 0.492
torch.Size([64, 2500])
Epoch [599/1000], Wasserstein(eigs,real_eigs): 595.883, Wasserstein(log_eigs,log_real_eigs): 0.433
torch.Size([64, 2500])
Epoch [600/1000], Wasserstein(eigs,real_eigs): 12019.241, Wasserstein(log_eigs,log_real_eigs): 0.425
torch.Size([64, 2500])
Epoch [601/1000], Wasserstein(eigs,real_eigs): 6606.824, Wasserstein(log_eigs,log_real_eigs): 0.535
torch.Size([64, 2500])
Epoch [602/1000], Wasserstein(eigs,real_eigs): 6813.106, Wasserstein(log_eigs,log_real_eigs): 0.461
torch.Size([64, 2500])
Epoch [603/1000], Wasserstein(eigs,real_eigs): 2041.046, Wasserstein(log_eigs,log_real_eigs): 0.713
torch.Size([64, 2500])
Epoch [604/1000], Wasserstein(eigs,real_eigs): 5174.508, Wasserstein(log_eigs,log_real_eigs): 0.787
