2019-10-17 02:03:04.446475
Namespace(batch_size=64, dataroot='/home/jim/Documents/RandomBergman/KS4/data/', diff=0, epochs=1000, exp=None, h11=40, log_interval=1, lr=5e-05, lr_D=5e-05, lr_G=5e-05, model_type='GAN_DCGAN', n_critic_steps=5, newsize=40, num_geometries=2500, nz=25, outdir='./experiments/exp_GAN_DCGAN_40_25_10172019_020304', plot_interval=20, py_version=3, save=True, show_plots=False, test_batch_size=10000)
Namespace(batch_size=64, dataroot='/home/jim/Documents/RandomBergman/KS4/data/', diff=0, epochs=1000, exp=None, h11=40, log_interval=1, lr=5e-05, lr_D=5e-05, lr_G=5e-05, model_type='GAN_DCGAN', n_critic_steps=5, newsize=40, num_geometries=2500, nz=25, outdir='./experiments/exp_GAN_DCGAN_40_25_10172019_020304', plot_interval=20, py_version=3, save=True, show_plots=False, test_batch_size=10000)
Model type: GAN_DCGAN
Coomparing to Eigenvalue distribution collected from 3017 geometries
data: 64 40
torch.Size([64, 1600])
Epoch [0/1000], Wasserstein(eigs,real_eigs): 13.616, Wasserstein(log_eigs,log_real_eigs): 0.716
torch.Size([64, 1600])
Epoch [1/1000], Wasserstein(eigs,real_eigs): 1022.726, Wasserstein(log_eigs,log_real_eigs): 1.871
torch.Size([64, 1600])
Epoch [2/1000], Wasserstein(eigs,real_eigs): 1575.916, Wasserstein(log_eigs,log_real_eigs): 2.135
torch.Size([64, 1600])
Epoch [3/1000], Wasserstein(eigs,real_eigs): 1221.923, Wasserstein(log_eigs,log_real_eigs): 2.034
torch.Size([64, 1600])
Epoch [4/1000], Wasserstein(eigs,real_eigs): 1457.106, Wasserstein(log_eigs,log_real_eigs): 2.071
torch.Size([64, 1600])
Epoch [5/1000], Wasserstein(eigs,real_eigs): 1149.214, Wasserstein(log_eigs,log_real_eigs): 1.995
torch.Size([64, 1600])
Epoch [6/1000], Wasserstein(eigs,real_eigs): 1176.341, Wasserstein(log_eigs,log_real_eigs): 2.068
torch.Size([64, 1600])
Epoch [7/1000], Wasserstein(eigs,real_eigs): 959.181, Wasserstein(log_eigs,log_real_eigs): 1.910
torch.Size([64, 1600])
Epoch [8/1000], Wasserstein(eigs,real_eigs): 911.036, Wasserstein(log_eigs,log_real_eigs): 2.048
torch.Size([64, 1600])
Epoch [9/1000], Wasserstein(eigs,real_eigs): 912.750, Wasserstein(log_eigs,log_real_eigs): 1.951
torch.Size([64, 1600])
Epoch [10/1000], Wasserstein(eigs,real_eigs): 950.487, Wasserstein(log_eigs,log_real_eigs): 1.918
torch.Size([64, 1600])
Epoch [11/1000], Wasserstein(eigs,real_eigs): 731.223, Wasserstein(log_eigs,log_real_eigs): 1.925
torch.Size([64, 1600])
Epoch [12/1000], Wasserstein(eigs,real_eigs): 924.850, Wasserstein(log_eigs,log_real_eigs): 1.928
torch.Size([64, 1600])
Epoch [13/1000], Wasserstein(eigs,real_eigs): 930.573, Wasserstein(log_eigs,log_real_eigs): 1.942
torch.Size([64, 1600])
Epoch [14/1000], Wasserstein(eigs,real_eigs): 666.640, Wasserstein(log_eigs,log_real_eigs): 1.830
torch.Size([64, 1600])
Epoch [15/1000], Wasserstein(eigs,real_eigs): 585.393, Wasserstein(log_eigs,log_real_eigs): 1.900
torch.Size([64, 1600])
Epoch [16/1000], Wasserstein(eigs,real_eigs): 585.782, Wasserstein(log_eigs,log_real_eigs): 1.732
torch.Size([64, 1600])
Epoch [17/1000], Wasserstein(eigs,real_eigs): 608.413, Wasserstein(log_eigs,log_real_eigs): 1.930
torch.Size([64, 1600])
Epoch [18/1000], Wasserstein(eigs,real_eigs): 785.777, Wasserstein(log_eigs,log_real_eigs): 1.944
torch.Size([64, 1600])
Epoch [19/1000], Wasserstein(eigs,real_eigs): 611.860, Wasserstein(log_eigs,log_real_eigs): 1.854
torch.Size([64, 1600])
Epoch [20/1000], Wasserstein(eigs,real_eigs): 614.263, Wasserstein(log_eigs,log_real_eigs): 1.866
torch.Size([64, 1600])
Epoch [21/1000], Wasserstein(eigs,real_eigs): 647.485, Wasserstein(log_eigs,log_real_eigs): 1.814
torch.Size([64, 1600])
Epoch [22/1000], Wasserstein(eigs,real_eigs): 931.553, Wasserstein(log_eigs,log_real_eigs): 2.029
torch.Size([64, 1600])
Epoch [23/1000], Wasserstein(eigs,real_eigs): 926.728, Wasserstein(log_eigs,log_real_eigs): 2.044
torch.Size([64, 1600])
Epoch [24/1000], Wasserstein(eigs,real_eigs): 968.485, Wasserstein(log_eigs,log_real_eigs): 1.926
torch.Size([64, 1600])
Epoch [25/1000], Wasserstein(eigs,real_eigs): 852.292, Wasserstein(log_eigs,log_real_eigs): 1.901
torch.Size([64, 1600])
Epoch [26/1000], Wasserstein(eigs,real_eigs): 987.926, Wasserstein(log_eigs,log_real_eigs): 2.093
torch.Size([64, 1600])
Epoch [27/1000], Wasserstein(eigs,real_eigs): 615.221, Wasserstein(log_eigs,log_real_eigs): 1.882
torch.Size([64, 1600])
Epoch [28/1000], Wasserstein(eigs,real_eigs): 425.824, Wasserstein(log_eigs,log_real_eigs): 1.672
torch.Size([64, 1600])
Epoch [29/1000], Wasserstein(eigs,real_eigs): 699.468, Wasserstein(log_eigs,log_real_eigs): 1.749
torch.Size([64, 1600])
Epoch [30/1000], Wasserstein(eigs,real_eigs): 662.121, Wasserstein(log_eigs,log_real_eigs): 1.830
torch.Size([64, 1600])
Epoch [31/1000], Wasserstein(eigs,real_eigs): 443.457, Wasserstein(log_eigs,log_real_eigs): 1.779
torch.Size([64, 1600])
Epoch [32/1000], Wasserstein(eigs,real_eigs): 719.324, Wasserstein(log_eigs,log_real_eigs): 1.828
torch.Size([64, 1600])
Epoch [33/1000], Wasserstein(eigs,real_eigs): 895.649, Wasserstein(log_eigs,log_real_eigs): 1.903
torch.Size([64, 1600])
Epoch [34/1000], Wasserstein(eigs,real_eigs): 289.053, Wasserstein(log_eigs,log_real_eigs): 1.471
torch.Size([64, 1600])
Epoch [35/1000], Wasserstein(eigs,real_eigs): 469.398, Wasserstein(log_eigs,log_real_eigs): 1.682
torch.Size([64, 1600])
Epoch [36/1000], Wasserstein(eigs,real_eigs): 227.601, Wasserstein(log_eigs,log_real_eigs): 1.387
torch.Size([64, 1600])
Epoch [37/1000], Wasserstein(eigs,real_eigs): 599.097, Wasserstein(log_eigs,log_real_eigs): 1.775
torch.Size([64, 1600])
Epoch [38/1000], Wasserstein(eigs,real_eigs): 587.719, Wasserstein(log_eigs,log_real_eigs): 1.828
torch.Size([64, 1600])
Epoch [39/1000], Wasserstein(eigs,real_eigs): 462.174, Wasserstein(log_eigs,log_real_eigs): 1.693
torch.Size([64, 1600])
Epoch [40/1000], Wasserstein(eigs,real_eigs): 464.266, Wasserstein(log_eigs,log_real_eigs): 1.707
torch.Size([64, 1600])
Epoch [41/1000], Wasserstein(eigs,real_eigs): 788.671, Wasserstein(log_eigs,log_real_eigs): 1.928
torch.Size([64, 1600])
Epoch [42/1000], Wasserstein(eigs,real_eigs): 452.405, Wasserstein(log_eigs,log_real_eigs): 1.663
torch.Size([64, 1600])
Epoch [43/1000], Wasserstein(eigs,real_eigs): 724.024, Wasserstein(log_eigs,log_real_eigs): 1.916
torch.Size([64, 1600])
Epoch [44/1000], Wasserstein(eigs,real_eigs): 944.503, Wasserstein(log_eigs,log_real_eigs): 1.991
torch.Size([64, 1600])
Epoch [45/1000], Wasserstein(eigs,real_eigs): 749.381, Wasserstein(log_eigs,log_real_eigs): 1.948
torch.Size([64, 1600])
Epoch [46/1000], Wasserstein(eigs,real_eigs): 1039.920, Wasserstein(log_eigs,log_real_eigs): 2.140
torch.Size([64, 1600])
Epoch [47/1000], Wasserstein(eigs,real_eigs): 800.001, Wasserstein(log_eigs,log_real_eigs): 1.920
torch.Size([64, 1600])
Epoch [48/1000], Wasserstein(eigs,real_eigs): 546.231, Wasserstein(log_eigs,log_real_eigs): 1.803
torch.Size([64, 1600])
Epoch [49/1000], Wasserstein(eigs,real_eigs): 786.756, Wasserstein(log_eigs,log_real_eigs): 1.967
torch.Size([64, 1600])
Epoch [50/1000], Wasserstein(eigs,real_eigs): 783.902, Wasserstein(log_eigs,log_real_eigs): 1.914
torch.Size([64, 1600])
Epoch [51/1000], Wasserstein(eigs,real_eigs): 1045.331, Wasserstein(log_eigs,log_real_eigs): 2.012
torch.Size([64, 1600])
Epoch [52/1000], Wasserstein(eigs,real_eigs): 1059.457, Wasserstein(log_eigs,log_real_eigs): 2.041
torch.Size([64, 1600])
Epoch [53/1000], Wasserstein(eigs,real_eigs): 1785.754, Wasserstein(log_eigs,log_real_eigs): 2.308
torch.Size([64, 1600])
Epoch [54/1000], Wasserstein(eigs,real_eigs): 1902.448, Wasserstein(log_eigs,log_real_eigs): 2.416
torch.Size([64, 1600])
Epoch [55/1000], Wasserstein(eigs,real_eigs): 1624.460, Wasserstein(log_eigs,log_real_eigs): 2.353
torch.Size([64, 1600])
Epoch [56/1000], Wasserstein(eigs,real_eigs): 1974.174, Wasserstein(log_eigs,log_real_eigs): 2.413
torch.Size([64, 1600])
Epoch [57/1000], Wasserstein(eigs,real_eigs): 2753.027, Wasserstein(log_eigs,log_real_eigs): 2.511
torch.Size([64, 1600])
Epoch [58/1000], Wasserstein(eigs,real_eigs): 3113.535, Wasserstein(log_eigs,log_real_eigs): 2.578
torch.Size([64, 1600])
Epoch [59/1000], Wasserstein(eigs,real_eigs): 2410.263, Wasserstein(log_eigs,log_real_eigs): 2.346
torch.Size([64, 1600])
Epoch [60/1000], Wasserstein(eigs,real_eigs): 1957.271, Wasserstein(log_eigs,log_real_eigs): 2.387
torch.Size([64, 1600])
Epoch [61/1000], Wasserstein(eigs,real_eigs): 1795.775, Wasserstein(log_eigs,log_real_eigs): 2.231
torch.Size([64, 1600])
Epoch [62/1000], Wasserstein(eigs,real_eigs): 1839.107, Wasserstein(log_eigs,log_real_eigs): 2.327
torch.Size([64, 1600])
Epoch [63/1000], Wasserstein(eigs,real_eigs): 1828.367, Wasserstein(log_eigs,log_real_eigs): 2.351
torch.Size([64, 1600])
Epoch [64/1000], Wasserstein(eigs,real_eigs): 1990.890, Wasserstein(log_eigs,log_real_eigs): 2.355
torch.Size([64, 1600])
Epoch [65/1000], Wasserstein(eigs,real_eigs): 2180.537, Wasserstein(log_eigs,log_real_eigs): 2.356
torch.Size([64, 1600])
Epoch [66/1000], Wasserstein(eigs,real_eigs): 2280.947, Wasserstein(log_eigs,log_real_eigs): 2.425
torch.Size([64, 1600])
Epoch [67/1000], Wasserstein(eigs,real_eigs): 1645.521, Wasserstein(log_eigs,log_real_eigs): 2.276
torch.Size([64, 1600])
Epoch [68/1000], Wasserstein(eigs,real_eigs): 1899.208, Wasserstein(log_eigs,log_real_eigs): 2.215
torch.Size([64, 1600])
Epoch [69/1000], Wasserstein(eigs,real_eigs): 2676.433, Wasserstein(log_eigs,log_real_eigs): 2.444
torch.Size([64, 1600])
Epoch [70/1000], Wasserstein(eigs,real_eigs): 3248.593, Wasserstein(log_eigs,log_real_eigs): 2.548
torch.Size([64, 1600])
Epoch [71/1000], Wasserstein(eigs,real_eigs): 3048.495, Wasserstein(log_eigs,log_real_eigs): 2.584
torch.Size([64, 1600])
Epoch [72/1000], Wasserstein(eigs,real_eigs): 2963.346, Wasserstein(log_eigs,log_real_eigs): 2.485
torch.Size([64, 1600])
Epoch [73/1000], Wasserstein(eigs,real_eigs): 2923.270, Wasserstein(log_eigs,log_real_eigs): 2.526
torch.Size([64, 1600])
Epoch [74/1000], Wasserstein(eigs,real_eigs): 3056.123, Wasserstein(log_eigs,log_real_eigs): 2.498
torch.Size([64, 1600])
Epoch [75/1000], Wasserstein(eigs,real_eigs): 3558.243, Wasserstein(log_eigs,log_real_eigs): 2.624
torch.Size([64, 1600])
Epoch [76/1000], Wasserstein(eigs,real_eigs): 3215.197, Wasserstein(log_eigs,log_real_eigs): 2.591
torch.Size([64, 1600])
Epoch [77/1000], Wasserstein(eigs,real_eigs): 2469.841, Wasserstein(log_eigs,log_real_eigs): 2.439
torch.Size([64, 1600])
Epoch [78/1000], Wasserstein(eigs,real_eigs): 3802.748, Wasserstein(log_eigs,log_real_eigs): 2.694
torch.Size([64, 1600])
Epoch [79/1000], Wasserstein(eigs,real_eigs): 5254.021, Wasserstein(log_eigs,log_real_eigs): 2.850
torch.Size([64, 1600])
Epoch [80/1000], Wasserstein(eigs,real_eigs): 4830.278, Wasserstein(log_eigs,log_real_eigs): 2.796
torch.Size([64, 1600])
Epoch [81/1000], Wasserstein(eigs,real_eigs): 3590.203, Wasserstein(log_eigs,log_real_eigs): 2.622
torch.Size([64, 1600])
Epoch [82/1000], Wasserstein(eigs,real_eigs): 3732.695, Wasserstein(log_eigs,log_real_eigs): 2.609
torch.Size([64, 1600])
Epoch [83/1000], Wasserstein(eigs,real_eigs): 2951.090, Wasserstein(log_eigs,log_real_eigs): 2.577
torch.Size([64, 1600])
Epoch [84/1000], Wasserstein(eigs,real_eigs): 2406.236, Wasserstein(log_eigs,log_real_eigs): 2.430
torch.Size([64, 1600])
Epoch [85/1000], Wasserstein(eigs,real_eigs): 3523.730, Wasserstein(log_eigs,log_real_eigs): 2.644
torch.Size([64, 1600])
Epoch [86/1000], Wasserstein(eigs,real_eigs): 4634.576, Wasserstein(log_eigs,log_real_eigs): 2.725
torch.Size([64, 1600])
Epoch [87/1000], Wasserstein(eigs,real_eigs): 8025.986, Wasserstein(log_eigs,log_real_eigs): 2.994
torch.Size([64, 1600])
Epoch [88/1000], Wasserstein(eigs,real_eigs): 8083.004, Wasserstein(log_eigs,log_real_eigs): 3.005
torch.Size([64, 1600])
Epoch [89/1000], Wasserstein(eigs,real_eigs): 6672.534, Wasserstein(log_eigs,log_real_eigs): 2.917
torch.Size([64, 1600])
Epoch [90/1000], Wasserstein(eigs,real_eigs): 5053.544, Wasserstein(log_eigs,log_real_eigs): 2.837
torch.Size([64, 1600])
Epoch [91/1000], Wasserstein(eigs,real_eigs): 5646.363, Wasserstein(log_eigs,log_real_eigs): 2.813
torch.Size([64, 1600])
Epoch [92/1000], Wasserstein(eigs,real_eigs): 6473.988, Wasserstein(log_eigs,log_real_eigs): 2.922
torch.Size([64, 1600])
Epoch [93/1000], Wasserstein(eigs,real_eigs): 7737.777, Wasserstein(log_eigs,log_real_eigs): 2.949
torch.Size([64, 1600])
Epoch [94/1000], Wasserstein(eigs,real_eigs): 11712.280, Wasserstein(log_eigs,log_real_eigs): 3.257
torch.Size([64, 1600])
Epoch [95/1000], Wasserstein(eigs,real_eigs): 12988.078, Wasserstein(log_eigs,log_real_eigs): 3.284
torch.Size([64, 1600])
Epoch [96/1000], Wasserstein(eigs,real_eigs): 15602.941, Wasserstein(log_eigs,log_real_eigs): 3.263
torch.Size([64, 1600])
Epoch [97/1000], Wasserstein(eigs,real_eigs): 11269.774, Wasserstein(log_eigs,log_real_eigs): 3.214
torch.Size([64, 1600])
Epoch [98/1000], Wasserstein(eigs,real_eigs): 9803.741, Wasserstein(log_eigs,log_real_eigs): 3.075
torch.Size([64, 1600])
Epoch [99/1000], Wasserstein(eigs,real_eigs): 7911.752, Wasserstein(log_eigs,log_real_eigs): 3.102
torch.Size([64, 1600])
Epoch [100/1000], Wasserstein(eigs,real_eigs): 6910.444, Wasserstein(log_eigs,log_real_eigs): 3.037
torch.Size([64, 1600])
Epoch [101/1000], Wasserstein(eigs,real_eigs): 8457.168, Wasserstein(log_eigs,log_real_eigs): 3.128
torch.Size([64, 1600])
Epoch [102/1000], Wasserstein(eigs,real_eigs): 8932.813, Wasserstein(log_eigs,log_real_eigs): 3.032
torch.Size([64, 1600])
Epoch [103/1000], Wasserstein(eigs,real_eigs): 8822.259, Wasserstein(log_eigs,log_real_eigs): 3.071
torch.Size([64, 1600])
Epoch [104/1000], Wasserstein(eigs,real_eigs): 11634.099, Wasserstein(log_eigs,log_real_eigs): 3.144
torch.Size([64, 1600])
Epoch [105/1000], Wasserstein(eigs,real_eigs): 9819.522, Wasserstein(log_eigs,log_real_eigs): 3.150
torch.Size([64, 1600])
Epoch [106/1000], Wasserstein(eigs,real_eigs): 10539.850, Wasserstein(log_eigs,log_real_eigs): 3.128
torch.Size([64, 1600])
Epoch [107/1000], Wasserstein(eigs,real_eigs): 13951.255, Wasserstein(log_eigs,log_real_eigs): 3.243
torch.Size([64, 1600])
Epoch [108/1000], Wasserstein(eigs,real_eigs): 11417.867, Wasserstein(log_eigs,log_real_eigs): 3.175
torch.Size([64, 1600])
Epoch [109/1000], Wasserstein(eigs,real_eigs): 13153.583, Wasserstein(log_eigs,log_real_eigs): 3.167
torch.Size([64, 1600])
Epoch [110/1000], Wasserstein(eigs,real_eigs): 13626.635, Wasserstein(log_eigs,log_real_eigs): 3.286
torch.Size([64, 1600])
Epoch [111/1000], Wasserstein(eigs,real_eigs): 15468.237, Wasserstein(log_eigs,log_real_eigs): 3.343
torch.Size([64, 1600])
Epoch [112/1000], Wasserstein(eigs,real_eigs): 16527.519, Wasserstein(log_eigs,log_real_eigs): 3.313
torch.Size([64, 1600])
Epoch [113/1000], Wasserstein(eigs,real_eigs): 19188.553, Wasserstein(log_eigs,log_real_eigs): 3.429
torch.Size([64, 1600])
Epoch [114/1000], Wasserstein(eigs,real_eigs): 19388.358, Wasserstein(log_eigs,log_real_eigs): 3.523
torch.Size([64, 1600])
Epoch [115/1000], Wasserstein(eigs,real_eigs): 15805.927, Wasserstein(log_eigs,log_real_eigs): 3.391
torch.Size([64, 1600])
Epoch [116/1000], Wasserstein(eigs,real_eigs): 8906.778, Wasserstein(log_eigs,log_real_eigs): 3.105
torch.Size([64, 1600])
Epoch [117/1000], Wasserstein(eigs,real_eigs): 9496.147, Wasserstein(log_eigs,log_real_eigs): 3.004
torch.Size([64, 1600])
Epoch [118/1000], Wasserstein(eigs,real_eigs): 10756.457, Wasserstein(log_eigs,log_real_eigs): 3.081
torch.Size([64, 1600])
Epoch [119/1000], Wasserstein(eigs,real_eigs): 9936.167, Wasserstein(log_eigs,log_real_eigs): 3.048
torch.Size([64, 1600])
Epoch [120/1000], Wasserstein(eigs,real_eigs): 3966.673, Wasserstein(log_eigs,log_real_eigs): 2.693
torch.Size([64, 1600])
Epoch [121/1000], Wasserstein(eigs,real_eigs): 5537.158, Wasserstein(log_eigs,log_real_eigs): 2.872
torch.Size([64, 1600])
Epoch [122/1000], Wasserstein(eigs,real_eigs): 8750.890, Wasserstein(log_eigs,log_real_eigs): 3.022
torch.Size([64, 1600])
Epoch [123/1000], Wasserstein(eigs,real_eigs): 7867.144, Wasserstein(log_eigs,log_real_eigs): 2.989
torch.Size([64, 1600])
Epoch [124/1000], Wasserstein(eigs,real_eigs): 7128.051, Wasserstein(log_eigs,log_real_eigs): 3.000
torch.Size([64, 1600])
Epoch [125/1000], Wasserstein(eigs,real_eigs): 6474.377, Wasserstein(log_eigs,log_real_eigs): 2.985
torch.Size([64, 1600])
Epoch [126/1000], Wasserstein(eigs,real_eigs): 8906.942, Wasserstein(log_eigs,log_real_eigs): 3.194
torch.Size([64, 1600])
Epoch [127/1000], Wasserstein(eigs,real_eigs): 10897.870, Wasserstein(log_eigs,log_real_eigs): 3.136
torch.Size([64, 1600])
Epoch [128/1000], Wasserstein(eigs,real_eigs): 14975.919, Wasserstein(log_eigs,log_real_eigs): 3.345
torch.Size([64, 1600])
Epoch [129/1000], Wasserstein(eigs,real_eigs): 15034.141, Wasserstein(log_eigs,log_real_eigs): 3.358
torch.Size([64, 1600])
Epoch [130/1000], Wasserstein(eigs,real_eigs): 15925.358, Wasserstein(log_eigs,log_real_eigs): 3.453
torch.Size([64, 1600])
Epoch [131/1000], Wasserstein(eigs,real_eigs): 15485.246, Wasserstein(log_eigs,log_real_eigs): 3.306
torch.Size([64, 1600])
Epoch [132/1000], Wasserstein(eigs,real_eigs): 18263.697, Wasserstein(log_eigs,log_real_eigs): 3.417
torch.Size([64, 1600])
Epoch [133/1000], Wasserstein(eigs,real_eigs): 25248.087, Wasserstein(log_eigs,log_real_eigs): 3.567
torch.Size([64, 1600])
Epoch [134/1000], Wasserstein(eigs,real_eigs): 25981.033, Wasserstein(log_eigs,log_real_eigs): 3.532
torch.Size([64, 1600])
Epoch [135/1000], Wasserstein(eigs,real_eigs): 28046.688, Wasserstein(log_eigs,log_real_eigs): 3.682
torch.Size([64, 1600])
Epoch [136/1000], Wasserstein(eigs,real_eigs): 30113.919, Wasserstein(log_eigs,log_real_eigs): 3.542
torch.Size([64, 1600])
Epoch [137/1000], Wasserstein(eigs,real_eigs): 47901.278, Wasserstein(log_eigs,log_real_eigs): 3.725
torch.Size([64, 1600])
Epoch [138/1000], Wasserstein(eigs,real_eigs): 36586.357, Wasserstein(log_eigs,log_real_eigs): 3.596
torch.Size([64, 1600])
Epoch [139/1000], Wasserstein(eigs,real_eigs): 20950.674, Wasserstein(log_eigs,log_real_eigs): 3.580
torch.Size([64, 1600])
Epoch [140/1000], Wasserstein(eigs,real_eigs): 10926.225, Wasserstein(log_eigs,log_real_eigs): 3.242
torch.Size([64, 1600])
Epoch [141/1000], Wasserstein(eigs,real_eigs): 12385.268, Wasserstein(log_eigs,log_real_eigs): 3.338
torch.Size([64, 1600])
Epoch [142/1000], Wasserstein(eigs,real_eigs): 13863.065, Wasserstein(log_eigs,log_real_eigs): 3.338
torch.Size([64, 1600])
Epoch [143/1000], Wasserstein(eigs,real_eigs): 15714.588, Wasserstein(log_eigs,log_real_eigs): 3.306
torch.Size([64, 1600])
Epoch [144/1000], Wasserstein(eigs,real_eigs): 18302.912, Wasserstein(log_eigs,log_real_eigs): 3.340
torch.Size([64, 1600])
Epoch [145/1000], Wasserstein(eigs,real_eigs): 13629.353, Wasserstein(log_eigs,log_real_eigs): 3.360
torch.Size([64, 1600])
Epoch [146/1000], Wasserstein(eigs,real_eigs): 14221.277, Wasserstein(log_eigs,log_real_eigs): 3.330
torch.Size([64, 1600])
Epoch [147/1000], Wasserstein(eigs,real_eigs): 13060.172, Wasserstein(log_eigs,log_real_eigs): 3.341
torch.Size([64, 1600])
Epoch [148/1000], Wasserstein(eigs,real_eigs): 14631.001, Wasserstein(log_eigs,log_real_eigs): 3.351
torch.Size([64, 1600])
Epoch [149/1000], Wasserstein(eigs,real_eigs): 8653.116, Wasserstein(log_eigs,log_real_eigs): 3.089
torch.Size([64, 1600])
Epoch [150/1000], Wasserstein(eigs,real_eigs): 9530.152, Wasserstein(log_eigs,log_real_eigs): 3.111
torch.Size([64, 1600])
Epoch [151/1000], Wasserstein(eigs,real_eigs): 10925.451, Wasserstein(log_eigs,log_real_eigs): 3.196
torch.Size([64, 1600])
Epoch [152/1000], Wasserstein(eigs,real_eigs): 10405.357, Wasserstein(log_eigs,log_real_eigs): 3.196
torch.Size([64, 1600])
Epoch [153/1000], Wasserstein(eigs,real_eigs): 13211.965, Wasserstein(log_eigs,log_real_eigs): 3.352
torch.Size([64, 1600])
Epoch [154/1000], Wasserstein(eigs,real_eigs): 12860.983, Wasserstein(log_eigs,log_real_eigs): 3.412
torch.Size([64, 1600])
Epoch [155/1000], Wasserstein(eigs,real_eigs): 12167.138, Wasserstein(log_eigs,log_real_eigs): 3.245
torch.Size([64, 1600])
Epoch [156/1000], Wasserstein(eigs,real_eigs): 10287.665, Wasserstein(log_eigs,log_real_eigs): 3.217
torch.Size([64, 1600])
Epoch [157/1000], Wasserstein(eigs,real_eigs): 9880.793, Wasserstein(log_eigs,log_real_eigs): 3.228
torch.Size([64, 1600])
Epoch [158/1000], Wasserstein(eigs,real_eigs): 11164.033, Wasserstein(log_eigs,log_real_eigs): 3.310
torch.Size([64, 1600])
Epoch [159/1000], Wasserstein(eigs,real_eigs): 13888.992, Wasserstein(log_eigs,log_real_eigs): 3.354
torch.Size([64, 1600])
Epoch [160/1000], Wasserstein(eigs,real_eigs): 21340.859, Wasserstein(log_eigs,log_real_eigs): 3.425
torch.Size([64, 1600])
Epoch [161/1000], Wasserstein(eigs,real_eigs): 37866.626, Wasserstein(log_eigs,log_real_eigs): 3.752
torch.Size([64, 1600])
Epoch [162/1000], Wasserstein(eigs,real_eigs): 26024.090, Wasserstein(log_eigs,log_real_eigs): 3.501
torch.Size([64, 1600])
Epoch [163/1000], Wasserstein(eigs,real_eigs): 32012.681, Wasserstein(log_eigs,log_real_eigs): 3.589
torch.Size([64, 1600])
Epoch [164/1000], Wasserstein(eigs,real_eigs): 43484.643, Wasserstein(log_eigs,log_real_eigs): 3.720
torch.Size([64, 1600])
Epoch [165/1000], Wasserstein(eigs,real_eigs): 31574.977, Wasserstein(log_eigs,log_real_eigs): 3.747
torch.Size([64, 1600])
Epoch [166/1000], Wasserstein(eigs,real_eigs): 20861.929, Wasserstein(log_eigs,log_real_eigs): 3.563
torch.Size([64, 1600])
Epoch [167/1000], Wasserstein(eigs,real_eigs): 25467.697, Wasserstein(log_eigs,log_real_eigs): 3.538
torch.Size([64, 1600])
Epoch [168/1000], Wasserstein(eigs,real_eigs): 24423.835, Wasserstein(log_eigs,log_real_eigs): 3.598
torch.Size([64, 1600])
Epoch [169/1000], Wasserstein(eigs,real_eigs): 23610.042, Wasserstein(log_eigs,log_real_eigs): 3.615
torch.Size([64, 1600])
Epoch [170/1000], Wasserstein(eigs,real_eigs): 27003.404, Wasserstein(log_eigs,log_real_eigs): 3.574
torch.Size([64, 1600])
Epoch [171/1000], Wasserstein(eigs,real_eigs): 21721.538, Wasserstein(log_eigs,log_real_eigs): 3.645
torch.Size([64, 1600])
Epoch [172/1000], Wasserstein(eigs,real_eigs): 22268.321, Wasserstein(log_eigs,log_real_eigs): 3.612
torch.Size([64, 1600])
Epoch [173/1000], Wasserstein(eigs,real_eigs): 22524.717, Wasserstein(log_eigs,log_real_eigs): 3.595
torch.Size([64, 1600])
Epoch [174/1000], Wasserstein(eigs,real_eigs): 23073.360, Wasserstein(log_eigs,log_real_eigs): 3.459
torch.Size([64, 1600])
Epoch [175/1000], Wasserstein(eigs,real_eigs): 23352.813, Wasserstein(log_eigs,log_real_eigs): 3.566
torch.Size([64, 1600])
Epoch [176/1000], Wasserstein(eigs,real_eigs): 23556.543, Wasserstein(log_eigs,log_real_eigs): 3.519
torch.Size([64, 1600])
Epoch [177/1000], Wasserstein(eigs,real_eigs): 22073.906, Wasserstein(log_eigs,log_real_eigs): 3.572
torch.Size([64, 1600])
Epoch [178/1000], Wasserstein(eigs,real_eigs): 21561.248, Wasserstein(log_eigs,log_real_eigs): 3.546
torch.Size([64, 1600])
Epoch [179/1000], Wasserstein(eigs,real_eigs): 12711.562, Wasserstein(log_eigs,log_real_eigs): 3.231
torch.Size([64, 1600])
Epoch [180/1000], Wasserstein(eigs,real_eigs): 10956.348, Wasserstein(log_eigs,log_real_eigs): 3.216
torch.Size([64, 1600])
Epoch [181/1000], Wasserstein(eigs,real_eigs): 11315.813, Wasserstein(log_eigs,log_real_eigs): 3.228
torch.Size([64, 1600])
Epoch [182/1000], Wasserstein(eigs,real_eigs): 10534.966, Wasserstein(log_eigs,log_real_eigs): 3.253
torch.Size([64, 1600])
Epoch [183/1000], Wasserstein(eigs,real_eigs): 12361.187, Wasserstein(log_eigs,log_real_eigs): 3.293
torch.Size([64, 1600])
Epoch [184/1000], Wasserstein(eigs,real_eigs): 16377.548, Wasserstein(log_eigs,log_real_eigs): 3.394
torch.Size([64, 1600])
Epoch [185/1000], Wasserstein(eigs,real_eigs): 19632.826, Wasserstein(log_eigs,log_real_eigs): 3.533
torch.Size([64, 1600])
Epoch [186/1000], Wasserstein(eigs,real_eigs): 16082.771, Wasserstein(log_eigs,log_real_eigs): 3.413
torch.Size([64, 1600])
Epoch [187/1000], Wasserstein(eigs,real_eigs): 12776.271, Wasserstein(log_eigs,log_real_eigs): 3.309
torch.Size([64, 1600])
Epoch [188/1000], Wasserstein(eigs,real_eigs): 12294.207, Wasserstein(log_eigs,log_real_eigs): 3.283
torch.Size([64, 1600])
Epoch [189/1000], Wasserstein(eigs,real_eigs): 11328.824, Wasserstein(log_eigs,log_real_eigs): 3.294
torch.Size([64, 1600])
Epoch [190/1000], Wasserstein(eigs,real_eigs): 11617.986, Wasserstein(log_eigs,log_real_eigs): 3.314
torch.Size([64, 1600])
Epoch [191/1000], Wasserstein(eigs,real_eigs): 14035.908, Wasserstein(log_eigs,log_real_eigs): 3.282
torch.Size([64, 1600])
Epoch [192/1000], Wasserstein(eigs,real_eigs): 14771.420, Wasserstein(log_eigs,log_real_eigs): 3.303
torch.Size([64, 1600])
Epoch [193/1000], Wasserstein(eigs,real_eigs): 18084.839, Wasserstein(log_eigs,log_real_eigs): 3.459
torch.Size([64, 1600])
Epoch [194/1000], Wasserstein(eigs,real_eigs): 22473.896, Wasserstein(log_eigs,log_real_eigs): 3.418
torch.Size([64, 1600])
Epoch [195/1000], Wasserstein(eigs,real_eigs): 25663.291, Wasserstein(log_eigs,log_real_eigs): 3.587
torch.Size([64, 1600])
Epoch [196/1000], Wasserstein(eigs,real_eigs): 26892.527, Wasserstein(log_eigs,log_real_eigs): 3.597
torch.Size([64, 1600])
Epoch [197/1000], Wasserstein(eigs,real_eigs): 24380.788, Wasserstein(log_eigs,log_real_eigs): 3.614
torch.Size([64, 1600])
Epoch [198/1000], Wasserstein(eigs,real_eigs): 22427.115, Wasserstein(log_eigs,log_real_eigs): 3.517
torch.Size([64, 1600])
Epoch [199/1000], Wasserstein(eigs,real_eigs): 31480.635, Wasserstein(log_eigs,log_real_eigs): 3.630
torch.Size([64, 1600])
Epoch [200/1000], Wasserstein(eigs,real_eigs): 33013.449, Wasserstein(log_eigs,log_real_eigs): 3.563
torch.Size([64, 1600])
Epoch [201/1000], Wasserstein(eigs,real_eigs): 30359.496, Wasserstein(log_eigs,log_real_eigs): 3.492
torch.Size([64, 1600])
Epoch [202/1000], Wasserstein(eigs,real_eigs): 20808.073, Wasserstein(log_eigs,log_real_eigs): 3.419
torch.Size([64, 1600])
Epoch [203/1000], Wasserstein(eigs,real_eigs): 25667.388, Wasserstein(log_eigs,log_real_eigs): 3.644
torch.Size([64, 1600])
Epoch [204/1000], Wasserstein(eigs,real_eigs): 30258.898, Wasserstein(log_eigs,log_real_eigs): 3.703
torch.Size([64, 1600])
Epoch [205/1000], Wasserstein(eigs,real_eigs): 29558.887, Wasserstein(log_eigs,log_real_eigs): 3.685
torch.Size([64, 1600])
Epoch [206/1000], Wasserstein(eigs,real_eigs): 31519.894, Wasserstein(log_eigs,log_real_eigs): 3.570
torch.Size([64, 1600])
Epoch [207/1000], Wasserstein(eigs,real_eigs): 43284.821, Wasserstein(log_eigs,log_real_eigs): 3.842
torch.Size([64, 1600])
Epoch [208/1000], Wasserstein(eigs,real_eigs): 31818.404, Wasserstein(log_eigs,log_real_eigs): 3.706
torch.Size([64, 1600])
Epoch [209/1000], Wasserstein(eigs,real_eigs): 21778.379, Wasserstein(log_eigs,log_real_eigs): 3.585
torch.Size([64, 1600])
Epoch [210/1000], Wasserstein(eigs,real_eigs): 17990.967, Wasserstein(log_eigs,log_real_eigs): 3.328
torch.Size([64, 1600])
Epoch [211/1000], Wasserstein(eigs,real_eigs): 23416.190, Wasserstein(log_eigs,log_real_eigs): 3.551
torch.Size([64, 1600])
Epoch [212/1000], Wasserstein(eigs,real_eigs): 20679.510, Wasserstein(log_eigs,log_real_eigs): 3.465
torch.Size([64, 1600])
Epoch [213/1000], Wasserstein(eigs,real_eigs): 19787.975, Wasserstein(log_eigs,log_real_eigs): 3.606
torch.Size([64, 1600])
Epoch [214/1000], Wasserstein(eigs,real_eigs): 21707.299, Wasserstein(log_eigs,log_real_eigs): 3.603
torch.Size([64, 1600])
Epoch [215/1000], Wasserstein(eigs,real_eigs): 18326.917, Wasserstein(log_eigs,log_real_eigs): 3.466
torch.Size([64, 1600])
Epoch [216/1000], Wasserstein(eigs,real_eigs): 23342.279, Wasserstein(log_eigs,log_real_eigs): 3.586
torch.Size([64, 1600])
Epoch [217/1000], Wasserstein(eigs,real_eigs): 20070.926, Wasserstein(log_eigs,log_real_eigs): 3.584
torch.Size([64, 1600])
Epoch [218/1000], Wasserstein(eigs,real_eigs): 20024.576, Wasserstein(log_eigs,log_real_eigs): 3.453
torch.Size([64, 1600])
Epoch [219/1000], Wasserstein(eigs,real_eigs): 26757.129, Wasserstein(log_eigs,log_real_eigs): 3.662
torch.Size([64, 1600])
Epoch [220/1000], Wasserstein(eigs,real_eigs): 15446.896, Wasserstein(log_eigs,log_real_eigs): 3.468
torch.Size([64, 1600])
Epoch [221/1000], Wasserstein(eigs,real_eigs): 18599.775, Wasserstein(log_eigs,log_real_eigs): 3.497
torch.Size([64, 1600])
Epoch [222/1000], Wasserstein(eigs,real_eigs): 20832.583, Wasserstein(log_eigs,log_real_eigs): 3.562
torch.Size([64, 1600])
Epoch [223/1000], Wasserstein(eigs,real_eigs): 18135.340, Wasserstein(log_eigs,log_real_eigs): 3.457
torch.Size([64, 1600])
Epoch [224/1000], Wasserstein(eigs,real_eigs): 22008.597, Wasserstein(log_eigs,log_real_eigs): 3.631
torch.Size([64, 1600])
Epoch [225/1000], Wasserstein(eigs,real_eigs): 22886.329, Wasserstein(log_eigs,log_real_eigs): 3.565
torch.Size([64, 1600])
Epoch [226/1000], Wasserstein(eigs,real_eigs): 26944.530, Wasserstein(log_eigs,log_real_eigs): 3.647
torch.Size([64, 1600])
Epoch [227/1000], Wasserstein(eigs,real_eigs): 24052.218, Wasserstein(log_eigs,log_real_eigs): 3.518
torch.Size([64, 1600])
Epoch [228/1000], Wasserstein(eigs,real_eigs): 34881.705, Wasserstein(log_eigs,log_real_eigs): 3.757
torch.Size([64, 1600])
Epoch [229/1000], Wasserstein(eigs,real_eigs): 37065.658, Wasserstein(log_eigs,log_real_eigs): 3.798
torch.Size([64, 1600])
Epoch [230/1000], Wasserstein(eigs,real_eigs): 48655.853, Wasserstein(log_eigs,log_real_eigs): 3.930
torch.Size([64, 1600])
Epoch [231/1000], Wasserstein(eigs,real_eigs): 21037.600, Wasserstein(log_eigs,log_real_eigs): 3.552
torch.Size([64, 1600])
Epoch [232/1000], Wasserstein(eigs,real_eigs): 16114.294, Wasserstein(log_eigs,log_real_eigs): 3.437
torch.Size([64, 1600])
Epoch [233/1000], Wasserstein(eigs,real_eigs): 24792.134, Wasserstein(log_eigs,log_real_eigs): 3.546
torch.Size([64, 1600])
Epoch [234/1000], Wasserstein(eigs,real_eigs): 27897.567, Wasserstein(log_eigs,log_real_eigs): 3.664
torch.Size([64, 1600])
Epoch [235/1000], Wasserstein(eigs,real_eigs): 31416.222, Wasserstein(log_eigs,log_real_eigs): 3.781
torch.Size([64, 1600])
Epoch [236/1000], Wasserstein(eigs,real_eigs): 34644.250, Wasserstein(log_eigs,log_real_eigs): 3.848
torch.Size([64, 1600])
Epoch [237/1000], Wasserstein(eigs,real_eigs): 23096.147, Wasserstein(log_eigs,log_real_eigs): 3.611
torch.Size([64, 1600])
Epoch [238/1000], Wasserstein(eigs,real_eigs): 24010.633, Wasserstein(log_eigs,log_real_eigs): 3.651
torch.Size([64, 1600])
Epoch [239/1000], Wasserstein(eigs,real_eigs): 22564.052, Wasserstein(log_eigs,log_real_eigs): 3.698
torch.Size([64, 1600])
Epoch [240/1000], Wasserstein(eigs,real_eigs): 18823.096, Wasserstein(log_eigs,log_real_eigs): 3.520
torch.Size([64, 1600])
Epoch [241/1000], Wasserstein(eigs,real_eigs): 15002.424, Wasserstein(log_eigs,log_real_eigs): 3.465
torch.Size([64, 1600])
Epoch [242/1000], Wasserstein(eigs,real_eigs): 16680.697, Wasserstein(log_eigs,log_real_eigs): 3.484
torch.Size([64, 1600])
Epoch [243/1000], Wasserstein(eigs,real_eigs): 12737.431, Wasserstein(log_eigs,log_real_eigs): 3.292
torch.Size([64, 1600])
Epoch [244/1000], Wasserstein(eigs,real_eigs): 11208.225, Wasserstein(log_eigs,log_real_eigs): 3.204
torch.Size([64, 1600])
Epoch [245/1000], Wasserstein(eigs,real_eigs): 14742.311, Wasserstein(log_eigs,log_real_eigs): 3.423
torch.Size([64, 1600])
Epoch [246/1000], Wasserstein(eigs,real_eigs): 17310.036, Wasserstein(log_eigs,log_real_eigs): 3.569
torch.Size([64, 1600])
Epoch [247/1000], Wasserstein(eigs,real_eigs): 11691.384, Wasserstein(log_eigs,log_real_eigs): 3.335
torch.Size([64, 1600])
Epoch [248/1000], Wasserstein(eigs,real_eigs): 13466.393, Wasserstein(log_eigs,log_real_eigs): 3.418
torch.Size([64, 1600])
Epoch [249/1000], Wasserstein(eigs,real_eigs): 13557.054, Wasserstein(log_eigs,log_real_eigs): 3.382
torch.Size([64, 1600])
Epoch [250/1000], Wasserstein(eigs,real_eigs): 14521.828, Wasserstein(log_eigs,log_real_eigs): 3.432
torch.Size([64, 1600])
Epoch [251/1000], Wasserstein(eigs,real_eigs): 13802.465, Wasserstein(log_eigs,log_real_eigs): 3.332
torch.Size([64, 1600])
Epoch [252/1000], Wasserstein(eigs,real_eigs): 13709.339, Wasserstein(log_eigs,log_real_eigs): 3.253
torch.Size([64, 1600])
Epoch [253/1000], Wasserstein(eigs,real_eigs): 19415.828, Wasserstein(log_eigs,log_real_eigs): 3.416
torch.Size([64, 1600])
Epoch [254/1000], Wasserstein(eigs,real_eigs): 20269.646, Wasserstein(log_eigs,log_real_eigs): 3.506
torch.Size([64, 1600])
Epoch [255/1000], Wasserstein(eigs,real_eigs): 23555.396, Wasserstein(log_eigs,log_real_eigs): 3.605
torch.Size([64, 1600])
Epoch [256/1000], Wasserstein(eigs,real_eigs): 22687.248, Wasserstein(log_eigs,log_real_eigs): 3.568
torch.Size([64, 1600])
Epoch [257/1000], Wasserstein(eigs,real_eigs): 19294.302, Wasserstein(log_eigs,log_real_eigs): 3.535
torch.Size([64, 1600])
Epoch [258/1000], Wasserstein(eigs,real_eigs): 20640.882, Wasserstein(log_eigs,log_real_eigs): 3.523
torch.Size([64, 1600])
Epoch [259/1000], Wasserstein(eigs,real_eigs): 23799.356, Wasserstein(log_eigs,log_real_eigs): 3.585
torch.Size([64, 1600])
Epoch [260/1000], Wasserstein(eigs,real_eigs): 24884.647, Wasserstein(log_eigs,log_real_eigs): 3.675
torch.Size([64, 1600])
Epoch [261/1000], Wasserstein(eigs,real_eigs): 23429.130, Wasserstein(log_eigs,log_real_eigs): 3.695
torch.Size([64, 1600])
Epoch [262/1000], Wasserstein(eigs,real_eigs): 29543.753, Wasserstein(log_eigs,log_real_eigs): 3.770
torch.Size([64, 1600])
Epoch [263/1000], Wasserstein(eigs,real_eigs): 36257.946, Wasserstein(log_eigs,log_real_eigs): 3.796
torch.Size([64, 1600])
Epoch [264/1000], Wasserstein(eigs,real_eigs): 37982.863, Wasserstein(log_eigs,log_real_eigs): 3.892
torch.Size([64, 1600])
Epoch [265/1000], Wasserstein(eigs,real_eigs): 33867.101, Wasserstein(log_eigs,log_real_eigs): 3.796
torch.Size([64, 1600])
Epoch [266/1000], Wasserstein(eigs,real_eigs): 28015.265, Wasserstein(log_eigs,log_real_eigs): 3.791
torch.Size([64, 1600])
Epoch [267/1000], Wasserstein(eigs,real_eigs): 31722.111, Wasserstein(log_eigs,log_real_eigs): 3.697
torch.Size([64, 1600])
Epoch [268/1000], Wasserstein(eigs,real_eigs): 40835.290, Wasserstein(log_eigs,log_real_eigs): 3.808
torch.Size([64, 1600])
Epoch [269/1000], Wasserstein(eigs,real_eigs): 37917.416, Wasserstein(log_eigs,log_real_eigs): 3.908
torch.Size([64, 1600])
Epoch [270/1000], Wasserstein(eigs,real_eigs): 35202.565, Wasserstein(log_eigs,log_real_eigs): 3.721
torch.Size([64, 1600])
Epoch [271/1000], Wasserstein(eigs,real_eigs): 31731.230, Wasserstein(log_eigs,log_real_eigs): 3.774
torch.Size([64, 1600])
Epoch [272/1000], Wasserstein(eigs,real_eigs): 25057.997, Wasserstein(log_eigs,log_real_eigs): 3.581
torch.Size([64, 1600])
Epoch [273/1000], Wasserstein(eigs,real_eigs): 31324.762, Wasserstein(log_eigs,log_real_eigs): 3.718
torch.Size([64, 1600])
Epoch [274/1000], Wasserstein(eigs,real_eigs): 26102.273, Wasserstein(log_eigs,log_real_eigs): 3.669
torch.Size([64, 1600])
Epoch [275/1000], Wasserstein(eigs,real_eigs): 23090.089, Wasserstein(log_eigs,log_real_eigs): 3.641
torch.Size([64, 1600])
Epoch [276/1000], Wasserstein(eigs,real_eigs): 27934.943, Wasserstein(log_eigs,log_real_eigs): 3.721
torch.Size([64, 1600])
Epoch [277/1000], Wasserstein(eigs,real_eigs): 30265.770, Wasserstein(log_eigs,log_real_eigs): 3.728
torch.Size([64, 1600])
Epoch [278/1000], Wasserstein(eigs,real_eigs): 38925.502, Wasserstein(log_eigs,log_real_eigs): 3.864
torch.Size([64, 1600])
Epoch [279/1000], Wasserstein(eigs,real_eigs): 34009.895, Wasserstein(log_eigs,log_real_eigs): 3.862
torch.Size([64, 1600])
Epoch [280/1000], Wasserstein(eigs,real_eigs): 18822.675, Wasserstein(log_eigs,log_real_eigs): 3.607
torch.Size([64, 1600])
Epoch [281/1000], Wasserstein(eigs,real_eigs): 22421.537, Wasserstein(log_eigs,log_real_eigs): 3.648
torch.Size([64, 1600])
Epoch [282/1000], Wasserstein(eigs,real_eigs): 33047.999, Wasserstein(log_eigs,log_real_eigs): 3.799
torch.Size([64, 1600])
Epoch [283/1000], Wasserstein(eigs,real_eigs): 35045.159, Wasserstein(log_eigs,log_real_eigs): 3.845
torch.Size([64, 1600])
Epoch [284/1000], Wasserstein(eigs,real_eigs): 16610.648, Wasserstein(log_eigs,log_real_eigs): 3.531
torch.Size([64, 1600])
Epoch [285/1000], Wasserstein(eigs,real_eigs): 17722.409, Wasserstein(log_eigs,log_real_eigs): 3.486
torch.Size([64, 1600])
Epoch [286/1000], Wasserstein(eigs,real_eigs): 16471.302, Wasserstein(log_eigs,log_real_eigs): 3.425
torch.Size([64, 1600])
Epoch [287/1000], Wasserstein(eigs,real_eigs): 18893.935, Wasserstein(log_eigs,log_real_eigs): 3.511
torch.Size([64, 1600])
Epoch [288/1000], Wasserstein(eigs,real_eigs): 20410.472, Wasserstein(log_eigs,log_real_eigs): 3.510
torch.Size([64, 1600])
Epoch [289/1000], Wasserstein(eigs,real_eigs): 20757.501, Wasserstein(log_eigs,log_real_eigs): 3.634
torch.Size([64, 1600])
Epoch [290/1000], Wasserstein(eigs,real_eigs): 20385.836, Wasserstein(log_eigs,log_real_eigs): 3.703
torch.Size([64, 1600])
Epoch [291/1000], Wasserstein(eigs,real_eigs): 11941.728, Wasserstein(log_eigs,log_real_eigs): 3.359
torch.Size([64, 1600])
Epoch [292/1000], Wasserstein(eigs,real_eigs): 18968.607, Wasserstein(log_eigs,log_real_eigs): 3.611
torch.Size([64, 1600])
Epoch [293/1000], Wasserstein(eigs,real_eigs): 22328.984, Wasserstein(log_eigs,log_real_eigs): 3.642
torch.Size([64, 1600])
Epoch [294/1000], Wasserstein(eigs,real_eigs): 24274.034, Wasserstein(log_eigs,log_real_eigs): 3.742
torch.Size([64, 1600])
Epoch [295/1000], Wasserstein(eigs,real_eigs): 25565.671, Wasserstein(log_eigs,log_real_eigs): 3.619
torch.Size([64, 1600])
Epoch [296/1000], Wasserstein(eigs,real_eigs): 25809.378, Wasserstein(log_eigs,log_real_eigs): 3.605
torch.Size([64, 1600])
Epoch [297/1000], Wasserstein(eigs,real_eigs): 27244.394, Wasserstein(log_eigs,log_real_eigs): 3.779
torch.Size([64, 1600])
Epoch [298/1000], Wasserstein(eigs,real_eigs): 27231.667, Wasserstein(log_eigs,log_real_eigs): 3.681
torch.Size([64, 1600])
Epoch [299/1000], Wasserstein(eigs,real_eigs): 29268.589, Wasserstein(log_eigs,log_real_eigs): 3.671
torch.Size([64, 1600])
Epoch [300/1000], Wasserstein(eigs,real_eigs): 33720.289, Wasserstein(log_eigs,log_real_eigs): 3.879
torch.Size([64, 1600])
Epoch [301/1000], Wasserstein(eigs,real_eigs): 45131.095, Wasserstein(log_eigs,log_real_eigs): 3.888
torch.Size([64, 1600])
Epoch [302/1000], Wasserstein(eigs,real_eigs): 37092.423, Wasserstein(log_eigs,log_real_eigs): 3.794
torch.Size([64, 1600])
Epoch [303/1000], Wasserstein(eigs,real_eigs): 29931.530, Wasserstein(log_eigs,log_real_eigs): 3.721
torch.Size([64, 1600])
Epoch [304/1000], Wasserstein(eigs,real_eigs): 30664.895, Wasserstein(log_eigs,log_real_eigs): 3.815
torch.Size([64, 1600])
Epoch [305/1000], Wasserstein(eigs,real_eigs): 31270.362, Wasserstein(log_eigs,log_real_eigs): 3.856
torch.Size([64, 1600])
Epoch [306/1000], Wasserstein(eigs,real_eigs): 25949.145, Wasserstein(log_eigs,log_real_eigs): 3.682
torch.Size([64, 1600])
Epoch [307/1000], Wasserstein(eigs,real_eigs): 24840.556, Wasserstein(log_eigs,log_real_eigs): 3.795
torch.Size([64, 1600])
Epoch [308/1000], Wasserstein(eigs,real_eigs): 11831.762, Wasserstein(log_eigs,log_real_eigs): 3.356
torch.Size([64, 1600])
Epoch [309/1000], Wasserstein(eigs,real_eigs): 13283.844, Wasserstein(log_eigs,log_real_eigs): 3.478
torch.Size([64, 1600])
Epoch [310/1000], Wasserstein(eigs,real_eigs): 17692.141, Wasserstein(log_eigs,log_real_eigs): 3.531
torch.Size([64, 1600])
Epoch [311/1000], Wasserstein(eigs,real_eigs): 18654.535, Wasserstein(log_eigs,log_real_eigs): 3.627
torch.Size([64, 1600])
Epoch [312/1000], Wasserstein(eigs,real_eigs): 19562.727, Wasserstein(log_eigs,log_real_eigs): 3.614
torch.Size([64, 1600])
Epoch [313/1000], Wasserstein(eigs,real_eigs): 18910.750, Wasserstein(log_eigs,log_real_eigs): 3.584
torch.Size([64, 1600])
Epoch [314/1000], Wasserstein(eigs,real_eigs): 15482.895, Wasserstein(log_eigs,log_real_eigs): 3.496
torch.Size([64, 1600])
Epoch [315/1000], Wasserstein(eigs,real_eigs): 15860.227, Wasserstein(log_eigs,log_real_eigs): 3.496
torch.Size([64, 1600])
Epoch [316/1000], Wasserstein(eigs,real_eigs): 15758.084, Wasserstein(log_eigs,log_real_eigs): 3.522
torch.Size([64, 1600])
Epoch [317/1000], Wasserstein(eigs,real_eigs): 12013.222, Wasserstein(log_eigs,log_real_eigs): 3.322
torch.Size([64, 1600])
Epoch [318/1000], Wasserstein(eigs,real_eigs): 19933.957, Wasserstein(log_eigs,log_real_eigs): 3.595
torch.Size([64, 1600])
Epoch [319/1000], Wasserstein(eigs,real_eigs): 20119.590, Wasserstein(log_eigs,log_real_eigs): 3.643
torch.Size([64, 1600])
Epoch [320/1000], Wasserstein(eigs,real_eigs): 13938.437, Wasserstein(log_eigs,log_real_eigs): 3.438
torch.Size([64, 1600])
Epoch [321/1000], Wasserstein(eigs,real_eigs): 11458.885, Wasserstein(log_eigs,log_real_eigs): 3.392
torch.Size([64, 1600])
Epoch [322/1000], Wasserstein(eigs,real_eigs): 15537.169, Wasserstein(log_eigs,log_real_eigs): 3.480
torch.Size([64, 1600])
Epoch [323/1000], Wasserstein(eigs,real_eigs): 17190.968, Wasserstein(log_eigs,log_real_eigs): 3.638
torch.Size([64, 1600])
Epoch [324/1000], Wasserstein(eigs,real_eigs): 10514.266, Wasserstein(log_eigs,log_real_eigs): 3.170
torch.Size([64, 1600])
Epoch [325/1000], Wasserstein(eigs,real_eigs): 16307.960, Wasserstein(log_eigs,log_real_eigs): 3.512
torch.Size([64, 1600])
Epoch [326/1000], Wasserstein(eigs,real_eigs): 18803.526, Wasserstein(log_eigs,log_real_eigs): 3.665
torch.Size([64, 1600])
Epoch [327/1000], Wasserstein(eigs,real_eigs): 16947.346, Wasserstein(log_eigs,log_real_eigs): 3.606
torch.Size([64, 1600])
Epoch [328/1000], Wasserstein(eigs,real_eigs): 14566.144, Wasserstein(log_eigs,log_real_eigs): 3.474
torch.Size([64, 1600])
Epoch [329/1000], Wasserstein(eigs,real_eigs): 6810.691, Wasserstein(log_eigs,log_real_eigs): 3.055
torch.Size([64, 1600])
Epoch [330/1000], Wasserstein(eigs,real_eigs): 8229.442, Wasserstein(log_eigs,log_real_eigs): 3.209
torch.Size([64, 1600])
Epoch [331/1000], Wasserstein(eigs,real_eigs): 10162.418, Wasserstein(log_eigs,log_real_eigs): 3.303
torch.Size([64, 1600])
Epoch [332/1000], Wasserstein(eigs,real_eigs): 10130.038, Wasserstein(log_eigs,log_real_eigs): 3.299
torch.Size([64, 1600])
Epoch [333/1000], Wasserstein(eigs,real_eigs): 6552.005, Wasserstein(log_eigs,log_real_eigs): 3.094
torch.Size([64, 1600])
Epoch [334/1000], Wasserstein(eigs,real_eigs): 5375.128, Wasserstein(log_eigs,log_real_eigs): 3.100
torch.Size([64, 1600])
Epoch [335/1000], Wasserstein(eigs,real_eigs): 5553.563, Wasserstein(log_eigs,log_real_eigs): 3.020
torch.Size([64, 1600])
Epoch [336/1000], Wasserstein(eigs,real_eigs): 7018.229, Wasserstein(log_eigs,log_real_eigs): 3.080
torch.Size([64, 1600])
Epoch [337/1000], Wasserstein(eigs,real_eigs): 6426.818, Wasserstein(log_eigs,log_real_eigs): 3.089
torch.Size([64, 1600])
Epoch [338/1000], Wasserstein(eigs,real_eigs): 9032.986, Wasserstein(log_eigs,log_real_eigs): 3.313
torch.Size([64, 1600])
Epoch [339/1000], Wasserstein(eigs,real_eigs): 7366.145, Wasserstein(log_eigs,log_real_eigs): 3.147
torch.Size([64, 1600])
Epoch [340/1000], Wasserstein(eigs,real_eigs): 7476.424, Wasserstein(log_eigs,log_real_eigs): 3.152
torch.Size([64, 1600])
Epoch [341/1000], Wasserstein(eigs,real_eigs): 11860.745, Wasserstein(log_eigs,log_real_eigs): 3.439
torch.Size([64, 1600])
Epoch [342/1000], Wasserstein(eigs,real_eigs): 8729.142, Wasserstein(log_eigs,log_real_eigs): 3.192
torch.Size([64, 1600])
Epoch [343/1000], Wasserstein(eigs,real_eigs): 15965.064, Wasserstein(log_eigs,log_real_eigs): 3.505
torch.Size([64, 1600])
Epoch [344/1000], Wasserstein(eigs,real_eigs): 14840.789, Wasserstein(log_eigs,log_real_eigs): 3.482
torch.Size([64, 1600])
Epoch [345/1000], Wasserstein(eigs,real_eigs): 12864.365, Wasserstein(log_eigs,log_real_eigs): 3.439
torch.Size([64, 1600])
Epoch [346/1000], Wasserstein(eigs,real_eigs): 6174.796, Wasserstein(log_eigs,log_real_eigs): 3.066
torch.Size([64, 1600])
Epoch [347/1000], Wasserstein(eigs,real_eigs): 7394.598, Wasserstein(log_eigs,log_real_eigs): 3.261
torch.Size([64, 1600])
Epoch [348/1000], Wasserstein(eigs,real_eigs): 8848.341, Wasserstein(log_eigs,log_real_eigs): 3.212
torch.Size([64, 1600])
Epoch [349/1000], Wasserstein(eigs,real_eigs): 8382.852, Wasserstein(log_eigs,log_real_eigs): 3.181
torch.Size([64, 1600])
Epoch [350/1000], Wasserstein(eigs,real_eigs): 6866.184, Wasserstein(log_eigs,log_real_eigs): 3.064
torch.Size([64, 1600])
Epoch [351/1000], Wasserstein(eigs,real_eigs): 6404.169, Wasserstein(log_eigs,log_real_eigs): 3.046
torch.Size([64, 1600])
Epoch [352/1000], Wasserstein(eigs,real_eigs): 3720.209, Wasserstein(log_eigs,log_real_eigs): 2.839
torch.Size([64, 1600])
Epoch [353/1000], Wasserstein(eigs,real_eigs): 4290.805, Wasserstein(log_eigs,log_real_eigs): 2.909
torch.Size([64, 1600])
Epoch [354/1000], Wasserstein(eigs,real_eigs): 6627.862, Wasserstein(log_eigs,log_real_eigs): 2.944
torch.Size([64, 1600])
Epoch [355/1000], Wasserstein(eigs,real_eigs): 6289.043, Wasserstein(log_eigs,log_real_eigs): 3.050
torch.Size([64, 1600])
Epoch [356/1000], Wasserstein(eigs,real_eigs): 4730.510, Wasserstein(log_eigs,log_real_eigs): 2.928
torch.Size([64, 1600])
Epoch [357/1000], Wasserstein(eigs,real_eigs): 8788.945, Wasserstein(log_eigs,log_real_eigs): 3.271
torch.Size([64, 1600])
Epoch [358/1000], Wasserstein(eigs,real_eigs): 7993.834, Wasserstein(log_eigs,log_real_eigs): 3.184
torch.Size([64, 1600])
Epoch [359/1000], Wasserstein(eigs,real_eigs): 3146.983, Wasserstein(log_eigs,log_real_eigs): 2.786
torch.Size([64, 1600])
Epoch [360/1000], Wasserstein(eigs,real_eigs): 7316.273, Wasserstein(log_eigs,log_real_eigs): 3.108
torch.Size([64, 1600])
Epoch [361/1000], Wasserstein(eigs,real_eigs): 5543.580, Wasserstein(log_eigs,log_real_eigs): 3.029
torch.Size([64, 1600])
Epoch [362/1000], Wasserstein(eigs,real_eigs): 6973.602, Wasserstein(log_eigs,log_real_eigs): 3.155
torch.Size([64, 1600])
Epoch [363/1000], Wasserstein(eigs,real_eigs): 4770.126, Wasserstein(log_eigs,log_real_eigs): 2.951
torch.Size([64, 1600])
Epoch [364/1000], Wasserstein(eigs,real_eigs): 5538.519, Wasserstein(log_eigs,log_real_eigs): 2.971
torch.Size([64, 1600])
Epoch [365/1000], Wasserstein(eigs,real_eigs): 7049.159, Wasserstein(log_eigs,log_real_eigs): 3.124
torch.Size([64, 1600])
Epoch [366/1000], Wasserstein(eigs,real_eigs): 9674.980, Wasserstein(log_eigs,log_real_eigs): 3.270
torch.Size([64, 1600])
Epoch [367/1000], Wasserstein(eigs,real_eigs): 3808.090, Wasserstein(log_eigs,log_real_eigs): 2.864
torch.Size([64, 1600])
Epoch [368/1000], Wasserstein(eigs,real_eigs): 3497.827, Wasserstein(log_eigs,log_real_eigs): 2.880
torch.Size([64, 1600])
Epoch [369/1000], Wasserstein(eigs,real_eigs): 5692.625, Wasserstein(log_eigs,log_real_eigs): 3.025
torch.Size([64, 1600])
Epoch [370/1000], Wasserstein(eigs,real_eigs): 9089.884, Wasserstein(log_eigs,log_real_eigs): 3.372
torch.Size([64, 1600])
Epoch [371/1000], Wasserstein(eigs,real_eigs): 9092.689, Wasserstein(log_eigs,log_real_eigs): 3.202
torch.Size([64, 1600])
Epoch [372/1000], Wasserstein(eigs,real_eigs): 5231.568, Wasserstein(log_eigs,log_real_eigs): 2.942
torch.Size([64, 1600])
Epoch [373/1000], Wasserstein(eigs,real_eigs): 3774.233, Wasserstein(log_eigs,log_real_eigs): 2.764
torch.Size([64, 1600])
Epoch [374/1000], Wasserstein(eigs,real_eigs): 7092.042, Wasserstein(log_eigs,log_real_eigs): 3.135
torch.Size([64, 1600])
Epoch [375/1000], Wasserstein(eigs,real_eigs): 1445.501, Wasserstein(log_eigs,log_real_eigs): 2.369
torch.Size([64, 1600])
Epoch [376/1000], Wasserstein(eigs,real_eigs): 2247.709, Wasserstein(log_eigs,log_real_eigs): 2.650
torch.Size([64, 1600])
Epoch [377/1000], Wasserstein(eigs,real_eigs): 5752.664, Wasserstein(log_eigs,log_real_eigs): 2.947
torch.Size([64, 1600])
Epoch [378/1000], Wasserstein(eigs,real_eigs): 4516.869, Wasserstein(log_eigs,log_real_eigs): 2.958
torch.Size([64, 1600])
Epoch [379/1000], Wasserstein(eigs,real_eigs): 4064.008, Wasserstein(log_eigs,log_real_eigs): 2.809
torch.Size([64, 1600])
Epoch [380/1000], Wasserstein(eigs,real_eigs): 5173.007, Wasserstein(log_eigs,log_real_eigs): 2.922
torch.Size([64, 1600])
Epoch [381/1000], Wasserstein(eigs,real_eigs): 3367.248, Wasserstein(log_eigs,log_real_eigs): 2.749
torch.Size([64, 1600])
Epoch [382/1000], Wasserstein(eigs,real_eigs): 8350.098, Wasserstein(log_eigs,log_real_eigs): 3.212
torch.Size([64, 1600])
Epoch [383/1000], Wasserstein(eigs,real_eigs): 6463.175, Wasserstein(log_eigs,log_real_eigs): 3.088
torch.Size([64, 1600])
Epoch [384/1000], Wasserstein(eigs,real_eigs): 7726.827, Wasserstein(log_eigs,log_real_eigs): 3.104
torch.Size([64, 1600])
Epoch [385/1000], Wasserstein(eigs,real_eigs): 5686.470, Wasserstein(log_eigs,log_real_eigs): 2.913
torch.Size([64, 1600])
Epoch [386/1000], Wasserstein(eigs,real_eigs): 4376.236, Wasserstein(log_eigs,log_real_eigs): 2.888
torch.Size([64, 1600])
Epoch [387/1000], Wasserstein(eigs,real_eigs): 6688.802, Wasserstein(log_eigs,log_real_eigs): 3.046
torch.Size([64, 1600])
Epoch [388/1000], Wasserstein(eigs,real_eigs): 7435.413, Wasserstein(log_eigs,log_real_eigs): 3.135
torch.Size([64, 1600])
Epoch [389/1000], Wasserstein(eigs,real_eigs): 9385.308, Wasserstein(log_eigs,log_real_eigs): 3.263
torch.Size([64, 1600])
Epoch [390/1000], Wasserstein(eigs,real_eigs): 4631.443, Wasserstein(log_eigs,log_real_eigs): 2.885
torch.Size([64, 1600])
Epoch [391/1000], Wasserstein(eigs,real_eigs): 5890.852, Wasserstein(log_eigs,log_real_eigs): 2.998
torch.Size([64, 1600])
Epoch [392/1000], Wasserstein(eigs,real_eigs): 4127.893, Wasserstein(log_eigs,log_real_eigs): 2.833
torch.Size([64, 1600])
Epoch [393/1000], Wasserstein(eigs,real_eigs): 4542.818, Wasserstein(log_eigs,log_real_eigs): 2.816
torch.Size([64, 1600])
Epoch [394/1000], Wasserstein(eigs,real_eigs): 5053.297, Wasserstein(log_eigs,log_real_eigs): 2.877
torch.Size([64, 1600])
Epoch [395/1000], Wasserstein(eigs,real_eigs): 4048.357, Wasserstein(log_eigs,log_real_eigs): 2.682
torch.Size([64, 1600])
Epoch [396/1000], Wasserstein(eigs,real_eigs): 4129.761, Wasserstein(log_eigs,log_real_eigs): 2.425
torch.Size([64, 1600])
Epoch [397/1000], Wasserstein(eigs,real_eigs): 3952.688, Wasserstein(log_eigs,log_real_eigs): 2.223
torch.Size([64, 1600])
Epoch [398/1000], Wasserstein(eigs,real_eigs): 3922.676, Wasserstein(log_eigs,log_real_eigs): 1.463
torch.Size([64, 1600])
Epoch [399/1000], Wasserstein(eigs,real_eigs): 4140.487, Wasserstein(log_eigs,log_real_eigs): 1.331
torch.Size([64, 1600])
Epoch [400/1000], Wasserstein(eigs,real_eigs): 4399.804, Wasserstein(log_eigs,log_real_eigs): 1.474
torch.Size([64, 1600])
Epoch [401/1000], Wasserstein(eigs,real_eigs): 4661.874, Wasserstein(log_eigs,log_real_eigs): 1.890
torch.Size([64, 1600])
Epoch [402/1000], Wasserstein(eigs,real_eigs): 4761.953, Wasserstein(log_eigs,log_real_eigs): 1.352
torch.Size([64, 1600])
Epoch [403/1000], Wasserstein(eigs,real_eigs): 4647.468, Wasserstein(log_eigs,log_real_eigs): 1.248
torch.Size([64, 1600])
Epoch [404/1000], Wasserstein(eigs,real_eigs): 4403.244, Wasserstein(log_eigs,log_real_eigs): 1.222
torch.Size([64, 1600])
Epoch [405/1000], Wasserstein(eigs,real_eigs): 4131.211, Wasserstein(log_eigs,log_real_eigs): 1.231
torch.Size([64, 1600])
Epoch [406/1000], Wasserstein(eigs,real_eigs): 3822.427, Wasserstein(log_eigs,log_real_eigs): 1.216
torch.Size([64, 1600])
Epoch [407/1000], Wasserstein(eigs,real_eigs): 3377.091, Wasserstein(log_eigs,log_real_eigs): 1.466
torch.Size([64, 1600])
Epoch [408/1000], Wasserstein(eigs,real_eigs): 2779.164, Wasserstein(log_eigs,log_real_eigs): 1.088
torch.Size([64, 1600])
Epoch [409/1000], Wasserstein(eigs,real_eigs): 1435.540, Wasserstein(log_eigs,log_real_eigs): 1.490
torch.Size([64, 1600])
Epoch [410/1000], Wasserstein(eigs,real_eigs): 145.481, Wasserstein(log_eigs,log_real_eigs): 0.962
torch.Size([64, 1600])
Epoch [411/1000], Wasserstein(eigs,real_eigs): 183.780, Wasserstein(log_eigs,log_real_eigs): 0.789
torch.Size([64, 1600])
Epoch [412/1000], Wasserstein(eigs,real_eigs): 299.095, Wasserstein(log_eigs,log_real_eigs): 0.686
torch.Size([64, 1600])
Epoch [413/1000], Wasserstein(eigs,real_eigs): 171.554, Wasserstein(log_eigs,log_real_eigs): 0.319
torch.Size([64, 1600])
Epoch [414/1000], Wasserstein(eigs,real_eigs): 4.556, Wasserstein(log_eigs,log_real_eigs): 0.320
torch.Size([64, 1600])
Epoch [415/1000], Wasserstein(eigs,real_eigs): 1.211, Wasserstein(log_eigs,log_real_eigs): 0.166
torch.Size([64, 1600])
Epoch [416/1000], Wasserstein(eigs,real_eigs): 2.941, Wasserstein(log_eigs,log_real_eigs): 0.399
torch.Size([64, 1600])
Epoch [417/1000], Wasserstein(eigs,real_eigs): 2.664, Wasserstein(log_eigs,log_real_eigs): 0.305
torch.Size([64, 1600])
Epoch [418/1000], Wasserstein(eigs,real_eigs): 1.701, Wasserstein(log_eigs,log_real_eigs): 0.183
torch.Size([64, 1600])
Epoch [419/1000], Wasserstein(eigs,real_eigs): 1.097, Wasserstein(log_eigs,log_real_eigs): 0.147
torch.Size([64, 1600])
Epoch [420/1000], Wasserstein(eigs,real_eigs): 1.237, Wasserstein(log_eigs,log_real_eigs): 0.166
torch.Size([64, 1600])
Epoch [421/1000], Wasserstein(eigs,real_eigs): 1.049, Wasserstein(log_eigs,log_real_eigs): 0.166
torch.Size([64, 1600])
Epoch [422/1000], Wasserstein(eigs,real_eigs): 0.690, Wasserstein(log_eigs,log_real_eigs): 0.161
torch.Size([64, 1600])
Epoch [423/1000], Wasserstein(eigs,real_eigs): 1.107, Wasserstein(log_eigs,log_real_eigs): 0.155
torch.Size([64, 1600])
Epoch [424/1000], Wasserstein(eigs,real_eigs): 0.847, Wasserstein(log_eigs,log_real_eigs): 0.127
torch.Size([64, 1600])
Epoch [425/1000], Wasserstein(eigs,real_eigs): 0.867, Wasserstein(log_eigs,log_real_eigs): 0.132
torch.Size([64, 1600])
Epoch [426/1000], Wasserstein(eigs,real_eigs): 0.557, Wasserstein(log_eigs,log_real_eigs): 0.105
torch.Size([64, 1600])
Epoch [427/1000], Wasserstein(eigs,real_eigs): 0.676, Wasserstein(log_eigs,log_real_eigs): 0.106
torch.Size([64, 1600])
Epoch [428/1000], Wasserstein(eigs,real_eigs): 0.369, Wasserstein(log_eigs,log_real_eigs): 0.102
torch.Size([64, 1600])
Epoch [429/1000], Wasserstein(eigs,real_eigs): 0.517, Wasserstein(log_eigs,log_real_eigs): 0.110
torch.Size([64, 1600])
Epoch [430/1000], Wasserstein(eigs,real_eigs): 0.656, Wasserstein(log_eigs,log_real_eigs): 0.104
torch.Size([64, 1600])
Epoch [431/1000], Wasserstein(eigs,real_eigs): 0.977, Wasserstein(log_eigs,log_real_eigs): 0.141
torch.Size([64, 1600])
Epoch [432/1000], Wasserstein(eigs,real_eigs): 0.879, Wasserstein(log_eigs,log_real_eigs): 0.117
torch.Size([64, 1600])
Epoch [433/1000], Wasserstein(eigs,real_eigs): 0.356, Wasserstein(log_eigs,log_real_eigs): 0.091
torch.Size([64, 1600])
Epoch [434/1000], Wasserstein(eigs,real_eigs): 0.399, Wasserstein(log_eigs,log_real_eigs): 0.105
torch.Size([64, 1600])
Epoch [435/1000], Wasserstein(eigs,real_eigs): 0.482, Wasserstein(log_eigs,log_real_eigs): 0.098
torch.Size([64, 1600])
Epoch [436/1000], Wasserstein(eigs,real_eigs): 0.671, Wasserstein(log_eigs,log_real_eigs): 0.108
torch.Size([64, 1600])
Epoch [437/1000], Wasserstein(eigs,real_eigs): 0.858, Wasserstein(log_eigs,log_real_eigs): 0.135
torch.Size([64, 1600])
Epoch [438/1000], Wasserstein(eigs,real_eigs): 0.417, Wasserstein(log_eigs,log_real_eigs): 0.095
torch.Size([64, 1600])
Epoch [439/1000], Wasserstein(eigs,real_eigs): 0.359, Wasserstein(log_eigs,log_real_eigs): 0.096
torch.Size([64, 1600])
Epoch [440/1000], Wasserstein(eigs,real_eigs): 0.486, Wasserstein(log_eigs,log_real_eigs): 0.092
torch.Size([64, 1600])
Epoch [441/1000], Wasserstein(eigs,real_eigs): 0.393, Wasserstein(log_eigs,log_real_eigs): 0.104
torch.Size([64, 1600])
Epoch [442/1000], Wasserstein(eigs,real_eigs): 0.805, Wasserstein(log_eigs,log_real_eigs): 0.116
torch.Size([64, 1600])
Epoch [443/1000], Wasserstein(eigs,real_eigs): 0.451, Wasserstein(log_eigs,log_real_eigs): 0.113
torch.Size([64, 1600])
Epoch [444/1000], Wasserstein(eigs,real_eigs): 0.599, Wasserstein(log_eigs,log_real_eigs): 0.121
torch.Size([64, 1600])
Epoch [445/1000], Wasserstein(eigs,real_eigs): 0.528, Wasserstein(log_eigs,log_real_eigs): 0.105
torch.Size([64, 1600])
Epoch [446/1000], Wasserstein(eigs,real_eigs): 0.679, Wasserstein(log_eigs,log_real_eigs): 0.151
torch.Size([64, 1600])
Epoch [447/1000], Wasserstein(eigs,real_eigs): 0.442, Wasserstein(log_eigs,log_real_eigs): 0.112
torch.Size([64, 1600])
Epoch [448/1000], Wasserstein(eigs,real_eigs): 0.432, Wasserstein(log_eigs,log_real_eigs): 0.102
torch.Size([64, 1600])
Epoch [449/1000], Wasserstein(eigs,real_eigs): 0.805, Wasserstein(log_eigs,log_real_eigs): 0.173
torch.Size([64, 1600])
Epoch [450/1000], Wasserstein(eigs,real_eigs): 0.601, Wasserstein(log_eigs,log_real_eigs): 0.100
torch.Size([64, 1600])
Epoch [451/1000], Wasserstein(eigs,real_eigs): 0.346, Wasserstein(log_eigs,log_real_eigs): 0.102
torch.Size([64, 1600])
Epoch [452/1000], Wasserstein(eigs,real_eigs): 0.813, Wasserstein(log_eigs,log_real_eigs): 0.153
torch.Size([64, 1600])
Epoch [453/1000], Wasserstein(eigs,real_eigs): 0.659, Wasserstein(log_eigs,log_real_eigs): 0.179
torch.Size([64, 1600])
Epoch [454/1000], Wasserstein(eigs,real_eigs): 0.625, Wasserstein(log_eigs,log_real_eigs): 0.117
torch.Size([64, 1600])
Epoch [455/1000], Wasserstein(eigs,real_eigs): 0.624, Wasserstein(log_eigs,log_real_eigs): 0.115
torch.Size([64, 1600])
Epoch [456/1000], Wasserstein(eigs,real_eigs): 0.413, Wasserstein(log_eigs,log_real_eigs): 0.131
torch.Size([64, 1600])
Epoch [457/1000], Wasserstein(eigs,real_eigs): 0.562, Wasserstein(log_eigs,log_real_eigs): 0.111
torch.Size([64, 1600])
Epoch [458/1000], Wasserstein(eigs,real_eigs): 0.539, Wasserstein(log_eigs,log_real_eigs): 0.155
torch.Size([64, 1600])
Epoch [459/1000], Wasserstein(eigs,real_eigs): 0.745, Wasserstein(log_eigs,log_real_eigs): 0.238
torch.Size([64, 1600])
Epoch [460/1000], Wasserstein(eigs,real_eigs): 0.700, Wasserstein(log_eigs,log_real_eigs): 0.211
torch.Size([64, 1600])
Epoch [461/1000], Wasserstein(eigs,real_eigs): 0.767, Wasserstein(log_eigs,log_real_eigs): 0.183
torch.Size([64, 1600])
Epoch [462/1000], Wasserstein(eigs,real_eigs): 0.597, Wasserstein(log_eigs,log_real_eigs): 0.216
torch.Size([64, 1600])
Epoch [463/1000], Wasserstein(eigs,real_eigs): 0.750, Wasserstein(log_eigs,log_real_eigs): 0.174
torch.Size([64, 1600])
Epoch [464/1000], Wasserstein(eigs,real_eigs): 0.779, Wasserstein(log_eigs,log_real_eigs): 0.163
torch.Size([64, 1600])
Epoch [465/1000], Wasserstein(eigs,real_eigs): 0.543, Wasserstein(log_eigs,log_real_eigs): 0.165
torch.Size([64, 1600])
Epoch [466/1000], Wasserstein(eigs,real_eigs): 0.839, Wasserstein(log_eigs,log_real_eigs): 0.229
torch.Size([64, 1600])
Epoch [467/1000], Wasserstein(eigs,real_eigs): 0.812, Wasserstein(log_eigs,log_real_eigs): 0.185
torch.Size([64, 1600])
Epoch [468/1000], Wasserstein(eigs,real_eigs): 0.675, Wasserstein(log_eigs,log_real_eigs): 0.206
torch.Size([64, 1600])
Epoch [469/1000], Wasserstein(eigs,real_eigs): 0.636, Wasserstein(log_eigs,log_real_eigs): 0.119
torch.Size([64, 1600])
Epoch [470/1000], Wasserstein(eigs,real_eigs): 0.731, Wasserstein(log_eigs,log_real_eigs): 0.243
torch.Size([64, 1600])
Epoch [471/1000], Wasserstein(eigs,real_eigs): 0.441, Wasserstein(log_eigs,log_real_eigs): 0.152
torch.Size([64, 1600])
Epoch [472/1000], Wasserstein(eigs,real_eigs): 0.786, Wasserstein(log_eigs,log_real_eigs): 0.241
torch.Size([64, 1600])
Epoch [473/1000], Wasserstein(eigs,real_eigs): 0.713, Wasserstein(log_eigs,log_real_eigs): 0.115
torch.Size([64, 1600])
Epoch [474/1000], Wasserstein(eigs,real_eigs): 0.484, Wasserstein(log_eigs,log_real_eigs): 0.126
torch.Size([64, 1600])
Epoch [475/1000], Wasserstein(eigs,real_eigs): 0.622, Wasserstein(log_eigs,log_real_eigs): 0.138
torch.Size([64, 1600])
Epoch [476/1000], Wasserstein(eigs,real_eigs): 1.504, Wasserstein(log_eigs,log_real_eigs): 0.195
torch.Size([64, 1600])
Epoch [477/1000], Wasserstein(eigs,real_eigs): 0.673, Wasserstein(log_eigs,log_real_eigs): 0.215
torch.Size([64, 1600])
Epoch [478/1000], Wasserstein(eigs,real_eigs): 0.877, Wasserstein(log_eigs,log_real_eigs): 0.281
torch.Size([64, 1600])
Epoch [479/1000], Wasserstein(eigs,real_eigs): 0.562, Wasserstein(log_eigs,log_real_eigs): 0.196
torch.Size([64, 1600])
Epoch [480/1000], Wasserstein(eigs,real_eigs): 0.615, Wasserstein(log_eigs,log_real_eigs): 0.224
torch.Size([64, 1600])
Epoch [481/1000], Wasserstein(eigs,real_eigs): 0.474, Wasserstein(log_eigs,log_real_eigs): 0.104
torch.Size([64, 1600])
Epoch [482/1000], Wasserstein(eigs,real_eigs): 1.237, Wasserstein(log_eigs,log_real_eigs): 0.210
torch.Size([64, 1600])
Epoch [483/1000], Wasserstein(eigs,real_eigs): 1.324, Wasserstein(log_eigs,log_real_eigs): 0.148
torch.Size([64, 1600])
Epoch [484/1000], Wasserstein(eigs,real_eigs): 0.696, Wasserstein(log_eigs,log_real_eigs): 0.133
torch.Size([64, 1600])
Epoch [485/1000], Wasserstein(eigs,real_eigs): 0.519, Wasserstein(log_eigs,log_real_eigs): 0.118
torch.Size([64, 1600])
Epoch [486/1000], Wasserstein(eigs,real_eigs): 1.024, Wasserstein(log_eigs,log_real_eigs): 0.135
torch.Size([64, 1600])
Epoch [487/1000], Wasserstein(eigs,real_eigs): 0.524, Wasserstein(log_eigs,log_real_eigs): 0.164
torch.Size([64, 1600])
Epoch [488/1000], Wasserstein(eigs,real_eigs): 0.786, Wasserstein(log_eigs,log_real_eigs): 0.113
torch.Size([64, 1600])
Epoch [489/1000], Wasserstein(eigs,real_eigs): 1.018, Wasserstein(log_eigs,log_real_eigs): 0.152
torch.Size([64, 1600])
Epoch [490/1000], Wasserstein(eigs,real_eigs): 0.478, Wasserstein(log_eigs,log_real_eigs): 0.154
torch.Size([64, 1600])
Epoch [491/1000], Wasserstein(eigs,real_eigs): 0.536, Wasserstein(log_eigs,log_real_eigs): 0.123
torch.Size([64, 1600])
Epoch [492/1000], Wasserstein(eigs,real_eigs): 0.466, Wasserstein(log_eigs,log_real_eigs): 0.114
torch.Size([64, 1600])
Epoch [493/1000], Wasserstein(eigs,real_eigs): 0.906, Wasserstein(log_eigs,log_real_eigs): 0.175
torch.Size([64, 1600])
Epoch [494/1000], Wasserstein(eigs,real_eigs): 0.624, Wasserstein(log_eigs,log_real_eigs): 0.119
torch.Size([64, 1600])
Epoch [495/1000], Wasserstein(eigs,real_eigs): 0.841, Wasserstein(log_eigs,log_real_eigs): 0.218
torch.Size([64, 1600])
Epoch [496/1000], Wasserstein(eigs,real_eigs): 0.469, Wasserstein(log_eigs,log_real_eigs): 0.103
torch.Size([64, 1600])
Epoch [497/1000], Wasserstein(eigs,real_eigs): 0.723, Wasserstein(log_eigs,log_real_eigs): 0.130
torch.Size([64, 1600])
Epoch [498/1000], Wasserstein(eigs,real_eigs): 0.925, Wasserstein(log_eigs,log_real_eigs): 0.166
torch.Size([64, 1600])
Epoch [499/1000], Wasserstein(eigs,real_eigs): 0.678, Wasserstein(log_eigs,log_real_eigs): 0.161
torch.Size([64, 1600])
Epoch [500/1000], Wasserstein(eigs,real_eigs): 0.628, Wasserstein(log_eigs,log_real_eigs): 0.102
torch.Size([64, 1600])
Epoch [501/1000], Wasserstein(eigs,real_eigs): 0.707, Wasserstein(log_eigs,log_real_eigs): 0.123
torch.Size([64, 1600])
Epoch [502/1000], Wasserstein(eigs,real_eigs): 0.279, Wasserstein(log_eigs,log_real_eigs): 0.116
torch.Size([64, 1600])
Epoch [503/1000], Wasserstein(eigs,real_eigs): 0.421, Wasserstein(log_eigs,log_real_eigs): 0.076
torch.Size([64, 1600])
Epoch [504/1000], Wasserstein(eigs,real_eigs): 0.500, Wasserstein(log_eigs,log_real_eigs): 0.140
torch.Size([64, 1600])
Epoch [505/1000], Wasserstein(eigs,real_eigs): 0.678, Wasserstein(log_eigs,log_real_eigs): 0.131
torch.Size([64, 1600])
Epoch [506/1000], Wasserstein(eigs,real_eigs): 0.625, Wasserstein(log_eigs,log_real_eigs): 0.100
torch.Size([64, 1600])
Epoch [507/1000], Wasserstein(eigs,real_eigs): 0.292, Wasserstein(log_eigs,log_real_eigs): 0.098
torch.Size([64, 1600])
Epoch [508/1000], Wasserstein(eigs,real_eigs): 0.582, Wasserstein(log_eigs,log_real_eigs): 0.128
torch.Size([64, 1600])
Epoch [509/1000], Wasserstein(eigs,real_eigs): 0.594, Wasserstein(log_eigs,log_real_eigs): 0.128
torch.Size([64, 1600])
Epoch [510/1000], Wasserstein(eigs,real_eigs): 0.400, Wasserstein(log_eigs,log_real_eigs): 0.101
torch.Size([64, 1600])
Epoch [511/1000], Wasserstein(eigs,real_eigs): 0.658, Wasserstein(log_eigs,log_real_eigs): 0.148
torch.Size([64, 1600])
Epoch [512/1000], Wasserstein(eigs,real_eigs): 0.309, Wasserstein(log_eigs,log_real_eigs): 0.098
torch.Size([64, 1600])
Epoch [513/1000], Wasserstein(eigs,real_eigs): 0.403, Wasserstein(log_eigs,log_real_eigs): 0.101
torch.Size([64, 1600])
Epoch [514/1000], Wasserstein(eigs,real_eigs): 0.497, Wasserstein(log_eigs,log_real_eigs): 0.111
torch.Size([64, 1600])
Epoch [515/1000], Wasserstein(eigs,real_eigs): 0.616, Wasserstein(log_eigs,log_real_eigs): 0.099
torch.Size([64, 1600])
Epoch [516/1000], Wasserstein(eigs,real_eigs): 0.317, Wasserstein(log_eigs,log_real_eigs): 0.089
torch.Size([64, 1600])
Epoch [517/1000], Wasserstein(eigs,real_eigs): 2.233, Wasserstein(log_eigs,log_real_eigs): 0.257
torch.Size([64, 1600])
Epoch [518/1000], Wasserstein(eigs,real_eigs): 1.169, Wasserstein(log_eigs,log_real_eigs): 0.228
torch.Size([64, 1600])
Epoch [519/1000], Wasserstein(eigs,real_eigs): 0.506, Wasserstein(log_eigs,log_real_eigs): 0.097
torch.Size([64, 1600])
Epoch [520/1000], Wasserstein(eigs,real_eigs): 0.574, Wasserstein(log_eigs,log_real_eigs): 0.114
torch.Size([64, 1600])
Epoch [521/1000], Wasserstein(eigs,real_eigs): 0.606, Wasserstein(log_eigs,log_real_eigs): 0.118
torch.Size([64, 1600])
Epoch [522/1000], Wasserstein(eigs,real_eigs): 0.755, Wasserstein(log_eigs,log_real_eigs): 0.109
torch.Size([64, 1600])
Epoch [523/1000], Wasserstein(eigs,real_eigs): 0.392, Wasserstein(log_eigs,log_real_eigs): 0.118
torch.Size([64, 1600])
Epoch [524/1000], Wasserstein(eigs,real_eigs): 0.309, Wasserstein(log_eigs,log_real_eigs): 0.102
torch.Size([64, 1600])
Epoch [525/1000], Wasserstein(eigs,real_eigs): 0.466, Wasserstein(log_eigs,log_real_eigs): 0.086
torch.Size([64, 1600])
Epoch [526/1000], Wasserstein(eigs,real_eigs): 0.439, Wasserstein(log_eigs,log_real_eigs): 0.099
torch.Size([64, 1600])
Epoch [527/1000], Wasserstein(eigs,real_eigs): 0.801, Wasserstein(log_eigs,log_real_eigs): 0.121
torch.Size([64, 1600])
Epoch [528/1000], Wasserstein(eigs,real_eigs): 0.476, Wasserstein(log_eigs,log_real_eigs): 0.112
torch.Size([64, 1600])
Epoch [529/1000], Wasserstein(eigs,real_eigs): 0.280, Wasserstein(log_eigs,log_real_eigs): 0.112
torch.Size([64, 1600])
Epoch [530/1000], Wasserstein(eigs,real_eigs): 0.883, Wasserstein(log_eigs,log_real_eigs): 0.102
torch.Size([64, 1600])
Epoch [531/1000], Wasserstein(eigs,real_eigs): 0.600, Wasserstein(log_eigs,log_real_eigs): 0.108
torch.Size([64, 1600])
Epoch [532/1000], Wasserstein(eigs,real_eigs): 0.328, Wasserstein(log_eigs,log_real_eigs): 0.102
torch.Size([64, 1600])
Epoch [533/1000], Wasserstein(eigs,real_eigs): 0.312, Wasserstein(log_eigs,log_real_eigs): 0.097
torch.Size([64, 1600])
Epoch [534/1000], Wasserstein(eigs,real_eigs): 0.674, Wasserstein(log_eigs,log_real_eigs): 0.104
torch.Size([64, 1600])
Epoch [535/1000], Wasserstein(eigs,real_eigs): 0.455, Wasserstein(log_eigs,log_real_eigs): 0.120
torch.Size([64, 1600])
Epoch [536/1000], Wasserstein(eigs,real_eigs): 0.417, Wasserstein(log_eigs,log_real_eigs): 0.115
torch.Size([64, 1600])
Epoch [537/1000], Wasserstein(eigs,real_eigs): 0.217, Wasserstein(log_eigs,log_real_eigs): 0.087
torch.Size([64, 1600])
Epoch [538/1000], Wasserstein(eigs,real_eigs): 0.403, Wasserstein(log_eigs,log_real_eigs): 0.128
torch.Size([64, 1600])
Epoch [539/1000], Wasserstein(eigs,real_eigs): 0.365, Wasserstein(log_eigs,log_real_eigs): 0.126
torch.Size([64, 1600])
Epoch [540/1000], Wasserstein(eigs,real_eigs): 0.449, Wasserstein(log_eigs,log_real_eigs): 0.124
torch.Size([64, 1600])
Epoch [541/1000], Wasserstein(eigs,real_eigs): 0.418, Wasserstein(log_eigs,log_real_eigs): 0.088
torch.Size([64, 1600])
Epoch [542/1000], Wasserstein(eigs,real_eigs): 0.342, Wasserstein(log_eigs,log_real_eigs): 0.079
torch.Size([64, 1600])
Epoch [543/1000], Wasserstein(eigs,real_eigs): 1.102, Wasserstein(log_eigs,log_real_eigs): 0.132
torch.Size([64, 1600])
Epoch [544/1000], Wasserstein(eigs,real_eigs): 0.804, Wasserstein(log_eigs,log_real_eigs): 0.141
torch.Size([64, 1600])
Epoch [545/1000], Wasserstein(eigs,real_eigs): 0.405, Wasserstein(log_eigs,log_real_eigs): 0.101
torch.Size([64, 1600])
Epoch [546/1000], Wasserstein(eigs,real_eigs): 0.966, Wasserstein(log_eigs,log_real_eigs): 0.142
torch.Size([64, 1600])
Epoch [547/1000], Wasserstein(eigs,real_eigs): 0.258, Wasserstein(log_eigs,log_real_eigs): 0.112
torch.Size([64, 1600])
Epoch [548/1000], Wasserstein(eigs,real_eigs): 0.421, Wasserstein(log_eigs,log_real_eigs): 0.109
torch.Size([64, 1600])
Epoch [549/1000], Wasserstein(eigs,real_eigs): 0.582, Wasserstein(log_eigs,log_real_eigs): 0.121
torch.Size([64, 1600])
Epoch [550/1000], Wasserstein(eigs,real_eigs): 0.921, Wasserstein(log_eigs,log_real_eigs): 0.131
torch.Size([64, 1600])
Epoch [551/1000], Wasserstein(eigs,real_eigs): 1.229, Wasserstein(log_eigs,log_real_eigs): 0.123
torch.Size([64, 1600])
Epoch [552/1000], Wasserstein(eigs,real_eigs): 0.364, Wasserstein(log_eigs,log_real_eigs): 0.094
torch.Size([64, 1600])
Epoch [553/1000], Wasserstein(eigs,real_eigs): 0.463, Wasserstein(log_eigs,log_real_eigs): 0.090
torch.Size([64, 1600])
Epoch [554/1000], Wasserstein(eigs,real_eigs): 0.580, Wasserstein(log_eigs,log_real_eigs): 0.139
torch.Size([64, 1600])
Epoch [555/1000], Wasserstein(eigs,real_eigs): 0.939, Wasserstein(log_eigs,log_real_eigs): 0.141
torch.Size([64, 1600])
Epoch [556/1000], Wasserstein(eigs,real_eigs): 0.827, Wasserstein(log_eigs,log_real_eigs): 0.147
torch.Size([64, 1600])
Epoch [557/1000], Wasserstein(eigs,real_eigs): 0.807, Wasserstein(log_eigs,log_real_eigs): 0.099
torch.Size([64, 1600])
Epoch [558/1000], Wasserstein(eigs,real_eigs): 0.516, Wasserstein(log_eigs,log_real_eigs): 0.102
torch.Size([64, 1600])
Epoch [559/1000], Wasserstein(eigs,real_eigs): 1.092, Wasserstein(log_eigs,log_real_eigs): 0.168
torch.Size([64, 1600])
Epoch [560/1000], Wasserstein(eigs,real_eigs): 1.016, Wasserstein(log_eigs,log_real_eigs): 0.188
torch.Size([64, 1600])
Epoch [561/1000], Wasserstein(eigs,real_eigs): 0.534, Wasserstein(log_eigs,log_real_eigs): 0.112
torch.Size([64, 1600])
Epoch [562/1000], Wasserstein(eigs,real_eigs): 0.404, Wasserstein(log_eigs,log_real_eigs): 0.076
torch.Size([64, 1600])
Epoch [563/1000], Wasserstein(eigs,real_eigs): 0.423, Wasserstein(log_eigs,log_real_eigs): 0.123
torch.Size([64, 1600])
Epoch [564/1000], Wasserstein(eigs,real_eigs): 1.287, Wasserstein(log_eigs,log_real_eigs): 0.213
torch.Size([64, 1600])
Epoch [565/1000], Wasserstein(eigs,real_eigs): 0.689, Wasserstein(log_eigs,log_real_eigs): 0.124
torch.Size([64, 1600])
Epoch [566/1000], Wasserstein(eigs,real_eigs): 0.299, Wasserstein(log_eigs,log_real_eigs): 0.118
torch.Size([64, 1600])
Epoch [567/1000], Wasserstein(eigs,real_eigs): 0.476, Wasserstein(log_eigs,log_real_eigs): 0.130
torch.Size([64, 1600])
Epoch [568/1000], Wasserstein(eigs,real_eigs): 0.313, Wasserstein(log_eigs,log_real_eigs): 0.096
torch.Size([64, 1600])
Epoch [569/1000], Wasserstein(eigs,real_eigs): 0.642, Wasserstein(log_eigs,log_real_eigs): 0.111
torch.Size([64, 1600])
Epoch [570/1000], Wasserstein(eigs,real_eigs): 0.820, Wasserstein(log_eigs,log_real_eigs): 0.167
torch.Size([64, 1600])
Epoch [571/1000], Wasserstein(eigs,real_eigs): 0.912, Wasserstein(log_eigs,log_real_eigs): 0.136
torch.Size([64, 1600])
Epoch [572/1000], Wasserstein(eigs,real_eigs): 0.798, Wasserstein(log_eigs,log_real_eigs): 0.136
torch.Size([64, 1600])
Epoch [573/1000], Wasserstein(eigs,real_eigs): 0.359, Wasserstein(log_eigs,log_real_eigs): 0.100
torch.Size([64, 1600])
Epoch [574/1000], Wasserstein(eigs,real_eigs): 1.120, Wasserstein(log_eigs,log_real_eigs): 0.194
torch.Size([64, 1600])
Epoch [575/1000], Wasserstein(eigs,real_eigs): 0.666, Wasserstein(log_eigs,log_real_eigs): 0.108
torch.Size([64, 1600])
Epoch [576/1000], Wasserstein(eigs,real_eigs): 0.620, Wasserstein(log_eigs,log_real_eigs): 0.109
torch.Size([64, 1600])
Epoch [577/1000], Wasserstein(eigs,real_eigs): 0.339, Wasserstein(log_eigs,log_real_eigs): 0.109
torch.Size([64, 1600])
Epoch [578/1000], Wasserstein(eigs,real_eigs): 0.452, Wasserstein(log_eigs,log_real_eigs): 0.124
torch.Size([64, 1600])
Epoch [579/1000], Wasserstein(eigs,real_eigs): 0.794, Wasserstein(log_eigs,log_real_eigs): 0.152
torch.Size([64, 1600])
Epoch [580/1000], Wasserstein(eigs,real_eigs): 0.374, Wasserstein(log_eigs,log_real_eigs): 0.125
torch.Size([64, 1600])
Epoch [581/1000], Wasserstein(eigs,real_eigs): 0.444, Wasserstein(log_eigs,log_real_eigs): 0.159
torch.Size([64, 1600])
Epoch [582/1000], Wasserstein(eigs,real_eigs): 1.016, Wasserstein(log_eigs,log_real_eigs): 0.189
torch.Size([64, 1600])
Epoch [583/1000], Wasserstein(eigs,real_eigs): 0.623, Wasserstein(log_eigs,log_real_eigs): 0.105
torch.Size([64, 1600])
Epoch [584/1000], Wasserstein(eigs,real_eigs): 0.718, Wasserstein(log_eigs,log_real_eigs): 0.170
torch.Size([64, 1600])
Epoch [585/1000], Wasserstein(eigs,real_eigs): 0.302, Wasserstein(log_eigs,log_real_eigs): 0.098
torch.Size([64, 1600])
Epoch [586/1000], Wasserstein(eigs,real_eigs): 0.241, Wasserstein(log_eigs,log_real_eigs): 0.099
torch.Size([64, 1600])
Epoch [587/1000], Wasserstein(eigs,real_eigs): 0.413, Wasserstein(log_eigs,log_real_eigs): 0.120
torch.Size([64, 1600])
Epoch [588/1000], Wasserstein(eigs,real_eigs): 0.459, Wasserstein(log_eigs,log_real_eigs): 0.161
torch.Size([64, 1600])
Epoch [589/1000], Wasserstein(eigs,real_eigs): 0.564, Wasserstein(log_eigs,log_real_eigs): 0.111
torch.Size([64, 1600])
Epoch [590/1000], Wasserstein(eigs,real_eigs): 0.328, Wasserstein(log_eigs,log_real_eigs): 0.122
torch.Size([64, 1600])
Epoch [591/1000], Wasserstein(eigs,real_eigs): 0.603, Wasserstein(log_eigs,log_real_eigs): 0.145
torch.Size([64, 1600])
Epoch [592/1000], Wasserstein(eigs,real_eigs): 0.602, Wasserstein(log_eigs,log_real_eigs): 0.137
torch.Size([64, 1600])
Epoch [593/1000], Wasserstein(eigs,real_eigs): 0.860, Wasserstein(log_eigs,log_real_eigs): 0.197
torch.Size([64, 1600])
Epoch [594/1000], Wasserstein(eigs,real_eigs): 0.360, Wasserstein(log_eigs,log_real_eigs): 0.126
torch.Size([64, 1600])
Epoch [595/1000], Wasserstein(eigs,real_eigs): 0.470, Wasserstein(log_eigs,log_real_eigs): 0.116
torch.Size([64, 1600])
Epoch [596/1000], Wasserstein(eigs,real_eigs): 0.367, Wasserstein(log_eigs,log_real_eigs): 0.102
torch.Size([64, 1600])
Epoch [597/1000], Wasserstein(eigs,real_eigs): 0.993, Wasserstein(log_eigs,log_real_eigs): 0.162
torch.Size([64, 1600])
Epoch [598/1000], Wasserstein(eigs,real_eigs): 0.353, Wasserstein(log_eigs,log_real_eigs): 0.116
torch.Size([64, 1600])
Epoch [599/1000], Wasserstein(eigs,real_eigs): 1.249, Wasserstein(log_eigs,log_real_eigs): 0.158
torch.Size([64, 1600])
Epoch [600/1000], Wasserstein(eigs,real_eigs): 0.394, Wasserstein(log_eigs,log_real_eigs): 0.118
torch.Size([64, 1600])
Epoch [601/1000], Wasserstein(eigs,real_eigs): 0.909, Wasserstein(log_eigs,log_real_eigs): 0.139
torch.Size([64, 1600])
Epoch [602/1000], Wasserstein(eigs,real_eigs): 0.329, Wasserstein(log_eigs,log_real_eigs): 0.106
torch.Size([64, 1600])
Epoch [603/1000], Wasserstein(eigs,real_eigs): 1.581, Wasserstein(log_eigs,log_real_eigs): 0.202
torch.Size([64, 1600])
Epoch [604/1000], Wasserstein(eigs,real_eigs): 0.438, Wasserstein(log_eigs,log_real_eigs): 0.134
torch.Size([64, 1600])
Epoch [605/1000], Wasserstein(eigs,real_eigs): 1.183, Wasserstein(log_eigs,log_real_eigs): 0.199
torch.Size([64, 1600])
Epoch [606/1000], Wasserstein(eigs,real_eigs): 1.083, Wasserstein(log_eigs,log_real_eigs): 0.167
torch.Size([64, 1600])
Epoch [607/1000], Wasserstein(eigs,real_eigs): 1.084, Wasserstein(log_eigs,log_real_eigs): 0.211
torch.Size([64, 1600])
Epoch [608/1000], Wasserstein(eigs,real_eigs): 0.606, Wasserstein(log_eigs,log_real_eigs): 0.118
torch.Size([64, 1600])
Epoch [609/1000], Wasserstein(eigs,real_eigs): 0.432, Wasserstein(log_eigs,log_real_eigs): 0.156
torch.Size([64, 1600])
Epoch [610/1000], Wasserstein(eigs,real_eigs): 0.693, Wasserstein(log_eigs,log_real_eigs): 0.130
torch.Size([64, 1600])
Epoch [611/1000], Wasserstein(eigs,real_eigs): 0.455, Wasserstein(log_eigs,log_real_eigs): 0.141
torch.Size([64, 1600])
Epoch [612/1000], Wasserstein(eigs,real_eigs): 0.779, Wasserstein(log_eigs,log_real_eigs): 0.148
torch.Size([64, 1600])
Epoch [613/1000], Wasserstein(eigs,real_eigs): 1.323, Wasserstein(log_eigs,log_real_eigs): 0.226
torch.Size([64, 1600])
Epoch [614/1000], Wasserstein(eigs,real_eigs): 1.351, Wasserstein(log_eigs,log_real_eigs): 0.164
torch.Size([64, 1600])
Epoch [615/1000], Wasserstein(eigs,real_eigs): 0.378, Wasserstein(log_eigs,log_real_eigs): 0.105
torch.Size([64, 1600])
Epoch [616/1000], Wasserstein(eigs,real_eigs): 1.085, Wasserstein(log_eigs,log_real_eigs): 0.153
torch.Size([64, 1600])
Epoch [617/1000], Wasserstein(eigs,real_eigs): 0.368, Wasserstein(log_eigs,log_real_eigs): 0.123
torch.Size([64, 1600])
Epoch [618/1000], Wasserstein(eigs,real_eigs): 0.942, Wasserstein(log_eigs,log_real_eigs): 0.117
torch.Size([64, 1600])
Epoch [619/1000], Wasserstein(eigs,real_eigs): 0.387, Wasserstein(log_eigs,log_real_eigs): 0.124
torch.Size([64, 1600])
Epoch [620/1000], Wasserstein(eigs,real_eigs): 0.646, Wasserstein(log_eigs,log_real_eigs): 0.137
torch.Size([64, 1600])
Epoch [621/1000], Wasserstein(eigs,real_eigs): 0.375, Wasserstein(log_eigs,log_real_eigs): 0.120
torch.Size([64, 1600])
Epoch [622/1000], Wasserstein(eigs,real_eigs): 0.291, Wasserstein(log_eigs,log_real_eigs): 0.086
torch.Size([64, 1600])
Epoch [623/1000], Wasserstein(eigs,real_eigs): 1.195, Wasserstein(log_eigs,log_real_eigs): 0.151
torch.Size([64, 1600])
Epoch [624/1000], Wasserstein(eigs,real_eigs): 0.497, Wasserstein(log_eigs,log_real_eigs): 0.103
torch.Size([64, 1600])
Epoch [625/1000], Wasserstein(eigs,real_eigs): 0.235, Wasserstein(log_eigs,log_real_eigs): 0.092
torch.Size([64, 1600])
Epoch [626/1000], Wasserstein(eigs,real_eigs): 0.468, Wasserstein(log_eigs,log_real_eigs): 0.119
torch.Size([64, 1600])
Epoch [627/1000], Wasserstein(eigs,real_eigs): 0.405, Wasserstein(log_eigs,log_real_eigs): 0.101
torch.Size([64, 1600])
Epoch [628/1000], Wasserstein(eigs,real_eigs): 0.305, Wasserstein(log_eigs,log_real_eigs): 0.102
torch.Size([64, 1600])
Epoch [629/1000], Wasserstein(eigs,real_eigs): 1.838, Wasserstein(log_eigs,log_real_eigs): 0.266
torch.Size([64, 1600])
Epoch [630/1000], Wasserstein(eigs,real_eigs): 0.266, Wasserstein(log_eigs,log_real_eigs): 0.113
torch.Size([64, 1600])
Epoch [631/1000], Wasserstein(eigs,real_eigs): 1.059, Wasserstein(log_eigs,log_real_eigs): 0.169
torch.Size([64, 1600])
Epoch [632/1000], Wasserstein(eigs,real_eigs): 0.488, Wasserstein(log_eigs,log_real_eigs): 0.145
torch.Size([64, 1600])
Epoch [633/1000], Wasserstein(eigs,real_eigs): 1.006, Wasserstein(log_eigs,log_real_eigs): 0.160
torch.Size([64, 1600])
Epoch [634/1000], Wasserstein(eigs,real_eigs): 0.525, Wasserstein(log_eigs,log_real_eigs): 0.113
torch.Size([64, 1600])
Epoch [635/1000], Wasserstein(eigs,real_eigs): 0.583, Wasserstein(log_eigs,log_real_eigs): 0.125
torch.Size([64, 1600])
Epoch [636/1000], Wasserstein(eigs,real_eigs): 0.494, Wasserstein(log_eigs,log_real_eigs): 0.115
torch.Size([64, 1600])
Epoch [637/1000], Wasserstein(eigs,real_eigs): 0.356, Wasserstein(log_eigs,log_real_eigs): 0.117
torch.Size([64, 1600])
Epoch [638/1000], Wasserstein(eigs,real_eigs): 0.462, Wasserstein(log_eigs,log_real_eigs): 0.118
torch.Size([64, 1600])
Epoch [639/1000], Wasserstein(eigs,real_eigs): 0.755, Wasserstein(log_eigs,log_real_eigs): 0.125
torch.Size([64, 1600])
Epoch [640/1000], Wasserstein(eigs,real_eigs): 0.744, Wasserstein(log_eigs,log_real_eigs): 0.120
torch.Size([64, 1600])
Epoch [641/1000], Wasserstein(eigs,real_eigs): 0.418, Wasserstein(log_eigs,log_real_eigs): 0.128
torch.Size([64, 1600])
Epoch [642/1000], Wasserstein(eigs,real_eigs): 0.497, Wasserstein(log_eigs,log_real_eigs): 0.123
torch.Size([64, 1600])
Epoch [643/1000], Wasserstein(eigs,real_eigs): 1.065, Wasserstein(log_eigs,log_real_eigs): 0.143
torch.Size([64, 1600])
Epoch [644/1000], Wasserstein(eigs,real_eigs): 0.845, Wasserstein(log_eigs,log_real_eigs): 0.160
torch.Size([64, 1600])
Epoch [645/1000], Wasserstein(eigs,real_eigs): 0.610, Wasserstein(log_eigs,log_real_eigs): 0.110
torch.Size([64, 1600])
Epoch [646/1000], Wasserstein(eigs,real_eigs): 0.306, Wasserstein(log_eigs,log_real_eigs): 0.106
torch.Size([64, 1600])
Epoch [647/1000], Wasserstein(eigs,real_eigs): 0.484, Wasserstein(log_eigs,log_real_eigs): 0.114
torch.Size([64, 1600])
Epoch [648/1000], Wasserstein(eigs,real_eigs): 0.317, Wasserstein(log_eigs,log_real_eigs): 0.113
torch.Size([64, 1600])
Epoch [649/1000], Wasserstein(eigs,real_eigs): 0.606, Wasserstein(log_eigs,log_real_eigs): 0.125
torch.Size([64, 1600])
Epoch [650/1000], Wasserstein(eigs,real_eigs): 1.176, Wasserstein(log_eigs,log_real_eigs): 0.168
torch.Size([64, 1600])
Epoch [651/1000], Wasserstein(eigs,real_eigs): 0.436, Wasserstein(log_eigs,log_real_eigs): 0.149
torch.Size([64, 1600])
Epoch [652/1000], Wasserstein(eigs,real_eigs): 0.392, Wasserstein(log_eigs,log_real_eigs): 0.111
torch.Size([64, 1600])
Epoch [653/1000], Wasserstein(eigs,real_eigs): 0.747, Wasserstein(log_eigs,log_real_eigs): 0.138
torch.Size([64, 1600])
Epoch [654/1000], Wasserstein(eigs,real_eigs): 0.452, Wasserstein(log_eigs,log_real_eigs): 0.102
torch.Size([64, 1600])
Epoch [655/1000], Wasserstein(eigs,real_eigs): 0.678, Wasserstein(log_eigs,log_real_eigs): 0.142
torch.Size([64, 1600])
Epoch [656/1000], Wasserstein(eigs,real_eigs): 0.574, Wasserstein(log_eigs,log_real_eigs): 0.146
torch.Size([64, 1600])
Epoch [657/1000], Wasserstein(eigs,real_eigs): 0.514, Wasserstein(log_eigs,log_real_eigs): 0.097
torch.Size([64, 1600])
Epoch [658/1000], Wasserstein(eigs,real_eigs): 0.469, Wasserstein(log_eigs,log_real_eigs): 0.113
torch.Size([64, 1600])
Epoch [659/1000], Wasserstein(eigs,real_eigs): 0.491, Wasserstein(log_eigs,log_real_eigs): 0.123
torch.Size([64, 1600])
Epoch [660/1000], Wasserstein(eigs,real_eigs): 0.423, Wasserstein(log_eigs,log_real_eigs): 0.118
torch.Size([64, 1600])
Epoch [661/1000], Wasserstein(eigs,real_eigs): 0.760, Wasserstein(log_eigs,log_real_eigs): 0.118
torch.Size([64, 1600])
Epoch [662/1000], Wasserstein(eigs,real_eigs): 1.366, Wasserstein(log_eigs,log_real_eigs): 0.161
torch.Size([64, 1600])
Epoch [663/1000], Wasserstein(eigs,real_eigs): 0.493, Wasserstein(log_eigs,log_real_eigs): 0.113
torch.Size([64, 1600])
Epoch [664/1000], Wasserstein(eigs,real_eigs): 0.721, Wasserstein(log_eigs,log_real_eigs): 0.129
torch.Size([64, 1600])
Epoch [665/1000], Wasserstein(eigs,real_eigs): 0.517, Wasserstein(log_eigs,log_real_eigs): 0.123
torch.Size([64, 1600])
Epoch [666/1000], Wasserstein(eigs,real_eigs): 0.744, Wasserstein(log_eigs,log_real_eigs): 0.122
torch.Size([64, 1600])
Epoch [667/1000], Wasserstein(eigs,real_eigs): 0.403, Wasserstein(log_eigs,log_real_eigs): 0.121
torch.Size([64, 1600])
Epoch [668/1000], Wasserstein(eigs,real_eigs): 0.427, Wasserstein(log_eigs,log_real_eigs): 0.102
torch.Size([64, 1600])
Epoch [669/1000], Wasserstein(eigs,real_eigs): 0.694, Wasserstein(log_eigs,log_real_eigs): 0.128
torch.Size([64, 1600])
Epoch [670/1000], Wasserstein(eigs,real_eigs): 0.477, Wasserstein(log_eigs,log_real_eigs): 0.108
torch.Size([64, 1600])
Epoch [671/1000], Wasserstein(eigs,real_eigs): 0.734, Wasserstein(log_eigs,log_real_eigs): 0.164
torch.Size([64, 1600])
Epoch [672/1000], Wasserstein(eigs,real_eigs): 0.541, Wasserstein(log_eigs,log_real_eigs): 0.114
torch.Size([64, 1600])
Epoch [673/1000], Wasserstein(eigs,real_eigs): 0.420, Wasserstein(log_eigs,log_real_eigs): 0.129
torch.Size([64, 1600])
Epoch [674/1000], Wasserstein(eigs,real_eigs): 0.523, Wasserstein(log_eigs,log_real_eigs): 0.111
torch.Size([64, 1600])
Epoch [675/1000], Wasserstein(eigs,real_eigs): 0.612, Wasserstein(log_eigs,log_real_eigs): 0.177
torch.Size([64, 1600])
Epoch [676/1000], Wasserstein(eigs,real_eigs): 0.599, Wasserstein(log_eigs,log_real_eigs): 0.151
torch.Size([64, 1600])
Epoch [677/1000], Wasserstein(eigs,real_eigs): 1.281, Wasserstein(log_eigs,log_real_eigs): 0.160
torch.Size([64, 1600])
Epoch [678/1000], Wasserstein(eigs,real_eigs): 0.535, Wasserstein(log_eigs,log_real_eigs): 0.127
torch.Size([64, 1600])
Epoch [679/1000], Wasserstein(eigs,real_eigs): 0.283, Wasserstein(log_eigs,log_real_eigs): 0.103
torch.Size([64, 1600])
Epoch [680/1000], Wasserstein(eigs,real_eigs): 0.581, Wasserstein(log_eigs,log_real_eigs): 0.109
torch.Size([64, 1600])
Epoch [681/1000], Wasserstein(eigs,real_eigs): 0.725, Wasserstein(log_eigs,log_real_eigs): 0.149
torch.Size([64, 1600])
Epoch [682/1000], Wasserstein(eigs,real_eigs): 0.651, Wasserstein(log_eigs,log_real_eigs): 0.109
torch.Size([64, 1600])
Epoch [683/1000], Wasserstein(eigs,real_eigs): 1.131, Wasserstein(log_eigs,log_real_eigs): 0.182
torch.Size([64, 1600])
Epoch [684/1000], Wasserstein(eigs,real_eigs): 1.474, Wasserstein(log_eigs,log_real_eigs): 0.231
torch.Size([64, 1600])
Epoch [685/1000], Wasserstein(eigs,real_eigs): 0.615, Wasserstein(log_eigs,log_real_eigs): 0.113
torch.Size([64, 1600])
Epoch [686/1000], Wasserstein(eigs,real_eigs): 0.453, Wasserstein(log_eigs,log_real_eigs): 0.113
torch.Size([64, 1600])
Epoch [687/1000], Wasserstein(eigs,real_eigs): 0.527, Wasserstein(log_eigs,log_real_eigs): 0.109
torch.Size([64, 1600])
Epoch [688/1000], Wasserstein(eigs,real_eigs): 1.015, Wasserstein(log_eigs,log_real_eigs): 0.176
torch.Size([64, 1600])
Epoch [689/1000], Wasserstein(eigs,real_eigs): 1.130, Wasserstein(log_eigs,log_real_eigs): 0.149
torch.Size([64, 1600])
Epoch [690/1000], Wasserstein(eigs,real_eigs): 1.175, Wasserstein(log_eigs,log_real_eigs): 0.151
torch.Size([64, 1600])
Epoch [691/1000], Wasserstein(eigs,real_eigs): 2.753, Wasserstein(log_eigs,log_real_eigs): 0.271
torch.Size([64, 1600])
Epoch [692/1000], Wasserstein(eigs,real_eigs): 0.315, Wasserstein(log_eigs,log_real_eigs): 0.086
torch.Size([64, 1600])
Epoch [693/1000], Wasserstein(eigs,real_eigs): 0.271, Wasserstein(log_eigs,log_real_eigs): 0.091
torch.Size([64, 1600])
Epoch [694/1000], Wasserstein(eigs,real_eigs): 0.356, Wasserstein(log_eigs,log_real_eigs): 0.097
torch.Size([64, 1600])
Epoch [695/1000], Wasserstein(eigs,real_eigs): 0.599, Wasserstein(log_eigs,log_real_eigs): 0.131
torch.Size([64, 1600])
Epoch [696/1000], Wasserstein(eigs,real_eigs): 0.642, Wasserstein(log_eigs,log_real_eigs): 0.128
torch.Size([64, 1600])
Epoch [697/1000], Wasserstein(eigs,real_eigs): 0.786, Wasserstein(log_eigs,log_real_eigs): 0.128
torch.Size([64, 1600])
Epoch [698/1000], Wasserstein(eigs,real_eigs): 3.286, Wasserstein(log_eigs,log_real_eigs): 0.381
torch.Size([64, 1600])
Epoch [699/1000], Wasserstein(eigs,real_eigs): 0.980, Wasserstein(log_eigs,log_real_eigs): 0.124
torch.Size([64, 1600])
Epoch [700/1000], Wasserstein(eigs,real_eigs): 0.763, Wasserstein(log_eigs,log_real_eigs): 0.125
torch.Size([64, 1600])
Epoch [701/1000], Wasserstein(eigs,real_eigs): 1.038, Wasserstein(log_eigs,log_real_eigs): 0.150
torch.Size([64, 1600])
Epoch [702/1000], Wasserstein(eigs,real_eigs): 0.860, Wasserstein(log_eigs,log_real_eigs): 0.150
torch.Size([64, 1600])
Epoch [703/1000], Wasserstein(eigs,real_eigs): 0.501, Wasserstein(log_eigs,log_real_eigs): 0.131
torch.Size([64, 1600])
Epoch [704/1000], Wasserstein(eigs,real_eigs): 0.326, Wasserstein(log_eigs,log_real_eigs): 0.124
torch.Size([64, 1600])
Epoch [705/1000], Wasserstein(eigs,real_eigs): 0.598, Wasserstein(log_eigs,log_real_eigs): 0.131
torch.Size([64, 1600])
Epoch [706/1000], Wasserstein(eigs,real_eigs): 0.619, Wasserstein(log_eigs,log_real_eigs): 0.175
torch.Size([64, 1600])
Epoch [707/1000], Wasserstein(eigs,real_eigs): 1.574, Wasserstein(log_eigs,log_real_eigs): 0.166
torch.Size([64, 1600])
Epoch [708/1000], Wasserstein(eigs,real_eigs): 0.319, Wasserstein(log_eigs,log_real_eigs): 0.105
torch.Size([64, 1600])
Epoch [709/1000], Wasserstein(eigs,real_eigs): 0.558, Wasserstein(log_eigs,log_real_eigs): 0.128
torch.Size([64, 1600])
Epoch [710/1000], Wasserstein(eigs,real_eigs): 0.266, Wasserstein(log_eigs,log_real_eigs): 0.112
torch.Size([64, 1600])
Epoch [711/1000], Wasserstein(eigs,real_eigs): 0.398, Wasserstein(log_eigs,log_real_eigs): 0.120
torch.Size([64, 1600])
Epoch [712/1000], Wasserstein(eigs,real_eigs): 1.332, Wasserstein(log_eigs,log_real_eigs): 0.197
torch.Size([64, 1600])
Epoch [713/1000], Wasserstein(eigs,real_eigs): 0.452, Wasserstein(log_eigs,log_real_eigs): 0.123
torch.Size([64, 1600])
Epoch [714/1000], Wasserstein(eigs,real_eigs): 0.951, Wasserstein(log_eigs,log_real_eigs): 0.157
torch.Size([64, 1600])
Epoch [715/1000], Wasserstein(eigs,real_eigs): 0.751, Wasserstein(log_eigs,log_real_eigs): 0.140
torch.Size([64, 1600])
Epoch [716/1000], Wasserstein(eigs,real_eigs): 0.323, Wasserstein(log_eigs,log_real_eigs): 0.095
torch.Size([64, 1600])
Epoch [717/1000], Wasserstein(eigs,real_eigs): 1.612, Wasserstein(log_eigs,log_real_eigs): 0.211
torch.Size([64, 1600])
Epoch [718/1000], Wasserstein(eigs,real_eigs): 0.193, Wasserstein(log_eigs,log_real_eigs): 0.102
torch.Size([64, 1600])
Epoch [719/1000], Wasserstein(eigs,real_eigs): 1.190, Wasserstein(log_eigs,log_real_eigs): 0.140
torch.Size([64, 1600])
Epoch [720/1000], Wasserstein(eigs,real_eigs): 0.403, Wasserstein(log_eigs,log_real_eigs): 0.093
torch.Size([64, 1600])
Epoch [721/1000], Wasserstein(eigs,real_eigs): 0.502, Wasserstein(log_eigs,log_real_eigs): 0.107
torch.Size([64, 1600])
Epoch [722/1000], Wasserstein(eigs,real_eigs): 1.245, Wasserstein(log_eigs,log_real_eigs): 0.138
torch.Size([64, 1600])
Epoch [723/1000], Wasserstein(eigs,real_eigs): 1.287, Wasserstein(log_eigs,log_real_eigs): 0.176
torch.Size([64, 1600])
Epoch [724/1000], Wasserstein(eigs,real_eigs): 2.183, Wasserstein(log_eigs,log_real_eigs): 0.227
