2019-10-16 08:28:33.382109
Namespace(batch_size=64, dataroot='/home/jim/Documents/RandomBergman/KS4/data/', diff=0, epochs=1000, exp=None, h11=50, log_interval=1, lr=5e-05, lr_D=5e-05, lr_G=5e-05, model_type='WGAN_DCGAN', n_critic_steps=5, newsize=40, num_geometries=2500, nz=50, outdir='./experiments/exp_WGAN_DCGAN_50_50_10162019_082833', plot_interval=20, py_version=3, save=True, show_plots=False, test_batch_size=10000)
Namespace(batch_size=64, dataroot='/home/jim/Documents/RandomBergman/KS4/data/', diff=0, epochs=1000, exp=None, h11=50, log_interval=1, lr=5e-05, lr_D=5e-05, lr_G=5e-05, model_type='WGAN_DCGAN', n_critic_steps=5, newsize=40, num_geometries=2500, nz=50, outdir='./experiments/exp_WGAN_DCGAN_50_50_10162019_082833', plot_interval=20, py_version=3, save=True, show_plots=False, test_batch_size=10000)
Model type: WGAN_DCGAN
Coomparing to Eigenvalue distribution collected from 3399 geometries
data: 64 50
torch.Size([64, 2500])
Epoch [0/1000], Wasserstein(eigs,real_eigs): 8.230, Wasserstein(log_eigs,log_real_eigs): 0.798
torch.Size([64, 2500])
Epoch [1/1000], Wasserstein(eigs,real_eigs): 90.640, Wasserstein(log_eigs,log_real_eigs): 1.469
torch.Size([64, 2500])
Epoch [2/1000], Wasserstein(eigs,real_eigs): 111.569, Wasserstein(log_eigs,log_real_eigs): 1.035
torch.Size([64, 2500])
Epoch [3/1000], Wasserstein(eigs,real_eigs): 90.160, Wasserstein(log_eigs,log_real_eigs): 0.894
torch.Size([64, 2500])
Epoch [4/1000], Wasserstein(eigs,real_eigs): 113.485, Wasserstein(log_eigs,log_real_eigs): 0.921
torch.Size([64, 2500])
Epoch [5/1000], Wasserstein(eigs,real_eigs): 82.711, Wasserstein(log_eigs,log_real_eigs): 0.977
torch.Size([64, 2500])
Epoch [6/1000], Wasserstein(eigs,real_eigs): 142.769, Wasserstein(log_eigs,log_real_eigs): 0.867
torch.Size([64, 2500])
Epoch [7/1000], Wasserstein(eigs,real_eigs): 83.547, Wasserstein(log_eigs,log_real_eigs): 1.240
torch.Size([64, 2500])
Epoch [8/1000], Wasserstein(eigs,real_eigs): 155.750, Wasserstein(log_eigs,log_real_eigs): 1.262
torch.Size([64, 2500])
Epoch [9/1000], Wasserstein(eigs,real_eigs): 281.824, Wasserstein(log_eigs,log_real_eigs): 1.684
torch.Size([64, 2500])
Epoch [10/1000], Wasserstein(eigs,real_eigs): 369.301, Wasserstein(log_eigs,log_real_eigs): 1.594
torch.Size([64, 2500])
Epoch [11/1000], Wasserstein(eigs,real_eigs): 436.459, Wasserstein(log_eigs,log_real_eigs): 1.623
torch.Size([64, 2500])
Epoch [12/1000], Wasserstein(eigs,real_eigs): 486.033, Wasserstein(log_eigs,log_real_eigs): 1.158
torch.Size([64, 2500])
Epoch [13/1000], Wasserstein(eigs,real_eigs): 398.047, Wasserstein(log_eigs,log_real_eigs): 1.211
torch.Size([64, 2500])
Epoch [14/1000], Wasserstein(eigs,real_eigs): 368.298, Wasserstein(log_eigs,log_real_eigs): 0.791
torch.Size([64, 2500])
Epoch [15/1000], Wasserstein(eigs,real_eigs): 272.665, Wasserstein(log_eigs,log_real_eigs): 0.721
torch.Size([64, 2500])
Epoch [16/1000], Wasserstein(eigs,real_eigs): 101.662, Wasserstein(log_eigs,log_real_eigs): 0.873
torch.Size([64, 2500])
Epoch [17/1000], Wasserstein(eigs,real_eigs): 181.733, Wasserstein(log_eigs,log_real_eigs): 0.791
torch.Size([64, 2500])
Epoch [18/1000], Wasserstein(eigs,real_eigs): 213.222, Wasserstein(log_eigs,log_real_eigs): 0.583
torch.Size([64, 2500])
Epoch [19/1000], Wasserstein(eigs,real_eigs): 93.388, Wasserstein(log_eigs,log_real_eigs): 0.582
torch.Size([64, 2500])
Epoch [20/1000], Wasserstein(eigs,real_eigs): 164.473, Wasserstein(log_eigs,log_real_eigs): 0.410
torch.Size([64, 2500])
Epoch [21/1000], Wasserstein(eigs,real_eigs): 95.061, Wasserstein(log_eigs,log_real_eigs): 0.437
torch.Size([64, 2500])
Epoch [22/1000], Wasserstein(eigs,real_eigs): 141.227, Wasserstein(log_eigs,log_real_eigs): 0.495
torch.Size([64, 2500])
Epoch [23/1000], Wasserstein(eigs,real_eigs): 93.910, Wasserstein(log_eigs,log_real_eigs): 0.360
torch.Size([64, 2500])
Epoch [24/1000], Wasserstein(eigs,real_eigs): 105.319, Wasserstein(log_eigs,log_real_eigs): 0.408
torch.Size([64, 2500])
Epoch [25/1000], Wasserstein(eigs,real_eigs): 58.162, Wasserstein(log_eigs,log_real_eigs): 0.335
torch.Size([64, 2500])
Epoch [26/1000], Wasserstein(eigs,real_eigs): 78.762, Wasserstein(log_eigs,log_real_eigs): 0.402
torch.Size([64, 2500])
Epoch [27/1000], Wasserstein(eigs,real_eigs): 33.367, Wasserstein(log_eigs,log_real_eigs): 0.323
torch.Size([64, 2500])
Epoch [28/1000], Wasserstein(eigs,real_eigs): 10.605, Wasserstein(log_eigs,log_real_eigs): 0.313
torch.Size([64, 2500])
Epoch [29/1000], Wasserstein(eigs,real_eigs): 82.116, Wasserstein(log_eigs,log_real_eigs): 0.356
torch.Size([64, 2500])
Epoch [30/1000], Wasserstein(eigs,real_eigs): 357.289, Wasserstein(log_eigs,log_real_eigs): 1.012
torch.Size([64, 2500])
Epoch [31/1000], Wasserstein(eigs,real_eigs): 321.618, Wasserstein(log_eigs,log_real_eigs): 0.474
torch.Size([64, 2500])
Epoch [32/1000], Wasserstein(eigs,real_eigs): 249.524, Wasserstein(log_eigs,log_real_eigs): 0.437
torch.Size([64, 2500])
Epoch [33/1000], Wasserstein(eigs,real_eigs): 151.316, Wasserstein(log_eigs,log_real_eigs): 0.360
torch.Size([64, 2500])
Epoch [34/1000], Wasserstein(eigs,real_eigs): 147.181, Wasserstein(log_eigs,log_real_eigs): 0.301
torch.Size([64, 2500])
Epoch [35/1000], Wasserstein(eigs,real_eigs): 73.172, Wasserstein(log_eigs,log_real_eigs): 0.330
torch.Size([64, 2500])
Epoch [36/1000], Wasserstein(eigs,real_eigs): 126.451, Wasserstein(log_eigs,log_real_eigs): 0.401
torch.Size([64, 2500])
Epoch [37/1000], Wasserstein(eigs,real_eigs): 114.643, Wasserstein(log_eigs,log_real_eigs): 0.407
torch.Size([64, 2500])
Epoch [38/1000], Wasserstein(eigs,real_eigs): 28.021, Wasserstein(log_eigs,log_real_eigs): 0.317
torch.Size([64, 2500])
Epoch [39/1000], Wasserstein(eigs,real_eigs): 74.601, Wasserstein(log_eigs,log_real_eigs): 0.459
torch.Size([64, 2500])
Epoch [40/1000], Wasserstein(eigs,real_eigs): 59.829, Wasserstein(log_eigs,log_real_eigs): 0.364
torch.Size([64, 2500])
Epoch [41/1000], Wasserstein(eigs,real_eigs): 61.692, Wasserstein(log_eigs,log_real_eigs): 0.489
torch.Size([64, 2500])
Epoch [42/1000], Wasserstein(eigs,real_eigs): 95.430, Wasserstein(log_eigs,log_real_eigs): 0.479
torch.Size([64, 2500])
Epoch [43/1000], Wasserstein(eigs,real_eigs): 64.032, Wasserstein(log_eigs,log_real_eigs): 0.451
torch.Size([64, 2500])
Epoch [44/1000], Wasserstein(eigs,real_eigs): 24.300, Wasserstein(log_eigs,log_real_eigs): 0.382
torch.Size([64, 2500])
Epoch [45/1000], Wasserstein(eigs,real_eigs): 30.187, Wasserstein(log_eigs,log_real_eigs): 0.351
torch.Size([64, 2500])
Epoch [46/1000], Wasserstein(eigs,real_eigs): 77.795, Wasserstein(log_eigs,log_real_eigs): 0.600
torch.Size([64, 2500])
Epoch [47/1000], Wasserstein(eigs,real_eigs): 12.610, Wasserstein(log_eigs,log_real_eigs): 0.485
torch.Size([64, 2500])
Epoch [48/1000], Wasserstein(eigs,real_eigs): 506.801, Wasserstein(log_eigs,log_real_eigs): 0.610
torch.Size([64, 2500])
Epoch [49/1000], Wasserstein(eigs,real_eigs): 332.657, Wasserstein(log_eigs,log_real_eigs): 0.408
torch.Size([64, 2500])
Epoch [50/1000], Wasserstein(eigs,real_eigs): 242.648, Wasserstein(log_eigs,log_real_eigs): 0.372
torch.Size([64, 2500])
Epoch [51/1000], Wasserstein(eigs,real_eigs): 224.704, Wasserstein(log_eigs,log_real_eigs): 0.382
torch.Size([64, 2500])
Epoch [52/1000], Wasserstein(eigs,real_eigs): 114.518, Wasserstein(log_eigs,log_real_eigs): 0.610
torch.Size([64, 2500])
Epoch [53/1000], Wasserstein(eigs,real_eigs): 53.889, Wasserstein(log_eigs,log_real_eigs): 0.540
torch.Size([64, 2500])
Epoch [54/1000], Wasserstein(eigs,real_eigs): 76.874, Wasserstein(log_eigs,log_real_eigs): 0.405
torch.Size([64, 2500])
Epoch [55/1000], Wasserstein(eigs,real_eigs): 27.041, Wasserstein(log_eigs,log_real_eigs): 0.631
torch.Size([64, 2500])
Epoch [56/1000], Wasserstein(eigs,real_eigs): 34.152, Wasserstein(log_eigs,log_real_eigs): 0.710
torch.Size([64, 2500])
Epoch [57/1000], Wasserstein(eigs,real_eigs): 28.955, Wasserstein(log_eigs,log_real_eigs): 0.659
torch.Size([64, 2500])
Epoch [58/1000], Wasserstein(eigs,real_eigs): 6.875, Wasserstein(log_eigs,log_real_eigs): 0.389
torch.Size([64, 2500])
Epoch [59/1000], Wasserstein(eigs,real_eigs): 57.210, Wasserstein(log_eigs,log_real_eigs): 0.757
torch.Size([64, 2500])
Epoch [60/1000], Wasserstein(eigs,real_eigs): 140.613, Wasserstein(log_eigs,log_real_eigs): 0.663
torch.Size([64, 2500])
Epoch [61/1000], Wasserstein(eigs,real_eigs): 74.707, Wasserstein(log_eigs,log_real_eigs): 0.787
torch.Size([64, 2500])
Epoch [62/1000], Wasserstein(eigs,real_eigs): 7.251, Wasserstein(log_eigs,log_real_eigs): 0.709
torch.Size([64, 2500])
Epoch [63/1000], Wasserstein(eigs,real_eigs): 49.378, Wasserstein(log_eigs,log_real_eigs): 0.329
torch.Size([64, 2500])
Epoch [64/1000], Wasserstein(eigs,real_eigs): 51.644, Wasserstein(log_eigs,log_real_eigs): 0.792
torch.Size([64, 2500])
Epoch [65/1000], Wasserstein(eigs,real_eigs): 83.824, Wasserstein(log_eigs,log_real_eigs): 0.890
torch.Size([64, 2500])
Epoch [66/1000], Wasserstein(eigs,real_eigs): 51.563, Wasserstein(log_eigs,log_real_eigs): 0.828
torch.Size([64, 2500])
Epoch [67/1000], Wasserstein(eigs,real_eigs): 108.307, Wasserstein(log_eigs,log_real_eigs): 0.522
torch.Size([64, 2500])
Epoch [68/1000], Wasserstein(eigs,real_eigs): 122.050, Wasserstein(log_eigs,log_real_eigs): 0.560
torch.Size([64, 2500])
Epoch [69/1000], Wasserstein(eigs,real_eigs): 52.416, Wasserstein(log_eigs,log_real_eigs): 0.653
torch.Size([64, 2500])
Epoch [70/1000], Wasserstein(eigs,real_eigs): 156.719, Wasserstein(log_eigs,log_real_eigs): 0.638
torch.Size([64, 2500])
Epoch [71/1000], Wasserstein(eigs,real_eigs): 168.991, Wasserstein(log_eigs,log_real_eigs): 0.805
torch.Size([64, 2500])
Epoch [72/1000], Wasserstein(eigs,real_eigs): 69.118, Wasserstein(log_eigs,log_real_eigs): 0.884
torch.Size([64, 2500])
Epoch [73/1000], Wasserstein(eigs,real_eigs): 50.495, Wasserstein(log_eigs,log_real_eigs): 0.821
torch.Size([64, 2500])
Epoch [74/1000], Wasserstein(eigs,real_eigs): 70.822, Wasserstein(log_eigs,log_real_eigs): 0.859
torch.Size([64, 2500])
Epoch [75/1000], Wasserstein(eigs,real_eigs): 16.834, Wasserstein(log_eigs,log_real_eigs): 0.820
torch.Size([64, 2500])
Epoch [76/1000], Wasserstein(eigs,real_eigs): 573.440, Wasserstein(log_eigs,log_real_eigs): 0.418
torch.Size([64, 2500])
Epoch [77/1000], Wasserstein(eigs,real_eigs): 375.170, Wasserstein(log_eigs,log_real_eigs): 0.486
torch.Size([64, 2500])
Epoch [78/1000], Wasserstein(eigs,real_eigs): 379.763, Wasserstein(log_eigs,log_real_eigs): 0.492
torch.Size([64, 2500])
Epoch [79/1000], Wasserstein(eigs,real_eigs): 330.141, Wasserstein(log_eigs,log_real_eigs): 0.571
torch.Size([64, 2500])
Epoch [80/1000], Wasserstein(eigs,real_eigs): 170.743, Wasserstein(log_eigs,log_real_eigs): 0.710
torch.Size([64, 2500])
Epoch [81/1000], Wasserstein(eigs,real_eigs): 106.289, Wasserstein(log_eigs,log_real_eigs): 0.655
torch.Size([64, 2500])
Epoch [82/1000], Wasserstein(eigs,real_eigs): 511.831, Wasserstein(log_eigs,log_real_eigs): 0.481
torch.Size([64, 2500])
Epoch [83/1000], Wasserstein(eigs,real_eigs): 516.734, Wasserstein(log_eigs,log_real_eigs): 0.460
torch.Size([64, 2500])
Epoch [84/1000], Wasserstein(eigs,real_eigs): 490.737, Wasserstein(log_eigs,log_real_eigs): 0.479
torch.Size([64, 2500])
Epoch [85/1000], Wasserstein(eigs,real_eigs): 285.121, Wasserstein(log_eigs,log_real_eigs): 0.378
torch.Size([64, 2500])
Epoch [86/1000], Wasserstein(eigs,real_eigs): 181.984, Wasserstein(log_eigs,log_real_eigs): 0.488
torch.Size([64, 2500])
Epoch [87/1000], Wasserstein(eigs,real_eigs): 138.781, Wasserstein(log_eigs,log_real_eigs): 0.589
torch.Size([64, 2500])
Epoch [88/1000], Wasserstein(eigs,real_eigs): 94.538, Wasserstein(log_eigs,log_real_eigs): 0.703
torch.Size([64, 2500])
Epoch [89/1000], Wasserstein(eigs,real_eigs): 51.079, Wasserstein(log_eigs,log_real_eigs): 0.612
torch.Size([64, 2500])
Epoch [90/1000], Wasserstein(eigs,real_eigs): 129.627, Wasserstein(log_eigs,log_real_eigs): 0.831
torch.Size([64, 2500])
Epoch [91/1000], Wasserstein(eigs,real_eigs): 6.806, Wasserstein(log_eigs,log_real_eigs): 0.313
torch.Size([64, 2500])
Epoch [92/1000], Wasserstein(eigs,real_eigs): 16.296, Wasserstein(log_eigs,log_real_eigs): 0.576
torch.Size([64, 2500])
Epoch [93/1000], Wasserstein(eigs,real_eigs): 307.088, Wasserstein(log_eigs,log_real_eigs): 0.555
torch.Size([64, 2500])
Epoch [94/1000], Wasserstein(eigs,real_eigs): 200.554, Wasserstein(log_eigs,log_real_eigs): 0.640
torch.Size([64, 2500])
Epoch [95/1000], Wasserstein(eigs,real_eigs): 206.156, Wasserstein(log_eigs,log_real_eigs): 0.742
torch.Size([64, 2500])
Epoch [96/1000], Wasserstein(eigs,real_eigs): 336.604, Wasserstein(log_eigs,log_real_eigs): 0.823
torch.Size([64, 2500])
Epoch [97/1000], Wasserstein(eigs,real_eigs): 50.071, Wasserstein(log_eigs,log_real_eigs): 0.655
torch.Size([64, 2500])
Epoch [98/1000], Wasserstein(eigs,real_eigs): 50.626, Wasserstein(log_eigs,log_real_eigs): 0.855
torch.Size([64, 2500])
Epoch [99/1000], Wasserstein(eigs,real_eigs): 261.912, Wasserstein(log_eigs,log_real_eigs): 0.518
torch.Size([64, 2500])
Epoch [100/1000], Wasserstein(eigs,real_eigs): 533.063, Wasserstein(log_eigs,log_real_eigs): 0.523
torch.Size([64, 2500])
Epoch [101/1000], Wasserstein(eigs,real_eigs): 208.653, Wasserstein(log_eigs,log_real_eigs): 0.601
torch.Size([64, 2500])
Epoch [102/1000], Wasserstein(eigs,real_eigs): 250.752, Wasserstein(log_eigs,log_real_eigs): 0.597
torch.Size([64, 2500])
Epoch [103/1000], Wasserstein(eigs,real_eigs): 254.789, Wasserstein(log_eigs,log_real_eigs): 0.686
torch.Size([64, 2500])
Epoch [104/1000], Wasserstein(eigs,real_eigs): 80.101, Wasserstein(log_eigs,log_real_eigs): 0.727
torch.Size([64, 2500])
Epoch [105/1000], Wasserstein(eigs,real_eigs): 45.631, Wasserstein(log_eigs,log_real_eigs): 0.714
torch.Size([64, 2500])
Epoch [106/1000], Wasserstein(eigs,real_eigs): 271.367, Wasserstein(log_eigs,log_real_eigs): 0.467
torch.Size([64, 2500])
Epoch [107/1000], Wasserstein(eigs,real_eigs): 186.314, Wasserstein(log_eigs,log_real_eigs): 0.397
torch.Size([64, 2500])
Epoch [108/1000], Wasserstein(eigs,real_eigs): 439.342, Wasserstein(log_eigs,log_real_eigs): 0.742
torch.Size([64, 2500])
Epoch [109/1000], Wasserstein(eigs,real_eigs): 95.100, Wasserstein(log_eigs,log_real_eigs): 0.756
torch.Size([64, 2500])
Epoch [110/1000], Wasserstein(eigs,real_eigs): 163.133, Wasserstein(log_eigs,log_real_eigs): 0.734
torch.Size([64, 2500])
Epoch [111/1000], Wasserstein(eigs,real_eigs): 18.077, Wasserstein(log_eigs,log_real_eigs): 0.822
torch.Size([64, 2500])
Epoch [112/1000], Wasserstein(eigs,real_eigs): 69.386, Wasserstein(log_eigs,log_real_eigs): 0.632
torch.Size([64, 2500])
Epoch [113/1000], Wasserstein(eigs,real_eigs): 61.058, Wasserstein(log_eigs,log_real_eigs): 0.988
torch.Size([64, 2500])
Epoch [114/1000], Wasserstein(eigs,real_eigs): 10.488, Wasserstein(log_eigs,log_real_eigs): 0.875
torch.Size([64, 2500])
Epoch [115/1000], Wasserstein(eigs,real_eigs): 239.308, Wasserstein(log_eigs,log_real_eigs): 0.740
torch.Size([64, 2500])
Epoch [116/1000], Wasserstein(eigs,real_eigs): 120.123, Wasserstein(log_eigs,log_real_eigs): 0.814
torch.Size([64, 2500])
Epoch [117/1000], Wasserstein(eigs,real_eigs): 195.871, Wasserstein(log_eigs,log_real_eigs): 1.011
torch.Size([64, 2500])
Epoch [118/1000], Wasserstein(eigs,real_eigs): 92.870, Wasserstein(log_eigs,log_real_eigs): 1.047
torch.Size([64, 2500])
Epoch [119/1000], Wasserstein(eigs,real_eigs): 426.494, Wasserstein(log_eigs,log_real_eigs): 0.398
torch.Size([64, 2500])
Epoch [120/1000], Wasserstein(eigs,real_eigs): 709.506, Wasserstein(log_eigs,log_real_eigs): 0.361
torch.Size([64, 2500])
Epoch [121/1000], Wasserstein(eigs,real_eigs): 347.783, Wasserstein(log_eigs,log_real_eigs): 0.340
torch.Size([64, 2500])
Epoch [122/1000], Wasserstein(eigs,real_eigs): 109.972, Wasserstein(log_eigs,log_real_eigs): 0.309
torch.Size([64, 2500])
Epoch [123/1000], Wasserstein(eigs,real_eigs): 176.241, Wasserstein(log_eigs,log_real_eigs): 0.352
torch.Size([64, 2500])
Epoch [124/1000], Wasserstein(eigs,real_eigs): 49.942, Wasserstein(log_eigs,log_real_eigs): 0.333
torch.Size([64, 2500])
Epoch [125/1000], Wasserstein(eigs,real_eigs): 121.488, Wasserstein(log_eigs,log_real_eigs): 0.506
torch.Size([64, 2500])
Epoch [126/1000], Wasserstein(eigs,real_eigs): 206.266, Wasserstein(log_eigs,log_real_eigs): 0.570
torch.Size([64, 2500])
Epoch [127/1000], Wasserstein(eigs,real_eigs): 210.360, Wasserstein(log_eigs,log_real_eigs): 0.689
torch.Size([64, 2500])
Epoch [128/1000], Wasserstein(eigs,real_eigs): 148.656, Wasserstein(log_eigs,log_real_eigs): 0.613
torch.Size([64, 2500])
Epoch [129/1000], Wasserstein(eigs,real_eigs): 120.190, Wasserstein(log_eigs,log_real_eigs): 0.643
torch.Size([64, 2500])
Epoch [130/1000], Wasserstein(eigs,real_eigs): 432.567, Wasserstein(log_eigs,log_real_eigs): 0.701
torch.Size([64, 2500])
Epoch [131/1000], Wasserstein(eigs,real_eigs): 522.910, Wasserstein(log_eigs,log_real_eigs): 0.552
torch.Size([64, 2500])
Epoch [132/1000], Wasserstein(eigs,real_eigs): 645.994, Wasserstein(log_eigs,log_real_eigs): 0.454
torch.Size([64, 2500])
Epoch [133/1000], Wasserstein(eigs,real_eigs): 472.145, Wasserstein(log_eigs,log_real_eigs): 0.487
torch.Size([64, 2500])
Epoch [134/1000], Wasserstein(eigs,real_eigs): 123.054, Wasserstein(log_eigs,log_real_eigs): 0.476
torch.Size([64, 2500])
Epoch [135/1000], Wasserstein(eigs,real_eigs): 312.920, Wasserstein(log_eigs,log_real_eigs): 0.482
torch.Size([64, 2500])
Epoch [136/1000], Wasserstein(eigs,real_eigs): 160.592, Wasserstein(log_eigs,log_real_eigs): 0.526
torch.Size([64, 2500])
Epoch [137/1000], Wasserstein(eigs,real_eigs): 208.123, Wasserstein(log_eigs,log_real_eigs): 0.755
torch.Size([64, 2500])
Epoch [138/1000], Wasserstein(eigs,real_eigs): 114.052, Wasserstein(log_eigs,log_real_eigs): 0.537
torch.Size([64, 2500])
Epoch [139/1000], Wasserstein(eigs,real_eigs): 265.039, Wasserstein(log_eigs,log_real_eigs): 0.701
torch.Size([64, 2500])
Epoch [140/1000], Wasserstein(eigs,real_eigs): 231.702, Wasserstein(log_eigs,log_real_eigs): 0.787
torch.Size([64, 2500])
Epoch [141/1000], Wasserstein(eigs,real_eigs): 140.222, Wasserstein(log_eigs,log_real_eigs): 0.815
torch.Size([64, 2500])
Epoch [142/1000], Wasserstein(eigs,real_eigs): 539.490, Wasserstein(log_eigs,log_real_eigs): 0.425
torch.Size([64, 2500])
Epoch [143/1000], Wasserstein(eigs,real_eigs): 1116.987, Wasserstein(log_eigs,log_real_eigs): 0.393
torch.Size([64, 2500])
Epoch [144/1000], Wasserstein(eigs,real_eigs): 797.357, Wasserstein(log_eigs,log_real_eigs): 0.378
torch.Size([64, 2500])
Epoch [145/1000], Wasserstein(eigs,real_eigs): 802.623, Wasserstein(log_eigs,log_real_eigs): 0.320
torch.Size([64, 2500])
Epoch [146/1000], Wasserstein(eigs,real_eigs): 782.206, Wasserstein(log_eigs,log_real_eigs): 0.345
torch.Size([64, 2500])
Epoch [147/1000], Wasserstein(eigs,real_eigs): 768.969, Wasserstein(log_eigs,log_real_eigs): 0.431
torch.Size([64, 2500])
Epoch [148/1000], Wasserstein(eigs,real_eigs): 412.821, Wasserstein(log_eigs,log_real_eigs): 0.426
torch.Size([64, 2500])
Epoch [149/1000], Wasserstein(eigs,real_eigs): 426.808, Wasserstein(log_eigs,log_real_eigs): 0.389
torch.Size([64, 2500])
Epoch [150/1000], Wasserstein(eigs,real_eigs): 810.100, Wasserstein(log_eigs,log_real_eigs): 0.407
torch.Size([64, 2500])
Epoch [151/1000], Wasserstein(eigs,real_eigs): 253.610, Wasserstein(log_eigs,log_real_eigs): 0.422
torch.Size([64, 2500])
Epoch [152/1000], Wasserstein(eigs,real_eigs): 308.428, Wasserstein(log_eigs,log_real_eigs): 0.466
torch.Size([64, 2500])
Epoch [153/1000], Wasserstein(eigs,real_eigs): 337.583, Wasserstein(log_eigs,log_real_eigs): 0.426
torch.Size([64, 2500])
Epoch [154/1000], Wasserstein(eigs,real_eigs): 200.934, Wasserstein(log_eigs,log_real_eigs): 0.548
torch.Size([64, 2500])
Epoch [155/1000], Wasserstein(eigs,real_eigs): 239.026, Wasserstein(log_eigs,log_real_eigs): 0.525
torch.Size([64, 2500])
Epoch [156/1000], Wasserstein(eigs,real_eigs): 289.116, Wasserstein(log_eigs,log_real_eigs): 0.623
torch.Size([64, 2500])
Epoch [157/1000], Wasserstein(eigs,real_eigs): 268.428, Wasserstein(log_eigs,log_real_eigs): 0.663
torch.Size([64, 2500])
Epoch [158/1000], Wasserstein(eigs,real_eigs): 441.925, Wasserstein(log_eigs,log_real_eigs): 0.677
torch.Size([64, 2500])
Epoch [159/1000], Wasserstein(eigs,real_eigs): 206.908, Wasserstein(log_eigs,log_real_eigs): 0.602
torch.Size([64, 2500])
Epoch [160/1000], Wasserstein(eigs,real_eigs): 752.743, Wasserstein(log_eigs,log_real_eigs): 0.772
torch.Size([64, 2500])
Epoch [161/1000], Wasserstein(eigs,real_eigs): 385.135, Wasserstein(log_eigs,log_real_eigs): 0.765
torch.Size([64, 2500])
Epoch [162/1000], Wasserstein(eigs,real_eigs): 380.172, Wasserstein(log_eigs,log_real_eigs): 0.819
torch.Size([64, 2500])
Epoch [163/1000], Wasserstein(eigs,real_eigs): 75.402, Wasserstein(log_eigs,log_real_eigs): 0.696
torch.Size([64, 2500])
Epoch [164/1000], Wasserstein(eigs,real_eigs): 381.664, Wasserstein(log_eigs,log_real_eigs): 0.807
torch.Size([64, 2500])
Epoch [165/1000], Wasserstein(eigs,real_eigs): 164.255, Wasserstein(log_eigs,log_real_eigs): 0.802
torch.Size([64, 2500])
Epoch [166/1000], Wasserstein(eigs,real_eigs): 721.455, Wasserstein(log_eigs,log_real_eigs): 0.722
torch.Size([64, 2500])
Epoch [167/1000], Wasserstein(eigs,real_eigs): 762.813, Wasserstein(log_eigs,log_real_eigs): 0.812
torch.Size([64, 2500])
Epoch [168/1000], Wasserstein(eigs,real_eigs): 153.400, Wasserstein(log_eigs,log_real_eigs): 0.694
torch.Size([64, 2500])
Epoch [169/1000], Wasserstein(eigs,real_eigs): 369.017, Wasserstein(log_eigs,log_real_eigs): 0.390
torch.Size([64, 2500])
Epoch [170/1000], Wasserstein(eigs,real_eigs): 395.430, Wasserstein(log_eigs,log_real_eigs): 0.700
torch.Size([64, 2500])
Epoch [171/1000], Wasserstein(eigs,real_eigs): 913.747, Wasserstein(log_eigs,log_real_eigs): 0.818
torch.Size([64, 2500])
Epoch [172/1000], Wasserstein(eigs,real_eigs): 17.394, Wasserstein(log_eigs,log_real_eigs): 0.774
torch.Size([64, 2500])
Epoch [173/1000], Wasserstein(eigs,real_eigs): 8.033, Wasserstein(log_eigs,log_real_eigs): 0.729
torch.Size([64, 2500])
Epoch [174/1000], Wasserstein(eigs,real_eigs): 220.771, Wasserstein(log_eigs,log_real_eigs): 0.359
torch.Size([64, 2500])
Epoch [175/1000], Wasserstein(eigs,real_eigs): 440.234, Wasserstein(log_eigs,log_real_eigs): 0.457
torch.Size([64, 2500])
Epoch [176/1000], Wasserstein(eigs,real_eigs): 282.635, Wasserstein(log_eigs,log_real_eigs): 0.424
torch.Size([64, 2500])
Epoch [177/1000], Wasserstein(eigs,real_eigs): 309.105, Wasserstein(log_eigs,log_real_eigs): 0.474
torch.Size([64, 2500])
Epoch [178/1000], Wasserstein(eigs,real_eigs): 373.004, Wasserstein(log_eigs,log_real_eigs): 0.545
torch.Size([64, 2500])
Epoch [179/1000], Wasserstein(eigs,real_eigs): 46.159, Wasserstein(log_eigs,log_real_eigs): 0.461
torch.Size([64, 2500])
Epoch [180/1000], Wasserstein(eigs,real_eigs): 210.492, Wasserstein(log_eigs,log_real_eigs): 0.594
torch.Size([64, 2500])
Epoch [181/1000], Wasserstein(eigs,real_eigs): 455.114, Wasserstein(log_eigs,log_real_eigs): 0.380
torch.Size([64, 2500])
Epoch [182/1000], Wasserstein(eigs,real_eigs): 438.909, Wasserstein(log_eigs,log_real_eigs): 0.353
torch.Size([64, 2500])
Epoch [183/1000], Wasserstein(eigs,real_eigs): 535.569, Wasserstein(log_eigs,log_real_eigs): 0.423
torch.Size([64, 2500])
Epoch [184/1000], Wasserstein(eigs,real_eigs): 531.575, Wasserstein(log_eigs,log_real_eigs): 0.428
torch.Size([64, 2500])
Epoch [185/1000], Wasserstein(eigs,real_eigs): 741.896, Wasserstein(log_eigs,log_real_eigs): 0.541
torch.Size([64, 2500])
Epoch [186/1000], Wasserstein(eigs,real_eigs): 880.124, Wasserstein(log_eigs,log_real_eigs): 0.674
torch.Size([64, 2500])
Epoch [187/1000], Wasserstein(eigs,real_eigs): 699.624, Wasserstein(log_eigs,log_real_eigs): 0.546
torch.Size([64, 2500])
Epoch [188/1000], Wasserstein(eigs,real_eigs): 119.468, Wasserstein(log_eigs,log_real_eigs): 0.512
torch.Size([64, 2500])
Epoch [189/1000], Wasserstein(eigs,real_eigs): 306.476, Wasserstein(log_eigs,log_real_eigs): 0.560
torch.Size([64, 2500])
Epoch [190/1000], Wasserstein(eigs,real_eigs): 81.376, Wasserstein(log_eigs,log_real_eigs): 0.548
torch.Size([64, 2500])
Epoch [191/1000], Wasserstein(eigs,real_eigs): 22.143, Wasserstein(log_eigs,log_real_eigs): 0.476
torch.Size([64, 2500])
Epoch [192/1000], Wasserstein(eigs,real_eigs): 89.504, Wasserstein(log_eigs,log_real_eigs): 0.520
torch.Size([64, 2500])
Epoch [193/1000], Wasserstein(eigs,real_eigs): 120.465, Wasserstein(log_eigs,log_real_eigs): 0.662
torch.Size([64, 2500])
Epoch [194/1000], Wasserstein(eigs,real_eigs): 46.103, Wasserstein(log_eigs,log_real_eigs): 0.700
torch.Size([64, 2500])
Epoch [195/1000], Wasserstein(eigs,real_eigs): 379.804, Wasserstein(log_eigs,log_real_eigs): 0.532
torch.Size([64, 2500])
Epoch [196/1000], Wasserstein(eigs,real_eigs): 978.527, Wasserstein(log_eigs,log_real_eigs): 0.387
torch.Size([64, 2500])
Epoch [197/1000], Wasserstein(eigs,real_eigs): 810.391, Wasserstein(log_eigs,log_real_eigs): 0.427
torch.Size([64, 2500])
Epoch [198/1000], Wasserstein(eigs,real_eigs): 668.350, Wasserstein(log_eigs,log_real_eigs): 0.343
torch.Size([64, 2500])
Epoch [199/1000], Wasserstein(eigs,real_eigs): 1086.517, Wasserstein(log_eigs,log_real_eigs): 0.339
torch.Size([64, 2500])
Epoch [200/1000], Wasserstein(eigs,real_eigs): 297.533, Wasserstein(log_eigs,log_real_eigs): 0.403
torch.Size([64, 2500])
Epoch [201/1000], Wasserstein(eigs,real_eigs): 938.823, Wasserstein(log_eigs,log_real_eigs): 0.445
torch.Size([64, 2500])
Epoch [202/1000], Wasserstein(eigs,real_eigs): 374.776, Wasserstein(log_eigs,log_real_eigs): 0.390
torch.Size([64, 2500])
Epoch [203/1000], Wasserstein(eigs,real_eigs): 388.281, Wasserstein(log_eigs,log_real_eigs): 0.395
torch.Size([64, 2500])
Epoch [204/1000], Wasserstein(eigs,real_eigs): 819.055, Wasserstein(log_eigs,log_real_eigs): 0.491
torch.Size([64, 2500])
Epoch [205/1000], Wasserstein(eigs,real_eigs): 256.704, Wasserstein(log_eigs,log_real_eigs): 0.392
torch.Size([64, 2500])
Epoch [206/1000], Wasserstein(eigs,real_eigs): 147.640, Wasserstein(log_eigs,log_real_eigs): 0.424
torch.Size([64, 2500])
Epoch [207/1000], Wasserstein(eigs,real_eigs): 537.601, Wasserstein(log_eigs,log_real_eigs): 0.559
torch.Size([64, 2500])
Epoch [208/1000], Wasserstein(eigs,real_eigs): 475.733, Wasserstein(log_eigs,log_real_eigs): 0.519
torch.Size([64, 2500])
Epoch [209/1000], Wasserstein(eigs,real_eigs): 603.770, Wasserstein(log_eigs,log_real_eigs): 0.577
torch.Size([64, 2500])
Epoch [210/1000], Wasserstein(eigs,real_eigs): 134.396, Wasserstein(log_eigs,log_real_eigs): 0.498
torch.Size([64, 2500])
Epoch [211/1000], Wasserstein(eigs,real_eigs): 173.778, Wasserstein(log_eigs,log_real_eigs): 0.454
torch.Size([64, 2500])
Epoch [212/1000], Wasserstein(eigs,real_eigs): 1692.329, Wasserstein(log_eigs,log_real_eigs): 0.498
torch.Size([64, 2500])
Epoch [213/1000], Wasserstein(eigs,real_eigs): 978.389, Wasserstein(log_eigs,log_real_eigs): 0.490
torch.Size([64, 2500])
Epoch [214/1000], Wasserstein(eigs,real_eigs): 1186.378, Wasserstein(log_eigs,log_real_eigs): 0.597
torch.Size([64, 2500])
Epoch [215/1000], Wasserstein(eigs,real_eigs): 1252.755, Wasserstein(log_eigs,log_real_eigs): 0.619
torch.Size([64, 2500])
Epoch [216/1000], Wasserstein(eigs,real_eigs): 886.597, Wasserstein(log_eigs,log_real_eigs): 0.593
torch.Size([64, 2500])
Epoch [217/1000], Wasserstein(eigs,real_eigs): 859.993, Wasserstein(log_eigs,log_real_eigs): 0.521
torch.Size([64, 2500])
Epoch [218/1000], Wasserstein(eigs,real_eigs): 371.508, Wasserstein(log_eigs,log_real_eigs): 0.551
torch.Size([64, 2500])
Epoch [219/1000], Wasserstein(eigs,real_eigs): 175.309, Wasserstein(log_eigs,log_real_eigs): 0.531
torch.Size([64, 2500])
Epoch [220/1000], Wasserstein(eigs,real_eigs): 43.686, Wasserstein(log_eigs,log_real_eigs): 0.592
torch.Size([64, 2500])
Epoch [221/1000], Wasserstein(eigs,real_eigs): 514.443, Wasserstein(log_eigs,log_real_eigs): 0.623
torch.Size([64, 2500])
Epoch [222/1000], Wasserstein(eigs,real_eigs): 534.632, Wasserstein(log_eigs,log_real_eigs): 0.380
torch.Size([64, 2500])
Epoch [223/1000], Wasserstein(eigs,real_eigs): 490.426, Wasserstein(log_eigs,log_real_eigs): 0.448
torch.Size([64, 2500])
Epoch [224/1000], Wasserstein(eigs,real_eigs): 610.295, Wasserstein(log_eigs,log_real_eigs): 0.573
torch.Size([64, 2500])
Epoch [225/1000], Wasserstein(eigs,real_eigs): 358.494, Wasserstein(log_eigs,log_real_eigs): 0.727
torch.Size([64, 2500])
Epoch [226/1000], Wasserstein(eigs,real_eigs): 448.739, Wasserstein(log_eigs,log_real_eigs): 0.664
torch.Size([64, 2500])
Epoch [227/1000], Wasserstein(eigs,real_eigs): 124.186, Wasserstein(log_eigs,log_real_eigs): 0.717
torch.Size([64, 2500])
Epoch [228/1000], Wasserstein(eigs,real_eigs): 128.270, Wasserstein(log_eigs,log_real_eigs): 0.691
torch.Size([64, 2500])
Epoch [229/1000], Wasserstein(eigs,real_eigs): 575.065, Wasserstein(log_eigs,log_real_eigs): 0.774
torch.Size([64, 2500])
Epoch [230/1000], Wasserstein(eigs,real_eigs): 994.916, Wasserstein(log_eigs,log_real_eigs): 0.348
torch.Size([64, 2500])
Epoch [231/1000], Wasserstein(eigs,real_eigs): 1802.123, Wasserstein(log_eigs,log_real_eigs): 0.371
torch.Size([64, 2500])
Epoch [232/1000], Wasserstein(eigs,real_eigs): 2511.183, Wasserstein(log_eigs,log_real_eigs): 0.404
torch.Size([64, 2500])
Epoch [233/1000], Wasserstein(eigs,real_eigs): 612.329, Wasserstein(log_eigs,log_real_eigs): 0.418
torch.Size([64, 2500])
Epoch [234/1000], Wasserstein(eigs,real_eigs): 1785.491, Wasserstein(log_eigs,log_real_eigs): 0.289
torch.Size([64, 2500])
Epoch [235/1000], Wasserstein(eigs,real_eigs): 1073.220, Wasserstein(log_eigs,log_real_eigs): 0.451
torch.Size([64, 2500])
Epoch [236/1000], Wasserstein(eigs,real_eigs): 843.215, Wasserstein(log_eigs,log_real_eigs): 0.384
torch.Size([64, 2500])
Epoch [237/1000], Wasserstein(eigs,real_eigs): 1405.496, Wasserstein(log_eigs,log_real_eigs): 0.329
torch.Size([64, 2500])
Epoch [238/1000], Wasserstein(eigs,real_eigs): 581.313, Wasserstein(log_eigs,log_real_eigs): 0.286
torch.Size([64, 2500])
Epoch [239/1000], Wasserstein(eigs,real_eigs): 832.741, Wasserstein(log_eigs,log_real_eigs): 0.425
torch.Size([64, 2500])
Epoch [240/1000], Wasserstein(eigs,real_eigs): 28.017, Wasserstein(log_eigs,log_real_eigs): 0.376
torch.Size([64, 2500])
Epoch [241/1000], Wasserstein(eigs,real_eigs): 28.592, Wasserstein(log_eigs,log_real_eigs): 0.345
torch.Size([64, 2500])
Epoch [242/1000], Wasserstein(eigs,real_eigs): 428.432, Wasserstein(log_eigs,log_real_eigs): 0.702
torch.Size([64, 2500])
Epoch [243/1000], Wasserstein(eigs,real_eigs): 27.619, Wasserstein(log_eigs,log_real_eigs): 0.508
torch.Size([64, 2500])
Epoch [244/1000], Wasserstein(eigs,real_eigs): 33.159, Wasserstein(log_eigs,log_real_eigs): 0.620
torch.Size([64, 2500])
Epoch [245/1000], Wasserstein(eigs,real_eigs): 78.761, Wasserstein(log_eigs,log_real_eigs): 0.665
torch.Size([64, 2500])
Epoch [246/1000], Wasserstein(eigs,real_eigs): 680.812, Wasserstein(log_eigs,log_real_eigs): 0.619
torch.Size([64, 2500])
Epoch [247/1000], Wasserstein(eigs,real_eigs): 970.265, Wasserstein(log_eigs,log_real_eigs): 0.631
torch.Size([64, 2500])
Epoch [248/1000], Wasserstein(eigs,real_eigs): 670.107, Wasserstein(log_eigs,log_real_eigs): 0.743
torch.Size([64, 2500])
Epoch [249/1000], Wasserstein(eigs,real_eigs): 59.740, Wasserstein(log_eigs,log_real_eigs): 0.685
torch.Size([64, 2500])
Epoch [250/1000], Wasserstein(eigs,real_eigs): 38.018, Wasserstein(log_eigs,log_real_eigs): 0.706
torch.Size([64, 2500])
Epoch [251/1000], Wasserstein(eigs,real_eigs): 1242.157, Wasserstein(log_eigs,log_real_eigs): 0.603
torch.Size([64, 2500])
Epoch [252/1000], Wasserstein(eigs,real_eigs): 70.812, Wasserstein(log_eigs,log_real_eigs): 0.656
torch.Size([64, 2500])
Epoch [253/1000], Wasserstein(eigs,real_eigs): 244.022, Wasserstein(log_eigs,log_real_eigs): 0.773
torch.Size([64, 2500])
Epoch [254/1000], Wasserstein(eigs,real_eigs): 746.657, Wasserstein(log_eigs,log_real_eigs): 0.929
torch.Size([64, 2500])
Epoch [255/1000], Wasserstein(eigs,real_eigs): 155.611, Wasserstein(log_eigs,log_real_eigs): 0.863
torch.Size([64, 2500])
Epoch [256/1000], Wasserstein(eigs,real_eigs): 249.104, Wasserstein(log_eigs,log_real_eigs): 0.920
torch.Size([64, 2500])
Epoch [257/1000], Wasserstein(eigs,real_eigs): 168.565, Wasserstein(log_eigs,log_real_eigs): 0.946
torch.Size([64, 2500])
Epoch [258/1000], Wasserstein(eigs,real_eigs): 1322.035, Wasserstein(log_eigs,log_real_eigs): 0.406
torch.Size([64, 2500])
Epoch [259/1000], Wasserstein(eigs,real_eigs): 1143.730, Wasserstein(log_eigs,log_real_eigs): 0.396
torch.Size([64, 2500])
Epoch [260/1000], Wasserstein(eigs,real_eigs): 606.033, Wasserstein(log_eigs,log_real_eigs): 0.433
torch.Size([64, 2500])
Epoch [261/1000], Wasserstein(eigs,real_eigs): 1433.296, Wasserstein(log_eigs,log_real_eigs): 0.498
torch.Size([64, 2500])
Epoch [262/1000], Wasserstein(eigs,real_eigs): 1242.087, Wasserstein(log_eigs,log_real_eigs): 0.538
torch.Size([64, 2500])
Epoch [263/1000], Wasserstein(eigs,real_eigs): 992.196, Wasserstein(log_eigs,log_real_eigs): 0.514
torch.Size([64, 2500])
Epoch [264/1000], Wasserstein(eigs,real_eigs): 632.161, Wasserstein(log_eigs,log_real_eigs): 0.555
torch.Size([64, 2500])
Epoch [265/1000], Wasserstein(eigs,real_eigs): 398.683, Wasserstein(log_eigs,log_real_eigs): 0.646
torch.Size([64, 2500])
Epoch [266/1000], Wasserstein(eigs,real_eigs): 469.624, Wasserstein(log_eigs,log_real_eigs): 0.601
torch.Size([64, 2500])
Epoch [267/1000], Wasserstein(eigs,real_eigs): 193.771, Wasserstein(log_eigs,log_real_eigs): 0.430
torch.Size([64, 2500])
Epoch [268/1000], Wasserstein(eigs,real_eigs): 242.118, Wasserstein(log_eigs,log_real_eigs): 0.572
torch.Size([64, 2500])
Epoch [269/1000], Wasserstein(eigs,real_eigs): 160.345, Wasserstein(log_eigs,log_real_eigs): 0.588
torch.Size([64, 2500])
Epoch [270/1000], Wasserstein(eigs,real_eigs): 282.811, Wasserstein(log_eigs,log_real_eigs): 0.370
torch.Size([64, 2500])
Epoch [271/1000], Wasserstein(eigs,real_eigs): 865.939, Wasserstein(log_eigs,log_real_eigs): 0.535
torch.Size([64, 2500])
Epoch [272/1000], Wasserstein(eigs,real_eigs): 1179.038, Wasserstein(log_eigs,log_real_eigs): 0.665
torch.Size([64, 2500])
Epoch [273/1000], Wasserstein(eigs,real_eigs): 1122.143, Wasserstein(log_eigs,log_real_eigs): 0.571
torch.Size([64, 2500])
Epoch [274/1000], Wasserstein(eigs,real_eigs): 184.093, Wasserstein(log_eigs,log_real_eigs): 0.617
torch.Size([64, 2500])
Epoch [275/1000], Wasserstein(eigs,real_eigs): 231.128, Wasserstein(log_eigs,log_real_eigs): 0.629
torch.Size([64, 2500])
Epoch [276/1000], Wasserstein(eigs,real_eigs): 4.548, Wasserstein(log_eigs,log_real_eigs): 0.586
torch.Size([64, 2500])
Epoch [277/1000], Wasserstein(eigs,real_eigs): 892.835, Wasserstein(log_eigs,log_real_eigs): 0.314
torch.Size([64, 2500])
Epoch [278/1000], Wasserstein(eigs,real_eigs): 565.543, Wasserstein(log_eigs,log_real_eigs): 0.313
torch.Size([64, 2500])
Epoch [279/1000], Wasserstein(eigs,real_eigs): 1982.171, Wasserstein(log_eigs,log_real_eigs): 0.402
torch.Size([64, 2500])
Epoch [280/1000], Wasserstein(eigs,real_eigs): 618.369, Wasserstein(log_eigs,log_real_eigs): 0.329
torch.Size([64, 2500])
Epoch [281/1000], Wasserstein(eigs,real_eigs): 261.303, Wasserstein(log_eigs,log_real_eigs): 0.336
torch.Size([64, 2500])
Epoch [282/1000], Wasserstein(eigs,real_eigs): 288.704, Wasserstein(log_eigs,log_real_eigs): 0.447
torch.Size([64, 2500])
Epoch [283/1000], Wasserstein(eigs,real_eigs): 1321.934, Wasserstein(log_eigs,log_real_eigs): 0.505
torch.Size([64, 2500])
Epoch [284/1000], Wasserstein(eigs,real_eigs): 493.740, Wasserstein(log_eigs,log_real_eigs): 0.635
torch.Size([64, 2500])
Epoch [285/1000], Wasserstein(eigs,real_eigs): 916.390, Wasserstein(log_eigs,log_real_eigs): 0.663
torch.Size([64, 2500])
Epoch [286/1000], Wasserstein(eigs,real_eigs): 370.341, Wasserstein(log_eigs,log_real_eigs): 0.640
torch.Size([64, 2500])
Epoch [287/1000], Wasserstein(eigs,real_eigs): 1040.478, Wasserstein(log_eigs,log_real_eigs): 0.658
torch.Size([64, 2500])
Epoch [288/1000], Wasserstein(eigs,real_eigs): 694.174, Wasserstein(log_eigs,log_real_eigs): 0.372
torch.Size([64, 2500])
Epoch [289/1000], Wasserstein(eigs,real_eigs): 3010.433, Wasserstein(log_eigs,log_real_eigs): 0.376
torch.Size([64, 2500])
Epoch [290/1000], Wasserstein(eigs,real_eigs): 3406.913, Wasserstein(log_eigs,log_real_eigs): 0.379
torch.Size([64, 2500])
Epoch [291/1000], Wasserstein(eigs,real_eigs): 1238.277, Wasserstein(log_eigs,log_real_eigs): 0.390
torch.Size([64, 2500])
Epoch [292/1000], Wasserstein(eigs,real_eigs): 857.094, Wasserstein(log_eigs,log_real_eigs): 0.413
torch.Size([64, 2500])
Epoch [293/1000], Wasserstein(eigs,real_eigs): 2455.205, Wasserstein(log_eigs,log_real_eigs): 0.313
torch.Size([64, 2500])
Epoch [294/1000], Wasserstein(eigs,real_eigs): 956.757, Wasserstein(log_eigs,log_real_eigs): 0.315
torch.Size([64, 2500])
Epoch [295/1000], Wasserstein(eigs,real_eigs): 801.496, Wasserstein(log_eigs,log_real_eigs): 0.352
torch.Size([64, 2500])
Epoch [296/1000], Wasserstein(eigs,real_eigs): 984.263, Wasserstein(log_eigs,log_real_eigs): 0.325
torch.Size([64, 2500])
Epoch [297/1000], Wasserstein(eigs,real_eigs): 1028.767, Wasserstein(log_eigs,log_real_eigs): 0.347
torch.Size([64, 2500])
Epoch [298/1000], Wasserstein(eigs,real_eigs): 165.278, Wasserstein(log_eigs,log_real_eigs): 0.335
torch.Size([64, 2500])
Epoch [299/1000], Wasserstein(eigs,real_eigs): 1498.911, Wasserstein(log_eigs,log_real_eigs): 0.378
torch.Size([64, 2500])
Epoch [300/1000], Wasserstein(eigs,real_eigs): 1440.668, Wasserstein(log_eigs,log_real_eigs): 0.354
torch.Size([64, 2500])
Epoch [301/1000], Wasserstein(eigs,real_eigs): 1092.388, Wasserstein(log_eigs,log_real_eigs): 0.396
torch.Size([64, 2500])
Epoch [302/1000], Wasserstein(eigs,real_eigs): 529.732, Wasserstein(log_eigs,log_real_eigs): 0.377
torch.Size([64, 2500])
Epoch [303/1000], Wasserstein(eigs,real_eigs): 9.007, Wasserstein(log_eigs,log_real_eigs): 0.317
torch.Size([64, 2500])
Epoch [304/1000], Wasserstein(eigs,real_eigs): 2850.383, Wasserstein(log_eigs,log_real_eigs): 0.495
torch.Size([64, 2500])
Epoch [305/1000], Wasserstein(eigs,real_eigs): 158.460, Wasserstein(log_eigs,log_real_eigs): 0.340
torch.Size([64, 2500])
Epoch [306/1000], Wasserstein(eigs,real_eigs): 2614.828, Wasserstein(log_eigs,log_real_eigs): 0.420
torch.Size([64, 2500])
Epoch [307/1000], Wasserstein(eigs,real_eigs): 1114.042, Wasserstein(log_eigs,log_real_eigs): 0.427
torch.Size([64, 2500])
Epoch [308/1000], Wasserstein(eigs,real_eigs): 1157.381, Wasserstein(log_eigs,log_real_eigs): 0.420
torch.Size([64, 2500])
Epoch [309/1000], Wasserstein(eigs,real_eigs): 1015.675, Wasserstein(log_eigs,log_real_eigs): 0.334
torch.Size([64, 2500])
Epoch [310/1000], Wasserstein(eigs,real_eigs): 391.233, Wasserstein(log_eigs,log_real_eigs): 0.412
torch.Size([64, 2500])
Epoch [311/1000], Wasserstein(eigs,real_eigs): 1219.129, Wasserstein(log_eigs,log_real_eigs): 0.404
torch.Size([64, 2500])
Epoch [312/1000], Wasserstein(eigs,real_eigs): 2271.904, Wasserstein(log_eigs,log_real_eigs): 0.388
torch.Size([64, 2500])
Epoch [313/1000], Wasserstein(eigs,real_eigs): 637.901, Wasserstein(log_eigs,log_real_eigs): 0.423
torch.Size([64, 2500])
Epoch [314/1000], Wasserstein(eigs,real_eigs): 2062.925, Wasserstein(log_eigs,log_real_eigs): 0.415
torch.Size([64, 2500])
Epoch [315/1000], Wasserstein(eigs,real_eigs): 923.937, Wasserstein(log_eigs,log_real_eigs): 0.410
torch.Size([64, 2500])
Epoch [316/1000], Wasserstein(eigs,real_eigs): 1856.068, Wasserstein(log_eigs,log_real_eigs): 0.432
torch.Size([64, 2500])
Epoch [317/1000], Wasserstein(eigs,real_eigs): 1181.489, Wasserstein(log_eigs,log_real_eigs): 0.487
torch.Size([64, 2500])
Epoch [318/1000], Wasserstein(eigs,real_eigs): 748.410, Wasserstein(log_eigs,log_real_eigs): 0.406
torch.Size([64, 2500])
Epoch [319/1000], Wasserstein(eigs,real_eigs): 2530.093, Wasserstein(log_eigs,log_real_eigs): 0.455
torch.Size([64, 2500])
Epoch [320/1000], Wasserstein(eigs,real_eigs): 967.598, Wasserstein(log_eigs,log_real_eigs): 0.434
torch.Size([64, 2500])
Epoch [321/1000], Wasserstein(eigs,real_eigs): 1313.853, Wasserstein(log_eigs,log_real_eigs): 0.465
torch.Size([64, 2500])
Epoch [322/1000], Wasserstein(eigs,real_eigs): 1688.095, Wasserstein(log_eigs,log_real_eigs): 0.536
torch.Size([64, 2500])
Epoch [323/1000], Wasserstein(eigs,real_eigs): 936.503, Wasserstein(log_eigs,log_real_eigs): 0.488
torch.Size([64, 2500])
Epoch [324/1000], Wasserstein(eigs,real_eigs): 174.704, Wasserstein(log_eigs,log_real_eigs): 0.395
torch.Size([64, 2500])
Epoch [325/1000], Wasserstein(eigs,real_eigs): 300.621, Wasserstein(log_eigs,log_real_eigs): 0.387
torch.Size([64, 2500])
Epoch [326/1000], Wasserstein(eigs,real_eigs): 2759.589, Wasserstein(log_eigs,log_real_eigs): 0.352
torch.Size([64, 2500])
Epoch [327/1000], Wasserstein(eigs,real_eigs): 3530.825, Wasserstein(log_eigs,log_real_eigs): 0.329
torch.Size([64, 2500])
Epoch [328/1000], Wasserstein(eigs,real_eigs): 1013.838, Wasserstein(log_eigs,log_real_eigs): 0.343
torch.Size([64, 2500])
Epoch [329/1000], Wasserstein(eigs,real_eigs): 1889.604, Wasserstein(log_eigs,log_real_eigs): 0.429
torch.Size([64, 2500])
Epoch [330/1000], Wasserstein(eigs,real_eigs): 1267.952, Wasserstein(log_eigs,log_real_eigs): 0.376
torch.Size([64, 2500])
Epoch [331/1000], Wasserstein(eigs,real_eigs): 1490.767, Wasserstein(log_eigs,log_real_eigs): 0.342
torch.Size([64, 2500])
Epoch [332/1000], Wasserstein(eigs,real_eigs): 866.075, Wasserstein(log_eigs,log_real_eigs): 0.415
torch.Size([64, 2500])
Epoch [333/1000], Wasserstein(eigs,real_eigs): 1023.105, Wasserstein(log_eigs,log_real_eigs): 0.487
torch.Size([64, 2500])
Epoch [334/1000], Wasserstein(eigs,real_eigs): 672.132, Wasserstein(log_eigs,log_real_eigs): 0.330
torch.Size([64, 2500])
Epoch [335/1000], Wasserstein(eigs,real_eigs): 364.838, Wasserstein(log_eigs,log_real_eigs): 0.371
torch.Size([64, 2500])
Epoch [336/1000], Wasserstein(eigs,real_eigs): 389.998, Wasserstein(log_eigs,log_real_eigs): 0.363
torch.Size([64, 2500])
Epoch [337/1000], Wasserstein(eigs,real_eigs): 819.593, Wasserstein(log_eigs,log_real_eigs): 0.413
torch.Size([64, 2500])
Epoch [338/1000], Wasserstein(eigs,real_eigs): 3404.940, Wasserstein(log_eigs,log_real_eigs): 0.495
torch.Size([64, 2500])
Epoch [339/1000], Wasserstein(eigs,real_eigs): 3153.364, Wasserstein(log_eigs,log_real_eigs): 0.440
torch.Size([64, 2500])
Epoch [340/1000], Wasserstein(eigs,real_eigs): 2247.813, Wasserstein(log_eigs,log_real_eigs): 0.612
torch.Size([64, 2500])
Epoch [341/1000], Wasserstein(eigs,real_eigs): 493.471, Wasserstein(log_eigs,log_real_eigs): 0.531
torch.Size([64, 2500])
Epoch [342/1000], Wasserstein(eigs,real_eigs): 866.766, Wasserstein(log_eigs,log_real_eigs): 0.535
torch.Size([64, 2500])
Epoch [343/1000], Wasserstein(eigs,real_eigs): 1967.362, Wasserstein(log_eigs,log_real_eigs): 0.401
torch.Size([64, 2500])
Epoch [344/1000], Wasserstein(eigs,real_eigs): 1031.107, Wasserstein(log_eigs,log_real_eigs): 0.356
torch.Size([64, 2500])
Epoch [345/1000], Wasserstein(eigs,real_eigs): 2969.039, Wasserstein(log_eigs,log_real_eigs): 0.323
torch.Size([64, 2500])
Epoch [346/1000], Wasserstein(eigs,real_eigs): 1672.700, Wasserstein(log_eigs,log_real_eigs): 0.375
torch.Size([64, 2500])
Epoch [347/1000], Wasserstein(eigs,real_eigs): 1900.895, Wasserstein(log_eigs,log_real_eigs): 0.366
torch.Size([64, 2500])
Epoch [348/1000], Wasserstein(eigs,real_eigs): 2268.885, Wasserstein(log_eigs,log_real_eigs): 0.386
torch.Size([64, 2500])
Epoch [349/1000], Wasserstein(eigs,real_eigs): 1585.684, Wasserstein(log_eigs,log_real_eigs): 0.331
torch.Size([64, 2500])
Epoch [350/1000], Wasserstein(eigs,real_eigs): 268.272, Wasserstein(log_eigs,log_real_eigs): 0.308
torch.Size([64, 2500])
Epoch [351/1000], Wasserstein(eigs,real_eigs): 2754.705, Wasserstein(log_eigs,log_real_eigs): 0.410
torch.Size([64, 2500])
Epoch [352/1000], Wasserstein(eigs,real_eigs): 776.906, Wasserstein(log_eigs,log_real_eigs): 0.477
torch.Size([64, 2500])
Epoch [353/1000], Wasserstein(eigs,real_eigs): 3474.613, Wasserstein(log_eigs,log_real_eigs): 0.515
torch.Size([64, 2500])
Epoch [354/1000], Wasserstein(eigs,real_eigs): 4238.641, Wasserstein(log_eigs,log_real_eigs): 0.431
torch.Size([64, 2500])
Epoch [355/1000], Wasserstein(eigs,real_eigs): 3907.677, Wasserstein(log_eigs,log_real_eigs): 0.380
torch.Size([64, 2500])
Epoch [356/1000], Wasserstein(eigs,real_eigs): 1819.579, Wasserstein(log_eigs,log_real_eigs): 0.456
torch.Size([64, 2500])
Epoch [357/1000], Wasserstein(eigs,real_eigs): 2701.284, Wasserstein(log_eigs,log_real_eigs): 0.434
torch.Size([64, 2500])
Epoch [358/1000], Wasserstein(eigs,real_eigs): 5066.170, Wasserstein(log_eigs,log_real_eigs): 0.284
torch.Size([64, 2500])
Epoch [359/1000], Wasserstein(eigs,real_eigs): 926.831, Wasserstein(log_eigs,log_real_eigs): 0.372
torch.Size([64, 2500])
Epoch [360/1000], Wasserstein(eigs,real_eigs): 2418.968, Wasserstein(log_eigs,log_real_eigs): 0.376
torch.Size([64, 2500])
Epoch [361/1000], Wasserstein(eigs,real_eigs): 1080.117, Wasserstein(log_eigs,log_real_eigs): 0.336
torch.Size([64, 2500])
Epoch [362/1000], Wasserstein(eigs,real_eigs): 2315.443, Wasserstein(log_eigs,log_real_eigs): 0.403
torch.Size([64, 2500])
Epoch [363/1000], Wasserstein(eigs,real_eigs): 555.273, Wasserstein(log_eigs,log_real_eigs): 0.326
torch.Size([64, 2500])
Epoch [364/1000], Wasserstein(eigs,real_eigs): 2441.294, Wasserstein(log_eigs,log_real_eigs): 0.383
torch.Size([64, 2500])
Epoch [365/1000], Wasserstein(eigs,real_eigs): 785.317, Wasserstein(log_eigs,log_real_eigs): 0.313
torch.Size([64, 2500])
Epoch [366/1000], Wasserstein(eigs,real_eigs): 625.238, Wasserstein(log_eigs,log_real_eigs): 0.395
torch.Size([64, 2500])
Epoch [367/1000], Wasserstein(eigs,real_eigs): 1968.470, Wasserstein(log_eigs,log_real_eigs): 0.446
torch.Size([64, 2500])
Epoch [368/1000], Wasserstein(eigs,real_eigs): 4387.319, Wasserstein(log_eigs,log_real_eigs): 0.453
torch.Size([64, 2500])
Epoch [369/1000], Wasserstein(eigs,real_eigs): 464.396, Wasserstein(log_eigs,log_real_eigs): 0.354
torch.Size([64, 2500])
Epoch [370/1000], Wasserstein(eigs,real_eigs): 64.068, Wasserstein(log_eigs,log_real_eigs): 0.322
torch.Size([64, 2500])
Epoch [371/1000], Wasserstein(eigs,real_eigs): 1931.060, Wasserstein(log_eigs,log_real_eigs): 0.445
torch.Size([64, 2500])
Epoch [372/1000], Wasserstein(eigs,real_eigs): 2312.717, Wasserstein(log_eigs,log_real_eigs): 0.348
torch.Size([64, 2500])
Epoch [373/1000], Wasserstein(eigs,real_eigs): 639.999, Wasserstein(log_eigs,log_real_eigs): 0.287
torch.Size([64, 2500])
Epoch [374/1000], Wasserstein(eigs,real_eigs): 1991.867, Wasserstein(log_eigs,log_real_eigs): 0.608
torch.Size([64, 2500])
Epoch [375/1000], Wasserstein(eigs,real_eigs): 2498.878, Wasserstein(log_eigs,log_real_eigs): 0.369
torch.Size([64, 2500])
Epoch [376/1000], Wasserstein(eigs,real_eigs): 935.435, Wasserstein(log_eigs,log_real_eigs): 0.390
torch.Size([64, 2500])
Epoch [377/1000], Wasserstein(eigs,real_eigs): 71.457, Wasserstein(log_eigs,log_real_eigs): 0.380
torch.Size([64, 2500])
Epoch [378/1000], Wasserstein(eigs,real_eigs): 1799.349, Wasserstein(log_eigs,log_real_eigs): 0.334
torch.Size([64, 2500])
Epoch [379/1000], Wasserstein(eigs,real_eigs): 3052.586, Wasserstein(log_eigs,log_real_eigs): 0.329
torch.Size([64, 2500])
Epoch [380/1000], Wasserstein(eigs,real_eigs): 2073.810, Wasserstein(log_eigs,log_real_eigs): 0.388
torch.Size([64, 2500])
Epoch [381/1000], Wasserstein(eigs,real_eigs): 4293.843, Wasserstein(log_eigs,log_real_eigs): 0.300
torch.Size([64, 2500])
Epoch [382/1000], Wasserstein(eigs,real_eigs): 2955.004, Wasserstein(log_eigs,log_real_eigs): 0.346
torch.Size([64, 2500])
Epoch [383/1000], Wasserstein(eigs,real_eigs): 1943.237, Wasserstein(log_eigs,log_real_eigs): 0.314
torch.Size([64, 2500])
Epoch [384/1000], Wasserstein(eigs,real_eigs): 2293.690, Wasserstein(log_eigs,log_real_eigs): 0.347
torch.Size([64, 2500])
Epoch [385/1000], Wasserstein(eigs,real_eigs): 2533.445, Wasserstein(log_eigs,log_real_eigs): 0.330
torch.Size([64, 2500])
Epoch [386/1000], Wasserstein(eigs,real_eigs): 1261.033, Wasserstein(log_eigs,log_real_eigs): 0.323
torch.Size([64, 2500])
Epoch [387/1000], Wasserstein(eigs,real_eigs): 1102.470, Wasserstein(log_eigs,log_real_eigs): 0.383
torch.Size([64, 2500])
Epoch [388/1000], Wasserstein(eigs,real_eigs): 1961.663, Wasserstein(log_eigs,log_real_eigs): 0.330
torch.Size([64, 2500])
Epoch [389/1000], Wasserstein(eigs,real_eigs): 1976.739, Wasserstein(log_eigs,log_real_eigs): 0.358
torch.Size([64, 2500])
Epoch [390/1000], Wasserstein(eigs,real_eigs): 1119.954, Wasserstein(log_eigs,log_real_eigs): 0.290
torch.Size([64, 2500])
Epoch [391/1000], Wasserstein(eigs,real_eigs): 1366.792, Wasserstein(log_eigs,log_real_eigs): 0.388
torch.Size([64, 2500])
Epoch [392/1000], Wasserstein(eigs,real_eigs): 541.165, Wasserstein(log_eigs,log_real_eigs): 0.401
torch.Size([64, 2500])
Epoch [393/1000], Wasserstein(eigs,real_eigs): 2004.789, Wasserstein(log_eigs,log_real_eigs): 0.432
torch.Size([64, 2500])
Epoch [394/1000], Wasserstein(eigs,real_eigs): 3981.114, Wasserstein(log_eigs,log_real_eigs): 0.318
torch.Size([64, 2500])
Epoch [395/1000], Wasserstein(eigs,real_eigs): 2653.752, Wasserstein(log_eigs,log_real_eigs): 0.353
torch.Size([64, 2500])
Epoch [396/1000], Wasserstein(eigs,real_eigs): 3854.218, Wasserstein(log_eigs,log_real_eigs): 0.371
torch.Size([64, 2500])
Epoch [397/1000], Wasserstein(eigs,real_eigs): 3875.830, Wasserstein(log_eigs,log_real_eigs): 0.317
torch.Size([64, 2500])
Epoch [398/1000], Wasserstein(eigs,real_eigs): 2915.824, Wasserstein(log_eigs,log_real_eigs): 0.406
torch.Size([64, 2500])
Epoch [399/1000], Wasserstein(eigs,real_eigs): 1821.610, Wasserstein(log_eigs,log_real_eigs): 0.333
torch.Size([64, 2500])
Epoch [400/1000], Wasserstein(eigs,real_eigs): 1201.878, Wasserstein(log_eigs,log_real_eigs): 0.348
torch.Size([64, 2500])
Epoch [401/1000], Wasserstein(eigs,real_eigs): 2207.526, Wasserstein(log_eigs,log_real_eigs): 0.443
torch.Size([64, 2500])
Epoch [402/1000], Wasserstein(eigs,real_eigs): 4620.525, Wasserstein(log_eigs,log_real_eigs): 0.260
torch.Size([64, 2500])
Epoch [403/1000], Wasserstein(eigs,real_eigs): 1162.507, Wasserstein(log_eigs,log_real_eigs): 0.318
torch.Size([64, 2500])
Epoch [404/1000], Wasserstein(eigs,real_eigs): 2464.503, Wasserstein(log_eigs,log_real_eigs): 0.352
torch.Size([64, 2500])
Epoch [405/1000], Wasserstein(eigs,real_eigs): 2502.408, Wasserstein(log_eigs,log_real_eigs): 0.328
torch.Size([64, 2500])
Epoch [406/1000], Wasserstein(eigs,real_eigs): 1290.570, Wasserstein(log_eigs,log_real_eigs): 0.415
torch.Size([64, 2500])
Epoch [407/1000], Wasserstein(eigs,real_eigs): 108.992, Wasserstein(log_eigs,log_real_eigs): 0.405
torch.Size([64, 2500])
Epoch [408/1000], Wasserstein(eigs,real_eigs): 692.857, Wasserstein(log_eigs,log_real_eigs): 0.455
torch.Size([64, 2500])
Epoch [409/1000], Wasserstein(eigs,real_eigs): 1919.895, Wasserstein(log_eigs,log_real_eigs): 0.468
torch.Size([64, 2500])
Epoch [410/1000], Wasserstein(eigs,real_eigs): 3256.203, Wasserstein(log_eigs,log_real_eigs): 0.432
torch.Size([64, 2500])
Epoch [411/1000], Wasserstein(eigs,real_eigs): 210.347, Wasserstein(log_eigs,log_real_eigs): 0.339
torch.Size([64, 2500])
Epoch [412/1000], Wasserstein(eigs,real_eigs): 831.879, Wasserstein(log_eigs,log_real_eigs): 0.383
torch.Size([64, 2500])
Epoch [413/1000], Wasserstein(eigs,real_eigs): 3572.778, Wasserstein(log_eigs,log_real_eigs): 0.362
torch.Size([64, 2500])
Epoch [414/1000], Wasserstein(eigs,real_eigs): 713.779, Wasserstein(log_eigs,log_real_eigs): 0.399
torch.Size([64, 2500])
Epoch [415/1000], Wasserstein(eigs,real_eigs): 4416.769, Wasserstein(log_eigs,log_real_eigs): 0.436
torch.Size([64, 2500])
Epoch [416/1000], Wasserstein(eigs,real_eigs): 2073.053, Wasserstein(log_eigs,log_real_eigs): 0.365
torch.Size([64, 2500])
Epoch [417/1000], Wasserstein(eigs,real_eigs): 4089.117, Wasserstein(log_eigs,log_real_eigs): 0.393
torch.Size([64, 2500])
Epoch [418/1000], Wasserstein(eigs,real_eigs): 2662.888, Wasserstein(log_eigs,log_real_eigs): 0.374
torch.Size([64, 2500])
Epoch [419/1000], Wasserstein(eigs,real_eigs): 2527.107, Wasserstein(log_eigs,log_real_eigs): 0.354
torch.Size([64, 2500])
Epoch [420/1000], Wasserstein(eigs,real_eigs): 1259.111, Wasserstein(log_eigs,log_real_eigs): 0.469
torch.Size([64, 2500])
Epoch [421/1000], Wasserstein(eigs,real_eigs): 3646.281, Wasserstein(log_eigs,log_real_eigs): 0.315
torch.Size([64, 2500])
Epoch [422/1000], Wasserstein(eigs,real_eigs): 4640.898, Wasserstein(log_eigs,log_real_eigs): 0.364
torch.Size([64, 2500])
Epoch [423/1000], Wasserstein(eigs,real_eigs): 3509.556, Wasserstein(log_eigs,log_real_eigs): 0.358
torch.Size([64, 2500])
Epoch [424/1000], Wasserstein(eigs,real_eigs): 5453.222, Wasserstein(log_eigs,log_real_eigs): 0.273
torch.Size([64, 2500])
Epoch [425/1000], Wasserstein(eigs,real_eigs): 1611.444, Wasserstein(log_eigs,log_real_eigs): 0.357
torch.Size([64, 2500])
Epoch [426/1000], Wasserstein(eigs,real_eigs): 1921.800, Wasserstein(log_eigs,log_real_eigs): 0.364
torch.Size([64, 2500])
Epoch [427/1000], Wasserstein(eigs,real_eigs): 2822.334, Wasserstein(log_eigs,log_real_eigs): 0.309
torch.Size([64, 2500])
Epoch [428/1000], Wasserstein(eigs,real_eigs): 3473.403, Wasserstein(log_eigs,log_real_eigs): 0.279
torch.Size([64, 2500])
Epoch [429/1000], Wasserstein(eigs,real_eigs): 1137.335, Wasserstein(log_eigs,log_real_eigs): 0.374
torch.Size([64, 2500])
Epoch [430/1000], Wasserstein(eigs,real_eigs): 1499.953, Wasserstein(log_eigs,log_real_eigs): 0.427
torch.Size([64, 2500])
Epoch [431/1000], Wasserstein(eigs,real_eigs): 742.487, Wasserstein(log_eigs,log_real_eigs): 0.451
torch.Size([64, 2500])
Epoch [432/1000], Wasserstein(eigs,real_eigs): 3650.565, Wasserstein(log_eigs,log_real_eigs): 0.666
torch.Size([64, 2500])
Epoch [433/1000], Wasserstein(eigs,real_eigs): 2763.556, Wasserstein(log_eigs,log_real_eigs): 0.476
torch.Size([64, 2500])
Epoch [434/1000], Wasserstein(eigs,real_eigs): 3546.536, Wasserstein(log_eigs,log_real_eigs): 0.501
torch.Size([64, 2500])
Epoch [435/1000], Wasserstein(eigs,real_eigs): 3012.734, Wasserstein(log_eigs,log_real_eigs): 0.500
torch.Size([64, 2500])
Epoch [436/1000], Wasserstein(eigs,real_eigs): 1173.441, Wasserstein(log_eigs,log_real_eigs): 0.439
torch.Size([64, 2500])
Epoch [437/1000], Wasserstein(eigs,real_eigs): 3406.369, Wasserstein(log_eigs,log_real_eigs): 0.400
torch.Size([64, 2500])
Epoch [438/1000], Wasserstein(eigs,real_eigs): 213.131, Wasserstein(log_eigs,log_real_eigs): 0.412
torch.Size([64, 2500])
Epoch [439/1000], Wasserstein(eigs,real_eigs): 1273.584, Wasserstein(log_eigs,log_real_eigs): 0.551
torch.Size([64, 2500])
Epoch [440/1000], Wasserstein(eigs,real_eigs): 404.663, Wasserstein(log_eigs,log_real_eigs): 0.366
torch.Size([64, 2500])
Epoch [441/1000], Wasserstein(eigs,real_eigs): 4035.905, Wasserstein(log_eigs,log_real_eigs): 0.423
torch.Size([64, 2500])
Epoch [442/1000], Wasserstein(eigs,real_eigs): 3086.831, Wasserstein(log_eigs,log_real_eigs): 0.376
torch.Size([64, 2500])
Epoch [443/1000], Wasserstein(eigs,real_eigs): 3119.675, Wasserstein(log_eigs,log_real_eigs): 0.363
torch.Size([64, 2500])
Epoch [444/1000], Wasserstein(eigs,real_eigs): 3932.059, Wasserstein(log_eigs,log_real_eigs): 0.306
torch.Size([64, 2500])
Epoch [445/1000], Wasserstein(eigs,real_eigs): 3388.950, Wasserstein(log_eigs,log_real_eigs): 0.332
torch.Size([64, 2500])
Epoch [446/1000], Wasserstein(eigs,real_eigs): 1776.160, Wasserstein(log_eigs,log_real_eigs): 0.349
torch.Size([64, 2500])
Epoch [447/1000], Wasserstein(eigs,real_eigs): 558.348, Wasserstein(log_eigs,log_real_eigs): 0.392
torch.Size([64, 2500])
Epoch [448/1000], Wasserstein(eigs,real_eigs): 2224.165, Wasserstein(log_eigs,log_real_eigs): 0.335
torch.Size([64, 2500])
Epoch [449/1000], Wasserstein(eigs,real_eigs): 2837.318, Wasserstein(log_eigs,log_real_eigs): 0.303
torch.Size([64, 2500])
Epoch [450/1000], Wasserstein(eigs,real_eigs): 182.009, Wasserstein(log_eigs,log_real_eigs): 0.329
torch.Size([64, 2500])
Epoch [451/1000], Wasserstein(eigs,real_eigs): 1562.563, Wasserstein(log_eigs,log_real_eigs): 0.379
torch.Size([64, 2500])
Epoch [452/1000], Wasserstein(eigs,real_eigs): 304.277, Wasserstein(log_eigs,log_real_eigs): 0.369
torch.Size([64, 2500])
Epoch [453/1000], Wasserstein(eigs,real_eigs): 3397.890, Wasserstein(log_eigs,log_real_eigs): 0.432
torch.Size([64, 2500])
Epoch [454/1000], Wasserstein(eigs,real_eigs): 3936.644, Wasserstein(log_eigs,log_real_eigs): 0.345
torch.Size([64, 2500])
Epoch [455/1000], Wasserstein(eigs,real_eigs): 1012.315, Wasserstein(log_eigs,log_real_eigs): 0.312
torch.Size([64, 2500])
Epoch [456/1000], Wasserstein(eigs,real_eigs): 1628.505, Wasserstein(log_eigs,log_real_eigs): 0.319
torch.Size([64, 2500])
Epoch [457/1000], Wasserstein(eigs,real_eigs): 1808.290, Wasserstein(log_eigs,log_real_eigs): 0.372
torch.Size([64, 2500])
Epoch [458/1000], Wasserstein(eigs,real_eigs): 1407.227, Wasserstein(log_eigs,log_real_eigs): 0.328
torch.Size([64, 2500])
Epoch [459/1000], Wasserstein(eigs,real_eigs): 324.033, Wasserstein(log_eigs,log_real_eigs): 0.357
torch.Size([64, 2500])
Epoch [460/1000], Wasserstein(eigs,real_eigs): 4225.006, Wasserstein(log_eigs,log_real_eigs): 0.404
torch.Size([64, 2500])
Epoch [461/1000], Wasserstein(eigs,real_eigs): 5954.657, Wasserstein(log_eigs,log_real_eigs): 0.387
torch.Size([64, 2500])
Epoch [462/1000], Wasserstein(eigs,real_eigs): 3511.530, Wasserstein(log_eigs,log_real_eigs): 0.357
torch.Size([64, 2500])
Epoch [463/1000], Wasserstein(eigs,real_eigs): 382.642, Wasserstein(log_eigs,log_real_eigs): 0.378
torch.Size([64, 2500])
Epoch [464/1000], Wasserstein(eigs,real_eigs): 1711.163, Wasserstein(log_eigs,log_real_eigs): 0.301
torch.Size([64, 2500])
Epoch [465/1000], Wasserstein(eigs,real_eigs): 1595.247, Wasserstein(log_eigs,log_real_eigs): 0.369
torch.Size([64, 2500])
Epoch [466/1000], Wasserstein(eigs,real_eigs): 3104.899, Wasserstein(log_eigs,log_real_eigs): 0.318
torch.Size([64, 2500])
Epoch [467/1000], Wasserstein(eigs,real_eigs): 2874.391, Wasserstein(log_eigs,log_real_eigs): 0.329
torch.Size([64, 2500])
Epoch [468/1000], Wasserstein(eigs,real_eigs): 3140.935, Wasserstein(log_eigs,log_real_eigs): 0.357
torch.Size([64, 2500])
Epoch [469/1000], Wasserstein(eigs,real_eigs): 4950.586, Wasserstein(log_eigs,log_real_eigs): 0.360
torch.Size([64, 2500])
Epoch [470/1000], Wasserstein(eigs,real_eigs): 5682.714, Wasserstein(log_eigs,log_real_eigs): 0.306
torch.Size([64, 2500])
Epoch [471/1000], Wasserstein(eigs,real_eigs): 3517.385, Wasserstein(log_eigs,log_real_eigs): 0.383
torch.Size([64, 2500])
Epoch [472/1000], Wasserstein(eigs,real_eigs): 478.829, Wasserstein(log_eigs,log_real_eigs): 0.386
torch.Size([64, 2500])
Epoch [473/1000], Wasserstein(eigs,real_eigs): 3924.125, Wasserstein(log_eigs,log_real_eigs): 0.274
torch.Size([64, 2500])
Epoch [474/1000], Wasserstein(eigs,real_eigs): 1017.777, Wasserstein(log_eigs,log_real_eigs): 0.310
torch.Size([64, 2500])
Epoch [475/1000], Wasserstein(eigs,real_eigs): 4482.089, Wasserstein(log_eigs,log_real_eigs): 0.354
torch.Size([64, 2500])
Epoch [476/1000], Wasserstein(eigs,real_eigs): 3338.496, Wasserstein(log_eigs,log_real_eigs): 0.292
torch.Size([64, 2500])
Epoch [477/1000], Wasserstein(eigs,real_eigs): 146.901, Wasserstein(log_eigs,log_real_eigs): 0.285
torch.Size([64, 2500])
Epoch [478/1000], Wasserstein(eigs,real_eigs): 4902.545, Wasserstein(log_eigs,log_real_eigs): 0.295
torch.Size([64, 2500])
Epoch [479/1000], Wasserstein(eigs,real_eigs): 3513.735, Wasserstein(log_eigs,log_real_eigs): 0.226
torch.Size([64, 2500])
Epoch [480/1000], Wasserstein(eigs,real_eigs): 157.870, Wasserstein(log_eigs,log_real_eigs): 0.292
torch.Size([64, 2500])
Epoch [481/1000], Wasserstein(eigs,real_eigs): 6441.638, Wasserstein(log_eigs,log_real_eigs): 0.318
torch.Size([64, 2500])
Epoch [482/1000], Wasserstein(eigs,real_eigs): 3266.875, Wasserstein(log_eigs,log_real_eigs): 0.430
torch.Size([64, 2500])
Epoch [483/1000], Wasserstein(eigs,real_eigs): 1378.087, Wasserstein(log_eigs,log_real_eigs): 0.345
torch.Size([64, 2500])
Epoch [484/1000], Wasserstein(eigs,real_eigs): 4813.695, Wasserstein(log_eigs,log_real_eigs): 0.314
torch.Size([64, 2500])
Epoch [485/1000], Wasserstein(eigs,real_eigs): 1240.547, Wasserstein(log_eigs,log_real_eigs): 0.331
torch.Size([64, 2500])
Epoch [486/1000], Wasserstein(eigs,real_eigs): 1523.993, Wasserstein(log_eigs,log_real_eigs): 0.367
torch.Size([64, 2500])
Epoch [487/1000], Wasserstein(eigs,real_eigs): 2424.406, Wasserstein(log_eigs,log_real_eigs): 0.363
torch.Size([64, 2500])
Epoch [488/1000], Wasserstein(eigs,real_eigs): 3965.045, Wasserstein(log_eigs,log_real_eigs): 0.353
torch.Size([64, 2500])
Epoch [489/1000], Wasserstein(eigs,real_eigs): 502.171, Wasserstein(log_eigs,log_real_eigs): 0.413
torch.Size([64, 2500])
Epoch [490/1000], Wasserstein(eigs,real_eigs): 1042.215, Wasserstein(log_eigs,log_real_eigs): 0.406
torch.Size([64, 2500])
Epoch [491/1000], Wasserstein(eigs,real_eigs): 699.463, Wasserstein(log_eigs,log_real_eigs): 0.289
torch.Size([64, 2500])
Epoch [492/1000], Wasserstein(eigs,real_eigs): 5040.055, Wasserstein(log_eigs,log_real_eigs): 0.437
torch.Size([64, 2500])
Epoch [493/1000], Wasserstein(eigs,real_eigs): 693.177, Wasserstein(log_eigs,log_real_eigs): 0.474
torch.Size([64, 2500])
Epoch [494/1000], Wasserstein(eigs,real_eigs): 628.117, Wasserstein(log_eigs,log_real_eigs): 0.312
torch.Size([64, 2500])
Epoch [495/1000], Wasserstein(eigs,real_eigs): 1298.674, Wasserstein(log_eigs,log_real_eigs): 0.306
torch.Size([64, 2500])
Epoch [496/1000], Wasserstein(eigs,real_eigs): 2034.882, Wasserstein(log_eigs,log_real_eigs): 0.292
torch.Size([64, 2500])
Epoch [497/1000], Wasserstein(eigs,real_eigs): 3413.038, Wasserstein(log_eigs,log_real_eigs): 0.293
torch.Size([64, 2500])
Epoch [498/1000], Wasserstein(eigs,real_eigs): 2689.414, Wasserstein(log_eigs,log_real_eigs): 0.286
torch.Size([64, 2500])
Epoch [499/1000], Wasserstein(eigs,real_eigs): 1339.618, Wasserstein(log_eigs,log_real_eigs): 0.408
torch.Size([64, 2500])
Epoch [500/1000], Wasserstein(eigs,real_eigs): 1143.038, Wasserstein(log_eigs,log_real_eigs): 0.374
torch.Size([64, 2500])
Epoch [501/1000], Wasserstein(eigs,real_eigs): 1027.754, Wasserstein(log_eigs,log_real_eigs): 0.413
torch.Size([64, 2500])
Epoch [502/1000], Wasserstein(eigs,real_eigs): 850.765, Wasserstein(log_eigs,log_real_eigs): 0.550
torch.Size([64, 2500])
Epoch [503/1000], Wasserstein(eigs,real_eigs): 3925.364, Wasserstein(log_eigs,log_real_eigs): 0.646
torch.Size([64, 2500])
Epoch [504/1000], Wasserstein(eigs,real_eigs): 2582.887, Wasserstein(log_eigs,log_real_eigs): 0.553
torch.Size([64, 2500])
Epoch [505/1000], Wasserstein(eigs,real_eigs): 1784.005, Wasserstein(log_eigs,log_real_eigs): 0.380
torch.Size([64, 2500])
Epoch [506/1000], Wasserstein(eigs,real_eigs): 1562.929, Wasserstein(log_eigs,log_real_eigs): 0.501
torch.Size([64, 2500])
Epoch [507/1000], Wasserstein(eigs,real_eigs): 1034.160, Wasserstein(log_eigs,log_real_eigs): 0.440
torch.Size([64, 2500])
Epoch [508/1000], Wasserstein(eigs,real_eigs): 1544.422, Wasserstein(log_eigs,log_real_eigs): 0.573
torch.Size([64, 2500])
Epoch [509/1000], Wasserstein(eigs,real_eigs): 4212.088, Wasserstein(log_eigs,log_real_eigs): 0.363
torch.Size([64, 2500])
Epoch [510/1000], Wasserstein(eigs,real_eigs): 2574.185, Wasserstein(log_eigs,log_real_eigs): 0.412
torch.Size([64, 2500])
Epoch [511/1000], Wasserstein(eigs,real_eigs): 4063.039, Wasserstein(log_eigs,log_real_eigs): 0.302
torch.Size([64, 2500])
Epoch [512/1000], Wasserstein(eigs,real_eigs): 2327.982, Wasserstein(log_eigs,log_real_eigs): 0.446
torch.Size([64, 2500])
Epoch [513/1000], Wasserstein(eigs,real_eigs): 2506.586, Wasserstein(log_eigs,log_real_eigs): 0.355
torch.Size([64, 2500])
Epoch [514/1000], Wasserstein(eigs,real_eigs): 931.709, Wasserstein(log_eigs,log_real_eigs): 0.537
torch.Size([64, 2500])
Epoch [515/1000], Wasserstein(eigs,real_eigs): 1798.394, Wasserstein(log_eigs,log_real_eigs): 0.451
torch.Size([64, 2500])
Epoch [516/1000], Wasserstein(eigs,real_eigs): 6125.994, Wasserstein(log_eigs,log_real_eigs): 0.390
torch.Size([64, 2500])
Epoch [517/1000], Wasserstein(eigs,real_eigs): 3154.689, Wasserstein(log_eigs,log_real_eigs): 0.608
torch.Size([64, 2500])
Epoch [518/1000], Wasserstein(eigs,real_eigs): 7572.501, Wasserstein(log_eigs,log_real_eigs): 0.598
torch.Size([64, 2500])
Epoch [519/1000], Wasserstein(eigs,real_eigs): 2540.194, Wasserstein(log_eigs,log_real_eigs): 0.409
torch.Size([64, 2500])
Epoch [520/1000], Wasserstein(eigs,real_eigs): 2668.611, Wasserstein(log_eigs,log_real_eigs): 0.543
torch.Size([64, 2500])
Epoch [521/1000], Wasserstein(eigs,real_eigs): 5122.937, Wasserstein(log_eigs,log_real_eigs): 0.429
torch.Size([64, 2500])
Epoch [522/1000], Wasserstein(eigs,real_eigs): 3109.544, Wasserstein(log_eigs,log_real_eigs): 0.585
torch.Size([64, 2500])
Epoch [523/1000], Wasserstein(eigs,real_eigs): 1136.453, Wasserstein(log_eigs,log_real_eigs): 0.305
torch.Size([64, 2500])
Epoch [524/1000], Wasserstein(eigs,real_eigs): 3353.511, Wasserstein(log_eigs,log_real_eigs): 0.576
torch.Size([64, 2500])
Epoch [525/1000], Wasserstein(eigs,real_eigs): 361.157, Wasserstein(log_eigs,log_real_eigs): 0.356
torch.Size([64, 2500])
Epoch [526/1000], Wasserstein(eigs,real_eigs): 122.785, Wasserstein(log_eigs,log_real_eigs): 0.462
torch.Size([64, 2500])
Epoch [527/1000], Wasserstein(eigs,real_eigs): 1248.886, Wasserstein(log_eigs,log_real_eigs): 0.355
torch.Size([64, 2500])
Epoch [528/1000], Wasserstein(eigs,real_eigs): 463.728, Wasserstein(log_eigs,log_real_eigs): 0.336
torch.Size([64, 2500])
Epoch [529/1000], Wasserstein(eigs,real_eigs): 5175.177, Wasserstein(log_eigs,log_real_eigs): 0.444
torch.Size([64, 2500])
Epoch [530/1000], Wasserstein(eigs,real_eigs): 2991.358, Wasserstein(log_eigs,log_real_eigs): 0.551
torch.Size([64, 2500])
Epoch [531/1000], Wasserstein(eigs,real_eigs): 1777.697, Wasserstein(log_eigs,log_real_eigs): 0.393
torch.Size([64, 2500])
Epoch [532/1000], Wasserstein(eigs,real_eigs): 4490.130, Wasserstein(log_eigs,log_real_eigs): 0.510
torch.Size([64, 2500])
Epoch [533/1000], Wasserstein(eigs,real_eigs): 4793.290, Wasserstein(log_eigs,log_real_eigs): 0.509
torch.Size([64, 2500])
Epoch [534/1000], Wasserstein(eigs,real_eigs): 5004.547, Wasserstein(log_eigs,log_real_eigs): 0.550
torch.Size([64, 2500])
Epoch [535/1000], Wasserstein(eigs,real_eigs): 1842.617, Wasserstein(log_eigs,log_real_eigs): 0.470
torch.Size([64, 2500])
Epoch [536/1000], Wasserstein(eigs,real_eigs): 303.460, Wasserstein(log_eigs,log_real_eigs): 0.530
torch.Size([64, 2500])
Epoch [537/1000], Wasserstein(eigs,real_eigs): 3837.257, Wasserstein(log_eigs,log_real_eigs): 0.458
torch.Size([64, 2500])
Epoch [538/1000], Wasserstein(eigs,real_eigs): 4002.184, Wasserstein(log_eigs,log_real_eigs): 0.503
torch.Size([64, 2500])
Epoch [539/1000], Wasserstein(eigs,real_eigs): 1387.106, Wasserstein(log_eigs,log_real_eigs): 0.390
torch.Size([64, 2500])
Epoch [540/1000], Wasserstein(eigs,real_eigs): 6054.649, Wasserstein(log_eigs,log_real_eigs): 0.338
torch.Size([64, 2500])
Epoch [541/1000], Wasserstein(eigs,real_eigs): 2110.991, Wasserstein(log_eigs,log_real_eigs): 0.341
torch.Size([64, 2500])
Epoch [542/1000], Wasserstein(eigs,real_eigs): 2897.583, Wasserstein(log_eigs,log_real_eigs): 0.339
torch.Size([64, 2500])
Epoch [543/1000], Wasserstein(eigs,real_eigs): 1643.374, Wasserstein(log_eigs,log_real_eigs): 0.313
torch.Size([64, 2500])
Epoch [544/1000], Wasserstein(eigs,real_eigs): 1405.188, Wasserstein(log_eigs,log_real_eigs): 0.315
torch.Size([64, 2500])
Epoch [545/1000], Wasserstein(eigs,real_eigs): 3436.627, Wasserstein(log_eigs,log_real_eigs): 0.298
torch.Size([64, 2500])
Epoch [546/1000], Wasserstein(eigs,real_eigs): 351.232, Wasserstein(log_eigs,log_real_eigs): 0.382
torch.Size([64, 2500])
Epoch [547/1000], Wasserstein(eigs,real_eigs): 784.298, Wasserstein(log_eigs,log_real_eigs): 0.411
torch.Size([64, 2500])
Epoch [548/1000], Wasserstein(eigs,real_eigs): 2322.504, Wasserstein(log_eigs,log_real_eigs): 0.354
torch.Size([64, 2500])
Epoch [549/1000], Wasserstein(eigs,real_eigs): 6561.478, Wasserstein(log_eigs,log_real_eigs): 0.253
torch.Size([64, 2500])
Epoch [550/1000], Wasserstein(eigs,real_eigs): 6057.535, Wasserstein(log_eigs,log_real_eigs): 0.304
torch.Size([64, 2500])
Epoch [551/1000], Wasserstein(eigs,real_eigs): 5656.233, Wasserstein(log_eigs,log_real_eigs): 0.320
torch.Size([64, 2500])
Epoch [552/1000], Wasserstein(eigs,real_eigs): 1606.575, Wasserstein(log_eigs,log_real_eigs): 0.298
torch.Size([64, 2500])
Epoch [553/1000], Wasserstein(eigs,real_eigs): 1315.666, Wasserstein(log_eigs,log_real_eigs): 0.321
torch.Size([64, 2500])
Epoch [554/1000], Wasserstein(eigs,real_eigs): 1964.472, Wasserstein(log_eigs,log_real_eigs): 0.393
torch.Size([64, 2500])
Epoch [555/1000], Wasserstein(eigs,real_eigs): 171.639, Wasserstein(log_eigs,log_real_eigs): 0.327
torch.Size([64, 2500])
Epoch [556/1000], Wasserstein(eigs,real_eigs): 15748.785, Wasserstein(log_eigs,log_real_eigs): 0.340
torch.Size([64, 2500])
Epoch [557/1000], Wasserstein(eigs,real_eigs): 7000.388, Wasserstein(log_eigs,log_real_eigs): 0.528
torch.Size([64, 2500])
Epoch [558/1000], Wasserstein(eigs,real_eigs): 6714.612, Wasserstein(log_eigs,log_real_eigs): 0.340
torch.Size([64, 2500])
Epoch [559/1000], Wasserstein(eigs,real_eigs): 3786.881, Wasserstein(log_eigs,log_real_eigs): 0.406
torch.Size([64, 2500])
Epoch [560/1000], Wasserstein(eigs,real_eigs): 6520.094, Wasserstein(log_eigs,log_real_eigs): 0.358
torch.Size([64, 2500])
Epoch [561/1000], Wasserstein(eigs,real_eigs): 1809.316, Wasserstein(log_eigs,log_real_eigs): 0.331
torch.Size([64, 2500])
Epoch [562/1000], Wasserstein(eigs,real_eigs): 1028.663, Wasserstein(log_eigs,log_real_eigs): 0.397
torch.Size([64, 2500])
Epoch [563/1000], Wasserstein(eigs,real_eigs): 3355.853, Wasserstein(log_eigs,log_real_eigs): 0.359
torch.Size([64, 2500])
Epoch [564/1000], Wasserstein(eigs,real_eigs): 5488.701, Wasserstein(log_eigs,log_real_eigs): 0.551
torch.Size([64, 2500])
Epoch [565/1000], Wasserstein(eigs,real_eigs): 2684.353, Wasserstein(log_eigs,log_real_eigs): 0.296
