2019-10-17 13:23:45.191925
Namespace(batch_size=64, dataroot='/home/jim/Documents/RandomBergman/KS4/data/', diff=0, epochs=1000, exp=None, h11=50, log_interval=1, lr=5e-05, lr_D=5e-05, lr_G=5e-05, model_type='GAN_DCGAN', n_critic_steps=5, newsize=40, num_geometries=2500, nz=25, outdir='./experiments/exp_GAN_DCGAN_50_25_10172019_132345', plot_interval=20, py_version=3, save=True, show_plots=False, test_batch_size=10000)
Namespace(batch_size=64, dataroot='/home/jim/Documents/RandomBergman/KS4/data/', diff=0, epochs=1000, exp=None, h11=50, log_interval=1, lr=5e-05, lr_D=5e-05, lr_G=5e-05, model_type='GAN_DCGAN', n_critic_steps=5, newsize=40, num_geometries=2500, nz=25, outdir='./experiments/exp_GAN_DCGAN_50_25_10172019_132345', plot_interval=20, py_version=3, save=True, show_plots=False, test_batch_size=10000)
Model type: GAN_DCGAN
Coomparing to Eigenvalue distribution collected from 3399 geometries
data: 64 50
torch.Size([64, 2500])
Epoch [0/1000], Wasserstein(eigs,real_eigs): 11.916, Wasserstein(log_eigs,log_real_eigs): 0.908
torch.Size([64, 2500])
Epoch [1/1000], Wasserstein(eigs,real_eigs): 1005.236, Wasserstein(log_eigs,log_real_eigs): 2.125
torch.Size([64, 2500])
Epoch [2/1000], Wasserstein(eigs,real_eigs): 1770.432, Wasserstein(log_eigs,log_real_eigs): 2.397
torch.Size([64, 2500])
Epoch [3/1000], Wasserstein(eigs,real_eigs): 1512.650, Wasserstein(log_eigs,log_real_eigs): 2.356
torch.Size([64, 2500])
Epoch [4/1000], Wasserstein(eigs,real_eigs): 1278.744, Wasserstein(log_eigs,log_real_eigs): 2.177
torch.Size([64, 2500])
Epoch [5/1000], Wasserstein(eigs,real_eigs): 1235.776, Wasserstein(log_eigs,log_real_eigs): 2.147
torch.Size([64, 2500])
Epoch [6/1000], Wasserstein(eigs,real_eigs): 1328.720, Wasserstein(log_eigs,log_real_eigs): 2.193
torch.Size([64, 2500])
Epoch [7/1000], Wasserstein(eigs,real_eigs): 1089.162, Wasserstein(log_eigs,log_real_eigs): 2.129
torch.Size([64, 2500])
Epoch [8/1000], Wasserstein(eigs,real_eigs): 1126.098, Wasserstein(log_eigs,log_real_eigs): 2.127
torch.Size([64, 2500])
Epoch [9/1000], Wasserstein(eigs,real_eigs): 885.393, Wasserstein(log_eigs,log_real_eigs): 2.097
torch.Size([64, 2500])
Epoch [10/1000], Wasserstein(eigs,real_eigs): 826.200, Wasserstein(log_eigs,log_real_eigs): 1.995
torch.Size([64, 2500])
Epoch [11/1000], Wasserstein(eigs,real_eigs): 720.347, Wasserstein(log_eigs,log_real_eigs): 1.966
torch.Size([64, 2500])
Epoch [12/1000], Wasserstein(eigs,real_eigs): 840.361, Wasserstein(log_eigs,log_real_eigs): 2.058
torch.Size([64, 2500])
Epoch [13/1000], Wasserstein(eigs,real_eigs): 783.649, Wasserstein(log_eigs,log_real_eigs): 2.050
torch.Size([64, 2500])
Epoch [14/1000], Wasserstein(eigs,real_eigs): 809.686, Wasserstein(log_eigs,log_real_eigs): 1.997
torch.Size([64, 2500])
Epoch [15/1000], Wasserstein(eigs,real_eigs): 804.560, Wasserstein(log_eigs,log_real_eigs): 2.085
torch.Size([64, 2500])
Epoch [16/1000], Wasserstein(eigs,real_eigs): 775.213, Wasserstein(log_eigs,log_real_eigs): 2.078
torch.Size([64, 2500])
Epoch [17/1000], Wasserstein(eigs,real_eigs): 722.594, Wasserstein(log_eigs,log_real_eigs): 1.959
torch.Size([64, 2500])
Epoch [18/1000], Wasserstein(eigs,real_eigs): 771.372, Wasserstein(log_eigs,log_real_eigs): 2.012
torch.Size([64, 2500])
Epoch [19/1000], Wasserstein(eigs,real_eigs): 801.982, Wasserstein(log_eigs,log_real_eigs): 1.980
torch.Size([64, 2500])
Epoch [20/1000], Wasserstein(eigs,real_eigs): 855.002, Wasserstein(log_eigs,log_real_eigs): 2.063
torch.Size([64, 2500])
Epoch [21/1000], Wasserstein(eigs,real_eigs): 895.441, Wasserstein(log_eigs,log_real_eigs): 2.079
torch.Size([64, 2500])
Epoch [22/1000], Wasserstein(eigs,real_eigs): 858.413, Wasserstein(log_eigs,log_real_eigs): 2.109
torch.Size([64, 2500])
Epoch [23/1000], Wasserstein(eigs,real_eigs): 669.222, Wasserstein(log_eigs,log_real_eigs): 1.964
torch.Size([64, 2500])
Epoch [24/1000], Wasserstein(eigs,real_eigs): 266.947, Wasserstein(log_eigs,log_real_eigs): 1.557
torch.Size([64, 2500])
Epoch [25/1000], Wasserstein(eigs,real_eigs): 506.797, Wasserstein(log_eigs,log_real_eigs): 1.823
torch.Size([64, 2500])
Epoch [26/1000], Wasserstein(eigs,real_eigs): 578.876, Wasserstein(log_eigs,log_real_eigs): 1.864
torch.Size([64, 2500])
Epoch [27/1000], Wasserstein(eigs,real_eigs): 242.211, Wasserstein(log_eigs,log_real_eigs): 1.624
torch.Size([64, 2500])
Epoch [28/1000], Wasserstein(eigs,real_eigs): 391.887, Wasserstein(log_eigs,log_real_eigs): 1.759
torch.Size([64, 2500])
Epoch [29/1000], Wasserstein(eigs,real_eigs): 549.741, Wasserstein(log_eigs,log_real_eigs): 1.889
torch.Size([64, 2500])
Epoch [30/1000], Wasserstein(eigs,real_eigs): 438.671, Wasserstein(log_eigs,log_real_eigs): 1.819
torch.Size([64, 2500])
Epoch [31/1000], Wasserstein(eigs,real_eigs): 307.517, Wasserstein(log_eigs,log_real_eigs): 1.676
torch.Size([64, 2500])
Epoch [32/1000], Wasserstein(eigs,real_eigs): 642.592, Wasserstein(log_eigs,log_real_eigs): 1.915
torch.Size([64, 2500])
Epoch [33/1000], Wasserstein(eigs,real_eigs): 541.150, Wasserstein(log_eigs,log_real_eigs): 1.950
torch.Size([64, 2500])
Epoch [34/1000], Wasserstein(eigs,real_eigs): 353.078, Wasserstein(log_eigs,log_real_eigs): 1.766
torch.Size([64, 2500])
Epoch [35/1000], Wasserstein(eigs,real_eigs): 243.603, Wasserstein(log_eigs,log_real_eigs): 1.522
torch.Size([64, 2500])
Epoch [36/1000], Wasserstein(eigs,real_eigs): 550.123, Wasserstein(log_eigs,log_real_eigs): 1.904
torch.Size([64, 2500])
Epoch [37/1000], Wasserstein(eigs,real_eigs): 740.496, Wasserstein(log_eigs,log_real_eigs): 2.004
torch.Size([64, 2500])
Epoch [38/1000], Wasserstein(eigs,real_eigs): 488.144, Wasserstein(log_eigs,log_real_eigs): 1.845
torch.Size([64, 2500])
Epoch [39/1000], Wasserstein(eigs,real_eigs): 466.491, Wasserstein(log_eigs,log_real_eigs): 1.811
torch.Size([64, 2500])
Epoch [40/1000], Wasserstein(eigs,real_eigs): 415.844, Wasserstein(log_eigs,log_real_eigs): 1.695
torch.Size([64, 2500])
Epoch [41/1000], Wasserstein(eigs,real_eigs): 913.672, Wasserstein(log_eigs,log_real_eigs): 1.990
torch.Size([64, 2500])
Epoch [42/1000], Wasserstein(eigs,real_eigs): 946.606, Wasserstein(log_eigs,log_real_eigs): 2.041
torch.Size([64, 2500])
Epoch [43/1000], Wasserstein(eigs,real_eigs): 942.842, Wasserstein(log_eigs,log_real_eigs): 2.103
torch.Size([64, 2500])
Epoch [44/1000], Wasserstein(eigs,real_eigs): 1074.140, Wasserstein(log_eigs,log_real_eigs): 2.186
torch.Size([64, 2500])
Epoch [45/1000], Wasserstein(eigs,real_eigs): 1082.670, Wasserstein(log_eigs,log_real_eigs): 2.098
torch.Size([64, 2500])
Epoch [46/1000], Wasserstein(eigs,real_eigs): 1330.204, Wasserstein(log_eigs,log_real_eigs): 2.186
torch.Size([64, 2500])
Epoch [47/1000], Wasserstein(eigs,real_eigs): 876.170, Wasserstein(log_eigs,log_real_eigs): 2.130
torch.Size([64, 2500])
Epoch [48/1000], Wasserstein(eigs,real_eigs): 1320.015, Wasserstein(log_eigs,log_real_eigs): 2.157
torch.Size([64, 2500])
Epoch [49/1000], Wasserstein(eigs,real_eigs): 1477.978, Wasserstein(log_eigs,log_real_eigs): 2.261
torch.Size([64, 2500])
Epoch [50/1000], Wasserstein(eigs,real_eigs): 835.562, Wasserstein(log_eigs,log_real_eigs): 2.027
torch.Size([64, 2500])
Epoch [51/1000], Wasserstein(eigs,real_eigs): 658.958, Wasserstein(log_eigs,log_real_eigs): 1.921
torch.Size([64, 2500])
Epoch [52/1000], Wasserstein(eigs,real_eigs): 737.713, Wasserstein(log_eigs,log_real_eigs): 1.989
torch.Size([64, 2500])
Epoch [53/1000], Wasserstein(eigs,real_eigs): 1447.490, Wasserstein(log_eigs,log_real_eigs): 2.283
torch.Size([64, 2500])
Epoch [54/1000], Wasserstein(eigs,real_eigs): 1465.175, Wasserstein(log_eigs,log_real_eigs): 2.311
torch.Size([64, 2500])
Epoch [55/1000], Wasserstein(eigs,real_eigs): 1110.979, Wasserstein(log_eigs,log_real_eigs): 2.280
torch.Size([64, 2500])
Epoch [56/1000], Wasserstein(eigs,real_eigs): 776.537, Wasserstein(log_eigs,log_real_eigs): 2.063
torch.Size([64, 2500])
Epoch [57/1000], Wasserstein(eigs,real_eigs): 856.914, Wasserstein(log_eigs,log_real_eigs): 2.032
torch.Size([64, 2500])
Epoch [58/1000], Wasserstein(eigs,real_eigs): 1653.615, Wasserstein(log_eigs,log_real_eigs): 2.406
torch.Size([64, 2500])
Epoch [59/1000], Wasserstein(eigs,real_eigs): 2163.063, Wasserstein(log_eigs,log_real_eigs): 2.466
torch.Size([64, 2500])
Epoch [60/1000], Wasserstein(eigs,real_eigs): 1248.553, Wasserstein(log_eigs,log_real_eigs): 2.269
torch.Size([64, 2500])
Epoch [61/1000], Wasserstein(eigs,real_eigs): 1393.795, Wasserstein(log_eigs,log_real_eigs): 2.354
torch.Size([64, 2500])
Epoch [62/1000], Wasserstein(eigs,real_eigs): 1719.967, Wasserstein(log_eigs,log_real_eigs): 2.393
torch.Size([64, 2500])
Epoch [63/1000], Wasserstein(eigs,real_eigs): 1917.238, Wasserstein(log_eigs,log_real_eigs): 2.393
torch.Size([64, 2500])
Epoch [64/1000], Wasserstein(eigs,real_eigs): 2228.892, Wasserstein(log_eigs,log_real_eigs): 2.560
torch.Size([64, 2500])
Epoch [65/1000], Wasserstein(eigs,real_eigs): 2247.723, Wasserstein(log_eigs,log_real_eigs): 2.489
torch.Size([64, 2500])
Epoch [66/1000], Wasserstein(eigs,real_eigs): 2014.968, Wasserstein(log_eigs,log_real_eigs): 2.428
torch.Size([64, 2500])
Epoch [67/1000], Wasserstein(eigs,real_eigs): 1547.309, Wasserstein(log_eigs,log_real_eigs): 2.415
torch.Size([64, 2500])
Epoch [68/1000], Wasserstein(eigs,real_eigs): 3160.645, Wasserstein(log_eigs,log_real_eigs): 2.767
torch.Size([64, 2500])
Epoch [69/1000], Wasserstein(eigs,real_eigs): 3504.271, Wasserstein(log_eigs,log_real_eigs): 2.651
torch.Size([64, 2500])
Epoch [70/1000], Wasserstein(eigs,real_eigs): 2560.862, Wasserstein(log_eigs,log_real_eigs): 2.621
torch.Size([64, 2500])
Epoch [71/1000], Wasserstein(eigs,real_eigs): 1980.109, Wasserstein(log_eigs,log_real_eigs): 2.474
torch.Size([64, 2500])
Epoch [72/1000], Wasserstein(eigs,real_eigs): 2719.552, Wasserstein(log_eigs,log_real_eigs): 2.655
torch.Size([64, 2500])
Epoch [73/1000], Wasserstein(eigs,real_eigs): 4527.967, Wasserstein(log_eigs,log_real_eigs): 2.776
torch.Size([64, 2500])
Epoch [74/1000], Wasserstein(eigs,real_eigs): 5410.876, Wasserstein(log_eigs,log_real_eigs): 2.951
torch.Size([64, 2500])
Epoch [75/1000], Wasserstein(eigs,real_eigs): 5295.039, Wasserstein(log_eigs,log_real_eigs): 2.962
torch.Size([64, 2500])
Epoch [76/1000], Wasserstein(eigs,real_eigs): 3560.824, Wasserstein(log_eigs,log_real_eigs): 2.776
torch.Size([64, 2500])
Epoch [77/1000], Wasserstein(eigs,real_eigs): 3295.955, Wasserstein(log_eigs,log_real_eigs): 2.710
torch.Size([64, 2500])
Epoch [78/1000], Wasserstein(eigs,real_eigs): 3306.991, Wasserstein(log_eigs,log_real_eigs): 2.660
torch.Size([64, 2500])
Epoch [79/1000], Wasserstein(eigs,real_eigs): 3878.566, Wasserstein(log_eigs,log_real_eigs): 2.715
torch.Size([64, 2500])
Epoch [80/1000], Wasserstein(eigs,real_eigs): 3826.994, Wasserstein(log_eigs,log_real_eigs): 2.774
torch.Size([64, 2500])
Epoch [81/1000], Wasserstein(eigs,real_eigs): 5252.015, Wasserstein(log_eigs,log_real_eigs): 2.966
torch.Size([64, 2500])
Epoch [82/1000], Wasserstein(eigs,real_eigs): 4035.810, Wasserstein(log_eigs,log_real_eigs): 2.905
torch.Size([64, 2500])
Epoch [83/1000], Wasserstein(eigs,real_eigs): 5724.521, Wasserstein(log_eigs,log_real_eigs): 2.979
torch.Size([64, 2500])
Epoch [84/1000], Wasserstein(eigs,real_eigs): 6307.142, Wasserstein(log_eigs,log_real_eigs): 2.989
torch.Size([64, 2500])
Epoch [85/1000], Wasserstein(eigs,real_eigs): 8633.441, Wasserstein(log_eigs,log_real_eigs): 3.182
torch.Size([64, 2500])
Epoch [86/1000], Wasserstein(eigs,real_eigs): 10543.926, Wasserstein(log_eigs,log_real_eigs): 3.308
torch.Size([64, 2500])
Epoch [87/1000], Wasserstein(eigs,real_eigs): 8355.562, Wasserstein(log_eigs,log_real_eigs): 3.151
torch.Size([64, 2500])
Epoch [88/1000], Wasserstein(eigs,real_eigs): 12621.144, Wasserstein(log_eigs,log_real_eigs): 3.316
torch.Size([64, 2500])
Epoch [89/1000], Wasserstein(eigs,real_eigs): 10117.967, Wasserstein(log_eigs,log_real_eigs): 3.182
torch.Size([64, 2500])
Epoch [90/1000], Wasserstein(eigs,real_eigs): 12500.272, Wasserstein(log_eigs,log_real_eigs): 3.414
torch.Size([64, 2500])
Epoch [91/1000], Wasserstein(eigs,real_eigs): 12020.950, Wasserstein(log_eigs,log_real_eigs): 3.267
torch.Size([64, 2500])
Epoch [92/1000], Wasserstein(eigs,real_eigs): 19130.392, Wasserstein(log_eigs,log_real_eigs): 3.519
torch.Size([64, 2500])
Epoch [93/1000], Wasserstein(eigs,real_eigs): 16848.726, Wasserstein(log_eigs,log_real_eigs): 3.458
torch.Size([64, 2500])
Epoch [94/1000], Wasserstein(eigs,real_eigs): 19767.772, Wasserstein(log_eigs,log_real_eigs): 3.530
torch.Size([64, 2500])
Epoch [95/1000], Wasserstein(eigs,real_eigs): 17053.316, Wasserstein(log_eigs,log_real_eigs): 3.542
torch.Size([64, 2500])
Epoch [96/1000], Wasserstein(eigs,real_eigs): 15240.854, Wasserstein(log_eigs,log_real_eigs): 3.402
torch.Size([64, 2500])
Epoch [97/1000], Wasserstein(eigs,real_eigs): 16030.368, Wasserstein(log_eigs,log_real_eigs): 3.507
torch.Size([64, 2500])
Epoch [98/1000], Wasserstein(eigs,real_eigs): 20612.324, Wasserstein(log_eigs,log_real_eigs): 3.623
torch.Size([64, 2500])
Epoch [99/1000], Wasserstein(eigs,real_eigs): 21540.464, Wasserstein(log_eigs,log_real_eigs): 3.615
torch.Size([64, 2500])
Epoch [100/1000], Wasserstein(eigs,real_eigs): 17363.819, Wasserstein(log_eigs,log_real_eigs): 3.606
torch.Size([64, 2500])
Epoch [101/1000], Wasserstein(eigs,real_eigs): 12437.995, Wasserstein(log_eigs,log_real_eigs): 3.451
torch.Size([64, 2500])
Epoch [102/1000], Wasserstein(eigs,real_eigs): 8771.368, Wasserstein(log_eigs,log_real_eigs): 3.175
torch.Size([64, 2500])
Epoch [103/1000], Wasserstein(eigs,real_eigs): 6712.128, Wasserstein(log_eigs,log_real_eigs): 3.044
torch.Size([64, 2500])
Epoch [104/1000], Wasserstein(eigs,real_eigs): 7982.956, Wasserstein(log_eigs,log_real_eigs): 3.195
torch.Size([64, 2500])
Epoch [105/1000], Wasserstein(eigs,real_eigs): 10228.746, Wasserstein(log_eigs,log_real_eigs): 3.334
torch.Size([64, 2500])
Epoch [106/1000], Wasserstein(eigs,real_eigs): 6857.580, Wasserstein(log_eigs,log_real_eigs): 3.008
torch.Size([64, 2500])
Epoch [107/1000], Wasserstein(eigs,real_eigs): 9718.827, Wasserstein(log_eigs,log_real_eigs): 3.298
torch.Size([64, 2500])
Epoch [108/1000], Wasserstein(eigs,real_eigs): 16079.668, Wasserstein(log_eigs,log_real_eigs): 3.573
torch.Size([64, 2500])
Epoch [109/1000], Wasserstein(eigs,real_eigs): 25361.836, Wasserstein(log_eigs,log_real_eigs): 3.846
torch.Size([64, 2500])
Epoch [110/1000], Wasserstein(eigs,real_eigs): 31354.119, Wasserstein(log_eigs,log_real_eigs): 3.921
torch.Size([64, 2500])
Epoch [111/1000], Wasserstein(eigs,real_eigs): 22435.866, Wasserstein(log_eigs,log_real_eigs): 3.730
torch.Size([64, 2500])
Epoch [112/1000], Wasserstein(eigs,real_eigs): 16945.558, Wasserstein(log_eigs,log_real_eigs): 3.553
torch.Size([64, 2500])
Epoch [113/1000], Wasserstein(eigs,real_eigs): 16283.179, Wasserstein(log_eigs,log_real_eigs): 3.521
torch.Size([64, 2500])
Epoch [114/1000], Wasserstein(eigs,real_eigs): 15314.190, Wasserstein(log_eigs,log_real_eigs): 3.423
torch.Size([64, 2500])
Epoch [115/1000], Wasserstein(eigs,real_eigs): 13698.640, Wasserstein(log_eigs,log_real_eigs): 3.403
torch.Size([64, 2500])
Epoch [116/1000], Wasserstein(eigs,real_eigs): 15543.642, Wasserstein(log_eigs,log_real_eigs): 3.476
torch.Size([64, 2500])
Epoch [117/1000], Wasserstein(eigs,real_eigs): 21188.074, Wasserstein(log_eigs,log_real_eigs): 3.638
torch.Size([64, 2500])
Epoch [118/1000], Wasserstein(eigs,real_eigs): 20892.023, Wasserstein(log_eigs,log_real_eigs): 3.668
torch.Size([64, 2500])
Epoch [119/1000], Wasserstein(eigs,real_eigs): 26729.158, Wasserstein(log_eigs,log_real_eigs): 3.734
torch.Size([64, 2500])
Epoch [120/1000], Wasserstein(eigs,real_eigs): 26621.101, Wasserstein(log_eigs,log_real_eigs): 3.821
torch.Size([64, 2500])
Epoch [121/1000], Wasserstein(eigs,real_eigs): 34281.025, Wasserstein(log_eigs,log_real_eigs): 4.011
torch.Size([64, 2500])
Epoch [122/1000], Wasserstein(eigs,real_eigs): 26200.605, Wasserstein(log_eigs,log_real_eigs): 3.874
torch.Size([64, 2500])
Epoch [123/1000], Wasserstein(eigs,real_eigs): 22868.696, Wasserstein(log_eigs,log_real_eigs): 3.815
torch.Size([64, 2500])
Epoch [124/1000], Wasserstein(eigs,real_eigs): 12464.250, Wasserstein(log_eigs,log_real_eigs): 3.441
torch.Size([64, 2500])
Epoch [125/1000], Wasserstein(eigs,real_eigs): 9451.121, Wasserstein(log_eigs,log_real_eigs): 3.322
torch.Size([64, 2500])
Epoch [126/1000], Wasserstein(eigs,real_eigs): 6709.912, Wasserstein(log_eigs,log_real_eigs): 3.173
torch.Size([64, 2500])
Epoch [127/1000], Wasserstein(eigs,real_eigs): 5940.647, Wasserstein(log_eigs,log_real_eigs): 3.044
torch.Size([64, 2500])
Epoch [128/1000], Wasserstein(eigs,real_eigs): 7105.537, Wasserstein(log_eigs,log_real_eigs): 3.066
torch.Size([64, 2500])
Epoch [129/1000], Wasserstein(eigs,real_eigs): 3808.426, Wasserstein(log_eigs,log_real_eigs): 2.859
torch.Size([64, 2500])
Epoch [130/1000], Wasserstein(eigs,real_eigs): 5586.307, Wasserstein(log_eigs,log_real_eigs): 3.064
torch.Size([64, 2500])
Epoch [131/1000], Wasserstein(eigs,real_eigs): 4925.667, Wasserstein(log_eigs,log_real_eigs): 3.037
torch.Size([64, 2500])
Epoch [132/1000], Wasserstein(eigs,real_eigs): 6155.601, Wasserstein(log_eigs,log_real_eigs): 3.156
torch.Size([64, 2500])
Epoch [133/1000], Wasserstein(eigs,real_eigs): 5832.474, Wasserstein(log_eigs,log_real_eigs): 3.166
torch.Size([64, 2500])
Epoch [134/1000], Wasserstein(eigs,real_eigs): 4963.601, Wasserstein(log_eigs,log_real_eigs): 3.080
torch.Size([64, 2500])
Epoch [135/1000], Wasserstein(eigs,real_eigs): 5097.338, Wasserstein(log_eigs,log_real_eigs): 2.961
torch.Size([64, 2500])
Epoch [136/1000], Wasserstein(eigs,real_eigs): 6877.518, Wasserstein(log_eigs,log_real_eigs): 3.247
torch.Size([64, 2500])
Epoch [137/1000], Wasserstein(eigs,real_eigs): 12701.429, Wasserstein(log_eigs,log_real_eigs): 3.460
torch.Size([64, 2500])
Epoch [138/1000], Wasserstein(eigs,real_eigs): 16565.377, Wasserstein(log_eigs,log_real_eigs): 3.635
torch.Size([64, 2500])
Epoch [139/1000], Wasserstein(eigs,real_eigs): 17584.648, Wasserstein(log_eigs,log_real_eigs): 3.690
torch.Size([64, 2500])
Epoch [140/1000], Wasserstein(eigs,real_eigs): 16852.861, Wasserstein(log_eigs,log_real_eigs): 3.566
torch.Size([64, 2500])
Epoch [141/1000], Wasserstein(eigs,real_eigs): 15897.675, Wasserstein(log_eigs,log_real_eigs): 3.557
torch.Size([64, 2500])
Epoch [142/1000], Wasserstein(eigs,real_eigs): 18495.887, Wasserstein(log_eigs,log_real_eigs): 3.634
torch.Size([64, 2500])
Epoch [143/1000], Wasserstein(eigs,real_eigs): 23494.891, Wasserstein(log_eigs,log_real_eigs): 3.826
torch.Size([64, 2500])
Epoch [144/1000], Wasserstein(eigs,real_eigs): 34493.397, Wasserstein(log_eigs,log_real_eigs): 3.894
torch.Size([64, 2500])
Epoch [145/1000], Wasserstein(eigs,real_eigs): 47030.580, Wasserstein(log_eigs,log_real_eigs): 3.995
torch.Size([64, 2500])
Epoch [146/1000], Wasserstein(eigs,real_eigs): 60634.849, Wasserstein(log_eigs,log_real_eigs): 4.248
torch.Size([64, 2500])
Epoch [147/1000], Wasserstein(eigs,real_eigs): 48057.097, Wasserstein(log_eigs,log_real_eigs): 3.974
torch.Size([64, 2500])
Epoch [148/1000], Wasserstein(eigs,real_eigs): 26676.640, Wasserstein(log_eigs,log_real_eigs): 3.804
torch.Size([64, 2500])
Epoch [149/1000], Wasserstein(eigs,real_eigs): 30032.840, Wasserstein(log_eigs,log_real_eigs): 3.766
torch.Size([64, 2500])
Epoch [150/1000], Wasserstein(eigs,real_eigs): 33839.600, Wasserstein(log_eigs,log_real_eigs): 3.917
torch.Size([64, 2500])
Epoch [151/1000], Wasserstein(eigs,real_eigs): 37247.852, Wasserstein(log_eigs,log_real_eigs): 3.996
torch.Size([64, 2500])
Epoch [152/1000], Wasserstein(eigs,real_eigs): 31105.346, Wasserstein(log_eigs,log_real_eigs): 3.748
torch.Size([64, 2500])
Epoch [153/1000], Wasserstein(eigs,real_eigs): 30489.917, Wasserstein(log_eigs,log_real_eigs): 3.809
torch.Size([64, 2500])
Epoch [154/1000], Wasserstein(eigs,real_eigs): 14493.361, Wasserstein(log_eigs,log_real_eigs): 3.588
torch.Size([64, 2500])
Epoch [155/1000], Wasserstein(eigs,real_eigs): 13075.138, Wasserstein(log_eigs,log_real_eigs): 3.491
torch.Size([64, 2500])
Epoch [156/1000], Wasserstein(eigs,real_eigs): 13889.944, Wasserstein(log_eigs,log_real_eigs): 3.564
torch.Size([64, 2500])
Epoch [157/1000], Wasserstein(eigs,real_eigs): 9609.476, Wasserstein(log_eigs,log_real_eigs): 3.454
torch.Size([64, 2500])
Epoch [158/1000], Wasserstein(eigs,real_eigs): 7746.061, Wasserstein(log_eigs,log_real_eigs): 3.294
torch.Size([64, 2500])
Epoch [159/1000], Wasserstein(eigs,real_eigs): 8422.674, Wasserstein(log_eigs,log_real_eigs): 3.277
torch.Size([64, 2500])
Epoch [160/1000], Wasserstein(eigs,real_eigs): 9432.200, Wasserstein(log_eigs,log_real_eigs): 3.419
torch.Size([64, 2500])
Epoch [161/1000], Wasserstein(eigs,real_eigs): 9345.005, Wasserstein(log_eigs,log_real_eigs): 3.415
torch.Size([64, 2500])
Epoch [162/1000], Wasserstein(eigs,real_eigs): 8470.118, Wasserstein(log_eigs,log_real_eigs): 3.322
torch.Size([64, 2500])
Epoch [163/1000], Wasserstein(eigs,real_eigs): 8530.226, Wasserstein(log_eigs,log_real_eigs): 3.363
torch.Size([64, 2500])
Epoch [164/1000], Wasserstein(eigs,real_eigs): 8465.553, Wasserstein(log_eigs,log_real_eigs): 3.328
torch.Size([64, 2500])
Epoch [165/1000], Wasserstein(eigs,real_eigs): 12024.772, Wasserstein(log_eigs,log_real_eigs): 3.507
torch.Size([64, 2500])
Epoch [166/1000], Wasserstein(eigs,real_eigs): 14736.554, Wasserstein(log_eigs,log_real_eigs): 3.623
torch.Size([64, 2500])
Epoch [167/1000], Wasserstein(eigs,real_eigs): 14790.000, Wasserstein(log_eigs,log_real_eigs): 3.591
torch.Size([64, 2500])
Epoch [168/1000], Wasserstein(eigs,real_eigs): 12063.815, Wasserstein(log_eigs,log_real_eigs): 3.509
torch.Size([64, 2500])
Epoch [169/1000], Wasserstein(eigs,real_eigs): 13004.507, Wasserstein(log_eigs,log_real_eigs): 3.582
torch.Size([64, 2500])
Epoch [170/1000], Wasserstein(eigs,real_eigs): 10767.485, Wasserstein(log_eigs,log_real_eigs): 3.557
torch.Size([64, 2500])
Epoch [171/1000], Wasserstein(eigs,real_eigs): 10881.153, Wasserstein(log_eigs,log_real_eigs): 3.431
torch.Size([64, 2500])
Epoch [172/1000], Wasserstein(eigs,real_eigs): 13219.669, Wasserstein(log_eigs,log_real_eigs): 3.590
torch.Size([64, 2500])
Epoch [173/1000], Wasserstein(eigs,real_eigs): 13360.886, Wasserstein(log_eigs,log_real_eigs): 3.557
torch.Size([64, 2500])
Epoch [174/1000], Wasserstein(eigs,real_eigs): 18336.618, Wasserstein(log_eigs,log_real_eigs): 3.640
torch.Size([64, 2500])
Epoch [175/1000], Wasserstein(eigs,real_eigs): 21054.818, Wasserstein(log_eigs,log_real_eigs): 3.698
torch.Size([64, 2500])
Epoch [176/1000], Wasserstein(eigs,real_eigs): 20812.652, Wasserstein(log_eigs,log_real_eigs): 3.803
torch.Size([64, 2500])
Epoch [177/1000], Wasserstein(eigs,real_eigs): 19465.638, Wasserstein(log_eigs,log_real_eigs): 3.769
torch.Size([64, 2500])
Epoch [178/1000], Wasserstein(eigs,real_eigs): 19501.750, Wasserstein(log_eigs,log_real_eigs): 3.747
torch.Size([64, 2500])
Epoch [179/1000], Wasserstein(eigs,real_eigs): 19400.025, Wasserstein(log_eigs,log_real_eigs): 3.631
torch.Size([64, 2500])
Epoch [180/1000], Wasserstein(eigs,real_eigs): 24444.030, Wasserstein(log_eigs,log_real_eigs): 3.783
torch.Size([64, 2500])
Epoch [181/1000], Wasserstein(eigs,real_eigs): 25488.866, Wasserstein(log_eigs,log_real_eigs): 3.824
torch.Size([64, 2500])
Epoch [182/1000], Wasserstein(eigs,real_eigs): 29541.821, Wasserstein(log_eigs,log_real_eigs): 3.875
torch.Size([64, 2500])
Epoch [183/1000], Wasserstein(eigs,real_eigs): 34163.121, Wasserstein(log_eigs,log_real_eigs): 3.943
torch.Size([64, 2500])
Epoch [184/1000], Wasserstein(eigs,real_eigs): 32982.304, Wasserstein(log_eigs,log_real_eigs): 3.967
torch.Size([64, 2500])
Epoch [185/1000], Wasserstein(eigs,real_eigs): 55528.533, Wasserstein(log_eigs,log_real_eigs): 4.066
torch.Size([64, 2500])
Epoch [186/1000], Wasserstein(eigs,real_eigs): 66269.117, Wasserstein(log_eigs,log_real_eigs): 4.211
torch.Size([64, 2500])
Epoch [187/1000], Wasserstein(eigs,real_eigs): 54415.220, Wasserstein(log_eigs,log_real_eigs): 4.192
torch.Size([64, 2500])
Epoch [188/1000], Wasserstein(eigs,real_eigs): 46376.111, Wasserstein(log_eigs,log_real_eigs): 4.146
torch.Size([64, 2500])
Epoch [189/1000], Wasserstein(eigs,real_eigs): 42158.194, Wasserstein(log_eigs,log_real_eigs): 4.094
torch.Size([64, 2500])
Epoch [190/1000], Wasserstein(eigs,real_eigs): 59410.151, Wasserstein(log_eigs,log_real_eigs): 4.244
torch.Size([64, 2500])
Epoch [191/1000], Wasserstein(eigs,real_eigs): 75103.848, Wasserstein(log_eigs,log_real_eigs): 4.399
torch.Size([64, 2500])
Epoch [192/1000], Wasserstein(eigs,real_eigs): 113693.635, Wasserstein(log_eigs,log_real_eigs): 4.609
torch.Size([64, 2500])
Epoch [193/1000], Wasserstein(eigs,real_eigs): 69335.878, Wasserstein(log_eigs,log_real_eigs): 4.377
torch.Size([64, 2500])
Epoch [194/1000], Wasserstein(eigs,real_eigs): 59345.111, Wasserstein(log_eigs,log_real_eigs): 4.225
torch.Size([64, 2500])
Epoch [195/1000], Wasserstein(eigs,real_eigs): 40803.803, Wasserstein(log_eigs,log_real_eigs): 4.103
torch.Size([64, 2500])
Epoch [196/1000], Wasserstein(eigs,real_eigs): 39524.637, Wasserstein(log_eigs,log_real_eigs): 4.066
torch.Size([64, 2500])
Epoch [197/1000], Wasserstein(eigs,real_eigs): 28646.019, Wasserstein(log_eigs,log_real_eigs): 3.898
torch.Size([64, 2500])
Epoch [198/1000], Wasserstein(eigs,real_eigs): 24264.738, Wasserstein(log_eigs,log_real_eigs): 3.726
torch.Size([64, 2500])
Epoch [199/1000], Wasserstein(eigs,real_eigs): 30361.475, Wasserstein(log_eigs,log_real_eigs): 3.799
torch.Size([64, 2500])
Epoch [200/1000], Wasserstein(eigs,real_eigs): 30575.773, Wasserstein(log_eigs,log_real_eigs): 3.913
torch.Size([64, 2500])
Epoch [201/1000], Wasserstein(eigs,real_eigs): 32652.254, Wasserstein(log_eigs,log_real_eigs): 3.935
torch.Size([64, 2500])
Epoch [202/1000], Wasserstein(eigs,real_eigs): 25723.965, Wasserstein(log_eigs,log_real_eigs): 3.853
torch.Size([64, 2500])
Epoch [203/1000], Wasserstein(eigs,real_eigs): 22996.155, Wasserstein(log_eigs,log_real_eigs): 3.882
torch.Size([64, 2500])
Epoch [204/1000], Wasserstein(eigs,real_eigs): 20130.564, Wasserstein(log_eigs,log_real_eigs): 3.779
torch.Size([64, 2500])
Epoch [205/1000], Wasserstein(eigs,real_eigs): 17860.768, Wasserstein(log_eigs,log_real_eigs): 3.730
torch.Size([64, 2500])
Epoch [206/1000], Wasserstein(eigs,real_eigs): 22635.954, Wasserstein(log_eigs,log_real_eigs): 3.791
torch.Size([64, 2500])
Epoch [207/1000], Wasserstein(eigs,real_eigs): 20608.266, Wasserstein(log_eigs,log_real_eigs): 3.729
torch.Size([64, 2500])
Epoch [208/1000], Wasserstein(eigs,real_eigs): 18077.172, Wasserstein(log_eigs,log_real_eigs): 3.732
torch.Size([64, 2500])
Epoch [209/1000], Wasserstein(eigs,real_eigs): 16054.981, Wasserstein(log_eigs,log_real_eigs): 3.589
torch.Size([64, 2500])
Epoch [210/1000], Wasserstein(eigs,real_eigs): 17975.581, Wasserstein(log_eigs,log_real_eigs): 3.723
torch.Size([64, 2500])
Epoch [211/1000], Wasserstein(eigs,real_eigs): 23427.998, Wasserstein(log_eigs,log_real_eigs): 3.868
torch.Size([64, 2500])
Epoch [212/1000], Wasserstein(eigs,real_eigs): 21342.567, Wasserstein(log_eigs,log_real_eigs): 3.814
torch.Size([64, 2500])
Epoch [213/1000], Wasserstein(eigs,real_eigs): 21148.980, Wasserstein(log_eigs,log_real_eigs): 3.825
torch.Size([64, 2500])
Epoch [214/1000], Wasserstein(eigs,real_eigs): 17816.186, Wasserstein(log_eigs,log_real_eigs): 3.660
torch.Size([64, 2500])
Epoch [215/1000], Wasserstein(eigs,real_eigs): 22611.496, Wasserstein(log_eigs,log_real_eigs): 3.736
torch.Size([64, 2500])
Epoch [216/1000], Wasserstein(eigs,real_eigs): 33679.876, Wasserstein(log_eigs,log_real_eigs): 4.032
torch.Size([64, 2500])
Epoch [217/1000], Wasserstein(eigs,real_eigs): 33177.127, Wasserstein(log_eigs,log_real_eigs): 3.990
torch.Size([64, 2500])
Epoch [218/1000], Wasserstein(eigs,real_eigs): 36542.998, Wasserstein(log_eigs,log_real_eigs): 4.041
torch.Size([64, 2500])
Epoch [219/1000], Wasserstein(eigs,real_eigs): 43942.416, Wasserstein(log_eigs,log_real_eigs): 4.127
torch.Size([64, 2500])
Epoch [220/1000], Wasserstein(eigs,real_eigs): 32208.914, Wasserstein(log_eigs,log_real_eigs): 3.962
torch.Size([64, 2500])
Epoch [221/1000], Wasserstein(eigs,real_eigs): 24412.674, Wasserstein(log_eigs,log_real_eigs): 3.782
torch.Size([64, 2500])
Epoch [222/1000], Wasserstein(eigs,real_eigs): 30937.200, Wasserstein(log_eigs,log_real_eigs): 3.929
torch.Size([64, 2500])
Epoch [223/1000], Wasserstein(eigs,real_eigs): 37855.132, Wasserstein(log_eigs,log_real_eigs): 3.940
torch.Size([64, 2500])
Epoch [224/1000], Wasserstein(eigs,real_eigs): 34640.622, Wasserstein(log_eigs,log_real_eigs): 4.014
torch.Size([64, 2500])
Epoch [225/1000], Wasserstein(eigs,real_eigs): 33232.516, Wasserstein(log_eigs,log_real_eigs): 3.976
torch.Size([64, 2500])
Epoch [226/1000], Wasserstein(eigs,real_eigs): 37214.894, Wasserstein(log_eigs,log_real_eigs): 4.011
torch.Size([64, 2500])
Epoch [227/1000], Wasserstein(eigs,real_eigs): 41039.207, Wasserstein(log_eigs,log_real_eigs): 4.111
torch.Size([64, 2500])
Epoch [228/1000], Wasserstein(eigs,real_eigs): 31164.904, Wasserstein(log_eigs,log_real_eigs): 3.956
torch.Size([64, 2500])
Epoch [229/1000], Wasserstein(eigs,real_eigs): 41040.856, Wasserstein(log_eigs,log_real_eigs): 4.129
torch.Size([64, 2500])
Epoch [230/1000], Wasserstein(eigs,real_eigs): 46693.352, Wasserstein(log_eigs,log_real_eigs): 4.166
torch.Size([64, 2500])
Epoch [231/1000], Wasserstein(eigs,real_eigs): 47578.306, Wasserstein(log_eigs,log_real_eigs): 4.183
torch.Size([64, 2500])
Epoch [232/1000], Wasserstein(eigs,real_eigs): 55484.144, Wasserstein(log_eigs,log_real_eigs): 4.268
torch.Size([64, 2500])
Epoch [233/1000], Wasserstein(eigs,real_eigs): 38162.060, Wasserstein(log_eigs,log_real_eigs): 4.104
torch.Size([64, 2500])
Epoch [234/1000], Wasserstein(eigs,real_eigs): 34377.373, Wasserstein(log_eigs,log_real_eigs): 3.945
torch.Size([64, 2500])
Epoch [235/1000], Wasserstein(eigs,real_eigs): 35425.206, Wasserstein(log_eigs,log_real_eigs): 4.016
torch.Size([64, 2500])
Epoch [236/1000], Wasserstein(eigs,real_eigs): 31003.215, Wasserstein(log_eigs,log_real_eigs): 3.890
torch.Size([64, 2500])
Epoch [237/1000], Wasserstein(eigs,real_eigs): 36982.201, Wasserstein(log_eigs,log_real_eigs): 4.010
torch.Size([64, 2500])
Epoch [238/1000], Wasserstein(eigs,real_eigs): 41559.961, Wasserstein(log_eigs,log_real_eigs): 4.099
torch.Size([64, 2500])
Epoch [239/1000], Wasserstein(eigs,real_eigs): 48202.489, Wasserstein(log_eigs,log_real_eigs): 4.178
torch.Size([64, 2500])
Epoch [240/1000], Wasserstein(eigs,real_eigs): 47801.609, Wasserstein(log_eigs,log_real_eigs): 4.149
torch.Size([64, 2500])
Epoch [241/1000], Wasserstein(eigs,real_eigs): 55523.998, Wasserstein(log_eigs,log_real_eigs): 4.254
torch.Size([64, 2500])
Epoch [242/1000], Wasserstein(eigs,real_eigs): 52193.115, Wasserstein(log_eigs,log_real_eigs): 4.223
torch.Size([64, 2500])
Epoch [243/1000], Wasserstein(eigs,real_eigs): 62183.480, Wasserstein(log_eigs,log_real_eigs): 4.312
torch.Size([64, 2500])
Epoch [244/1000], Wasserstein(eigs,real_eigs): 65439.773, Wasserstein(log_eigs,log_real_eigs): 4.431
torch.Size([64, 2500])
Epoch [245/1000], Wasserstein(eigs,real_eigs): 55860.189, Wasserstein(log_eigs,log_real_eigs): 4.222
torch.Size([64, 2500])
Epoch [246/1000], Wasserstein(eigs,real_eigs): 54909.576, Wasserstein(log_eigs,log_real_eigs): 4.248
torch.Size([64, 2500])
Epoch [247/1000], Wasserstein(eigs,real_eigs): 36307.867, Wasserstein(log_eigs,log_real_eigs): 4.056
torch.Size([64, 2500])
Epoch [248/1000], Wasserstein(eigs,real_eigs): 47873.244, Wasserstein(log_eigs,log_real_eigs): 4.182
torch.Size([64, 2500])
Epoch [249/1000], Wasserstein(eigs,real_eigs): 38821.626, Wasserstein(log_eigs,log_real_eigs): 4.108
torch.Size([64, 2500])
Epoch [250/1000], Wasserstein(eigs,real_eigs): 42835.931, Wasserstein(log_eigs,log_real_eigs): 4.186
torch.Size([64, 2500])
Epoch [251/1000], Wasserstein(eigs,real_eigs): 34154.263, Wasserstein(log_eigs,log_real_eigs): 4.071
torch.Size([64, 2500])
Epoch [252/1000], Wasserstein(eigs,real_eigs): 32021.507, Wasserstein(log_eigs,log_real_eigs): 4.003
torch.Size([64, 2500])
Epoch [253/1000], Wasserstein(eigs,real_eigs): 37669.677, Wasserstein(log_eigs,log_real_eigs): 4.096
torch.Size([64, 2500])
Epoch [254/1000], Wasserstein(eigs,real_eigs): 41075.251, Wasserstein(log_eigs,log_real_eigs): 4.165
torch.Size([64, 2500])
Epoch [255/1000], Wasserstein(eigs,real_eigs): 46788.393, Wasserstein(log_eigs,log_real_eigs): 4.253
torch.Size([64, 2500])
Epoch [256/1000], Wasserstein(eigs,real_eigs): 39185.687, Wasserstein(log_eigs,log_real_eigs): 4.092
torch.Size([64, 2500])
Epoch [257/1000], Wasserstein(eigs,real_eigs): 29217.173, Wasserstein(log_eigs,log_real_eigs): 3.918
torch.Size([64, 2500])
Epoch [258/1000], Wasserstein(eigs,real_eigs): 28082.280, Wasserstein(log_eigs,log_real_eigs): 3.984
torch.Size([64, 2500])
Epoch [259/1000], Wasserstein(eigs,real_eigs): 21736.331, Wasserstein(log_eigs,log_real_eigs): 3.882
torch.Size([64, 2500])
Epoch [260/1000], Wasserstein(eigs,real_eigs): 22446.322, Wasserstein(log_eigs,log_real_eigs): 3.926
torch.Size([64, 2500])
Epoch [261/1000], Wasserstein(eigs,real_eigs): 24475.187, Wasserstein(log_eigs,log_real_eigs): 3.863
torch.Size([64, 2500])
Epoch [262/1000], Wasserstein(eigs,real_eigs): 22552.799, Wasserstein(log_eigs,log_real_eigs): 3.849
torch.Size([64, 2500])
Epoch [263/1000], Wasserstein(eigs,real_eigs): 23612.314, Wasserstein(log_eigs,log_real_eigs): 3.787
torch.Size([64, 2500])
Epoch [264/1000], Wasserstein(eigs,real_eigs): 24358.522, Wasserstein(log_eigs,log_real_eigs): 3.795
torch.Size([64, 2500])
Epoch [265/1000], Wasserstein(eigs,real_eigs): 27934.243, Wasserstein(log_eigs,log_real_eigs): 3.937
torch.Size([64, 2500])
Epoch [266/1000], Wasserstein(eigs,real_eigs): 32354.435, Wasserstein(log_eigs,log_real_eigs): 4.043
torch.Size([64, 2500])
Epoch [267/1000], Wasserstein(eigs,real_eigs): 30968.557, Wasserstein(log_eigs,log_real_eigs): 3.976
torch.Size([64, 2500])
Epoch [268/1000], Wasserstein(eigs,real_eigs): 22388.507, Wasserstein(log_eigs,log_real_eigs): 3.830
torch.Size([64, 2500])
Epoch [269/1000], Wasserstein(eigs,real_eigs): 18768.695, Wasserstein(log_eigs,log_real_eigs): 3.805
torch.Size([64, 2500])
Epoch [270/1000], Wasserstein(eigs,real_eigs): 16840.103, Wasserstein(log_eigs,log_real_eigs): 3.727
torch.Size([64, 2500])
Epoch [271/1000], Wasserstein(eigs,real_eigs): 17267.472, Wasserstein(log_eigs,log_real_eigs): 3.686
torch.Size([64, 2500])
Epoch [272/1000], Wasserstein(eigs,real_eigs): 21219.232, Wasserstein(log_eigs,log_real_eigs): 3.842
torch.Size([64, 2500])
Epoch [273/1000], Wasserstein(eigs,real_eigs): 23513.222, Wasserstein(log_eigs,log_real_eigs): 3.886
torch.Size([64, 2500])
Epoch [274/1000], Wasserstein(eigs,real_eigs): 19669.583, Wasserstein(log_eigs,log_real_eigs): 3.788
torch.Size([64, 2500])
Epoch [275/1000], Wasserstein(eigs,real_eigs): 24889.089, Wasserstein(log_eigs,log_real_eigs): 3.842
torch.Size([64, 2500])
Epoch [276/1000], Wasserstein(eigs,real_eigs): 26825.729, Wasserstein(log_eigs,log_real_eigs): 3.959
torch.Size([64, 2500])
Epoch [277/1000], Wasserstein(eigs,real_eigs): 30013.356, Wasserstein(log_eigs,log_real_eigs): 3.988
torch.Size([64, 2500])
Epoch [278/1000], Wasserstein(eigs,real_eigs): 29076.119, Wasserstein(log_eigs,log_real_eigs): 3.988
torch.Size([64, 2500])
Epoch [279/1000], Wasserstein(eigs,real_eigs): 34001.307, Wasserstein(log_eigs,log_real_eigs): 4.042
torch.Size([64, 2500])
Epoch [280/1000], Wasserstein(eigs,real_eigs): 56725.773, Wasserstein(log_eigs,log_real_eigs): 4.350
torch.Size([64, 2500])
Epoch [281/1000], Wasserstein(eigs,real_eigs): 74285.065, Wasserstein(log_eigs,log_real_eigs): 4.419
torch.Size([64, 2500])
Epoch [282/1000], Wasserstein(eigs,real_eigs): 51676.999, Wasserstein(log_eigs,log_real_eigs): 4.264
torch.Size([64, 2500])
Epoch [283/1000], Wasserstein(eigs,real_eigs): 31841.295, Wasserstein(log_eigs,log_real_eigs): 4.057
torch.Size([64, 2500])
Epoch [284/1000], Wasserstein(eigs,real_eigs): 41170.297, Wasserstein(log_eigs,log_real_eigs): 4.087
torch.Size([64, 2500])
Epoch [285/1000], Wasserstein(eigs,real_eigs): 50166.686, Wasserstein(log_eigs,log_real_eigs): 4.253
torch.Size([64, 2500])
Epoch [286/1000], Wasserstein(eigs,real_eigs): 27169.804, Wasserstein(log_eigs,log_real_eigs): 3.888
torch.Size([64, 2500])
Epoch [287/1000], Wasserstein(eigs,real_eigs): 24232.796, Wasserstein(log_eigs,log_real_eigs): 3.921
torch.Size([64, 2500])
Epoch [288/1000], Wasserstein(eigs,real_eigs): 23910.198, Wasserstein(log_eigs,log_real_eigs): 3.916
torch.Size([64, 2500])
Epoch [289/1000], Wasserstein(eigs,real_eigs): 27502.230, Wasserstein(log_eigs,log_real_eigs): 3.968
torch.Size([64, 2500])
Epoch [290/1000], Wasserstein(eigs,real_eigs): 33033.191, Wasserstein(log_eigs,log_real_eigs): 4.038
torch.Size([64, 2500])
Epoch [291/1000], Wasserstein(eigs,real_eigs): 47544.444, Wasserstein(log_eigs,log_real_eigs): 4.317
torch.Size([64, 2500])
Epoch [292/1000], Wasserstein(eigs,real_eigs): 37566.813, Wasserstein(log_eigs,log_real_eigs): 4.112
torch.Size([64, 2500])
Epoch [293/1000], Wasserstein(eigs,real_eigs): 23875.813, Wasserstein(log_eigs,log_real_eigs): 3.790
torch.Size([64, 2500])
Epoch [294/1000], Wasserstein(eigs,real_eigs): 23733.759, Wasserstein(log_eigs,log_real_eigs): 3.870
torch.Size([64, 2500])
Epoch [295/1000], Wasserstein(eigs,real_eigs): 27028.929, Wasserstein(log_eigs,log_real_eigs): 3.974
torch.Size([64, 2500])
Epoch [296/1000], Wasserstein(eigs,real_eigs): 24697.733, Wasserstein(log_eigs,log_real_eigs): 3.851
torch.Size([64, 2500])
Epoch [297/1000], Wasserstein(eigs,real_eigs): 40508.948, Wasserstein(log_eigs,log_real_eigs): 4.162
torch.Size([64, 2500])
Epoch [298/1000], Wasserstein(eigs,real_eigs): 49557.062, Wasserstein(log_eigs,log_real_eigs): 4.256
torch.Size([64, 2500])
Epoch [299/1000], Wasserstein(eigs,real_eigs): 52956.178, Wasserstein(log_eigs,log_real_eigs): 4.299
torch.Size([64, 2500])
Epoch [300/1000], Wasserstein(eigs,real_eigs): 26011.505, Wasserstein(log_eigs,log_real_eigs): 3.886
torch.Size([64, 2500])
Epoch [301/1000], Wasserstein(eigs,real_eigs): 23265.819, Wasserstein(log_eigs,log_real_eigs): 3.933
torch.Size([64, 2500])
Epoch [302/1000], Wasserstein(eigs,real_eigs): 18230.902, Wasserstein(log_eigs,log_real_eigs): 3.790
torch.Size([64, 2500])
Epoch [303/1000], Wasserstein(eigs,real_eigs): 25837.725, Wasserstein(log_eigs,log_real_eigs): 3.895
torch.Size([64, 2500])
Epoch [304/1000], Wasserstein(eigs,real_eigs): 32562.301, Wasserstein(log_eigs,log_real_eigs): 4.064
torch.Size([64, 2500])
Epoch [305/1000], Wasserstein(eigs,real_eigs): 39379.121, Wasserstein(log_eigs,log_real_eigs): 4.120
torch.Size([64, 2500])
Epoch [306/1000], Wasserstein(eigs,real_eigs): 51476.063, Wasserstein(log_eigs,log_real_eigs): 4.265
torch.Size([64, 2500])
Epoch [307/1000], Wasserstein(eigs,real_eigs): 29249.342, Wasserstein(log_eigs,log_real_eigs): 3.982
torch.Size([64, 2500])
Epoch [308/1000], Wasserstein(eigs,real_eigs): 33640.818, Wasserstein(log_eigs,log_real_eigs): 4.090
torch.Size([64, 2500])
Epoch [309/1000], Wasserstein(eigs,real_eigs): 24633.713, Wasserstein(log_eigs,log_real_eigs): 3.836
torch.Size([64, 2500])
Epoch [310/1000], Wasserstein(eigs,real_eigs): 22042.641, Wasserstein(log_eigs,log_real_eigs): 3.815
torch.Size([64, 2500])
Epoch [311/1000], Wasserstein(eigs,real_eigs): 28893.287, Wasserstein(log_eigs,log_real_eigs): 3.990
torch.Size([64, 2500])
Epoch [312/1000], Wasserstein(eigs,real_eigs): 29459.004, Wasserstein(log_eigs,log_real_eigs): 3.960
torch.Size([64, 2500])
Epoch [313/1000], Wasserstein(eigs,real_eigs): 22037.445, Wasserstein(log_eigs,log_real_eigs): 3.797
torch.Size([64, 2500])
Epoch [314/1000], Wasserstein(eigs,real_eigs): 33134.244, Wasserstein(log_eigs,log_real_eigs): 4.030
torch.Size([64, 2500])
Epoch [315/1000], Wasserstein(eigs,real_eigs): 41684.046, Wasserstein(log_eigs,log_real_eigs): 4.208
torch.Size([64, 2500])
Epoch [316/1000], Wasserstein(eigs,real_eigs): 49628.946, Wasserstein(log_eigs,log_real_eigs): 4.176
torch.Size([64, 2500])
Epoch [317/1000], Wasserstein(eigs,real_eigs): 22969.672, Wasserstein(log_eigs,log_real_eigs): 3.920
torch.Size([64, 2500])
Epoch [318/1000], Wasserstein(eigs,real_eigs): 20040.308, Wasserstein(log_eigs,log_real_eigs): 3.899
torch.Size([64, 2500])
Epoch [319/1000], Wasserstein(eigs,real_eigs): 24707.525, Wasserstein(log_eigs,log_real_eigs): 3.953
torch.Size([64, 2500])
Epoch [320/1000], Wasserstein(eigs,real_eigs): 29885.365, Wasserstein(log_eigs,log_real_eigs): 4.100
torch.Size([64, 2500])
Epoch [321/1000], Wasserstein(eigs,real_eigs): 15983.313, Wasserstein(log_eigs,log_real_eigs): 3.746
torch.Size([64, 2500])
Epoch [322/1000], Wasserstein(eigs,real_eigs): 18135.564, Wasserstein(log_eigs,log_real_eigs): 3.845
torch.Size([64, 2500])
Epoch [323/1000], Wasserstein(eigs,real_eigs): 19908.995, Wasserstein(log_eigs,log_real_eigs): 3.897
torch.Size([64, 2500])
Epoch [324/1000], Wasserstein(eigs,real_eigs): 17288.426, Wasserstein(log_eigs,log_real_eigs): 3.798
torch.Size([64, 2500])
Epoch [325/1000], Wasserstein(eigs,real_eigs): 24785.415, Wasserstein(log_eigs,log_real_eigs): 3.889
torch.Size([64, 2500])
Epoch [326/1000], Wasserstein(eigs,real_eigs): 31489.964, Wasserstein(log_eigs,log_real_eigs): 4.074
torch.Size([64, 2500])
Epoch [327/1000], Wasserstein(eigs,real_eigs): 37209.911, Wasserstein(log_eigs,log_real_eigs): 4.086
torch.Size([64, 2500])
Epoch [328/1000], Wasserstein(eigs,real_eigs): 23215.687, Wasserstein(log_eigs,log_real_eigs): 3.901
torch.Size([64, 2500])
Epoch [329/1000], Wasserstein(eigs,real_eigs): 20741.161, Wasserstein(log_eigs,log_real_eigs): 3.926
torch.Size([64, 2500])
Epoch [330/1000], Wasserstein(eigs,real_eigs): 18739.908, Wasserstein(log_eigs,log_real_eigs): 3.866
torch.Size([64, 2500])
Epoch [331/1000], Wasserstein(eigs,real_eigs): 29015.814, Wasserstein(log_eigs,log_real_eigs): 3.965
torch.Size([64, 2500])
Epoch [332/1000], Wasserstein(eigs,real_eigs): 17257.285, Wasserstein(log_eigs,log_real_eigs): 3.796
torch.Size([64, 2500])
Epoch [333/1000], Wasserstein(eigs,real_eigs): 16013.139, Wasserstein(log_eigs,log_real_eigs): 3.763
torch.Size([64, 2500])
Epoch [334/1000], Wasserstein(eigs,real_eigs): 13058.741, Wasserstein(log_eigs,log_real_eigs): 3.656
torch.Size([64, 2500])
Epoch [335/1000], Wasserstein(eigs,real_eigs): 13252.062, Wasserstein(log_eigs,log_real_eigs): 3.685
torch.Size([64, 2500])
Epoch [336/1000], Wasserstein(eigs,real_eigs): 11273.224, Wasserstein(log_eigs,log_real_eigs): 3.557
torch.Size([64, 2500])
Epoch [337/1000], Wasserstein(eigs,real_eigs): 10572.245, Wasserstein(log_eigs,log_real_eigs): 3.532
torch.Size([64, 2500])
Epoch [338/1000], Wasserstein(eigs,real_eigs): 9919.144, Wasserstein(log_eigs,log_real_eigs): 3.558
torch.Size([64, 2500])
Epoch [339/1000], Wasserstein(eigs,real_eigs): 14291.077, Wasserstein(log_eigs,log_real_eigs): 3.625
torch.Size([64, 2500])
Epoch [340/1000], Wasserstein(eigs,real_eigs): 9694.156, Wasserstein(log_eigs,log_real_eigs): 3.430
torch.Size([64, 2500])
Epoch [341/1000], Wasserstein(eigs,real_eigs): 9045.194, Wasserstein(log_eigs,log_real_eigs): 3.317
torch.Size([64, 2500])
Epoch [342/1000], Wasserstein(eigs,real_eigs): 12457.273, Wasserstein(log_eigs,log_real_eigs): 3.537
torch.Size([64, 2500])
Epoch [343/1000], Wasserstein(eigs,real_eigs): 12402.029, Wasserstein(log_eigs,log_real_eigs): 3.723
torch.Size([64, 2500])
Epoch [344/1000], Wasserstein(eigs,real_eigs): 7712.909, Wasserstein(log_eigs,log_real_eigs): 3.403
torch.Size([64, 2500])
Epoch [345/1000], Wasserstein(eigs,real_eigs): 7557.883, Wasserstein(log_eigs,log_real_eigs): 3.280
torch.Size([64, 2500])
Epoch [346/1000], Wasserstein(eigs,real_eigs): 7760.683, Wasserstein(log_eigs,log_real_eigs): 3.347
torch.Size([64, 2500])
Epoch [347/1000], Wasserstein(eigs,real_eigs): 8386.507, Wasserstein(log_eigs,log_real_eigs): 3.442
torch.Size([64, 2500])
Epoch [348/1000], Wasserstein(eigs,real_eigs): 8191.184, Wasserstein(log_eigs,log_real_eigs): 3.423
torch.Size([64, 2500])
Epoch [349/1000], Wasserstein(eigs,real_eigs): 8933.901, Wasserstein(log_eigs,log_real_eigs): 3.521
torch.Size([64, 2500])
Epoch [350/1000], Wasserstein(eigs,real_eigs): 10980.182, Wasserstein(log_eigs,log_real_eigs): 3.473
torch.Size([64, 2500])
Epoch [351/1000], Wasserstein(eigs,real_eigs): 16484.150, Wasserstein(log_eigs,log_real_eigs): 3.733
torch.Size([64, 2500])
Epoch [352/1000], Wasserstein(eigs,real_eigs): 11588.480, Wasserstein(log_eigs,log_real_eigs): 3.590
torch.Size([64, 2500])
Epoch [353/1000], Wasserstein(eigs,real_eigs): 12929.879, Wasserstein(log_eigs,log_real_eigs): 3.520
torch.Size([64, 2500])
Epoch [354/1000], Wasserstein(eigs,real_eigs): 13031.671, Wasserstein(log_eigs,log_real_eigs): 3.644
torch.Size([64, 2500])
Epoch [355/1000], Wasserstein(eigs,real_eigs): 7433.091, Wasserstein(log_eigs,log_real_eigs): 3.319
torch.Size([64, 2500])
Epoch [356/1000], Wasserstein(eigs,real_eigs): 11759.108, Wasserstein(log_eigs,log_real_eigs): 3.574
torch.Size([64, 2500])
Epoch [357/1000], Wasserstein(eigs,real_eigs): 23217.794, Wasserstein(log_eigs,log_real_eigs): 3.914
torch.Size([64, 2500])
Epoch [358/1000], Wasserstein(eigs,real_eigs): 14500.299, Wasserstein(log_eigs,log_real_eigs): 3.623
torch.Size([64, 2500])
Epoch [359/1000], Wasserstein(eigs,real_eigs): 11599.389, Wasserstein(log_eigs,log_real_eigs): 3.463
torch.Size([64, 2500])
Epoch [360/1000], Wasserstein(eigs,real_eigs): 12695.664, Wasserstein(log_eigs,log_real_eigs): 3.525
torch.Size([64, 2500])
Epoch [361/1000], Wasserstein(eigs,real_eigs): 10036.480, Wasserstein(log_eigs,log_real_eigs): 3.335
torch.Size([64, 2500])
Epoch [362/1000], Wasserstein(eigs,real_eigs): 9842.309, Wasserstein(log_eigs,log_real_eigs): 3.418
torch.Size([64, 2500])
Epoch [363/1000], Wasserstein(eigs,real_eigs): 13621.116, Wasserstein(log_eigs,log_real_eigs): 3.600
torch.Size([64, 2500])
Epoch [364/1000], Wasserstein(eigs,real_eigs): 22987.509, Wasserstein(log_eigs,log_real_eigs): 3.943
torch.Size([64, 2500])
Epoch [365/1000], Wasserstein(eigs,real_eigs): 14134.730, Wasserstein(log_eigs,log_real_eigs): 3.598
torch.Size([64, 2500])
Epoch [366/1000], Wasserstein(eigs,real_eigs): 9167.659, Wasserstein(log_eigs,log_real_eigs): 3.433
torch.Size([64, 2500])
Epoch [367/1000], Wasserstein(eigs,real_eigs): 9581.478, Wasserstein(log_eigs,log_real_eigs): 3.395
torch.Size([64, 2500])
Epoch [368/1000], Wasserstein(eigs,real_eigs): 11767.472, Wasserstein(log_eigs,log_real_eigs): 3.509
torch.Size([64, 2500])
Epoch [369/1000], Wasserstein(eigs,real_eigs): 14159.602, Wasserstein(log_eigs,log_real_eigs): 3.723
torch.Size([64, 2500])
Epoch [370/1000], Wasserstein(eigs,real_eigs): 11312.116, Wasserstein(log_eigs,log_real_eigs): 3.559
torch.Size([64, 2500])
Epoch [371/1000], Wasserstein(eigs,real_eigs): 8213.260, Wasserstein(log_eigs,log_real_eigs): 3.402
torch.Size([64, 2500])
Epoch [372/1000], Wasserstein(eigs,real_eigs): 15525.949, Wasserstein(log_eigs,log_real_eigs): 3.655
torch.Size([64, 2500])
Epoch [373/1000], Wasserstein(eigs,real_eigs): 14442.381, Wasserstein(log_eigs,log_real_eigs): 3.620
torch.Size([64, 2500])
Epoch [374/1000], Wasserstein(eigs,real_eigs): 18751.913, Wasserstein(log_eigs,log_real_eigs): 3.778
torch.Size([64, 2500])
Epoch [375/1000], Wasserstein(eigs,real_eigs): 17174.632, Wasserstein(log_eigs,log_real_eigs): 3.707
torch.Size([64, 2500])
Epoch [376/1000], Wasserstein(eigs,real_eigs): 10053.731, Wasserstein(log_eigs,log_real_eigs): 3.392
torch.Size([64, 2500])
Epoch [377/1000], Wasserstein(eigs,real_eigs): 14115.034, Wasserstein(log_eigs,log_real_eigs): 3.585
torch.Size([64, 2500])
Epoch [378/1000], Wasserstein(eigs,real_eigs): 13667.412, Wasserstein(log_eigs,log_real_eigs): 3.504
torch.Size([64, 2500])
Epoch [379/1000], Wasserstein(eigs,real_eigs): 20270.296, Wasserstein(log_eigs,log_real_eigs): 3.591
torch.Size([64, 2500])
Epoch [380/1000], Wasserstein(eigs,real_eigs): 16926.054, Wasserstein(log_eigs,log_real_eigs): 3.624
torch.Size([64, 2500])
Epoch [381/1000], Wasserstein(eigs,real_eigs): 17555.686, Wasserstein(log_eigs,log_real_eigs): 3.515
torch.Size([64, 2500])
Epoch [382/1000], Wasserstein(eigs,real_eigs): 16330.956, Wasserstein(log_eigs,log_real_eigs): 3.668
torch.Size([64, 2500])
Epoch [383/1000], Wasserstein(eigs,real_eigs): 17478.091, Wasserstein(log_eigs,log_real_eigs): 3.621
torch.Size([64, 2500])
Epoch [384/1000], Wasserstein(eigs,real_eigs): 25872.573, Wasserstein(log_eigs,log_real_eigs): 3.861
torch.Size([64, 2500])
Epoch [385/1000], Wasserstein(eigs,real_eigs): 26678.587, Wasserstein(log_eigs,log_real_eigs): 3.790
torch.Size([64, 2500])
Epoch [386/1000], Wasserstein(eigs,real_eigs): 32966.960, Wasserstein(log_eigs,log_real_eigs): 3.886
torch.Size([64, 2500])
Epoch [387/1000], Wasserstein(eigs,real_eigs): 25643.335, Wasserstein(log_eigs,log_real_eigs): 3.909
torch.Size([64, 2500])
Epoch [388/1000], Wasserstein(eigs,real_eigs): 24789.295, Wasserstein(log_eigs,log_real_eigs): 3.780
torch.Size([64, 2500])
Epoch [389/1000], Wasserstein(eigs,real_eigs): 15998.477, Wasserstein(log_eigs,log_real_eigs): 3.633
torch.Size([64, 2500])
Epoch [390/1000], Wasserstein(eigs,real_eigs): 21844.692, Wasserstein(log_eigs,log_real_eigs): 3.713
torch.Size([64, 2500])
Epoch [391/1000], Wasserstein(eigs,real_eigs): 36865.547, Wasserstein(log_eigs,log_real_eigs): 3.918
torch.Size([64, 2500])
Epoch [392/1000], Wasserstein(eigs,real_eigs): 45396.351, Wasserstein(log_eigs,log_real_eigs): 4.040
torch.Size([64, 2500])
Epoch [393/1000], Wasserstein(eigs,real_eigs): 28097.840, Wasserstein(log_eigs,log_real_eigs): 3.853
torch.Size([64, 2500])
Epoch [394/1000], Wasserstein(eigs,real_eigs): 16053.987, Wasserstein(log_eigs,log_real_eigs): 3.616
torch.Size([64, 2500])
Epoch [395/1000], Wasserstein(eigs,real_eigs): 16823.180, Wasserstein(log_eigs,log_real_eigs): 3.671
torch.Size([64, 2500])
Epoch [396/1000], Wasserstein(eigs,real_eigs): 22071.123, Wasserstein(log_eigs,log_real_eigs): 3.692
torch.Size([64, 2500])
Epoch [397/1000], Wasserstein(eigs,real_eigs): 29859.232, Wasserstein(log_eigs,log_real_eigs): 3.955
torch.Size([64, 2500])
Epoch [398/1000], Wasserstein(eigs,real_eigs): 37153.902, Wasserstein(log_eigs,log_real_eigs): 4.133
torch.Size([64, 2500])
Epoch [399/1000], Wasserstein(eigs,real_eigs): 34636.155, Wasserstein(log_eigs,log_real_eigs): 3.935
torch.Size([64, 2500])
Epoch [400/1000], Wasserstein(eigs,real_eigs): 30110.376, Wasserstein(log_eigs,log_real_eigs): 3.859
torch.Size([64, 2500])
Epoch [401/1000], Wasserstein(eigs,real_eigs): 32236.589, Wasserstein(log_eigs,log_real_eigs): 3.963
torch.Size([64, 2500])
Epoch [402/1000], Wasserstein(eigs,real_eigs): 34665.631, Wasserstein(log_eigs,log_real_eigs): 3.991
torch.Size([64, 2500])
Epoch [403/1000], Wasserstein(eigs,real_eigs): 22590.718, Wasserstein(log_eigs,log_real_eigs): 3.869
torch.Size([64, 2500])
Epoch [404/1000], Wasserstein(eigs,real_eigs): 14453.815, Wasserstein(log_eigs,log_real_eigs): 3.569
torch.Size([64, 2500])
Epoch [405/1000], Wasserstein(eigs,real_eigs): 14887.156, Wasserstein(log_eigs,log_real_eigs): 3.663
torch.Size([64, 2500])
Epoch [406/1000], Wasserstein(eigs,real_eigs): 17789.301, Wasserstein(log_eigs,log_real_eigs): 3.678
torch.Size([64, 2500])
Epoch [407/1000], Wasserstein(eigs,real_eigs): 17834.244, Wasserstein(log_eigs,log_real_eigs): 3.598
torch.Size([64, 2500])
Epoch [408/1000], Wasserstein(eigs,real_eigs): 12881.607, Wasserstein(log_eigs,log_real_eigs): 3.650
torch.Size([64, 2500])
Epoch [409/1000], Wasserstein(eigs,real_eigs): 17140.657, Wasserstein(log_eigs,log_real_eigs): 3.620
torch.Size([64, 2500])
Epoch [410/1000], Wasserstein(eigs,real_eigs): 28708.695, Wasserstein(log_eigs,log_real_eigs): 4.018
torch.Size([64, 2500])
Epoch [411/1000], Wasserstein(eigs,real_eigs): 23464.712, Wasserstein(log_eigs,log_real_eigs): 3.870
torch.Size([64, 2500])
Epoch [412/1000], Wasserstein(eigs,real_eigs): 22684.211, Wasserstein(log_eigs,log_real_eigs): 3.847
torch.Size([64, 2500])
Epoch [413/1000], Wasserstein(eigs,real_eigs): 32417.963, Wasserstein(log_eigs,log_real_eigs): 4.017
torch.Size([64, 2500])
Epoch [414/1000], Wasserstein(eigs,real_eigs): 37950.423, Wasserstein(log_eigs,log_real_eigs): 4.036
torch.Size([64, 2500])
Epoch [415/1000], Wasserstein(eigs,real_eigs): 41764.523, Wasserstein(log_eigs,log_real_eigs): 4.092
torch.Size([64, 2500])
Epoch [416/1000], Wasserstein(eigs,real_eigs): 24578.874, Wasserstein(log_eigs,log_real_eigs): 3.966
torch.Size([64, 2500])
Epoch [417/1000], Wasserstein(eigs,real_eigs): 29134.573, Wasserstein(log_eigs,log_real_eigs): 4.023
torch.Size([64, 2500])
Epoch [418/1000], Wasserstein(eigs,real_eigs): 42842.127, Wasserstein(log_eigs,log_real_eigs): 4.051
torch.Size([64, 2500])
Epoch [419/1000], Wasserstein(eigs,real_eigs): 16098.365, Wasserstein(log_eigs,log_real_eigs): 3.787
torch.Size([64, 2500])
Epoch [420/1000], Wasserstein(eigs,real_eigs): 14320.925, Wasserstein(log_eigs,log_real_eigs): 3.620
torch.Size([64, 2500])
Epoch [421/1000], Wasserstein(eigs,real_eigs): 15191.486, Wasserstein(log_eigs,log_real_eigs): 3.810
torch.Size([64, 2500])
Epoch [422/1000], Wasserstein(eigs,real_eigs): 26770.170, Wasserstein(log_eigs,log_real_eigs): 3.916
torch.Size([64, 2500])
Epoch [423/1000], Wasserstein(eigs,real_eigs): 21457.585, Wasserstein(log_eigs,log_real_eigs): 3.866
torch.Size([64, 2500])
Epoch [424/1000], Wasserstein(eigs,real_eigs): 9748.350, Wasserstein(log_eigs,log_real_eigs): 3.498
torch.Size([64, 2500])
Epoch [425/1000], Wasserstein(eigs,real_eigs): 6247.245, Wasserstein(log_eigs,log_real_eigs): 3.163
torch.Size([64, 2500])
Epoch [426/1000], Wasserstein(eigs,real_eigs): 10604.796, Wasserstein(log_eigs,log_real_eigs): 3.503
torch.Size([64, 2500])
Epoch [427/1000], Wasserstein(eigs,real_eigs): 19811.497, Wasserstein(log_eigs,log_real_eigs): 3.751
torch.Size([64, 2500])
Epoch [428/1000], Wasserstein(eigs,real_eigs): 29792.957, Wasserstein(log_eigs,log_real_eigs): 3.875
torch.Size([64, 2500])
Epoch [429/1000], Wasserstein(eigs,real_eigs): 10775.946, Wasserstein(log_eigs,log_real_eigs): 3.526
torch.Size([64, 2500])
Epoch [430/1000], Wasserstein(eigs,real_eigs): 7983.635, Wasserstein(log_eigs,log_real_eigs): 3.317
torch.Size([64, 2500])
Epoch [431/1000], Wasserstein(eigs,real_eigs): 6650.646, Wasserstein(log_eigs,log_real_eigs): 3.261
torch.Size([64, 2500])
Epoch [432/1000], Wasserstein(eigs,real_eigs): 8124.764, Wasserstein(log_eigs,log_real_eigs): 3.336
torch.Size([64, 2500])
Epoch [433/1000], Wasserstein(eigs,real_eigs): 11801.542, Wasserstein(log_eigs,log_real_eigs): 3.554
torch.Size([64, 2500])
Epoch [434/1000], Wasserstein(eigs,real_eigs): 11965.711, Wasserstein(log_eigs,log_real_eigs): 3.648
torch.Size([64, 2500])
Epoch [435/1000], Wasserstein(eigs,real_eigs): 6428.981, Wasserstein(log_eigs,log_real_eigs): 3.205
torch.Size([64, 2500])
Epoch [436/1000], Wasserstein(eigs,real_eigs): 9537.335, Wasserstein(log_eigs,log_real_eigs): 3.370
torch.Size([64, 2500])
Epoch [437/1000], Wasserstein(eigs,real_eigs): 11777.525, Wasserstein(log_eigs,log_real_eigs): 3.502
torch.Size([64, 2500])
Epoch [438/1000], Wasserstein(eigs,real_eigs): 6482.283, Wasserstein(log_eigs,log_real_eigs): 3.141
torch.Size([64, 2500])
Epoch [439/1000], Wasserstein(eigs,real_eigs): 5948.014, Wasserstein(log_eigs,log_real_eigs): 3.109
torch.Size([64, 2500])
Epoch [440/1000], Wasserstein(eigs,real_eigs): 3607.641, Wasserstein(log_eigs,log_real_eigs): 2.853
torch.Size([64, 2500])
Epoch [441/1000], Wasserstein(eigs,real_eigs): 3821.365, Wasserstein(log_eigs,log_real_eigs): 2.820
torch.Size([64, 2500])
Epoch [442/1000], Wasserstein(eigs,real_eigs): 5277.885, Wasserstein(log_eigs,log_real_eigs): 2.982
torch.Size([64, 2500])
Epoch [443/1000], Wasserstein(eigs,real_eigs): 5862.276, Wasserstein(log_eigs,log_real_eigs): 3.137
torch.Size([64, 2500])
Epoch [444/1000], Wasserstein(eigs,real_eigs): 6531.000, Wasserstein(log_eigs,log_real_eigs): 3.229
torch.Size([64, 2500])
Epoch [445/1000], Wasserstein(eigs,real_eigs): 6837.007, Wasserstein(log_eigs,log_real_eigs): 3.239
torch.Size([64, 2500])
Epoch [446/1000], Wasserstein(eigs,real_eigs): 6803.035, Wasserstein(log_eigs,log_real_eigs): 3.134
torch.Size([64, 2500])
Epoch [447/1000], Wasserstein(eigs,real_eigs): 6225.107, Wasserstein(log_eigs,log_real_eigs): 3.117
torch.Size([64, 2500])
Epoch [448/1000], Wasserstein(eigs,real_eigs): 5790.619, Wasserstein(log_eigs,log_real_eigs): 2.918
torch.Size([64, 2500])
Epoch [449/1000], Wasserstein(eigs,real_eigs): 6908.971, Wasserstein(log_eigs,log_real_eigs): 3.294
torch.Size([64, 2500])
Epoch [450/1000], Wasserstein(eigs,real_eigs): 5880.035, Wasserstein(log_eigs,log_real_eigs): 3.075
torch.Size([64, 2500])
Epoch [451/1000], Wasserstein(eigs,real_eigs): 9969.283, Wasserstein(log_eigs,log_real_eigs): 3.023
torch.Size([64, 2500])
Epoch [452/1000], Wasserstein(eigs,real_eigs): 7373.218, Wasserstein(log_eigs,log_real_eigs): 3.115
torch.Size([64, 2500])
Epoch [453/1000], Wasserstein(eigs,real_eigs): 7225.707, Wasserstein(log_eigs,log_real_eigs): 3.142
torch.Size([64, 2500])
Epoch [454/1000], Wasserstein(eigs,real_eigs): 9056.445, Wasserstein(log_eigs,log_real_eigs): 3.301
torch.Size([64, 2500])
Epoch [455/1000], Wasserstein(eigs,real_eigs): 9231.591, Wasserstein(log_eigs,log_real_eigs): 3.183
torch.Size([64, 2500])
Epoch [456/1000], Wasserstein(eigs,real_eigs): 14495.693, Wasserstein(log_eigs,log_real_eigs): 3.412
torch.Size([64, 2500])
Epoch [457/1000], Wasserstein(eigs,real_eigs): 10483.068, Wasserstein(log_eigs,log_real_eigs): 3.209
torch.Size([64, 2500])
Epoch [458/1000], Wasserstein(eigs,real_eigs): 9577.081, Wasserstein(log_eigs,log_real_eigs): 3.370
torch.Size([64, 2500])
Epoch [459/1000], Wasserstein(eigs,real_eigs): 9311.989, Wasserstein(log_eigs,log_real_eigs): 3.293
torch.Size([64, 2500])
Epoch [460/1000], Wasserstein(eigs,real_eigs): 4064.784, Wasserstein(log_eigs,log_real_eigs): 2.801
torch.Size([64, 2500])
Epoch [461/1000], Wasserstein(eigs,real_eigs): 5684.712, Wasserstein(log_eigs,log_real_eigs): 2.984
torch.Size([64, 2500])
Epoch [462/1000], Wasserstein(eigs,real_eigs): 8362.981, Wasserstein(log_eigs,log_real_eigs): 3.086
torch.Size([64, 2500])
Epoch [463/1000], Wasserstein(eigs,real_eigs): 7075.234, Wasserstein(log_eigs,log_real_eigs): 3.155
torch.Size([64, 2500])
Epoch [464/1000], Wasserstein(eigs,real_eigs): 11377.133, Wasserstein(log_eigs,log_real_eigs): 3.508
torch.Size([64, 2500])
Epoch [465/1000], Wasserstein(eigs,real_eigs): 12013.333, Wasserstein(log_eigs,log_real_eigs): 3.444
torch.Size([64, 2500])
Epoch [466/1000], Wasserstein(eigs,real_eigs): 22161.673, Wasserstein(log_eigs,log_real_eigs): 3.797
torch.Size([64, 2500])
Epoch [467/1000], Wasserstein(eigs,real_eigs): 21981.039, Wasserstein(log_eigs,log_real_eigs): 3.746
torch.Size([64, 2500])
Epoch [468/1000], Wasserstein(eigs,real_eigs): 7281.047, Wasserstein(log_eigs,log_real_eigs): 3.071
torch.Size([64, 2500])
Epoch [469/1000], Wasserstein(eigs,real_eigs): 13292.203, Wasserstein(log_eigs,log_real_eigs): 3.370
torch.Size([64, 2500])
Epoch [470/1000], Wasserstein(eigs,real_eigs): 11293.247, Wasserstein(log_eigs,log_real_eigs): 3.469
torch.Size([64, 2500])
Epoch [471/1000], Wasserstein(eigs,real_eigs): 13182.047, Wasserstein(log_eigs,log_real_eigs): 3.490
torch.Size([64, 2500])
Epoch [472/1000], Wasserstein(eigs,real_eigs): 15900.922, Wasserstein(log_eigs,log_real_eigs): 3.415
torch.Size([64, 2500])
Epoch [473/1000], Wasserstein(eigs,real_eigs): 8868.170, Wasserstein(log_eigs,log_real_eigs): 3.291
torch.Size([64, 2500])
Epoch [474/1000], Wasserstein(eigs,real_eigs): 10818.655, Wasserstein(log_eigs,log_real_eigs): 3.233
torch.Size([64, 2500])
Epoch [475/1000], Wasserstein(eigs,real_eigs): 25891.249, Wasserstein(log_eigs,log_real_eigs): 3.644
torch.Size([64, 2500])
Epoch [476/1000], Wasserstein(eigs,real_eigs): 8300.313, Wasserstein(log_eigs,log_real_eigs): 3.259
torch.Size([64, 2500])
Epoch [477/1000], Wasserstein(eigs,real_eigs): 13211.177, Wasserstein(log_eigs,log_real_eigs): 3.431
torch.Size([64, 2500])
Epoch [478/1000], Wasserstein(eigs,real_eigs): 23502.986, Wasserstein(log_eigs,log_real_eigs): 3.705
torch.Size([64, 2500])
Epoch [479/1000], Wasserstein(eigs,real_eigs): 6762.542, Wasserstein(log_eigs,log_real_eigs): 3.119
torch.Size([64, 2500])
Epoch [480/1000], Wasserstein(eigs,real_eigs): 7013.391, Wasserstein(log_eigs,log_real_eigs): 3.127
torch.Size([64, 2500])
Epoch [481/1000], Wasserstein(eigs,real_eigs): 7285.234, Wasserstein(log_eigs,log_real_eigs): 3.225
torch.Size([64, 2500])
Epoch [482/1000], Wasserstein(eigs,real_eigs): 10755.739, Wasserstein(log_eigs,log_real_eigs): 3.367
torch.Size([64, 2500])
Epoch [483/1000], Wasserstein(eigs,real_eigs): 8339.973, Wasserstein(log_eigs,log_real_eigs): 3.292
torch.Size([64, 2500])
Epoch [484/1000], Wasserstein(eigs,real_eigs): 8012.907, Wasserstein(log_eigs,log_real_eigs): 3.162
torch.Size([64, 2500])
Epoch [485/1000], Wasserstein(eigs,real_eigs): 8157.833, Wasserstein(log_eigs,log_real_eigs): 3.391
torch.Size([64, 2500])
Epoch [486/1000], Wasserstein(eigs,real_eigs): 4816.041, Wasserstein(log_eigs,log_real_eigs): 2.922
torch.Size([64, 2500])
Epoch [487/1000], Wasserstein(eigs,real_eigs): 4722.159, Wasserstein(log_eigs,log_real_eigs): 2.971
torch.Size([64, 2500])
Epoch [488/1000], Wasserstein(eigs,real_eigs): 12595.978, Wasserstein(log_eigs,log_real_eigs): 3.255
torch.Size([64, 2500])
Epoch [489/1000], Wasserstein(eigs,real_eigs): 11029.002, Wasserstein(log_eigs,log_real_eigs): 3.373
torch.Size([64, 2500])
Epoch [490/1000], Wasserstein(eigs,real_eigs): 8449.244, Wasserstein(log_eigs,log_real_eigs): 3.275
torch.Size([64, 2500])
Epoch [491/1000], Wasserstein(eigs,real_eigs): 3792.105, Wasserstein(log_eigs,log_real_eigs): 2.722
torch.Size([64, 2500])
Epoch [492/1000], Wasserstein(eigs,real_eigs): 3625.162, Wasserstein(log_eigs,log_real_eigs): 2.922
torch.Size([64, 2500])
Epoch [493/1000], Wasserstein(eigs,real_eigs): 4300.037, Wasserstein(log_eigs,log_real_eigs): 2.876
torch.Size([64, 2500])
Epoch [494/1000], Wasserstein(eigs,real_eigs): 6968.597, Wasserstein(log_eigs,log_real_eigs): 2.930
torch.Size([64, 2500])
Epoch [495/1000], Wasserstein(eigs,real_eigs): 5218.704, Wasserstein(log_eigs,log_real_eigs): 3.034
torch.Size([64, 2500])
Epoch [496/1000], Wasserstein(eigs,real_eigs): 4910.024, Wasserstein(log_eigs,log_real_eigs): 3.020
torch.Size([64, 2500])
Epoch [497/1000], Wasserstein(eigs,real_eigs): 1506.718, Wasserstein(log_eigs,log_real_eigs): 2.317
torch.Size([64, 2500])
Epoch [498/1000], Wasserstein(eigs,real_eigs): 3941.465, Wasserstein(log_eigs,log_real_eigs): 2.862
torch.Size([64, 2500])
Epoch [499/1000], Wasserstein(eigs,real_eigs): 5139.842, Wasserstein(log_eigs,log_real_eigs): 3.096
torch.Size([64, 2500])
Epoch [500/1000], Wasserstein(eigs,real_eigs): 4774.864, Wasserstein(log_eigs,log_real_eigs): 2.976
torch.Size([64, 2500])
Epoch [501/1000], Wasserstein(eigs,real_eigs): 8908.729, Wasserstein(log_eigs,log_real_eigs): 3.244
torch.Size([64, 2500])
Epoch [502/1000], Wasserstein(eigs,real_eigs): 9978.185, Wasserstein(log_eigs,log_real_eigs): 3.313
torch.Size([64, 2500])
Epoch [503/1000], Wasserstein(eigs,real_eigs): 10639.774, Wasserstein(log_eigs,log_real_eigs): 3.409
torch.Size([64, 2500])
Epoch [504/1000], Wasserstein(eigs,real_eigs): 8468.645, Wasserstein(log_eigs,log_real_eigs): 3.204
torch.Size([64, 2500])
Epoch [505/1000], Wasserstein(eigs,real_eigs): 5387.830, Wasserstein(log_eigs,log_real_eigs): 3.113
torch.Size([64, 2500])
Epoch [506/1000], Wasserstein(eigs,real_eigs): 6134.875, Wasserstein(log_eigs,log_real_eigs): 3.320
torch.Size([64, 2500])
Epoch [507/1000], Wasserstein(eigs,real_eigs): 6963.201, Wasserstein(log_eigs,log_real_eigs): 3.208
torch.Size([64, 2500])
Epoch [508/1000], Wasserstein(eigs,real_eigs): 3820.421, Wasserstein(log_eigs,log_real_eigs): 2.931
torch.Size([64, 2500])
Epoch [509/1000], Wasserstein(eigs,real_eigs): 10714.094, Wasserstein(log_eigs,log_real_eigs): 3.451
torch.Size([64, 2500])
Epoch [510/1000], Wasserstein(eigs,real_eigs): 5061.062, Wasserstein(log_eigs,log_real_eigs): 3.202
torch.Size([64, 2500])
Epoch [511/1000], Wasserstein(eigs,real_eigs): 11500.868, Wasserstein(log_eigs,log_real_eigs): 3.612
torch.Size([64, 2500])
Epoch [512/1000], Wasserstein(eigs,real_eigs): 8938.708, Wasserstein(log_eigs,log_real_eigs): 3.263
torch.Size([64, 2500])
Epoch [513/1000], Wasserstein(eigs,real_eigs): 10101.492, Wasserstein(log_eigs,log_real_eigs): 3.411
torch.Size([64, 2500])
Epoch [514/1000], Wasserstein(eigs,real_eigs): 6145.691, Wasserstein(log_eigs,log_real_eigs): 3.124
torch.Size([64, 2500])
Epoch [515/1000], Wasserstein(eigs,real_eigs): 11459.253, Wasserstein(log_eigs,log_real_eigs): 3.533
torch.Size([64, 2500])
Epoch [516/1000], Wasserstein(eigs,real_eigs): 6725.064, Wasserstein(log_eigs,log_real_eigs): 3.169
torch.Size([64, 2500])
Epoch [517/1000], Wasserstein(eigs,real_eigs): 7998.330, Wasserstein(log_eigs,log_real_eigs): 3.392
torch.Size([64, 2500])
Epoch [518/1000], Wasserstein(eigs,real_eigs): 10553.358, Wasserstein(log_eigs,log_real_eigs): 3.441
torch.Size([64, 2500])
Epoch [519/1000], Wasserstein(eigs,real_eigs): 7444.653, Wasserstein(log_eigs,log_real_eigs): 3.258
torch.Size([64, 2500])
Epoch [520/1000], Wasserstein(eigs,real_eigs): 6093.778, Wasserstein(log_eigs,log_real_eigs): 3.042
torch.Size([64, 2500])
Epoch [521/1000], Wasserstein(eigs,real_eigs): 6117.400, Wasserstein(log_eigs,log_real_eigs): 3.075
torch.Size([64, 2500])
Epoch [522/1000], Wasserstein(eigs,real_eigs): 11520.495, Wasserstein(log_eigs,log_real_eigs): 3.451
torch.Size([64, 2500])
Epoch [523/1000], Wasserstein(eigs,real_eigs): 6976.906, Wasserstein(log_eigs,log_real_eigs): 3.283
torch.Size([64, 2500])
Epoch [524/1000], Wasserstein(eigs,real_eigs): 5128.319, Wasserstein(log_eigs,log_real_eigs): 3.206
torch.Size([64, 2500])
Epoch [525/1000], Wasserstein(eigs,real_eigs): 6710.472, Wasserstein(log_eigs,log_real_eigs): 3.135
torch.Size([64, 2500])
Epoch [526/1000], Wasserstein(eigs,real_eigs): 9897.997, Wasserstein(log_eigs,log_real_eigs): 3.349
torch.Size([64, 2500])
Epoch [527/1000], Wasserstein(eigs,real_eigs): 5985.943, Wasserstein(log_eigs,log_real_eigs): 3.209
torch.Size([64, 2500])
Epoch [528/1000], Wasserstein(eigs,real_eigs): 7737.312, Wasserstein(log_eigs,log_real_eigs): 3.281
torch.Size([64, 2500])
Epoch [529/1000], Wasserstein(eigs,real_eigs): 2772.508, Wasserstein(log_eigs,log_real_eigs): 2.791
torch.Size([64, 2500])
Epoch [530/1000], Wasserstein(eigs,real_eigs): 6248.357, Wasserstein(log_eigs,log_real_eigs): 3.103
torch.Size([64, 2500])
Epoch [531/1000], Wasserstein(eigs,real_eigs): 7037.670, Wasserstein(log_eigs,log_real_eigs): 3.261
torch.Size([64, 2500])
Epoch [532/1000], Wasserstein(eigs,real_eigs): 3903.448, Wasserstein(log_eigs,log_real_eigs): 2.906
