2019-10-18 08:54:23.087888
Namespace(batch_size=64, dataroot='/home/jim/Documents/RandomBergman/KS4/data/', diff=0, epochs=1000, exp=None, h11=50, log_interval=1, lr=5e-06, lr_D=5e-06, lr_G=5e-06, model_type='WGAN_DCGAN', n_critic_steps=5, newsize=40, num_geometries=2500, nz=250, outdir='./experiments/exp_WGAN_DCGAN_50_250_10182019_085423', plot_interval=20, py_version=3, save=True, show_plots=False, test_batch_size=10000)
Namespace(batch_size=64, dataroot='/home/jim/Documents/RandomBergman/KS4/data/', diff=0, epochs=1000, exp=None, h11=50, log_interval=1, lr=5e-06, lr_D=5e-06, lr_G=5e-06, model_type='WGAN_DCGAN', n_critic_steps=5, newsize=40, num_geometries=2500, nz=250, outdir='./experiments/exp_WGAN_DCGAN_50_250_10182019_085423', plot_interval=20, py_version=3, save=True, show_plots=False, test_batch_size=10000)
Model type: WGAN_DCGAN
Coomparing to Eigenvalue distribution collected from 3399 geometries
data: 64 50
torch.Size([64, 2500])
Epoch [0/1000], Wasserstein(eigs,real_eigs): 11.739, Wasserstein(log_eigs,log_real_eigs): 0.921
torch.Size([64, 2500])
Epoch [1/1000], Wasserstein(eigs,real_eigs): 6.607, Wasserstein(log_eigs,log_real_eigs): 0.751
torch.Size([64, 2500])
Epoch [2/1000], Wasserstein(eigs,real_eigs): 4.553, Wasserstein(log_eigs,log_real_eigs): 0.649
torch.Size([64, 2500])
Epoch [3/1000], Wasserstein(eigs,real_eigs): 2.715, Wasserstein(log_eigs,log_real_eigs): 0.541
torch.Size([64, 2500])
Epoch [4/1000], Wasserstein(eigs,real_eigs): 1.362, Wasserstein(log_eigs,log_real_eigs): 0.427
torch.Size([64, 2500])
Epoch [5/1000], Wasserstein(eigs,real_eigs): 0.919, Wasserstein(log_eigs,log_real_eigs): 0.347
torch.Size([64, 2500])
Epoch [6/1000], Wasserstein(eigs,real_eigs): 1.028, Wasserstein(log_eigs,log_real_eigs): 0.321
torch.Size([64, 2500])
Epoch [7/1000], Wasserstein(eigs,real_eigs): 1.056, Wasserstein(log_eigs,log_real_eigs): 0.310
torch.Size([64, 2500])
Epoch [8/1000], Wasserstein(eigs,real_eigs): 1.036, Wasserstein(log_eigs,log_real_eigs): 0.306
torch.Size([64, 2500])
Epoch [9/1000], Wasserstein(eigs,real_eigs): 1.059, Wasserstein(log_eigs,log_real_eigs): 0.312
torch.Size([64, 2500])
Epoch [10/1000], Wasserstein(eigs,real_eigs): 1.052, Wasserstein(log_eigs,log_real_eigs): 0.316
torch.Size([64, 2500])
Epoch [11/1000], Wasserstein(eigs,real_eigs): 1.065, Wasserstein(log_eigs,log_real_eigs): 0.330
torch.Size([64, 2500])
Epoch [12/1000], Wasserstein(eigs,real_eigs): 1.070, Wasserstein(log_eigs,log_real_eigs): 0.325
torch.Size([64, 2500])
Epoch [13/1000], Wasserstein(eigs,real_eigs): 1.058, Wasserstein(log_eigs,log_real_eigs): 0.329
torch.Size([64, 2500])
Epoch [14/1000], Wasserstein(eigs,real_eigs): 1.085, Wasserstein(log_eigs,log_real_eigs): 0.343
torch.Size([64, 2500])
Epoch [15/1000], Wasserstein(eigs,real_eigs): 1.056, Wasserstein(log_eigs,log_real_eigs): 0.344
torch.Size([64, 2500])
Epoch [16/1000], Wasserstein(eigs,real_eigs): 1.057, Wasserstein(log_eigs,log_real_eigs): 0.340
torch.Size([64, 2500])
Epoch [17/1000], Wasserstein(eigs,real_eigs): 1.022, Wasserstein(log_eigs,log_real_eigs): 0.333
torch.Size([64, 2500])
Epoch [18/1000], Wasserstein(eigs,real_eigs): 1.041, Wasserstein(log_eigs,log_real_eigs): 0.342
torch.Size([64, 2500])
Epoch [19/1000], Wasserstein(eigs,real_eigs): 1.051, Wasserstein(log_eigs,log_real_eigs): 0.343
torch.Size([64, 2500])
Epoch [20/1000], Wasserstein(eigs,real_eigs): 1.068, Wasserstein(log_eigs,log_real_eigs): 0.343
torch.Size([64, 2500])
Epoch [21/1000], Wasserstein(eigs,real_eigs): 1.099, Wasserstein(log_eigs,log_real_eigs): 0.342
torch.Size([64, 2500])
Epoch [22/1000], Wasserstein(eigs,real_eigs): 1.093, Wasserstein(log_eigs,log_real_eigs): 0.347
torch.Size([64, 2500])
Epoch [23/1000], Wasserstein(eigs,real_eigs): 1.069, Wasserstein(log_eigs,log_real_eigs): 0.345
torch.Size([64, 2500])
Epoch [24/1000], Wasserstein(eigs,real_eigs): 1.057, Wasserstein(log_eigs,log_real_eigs): 0.341
torch.Size([64, 2500])
Epoch [25/1000], Wasserstein(eigs,real_eigs): 1.087, Wasserstein(log_eigs,log_real_eigs): 0.342
torch.Size([64, 2500])
Epoch [26/1000], Wasserstein(eigs,real_eigs): 1.090, Wasserstein(log_eigs,log_real_eigs): 0.339
torch.Size([64, 2500])
Epoch [27/1000], Wasserstein(eigs,real_eigs): 1.043, Wasserstein(log_eigs,log_real_eigs): 0.332
torch.Size([64, 2500])
Epoch [28/1000], Wasserstein(eigs,real_eigs): 1.055, Wasserstein(log_eigs,log_real_eigs): 0.329
torch.Size([64, 2500])
Epoch [29/1000], Wasserstein(eigs,real_eigs): 1.071, Wasserstein(log_eigs,log_real_eigs): 0.334
torch.Size([64, 2500])
Epoch [30/1000], Wasserstein(eigs,real_eigs): 1.095, Wasserstein(log_eigs,log_real_eigs): 0.334
torch.Size([64, 2500])
Epoch [31/1000], Wasserstein(eigs,real_eigs): 1.059, Wasserstein(log_eigs,log_real_eigs): 0.320
torch.Size([64, 2500])
Epoch [32/1000], Wasserstein(eigs,real_eigs): 1.082, Wasserstein(log_eigs,log_real_eigs): 0.331
torch.Size([64, 2500])
Epoch [33/1000], Wasserstein(eigs,real_eigs): 1.082, Wasserstein(log_eigs,log_real_eigs): 0.329
torch.Size([64, 2500])
Epoch [34/1000], Wasserstein(eigs,real_eigs): 1.122, Wasserstein(log_eigs,log_real_eigs): 0.319
torch.Size([64, 2500])
Epoch [35/1000], Wasserstein(eigs,real_eigs): 1.129, Wasserstein(log_eigs,log_real_eigs): 0.316
torch.Size([64, 2500])
Epoch [36/1000], Wasserstein(eigs,real_eigs): 1.102, Wasserstein(log_eigs,log_real_eigs): 0.311
torch.Size([64, 2500])
Epoch [37/1000], Wasserstein(eigs,real_eigs): 1.139, Wasserstein(log_eigs,log_real_eigs): 0.315
torch.Size([64, 2500])
Epoch [38/1000], Wasserstein(eigs,real_eigs): 1.165, Wasserstein(log_eigs,log_real_eigs): 0.312
torch.Size([64, 2500])
Epoch [39/1000], Wasserstein(eigs,real_eigs): 1.213, Wasserstein(log_eigs,log_real_eigs): 0.312
torch.Size([64, 2500])
Epoch [40/1000], Wasserstein(eigs,real_eigs): 1.193, Wasserstein(log_eigs,log_real_eigs): 0.306
torch.Size([64, 2500])
Epoch [41/1000], Wasserstein(eigs,real_eigs): 1.206, Wasserstein(log_eigs,log_real_eigs): 0.309
torch.Size([64, 2500])
Epoch [42/1000], Wasserstein(eigs,real_eigs): 1.196, Wasserstein(log_eigs,log_real_eigs): 0.302
torch.Size([64, 2500])
Epoch [43/1000], Wasserstein(eigs,real_eigs): 1.230, Wasserstein(log_eigs,log_real_eigs): 0.304
torch.Size([64, 2500])
Epoch [44/1000], Wasserstein(eigs,real_eigs): 1.240, Wasserstein(log_eigs,log_real_eigs): 0.301
torch.Size([64, 2500])
Epoch [45/1000], Wasserstein(eigs,real_eigs): 1.295, Wasserstein(log_eigs,log_real_eigs): 0.301
torch.Size([64, 2500])
Epoch [46/1000], Wasserstein(eigs,real_eigs): 1.310, Wasserstein(log_eigs,log_real_eigs): 0.299
torch.Size([64, 2500])
Epoch [47/1000], Wasserstein(eigs,real_eigs): 1.294, Wasserstein(log_eigs,log_real_eigs): 0.293
torch.Size([64, 2500])
Epoch [48/1000], Wasserstein(eigs,real_eigs): 1.264, Wasserstein(log_eigs,log_real_eigs): 0.302
torch.Size([64, 2500])
Epoch [49/1000], Wasserstein(eigs,real_eigs): 1.270, Wasserstein(log_eigs,log_real_eigs): 0.288
torch.Size([64, 2500])
Epoch [50/1000], Wasserstein(eigs,real_eigs): 1.314, Wasserstein(log_eigs,log_real_eigs): 0.292
torch.Size([64, 2500])
Epoch [51/1000], Wasserstein(eigs,real_eigs): 1.336, Wasserstein(log_eigs,log_real_eigs): 0.291
torch.Size([64, 2500])
Epoch [52/1000], Wasserstein(eigs,real_eigs): 1.367, Wasserstein(log_eigs,log_real_eigs): 0.290
torch.Size([64, 2500])
Epoch [53/1000], Wasserstein(eigs,real_eigs): 1.402, Wasserstein(log_eigs,log_real_eigs): 0.292
torch.Size([64, 2500])
Epoch [54/1000], Wasserstein(eigs,real_eigs): 1.404, Wasserstein(log_eigs,log_real_eigs): 0.294
torch.Size([64, 2500])
Epoch [55/1000], Wasserstein(eigs,real_eigs): 1.393, Wasserstein(log_eigs,log_real_eigs): 0.287
torch.Size([64, 2500])
Epoch [56/1000], Wasserstein(eigs,real_eigs): 1.378, Wasserstein(log_eigs,log_real_eigs): 0.284
torch.Size([64, 2500])
Epoch [57/1000], Wasserstein(eigs,real_eigs): 1.350, Wasserstein(log_eigs,log_real_eigs): 0.284
torch.Size([64, 2500])
Epoch [58/1000], Wasserstein(eigs,real_eigs): 1.405, Wasserstein(log_eigs,log_real_eigs): 0.286
torch.Size([64, 2500])
Epoch [59/1000], Wasserstein(eigs,real_eigs): 1.459, Wasserstein(log_eigs,log_real_eigs): 0.292
torch.Size([64, 2500])
Epoch [60/1000], Wasserstein(eigs,real_eigs): 1.493, Wasserstein(log_eigs,log_real_eigs): 0.296
torch.Size([64, 2500])
Epoch [61/1000], Wasserstein(eigs,real_eigs): 1.445, Wasserstein(log_eigs,log_real_eigs): 0.287
torch.Size([64, 2500])
Epoch [62/1000], Wasserstein(eigs,real_eigs): 1.426, Wasserstein(log_eigs,log_real_eigs): 0.285
torch.Size([64, 2500])
Epoch [63/1000], Wasserstein(eigs,real_eigs): 1.453, Wasserstein(log_eigs,log_real_eigs): 0.285
torch.Size([64, 2500])
Epoch [64/1000], Wasserstein(eigs,real_eigs): 1.456, Wasserstein(log_eigs,log_real_eigs): 0.284
torch.Size([64, 2500])
Epoch [65/1000], Wasserstein(eigs,real_eigs): 1.476, Wasserstein(log_eigs,log_real_eigs): 0.287
torch.Size([64, 2500])
Epoch [66/1000], Wasserstein(eigs,real_eigs): 1.510, Wasserstein(log_eigs,log_real_eigs): 0.285
torch.Size([64, 2500])
Epoch [67/1000], Wasserstein(eigs,real_eigs): 1.556, Wasserstein(log_eigs,log_real_eigs): 0.289
torch.Size([64, 2500])
Epoch [68/1000], Wasserstein(eigs,real_eigs): 1.494, Wasserstein(log_eigs,log_real_eigs): 0.288
torch.Size([64, 2500])
Epoch [69/1000], Wasserstein(eigs,real_eigs): 1.483, Wasserstein(log_eigs,log_real_eigs): 0.283
torch.Size([64, 2500])
Epoch [70/1000], Wasserstein(eigs,real_eigs): 1.500, Wasserstein(log_eigs,log_real_eigs): 0.281
torch.Size([64, 2500])
Epoch [71/1000], Wasserstein(eigs,real_eigs): 1.536, Wasserstein(log_eigs,log_real_eigs): 0.286
torch.Size([64, 2500])
Epoch [72/1000], Wasserstein(eigs,real_eigs): 1.594, Wasserstein(log_eigs,log_real_eigs): 0.283
torch.Size([64, 2500])
Epoch [73/1000], Wasserstein(eigs,real_eigs): 1.643, Wasserstein(log_eigs,log_real_eigs): 0.286
torch.Size([64, 2500])
Epoch [74/1000], Wasserstein(eigs,real_eigs): 1.642, Wasserstein(log_eigs,log_real_eigs): 0.288
torch.Size([64, 2500])
Epoch [75/1000], Wasserstein(eigs,real_eigs): 1.654, Wasserstein(log_eigs,log_real_eigs): 0.286
torch.Size([64, 2500])
Epoch [76/1000], Wasserstein(eigs,real_eigs): 1.661, Wasserstein(log_eigs,log_real_eigs): 0.286
torch.Size([64, 2500])
Epoch [77/1000], Wasserstein(eigs,real_eigs): 1.654, Wasserstein(log_eigs,log_real_eigs): 0.291
torch.Size([64, 2500])
Epoch [78/1000], Wasserstein(eigs,real_eigs): 1.602, Wasserstein(log_eigs,log_real_eigs): 0.290
torch.Size([64, 2500])
Epoch [79/1000], Wasserstein(eigs,real_eigs): 1.648, Wasserstein(log_eigs,log_real_eigs): 0.288
torch.Size([64, 2500])
Epoch [80/1000], Wasserstein(eigs,real_eigs): 1.645, Wasserstein(log_eigs,log_real_eigs): 0.293
torch.Size([64, 2500])
Epoch [81/1000], Wasserstein(eigs,real_eigs): 1.634, Wasserstein(log_eigs,log_real_eigs): 0.286
torch.Size([64, 2500])
Epoch [82/1000], Wasserstein(eigs,real_eigs): 1.612, Wasserstein(log_eigs,log_real_eigs): 0.281
torch.Size([64, 2500])
Epoch [83/1000], Wasserstein(eigs,real_eigs): 1.627, Wasserstein(log_eigs,log_real_eigs): 0.286
torch.Size([64, 2500])
Epoch [84/1000], Wasserstein(eigs,real_eigs): 1.648, Wasserstein(log_eigs,log_real_eigs): 0.284
torch.Size([64, 2500])
Epoch [85/1000], Wasserstein(eigs,real_eigs): 1.678, Wasserstein(log_eigs,log_real_eigs): 0.285
torch.Size([64, 2500])
Epoch [86/1000], Wasserstein(eigs,real_eigs): 1.641, Wasserstein(log_eigs,log_real_eigs): 0.291
torch.Size([64, 2500])
Epoch [87/1000], Wasserstein(eigs,real_eigs): 1.673, Wasserstein(log_eigs,log_real_eigs): 0.287
torch.Size([64, 2500])
Epoch [88/1000], Wasserstein(eigs,real_eigs): 1.676, Wasserstein(log_eigs,log_real_eigs): 0.290
torch.Size([64, 2500])
Epoch [89/1000], Wasserstein(eigs,real_eigs): 1.696, Wasserstein(log_eigs,log_real_eigs): 0.292
torch.Size([64, 2500])
Epoch [90/1000], Wasserstein(eigs,real_eigs): 1.680, Wasserstein(log_eigs,log_real_eigs): 0.288
torch.Size([64, 2500])
Epoch [91/1000], Wasserstein(eigs,real_eigs): 1.690, Wasserstein(log_eigs,log_real_eigs): 0.284
torch.Size([64, 2500])
Epoch [92/1000], Wasserstein(eigs,real_eigs): 1.684, Wasserstein(log_eigs,log_real_eigs): 0.296
torch.Size([64, 2500])
Epoch [93/1000], Wasserstein(eigs,real_eigs): 1.694, Wasserstein(log_eigs,log_real_eigs): 0.291
torch.Size([64, 2500])
Epoch [94/1000], Wasserstein(eigs,real_eigs): 1.678, Wasserstein(log_eigs,log_real_eigs): 0.289
torch.Size([64, 2500])
Epoch [95/1000], Wasserstein(eigs,real_eigs): 1.676, Wasserstein(log_eigs,log_real_eigs): 0.290
torch.Size([64, 2500])
Epoch [96/1000], Wasserstein(eigs,real_eigs): 1.683, Wasserstein(log_eigs,log_real_eigs): 0.295
torch.Size([64, 2500])
Epoch [97/1000], Wasserstein(eigs,real_eigs): 1.688, Wasserstein(log_eigs,log_real_eigs): 0.296
torch.Size([64, 2500])
Epoch [98/1000], Wasserstein(eigs,real_eigs): 1.698, Wasserstein(log_eigs,log_real_eigs): 0.296
torch.Size([64, 2500])
Epoch [99/1000], Wasserstein(eigs,real_eigs): 1.680, Wasserstein(log_eigs,log_real_eigs): 0.292
torch.Size([64, 2500])
Epoch [100/1000], Wasserstein(eigs,real_eigs): 1.650, Wasserstein(log_eigs,log_real_eigs): 0.288
torch.Size([64, 2500])
Epoch [101/1000], Wasserstein(eigs,real_eigs): 1.611, Wasserstein(log_eigs,log_real_eigs): 0.291
torch.Size([64, 2500])
Epoch [102/1000], Wasserstein(eigs,real_eigs): 1.623, Wasserstein(log_eigs,log_real_eigs): 0.287
torch.Size([64, 2500])
Epoch [103/1000], Wasserstein(eigs,real_eigs): 1.665, Wasserstein(log_eigs,log_real_eigs): 0.295
torch.Size([64, 2500])
Epoch [104/1000], Wasserstein(eigs,real_eigs): 1.682, Wasserstein(log_eigs,log_real_eigs): 0.293
torch.Size([64, 2500])
Epoch [105/1000], Wasserstein(eigs,real_eigs): 1.653, Wasserstein(log_eigs,log_real_eigs): 0.293
torch.Size([64, 2500])
Epoch [106/1000], Wasserstein(eigs,real_eigs): 1.652, Wasserstein(log_eigs,log_real_eigs): 0.290
torch.Size([64, 2500])
Epoch [107/1000], Wasserstein(eigs,real_eigs): 1.633, Wasserstein(log_eigs,log_real_eigs): 0.289
torch.Size([64, 2500])
Epoch [108/1000], Wasserstein(eigs,real_eigs): 1.638, Wasserstein(log_eigs,log_real_eigs): 0.296
torch.Size([64, 2500])
Epoch [109/1000], Wasserstein(eigs,real_eigs): 1.614, Wasserstein(log_eigs,log_real_eigs): 0.289
torch.Size([64, 2500])
Epoch [110/1000], Wasserstein(eigs,real_eigs): 1.630, Wasserstein(log_eigs,log_real_eigs): 0.293
torch.Size([64, 2500])
Epoch [111/1000], Wasserstein(eigs,real_eigs): 1.634, Wasserstein(log_eigs,log_real_eigs): 0.292
torch.Size([64, 2500])
Epoch [112/1000], Wasserstein(eigs,real_eigs): 1.612, Wasserstein(log_eigs,log_real_eigs): 0.298
torch.Size([64, 2500])
Epoch [113/1000], Wasserstein(eigs,real_eigs): 1.599, Wasserstein(log_eigs,log_real_eigs): 0.295
torch.Size([64, 2500])
Epoch [114/1000], Wasserstein(eigs,real_eigs): 1.606, Wasserstein(log_eigs,log_real_eigs): 0.297
torch.Size([64, 2500])
Epoch [115/1000], Wasserstein(eigs,real_eigs): 1.559, Wasserstein(log_eigs,log_real_eigs): 0.296
torch.Size([64, 2500])
Epoch [116/1000], Wasserstein(eigs,real_eigs): 1.564, Wasserstein(log_eigs,log_real_eigs): 0.292
torch.Size([64, 2500])
Epoch [117/1000], Wasserstein(eigs,real_eigs): 1.571, Wasserstein(log_eigs,log_real_eigs): 0.287
torch.Size([64, 2500])
Epoch [118/1000], Wasserstein(eigs,real_eigs): 1.543, Wasserstein(log_eigs,log_real_eigs): 0.297
torch.Size([64, 2500])
Epoch [119/1000], Wasserstein(eigs,real_eigs): 1.516, Wasserstein(log_eigs,log_real_eigs): 0.300
torch.Size([64, 2500])
Epoch [120/1000], Wasserstein(eigs,real_eigs): 1.512, Wasserstein(log_eigs,log_real_eigs): 0.297
torch.Size([64, 2500])
Epoch [121/1000], Wasserstein(eigs,real_eigs): 1.475, Wasserstein(log_eigs,log_real_eigs): 0.294
torch.Size([64, 2500])
Epoch [122/1000], Wasserstein(eigs,real_eigs): 1.477, Wasserstein(log_eigs,log_real_eigs): 0.292
torch.Size([64, 2500])
Epoch [123/1000], Wasserstein(eigs,real_eigs): 1.451, Wasserstein(log_eigs,log_real_eigs): 0.304
torch.Size([64, 2500])
Epoch [124/1000], Wasserstein(eigs,real_eigs): 1.402, Wasserstein(log_eigs,log_real_eigs): 0.294
torch.Size([64, 2500])
Epoch [125/1000], Wasserstein(eigs,real_eigs): 1.375, Wasserstein(log_eigs,log_real_eigs): 0.299
torch.Size([64, 2500])
Epoch [126/1000], Wasserstein(eigs,real_eigs): 1.353, Wasserstein(log_eigs,log_real_eigs): 0.299
torch.Size([64, 2500])
Epoch [127/1000], Wasserstein(eigs,real_eigs): 1.338, Wasserstein(log_eigs,log_real_eigs): 0.300
torch.Size([64, 2500])
Epoch [128/1000], Wasserstein(eigs,real_eigs): 1.300, Wasserstein(log_eigs,log_real_eigs): 0.297
torch.Size([64, 2500])
Epoch [129/1000], Wasserstein(eigs,real_eigs): 1.278, Wasserstein(log_eigs,log_real_eigs): 0.304
torch.Size([64, 2500])
Epoch [130/1000], Wasserstein(eigs,real_eigs): 1.252, Wasserstein(log_eigs,log_real_eigs): 0.308
torch.Size([64, 2500])
Epoch [131/1000], Wasserstein(eigs,real_eigs): 1.238, Wasserstein(log_eigs,log_real_eigs): 0.308
torch.Size([64, 2500])
Epoch [132/1000], Wasserstein(eigs,real_eigs): 1.229, Wasserstein(log_eigs,log_real_eigs): 0.303
torch.Size([64, 2500])
Epoch [133/1000], Wasserstein(eigs,real_eigs): 1.177, Wasserstein(log_eigs,log_real_eigs): 0.310
torch.Size([64, 2500])
Epoch [134/1000], Wasserstein(eigs,real_eigs): 1.128, Wasserstein(log_eigs,log_real_eigs): 0.318
torch.Size([64, 2500])
Epoch [135/1000], Wasserstein(eigs,real_eigs): 1.084, Wasserstein(log_eigs,log_real_eigs): 0.314
torch.Size([64, 2500])
Epoch [136/1000], Wasserstein(eigs,real_eigs): 1.087, Wasserstein(log_eigs,log_real_eigs): 0.316
torch.Size([64, 2500])
Epoch [137/1000], Wasserstein(eigs,real_eigs): 1.036, Wasserstein(log_eigs,log_real_eigs): 0.323
torch.Size([64, 2500])
Epoch [138/1000], Wasserstein(eigs,real_eigs): 1.040, Wasserstein(log_eigs,log_real_eigs): 0.324
torch.Size([64, 2500])
Epoch [139/1000], Wasserstein(eigs,real_eigs): 1.013, Wasserstein(log_eigs,log_real_eigs): 0.321
torch.Size([64, 2500])
Epoch [140/1000], Wasserstein(eigs,real_eigs): 1.014, Wasserstein(log_eigs,log_real_eigs): 0.331
torch.Size([64, 2500])
Epoch [141/1000], Wasserstein(eigs,real_eigs): 0.983, Wasserstein(log_eigs,log_real_eigs): 0.336
torch.Size([64, 2500])
Epoch [142/1000], Wasserstein(eigs,real_eigs): 0.980, Wasserstein(log_eigs,log_real_eigs): 0.338
torch.Size([64, 2500])
Epoch [143/1000], Wasserstein(eigs,real_eigs): 0.952, Wasserstein(log_eigs,log_real_eigs): 0.347
torch.Size([64, 2500])
Epoch [144/1000], Wasserstein(eigs,real_eigs): 0.958, Wasserstein(log_eigs,log_real_eigs): 0.343
torch.Size([64, 2500])
Epoch [145/1000], Wasserstein(eigs,real_eigs): 0.942, Wasserstein(log_eigs,log_real_eigs): 0.352
torch.Size([64, 2500])
Epoch [146/1000], Wasserstein(eigs,real_eigs): 0.957, Wasserstein(log_eigs,log_real_eigs): 0.359
torch.Size([64, 2500])
Epoch [147/1000], Wasserstein(eigs,real_eigs): 0.935, Wasserstein(log_eigs,log_real_eigs): 0.356
torch.Size([64, 2500])
Epoch [148/1000], Wasserstein(eigs,real_eigs): 0.975, Wasserstein(log_eigs,log_real_eigs): 0.362
torch.Size([64, 2500])
Epoch [149/1000], Wasserstein(eigs,real_eigs): 0.986, Wasserstein(log_eigs,log_real_eigs): 0.372
torch.Size([64, 2500])
Epoch [150/1000], Wasserstein(eigs,real_eigs): 1.003, Wasserstein(log_eigs,log_real_eigs): 0.375
torch.Size([64, 2500])
Epoch [151/1000], Wasserstein(eigs,real_eigs): 1.040, Wasserstein(log_eigs,log_real_eigs): 0.388
torch.Size([64, 2500])
Epoch [152/1000], Wasserstein(eigs,real_eigs): 1.046, Wasserstein(log_eigs,log_real_eigs): 0.382
torch.Size([64, 2500])
Epoch [153/1000], Wasserstein(eigs,real_eigs): 1.074, Wasserstein(log_eigs,log_real_eigs): 0.392
torch.Size([64, 2500])
Epoch [154/1000], Wasserstein(eigs,real_eigs): 1.082, Wasserstein(log_eigs,log_real_eigs): 0.394
torch.Size([64, 2500])
Epoch [155/1000], Wasserstein(eigs,real_eigs): 1.115, Wasserstein(log_eigs,log_real_eigs): 0.401
torch.Size([64, 2500])
Epoch [156/1000], Wasserstein(eigs,real_eigs): 1.189, Wasserstein(log_eigs,log_real_eigs): 0.405
torch.Size([64, 2500])
Epoch [157/1000], Wasserstein(eigs,real_eigs): 1.192, Wasserstein(log_eigs,log_real_eigs): 0.413
torch.Size([64, 2500])
Epoch [158/1000], Wasserstein(eigs,real_eigs): 1.215, Wasserstein(log_eigs,log_real_eigs): 0.410
torch.Size([64, 2500])
Epoch [159/1000], Wasserstein(eigs,real_eigs): 1.279, Wasserstein(log_eigs,log_real_eigs): 0.417
torch.Size([64, 2500])
Epoch [160/1000], Wasserstein(eigs,real_eigs): 1.304, Wasserstein(log_eigs,log_real_eigs): 0.420
torch.Size([64, 2500])
Epoch [161/1000], Wasserstein(eigs,real_eigs): 1.322, Wasserstein(log_eigs,log_real_eigs): 0.428
torch.Size([64, 2500])
Epoch [162/1000], Wasserstein(eigs,real_eigs): 1.329, Wasserstein(log_eigs,log_real_eigs): 0.431
torch.Size([64, 2500])
Epoch [163/1000], Wasserstein(eigs,real_eigs): 1.356, Wasserstein(log_eigs,log_real_eigs): 0.430
torch.Size([64, 2500])
Epoch [164/1000], Wasserstein(eigs,real_eigs): 1.387, Wasserstein(log_eigs,log_real_eigs): 0.433
torch.Size([64, 2500])
Epoch [165/1000], Wasserstein(eigs,real_eigs): 1.406, Wasserstein(log_eigs,log_real_eigs): 0.431
torch.Size([64, 2500])
Epoch [166/1000], Wasserstein(eigs,real_eigs): 1.449, Wasserstein(log_eigs,log_real_eigs): 0.438
torch.Size([64, 2500])
Epoch [167/1000], Wasserstein(eigs,real_eigs): 1.484, Wasserstein(log_eigs,log_real_eigs): 0.440
torch.Size([64, 2500])
Epoch [168/1000], Wasserstein(eigs,real_eigs): 1.488, Wasserstein(log_eigs,log_real_eigs): 0.444
torch.Size([64, 2500])
Epoch [169/1000], Wasserstein(eigs,real_eigs): 1.544, Wasserstein(log_eigs,log_real_eigs): 0.451
torch.Size([64, 2500])
Epoch [170/1000], Wasserstein(eigs,real_eigs): 1.621, Wasserstein(log_eigs,log_real_eigs): 0.457
torch.Size([64, 2500])
Epoch [171/1000], Wasserstein(eigs,real_eigs): 1.557, Wasserstein(log_eigs,log_real_eigs): 0.450
torch.Size([64, 2500])
Epoch [172/1000], Wasserstein(eigs,real_eigs): 1.572, Wasserstein(log_eigs,log_real_eigs): 0.452
torch.Size([64, 2500])
Epoch [173/1000], Wasserstein(eigs,real_eigs): 1.646, Wasserstein(log_eigs,log_real_eigs): 0.460
torch.Size([64, 2500])
Epoch [174/1000], Wasserstein(eigs,real_eigs): 1.655, Wasserstein(log_eigs,log_real_eigs): 0.459
torch.Size([64, 2500])
Epoch [175/1000], Wasserstein(eigs,real_eigs): 1.630, Wasserstein(log_eigs,log_real_eigs): 0.457
torch.Size([64, 2500])
Epoch [176/1000], Wasserstein(eigs,real_eigs): 1.694, Wasserstein(log_eigs,log_real_eigs): 0.461
torch.Size([64, 2500])
Epoch [177/1000], Wasserstein(eigs,real_eigs): 1.723, Wasserstein(log_eigs,log_real_eigs): 0.467
torch.Size([64, 2500])
Epoch [178/1000], Wasserstein(eigs,real_eigs): 1.736, Wasserstein(log_eigs,log_real_eigs): 0.466
torch.Size([64, 2500])
Epoch [179/1000], Wasserstein(eigs,real_eigs): 1.736, Wasserstein(log_eigs,log_real_eigs): 0.464
torch.Size([64, 2500])
Epoch [180/1000], Wasserstein(eigs,real_eigs): 1.734, Wasserstein(log_eigs,log_real_eigs): 0.465
torch.Size([64, 2500])
Epoch [181/1000], Wasserstein(eigs,real_eigs): 1.793, Wasserstein(log_eigs,log_real_eigs): 0.473
torch.Size([64, 2500])
Epoch [182/1000], Wasserstein(eigs,real_eigs): 1.842, Wasserstein(log_eigs,log_real_eigs): 0.473
torch.Size([64, 2500])
Epoch [183/1000], Wasserstein(eigs,real_eigs): 1.821, Wasserstein(log_eigs,log_real_eigs): 0.476
torch.Size([64, 2500])
Epoch [184/1000], Wasserstein(eigs,real_eigs): 1.825, Wasserstein(log_eigs,log_real_eigs): 0.478
torch.Size([64, 2500])
Epoch [185/1000], Wasserstein(eigs,real_eigs): 1.811, Wasserstein(log_eigs,log_real_eigs): 0.475
torch.Size([64, 2500])
Epoch [186/1000], Wasserstein(eigs,real_eigs): 1.885, Wasserstein(log_eigs,log_real_eigs): 0.477
torch.Size([64, 2500])
Epoch [187/1000], Wasserstein(eigs,real_eigs): 1.856, Wasserstein(log_eigs,log_real_eigs): 0.471
torch.Size([64, 2500])
Epoch [188/1000], Wasserstein(eigs,real_eigs): 1.905, Wasserstein(log_eigs,log_real_eigs): 0.482
torch.Size([64, 2500])
Epoch [189/1000], Wasserstein(eigs,real_eigs): 1.895, Wasserstein(log_eigs,log_real_eigs): 0.475
torch.Size([64, 2500])
Epoch [190/1000], Wasserstein(eigs,real_eigs): 1.909, Wasserstein(log_eigs,log_real_eigs): 0.478
torch.Size([64, 2500])
Epoch [191/1000], Wasserstein(eigs,real_eigs): 1.891, Wasserstein(log_eigs,log_real_eigs): 0.479
torch.Size([64, 2500])
Epoch [192/1000], Wasserstein(eigs,real_eigs): 1.923, Wasserstein(log_eigs,log_real_eigs): 0.480
torch.Size([64, 2500])
Epoch [193/1000], Wasserstein(eigs,real_eigs): 1.918, Wasserstein(log_eigs,log_real_eigs): 0.481
torch.Size([64, 2500])
Epoch [194/1000], Wasserstein(eigs,real_eigs): 1.964, Wasserstein(log_eigs,log_real_eigs): 0.485
torch.Size([64, 2500])
Epoch [195/1000], Wasserstein(eigs,real_eigs): 1.908, Wasserstein(log_eigs,log_real_eigs): 0.483
torch.Size([64, 2500])
Epoch [196/1000], Wasserstein(eigs,real_eigs): 1.916, Wasserstein(log_eigs,log_real_eigs): 0.484
torch.Size([64, 2500])
Epoch [197/1000], Wasserstein(eigs,real_eigs): 1.923, Wasserstein(log_eigs,log_real_eigs): 0.481
torch.Size([64, 2500])
Epoch [198/1000], Wasserstein(eigs,real_eigs): 2.000, Wasserstein(log_eigs,log_real_eigs): 0.487
torch.Size([64, 2500])
Epoch [199/1000], Wasserstein(eigs,real_eigs): 2.011, Wasserstein(log_eigs,log_real_eigs): 0.486
torch.Size([64, 2500])
Epoch [200/1000], Wasserstein(eigs,real_eigs): 1.948, Wasserstein(log_eigs,log_real_eigs): 0.491
torch.Size([64, 2500])
Epoch [201/1000], Wasserstein(eigs,real_eigs): 2.062, Wasserstein(log_eigs,log_real_eigs): 0.483
torch.Size([64, 2500])
Epoch [202/1000], Wasserstein(eigs,real_eigs): 2.004, Wasserstein(log_eigs,log_real_eigs): 0.491
torch.Size([64, 2500])
Epoch [203/1000], Wasserstein(eigs,real_eigs): 2.021, Wasserstein(log_eigs,log_real_eigs): 0.492
torch.Size([64, 2500])
Epoch [204/1000], Wasserstein(eigs,real_eigs): 2.078, Wasserstein(log_eigs,log_real_eigs): 0.498
torch.Size([64, 2500])
Epoch [205/1000], Wasserstein(eigs,real_eigs): 2.030, Wasserstein(log_eigs,log_real_eigs): 0.493
torch.Size([64, 2500])
Epoch [206/1000], Wasserstein(eigs,real_eigs): 2.152, Wasserstein(log_eigs,log_real_eigs): 0.492
torch.Size([64, 2500])
Epoch [207/1000], Wasserstein(eigs,real_eigs): 2.368, Wasserstein(log_eigs,log_real_eigs): 0.492
torch.Size([64, 2500])
Epoch [208/1000], Wasserstein(eigs,real_eigs): 2.736, Wasserstein(log_eigs,log_real_eigs): 0.489
torch.Size([64, 2500])
Epoch [209/1000], Wasserstein(eigs,real_eigs): 2.921, Wasserstein(log_eigs,log_real_eigs): 0.466
torch.Size([64, 2500])
Epoch [210/1000], Wasserstein(eigs,real_eigs): 3.072, Wasserstein(log_eigs,log_real_eigs): 0.460
torch.Size([64, 2500])
Epoch [211/1000], Wasserstein(eigs,real_eigs): 3.155, Wasserstein(log_eigs,log_real_eigs): 0.460
torch.Size([64, 2500])
Epoch [212/1000], Wasserstein(eigs,real_eigs): 3.135, Wasserstein(log_eigs,log_real_eigs): 0.446
torch.Size([64, 2500])
Epoch [213/1000], Wasserstein(eigs,real_eigs): 3.179, Wasserstein(log_eigs,log_real_eigs): 0.450
torch.Size([64, 2500])
Epoch [214/1000], Wasserstein(eigs,real_eigs): 3.180, Wasserstein(log_eigs,log_real_eigs): 0.450
torch.Size([64, 2500])
Epoch [215/1000], Wasserstein(eigs,real_eigs): 3.183, Wasserstein(log_eigs,log_real_eigs): 0.451
torch.Size([64, 2500])
Epoch [216/1000], Wasserstein(eigs,real_eigs): 3.208, Wasserstein(log_eigs,log_real_eigs): 0.453
torch.Size([64, 2500])
Epoch [217/1000], Wasserstein(eigs,real_eigs): 3.171, Wasserstein(log_eigs,log_real_eigs): 0.447
torch.Size([64, 2500])
Epoch [218/1000], Wasserstein(eigs,real_eigs): 3.270, Wasserstein(log_eigs,log_real_eigs): 0.453
torch.Size([64, 2500])
Epoch [219/1000], Wasserstein(eigs,real_eigs): 3.184, Wasserstein(log_eigs,log_real_eigs): 0.450
torch.Size([64, 2500])
Epoch [220/1000], Wasserstein(eigs,real_eigs): 3.172, Wasserstein(log_eigs,log_real_eigs): 0.455
torch.Size([64, 2500])
Epoch [221/1000], Wasserstein(eigs,real_eigs): 3.155, Wasserstein(log_eigs,log_real_eigs): 0.459
torch.Size([64, 2500])
Epoch [222/1000], Wasserstein(eigs,real_eigs): 3.140, Wasserstein(log_eigs,log_real_eigs): 0.456
torch.Size([64, 2500])
Epoch [223/1000], Wasserstein(eigs,real_eigs): 3.147, Wasserstein(log_eigs,log_real_eigs): 0.462
torch.Size([64, 2500])
Epoch [224/1000], Wasserstein(eigs,real_eigs): 3.106, Wasserstein(log_eigs,log_real_eigs): 0.463
torch.Size([64, 2500])
Epoch [225/1000], Wasserstein(eigs,real_eigs): 3.063, Wasserstein(log_eigs,log_real_eigs): 0.465
torch.Size([64, 2500])
Epoch [226/1000], Wasserstein(eigs,real_eigs): 3.039, Wasserstein(log_eigs,log_real_eigs): 0.467
torch.Size([64, 2500])
Epoch [227/1000], Wasserstein(eigs,real_eigs): 2.945, Wasserstein(log_eigs,log_real_eigs): 0.468
torch.Size([64, 2500])
Epoch [228/1000], Wasserstein(eigs,real_eigs): 2.858, Wasserstein(log_eigs,log_real_eigs): 0.466
torch.Size([64, 2500])
Epoch [229/1000], Wasserstein(eigs,real_eigs): 2.870, Wasserstein(log_eigs,log_real_eigs): 0.472
torch.Size([64, 2500])
Epoch [230/1000], Wasserstein(eigs,real_eigs): 2.804, Wasserstein(log_eigs,log_real_eigs): 0.476
torch.Size([64, 2500])
Epoch [231/1000], Wasserstein(eigs,real_eigs): 2.737, Wasserstein(log_eigs,log_real_eigs): 0.493
torch.Size([64, 2500])
Epoch [232/1000], Wasserstein(eigs,real_eigs): 2.627, Wasserstein(log_eigs,log_real_eigs): 0.494
torch.Size([64, 2500])
Epoch [233/1000], Wasserstein(eigs,real_eigs): 2.548, Wasserstein(log_eigs,log_real_eigs): 0.508
torch.Size([64, 2500])
Epoch [234/1000], Wasserstein(eigs,real_eigs): 2.557, Wasserstein(log_eigs,log_real_eigs): 0.520
torch.Size([64, 2500])
Epoch [235/1000], Wasserstein(eigs,real_eigs): 2.621, Wasserstein(log_eigs,log_real_eigs): 0.535
torch.Size([64, 2500])
Epoch [236/1000], Wasserstein(eigs,real_eigs): 2.782, Wasserstein(log_eigs,log_real_eigs): 0.544
torch.Size([64, 2500])
Epoch [237/1000], Wasserstein(eigs,real_eigs): 2.745, Wasserstein(log_eigs,log_real_eigs): 0.536
torch.Size([64, 2500])
Epoch [238/1000], Wasserstein(eigs,real_eigs): 2.832, Wasserstein(log_eigs,log_real_eigs): 0.540
torch.Size([64, 2500])
Epoch [239/1000], Wasserstein(eigs,real_eigs): 2.860, Wasserstein(log_eigs,log_real_eigs): 0.543
torch.Size([64, 2500])
Epoch [240/1000], Wasserstein(eigs,real_eigs): 2.924, Wasserstein(log_eigs,log_real_eigs): 0.538
torch.Size([64, 2500])
Epoch [241/1000], Wasserstein(eigs,real_eigs): 3.075, Wasserstein(log_eigs,log_real_eigs): 0.540
torch.Size([64, 2500])
Epoch [242/1000], Wasserstein(eigs,real_eigs): 3.283, Wasserstein(log_eigs,log_real_eigs): 0.545
torch.Size([64, 2500])
Epoch [243/1000], Wasserstein(eigs,real_eigs): 3.351, Wasserstein(log_eigs,log_real_eigs): 0.537
torch.Size([64, 2500])
Epoch [244/1000], Wasserstein(eigs,real_eigs): 3.423, Wasserstein(log_eigs,log_real_eigs): 0.520
torch.Size([64, 2500])
Epoch [245/1000], Wasserstein(eigs,real_eigs): 3.509, Wasserstein(log_eigs,log_real_eigs): 0.507
torch.Size([64, 2500])
Epoch [246/1000], Wasserstein(eigs,real_eigs): 3.583, Wasserstein(log_eigs,log_real_eigs): 0.495
torch.Size([64, 2500])
Epoch [247/1000], Wasserstein(eigs,real_eigs): 3.602, Wasserstein(log_eigs,log_real_eigs): 0.485
torch.Size([64, 2500])
Epoch [248/1000], Wasserstein(eigs,real_eigs): 3.625, Wasserstein(log_eigs,log_real_eigs): 0.482
torch.Size([64, 2500])
Epoch [249/1000], Wasserstein(eigs,real_eigs): 3.649, Wasserstein(log_eigs,log_real_eigs): 0.486
torch.Size([64, 2500])
Epoch [250/1000], Wasserstein(eigs,real_eigs): 3.609, Wasserstein(log_eigs,log_real_eigs): 0.479
torch.Size([64, 2500])
Epoch [251/1000], Wasserstein(eigs,real_eigs): 3.635, Wasserstein(log_eigs,log_real_eigs): 0.477
torch.Size([64, 2500])
Epoch [252/1000], Wasserstein(eigs,real_eigs): 3.561, Wasserstein(log_eigs,log_real_eigs): 0.474
torch.Size([64, 2500])
Epoch [253/1000], Wasserstein(eigs,real_eigs): 3.572, Wasserstein(log_eigs,log_real_eigs): 0.477
torch.Size([64, 2500])
Epoch [254/1000], Wasserstein(eigs,real_eigs): 3.528, Wasserstein(log_eigs,log_real_eigs): 0.479
torch.Size([64, 2500])
Epoch [255/1000], Wasserstein(eigs,real_eigs): 3.512, Wasserstein(log_eigs,log_real_eigs): 0.486
torch.Size([64, 2500])
Epoch [256/1000], Wasserstein(eigs,real_eigs): 3.459, Wasserstein(log_eigs,log_real_eigs): 0.476
torch.Size([64, 2500])
Epoch [257/1000], Wasserstein(eigs,real_eigs): 3.389, Wasserstein(log_eigs,log_real_eigs): 0.478
torch.Size([64, 2500])
Epoch [258/1000], Wasserstein(eigs,real_eigs): 3.393, Wasserstein(log_eigs,log_real_eigs): 0.481
torch.Size([64, 2500])
Epoch [259/1000], Wasserstein(eigs,real_eigs): 3.318, Wasserstein(log_eigs,log_real_eigs): 0.483
torch.Size([64, 2500])
Epoch [260/1000], Wasserstein(eigs,real_eigs): 3.211, Wasserstein(log_eigs,log_real_eigs): 0.484
torch.Size([64, 2500])
Epoch [261/1000], Wasserstein(eigs,real_eigs): 3.218, Wasserstein(log_eigs,log_real_eigs): 0.486
torch.Size([64, 2500])
Epoch [262/1000], Wasserstein(eigs,real_eigs): 3.149, Wasserstein(log_eigs,log_real_eigs): 0.489
torch.Size([64, 2500])
Epoch [263/1000], Wasserstein(eigs,real_eigs): 3.111, Wasserstein(log_eigs,log_real_eigs): 0.496
torch.Size([64, 2500])
Epoch [264/1000], Wasserstein(eigs,real_eigs): 3.100, Wasserstein(log_eigs,log_real_eigs): 0.503
torch.Size([64, 2500])
Epoch [265/1000], Wasserstein(eigs,real_eigs): 2.930, Wasserstein(log_eigs,log_real_eigs): 0.513
torch.Size([64, 2500])
Epoch [266/1000], Wasserstein(eigs,real_eigs): 2.919, Wasserstein(log_eigs,log_real_eigs): 0.530
torch.Size([64, 2500])
Epoch [267/1000], Wasserstein(eigs,real_eigs): 2.856, Wasserstein(log_eigs,log_real_eigs): 0.536
torch.Size([64, 2500])
Epoch [268/1000], Wasserstein(eigs,real_eigs): 3.069, Wasserstein(log_eigs,log_real_eigs): 0.559
torch.Size([64, 2500])
Epoch [269/1000], Wasserstein(eigs,real_eigs): 3.154, Wasserstein(log_eigs,log_real_eigs): 0.565
torch.Size([64, 2500])
Epoch [270/1000], Wasserstein(eigs,real_eigs): 3.188, Wasserstein(log_eigs,log_real_eigs): 0.567
torch.Size([64, 2500])
Epoch [271/1000], Wasserstein(eigs,real_eigs): 3.196, Wasserstein(log_eigs,log_real_eigs): 0.563
torch.Size([64, 2500])
Epoch [272/1000], Wasserstein(eigs,real_eigs): 3.204, Wasserstein(log_eigs,log_real_eigs): 0.556
torch.Size([64, 2500])
Epoch [273/1000], Wasserstein(eigs,real_eigs): 3.204, Wasserstein(log_eigs,log_real_eigs): 0.556
torch.Size([64, 2500])
Epoch [274/1000], Wasserstein(eigs,real_eigs): 3.204, Wasserstein(log_eigs,log_real_eigs): 0.557
torch.Size([64, 2500])
Epoch [275/1000], Wasserstein(eigs,real_eigs): 3.130, Wasserstein(log_eigs,log_real_eigs): 0.548
torch.Size([64, 2500])
Epoch [276/1000], Wasserstein(eigs,real_eigs): 3.113, Wasserstein(log_eigs,log_real_eigs): 0.539
torch.Size([64, 2500])
Epoch [277/1000], Wasserstein(eigs,real_eigs): 3.013, Wasserstein(log_eigs,log_real_eigs): 0.536
torch.Size([64, 2500])
Epoch [278/1000], Wasserstein(eigs,real_eigs): 2.987, Wasserstein(log_eigs,log_real_eigs): 0.534
torch.Size([64, 2500])
Epoch [279/1000], Wasserstein(eigs,real_eigs): 2.909, Wasserstein(log_eigs,log_real_eigs): 0.534
torch.Size([64, 2500])
Epoch [280/1000], Wasserstein(eigs,real_eigs): 2.851, Wasserstein(log_eigs,log_real_eigs): 0.528
torch.Size([64, 2500])
Epoch [281/1000], Wasserstein(eigs,real_eigs): 2.732, Wasserstein(log_eigs,log_real_eigs): 0.522
torch.Size([64, 2500])
Epoch [282/1000], Wasserstein(eigs,real_eigs): 2.606, Wasserstein(log_eigs,log_real_eigs): 0.521
torch.Size([64, 2500])
Epoch [283/1000], Wasserstein(eigs,real_eigs): 2.467, Wasserstein(log_eigs,log_real_eigs): 0.513
torch.Size([64, 2500])
Epoch [284/1000], Wasserstein(eigs,real_eigs): 2.395, Wasserstein(log_eigs,log_real_eigs): 0.511
torch.Size([64, 2500])
Epoch [285/1000], Wasserstein(eigs,real_eigs): 2.305, Wasserstein(log_eigs,log_real_eigs): 0.504
torch.Size([64, 2500])
Epoch [286/1000], Wasserstein(eigs,real_eigs): 2.290, Wasserstein(log_eigs,log_real_eigs): 0.507
torch.Size([64, 2500])
Epoch [287/1000], Wasserstein(eigs,real_eigs): 2.200, Wasserstein(log_eigs,log_real_eigs): 0.494
torch.Size([64, 2500])
Epoch [288/1000], Wasserstein(eigs,real_eigs): 2.146, Wasserstein(log_eigs,log_real_eigs): 0.493
torch.Size([64, 2500])
Epoch [289/1000], Wasserstein(eigs,real_eigs): 2.121, Wasserstein(log_eigs,log_real_eigs): 0.495
torch.Size([64, 2500])
Epoch [290/1000], Wasserstein(eigs,real_eigs): 2.076, Wasserstein(log_eigs,log_real_eigs): 0.487
torch.Size([64, 2500])
Epoch [291/1000], Wasserstein(eigs,real_eigs): 2.057, Wasserstein(log_eigs,log_real_eigs): 0.483
torch.Size([64, 2500])
Epoch [292/1000], Wasserstein(eigs,real_eigs): 2.013, Wasserstein(log_eigs,log_real_eigs): 0.480
torch.Size([64, 2500])
Epoch [293/1000], Wasserstein(eigs,real_eigs): 1.958, Wasserstein(log_eigs,log_real_eigs): 0.474
torch.Size([64, 2500])
Epoch [294/1000], Wasserstein(eigs,real_eigs): 2.087, Wasserstein(log_eigs,log_real_eigs): 0.473
torch.Size([64, 2500])
Epoch [295/1000], Wasserstein(eigs,real_eigs): 2.294, Wasserstein(log_eigs,log_real_eigs): 0.466
torch.Size([64, 2500])
Epoch [296/1000], Wasserstein(eigs,real_eigs): 2.408, Wasserstein(log_eigs,log_real_eigs): 0.435
torch.Size([64, 2500])
Epoch [297/1000], Wasserstein(eigs,real_eigs): 2.480, Wasserstein(log_eigs,log_real_eigs): 0.412
torch.Size([64, 2500])
Epoch [298/1000], Wasserstein(eigs,real_eigs): 2.523, Wasserstein(log_eigs,log_real_eigs): 0.406
torch.Size([64, 2500])
Epoch [299/1000], Wasserstein(eigs,real_eigs): 2.485, Wasserstein(log_eigs,log_real_eigs): 0.405
torch.Size([64, 2500])
Epoch [300/1000], Wasserstein(eigs,real_eigs): 2.493, Wasserstein(log_eigs,log_real_eigs): 0.399
torch.Size([64, 2500])
Epoch [301/1000], Wasserstein(eigs,real_eigs): 2.503, Wasserstein(log_eigs,log_real_eigs): 0.386
torch.Size([64, 2500])
Epoch [302/1000], Wasserstein(eigs,real_eigs): 2.468, Wasserstein(log_eigs,log_real_eigs): 0.398
torch.Size([64, 2500])
Epoch [303/1000], Wasserstein(eigs,real_eigs): 2.444, Wasserstein(log_eigs,log_real_eigs): 0.396
torch.Size([64, 2500])
Epoch [304/1000], Wasserstein(eigs,real_eigs): 2.416, Wasserstein(log_eigs,log_real_eigs): 0.391
torch.Size([64, 2500])
Epoch [305/1000], Wasserstein(eigs,real_eigs): 2.368, Wasserstein(log_eigs,log_real_eigs): 0.390
torch.Size([64, 2500])
Epoch [306/1000], Wasserstein(eigs,real_eigs): 2.393, Wasserstein(log_eigs,log_real_eigs): 0.396
torch.Size([64, 2500])
Epoch [307/1000], Wasserstein(eigs,real_eigs): 2.374, Wasserstein(log_eigs,log_real_eigs): 0.397
torch.Size([64, 2500])
Epoch [308/1000], Wasserstein(eigs,real_eigs): 2.334, Wasserstein(log_eigs,log_real_eigs): 0.390
torch.Size([64, 2500])
Epoch [309/1000], Wasserstein(eigs,real_eigs): 2.307, Wasserstein(log_eigs,log_real_eigs): 0.397
torch.Size([64, 2500])
Epoch [310/1000], Wasserstein(eigs,real_eigs): 2.274, Wasserstein(log_eigs,log_real_eigs): 0.403
torch.Size([64, 2500])
Epoch [311/1000], Wasserstein(eigs,real_eigs): 2.189, Wasserstein(log_eigs,log_real_eigs): 0.399
torch.Size([64, 2500])
Epoch [312/1000], Wasserstein(eigs,real_eigs): 2.168, Wasserstein(log_eigs,log_real_eigs): 0.402
torch.Size([64, 2500])
Epoch [313/1000], Wasserstein(eigs,real_eigs): 2.189, Wasserstein(log_eigs,log_real_eigs): 0.409
torch.Size([64, 2500])
Epoch [314/1000], Wasserstein(eigs,real_eigs): 2.111, Wasserstein(log_eigs,log_real_eigs): 0.403
torch.Size([64, 2500])
Epoch [315/1000], Wasserstein(eigs,real_eigs): 2.053, Wasserstein(log_eigs,log_real_eigs): 0.406
torch.Size([64, 2500])
Epoch [316/1000], Wasserstein(eigs,real_eigs): 2.016, Wasserstein(log_eigs,log_real_eigs): 0.410
torch.Size([64, 2500])
Epoch [317/1000], Wasserstein(eigs,real_eigs): 1.916, Wasserstein(log_eigs,log_real_eigs): 0.415
torch.Size([64, 2500])
Epoch [318/1000], Wasserstein(eigs,real_eigs): 1.926, Wasserstein(log_eigs,log_real_eigs): 0.425
torch.Size([64, 2500])
Epoch [319/1000], Wasserstein(eigs,real_eigs): 1.924, Wasserstein(log_eigs,log_real_eigs): 0.450
torch.Size([64, 2500])
Epoch [320/1000], Wasserstein(eigs,real_eigs): 1.924, Wasserstein(log_eigs,log_real_eigs): 0.463
torch.Size([64, 2500])
Epoch [321/1000], Wasserstein(eigs,real_eigs): 1.973, Wasserstein(log_eigs,log_real_eigs): 0.481
torch.Size([64, 2500])
Epoch [322/1000], Wasserstein(eigs,real_eigs): 1.943, Wasserstein(log_eigs,log_real_eigs): 0.476
torch.Size([64, 2500])
Epoch [323/1000], Wasserstein(eigs,real_eigs): 1.908, Wasserstein(log_eigs,log_real_eigs): 0.480
torch.Size([64, 2500])
Epoch [324/1000], Wasserstein(eigs,real_eigs): 1.913, Wasserstein(log_eigs,log_real_eigs): 0.478
torch.Size([64, 2500])
Epoch [325/1000], Wasserstein(eigs,real_eigs): 1.799, Wasserstein(log_eigs,log_real_eigs): 0.464
torch.Size([64, 2500])
Epoch [326/1000], Wasserstein(eigs,real_eigs): 1.750, Wasserstein(log_eigs,log_real_eigs): 0.466
torch.Size([64, 2500])
Epoch [327/1000], Wasserstein(eigs,real_eigs): 1.810, Wasserstein(log_eigs,log_real_eigs): 0.462
torch.Size([64, 2500])
Epoch [328/1000], Wasserstein(eigs,real_eigs): 1.906, Wasserstein(log_eigs,log_real_eigs): 0.457
torch.Size([64, 2500])
Epoch [329/1000], Wasserstein(eigs,real_eigs): 2.036, Wasserstein(log_eigs,log_real_eigs): 0.448
torch.Size([64, 2500])
Epoch [330/1000], Wasserstein(eigs,real_eigs): 2.078, Wasserstein(log_eigs,log_real_eigs): 0.428
torch.Size([64, 2500])
Epoch [331/1000], Wasserstein(eigs,real_eigs): 2.049, Wasserstein(log_eigs,log_real_eigs): 0.402
torch.Size([64, 2500])
Epoch [332/1000], Wasserstein(eigs,real_eigs): 2.050, Wasserstein(log_eigs,log_real_eigs): 0.394
torch.Size([64, 2500])
Epoch [333/1000], Wasserstein(eigs,real_eigs): 2.066, Wasserstein(log_eigs,log_real_eigs): 0.389
torch.Size([64, 2500])
Epoch [334/1000], Wasserstein(eigs,real_eigs): 2.044, Wasserstein(log_eigs,log_real_eigs): 0.378
torch.Size([64, 2500])
Epoch [335/1000], Wasserstein(eigs,real_eigs): 2.048, Wasserstein(log_eigs,log_real_eigs): 0.377
torch.Size([64, 2500])
Epoch [336/1000], Wasserstein(eigs,real_eigs): 1.995, Wasserstein(log_eigs,log_real_eigs): 0.375
torch.Size([64, 2500])
Epoch [337/1000], Wasserstein(eigs,real_eigs): 1.992, Wasserstein(log_eigs,log_real_eigs): 0.370
torch.Size([64, 2500])
Epoch [338/1000], Wasserstein(eigs,real_eigs): 1.988, Wasserstein(log_eigs,log_real_eigs): 0.373
torch.Size([64, 2500])
Epoch [339/1000], Wasserstein(eigs,real_eigs): 1.944, Wasserstein(log_eigs,log_real_eigs): 0.364
torch.Size([64, 2500])
Epoch [340/1000], Wasserstein(eigs,real_eigs): 1.896, Wasserstein(log_eigs,log_real_eigs): 0.362
torch.Size([64, 2500])
Epoch [341/1000], Wasserstein(eigs,real_eigs): 1.863, Wasserstein(log_eigs,log_real_eigs): 0.369
torch.Size([64, 2500])
Epoch [342/1000], Wasserstein(eigs,real_eigs): 1.815, Wasserstein(log_eigs,log_real_eigs): 0.367
torch.Size([64, 2500])
Epoch [343/1000], Wasserstein(eigs,real_eigs): 1.764, Wasserstein(log_eigs,log_real_eigs): 0.364
torch.Size([64, 2500])
Epoch [344/1000], Wasserstein(eigs,real_eigs): 1.687, Wasserstein(log_eigs,log_real_eigs): 0.365
torch.Size([64, 2500])
Epoch [345/1000], Wasserstein(eigs,real_eigs): 1.625, Wasserstein(log_eigs,log_real_eigs): 0.365
torch.Size([64, 2500])
Epoch [346/1000], Wasserstein(eigs,real_eigs): 1.528, Wasserstein(log_eigs,log_real_eigs): 0.367
torch.Size([64, 2500])
Epoch [347/1000], Wasserstein(eigs,real_eigs): 1.490, Wasserstein(log_eigs,log_real_eigs): 0.369
torch.Size([64, 2500])
Epoch [348/1000], Wasserstein(eigs,real_eigs): 1.384, Wasserstein(log_eigs,log_real_eigs): 0.371
torch.Size([64, 2500])
Epoch [349/1000], Wasserstein(eigs,real_eigs): 1.289, Wasserstein(log_eigs,log_real_eigs): 0.384
torch.Size([64, 2500])
Epoch [350/1000], Wasserstein(eigs,real_eigs): 1.197, Wasserstein(log_eigs,log_real_eigs): 0.399
torch.Size([64, 2500])
Epoch [351/1000], Wasserstein(eigs,real_eigs): 1.310, Wasserstein(log_eigs,log_real_eigs): 0.424
torch.Size([64, 2500])
Epoch [352/1000], Wasserstein(eigs,real_eigs): 1.325, Wasserstein(log_eigs,log_real_eigs): 0.425
torch.Size([64, 2500])
Epoch [353/1000], Wasserstein(eigs,real_eigs): 1.395, Wasserstein(log_eigs,log_real_eigs): 0.430
torch.Size([64, 2500])
Epoch [354/1000], Wasserstein(eigs,real_eigs): 1.339, Wasserstein(log_eigs,log_real_eigs): 0.428
torch.Size([64, 2500])
Epoch [355/1000], Wasserstein(eigs,real_eigs): 1.223, Wasserstein(log_eigs,log_real_eigs): 0.413
torch.Size([64, 2500])
Epoch [356/1000], Wasserstein(eigs,real_eigs): 1.156, Wasserstein(log_eigs,log_real_eigs): 0.406
torch.Size([64, 2500])
Epoch [357/1000], Wasserstein(eigs,real_eigs): 1.060, Wasserstein(log_eigs,log_real_eigs): 0.393
torch.Size([64, 2500])
Epoch [358/1000], Wasserstein(eigs,real_eigs): 0.985, Wasserstein(log_eigs,log_real_eigs): 0.380
torch.Size([64, 2500])
Epoch [359/1000], Wasserstein(eigs,real_eigs): 0.816, Wasserstein(log_eigs,log_real_eigs): 0.363
torch.Size([64, 2500])
Epoch [360/1000], Wasserstein(eigs,real_eigs): 0.883, Wasserstein(log_eigs,log_real_eigs): 0.360
torch.Size([64, 2500])
Epoch [361/1000], Wasserstein(eigs,real_eigs): 1.314, Wasserstein(log_eigs,log_real_eigs): 0.335
torch.Size([64, 2500])
Epoch [362/1000], Wasserstein(eigs,real_eigs): 1.625, Wasserstein(log_eigs,log_real_eigs): 0.323
torch.Size([64, 2500])
Epoch [363/1000], Wasserstein(eigs,real_eigs): 1.766, Wasserstein(log_eigs,log_real_eigs): 0.316
torch.Size([64, 2500])
Epoch [364/1000], Wasserstein(eigs,real_eigs): 1.875, Wasserstein(log_eigs,log_real_eigs): 0.320
torch.Size([64, 2500])
Epoch [365/1000], Wasserstein(eigs,real_eigs): 1.853, Wasserstein(log_eigs,log_real_eigs): 0.309
torch.Size([64, 2500])
Epoch [366/1000], Wasserstein(eigs,real_eigs): 1.885, Wasserstein(log_eigs,log_real_eigs): 0.311
torch.Size([64, 2500])
Epoch [367/1000], Wasserstein(eigs,real_eigs): 1.894, Wasserstein(log_eigs,log_real_eigs): 0.310
torch.Size([64, 2500])
Epoch [368/1000], Wasserstein(eigs,real_eigs): 1.848, Wasserstein(log_eigs,log_real_eigs): 0.306
torch.Size([64, 2500])
Epoch [369/1000], Wasserstein(eigs,real_eigs): 1.865, Wasserstein(log_eigs,log_real_eigs): 0.306
torch.Size([64, 2500])
Epoch [370/1000], Wasserstein(eigs,real_eigs): 1.823, Wasserstein(log_eigs,log_real_eigs): 0.302
torch.Size([64, 2500])
Epoch [371/1000], Wasserstein(eigs,real_eigs): 1.796, Wasserstein(log_eigs,log_real_eigs): 0.311
torch.Size([64, 2500])
Epoch [372/1000], Wasserstein(eigs,real_eigs): 1.737, Wasserstein(log_eigs,log_real_eigs): 0.302
torch.Size([64, 2500])
Epoch [373/1000], Wasserstein(eigs,real_eigs): 1.724, Wasserstein(log_eigs,log_real_eigs): 0.309
torch.Size([64, 2500])
Epoch [374/1000], Wasserstein(eigs,real_eigs): 1.636, Wasserstein(log_eigs,log_real_eigs): 0.300
torch.Size([64, 2500])
Epoch [375/1000], Wasserstein(eigs,real_eigs): 1.617, Wasserstein(log_eigs,log_real_eigs): 0.304
torch.Size([64, 2500])
Epoch [376/1000], Wasserstein(eigs,real_eigs): 1.531, Wasserstein(log_eigs,log_real_eigs): 0.309
torch.Size([64, 2500])
Epoch [377/1000], Wasserstein(eigs,real_eigs): 1.440, Wasserstein(log_eigs,log_real_eigs): 0.304
torch.Size([64, 2500])
Epoch [378/1000], Wasserstein(eigs,real_eigs): 1.375, Wasserstein(log_eigs,log_real_eigs): 0.298
torch.Size([64, 2500])
Epoch [379/1000], Wasserstein(eigs,real_eigs): 1.255, Wasserstein(log_eigs,log_real_eigs): 0.304
torch.Size([64, 2500])
Epoch [380/1000], Wasserstein(eigs,real_eigs): 1.152, Wasserstein(log_eigs,log_real_eigs): 0.312
torch.Size([64, 2500])
Epoch [381/1000], Wasserstein(eigs,real_eigs): 0.939, Wasserstein(log_eigs,log_real_eigs): 0.312
torch.Size([64, 2500])
Epoch [382/1000], Wasserstein(eigs,real_eigs): 0.746, Wasserstein(log_eigs,log_real_eigs): 0.322
torch.Size([64, 2500])
Epoch [383/1000], Wasserstein(eigs,real_eigs): 0.686, Wasserstein(log_eigs,log_real_eigs): 0.338
torch.Size([64, 2500])
Epoch [384/1000], Wasserstein(eigs,real_eigs): 0.819, Wasserstein(log_eigs,log_real_eigs): 0.344
torch.Size([64, 2500])
Epoch [385/1000], Wasserstein(eigs,real_eigs): 0.860, Wasserstein(log_eigs,log_real_eigs): 0.350
torch.Size([64, 2500])
Epoch [386/1000], Wasserstein(eigs,real_eigs): 0.803, Wasserstein(log_eigs,log_real_eigs): 0.342
torch.Size([64, 2500])
Epoch [387/1000], Wasserstein(eigs,real_eigs): 0.672, Wasserstein(log_eigs,log_real_eigs): 0.322
torch.Size([64, 2500])
Epoch [388/1000], Wasserstein(eigs,real_eigs): 1.299, Wasserstein(log_eigs,log_real_eigs): 0.304
torch.Size([64, 2500])
Epoch [389/1000], Wasserstein(eigs,real_eigs): 2.826, Wasserstein(log_eigs,log_real_eigs): 0.288
torch.Size([64, 2500])
Epoch [390/1000], Wasserstein(eigs,real_eigs): 3.252, Wasserstein(log_eigs,log_real_eigs): 0.295
torch.Size([64, 2500])
Epoch [391/1000], Wasserstein(eigs,real_eigs): 3.262, Wasserstein(log_eigs,log_real_eigs): 0.291
torch.Size([64, 2500])
Epoch [392/1000], Wasserstein(eigs,real_eigs): 3.263, Wasserstein(log_eigs,log_real_eigs): 0.290
torch.Size([64, 2500])
Epoch [393/1000], Wasserstein(eigs,real_eigs): 3.293, Wasserstein(log_eigs,log_real_eigs): 0.300
torch.Size([64, 2500])
Epoch [394/1000], Wasserstein(eigs,real_eigs): 3.276, Wasserstein(log_eigs,log_real_eigs): 0.299
torch.Size([64, 2500])
Epoch [395/1000], Wasserstein(eigs,real_eigs): 3.280, Wasserstein(log_eigs,log_real_eigs): 0.292
torch.Size([64, 2500])
Epoch [396/1000], Wasserstein(eigs,real_eigs): 3.277, Wasserstein(log_eigs,log_real_eigs): 0.294
torch.Size([64, 2500])
Epoch [397/1000], Wasserstein(eigs,real_eigs): 3.294, Wasserstein(log_eigs,log_real_eigs): 0.295
torch.Size([64, 2500])
Epoch [398/1000], Wasserstein(eigs,real_eigs): 3.274, Wasserstein(log_eigs,log_real_eigs): 0.289
torch.Size([64, 2500])
Epoch [399/1000], Wasserstein(eigs,real_eigs): 3.255, Wasserstein(log_eigs,log_real_eigs): 0.293
torch.Size([64, 2500])
Epoch [400/1000], Wasserstein(eigs,real_eigs): 3.260, Wasserstein(log_eigs,log_real_eigs): 0.295
torch.Size([64, 2500])
Epoch [401/1000], Wasserstein(eigs,real_eigs): 3.262, Wasserstein(log_eigs,log_real_eigs): 0.292
torch.Size([64, 2500])
Epoch [402/1000], Wasserstein(eigs,real_eigs): 3.241, Wasserstein(log_eigs,log_real_eigs): 0.286
torch.Size([64, 2500])
Epoch [403/1000], Wasserstein(eigs,real_eigs): 3.235, Wasserstein(log_eigs,log_real_eigs): 0.290
torch.Size([64, 2500])
Epoch [404/1000], Wasserstein(eigs,real_eigs): 3.193, Wasserstein(log_eigs,log_real_eigs): 0.293
torch.Size([64, 2500])
Epoch [405/1000], Wasserstein(eigs,real_eigs): 3.186, Wasserstein(log_eigs,log_real_eigs): 0.288
torch.Size([64, 2500])
Epoch [406/1000], Wasserstein(eigs,real_eigs): 3.189, Wasserstein(log_eigs,log_real_eigs): 0.294
torch.Size([64, 2500])
Epoch [407/1000], Wasserstein(eigs,real_eigs): 3.139, Wasserstein(log_eigs,log_real_eigs): 0.293
torch.Size([64, 2500])
Epoch [408/1000], Wasserstein(eigs,real_eigs): 3.163, Wasserstein(log_eigs,log_real_eigs): 0.292
torch.Size([64, 2500])
Epoch [409/1000], Wasserstein(eigs,real_eigs): 3.121, Wasserstein(log_eigs,log_real_eigs): 0.290
torch.Size([64, 2500])
Epoch [410/1000], Wasserstein(eigs,real_eigs): 3.107, Wasserstein(log_eigs,log_real_eigs): 0.293
torch.Size([64, 2500])
Epoch [411/1000], Wasserstein(eigs,real_eigs): 3.088, Wasserstein(log_eigs,log_real_eigs): 0.288
torch.Size([64, 2500])
Epoch [412/1000], Wasserstein(eigs,real_eigs): 3.097, Wasserstein(log_eigs,log_real_eigs): 0.289
torch.Size([64, 2500])
Epoch [413/1000], Wasserstein(eigs,real_eigs): 3.061, Wasserstein(log_eigs,log_real_eigs): 0.289
torch.Size([64, 2500])
Epoch [414/1000], Wasserstein(eigs,real_eigs): 3.067, Wasserstein(log_eigs,log_real_eigs): 0.295
torch.Size([64, 2500])
Epoch [415/1000], Wasserstein(eigs,real_eigs): 3.009, Wasserstein(log_eigs,log_real_eigs): 0.289
torch.Size([64, 2500])
Epoch [416/1000], Wasserstein(eigs,real_eigs): 3.002, Wasserstein(log_eigs,log_real_eigs): 0.290
torch.Size([64, 2500])
Epoch [417/1000], Wasserstein(eigs,real_eigs): 2.950, Wasserstein(log_eigs,log_real_eigs): 0.293
torch.Size([64, 2500])
Epoch [418/1000], Wasserstein(eigs,real_eigs): 2.957, Wasserstein(log_eigs,log_real_eigs): 0.289
torch.Size([64, 2500])
Epoch [419/1000], Wasserstein(eigs,real_eigs): 2.899, Wasserstein(log_eigs,log_real_eigs): 0.290
torch.Size([64, 2500])
Epoch [420/1000], Wasserstein(eigs,real_eigs): 2.895, Wasserstein(log_eigs,log_real_eigs): 0.291
torch.Size([64, 2500])
Epoch [421/1000], Wasserstein(eigs,real_eigs): 2.898, Wasserstein(log_eigs,log_real_eigs): 0.294
torch.Size([64, 2500])
Epoch [422/1000], Wasserstein(eigs,real_eigs): 2.848, Wasserstein(log_eigs,log_real_eigs): 0.289
torch.Size([64, 2500])
Epoch [423/1000], Wasserstein(eigs,real_eigs): 2.836, Wasserstein(log_eigs,log_real_eigs): 0.293
torch.Size([64, 2500])
Epoch [424/1000], Wasserstein(eigs,real_eigs): 2.811, Wasserstein(log_eigs,log_real_eigs): 0.291
torch.Size([64, 2500])
Epoch [425/1000], Wasserstein(eigs,real_eigs): 2.789, Wasserstein(log_eigs,log_real_eigs): 0.293
torch.Size([64, 2500])
Epoch [426/1000], Wasserstein(eigs,real_eigs): 2.770, Wasserstein(log_eigs,log_real_eigs): 0.289
torch.Size([64, 2500])
Epoch [427/1000], Wasserstein(eigs,real_eigs): 2.726, Wasserstein(log_eigs,log_real_eigs): 0.291
torch.Size([64, 2500])
Epoch [428/1000], Wasserstein(eigs,real_eigs): 2.714, Wasserstein(log_eigs,log_real_eigs): 0.288
torch.Size([64, 2500])
Epoch [429/1000], Wasserstein(eigs,real_eigs): 2.663, Wasserstein(log_eigs,log_real_eigs): 0.292
torch.Size([64, 2500])
Epoch [430/1000], Wasserstein(eigs,real_eigs): 2.606, Wasserstein(log_eigs,log_real_eigs): 0.289
torch.Size([64, 2500])
Epoch [431/1000], Wasserstein(eigs,real_eigs): 2.580, Wasserstein(log_eigs,log_real_eigs): 0.291
torch.Size([64, 2500])
Epoch [432/1000], Wasserstein(eigs,real_eigs): 2.538, Wasserstein(log_eigs,log_real_eigs): 0.289
torch.Size([64, 2500])
Epoch [433/1000], Wasserstein(eigs,real_eigs): 2.533, Wasserstein(log_eigs,log_real_eigs): 0.286
torch.Size([64, 2500])
Epoch [434/1000], Wasserstein(eigs,real_eigs): 2.490, Wasserstein(log_eigs,log_real_eigs): 0.293
torch.Size([64, 2500])
Epoch [435/1000], Wasserstein(eigs,real_eigs): 2.416, Wasserstein(log_eigs,log_real_eigs): 0.286
torch.Size([64, 2500])
Epoch [436/1000], Wasserstein(eigs,real_eigs): 2.386, Wasserstein(log_eigs,log_real_eigs): 0.285
torch.Size([64, 2500])
Epoch [437/1000], Wasserstein(eigs,real_eigs): 2.347, Wasserstein(log_eigs,log_real_eigs): 0.291
torch.Size([64, 2500])
Epoch [438/1000], Wasserstein(eigs,real_eigs): 2.297, Wasserstein(log_eigs,log_real_eigs): 0.289
torch.Size([64, 2500])
Epoch [439/1000], Wasserstein(eigs,real_eigs): 2.225, Wasserstein(log_eigs,log_real_eigs): 0.288
torch.Size([64, 2500])
Epoch [440/1000], Wasserstein(eigs,real_eigs): 2.154, Wasserstein(log_eigs,log_real_eigs): 0.289
torch.Size([64, 2500])
Epoch [441/1000], Wasserstein(eigs,real_eigs): 2.065, Wasserstein(log_eigs,log_real_eigs): 0.288
torch.Size([64, 2500])
Epoch [442/1000], Wasserstein(eigs,real_eigs): 1.980, Wasserstein(log_eigs,log_real_eigs): 0.291
torch.Size([64, 2500])
Epoch [443/1000], Wasserstein(eigs,real_eigs): 1.855, Wasserstein(log_eigs,log_real_eigs): 0.285
torch.Size([64, 2500])
Epoch [444/1000], Wasserstein(eigs,real_eigs): 1.720, Wasserstein(log_eigs,log_real_eigs): 0.291
torch.Size([64, 2500])
Epoch [445/1000], Wasserstein(eigs,real_eigs): 1.560, Wasserstein(log_eigs,log_real_eigs): 0.296
torch.Size([64, 2500])
Epoch [446/1000], Wasserstein(eigs,real_eigs): 1.355, Wasserstein(log_eigs,log_real_eigs): 0.292
torch.Size([64, 2500])
Epoch [447/1000], Wasserstein(eigs,real_eigs): 1.105, Wasserstein(log_eigs,log_real_eigs): 0.308
torch.Size([64, 2500])
Epoch [448/1000], Wasserstein(eigs,real_eigs): 0.863, Wasserstein(log_eigs,log_real_eigs): 0.323
torch.Size([64, 2500])
Epoch [449/1000], Wasserstein(eigs,real_eigs): 0.744, Wasserstein(log_eigs,log_real_eigs): 0.349
torch.Size([64, 2500])
Epoch [450/1000], Wasserstein(eigs,real_eigs): 0.874, Wasserstein(log_eigs,log_real_eigs): 0.374
torch.Size([64, 2500])
Epoch [451/1000], Wasserstein(eigs,real_eigs): 2.044, Wasserstein(log_eigs,log_real_eigs): 0.445
torch.Size([64, 2500])
Epoch [452/1000], Wasserstein(eigs,real_eigs): 2.230, Wasserstein(log_eigs,log_real_eigs): 0.441
torch.Size([64, 2500])
Epoch [453/1000], Wasserstein(eigs,real_eigs): 2.160, Wasserstein(log_eigs,log_real_eigs): 0.438
torch.Size([64, 2500])
Epoch [454/1000], Wasserstein(eigs,real_eigs): 2.020, Wasserstein(log_eigs,log_real_eigs): 0.438
torch.Size([64, 2500])
Epoch [455/1000], Wasserstein(eigs,real_eigs): 1.926, Wasserstein(log_eigs,log_real_eigs): 0.447
torch.Size([64, 2500])
Epoch [456/1000], Wasserstein(eigs,real_eigs): 1.852, Wasserstein(log_eigs,log_real_eigs): 0.447
torch.Size([64, 2500])
Epoch [457/1000], Wasserstein(eigs,real_eigs): 1.691, Wasserstein(log_eigs,log_real_eigs): 0.447
torch.Size([64, 2500])
Epoch [458/1000], Wasserstein(eigs,real_eigs): 1.569, Wasserstein(log_eigs,log_real_eigs): 0.440
torch.Size([64, 2500])
Epoch [459/1000], Wasserstein(eigs,real_eigs): 1.494, Wasserstein(log_eigs,log_real_eigs): 0.431
torch.Size([64, 2500])
Epoch [460/1000], Wasserstein(eigs,real_eigs): 1.392, Wasserstein(log_eigs,log_real_eigs): 0.429
torch.Size([64, 2500])
Epoch [461/1000], Wasserstein(eigs,real_eigs): 1.235, Wasserstein(log_eigs,log_real_eigs): 0.413
torch.Size([64, 2500])
Epoch [462/1000], Wasserstein(eigs,real_eigs): 1.071, Wasserstein(log_eigs,log_real_eigs): 0.411
torch.Size([64, 2500])
Epoch [463/1000], Wasserstein(eigs,real_eigs): 0.889, Wasserstein(log_eigs,log_real_eigs): 0.375
torch.Size([64, 2500])
Epoch [464/1000], Wasserstein(eigs,real_eigs): 0.830, Wasserstein(log_eigs,log_real_eigs): 0.361
torch.Size([64, 2500])
Epoch [465/1000], Wasserstein(eigs,real_eigs): 0.735, Wasserstein(log_eigs,log_real_eigs): 0.343
torch.Size([64, 2500])
Epoch [466/1000], Wasserstein(eigs,real_eigs): 0.714, Wasserstein(log_eigs,log_real_eigs): 0.332
torch.Size([64, 2500])
Epoch [467/1000], Wasserstein(eigs,real_eigs): 0.761, Wasserstein(log_eigs,log_real_eigs): 0.322
torch.Size([64, 2500])
Epoch [468/1000], Wasserstein(eigs,real_eigs): 0.831, Wasserstein(log_eigs,log_real_eigs): 0.316
torch.Size([64, 2500])
Epoch [469/1000], Wasserstein(eigs,real_eigs): 0.878, Wasserstein(log_eigs,log_real_eigs): 0.314
torch.Size([64, 2500])
Epoch [470/1000], Wasserstein(eigs,real_eigs): 0.824, Wasserstein(log_eigs,log_real_eigs): 0.306
torch.Size([64, 2500])
Epoch [471/1000], Wasserstein(eigs,real_eigs): 1.023, Wasserstein(log_eigs,log_real_eigs): 0.296
torch.Size([64, 2500])
Epoch [472/1000], Wasserstein(eigs,real_eigs): 1.495, Wasserstein(log_eigs,log_real_eigs): 0.297
torch.Size([64, 2500])
Epoch [473/1000], Wasserstein(eigs,real_eigs): 1.807, Wasserstein(log_eigs,log_real_eigs): 0.296
torch.Size([64, 2500])
Epoch [474/1000], Wasserstein(eigs,real_eigs): 1.920, Wasserstein(log_eigs,log_real_eigs): 0.288
torch.Size([64, 2500])
Epoch [475/1000], Wasserstein(eigs,real_eigs): 1.968, Wasserstein(log_eigs,log_real_eigs): 0.290
torch.Size([64, 2500])
Epoch [476/1000], Wasserstein(eigs,real_eigs): 1.980, Wasserstein(log_eigs,log_real_eigs): 0.291
torch.Size([64, 2500])
Epoch [477/1000], Wasserstein(eigs,real_eigs): 2.006, Wasserstein(log_eigs,log_real_eigs): 0.290
torch.Size([64, 2500])
Epoch [478/1000], Wasserstein(eigs,real_eigs): 1.984, Wasserstein(log_eigs,log_real_eigs): 0.287
torch.Size([64, 2500])
Epoch [479/1000], Wasserstein(eigs,real_eigs): 2.025, Wasserstein(log_eigs,log_real_eigs): 0.291
torch.Size([64, 2500])
Epoch [480/1000], Wasserstein(eigs,real_eigs): 1.993, Wasserstein(log_eigs,log_real_eigs): 0.290
torch.Size([64, 2500])
Epoch [481/1000], Wasserstein(eigs,real_eigs): 1.980, Wasserstein(log_eigs,log_real_eigs): 0.287
torch.Size([64, 2500])
Epoch [482/1000], Wasserstein(eigs,real_eigs): 1.966, Wasserstein(log_eigs,log_real_eigs): 0.288
torch.Size([64, 2500])
Epoch [483/1000], Wasserstein(eigs,real_eigs): 1.974, Wasserstein(log_eigs,log_real_eigs): 0.285
torch.Size([64, 2500])
Epoch [484/1000], Wasserstein(eigs,real_eigs): 1.936, Wasserstein(log_eigs,log_real_eigs): 0.291
torch.Size([64, 2500])
Epoch [485/1000], Wasserstein(eigs,real_eigs): 1.932, Wasserstein(log_eigs,log_real_eigs): 0.284
torch.Size([64, 2500])
Epoch [486/1000], Wasserstein(eigs,real_eigs): 1.872, Wasserstein(log_eigs,log_real_eigs): 0.285
