2019-10-18 08:31:01.144381
Namespace(batch_size=64, dataroot='/home/jim/Documents/RandomBergman/KS4/data/', diff=0, epochs=1000, exp=None, h11=50, log_interval=1, lr=5e-05, lr_D=5e-05, lr_G=5e-05, model_type='WGAN_DCGAN', n_critic_steps=5, newsize=40, num_geometries=2500, nz=250, outdir='./experiments/exp_WGAN_DCGAN_50_250_10182019_083101', plot_interval=20, py_version=3, save=True, show_plots=False, test_batch_size=10000)
Namespace(batch_size=64, dataroot='/home/jim/Documents/RandomBergman/KS4/data/', diff=0, epochs=1000, exp=None, h11=50, log_interval=1, lr=5e-05, lr_D=5e-05, lr_G=5e-05, model_type='WGAN_DCGAN', n_critic_steps=5, newsize=40, num_geometries=2500, nz=250, outdir='./experiments/exp_WGAN_DCGAN_50_250_10182019_083101', plot_interval=20, py_version=3, save=True, show_plots=False, test_batch_size=10000)
Model type: WGAN_DCGAN
Coomparing to Eigenvalue distribution collected from 3399 geometries
data: 64 50
torch.Size([64, 2500])
Epoch [0/1000], Wasserstein(eigs,real_eigs): 8.235, Wasserstein(log_eigs,log_real_eigs): 0.808
torch.Size([64, 2500])
Epoch [1/1000], Wasserstein(eigs,real_eigs): 50.829, Wasserstein(log_eigs,log_real_eigs): 1.311
torch.Size([64, 2500])
Epoch [2/1000], Wasserstein(eigs,real_eigs): 181.556, Wasserstein(log_eigs,log_real_eigs): 1.598
torch.Size([64, 2500])
Epoch [3/1000], Wasserstein(eigs,real_eigs): 146.828, Wasserstein(log_eigs,log_real_eigs): 1.371
torch.Size([64, 2500])
Epoch [4/1000], Wasserstein(eigs,real_eigs): 95.625, Wasserstein(log_eigs,log_real_eigs): 1.346
torch.Size([64, 2500])
Epoch [5/1000], Wasserstein(eigs,real_eigs): 83.870, Wasserstein(log_eigs,log_real_eigs): 1.102
torch.Size([64, 2500])
Epoch [6/1000], Wasserstein(eigs,real_eigs): 101.058, Wasserstein(log_eigs,log_real_eigs): 1.048
torch.Size([64, 2500])
Epoch [7/1000], Wasserstein(eigs,real_eigs): 85.903, Wasserstein(log_eigs,log_real_eigs): 0.934
torch.Size([64, 2500])
Epoch [8/1000], Wasserstein(eigs,real_eigs): 111.459, Wasserstein(log_eigs,log_real_eigs): 0.970
torch.Size([64, 2500])
Epoch [9/1000], Wasserstein(eigs,real_eigs): 95.892, Wasserstein(log_eigs,log_real_eigs): 0.990
torch.Size([64, 2500])
Epoch [10/1000], Wasserstein(eigs,real_eigs): 83.623, Wasserstein(log_eigs,log_real_eigs): 0.625
torch.Size([64, 2500])
Epoch [11/1000], Wasserstein(eigs,real_eigs): 100.697, Wasserstein(log_eigs,log_real_eigs): 0.719
torch.Size([64, 2500])
Epoch [12/1000], Wasserstein(eigs,real_eigs): 69.214, Wasserstein(log_eigs,log_real_eigs): 0.592
torch.Size([64, 2500])
Epoch [13/1000], Wasserstein(eigs,real_eigs): 92.800, Wasserstein(log_eigs,log_real_eigs): 0.341
torch.Size([64, 2500])
Epoch [14/1000], Wasserstein(eigs,real_eigs): 68.131, Wasserstein(log_eigs,log_real_eigs): 0.389
torch.Size([64, 2500])
Epoch [15/1000], Wasserstein(eigs,real_eigs): 70.152, Wasserstein(log_eigs,log_real_eigs): 0.283
torch.Size([64, 2500])
Epoch [16/1000], Wasserstein(eigs,real_eigs): 82.337, Wasserstein(log_eigs,log_real_eigs): 0.245
torch.Size([64, 2500])
Epoch [17/1000], Wasserstein(eigs,real_eigs): 49.866, Wasserstein(log_eigs,log_real_eigs): 0.298
torch.Size([64, 2500])
Epoch [18/1000], Wasserstein(eigs,real_eigs): 46.780, Wasserstein(log_eigs,log_real_eigs): 0.309
torch.Size([64, 2500])
Epoch [19/1000], Wasserstein(eigs,real_eigs): 26.024, Wasserstein(log_eigs,log_real_eigs): 0.258
torch.Size([64, 2500])
Epoch [20/1000], Wasserstein(eigs,real_eigs): 67.322, Wasserstein(log_eigs,log_real_eigs): 0.288
torch.Size([64, 2500])
Epoch [21/1000], Wasserstein(eigs,real_eigs): 39.805, Wasserstein(log_eigs,log_real_eigs): 0.306
torch.Size([64, 2500])
Epoch [22/1000], Wasserstein(eigs,real_eigs): 50.205, Wasserstein(log_eigs,log_real_eigs): 0.327
torch.Size([64, 2500])
Epoch [23/1000], Wasserstein(eigs,real_eigs): 40.105, Wasserstein(log_eigs,log_real_eigs): 0.313
torch.Size([64, 2500])
Epoch [24/1000], Wasserstein(eigs,real_eigs): 78.101, Wasserstein(log_eigs,log_real_eigs): 0.497
torch.Size([64, 2500])
Epoch [25/1000], Wasserstein(eigs,real_eigs): 35.428, Wasserstein(log_eigs,log_real_eigs): 0.381
torch.Size([64, 2500])
Epoch [26/1000], Wasserstein(eigs,real_eigs): 40.537, Wasserstein(log_eigs,log_real_eigs): 0.351
torch.Size([64, 2500])
Epoch [27/1000], Wasserstein(eigs,real_eigs): 49.522, Wasserstein(log_eigs,log_real_eigs): 0.455
torch.Size([64, 2500])
Epoch [28/1000], Wasserstein(eigs,real_eigs): 42.888, Wasserstein(log_eigs,log_real_eigs): 0.486
torch.Size([64, 2500])
Epoch [29/1000], Wasserstein(eigs,real_eigs): 25.315, Wasserstein(log_eigs,log_real_eigs): 0.428
torch.Size([64, 2500])
Epoch [30/1000], Wasserstein(eigs,real_eigs): 40.471, Wasserstein(log_eigs,log_real_eigs): 0.546
torch.Size([64, 2500])
Epoch [31/1000], Wasserstein(eigs,real_eigs): 6.607, Wasserstein(log_eigs,log_real_eigs): 0.455
torch.Size([64, 2500])
Epoch [32/1000], Wasserstein(eigs,real_eigs): 149.681, Wasserstein(log_eigs,log_real_eigs): 0.422
torch.Size([64, 2500])
Epoch [33/1000], Wasserstein(eigs,real_eigs): 57.212, Wasserstein(log_eigs,log_real_eigs): 0.558
torch.Size([64, 2500])
Epoch [34/1000], Wasserstein(eigs,real_eigs): 8.893, Wasserstein(log_eigs,log_real_eigs): 0.463
torch.Size([64, 2500])
Epoch [35/1000], Wasserstein(eigs,real_eigs): 61.056, Wasserstein(log_eigs,log_real_eigs): 0.384
torch.Size([64, 2500])
Epoch [36/1000], Wasserstein(eigs,real_eigs): 57.379, Wasserstein(log_eigs,log_real_eigs): 0.717
torch.Size([64, 2500])
Epoch [37/1000], Wasserstein(eigs,real_eigs): 6.395, Wasserstein(log_eigs,log_real_eigs): 0.582
torch.Size([64, 2500])
Epoch [38/1000], Wasserstein(eigs,real_eigs): 33.537, Wasserstein(log_eigs,log_real_eigs): 0.629
torch.Size([64, 2500])
Epoch [39/1000], Wasserstein(eigs,real_eigs): 11.591, Wasserstein(log_eigs,log_real_eigs): 0.560
torch.Size([64, 2500])
Epoch [40/1000], Wasserstein(eigs,real_eigs): 37.502, Wasserstein(log_eigs,log_real_eigs): 0.463
torch.Size([64, 2500])
Epoch [41/1000], Wasserstein(eigs,real_eigs): 64.400, Wasserstein(log_eigs,log_real_eigs): 0.813
torch.Size([64, 2500])
Epoch [42/1000], Wasserstein(eigs,real_eigs): 12.002, Wasserstein(log_eigs,log_real_eigs): 0.683
torch.Size([64, 2500])
Epoch [43/1000], Wasserstein(eigs,real_eigs): 24.549, Wasserstein(log_eigs,log_real_eigs): 0.612
torch.Size([64, 2500])
Epoch [44/1000], Wasserstein(eigs,real_eigs): 23.113, Wasserstein(log_eigs,log_real_eigs): 0.517
torch.Size([64, 2500])
Epoch [45/1000], Wasserstein(eigs,real_eigs): 113.154, Wasserstein(log_eigs,log_real_eigs): 0.662
torch.Size([64, 2500])
Epoch [46/1000], Wasserstein(eigs,real_eigs): 58.633, Wasserstein(log_eigs,log_real_eigs): 0.631
torch.Size([64, 2500])
Epoch [47/1000], Wasserstein(eigs,real_eigs): 10.108, Wasserstein(log_eigs,log_real_eigs): 0.588
torch.Size([64, 2500])
Epoch [48/1000], Wasserstein(eigs,real_eigs): 77.149, Wasserstein(log_eigs,log_real_eigs): 0.782
torch.Size([64, 2500])
Epoch [49/1000], Wasserstein(eigs,real_eigs): 31.234, Wasserstein(log_eigs,log_real_eigs): 0.779
torch.Size([64, 2500])
Epoch [50/1000], Wasserstein(eigs,real_eigs): 34.162, Wasserstein(log_eigs,log_real_eigs): 0.830
torch.Size([64, 2500])
Epoch [51/1000], Wasserstein(eigs,real_eigs): 8.854, Wasserstein(log_eigs,log_real_eigs): 0.614
torch.Size([64, 2500])
Epoch [52/1000], Wasserstein(eigs,real_eigs): 24.503, Wasserstein(log_eigs,log_real_eigs): 0.585
torch.Size([64, 2500])
Epoch [53/1000], Wasserstein(eigs,real_eigs): 59.022, Wasserstein(log_eigs,log_real_eigs): 0.804
torch.Size([64, 2500])
Epoch [54/1000], Wasserstein(eigs,real_eigs): 27.221, Wasserstein(log_eigs,log_real_eigs): 0.847
torch.Size([64, 2500])
Epoch [55/1000], Wasserstein(eigs,real_eigs): 43.322, Wasserstein(log_eigs,log_real_eigs): 0.836
torch.Size([64, 2500])
Epoch [56/1000], Wasserstein(eigs,real_eigs): 5.703, Wasserstein(log_eigs,log_real_eigs): 0.762
torch.Size([64, 2500])
Epoch [57/1000], Wasserstein(eigs,real_eigs): 119.931, Wasserstein(log_eigs,log_real_eigs): 0.283
torch.Size([64, 2500])
Epoch [58/1000], Wasserstein(eigs,real_eigs): 204.858, Wasserstein(log_eigs,log_real_eigs): 0.259
torch.Size([64, 2500])
Epoch [59/1000], Wasserstein(eigs,real_eigs): 152.007, Wasserstein(log_eigs,log_real_eigs): 0.281
torch.Size([64, 2500])
Epoch [60/1000], Wasserstein(eigs,real_eigs): 208.332, Wasserstein(log_eigs,log_real_eigs): 0.431
torch.Size([64, 2500])
Epoch [61/1000], Wasserstein(eigs,real_eigs): 65.688, Wasserstein(log_eigs,log_real_eigs): 0.545
torch.Size([64, 2500])
Epoch [62/1000], Wasserstein(eigs,real_eigs): 63.817, Wasserstein(log_eigs,log_real_eigs): 0.589
torch.Size([64, 2500])
Epoch [63/1000], Wasserstein(eigs,real_eigs): 7.925, Wasserstein(log_eigs,log_real_eigs): 0.562
torch.Size([64, 2500])
Epoch [64/1000], Wasserstein(eigs,real_eigs): 19.313, Wasserstein(log_eigs,log_real_eigs): 0.734
torch.Size([64, 2500])
Epoch [65/1000], Wasserstein(eigs,real_eigs): 12.449, Wasserstein(log_eigs,log_real_eigs): 0.850
torch.Size([64, 2500])
Epoch [66/1000], Wasserstein(eigs,real_eigs): 60.017, Wasserstein(log_eigs,log_real_eigs): 0.913
torch.Size([64, 2500])
Epoch [67/1000], Wasserstein(eigs,real_eigs): 12.406, Wasserstein(log_eigs,log_real_eigs): 0.836
torch.Size([64, 2500])
Epoch [68/1000], Wasserstein(eigs,real_eigs): 234.057, Wasserstein(log_eigs,log_real_eigs): 0.662
torch.Size([64, 2500])
Epoch [69/1000], Wasserstein(eigs,real_eigs): 151.087, Wasserstein(log_eigs,log_real_eigs): 0.748
torch.Size([64, 2500])
Epoch [70/1000], Wasserstein(eigs,real_eigs): 47.521, Wasserstein(log_eigs,log_real_eigs): 0.779
torch.Size([64, 2500])
Epoch [71/1000], Wasserstein(eigs,real_eigs): 22.924, Wasserstein(log_eigs,log_real_eigs): 0.853
torch.Size([64, 2500])
Epoch [72/1000], Wasserstein(eigs,real_eigs): 164.484, Wasserstein(log_eigs,log_real_eigs): 0.683
torch.Size([64, 2500])
Epoch [73/1000], Wasserstein(eigs,real_eigs): 91.418, Wasserstein(log_eigs,log_real_eigs): 0.511
torch.Size([64, 2500])
Epoch [74/1000], Wasserstein(eigs,real_eigs): 137.637, Wasserstein(log_eigs,log_real_eigs): 0.714
torch.Size([64, 2500])
Epoch [75/1000], Wasserstein(eigs,real_eigs): 22.694, Wasserstein(log_eigs,log_real_eigs): 0.735
torch.Size([64, 2500])
Epoch [76/1000], Wasserstein(eigs,real_eigs): 45.272, Wasserstein(log_eigs,log_real_eigs): 1.042
torch.Size([64, 2500])
Epoch [77/1000], Wasserstein(eigs,real_eigs): 6.637, Wasserstein(log_eigs,log_real_eigs): 0.984
torch.Size([64, 2500])
Epoch [78/1000], Wasserstein(eigs,real_eigs): 14.401, Wasserstein(log_eigs,log_real_eigs): 0.776
torch.Size([64, 2500])
Epoch [79/1000], Wasserstein(eigs,real_eigs): 13.337, Wasserstein(log_eigs,log_real_eigs): 1.055
torch.Size([64, 2500])
Epoch [80/1000], Wasserstein(eigs,real_eigs): 240.115, Wasserstein(log_eigs,log_real_eigs): 0.240
torch.Size([64, 2500])
Epoch [81/1000], Wasserstein(eigs,real_eigs): 229.764, Wasserstein(log_eigs,log_real_eigs): 0.361
torch.Size([64, 2500])
Epoch [82/1000], Wasserstein(eigs,real_eigs): 188.227, Wasserstein(log_eigs,log_real_eigs): 0.405
torch.Size([64, 2500])
Epoch [83/1000], Wasserstein(eigs,real_eigs): 163.250, Wasserstein(log_eigs,log_real_eigs): 0.628
torch.Size([64, 2500])
Epoch [84/1000], Wasserstein(eigs,real_eigs): 85.941, Wasserstein(log_eigs,log_real_eigs): 0.553
torch.Size([64, 2500])
Epoch [85/1000], Wasserstein(eigs,real_eigs): 66.777, Wasserstein(log_eigs,log_real_eigs): 0.598
torch.Size([64, 2500])
Epoch [86/1000], Wasserstein(eigs,real_eigs): 130.015, Wasserstein(log_eigs,log_real_eigs): 0.835
torch.Size([64, 2500])
Epoch [87/1000], Wasserstein(eigs,real_eigs): 21.926, Wasserstein(log_eigs,log_real_eigs): 0.644
torch.Size([64, 2500])
Epoch [88/1000], Wasserstein(eigs,real_eigs): 70.260, Wasserstein(log_eigs,log_real_eigs): 0.837
torch.Size([64, 2500])
Epoch [89/1000], Wasserstein(eigs,real_eigs): 95.021, Wasserstein(log_eigs,log_real_eigs): 0.974
torch.Size([64, 2500])
Epoch [90/1000], Wasserstein(eigs,real_eigs): 112.063, Wasserstein(log_eigs,log_real_eigs): 0.927
torch.Size([64, 2500])
Epoch [91/1000], Wasserstein(eigs,real_eigs): 37.487, Wasserstein(log_eigs,log_real_eigs): 0.980
torch.Size([64, 2500])
Epoch [92/1000], Wasserstein(eigs,real_eigs): 261.260, Wasserstein(log_eigs,log_real_eigs): 0.941
torch.Size([64, 2500])
Epoch [93/1000], Wasserstein(eigs,real_eigs): 7.940, Wasserstein(log_eigs,log_real_eigs): 0.983
torch.Size([64, 2500])
Epoch [94/1000], Wasserstein(eigs,real_eigs): 127.392, Wasserstein(log_eigs,log_real_eigs): 0.747
torch.Size([64, 2500])
Epoch [95/1000], Wasserstein(eigs,real_eigs): 83.573, Wasserstein(log_eigs,log_real_eigs): 0.836
torch.Size([64, 2500])
Epoch [96/1000], Wasserstein(eigs,real_eigs): 60.101, Wasserstein(log_eigs,log_real_eigs): 0.851
torch.Size([64, 2500])
Epoch [97/1000], Wasserstein(eigs,real_eigs): 160.136, Wasserstein(log_eigs,log_real_eigs): 0.907
torch.Size([64, 2500])
Epoch [98/1000], Wasserstein(eigs,real_eigs): 90.027, Wasserstein(log_eigs,log_real_eigs): 0.978
torch.Size([64, 2500])
Epoch [99/1000], Wasserstein(eigs,real_eigs): 18.082, Wasserstein(log_eigs,log_real_eigs): 0.884
torch.Size([64, 2500])
Epoch [100/1000], Wasserstein(eigs,real_eigs): 42.927, Wasserstein(log_eigs,log_real_eigs): 0.969
torch.Size([64, 2500])
Epoch [101/1000], Wasserstein(eigs,real_eigs): 48.329, Wasserstein(log_eigs,log_real_eigs): 0.895
torch.Size([64, 2500])
Epoch [102/1000], Wasserstein(eigs,real_eigs): 50.951, Wasserstein(log_eigs,log_real_eigs): 1.047
torch.Size([64, 2500])
Epoch [103/1000], Wasserstein(eigs,real_eigs): 4.849, Wasserstein(log_eigs,log_real_eigs): 1.012
torch.Size([64, 2500])
Epoch [104/1000], Wasserstein(eigs,real_eigs): 10.092, Wasserstein(log_eigs,log_real_eigs): 1.005
torch.Size([64, 2500])
Epoch [105/1000], Wasserstein(eigs,real_eigs): 69.619, Wasserstein(log_eigs,log_real_eigs): 0.884
torch.Size([64, 2500])
Epoch [106/1000], Wasserstein(eigs,real_eigs): 137.893, Wasserstein(log_eigs,log_real_eigs): 1.027
torch.Size([64, 2500])
Epoch [107/1000], Wasserstein(eigs,real_eigs): 191.681, Wasserstein(log_eigs,log_real_eigs): 1.120
torch.Size([64, 2500])
Epoch [108/1000], Wasserstein(eigs,real_eigs): 11.938, Wasserstein(log_eigs,log_real_eigs): 1.037
torch.Size([64, 2500])
Epoch [109/1000], Wasserstein(eigs,real_eigs): 287.454, Wasserstein(log_eigs,log_real_eigs): 0.755
torch.Size([64, 2500])
Epoch [110/1000], Wasserstein(eigs,real_eigs): 233.830, Wasserstein(log_eigs,log_real_eigs): 0.705
torch.Size([64, 2500])
Epoch [111/1000], Wasserstein(eigs,real_eigs): 128.677, Wasserstein(log_eigs,log_real_eigs): 0.778
torch.Size([64, 2500])
Epoch [112/1000], Wasserstein(eigs,real_eigs): 61.497, Wasserstein(log_eigs,log_real_eigs): 0.677
torch.Size([64, 2500])
Epoch [113/1000], Wasserstein(eigs,real_eigs): 113.778, Wasserstein(log_eigs,log_real_eigs): 0.823
torch.Size([64, 2500])
Epoch [114/1000], Wasserstein(eigs,real_eigs): 58.714, Wasserstein(log_eigs,log_real_eigs): 0.765
torch.Size([64, 2500])
Epoch [115/1000], Wasserstein(eigs,real_eigs): 118.068, Wasserstein(log_eigs,log_real_eigs): 1.057
torch.Size([64, 2500])
Epoch [116/1000], Wasserstein(eigs,real_eigs): 6.050, Wasserstein(log_eigs,log_real_eigs): 0.841
torch.Size([64, 2500])
Epoch [117/1000], Wasserstein(eigs,real_eigs): 126.991, Wasserstein(log_eigs,log_real_eigs): 1.017
torch.Size([64, 2500])
Epoch [118/1000], Wasserstein(eigs,real_eigs): 70.579, Wasserstein(log_eigs,log_real_eigs): 1.075
torch.Size([64, 2500])
Epoch [119/1000], Wasserstein(eigs,real_eigs): 132.192, Wasserstein(log_eigs,log_real_eigs): 0.370
torch.Size([64, 2500])
Epoch [120/1000], Wasserstein(eigs,real_eigs): 97.226, Wasserstein(log_eigs,log_real_eigs): 0.505
torch.Size([64, 2500])
Epoch [121/1000], Wasserstein(eigs,real_eigs): 85.065, Wasserstein(log_eigs,log_real_eigs): 0.649
torch.Size([64, 2500])
Epoch [122/1000], Wasserstein(eigs,real_eigs): 112.002, Wasserstein(log_eigs,log_real_eigs): 0.805
torch.Size([64, 2500])
Epoch [123/1000], Wasserstein(eigs,real_eigs): 22.165, Wasserstein(log_eigs,log_real_eigs): 0.848
torch.Size([64, 2500])
Epoch [124/1000], Wasserstein(eigs,real_eigs): 30.159, Wasserstein(log_eigs,log_real_eigs): 0.981
torch.Size([64, 2500])
Epoch [125/1000], Wasserstein(eigs,real_eigs): 63.287, Wasserstein(log_eigs,log_real_eigs): 1.077
torch.Size([64, 2500])
Epoch [126/1000], Wasserstein(eigs,real_eigs): 243.374, Wasserstein(log_eigs,log_real_eigs): 0.443
torch.Size([64, 2500])
Epoch [127/1000], Wasserstein(eigs,real_eigs): 344.239, Wasserstein(log_eigs,log_real_eigs): 0.508
torch.Size([64, 2500])
Epoch [128/1000], Wasserstein(eigs,real_eigs): 151.097, Wasserstein(log_eigs,log_real_eigs): 0.532
torch.Size([64, 2500])
Epoch [129/1000], Wasserstein(eigs,real_eigs): 324.056, Wasserstein(log_eigs,log_real_eigs): 0.694
torch.Size([64, 2500])
Epoch [130/1000], Wasserstein(eigs,real_eigs): 131.684, Wasserstein(log_eigs,log_real_eigs): 0.656
torch.Size([64, 2500])
Epoch [131/1000], Wasserstein(eigs,real_eigs): 24.029, Wasserstein(log_eigs,log_real_eigs): 0.687
torch.Size([64, 2500])
Epoch [132/1000], Wasserstein(eigs,real_eigs): 21.368, Wasserstein(log_eigs,log_real_eigs): 0.810
torch.Size([64, 2500])
Epoch [133/1000], Wasserstein(eigs,real_eigs): 6.699, Wasserstein(log_eigs,log_real_eigs): 0.884
torch.Size([64, 2500])
Epoch [134/1000], Wasserstein(eigs,real_eigs): 71.202, Wasserstein(log_eigs,log_real_eigs): 0.966
torch.Size([64, 2500])
Epoch [135/1000], Wasserstein(eigs,real_eigs): 15.944, Wasserstein(log_eigs,log_real_eigs): 1.068
torch.Size([64, 2500])
Epoch [136/1000], Wasserstein(eigs,real_eigs): 117.305, Wasserstein(log_eigs,log_real_eigs): 1.162
torch.Size([64, 2500])
Epoch [137/1000], Wasserstein(eigs,real_eigs): 212.525, Wasserstein(log_eigs,log_real_eigs): 0.999
torch.Size([64, 2500])
Epoch [138/1000], Wasserstein(eigs,real_eigs): 103.449, Wasserstein(log_eigs,log_real_eigs): 0.852
torch.Size([64, 2500])
Epoch [139/1000], Wasserstein(eigs,real_eigs): 183.009, Wasserstein(log_eigs,log_real_eigs): 1.045
torch.Size([64, 2500])
Epoch [140/1000], Wasserstein(eigs,real_eigs): 80.882, Wasserstein(log_eigs,log_real_eigs): 1.032
torch.Size([64, 2500])
Epoch [141/1000], Wasserstein(eigs,real_eigs): 247.238, Wasserstein(log_eigs,log_real_eigs): 1.045
torch.Size([64, 2500])
Epoch [142/1000], Wasserstein(eigs,real_eigs): 12.986, Wasserstein(log_eigs,log_real_eigs): 1.073
torch.Size([64, 2500])
Epoch [143/1000], Wasserstein(eigs,real_eigs): 69.130, Wasserstein(log_eigs,log_real_eigs): 1.181
torch.Size([64, 2500])
Epoch [144/1000], Wasserstein(eigs,real_eigs): 83.356, Wasserstein(log_eigs,log_real_eigs): 1.229
torch.Size([64, 2500])
Epoch [145/1000], Wasserstein(eigs,real_eigs): 19.129, Wasserstein(log_eigs,log_real_eigs): 1.247
torch.Size([64, 2500])
Epoch [146/1000], Wasserstein(eigs,real_eigs): 353.548, Wasserstein(log_eigs,log_real_eigs): 0.746
torch.Size([64, 2500])
Epoch [147/1000], Wasserstein(eigs,real_eigs): 244.920, Wasserstein(log_eigs,log_real_eigs): 0.789
torch.Size([64, 2500])
Epoch [148/1000], Wasserstein(eigs,real_eigs): 116.711, Wasserstein(log_eigs,log_real_eigs): 0.803
torch.Size([64, 2500])
Epoch [149/1000], Wasserstein(eigs,real_eigs): 313.831, Wasserstein(log_eigs,log_real_eigs): 0.701
torch.Size([64, 2500])
Epoch [150/1000], Wasserstein(eigs,real_eigs): 152.901, Wasserstein(log_eigs,log_real_eigs): 0.739
torch.Size([64, 2500])
Epoch [151/1000], Wasserstein(eigs,real_eigs): 392.348, Wasserstein(log_eigs,log_real_eigs): 0.948
torch.Size([64, 2500])
Epoch [152/1000], Wasserstein(eigs,real_eigs): 275.749, Wasserstein(log_eigs,log_real_eigs): 1.044
torch.Size([64, 2500])
Epoch [153/1000], Wasserstein(eigs,real_eigs): 71.691, Wasserstein(log_eigs,log_real_eigs): 0.964
torch.Size([64, 2500])
Epoch [154/1000], Wasserstein(eigs,real_eigs): 181.974, Wasserstein(log_eigs,log_real_eigs): 1.070
torch.Size([64, 2500])
Epoch [155/1000], Wasserstein(eigs,real_eigs): 24.705, Wasserstein(log_eigs,log_real_eigs): 0.977
torch.Size([64, 2500])
Epoch [156/1000], Wasserstein(eigs,real_eigs): 326.067, Wasserstein(log_eigs,log_real_eigs): 1.125
torch.Size([64, 2500])
Epoch [157/1000], Wasserstein(eigs,real_eigs): 210.418, Wasserstein(log_eigs,log_real_eigs): 1.021
torch.Size([64, 2500])
Epoch [158/1000], Wasserstein(eigs,real_eigs): 450.026, Wasserstein(log_eigs,log_real_eigs): 1.178
torch.Size([64, 2500])
Epoch [159/1000], Wasserstein(eigs,real_eigs): 163.367, Wasserstein(log_eigs,log_real_eigs): 1.070
torch.Size([64, 2500])
Epoch [160/1000], Wasserstein(eigs,real_eigs): 13.096, Wasserstein(log_eigs,log_real_eigs): 0.984
torch.Size([64, 2500])
Epoch [161/1000], Wasserstein(eigs,real_eigs): 116.168, Wasserstein(log_eigs,log_real_eigs): 1.199
torch.Size([64, 2500])
Epoch [162/1000], Wasserstein(eigs,real_eigs): 7.163, Wasserstein(log_eigs,log_real_eigs): 1.130
torch.Size([64, 2500])
Epoch [163/1000], Wasserstein(eigs,real_eigs): 224.680, Wasserstein(log_eigs,log_real_eigs): 0.902
torch.Size([64, 2500])
Epoch [164/1000], Wasserstein(eigs,real_eigs): 257.419, Wasserstein(log_eigs,log_real_eigs): 0.957
torch.Size([64, 2500])
Epoch [165/1000], Wasserstein(eigs,real_eigs): 81.730, Wasserstein(log_eigs,log_real_eigs): 0.919
torch.Size([64, 2500])
Epoch [166/1000], Wasserstein(eigs,real_eigs): 16.375, Wasserstein(log_eigs,log_real_eigs): 0.942
torch.Size([64, 2500])
Epoch [167/1000], Wasserstein(eigs,real_eigs): 329.479, Wasserstein(log_eigs,log_real_eigs): 0.820
torch.Size([64, 2500])
Epoch [168/1000], Wasserstein(eigs,real_eigs): 346.060, Wasserstein(log_eigs,log_real_eigs): 1.049
torch.Size([64, 2500])
Epoch [169/1000], Wasserstein(eigs,real_eigs): 233.246, Wasserstein(log_eigs,log_real_eigs): 1.034
torch.Size([64, 2500])
Epoch [170/1000], Wasserstein(eigs,real_eigs): 107.930, Wasserstein(log_eigs,log_real_eigs): 0.983
torch.Size([64, 2500])
Epoch [171/1000], Wasserstein(eigs,real_eigs): 234.197, Wasserstein(log_eigs,log_real_eigs): 1.211
torch.Size([64, 2500])
Epoch [172/1000], Wasserstein(eigs,real_eigs): 15.957, Wasserstein(log_eigs,log_real_eigs): 0.988
torch.Size([64, 2500])
Epoch [173/1000], Wasserstein(eigs,real_eigs): 78.575, Wasserstein(log_eigs,log_real_eigs): 0.580
torch.Size([64, 2500])
Epoch [174/1000], Wasserstein(eigs,real_eigs): 93.620, Wasserstein(log_eigs,log_real_eigs): 0.482
torch.Size([64, 2500])
Epoch [175/1000], Wasserstein(eigs,real_eigs): 332.562, Wasserstein(log_eigs,log_real_eigs): 0.949
torch.Size([64, 2500])
Epoch [176/1000], Wasserstein(eigs,real_eigs): 205.619, Wasserstein(log_eigs,log_real_eigs): 0.876
torch.Size([64, 2500])
Epoch [177/1000], Wasserstein(eigs,real_eigs): 409.194, Wasserstein(log_eigs,log_real_eigs): 0.969
torch.Size([64, 2500])
Epoch [178/1000], Wasserstein(eigs,real_eigs): 84.399, Wasserstein(log_eigs,log_real_eigs): 0.664
torch.Size([64, 2500])
Epoch [179/1000], Wasserstein(eigs,real_eigs): 154.349, Wasserstein(log_eigs,log_real_eigs): 1.030
torch.Size([64, 2500])
Epoch [180/1000], Wasserstein(eigs,real_eigs): 133.668, Wasserstein(log_eigs,log_real_eigs): 1.111
torch.Size([64, 2500])
Epoch [181/1000], Wasserstein(eigs,real_eigs): 157.630, Wasserstein(log_eigs,log_real_eigs): 0.658
torch.Size([64, 2500])
Epoch [182/1000], Wasserstein(eigs,real_eigs): 513.083, Wasserstein(log_eigs,log_real_eigs): 0.821
torch.Size([64, 2500])
Epoch [183/1000], Wasserstein(eigs,real_eigs): 180.670, Wasserstein(log_eigs,log_real_eigs): 0.646
torch.Size([64, 2500])
Epoch [184/1000], Wasserstein(eigs,real_eigs): 209.299, Wasserstein(log_eigs,log_real_eigs): 0.680
torch.Size([64, 2500])
Epoch [185/1000], Wasserstein(eigs,real_eigs): 95.323, Wasserstein(log_eigs,log_real_eigs): 0.791
torch.Size([64, 2500])
Epoch [186/1000], Wasserstein(eigs,real_eigs): 8.191, Wasserstein(log_eigs,log_real_eigs): 0.594
torch.Size([64, 2500])
Epoch [187/1000], Wasserstein(eigs,real_eigs): 179.079, Wasserstein(log_eigs,log_real_eigs): 0.879
torch.Size([64, 2500])
Epoch [188/1000], Wasserstein(eigs,real_eigs): 204.193, Wasserstein(log_eigs,log_real_eigs): 1.061
torch.Size([64, 2500])
Epoch [189/1000], Wasserstein(eigs,real_eigs): 370.130, Wasserstein(log_eigs,log_real_eigs): 0.950
torch.Size([64, 2500])
Epoch [190/1000], Wasserstein(eigs,real_eigs): 94.400, Wasserstein(log_eigs,log_real_eigs): 0.717
torch.Size([64, 2500])
Epoch [191/1000], Wasserstein(eigs,real_eigs): 144.509, Wasserstein(log_eigs,log_real_eigs): 0.784
torch.Size([64, 2500])
Epoch [192/1000], Wasserstein(eigs,real_eigs): 688.164, Wasserstein(log_eigs,log_real_eigs): 0.728
torch.Size([64, 2500])
Epoch [193/1000], Wasserstein(eigs,real_eigs): 252.466, Wasserstein(log_eigs,log_real_eigs): 0.833
torch.Size([64, 2500])
Epoch [194/1000], Wasserstein(eigs,real_eigs): 107.405, Wasserstein(log_eigs,log_real_eigs): 1.024
torch.Size([64, 2500])
Epoch [195/1000], Wasserstein(eigs,real_eigs): 263.833, Wasserstein(log_eigs,log_real_eigs): 0.822
torch.Size([64, 2500])
Epoch [196/1000], Wasserstein(eigs,real_eigs): 524.427, Wasserstein(log_eigs,log_real_eigs): 1.073
torch.Size([64, 2500])
Epoch [197/1000], Wasserstein(eigs,real_eigs): 338.067, Wasserstein(log_eigs,log_real_eigs): 1.042
torch.Size([64, 2500])
Epoch [198/1000], Wasserstein(eigs,real_eigs): 433.102, Wasserstein(log_eigs,log_real_eigs): 0.726
torch.Size([64, 2500])
Epoch [199/1000], Wasserstein(eigs,real_eigs): 600.245, Wasserstein(log_eigs,log_real_eigs): 0.767
torch.Size([64, 2500])
Epoch [200/1000], Wasserstein(eigs,real_eigs): 490.701, Wasserstein(log_eigs,log_real_eigs): 0.949
torch.Size([64, 2500])
Epoch [201/1000], Wasserstein(eigs,real_eigs): 443.938, Wasserstein(log_eigs,log_real_eigs): 0.879
torch.Size([64, 2500])
Epoch [202/1000], Wasserstein(eigs,real_eigs): 222.568, Wasserstein(log_eigs,log_real_eigs): 1.054
torch.Size([64, 2500])
Epoch [203/1000], Wasserstein(eigs,real_eigs): 497.299, Wasserstein(log_eigs,log_real_eigs): 1.143
torch.Size([64, 2500])
Epoch [204/1000], Wasserstein(eigs,real_eigs): 100.643, Wasserstein(log_eigs,log_real_eigs): 1.039
torch.Size([64, 2500])
Epoch [205/1000], Wasserstein(eigs,real_eigs): 237.108, Wasserstein(log_eigs,log_real_eigs): 1.248
torch.Size([64, 2500])
Epoch [206/1000], Wasserstein(eigs,real_eigs): 60.285, Wasserstein(log_eigs,log_real_eigs): 1.119
torch.Size([64, 2500])
Epoch [207/1000], Wasserstein(eigs,real_eigs): 33.958, Wasserstein(log_eigs,log_real_eigs): 1.183
torch.Size([64, 2500])
Epoch [208/1000], Wasserstein(eigs,real_eigs): 604.756, Wasserstein(log_eigs,log_real_eigs): 0.475
torch.Size([64, 2500])
Epoch [209/1000], Wasserstein(eigs,real_eigs): 38.425, Wasserstein(log_eigs,log_real_eigs): 0.279
torch.Size([64, 2500])
Epoch [210/1000], Wasserstein(eigs,real_eigs): 47.371, Wasserstein(log_eigs,log_real_eigs): 0.351
torch.Size([64, 2500])
Epoch [211/1000], Wasserstein(eigs,real_eigs): 245.895, Wasserstein(log_eigs,log_real_eigs): 0.489
torch.Size([64, 2500])
Epoch [212/1000], Wasserstein(eigs,real_eigs): 14.032, Wasserstein(log_eigs,log_real_eigs): 0.557
torch.Size([64, 2500])
Epoch [213/1000], Wasserstein(eigs,real_eigs): 174.891, Wasserstein(log_eigs,log_real_eigs): 0.630
torch.Size([64, 2500])
Epoch [214/1000], Wasserstein(eigs,real_eigs): 250.669, Wasserstein(log_eigs,log_real_eigs): 0.689
torch.Size([64, 2500])
Epoch [215/1000], Wasserstein(eigs,real_eigs): 903.816, Wasserstein(log_eigs,log_real_eigs): 0.810
torch.Size([64, 2500])
Epoch [216/1000], Wasserstein(eigs,real_eigs): 55.280, Wasserstein(log_eigs,log_real_eigs): 0.627
torch.Size([64, 2500])
Epoch [217/1000], Wasserstein(eigs,real_eigs): 1371.513, Wasserstein(log_eigs,log_real_eigs): 0.823
torch.Size([64, 2500])
Epoch [218/1000], Wasserstein(eigs,real_eigs): 1070.572, Wasserstein(log_eigs,log_real_eigs): 0.747
torch.Size([64, 2500])
Epoch [219/1000], Wasserstein(eigs,real_eigs): 787.851, Wasserstein(log_eigs,log_real_eigs): 0.915
torch.Size([64, 2500])
Epoch [220/1000], Wasserstein(eigs,real_eigs): 328.312, Wasserstein(log_eigs,log_real_eigs): 0.881
torch.Size([64, 2500])
Epoch [221/1000], Wasserstein(eigs,real_eigs): 118.182, Wasserstein(log_eigs,log_real_eigs): 0.932
torch.Size([64, 2500])
Epoch [222/1000], Wasserstein(eigs,real_eigs): 13.305, Wasserstein(log_eigs,log_real_eigs): 0.886
torch.Size([64, 2500])
Epoch [223/1000], Wasserstein(eigs,real_eigs): 824.969, Wasserstein(log_eigs,log_real_eigs): 1.022
torch.Size([64, 2500])
Epoch [224/1000], Wasserstein(eigs,real_eigs): 20.802, Wasserstein(log_eigs,log_real_eigs): 0.930
torch.Size([64, 2500])
Epoch [225/1000], Wasserstein(eigs,real_eigs): 189.781, Wasserstein(log_eigs,log_real_eigs): 0.876
torch.Size([64, 2500])
Epoch [226/1000], Wasserstein(eigs,real_eigs): 1102.587, Wasserstein(log_eigs,log_real_eigs): 0.977
torch.Size([64, 2500])
Epoch [227/1000], Wasserstein(eigs,real_eigs): 236.138, Wasserstein(log_eigs,log_real_eigs): 1.003
torch.Size([64, 2500])
Epoch [228/1000], Wasserstein(eigs,real_eigs): 416.357, Wasserstein(log_eigs,log_real_eigs): 1.102
torch.Size([64, 2500])
Epoch [229/1000], Wasserstein(eigs,real_eigs): 24.430, Wasserstein(log_eigs,log_real_eigs): 0.762
torch.Size([64, 2500])
Epoch [230/1000], Wasserstein(eigs,real_eigs): 472.970, Wasserstein(log_eigs,log_real_eigs): 1.032
torch.Size([64, 2500])
Epoch [231/1000], Wasserstein(eigs,real_eigs): 95.700, Wasserstein(log_eigs,log_real_eigs): 1.032
torch.Size([64, 2500])
Epoch [232/1000], Wasserstein(eigs,real_eigs): 127.892, Wasserstein(log_eigs,log_real_eigs): 1.098
torch.Size([64, 2500])
Epoch [233/1000], Wasserstein(eigs,real_eigs): 204.176, Wasserstein(log_eigs,log_real_eigs): 1.131
torch.Size([64, 2500])
Epoch [234/1000], Wasserstein(eigs,real_eigs): 174.690, Wasserstein(log_eigs,log_real_eigs): 1.171
torch.Size([64, 2500])
Epoch [235/1000], Wasserstein(eigs,real_eigs): 52.268, Wasserstein(log_eigs,log_real_eigs): 1.100
torch.Size([64, 2500])
Epoch [236/1000], Wasserstein(eigs,real_eigs): 990.539, Wasserstein(log_eigs,log_real_eigs): 1.112
torch.Size([64, 2500])
Epoch [237/1000], Wasserstein(eigs,real_eigs): 3.188, Wasserstein(log_eigs,log_real_eigs): 0.983
torch.Size([64, 2500])
Epoch [238/1000], Wasserstein(eigs,real_eigs): 377.297, Wasserstein(log_eigs,log_real_eigs): 1.184
torch.Size([64, 2500])
Epoch [239/1000], Wasserstein(eigs,real_eigs): 14.141, Wasserstein(log_eigs,log_real_eigs): 1.136
torch.Size([64, 2500])
Epoch [240/1000], Wasserstein(eigs,real_eigs): 962.659, Wasserstein(log_eigs,log_real_eigs): 0.585
torch.Size([64, 2500])
Epoch [241/1000], Wasserstein(eigs,real_eigs): 296.659, Wasserstein(log_eigs,log_real_eigs): 0.517
torch.Size([64, 2500])
Epoch [242/1000], Wasserstein(eigs,real_eigs): 315.463, Wasserstein(log_eigs,log_real_eigs): 0.556
torch.Size([64, 2500])
Epoch [243/1000], Wasserstein(eigs,real_eigs): 17.426, Wasserstein(log_eigs,log_real_eigs): 0.514
torch.Size([64, 2500])
Epoch [244/1000], Wasserstein(eigs,real_eigs): 436.330, Wasserstein(log_eigs,log_real_eigs): 0.718
torch.Size([64, 2500])
Epoch [245/1000], Wasserstein(eigs,real_eigs): 58.177, Wasserstein(log_eigs,log_real_eigs): 0.504
torch.Size([64, 2500])
Epoch [246/1000], Wasserstein(eigs,real_eigs): 957.163, Wasserstein(log_eigs,log_real_eigs): 0.802
torch.Size([64, 2500])
Epoch [247/1000], Wasserstein(eigs,real_eigs): 292.766, Wasserstein(log_eigs,log_real_eigs): 0.717
torch.Size([64, 2500])
Epoch [248/1000], Wasserstein(eigs,real_eigs): 436.511, Wasserstein(log_eigs,log_real_eigs): 0.777
torch.Size([64, 2500])
Epoch [249/1000], Wasserstein(eigs,real_eigs): 69.661, Wasserstein(log_eigs,log_real_eigs): 0.772
torch.Size([64, 2500])
Epoch [250/1000], Wasserstein(eigs,real_eigs): 350.377, Wasserstein(log_eigs,log_real_eigs): 0.683
torch.Size([64, 2500])
Epoch [251/1000], Wasserstein(eigs,real_eigs): 787.996, Wasserstein(log_eigs,log_real_eigs): 0.907
torch.Size([64, 2500])
Epoch [252/1000], Wasserstein(eigs,real_eigs): 1222.359, Wasserstein(log_eigs,log_real_eigs): 0.956
torch.Size([64, 2500])
Epoch [253/1000], Wasserstein(eigs,real_eigs): 1587.168, Wasserstein(log_eigs,log_real_eigs): 0.695
torch.Size([64, 2500])
Epoch [254/1000], Wasserstein(eigs,real_eigs): 1961.247, Wasserstein(log_eigs,log_real_eigs): 0.732
torch.Size([64, 2500])
Epoch [255/1000], Wasserstein(eigs,real_eigs): 1335.647, Wasserstein(log_eigs,log_real_eigs): 0.773
torch.Size([64, 2500])
Epoch [256/1000], Wasserstein(eigs,real_eigs): 278.560, Wasserstein(log_eigs,log_real_eigs): 0.748
torch.Size([64, 2500])
Epoch [257/1000], Wasserstein(eigs,real_eigs): 898.677, Wasserstein(log_eigs,log_real_eigs): 0.839
torch.Size([64, 2500])
Epoch [258/1000], Wasserstein(eigs,real_eigs): 41.506, Wasserstein(log_eigs,log_real_eigs): 0.804
torch.Size([64, 2500])
Epoch [259/1000], Wasserstein(eigs,real_eigs): 2085.479, Wasserstein(log_eigs,log_real_eigs): 0.821
torch.Size([64, 2500])
Epoch [260/1000], Wasserstein(eigs,real_eigs): 126.420, Wasserstein(log_eigs,log_real_eigs): 0.799
torch.Size([64, 2500])
Epoch [261/1000], Wasserstein(eigs,real_eigs): 1729.974, Wasserstein(log_eigs,log_real_eigs): 0.912
torch.Size([64, 2500])
Epoch [262/1000], Wasserstein(eigs,real_eigs): 260.589, Wasserstein(log_eigs,log_real_eigs): 0.911
torch.Size([64, 2500])
Epoch [263/1000], Wasserstein(eigs,real_eigs): 1323.112, Wasserstein(log_eigs,log_real_eigs): 0.973
torch.Size([64, 2500])
Epoch [264/1000], Wasserstein(eigs,real_eigs): 1631.268, Wasserstein(log_eigs,log_real_eigs): 0.994
torch.Size([64, 2500])
Epoch [265/1000], Wasserstein(eigs,real_eigs): 1024.104, Wasserstein(log_eigs,log_real_eigs): 1.052
torch.Size([64, 2500])
Epoch [266/1000], Wasserstein(eigs,real_eigs): 288.316, Wasserstein(log_eigs,log_real_eigs): 0.996
torch.Size([64, 2500])
Epoch [267/1000], Wasserstein(eigs,real_eigs): 208.276, Wasserstein(log_eigs,log_real_eigs): 0.615
torch.Size([64, 2500])
Epoch [268/1000], Wasserstein(eigs,real_eigs): 127.947, Wasserstein(log_eigs,log_real_eigs): 0.514
torch.Size([64, 2500])
Epoch [269/1000], Wasserstein(eigs,real_eigs): 1948.097, Wasserstein(log_eigs,log_real_eigs): 0.745
torch.Size([64, 2500])
Epoch [270/1000], Wasserstein(eigs,real_eigs): 457.830, Wasserstein(log_eigs,log_real_eigs): 0.631
torch.Size([64, 2500])
Epoch [271/1000], Wasserstein(eigs,real_eigs): 620.123, Wasserstein(log_eigs,log_real_eigs): 0.634
torch.Size([64, 2500])
Epoch [272/1000], Wasserstein(eigs,real_eigs): 312.500, Wasserstein(log_eigs,log_real_eigs): 0.608
torch.Size([64, 2500])
Epoch [273/1000], Wasserstein(eigs,real_eigs): 350.835, Wasserstein(log_eigs,log_real_eigs): 0.739
torch.Size([64, 2500])
Epoch [274/1000], Wasserstein(eigs,real_eigs): 211.640, Wasserstein(log_eigs,log_real_eigs): 0.786
torch.Size([64, 2500])
Epoch [275/1000], Wasserstein(eigs,real_eigs): 735.142, Wasserstein(log_eigs,log_real_eigs): 0.792
torch.Size([64, 2500])
Epoch [276/1000], Wasserstein(eigs,real_eigs): 968.389, Wasserstein(log_eigs,log_real_eigs): 0.804
torch.Size([64, 2500])
Epoch [277/1000], Wasserstein(eigs,real_eigs): 949.825, Wasserstein(log_eigs,log_real_eigs): 0.752
torch.Size([64, 2500])
Epoch [278/1000], Wasserstein(eigs,real_eigs): 649.788, Wasserstein(log_eigs,log_real_eigs): 0.808
torch.Size([64, 2500])
Epoch [279/1000], Wasserstein(eigs,real_eigs): 1616.061, Wasserstein(log_eigs,log_real_eigs): 0.579
torch.Size([64, 2500])
Epoch [280/1000], Wasserstein(eigs,real_eigs): 582.410, Wasserstein(log_eigs,log_real_eigs): 0.692
torch.Size([64, 2500])
Epoch [281/1000], Wasserstein(eigs,real_eigs): 1101.900, Wasserstein(log_eigs,log_real_eigs): 0.677
torch.Size([64, 2500])
Epoch [282/1000], Wasserstein(eigs,real_eigs): 480.451, Wasserstein(log_eigs,log_real_eigs): 0.609
torch.Size([64, 2500])
Epoch [283/1000], Wasserstein(eigs,real_eigs): 666.763, Wasserstein(log_eigs,log_real_eigs): 0.685
torch.Size([64, 2500])
Epoch [284/1000], Wasserstein(eigs,real_eigs): 1239.729, Wasserstein(log_eigs,log_real_eigs): 0.762
torch.Size([64, 2500])
Epoch [285/1000], Wasserstein(eigs,real_eigs): 759.496, Wasserstein(log_eigs,log_real_eigs): 0.817
torch.Size([64, 2500])
Epoch [286/1000], Wasserstein(eigs,real_eigs): 245.444, Wasserstein(log_eigs,log_real_eigs): 0.831
torch.Size([64, 2500])
Epoch [287/1000], Wasserstein(eigs,real_eigs): 278.842, Wasserstein(log_eigs,log_real_eigs): 0.851
torch.Size([64, 2500])
Epoch [288/1000], Wasserstein(eigs,real_eigs): 275.538, Wasserstein(log_eigs,log_real_eigs): 0.757
torch.Size([64, 2500])
Epoch [289/1000], Wasserstein(eigs,real_eigs): 574.421, Wasserstein(log_eigs,log_real_eigs): 0.835
torch.Size([64, 2500])
Epoch [290/1000], Wasserstein(eigs,real_eigs): 1499.989, Wasserstein(log_eigs,log_real_eigs): 0.930
torch.Size([64, 2500])
Epoch [291/1000], Wasserstein(eigs,real_eigs): 476.697, Wasserstein(log_eigs,log_real_eigs): 0.838
torch.Size([64, 2500])
Epoch [292/1000], Wasserstein(eigs,real_eigs): 1337.453, Wasserstein(log_eigs,log_real_eigs): 0.917
torch.Size([64, 2500])
Epoch [293/1000], Wasserstein(eigs,real_eigs): 1707.117, Wasserstein(log_eigs,log_real_eigs): 1.025
torch.Size([64, 2500])
Epoch [294/1000], Wasserstein(eigs,real_eigs): 942.028, Wasserstein(log_eigs,log_real_eigs): 0.859
torch.Size([64, 2500])
Epoch [295/1000], Wasserstein(eigs,real_eigs): 1521.061, Wasserstein(log_eigs,log_real_eigs): 0.844
torch.Size([64, 2500])
Epoch [296/1000], Wasserstein(eigs,real_eigs): 883.594, Wasserstein(log_eigs,log_real_eigs): 0.828
torch.Size([64, 2500])
Epoch [297/1000], Wasserstein(eigs,real_eigs): 213.505, Wasserstein(log_eigs,log_real_eigs): 0.865
torch.Size([64, 2500])
Epoch [298/1000], Wasserstein(eigs,real_eigs): 1281.000, Wasserstein(log_eigs,log_real_eigs): 0.885
torch.Size([64, 2500])
Epoch [299/1000], Wasserstein(eigs,real_eigs): 398.168, Wasserstein(log_eigs,log_real_eigs): 0.899
torch.Size([64, 2500])
Epoch [300/1000], Wasserstein(eigs,real_eigs): 79.802, Wasserstein(log_eigs,log_real_eigs): 0.898
torch.Size([64, 2500])
Epoch [301/1000], Wasserstein(eigs,real_eigs): 73.291, Wasserstein(log_eigs,log_real_eigs): 1.012
torch.Size([64, 2500])
Epoch [302/1000], Wasserstein(eigs,real_eigs): 4.102, Wasserstein(log_eigs,log_real_eigs): 0.983
torch.Size([64, 2500])
Epoch [303/1000], Wasserstein(eigs,real_eigs): 1791.401, Wasserstein(log_eigs,log_real_eigs): 0.864
torch.Size([64, 2500])
Epoch [304/1000], Wasserstein(eigs,real_eigs): 2295.063, Wasserstein(log_eigs,log_real_eigs): 0.897
torch.Size([64, 2500])
Epoch [305/1000], Wasserstein(eigs,real_eigs): 1499.909, Wasserstein(log_eigs,log_real_eigs): 0.978
torch.Size([64, 2500])
Epoch [306/1000], Wasserstein(eigs,real_eigs): 426.638, Wasserstein(log_eigs,log_real_eigs): 0.988
torch.Size([64, 2500])
Epoch [307/1000], Wasserstein(eigs,real_eigs): 645.705, Wasserstein(log_eigs,log_real_eigs): 0.993
torch.Size([64, 2500])
Epoch [308/1000], Wasserstein(eigs,real_eigs): 1692.860, Wasserstein(log_eigs,log_real_eigs): 0.960
torch.Size([64, 2500])
Epoch [309/1000], Wasserstein(eigs,real_eigs): 237.948, Wasserstein(log_eigs,log_real_eigs): 0.868
torch.Size([64, 2500])
Epoch [310/1000], Wasserstein(eigs,real_eigs): 6.586, Wasserstein(log_eigs,log_real_eigs): 0.881
torch.Size([64, 2500])
Epoch [311/1000], Wasserstein(eigs,real_eigs): 1308.455, Wasserstein(log_eigs,log_real_eigs): 0.854
torch.Size([64, 2500])
Epoch [312/1000], Wasserstein(eigs,real_eigs): 609.420, Wasserstein(log_eigs,log_real_eigs): 0.875
torch.Size([64, 2500])
Epoch [313/1000], Wasserstein(eigs,real_eigs): 21.237, Wasserstein(log_eigs,log_real_eigs): 0.879
torch.Size([64, 2500])
Epoch [314/1000], Wasserstein(eigs,real_eigs): 1839.029, Wasserstein(log_eigs,log_real_eigs): 0.746
torch.Size([64, 2500])
Epoch [315/1000], Wasserstein(eigs,real_eigs): 1799.148, Wasserstein(log_eigs,log_real_eigs): 0.668
torch.Size([64, 2500])
Epoch [316/1000], Wasserstein(eigs,real_eigs): 834.898, Wasserstein(log_eigs,log_real_eigs): 0.884
torch.Size([64, 2500])
Epoch [317/1000], Wasserstein(eigs,real_eigs): 557.289, Wasserstein(log_eigs,log_real_eigs): 0.681
torch.Size([64, 2500])
Epoch [318/1000], Wasserstein(eigs,real_eigs): 101.125, Wasserstein(log_eigs,log_real_eigs): 0.659
torch.Size([64, 2500])
Epoch [319/1000], Wasserstein(eigs,real_eigs): 754.984, Wasserstein(log_eigs,log_real_eigs): 0.738
torch.Size([64, 2500])
Epoch [320/1000], Wasserstein(eigs,real_eigs): 25.278, Wasserstein(log_eigs,log_real_eigs): 0.533
torch.Size([64, 2500])
Epoch [321/1000], Wasserstein(eigs,real_eigs): 659.155, Wasserstein(log_eigs,log_real_eigs): 0.676
torch.Size([64, 2500])
Epoch [322/1000], Wasserstein(eigs,real_eigs): 278.004, Wasserstein(log_eigs,log_real_eigs): 0.907
torch.Size([64, 2500])
Epoch [323/1000], Wasserstein(eigs,real_eigs): 1909.013, Wasserstein(log_eigs,log_real_eigs): 0.980
torch.Size([64, 2500])
Epoch [324/1000], Wasserstein(eigs,real_eigs): 816.495, Wasserstein(log_eigs,log_real_eigs): 0.939
torch.Size([64, 2500])
Epoch [325/1000], Wasserstein(eigs,real_eigs): 1246.116, Wasserstein(log_eigs,log_real_eigs): 0.932
torch.Size([64, 2500])
Epoch [326/1000], Wasserstein(eigs,real_eigs): 1971.116, Wasserstein(log_eigs,log_real_eigs): 0.953
torch.Size([64, 2500])
Epoch [327/1000], Wasserstein(eigs,real_eigs): 1064.197, Wasserstein(log_eigs,log_real_eigs): 0.989
torch.Size([64, 2500])
Epoch [328/1000], Wasserstein(eigs,real_eigs): 3.132, Wasserstein(log_eigs,log_real_eigs): 0.820
torch.Size([64, 2500])
Epoch [329/1000], Wasserstein(eigs,real_eigs): 5832.101, Wasserstein(log_eigs,log_real_eigs): 0.810
torch.Size([64, 2500])
Epoch [330/1000], Wasserstein(eigs,real_eigs): 1570.330, Wasserstein(log_eigs,log_real_eigs): 0.690
torch.Size([64, 2500])
Epoch [331/1000], Wasserstein(eigs,real_eigs): 1081.881, Wasserstein(log_eigs,log_real_eigs): 0.719
torch.Size([64, 2500])
Epoch [332/1000], Wasserstein(eigs,real_eigs): 2560.221, Wasserstein(log_eigs,log_real_eigs): 0.743
torch.Size([64, 2500])
Epoch [333/1000], Wasserstein(eigs,real_eigs): 1092.783, Wasserstein(log_eigs,log_real_eigs): 0.723
torch.Size([64, 2500])
Epoch [334/1000], Wasserstein(eigs,real_eigs): 161.324, Wasserstein(log_eigs,log_real_eigs): 0.574
torch.Size([64, 2500])
Epoch [335/1000], Wasserstein(eigs,real_eigs): 1147.118, Wasserstein(log_eigs,log_real_eigs): 0.624
torch.Size([64, 2500])
Epoch [336/1000], Wasserstein(eigs,real_eigs): 1005.628, Wasserstein(log_eigs,log_real_eigs): 0.703
torch.Size([64, 2500])
Epoch [337/1000], Wasserstein(eigs,real_eigs): 3210.599, Wasserstein(log_eigs,log_real_eigs): 0.681
torch.Size([64, 2500])
Epoch [338/1000], Wasserstein(eigs,real_eigs): 25.715, Wasserstein(log_eigs,log_real_eigs): 0.503
torch.Size([64, 2500])
Epoch [339/1000], Wasserstein(eigs,real_eigs): 4.862, Wasserstein(log_eigs,log_real_eigs): 0.440
torch.Size([64, 2500])
Epoch [340/1000], Wasserstein(eigs,real_eigs): 1945.281, Wasserstein(log_eigs,log_real_eigs): 0.757
torch.Size([64, 2500])
Epoch [341/1000], Wasserstein(eigs,real_eigs): 181.663, Wasserstein(log_eigs,log_real_eigs): 0.710
torch.Size([64, 2500])
Epoch [342/1000], Wasserstein(eigs,real_eigs): 506.166, Wasserstein(log_eigs,log_real_eigs): 0.715
torch.Size([64, 2500])
Epoch [343/1000], Wasserstein(eigs,real_eigs): 1918.430, Wasserstein(log_eigs,log_real_eigs): 0.597
torch.Size([64, 2500])
Epoch [344/1000], Wasserstein(eigs,real_eigs): 46.205, Wasserstein(log_eigs,log_real_eigs): 0.590
torch.Size([64, 2500])
Epoch [345/1000], Wasserstein(eigs,real_eigs): 883.800, Wasserstein(log_eigs,log_real_eigs): 0.564
torch.Size([64, 2500])
Epoch [346/1000], Wasserstein(eigs,real_eigs): 922.392, Wasserstein(log_eigs,log_real_eigs): 0.505
torch.Size([64, 2500])
Epoch [347/1000], Wasserstein(eigs,real_eigs): 697.254, Wasserstein(log_eigs,log_real_eigs): 0.571
torch.Size([64, 2500])
Epoch [348/1000], Wasserstein(eigs,real_eigs): 534.336, Wasserstein(log_eigs,log_real_eigs): 0.594
torch.Size([64, 2500])
Epoch [349/1000], Wasserstein(eigs,real_eigs): 2495.083, Wasserstein(log_eigs,log_real_eigs): 0.610
torch.Size([64, 2500])
Epoch [350/1000], Wasserstein(eigs,real_eigs): 40.165, Wasserstein(log_eigs,log_real_eigs): 0.500
torch.Size([64, 2500])
Epoch [351/1000], Wasserstein(eigs,real_eigs): 3039.556, Wasserstein(log_eigs,log_real_eigs): 0.611
torch.Size([64, 2500])
Epoch [352/1000], Wasserstein(eigs,real_eigs): 225.007, Wasserstein(log_eigs,log_real_eigs): 0.541
torch.Size([64, 2500])
Epoch [353/1000], Wasserstein(eigs,real_eigs): 756.056, Wasserstein(log_eigs,log_real_eigs): 0.533
torch.Size([64, 2500])
Epoch [354/1000], Wasserstein(eigs,real_eigs): 4673.133, Wasserstein(log_eigs,log_real_eigs): 0.692
torch.Size([64, 2500])
Epoch [355/1000], Wasserstein(eigs,real_eigs): 131.366, Wasserstein(log_eigs,log_real_eigs): 0.569
torch.Size([64, 2500])
Epoch [356/1000], Wasserstein(eigs,real_eigs): 1078.842, Wasserstein(log_eigs,log_real_eigs): 0.710
torch.Size([64, 2500])
Epoch [357/1000], Wasserstein(eigs,real_eigs): 1825.276, Wasserstein(log_eigs,log_real_eigs): 0.619
torch.Size([64, 2500])
Epoch [358/1000], Wasserstein(eigs,real_eigs): 2858.471, Wasserstein(log_eigs,log_real_eigs): 0.617
torch.Size([64, 2500])
Epoch [359/1000], Wasserstein(eigs,real_eigs): 1059.598, Wasserstein(log_eigs,log_real_eigs): 0.633
torch.Size([64, 2500])
Epoch [360/1000], Wasserstein(eigs,real_eigs): 2219.294, Wasserstein(log_eigs,log_real_eigs): 0.562
torch.Size([64, 2500])
Epoch [361/1000], Wasserstein(eigs,real_eigs): 812.456, Wasserstein(log_eigs,log_real_eigs): 0.609
torch.Size([64, 2500])
Epoch [362/1000], Wasserstein(eigs,real_eigs): 3045.274, Wasserstein(log_eigs,log_real_eigs): 0.666
torch.Size([64, 2500])
Epoch [363/1000], Wasserstein(eigs,real_eigs): 59.565, Wasserstein(log_eigs,log_real_eigs): 0.702
torch.Size([64, 2500])
Epoch [364/1000], Wasserstein(eigs,real_eigs): 1711.546, Wasserstein(log_eigs,log_real_eigs): 0.698
torch.Size([64, 2500])
Epoch [365/1000], Wasserstein(eigs,real_eigs): 22.409, Wasserstein(log_eigs,log_real_eigs): 0.752
torch.Size([64, 2500])
Epoch [366/1000], Wasserstein(eigs,real_eigs): 525.686, Wasserstein(log_eigs,log_real_eigs): 0.867
torch.Size([64, 2500])
Epoch [367/1000], Wasserstein(eigs,real_eigs): 61.713, Wasserstein(log_eigs,log_real_eigs): 0.763
torch.Size([64, 2500])
Epoch [368/1000], Wasserstein(eigs,real_eigs): 714.563, Wasserstein(log_eigs,log_real_eigs): 0.835
torch.Size([64, 2500])
Epoch [369/1000], Wasserstein(eigs,real_eigs): 1058.019, Wasserstein(log_eigs,log_real_eigs): 0.866
torch.Size([64, 2500])
Epoch [370/1000], Wasserstein(eigs,real_eigs): 40.311, Wasserstein(log_eigs,log_real_eigs): 0.931
torch.Size([64, 2500])
Epoch [371/1000], Wasserstein(eigs,real_eigs): 4.517, Wasserstein(log_eigs,log_real_eigs): 0.826
torch.Size([64, 2500])
Epoch [372/1000], Wasserstein(eigs,real_eigs): 1005.215, Wasserstein(log_eigs,log_real_eigs): 1.047
torch.Size([64, 2500])
Epoch [373/1000], Wasserstein(eigs,real_eigs): 307.823, Wasserstein(log_eigs,log_real_eigs): 0.837
torch.Size([64, 2500])
Epoch [374/1000], Wasserstein(eigs,real_eigs): 1284.243, Wasserstein(log_eigs,log_real_eigs): 0.906
torch.Size([64, 2500])
Epoch [375/1000], Wasserstein(eigs,real_eigs): 4263.327, Wasserstein(log_eigs,log_real_eigs): 0.915
torch.Size([64, 2500])
Epoch [376/1000], Wasserstein(eigs,real_eigs): 2123.798, Wasserstein(log_eigs,log_real_eigs): 0.924
torch.Size([64, 2500])
Epoch [377/1000], Wasserstein(eigs,real_eigs): 1083.332, Wasserstein(log_eigs,log_real_eigs): 0.961
torch.Size([64, 2500])
Epoch [378/1000], Wasserstein(eigs,real_eigs): 533.648, Wasserstein(log_eigs,log_real_eigs): 0.896
torch.Size([64, 2500])
Epoch [379/1000], Wasserstein(eigs,real_eigs): 212.282, Wasserstein(log_eigs,log_real_eigs): 0.935
torch.Size([64, 2500])
Epoch [380/1000], Wasserstein(eigs,real_eigs): 2580.599, Wasserstein(log_eigs,log_real_eigs): 0.568
torch.Size([64, 2500])
Epoch [381/1000], Wasserstein(eigs,real_eigs): 54.000, Wasserstein(log_eigs,log_real_eigs): 0.459
torch.Size([64, 2500])
Epoch [382/1000], Wasserstein(eigs,real_eigs): 2768.719, Wasserstein(log_eigs,log_real_eigs): 0.701
torch.Size([64, 2500])
Epoch [383/1000], Wasserstein(eigs,real_eigs): 730.331, Wasserstein(log_eigs,log_real_eigs): 0.581
torch.Size([64, 2500])
Epoch [384/1000], Wasserstein(eigs,real_eigs): 251.055, Wasserstein(log_eigs,log_real_eigs): 0.600
torch.Size([64, 2500])
Epoch [385/1000], Wasserstein(eigs,real_eigs): 484.363, Wasserstein(log_eigs,log_real_eigs): 0.744
torch.Size([64, 2500])
Epoch [386/1000], Wasserstein(eigs,real_eigs): 3709.834, Wasserstein(log_eigs,log_real_eigs): 0.709
torch.Size([64, 2500])
Epoch [387/1000], Wasserstein(eigs,real_eigs): 837.941, Wasserstein(log_eigs,log_real_eigs): 0.761
torch.Size([64, 2500])
Epoch [388/1000], Wasserstein(eigs,real_eigs): 2489.326, Wasserstein(log_eigs,log_real_eigs): 0.755
torch.Size([64, 2500])
Epoch [389/1000], Wasserstein(eigs,real_eigs): 4714.454, Wasserstein(log_eigs,log_real_eigs): 0.747
torch.Size([64, 2500])
Epoch [390/1000], Wasserstein(eigs,real_eigs): 4517.544, Wasserstein(log_eigs,log_real_eigs): 0.826
torch.Size([64, 2500])
Epoch [391/1000], Wasserstein(eigs,real_eigs): 3104.108, Wasserstein(log_eigs,log_real_eigs): 0.795
torch.Size([64, 2500])
Epoch [392/1000], Wasserstein(eigs,real_eigs): 37.572, Wasserstein(log_eigs,log_real_eigs): 0.716
torch.Size([64, 2500])
Epoch [393/1000], Wasserstein(eigs,real_eigs): 2596.865, Wasserstein(log_eigs,log_real_eigs): 0.880
torch.Size([64, 2500])
Epoch [394/1000], Wasserstein(eigs,real_eigs): 4036.801, Wasserstein(log_eigs,log_real_eigs): 0.844
torch.Size([64, 2500])
Epoch [395/1000], Wasserstein(eigs,real_eigs): 821.718, Wasserstein(log_eigs,log_real_eigs): 0.915
torch.Size([64, 2500])
Epoch [396/1000], Wasserstein(eigs,real_eigs): 2016.562, Wasserstein(log_eigs,log_real_eigs): 0.950
torch.Size([64, 2500])
Epoch [397/1000], Wasserstein(eigs,real_eigs): 1141.579, Wasserstein(log_eigs,log_real_eigs): 1.000
torch.Size([64, 2500])
Epoch [398/1000], Wasserstein(eigs,real_eigs): 2852.636, Wasserstein(log_eigs,log_real_eigs): 0.668
torch.Size([64, 2500])
Epoch [399/1000], Wasserstein(eigs,real_eigs): 7822.825, Wasserstein(log_eigs,log_real_eigs): 0.794
torch.Size([64, 2500])
Epoch [400/1000], Wasserstein(eigs,real_eigs): 2346.144, Wasserstein(log_eigs,log_real_eigs): 0.869
torch.Size([64, 2500])
Epoch [401/1000], Wasserstein(eigs,real_eigs): 1534.382, Wasserstein(log_eigs,log_real_eigs): 0.787
torch.Size([64, 2500])
Epoch [402/1000], Wasserstein(eigs,real_eigs): 3673.189, Wasserstein(log_eigs,log_real_eigs): 0.858
torch.Size([64, 2500])
Epoch [403/1000], Wasserstein(eigs,real_eigs): 4793.158, Wasserstein(log_eigs,log_real_eigs): 0.933
torch.Size([64, 2500])
Epoch [404/1000], Wasserstein(eigs,real_eigs): 2515.907, Wasserstein(log_eigs,log_real_eigs): 0.842
torch.Size([64, 2500])
Epoch [405/1000], Wasserstein(eigs,real_eigs): 155.041, Wasserstein(log_eigs,log_real_eigs): 0.689
torch.Size([64, 2500])
Epoch [406/1000], Wasserstein(eigs,real_eigs): 29.339, Wasserstein(log_eigs,log_real_eigs): 0.819
torch.Size([64, 2500])
Epoch [407/1000], Wasserstein(eigs,real_eigs): 5534.562, Wasserstein(log_eigs,log_real_eigs): 0.892
torch.Size([64, 2500])
Epoch [408/1000], Wasserstein(eigs,real_eigs): 359.401, Wasserstein(log_eigs,log_real_eigs): 0.678
torch.Size([64, 2500])
Epoch [409/1000], Wasserstein(eigs,real_eigs): 2650.793, Wasserstein(log_eigs,log_real_eigs): 0.752
torch.Size([64, 2500])
Epoch [410/1000], Wasserstein(eigs,real_eigs): 1343.928, Wasserstein(log_eigs,log_real_eigs): 0.782
torch.Size([64, 2500])
Epoch [411/1000], Wasserstein(eigs,real_eigs): 1381.615, Wasserstein(log_eigs,log_real_eigs): 0.903
torch.Size([64, 2500])
Epoch [412/1000], Wasserstein(eigs,real_eigs): 863.975, Wasserstein(log_eigs,log_real_eigs): 0.787
torch.Size([64, 2500])
Epoch [413/1000], Wasserstein(eigs,real_eigs): 4651.156, Wasserstein(log_eigs,log_real_eigs): 0.897
torch.Size([64, 2500])
Epoch [414/1000], Wasserstein(eigs,real_eigs): 3178.918, Wasserstein(log_eigs,log_real_eigs): 0.326
torch.Size([64, 2500])
Epoch [415/1000], Wasserstein(eigs,real_eigs): 6749.965, Wasserstein(log_eigs,log_real_eigs): 0.476
torch.Size([64, 2500])
Epoch [416/1000], Wasserstein(eigs,real_eigs): 4655.943, Wasserstein(log_eigs,log_real_eigs): 0.392
torch.Size([64, 2500])
Epoch [417/1000], Wasserstein(eigs,real_eigs): 1822.555, Wasserstein(log_eigs,log_real_eigs): 0.416
torch.Size([64, 2500])
Epoch [418/1000], Wasserstein(eigs,real_eigs): 3776.447, Wasserstein(log_eigs,log_real_eigs): 0.389
torch.Size([64, 2500])
Epoch [419/1000], Wasserstein(eigs,real_eigs): 1423.226, Wasserstein(log_eigs,log_real_eigs): 0.385
torch.Size([64, 2500])
Epoch [420/1000], Wasserstein(eigs,real_eigs): 523.210, Wasserstein(log_eigs,log_real_eigs): 0.481
torch.Size([64, 2500])
Epoch [421/1000], Wasserstein(eigs,real_eigs): 2637.683, Wasserstein(log_eigs,log_real_eigs): 0.490
torch.Size([64, 2500])
Epoch [422/1000], Wasserstein(eigs,real_eigs): 1458.764, Wasserstein(log_eigs,log_real_eigs): 0.441
torch.Size([64, 2500])
Epoch [423/1000], Wasserstein(eigs,real_eigs): 1181.157, Wasserstein(log_eigs,log_real_eigs): 0.503
torch.Size([64, 2500])
Epoch [424/1000], Wasserstein(eigs,real_eigs): 1625.264, Wasserstein(log_eigs,log_real_eigs): 0.690
torch.Size([64, 2500])
Epoch [425/1000], Wasserstein(eigs,real_eigs): 36.147, Wasserstein(log_eigs,log_real_eigs): 0.517
torch.Size([64, 2500])
Epoch [426/1000], Wasserstein(eigs,real_eigs): 2402.944, Wasserstein(log_eigs,log_real_eigs): 0.551
torch.Size([64, 2500])
Epoch [427/1000], Wasserstein(eigs,real_eigs): 1720.196, Wasserstein(log_eigs,log_real_eigs): 0.574
torch.Size([64, 2500])
Epoch [428/1000], Wasserstein(eigs,real_eigs): 3378.917, Wasserstein(log_eigs,log_real_eigs): 0.585
torch.Size([64, 2500])
Epoch [429/1000], Wasserstein(eigs,real_eigs): 2543.254, Wasserstein(log_eigs,log_real_eigs): 0.656
torch.Size([64, 2500])
Epoch [430/1000], Wasserstein(eigs,real_eigs): 1748.144, Wasserstein(log_eigs,log_real_eigs): 0.764
torch.Size([64, 2500])
Epoch [431/1000], Wasserstein(eigs,real_eigs): 789.999, Wasserstein(log_eigs,log_real_eigs): 0.712
torch.Size([64, 2500])
Epoch [432/1000], Wasserstein(eigs,real_eigs): 10.252, Wasserstein(log_eigs,log_real_eigs): 0.643
torch.Size([64, 2500])
Epoch [433/1000], Wasserstein(eigs,real_eigs): 2924.808, Wasserstein(log_eigs,log_real_eigs): 0.681
torch.Size([64, 2500])
Epoch [434/1000], Wasserstein(eigs,real_eigs): 140.841, Wasserstein(log_eigs,log_real_eigs): 0.579
torch.Size([64, 2500])
Epoch [435/1000], Wasserstein(eigs,real_eigs): 1060.498, Wasserstein(log_eigs,log_real_eigs): 0.408
torch.Size([64, 2500])
Epoch [436/1000], Wasserstein(eigs,real_eigs): 127.410, Wasserstein(log_eigs,log_real_eigs): 0.441
torch.Size([64, 2500])
Epoch [437/1000], Wasserstein(eigs,real_eigs): 4673.250, Wasserstein(log_eigs,log_real_eigs): 0.574
torch.Size([64, 2500])
Epoch [438/1000], Wasserstein(eigs,real_eigs): 3380.268, Wasserstein(log_eigs,log_real_eigs): 0.468
torch.Size([64, 2500])
Epoch [439/1000], Wasserstein(eigs,real_eigs): 4963.145, Wasserstein(log_eigs,log_real_eigs): 0.537
torch.Size([64, 2500])
Epoch [440/1000], Wasserstein(eigs,real_eigs): 180.745, Wasserstein(log_eigs,log_real_eigs): 0.623
torch.Size([64, 2500])
Epoch [441/1000], Wasserstein(eigs,real_eigs): 1866.519, Wasserstein(log_eigs,log_real_eigs): 0.647
torch.Size([64, 2500])
Epoch [442/1000], Wasserstein(eigs,real_eigs): 599.150, Wasserstein(log_eigs,log_real_eigs): 0.657
torch.Size([64, 2500])
Epoch [443/1000], Wasserstein(eigs,real_eigs): 3330.724, Wasserstein(log_eigs,log_real_eigs): 0.788
torch.Size([64, 2500])
Epoch [444/1000], Wasserstein(eigs,real_eigs): 2257.333, Wasserstein(log_eigs,log_real_eigs): 0.644
torch.Size([64, 2500])
Epoch [445/1000], Wasserstein(eigs,real_eigs): 1332.835, Wasserstein(log_eigs,log_real_eigs): 0.727
torch.Size([64, 2500])
Epoch [446/1000], Wasserstein(eigs,real_eigs): 26.930, Wasserstein(log_eigs,log_real_eigs): 0.616
torch.Size([64, 2500])
Epoch [447/1000], Wasserstein(eigs,real_eigs): 143.911, Wasserstein(log_eigs,log_real_eigs): 0.293
torch.Size([64, 2500])
Epoch [448/1000], Wasserstein(eigs,real_eigs): 113.843, Wasserstein(log_eigs,log_real_eigs): 0.305
torch.Size([64, 2500])
Epoch [449/1000], Wasserstein(eigs,real_eigs): 4288.458, Wasserstein(log_eigs,log_real_eigs): 0.292
torch.Size([64, 2500])
Epoch [450/1000], Wasserstein(eigs,real_eigs): 3228.727, Wasserstein(log_eigs,log_real_eigs): 0.429
torch.Size([64, 2500])
Epoch [451/1000], Wasserstein(eigs,real_eigs): 1887.458, Wasserstein(log_eigs,log_real_eigs): 0.406
torch.Size([64, 2500])
Epoch [452/1000], Wasserstein(eigs,real_eigs): 2359.569, Wasserstein(log_eigs,log_real_eigs): 0.316
torch.Size([64, 2500])
Epoch [453/1000], Wasserstein(eigs,real_eigs): 1176.344, Wasserstein(log_eigs,log_real_eigs): 0.421
torch.Size([64, 2500])
Epoch [454/1000], Wasserstein(eigs,real_eigs): 1127.242, Wasserstein(log_eigs,log_real_eigs): 0.546
torch.Size([64, 2500])
Epoch [455/1000], Wasserstein(eigs,real_eigs): 4291.293, Wasserstein(log_eigs,log_real_eigs): 0.662
torch.Size([64, 2500])
Epoch [456/1000], Wasserstein(eigs,real_eigs): 416.882, Wasserstein(log_eigs,log_real_eigs): 0.519
torch.Size([64, 2500])
Epoch [457/1000], Wasserstein(eigs,real_eigs): 1411.245, Wasserstein(log_eigs,log_real_eigs): 0.524
torch.Size([64, 2500])
Epoch [458/1000], Wasserstein(eigs,real_eigs): 1621.344, Wasserstein(log_eigs,log_real_eigs): 0.593
torch.Size([64, 2500])
Epoch [459/1000], Wasserstein(eigs,real_eigs): 1299.221, Wasserstein(log_eigs,log_real_eigs): 0.602
torch.Size([64, 2500])
Epoch [460/1000], Wasserstein(eigs,real_eigs): 40.849, Wasserstein(log_eigs,log_real_eigs): 0.512
torch.Size([64, 2500])
Epoch [461/1000], Wasserstein(eigs,real_eigs): 1520.571, Wasserstein(log_eigs,log_real_eigs): 0.593
torch.Size([64, 2500])
Epoch [462/1000], Wasserstein(eigs,real_eigs): 649.566, Wasserstein(log_eigs,log_real_eigs): 0.650
torch.Size([64, 2500])
Epoch [463/1000], Wasserstein(eigs,real_eigs): 5106.766, Wasserstein(log_eigs,log_real_eigs): 0.489
torch.Size([64, 2500])
Epoch [464/1000], Wasserstein(eigs,real_eigs): 4012.370, Wasserstein(log_eigs,log_real_eigs): 0.491
torch.Size([64, 2500])
Epoch [465/1000], Wasserstein(eigs,real_eigs): 5141.976, Wasserstein(log_eigs,log_real_eigs): 0.508
torch.Size([64, 2500])
Epoch [466/1000], Wasserstein(eigs,real_eigs): 1463.288, Wasserstein(log_eigs,log_real_eigs): 0.593
torch.Size([64, 2500])
Epoch [467/1000], Wasserstein(eigs,real_eigs): 7625.657, Wasserstein(log_eigs,log_real_eigs): 0.667
torch.Size([64, 2500])
Epoch [468/1000], Wasserstein(eigs,real_eigs): 3323.747, Wasserstein(log_eigs,log_real_eigs): 0.588
torch.Size([64, 2500])
Epoch [469/1000], Wasserstein(eigs,real_eigs): 3401.091, Wasserstein(log_eigs,log_real_eigs): 0.579
torch.Size([64, 2500])
Epoch [470/1000], Wasserstein(eigs,real_eigs): 2433.961, Wasserstein(log_eigs,log_real_eigs): 0.708
torch.Size([64, 2500])
Epoch [471/1000], Wasserstein(eigs,real_eigs): 1691.454, Wasserstein(log_eigs,log_real_eigs): 0.638
torch.Size([64, 2500])
Epoch [472/1000], Wasserstein(eigs,real_eigs): 2290.450, Wasserstein(log_eigs,log_real_eigs): 0.686
torch.Size([64, 2500])
Epoch [473/1000], Wasserstein(eigs,real_eigs): 2553.445, Wasserstein(log_eigs,log_real_eigs): 0.539
torch.Size([64, 2500])
Epoch [474/1000], Wasserstein(eigs,real_eigs): 2955.452, Wasserstein(log_eigs,log_real_eigs): 0.415
torch.Size([64, 2500])
Epoch [475/1000], Wasserstein(eigs,real_eigs): 1997.574, Wasserstein(log_eigs,log_real_eigs): 0.390
torch.Size([64, 2500])
Epoch [476/1000], Wasserstein(eigs,real_eigs): 5435.633, Wasserstein(log_eigs,log_real_eigs): 0.370
torch.Size([64, 2500])
Epoch [477/1000], Wasserstein(eigs,real_eigs): 2080.395, Wasserstein(log_eigs,log_real_eigs): 0.492
torch.Size([64, 2500])
Epoch [478/1000], Wasserstein(eigs,real_eigs): 374.376, Wasserstein(log_eigs,log_real_eigs): 0.491
torch.Size([64, 2500])
Epoch [479/1000], Wasserstein(eigs,real_eigs): 1933.238, Wasserstein(log_eigs,log_real_eigs): 0.522
torch.Size([64, 2500])
Epoch [480/1000], Wasserstein(eigs,real_eigs): 339.870, Wasserstein(log_eigs,log_real_eigs): 0.390
torch.Size([64, 2500])
Epoch [481/1000], Wasserstein(eigs,real_eigs): 278.820, Wasserstein(log_eigs,log_real_eigs): 0.431
torch.Size([64, 2500])
Epoch [482/1000], Wasserstein(eigs,real_eigs): 49.888, Wasserstein(log_eigs,log_real_eigs): 0.333
torch.Size([64, 2500])
Epoch [483/1000], Wasserstein(eigs,real_eigs): 324.161, Wasserstein(log_eigs,log_real_eigs): 0.438
torch.Size([64, 2500])
Epoch [484/1000], Wasserstein(eigs,real_eigs): 972.685, Wasserstein(log_eigs,log_real_eigs): 0.487
torch.Size([64, 2500])
Epoch [485/1000], Wasserstein(eigs,real_eigs): 12.079, Wasserstein(log_eigs,log_real_eigs): 0.347
torch.Size([64, 2500])
Epoch [486/1000], Wasserstein(eigs,real_eigs): 2994.076, Wasserstein(log_eigs,log_real_eigs): 0.511
torch.Size([64, 2500])
Epoch [487/1000], Wasserstein(eigs,real_eigs): 6831.317, Wasserstein(log_eigs,log_real_eigs): 0.652
torch.Size([64, 2500])
Epoch [488/1000], Wasserstein(eigs,real_eigs): 9314.683, Wasserstein(log_eigs,log_real_eigs): 0.772
torch.Size([64, 2500])
Epoch [489/1000], Wasserstein(eigs,real_eigs): 3870.311, Wasserstein(log_eigs,log_real_eigs): 0.690
torch.Size([64, 2500])
Epoch [490/1000], Wasserstein(eigs,real_eigs): 1893.545, Wasserstein(log_eigs,log_real_eigs): 0.577
torch.Size([64, 2500])
Epoch [491/1000], Wasserstein(eigs,real_eigs): 3770.253, Wasserstein(log_eigs,log_real_eigs): 0.558
torch.Size([64, 2500])
Epoch [492/1000], Wasserstein(eigs,real_eigs): 3409.781, Wasserstein(log_eigs,log_real_eigs): 0.589
torch.Size([64, 2500])
Epoch [493/1000], Wasserstein(eigs,real_eigs): 4023.301, Wasserstein(log_eigs,log_real_eigs): 0.587
torch.Size([64, 2500])
Epoch [494/1000], Wasserstein(eigs,real_eigs): 4769.210, Wasserstein(log_eigs,log_real_eigs): 0.695
torch.Size([64, 2500])
Epoch [495/1000], Wasserstein(eigs,real_eigs): 2570.485, Wasserstein(log_eigs,log_real_eigs): 0.670
torch.Size([64, 2500])
Epoch [496/1000], Wasserstein(eigs,real_eigs): 2910.710, Wasserstein(log_eigs,log_real_eigs): 0.664
torch.Size([64, 2500])
Epoch [497/1000], Wasserstein(eigs,real_eigs): 2082.252, Wasserstein(log_eigs,log_real_eigs): 0.354
