2019-10-17 12:08:37.194178
Namespace(batch_size=64, dataroot='/home/jim/Documents/RandomBergman/KS4/data/', diff=0, epochs=1000, exp=None, h11=50, log_interval=1, lr=5e-06, lr_D=5e-06, lr_G=5e-06, model_type='GAN_DCGAN', n_critic_steps=5, newsize=40, num_geometries=2500, nz=15, outdir='./experiments/exp_GAN_DCGAN_50_15_10172019_120837', plot_interval=20, py_version=3, save=True, show_plots=False, test_batch_size=10000)
Namespace(batch_size=64, dataroot='/home/jim/Documents/RandomBergman/KS4/data/', diff=0, epochs=1000, exp=None, h11=50, log_interval=1, lr=5e-06, lr_D=5e-06, lr_G=5e-06, model_type='GAN_DCGAN', n_critic_steps=5, newsize=40, num_geometries=2500, nz=15, outdir='./experiments/exp_GAN_DCGAN_50_15_10172019_120837', plot_interval=20, py_version=3, save=True, show_plots=False, test_batch_size=10000)
Model type: GAN_DCGAN
Coomparing to Eigenvalue distribution collected from 3399 geometries
data: 64 50
torch.Size([64, 2500])
Epoch [0/1000], Wasserstein(eigs,real_eigs): 8.593, Wasserstein(log_eigs,log_real_eigs): 0.795
torch.Size([64, 2500])
Epoch [1/1000], Wasserstein(eigs,real_eigs): 59.065, Wasserstein(log_eigs,log_real_eigs): 1.069
torch.Size([64, 2500])
Epoch [2/1000], Wasserstein(eigs,real_eigs): 151.840, Wasserstein(log_eigs,log_real_eigs): 1.266
torch.Size([64, 2500])
Epoch [3/1000], Wasserstein(eigs,real_eigs): 236.316, Wasserstein(log_eigs,log_real_eigs): 1.370
torch.Size([64, 2500])
Epoch [4/1000], Wasserstein(eigs,real_eigs): 268.953, Wasserstein(log_eigs,log_real_eigs): 1.401
torch.Size([64, 2500])
Epoch [5/1000], Wasserstein(eigs,real_eigs): 275.946, Wasserstein(log_eigs,log_real_eigs): 1.436
torch.Size([64, 2500])
Epoch [6/1000], Wasserstein(eigs,real_eigs): 271.586, Wasserstein(log_eigs,log_real_eigs): 1.384
torch.Size([64, 2500])
Epoch [7/1000], Wasserstein(eigs,real_eigs): 238.639, Wasserstein(log_eigs,log_real_eigs): 1.302
torch.Size([64, 2500])
Epoch [8/1000], Wasserstein(eigs,real_eigs): 226.122, Wasserstein(log_eigs,log_real_eigs): 1.322
torch.Size([64, 2500])
Epoch [9/1000], Wasserstein(eigs,real_eigs): 237.201, Wasserstein(log_eigs,log_real_eigs): 1.287
torch.Size([64, 2500])
Epoch [10/1000], Wasserstein(eigs,real_eigs): 248.403, Wasserstein(log_eigs,log_real_eigs): 1.227
torch.Size([64, 2500])
Epoch [11/1000], Wasserstein(eigs,real_eigs): 253.264, Wasserstein(log_eigs,log_real_eigs): 1.242
torch.Size([64, 2500])
Epoch [12/1000], Wasserstein(eigs,real_eigs): 245.094, Wasserstein(log_eigs,log_real_eigs): 1.263
torch.Size([64, 2500])
Epoch [13/1000], Wasserstein(eigs,real_eigs): 241.596, Wasserstein(log_eigs,log_real_eigs): 1.298
torch.Size([64, 2500])
Epoch [14/1000], Wasserstein(eigs,real_eigs): 231.202, Wasserstein(log_eigs,log_real_eigs): 1.209
torch.Size([64, 2500])
Epoch [15/1000], Wasserstein(eigs,real_eigs): 201.779, Wasserstein(log_eigs,log_real_eigs): 1.173
torch.Size([64, 2500])
Epoch [16/1000], Wasserstein(eigs,real_eigs): 184.313, Wasserstein(log_eigs,log_real_eigs): 1.186
torch.Size([64, 2500])
Epoch [17/1000], Wasserstein(eigs,real_eigs): 183.733, Wasserstein(log_eigs,log_real_eigs): 1.070
torch.Size([64, 2500])
Epoch [18/1000], Wasserstein(eigs,real_eigs): 188.157, Wasserstein(log_eigs,log_real_eigs): 1.180
torch.Size([64, 2500])
Epoch [19/1000], Wasserstein(eigs,real_eigs): 185.751, Wasserstein(log_eigs,log_real_eigs): 1.144
torch.Size([64, 2500])
Epoch [20/1000], Wasserstein(eigs,real_eigs): 168.577, Wasserstein(log_eigs,log_real_eigs): 1.109
torch.Size([64, 2500])
Epoch [21/1000], Wasserstein(eigs,real_eigs): 153.820, Wasserstein(log_eigs,log_real_eigs): 1.119
torch.Size([64, 2500])
Epoch [22/1000], Wasserstein(eigs,real_eigs): 159.437, Wasserstein(log_eigs,log_real_eigs): 1.029
torch.Size([64, 2500])
Epoch [23/1000], Wasserstein(eigs,real_eigs): 164.202, Wasserstein(log_eigs,log_real_eigs): 1.096
torch.Size([64, 2500])
Epoch [24/1000], Wasserstein(eigs,real_eigs): 146.152, Wasserstein(log_eigs,log_real_eigs): 1.110
torch.Size([64, 2500])
Epoch [25/1000], Wasserstein(eigs,real_eigs): 152.414, Wasserstein(log_eigs,log_real_eigs): 1.067
torch.Size([64, 2500])
Epoch [26/1000], Wasserstein(eigs,real_eigs): 163.437, Wasserstein(log_eigs,log_real_eigs): 1.089
torch.Size([64, 2500])
Epoch [27/1000], Wasserstein(eigs,real_eigs): 161.928, Wasserstein(log_eigs,log_real_eigs): 1.051
torch.Size([64, 2500])
Epoch [28/1000], Wasserstein(eigs,real_eigs): 151.617, Wasserstein(log_eigs,log_real_eigs): 1.024
torch.Size([64, 2500])
Epoch [29/1000], Wasserstein(eigs,real_eigs): 141.247, Wasserstein(log_eigs,log_real_eigs): 1.011
torch.Size([64, 2500])
Epoch [30/1000], Wasserstein(eigs,real_eigs): 126.435, Wasserstein(log_eigs,log_real_eigs): 1.029
torch.Size([64, 2500])
Epoch [31/1000], Wasserstein(eigs,real_eigs): 119.170, Wasserstein(log_eigs,log_real_eigs): 1.014
torch.Size([64, 2500])
Epoch [32/1000], Wasserstein(eigs,real_eigs): 117.095, Wasserstein(log_eigs,log_real_eigs): 0.949
torch.Size([64, 2500])
Epoch [33/1000], Wasserstein(eigs,real_eigs): 117.661, Wasserstein(log_eigs,log_real_eigs): 0.930
torch.Size([64, 2500])
Epoch [34/1000], Wasserstein(eigs,real_eigs): 127.795, Wasserstein(log_eigs,log_real_eigs): 0.974
torch.Size([64, 2500])
Epoch [35/1000], Wasserstein(eigs,real_eigs): 134.826, Wasserstein(log_eigs,log_real_eigs): 0.971
torch.Size([64, 2500])
Epoch [36/1000], Wasserstein(eigs,real_eigs): 144.945, Wasserstein(log_eigs,log_real_eigs): 1.014
torch.Size([64, 2500])
Epoch [37/1000], Wasserstein(eigs,real_eigs): 131.769, Wasserstein(log_eigs,log_real_eigs): 1.062
torch.Size([64, 2500])
Epoch [38/1000], Wasserstein(eigs,real_eigs): 123.779, Wasserstein(log_eigs,log_real_eigs): 0.888
torch.Size([64, 2500])
Epoch [39/1000], Wasserstein(eigs,real_eigs): 110.837, Wasserstein(log_eigs,log_real_eigs): 0.931
torch.Size([64, 2500])
Epoch [40/1000], Wasserstein(eigs,real_eigs): 100.894, Wasserstein(log_eigs,log_real_eigs): 0.839
torch.Size([64, 2500])
Epoch [41/1000], Wasserstein(eigs,real_eigs): 96.795, Wasserstein(log_eigs,log_real_eigs): 0.953
torch.Size([64, 2500])
Epoch [42/1000], Wasserstein(eigs,real_eigs): 101.749, Wasserstein(log_eigs,log_real_eigs): 0.856
torch.Size([64, 2500])
Epoch [43/1000], Wasserstein(eigs,real_eigs): 112.976, Wasserstein(log_eigs,log_real_eigs): 0.971
torch.Size([64, 2500])
Epoch [44/1000], Wasserstein(eigs,real_eigs): 125.165, Wasserstein(log_eigs,log_real_eigs): 1.018
torch.Size([64, 2500])
Epoch [45/1000], Wasserstein(eigs,real_eigs): 119.334, Wasserstein(log_eigs,log_real_eigs): 0.900
torch.Size([64, 2500])
Epoch [46/1000], Wasserstein(eigs,real_eigs): 98.130, Wasserstein(log_eigs,log_real_eigs): 0.839
torch.Size([64, 2500])
Epoch [47/1000], Wasserstein(eigs,real_eigs): 94.067, Wasserstein(log_eigs,log_real_eigs): 0.810
torch.Size([64, 2500])
Epoch [48/1000], Wasserstein(eigs,real_eigs): 94.875, Wasserstein(log_eigs,log_real_eigs): 0.920
torch.Size([64, 2500])
Epoch [49/1000], Wasserstein(eigs,real_eigs): 86.634, Wasserstein(log_eigs,log_real_eigs): 0.906
torch.Size([64, 2500])
Epoch [50/1000], Wasserstein(eigs,real_eigs): 86.142, Wasserstein(log_eigs,log_real_eigs): 0.816
torch.Size([64, 2500])
Epoch [51/1000], Wasserstein(eigs,real_eigs): 93.894, Wasserstein(log_eigs,log_real_eigs): 0.787
torch.Size([64, 2500])
Epoch [52/1000], Wasserstein(eigs,real_eigs): 94.029, Wasserstein(log_eigs,log_real_eigs): 0.954
torch.Size([64, 2500])
Epoch [53/1000], Wasserstein(eigs,real_eigs): 87.833, Wasserstein(log_eigs,log_real_eigs): 0.809
torch.Size([64, 2500])
Epoch [54/1000], Wasserstein(eigs,real_eigs): 87.786, Wasserstein(log_eigs,log_real_eigs): 0.852
torch.Size([64, 2500])
Epoch [55/1000], Wasserstein(eigs,real_eigs): 100.528, Wasserstein(log_eigs,log_real_eigs): 0.895
torch.Size([64, 2500])
Epoch [56/1000], Wasserstein(eigs,real_eigs): 100.824, Wasserstein(log_eigs,log_real_eigs): 0.832
torch.Size([64, 2500])
Epoch [57/1000], Wasserstein(eigs,real_eigs): 85.686, Wasserstein(log_eigs,log_real_eigs): 0.903
torch.Size([64, 2500])
Epoch [58/1000], Wasserstein(eigs,real_eigs): 76.463, Wasserstein(log_eigs,log_real_eigs): 0.788
torch.Size([64, 2500])
Epoch [59/1000], Wasserstein(eigs,real_eigs): 76.055, Wasserstein(log_eigs,log_real_eigs): 0.714
torch.Size([64, 2500])
Epoch [60/1000], Wasserstein(eigs,real_eigs): 75.502, Wasserstein(log_eigs,log_real_eigs): 0.802
torch.Size([64, 2500])
Epoch [61/1000], Wasserstein(eigs,real_eigs): 78.412, Wasserstein(log_eigs,log_real_eigs): 0.800
torch.Size([64, 2500])
Epoch [62/1000], Wasserstein(eigs,real_eigs): 79.201, Wasserstein(log_eigs,log_real_eigs): 0.882
torch.Size([64, 2500])
Epoch [63/1000], Wasserstein(eigs,real_eigs): 83.240, Wasserstein(log_eigs,log_real_eigs): 0.816
torch.Size([64, 2500])
Epoch [64/1000], Wasserstein(eigs,real_eigs): 79.685, Wasserstein(log_eigs,log_real_eigs): 0.848
torch.Size([64, 2500])
Epoch [65/1000], Wasserstein(eigs,real_eigs): 54.751, Wasserstein(log_eigs,log_real_eigs): 0.819
torch.Size([64, 2500])
Epoch [66/1000], Wasserstein(eigs,real_eigs): 19.314, Wasserstein(log_eigs,log_real_eigs): 0.671
torch.Size([64, 2500])
Epoch [67/1000], Wasserstein(eigs,real_eigs): 19.806, Wasserstein(log_eigs,log_real_eigs): 0.651
torch.Size([64, 2500])
Epoch [68/1000], Wasserstein(eigs,real_eigs): 24.435, Wasserstein(log_eigs,log_real_eigs): 0.649
torch.Size([64, 2500])
Epoch [69/1000], Wasserstein(eigs,real_eigs): 25.249, Wasserstein(log_eigs,log_real_eigs): 0.634
torch.Size([64, 2500])
Epoch [70/1000], Wasserstein(eigs,real_eigs): 33.561, Wasserstein(log_eigs,log_real_eigs): 0.681
torch.Size([64, 2500])
Epoch [71/1000], Wasserstein(eigs,real_eigs): 52.122, Wasserstein(log_eigs,log_real_eigs): 0.724
torch.Size([64, 2500])
Epoch [72/1000], Wasserstein(eigs,real_eigs): 57.898, Wasserstein(log_eigs,log_real_eigs): 0.844
torch.Size([64, 2500])
Epoch [73/1000], Wasserstein(eigs,real_eigs): 58.691, Wasserstein(log_eigs,log_real_eigs): 0.720
torch.Size([64, 2500])
Epoch [74/1000], Wasserstein(eigs,real_eigs): 65.290, Wasserstein(log_eigs,log_real_eigs): 0.783
torch.Size([64, 2500])
Epoch [75/1000], Wasserstein(eigs,real_eigs): 76.128, Wasserstein(log_eigs,log_real_eigs): 0.861
torch.Size([64, 2500])
Epoch [76/1000], Wasserstein(eigs,real_eigs): 81.507, Wasserstein(log_eigs,log_real_eigs): 0.912
torch.Size([64, 2500])
Epoch [77/1000], Wasserstein(eigs,real_eigs): 94.925, Wasserstein(log_eigs,log_real_eigs): 0.829
torch.Size([64, 2500])
Epoch [78/1000], Wasserstein(eigs,real_eigs): 97.122, Wasserstein(log_eigs,log_real_eigs): 0.975
torch.Size([64, 2500])
Epoch [79/1000], Wasserstein(eigs,real_eigs): 101.655, Wasserstein(log_eigs,log_real_eigs): 0.995
torch.Size([64, 2500])
Epoch [80/1000], Wasserstein(eigs,real_eigs): 112.672, Wasserstein(log_eigs,log_real_eigs): 0.939
torch.Size([64, 2500])
Epoch [81/1000], Wasserstein(eigs,real_eigs): 122.936, Wasserstein(log_eigs,log_real_eigs): 1.149
torch.Size([64, 2500])
Epoch [82/1000], Wasserstein(eigs,real_eigs): 128.056, Wasserstein(log_eigs,log_real_eigs): 1.043
torch.Size([64, 2500])
Epoch [83/1000], Wasserstein(eigs,real_eigs): 120.255, Wasserstein(log_eigs,log_real_eigs): 1.072
torch.Size([64, 2500])
Epoch [84/1000], Wasserstein(eigs,real_eigs): 98.666, Wasserstein(log_eigs,log_real_eigs): 0.949
torch.Size([64, 2500])
Epoch [85/1000], Wasserstein(eigs,real_eigs): 78.909, Wasserstein(log_eigs,log_real_eigs): 1.030
torch.Size([64, 2500])
Epoch [86/1000], Wasserstein(eigs,real_eigs): 68.392, Wasserstein(log_eigs,log_real_eigs): 0.927
torch.Size([64, 2500])
Epoch [87/1000], Wasserstein(eigs,real_eigs): 63.770, Wasserstein(log_eigs,log_real_eigs): 0.805
torch.Size([64, 2500])
Epoch [88/1000], Wasserstein(eigs,real_eigs): 65.212, Wasserstein(log_eigs,log_real_eigs): 0.930
torch.Size([64, 2500])
Epoch [89/1000], Wasserstein(eigs,real_eigs): 72.559, Wasserstein(log_eigs,log_real_eigs): 0.805
torch.Size([64, 2500])
Epoch [90/1000], Wasserstein(eigs,real_eigs): 89.170, Wasserstein(log_eigs,log_real_eigs): 0.896
torch.Size([64, 2500])
Epoch [91/1000], Wasserstein(eigs,real_eigs): 86.381, Wasserstein(log_eigs,log_real_eigs): 0.932
torch.Size([64, 2500])
Epoch [92/1000], Wasserstein(eigs,real_eigs): 88.258, Wasserstein(log_eigs,log_real_eigs): 0.940
torch.Size([64, 2500])
Epoch [93/1000], Wasserstein(eigs,real_eigs): 89.918, Wasserstein(log_eigs,log_real_eigs): 1.025
torch.Size([64, 2500])
Epoch [94/1000], Wasserstein(eigs,real_eigs): 86.885, Wasserstein(log_eigs,log_real_eigs): 0.965
torch.Size([64, 2500])
Epoch [95/1000], Wasserstein(eigs,real_eigs): 59.230, Wasserstein(log_eigs,log_real_eigs): 0.905
torch.Size([64, 2500])
Epoch [96/1000], Wasserstein(eigs,real_eigs): 42.130, Wasserstein(log_eigs,log_real_eigs): 0.865
torch.Size([64, 2500])
Epoch [97/1000], Wasserstein(eigs,real_eigs): 49.342, Wasserstein(log_eigs,log_real_eigs): 0.793
torch.Size([64, 2500])
Epoch [98/1000], Wasserstein(eigs,real_eigs): 60.893, Wasserstein(log_eigs,log_real_eigs): 0.835
torch.Size([64, 2500])
Epoch [99/1000], Wasserstein(eigs,real_eigs): 80.068, Wasserstein(log_eigs,log_real_eigs): 0.976
torch.Size([64, 2500])
Epoch [100/1000], Wasserstein(eigs,real_eigs): 95.989, Wasserstein(log_eigs,log_real_eigs): 1.029
torch.Size([64, 2500])
Epoch [101/1000], Wasserstein(eigs,real_eigs): 99.374, Wasserstein(log_eigs,log_real_eigs): 1.019
torch.Size([64, 2500])
Epoch [102/1000], Wasserstein(eigs,real_eigs): 110.504, Wasserstein(log_eigs,log_real_eigs): 1.211
torch.Size([64, 2500])
Epoch [103/1000], Wasserstein(eigs,real_eigs): 113.010, Wasserstein(log_eigs,log_real_eigs): 1.163
torch.Size([64, 2500])
Epoch [104/1000], Wasserstein(eigs,real_eigs): 120.114, Wasserstein(log_eigs,log_real_eigs): 1.047
torch.Size([64, 2500])
Epoch [105/1000], Wasserstein(eigs,real_eigs): 98.025, Wasserstein(log_eigs,log_real_eigs): 1.139
torch.Size([64, 2500])
Epoch [106/1000], Wasserstein(eigs,real_eigs): 79.287, Wasserstein(log_eigs,log_real_eigs): 1.073
torch.Size([64, 2500])
Epoch [107/1000], Wasserstein(eigs,real_eigs): 73.145, Wasserstein(log_eigs,log_real_eigs): 0.925
torch.Size([64, 2500])
Epoch [108/1000], Wasserstein(eigs,real_eigs): 66.109, Wasserstein(log_eigs,log_real_eigs): 0.906
torch.Size([64, 2500])
Epoch [109/1000], Wasserstein(eigs,real_eigs): 76.085, Wasserstein(log_eigs,log_real_eigs): 0.935
torch.Size([64, 2500])
Epoch [110/1000], Wasserstein(eigs,real_eigs): 68.614, Wasserstein(log_eigs,log_real_eigs): 1.027
torch.Size([64, 2500])
Epoch [111/1000], Wasserstein(eigs,real_eigs): 69.859, Wasserstein(log_eigs,log_real_eigs): 0.890
torch.Size([64, 2500])
Epoch [112/1000], Wasserstein(eigs,real_eigs): 68.939, Wasserstein(log_eigs,log_real_eigs): 0.981
torch.Size([64, 2500])
Epoch [113/1000], Wasserstein(eigs,real_eigs): 72.880, Wasserstein(log_eigs,log_real_eigs): 0.956
torch.Size([64, 2500])
Epoch [114/1000], Wasserstein(eigs,real_eigs): 79.396, Wasserstein(log_eigs,log_real_eigs): 1.017
torch.Size([64, 2500])
Epoch [115/1000], Wasserstein(eigs,real_eigs): 92.963, Wasserstein(log_eigs,log_real_eigs): 0.994
torch.Size([64, 2500])
Epoch [116/1000], Wasserstein(eigs,real_eigs): 108.706, Wasserstein(log_eigs,log_real_eigs): 1.124
torch.Size([64, 2500])
Epoch [117/1000], Wasserstein(eigs,real_eigs): 126.097, Wasserstein(log_eigs,log_real_eigs): 1.142
torch.Size([64, 2500])
Epoch [118/1000], Wasserstein(eigs,real_eigs): 117.340, Wasserstein(log_eigs,log_real_eigs): 1.255
torch.Size([64, 2500])
Epoch [119/1000], Wasserstein(eigs,real_eigs): 80.704, Wasserstein(log_eigs,log_real_eigs): 1.124
torch.Size([64, 2500])
Epoch [120/1000], Wasserstein(eigs,real_eigs): 73.983, Wasserstein(log_eigs,log_real_eigs): 1.043
torch.Size([64, 2500])
Epoch [121/1000], Wasserstein(eigs,real_eigs): 84.421, Wasserstein(log_eigs,log_real_eigs): 1.091
torch.Size([64, 2500])
Epoch [122/1000], Wasserstein(eigs,real_eigs): 80.704, Wasserstein(log_eigs,log_real_eigs): 1.054
torch.Size([64, 2500])
Epoch [123/1000], Wasserstein(eigs,real_eigs): 77.309, Wasserstein(log_eigs,log_real_eigs): 1.035
torch.Size([64, 2500])
Epoch [124/1000], Wasserstein(eigs,real_eigs): 65.333, Wasserstein(log_eigs,log_real_eigs): 0.965
torch.Size([64, 2500])
Epoch [125/1000], Wasserstein(eigs,real_eigs): 80.812, Wasserstein(log_eigs,log_real_eigs): 1.051
torch.Size([64, 2500])
Epoch [126/1000], Wasserstein(eigs,real_eigs): 103.591, Wasserstein(log_eigs,log_real_eigs): 1.157
torch.Size([64, 2500])
Epoch [127/1000], Wasserstein(eigs,real_eigs): 84.481, Wasserstein(log_eigs,log_real_eigs): 1.115
torch.Size([64, 2500])
Epoch [128/1000], Wasserstein(eigs,real_eigs): 63.025, Wasserstein(log_eigs,log_real_eigs): 1.099
torch.Size([64, 2500])
Epoch [129/1000], Wasserstein(eigs,real_eigs): 41.849, Wasserstein(log_eigs,log_real_eigs): 0.940
torch.Size([64, 2500])
Epoch [130/1000], Wasserstein(eigs,real_eigs): 32.550, Wasserstein(log_eigs,log_real_eigs): 0.811
torch.Size([64, 2500])
Epoch [131/1000], Wasserstein(eigs,real_eigs): 43.447, Wasserstein(log_eigs,log_real_eigs): 0.776
torch.Size([64, 2500])
Epoch [132/1000], Wasserstein(eigs,real_eigs): 74.796, Wasserstein(log_eigs,log_real_eigs): 1.014
torch.Size([64, 2500])
Epoch [133/1000], Wasserstein(eigs,real_eigs): 94.348, Wasserstein(log_eigs,log_real_eigs): 1.191
torch.Size([64, 2500])
Epoch [134/1000], Wasserstein(eigs,real_eigs): 95.247, Wasserstein(log_eigs,log_real_eigs): 1.141
torch.Size([64, 2500])
Epoch [135/1000], Wasserstein(eigs,real_eigs): 92.417, Wasserstein(log_eigs,log_real_eigs): 1.056
torch.Size([64, 2500])
Epoch [136/1000], Wasserstein(eigs,real_eigs): 85.493, Wasserstein(log_eigs,log_real_eigs): 1.101
torch.Size([64, 2500])
Epoch [137/1000], Wasserstein(eigs,real_eigs): 78.265, Wasserstein(log_eigs,log_real_eigs): 1.150
torch.Size([64, 2500])
Epoch [138/1000], Wasserstein(eigs,real_eigs): 79.220, Wasserstein(log_eigs,log_real_eigs): 1.066
torch.Size([64, 2500])
Epoch [139/1000], Wasserstein(eigs,real_eigs): 88.754, Wasserstein(log_eigs,log_real_eigs): 1.135
torch.Size([64, 2500])
Epoch [140/1000], Wasserstein(eigs,real_eigs): 95.738, Wasserstein(log_eigs,log_real_eigs): 1.257
torch.Size([64, 2500])
Epoch [141/1000], Wasserstein(eigs,real_eigs): 86.965, Wasserstein(log_eigs,log_real_eigs): 1.205
torch.Size([64, 2500])
Epoch [142/1000], Wasserstein(eigs,real_eigs): 87.028, Wasserstein(log_eigs,log_real_eigs): 1.203
torch.Size([64, 2500])
Epoch [143/1000], Wasserstein(eigs,real_eigs): 89.745, Wasserstein(log_eigs,log_real_eigs): 1.170
torch.Size([64, 2500])
Epoch [144/1000], Wasserstein(eigs,real_eigs): 91.911, Wasserstein(log_eigs,log_real_eigs): 1.100
torch.Size([64, 2500])
Epoch [145/1000], Wasserstein(eigs,real_eigs): 94.312, Wasserstein(log_eigs,log_real_eigs): 1.199
torch.Size([64, 2500])
Epoch [146/1000], Wasserstein(eigs,real_eigs): 87.397, Wasserstein(log_eigs,log_real_eigs): 1.174
torch.Size([64, 2500])
Epoch [147/1000], Wasserstein(eigs,real_eigs): 81.039, Wasserstein(log_eigs,log_real_eigs): 1.175
torch.Size([64, 2500])
Epoch [148/1000], Wasserstein(eigs,real_eigs): 93.472, Wasserstein(log_eigs,log_real_eigs): 1.174
torch.Size([64, 2500])
Epoch [149/1000], Wasserstein(eigs,real_eigs): 78.279, Wasserstein(log_eigs,log_real_eigs): 1.121
torch.Size([64, 2500])
Epoch [150/1000], Wasserstein(eigs,real_eigs): 68.644, Wasserstein(log_eigs,log_real_eigs): 1.136
torch.Size([64, 2500])
Epoch [151/1000], Wasserstein(eigs,real_eigs): 83.551, Wasserstein(log_eigs,log_real_eigs): 1.198
torch.Size([64, 2500])
Epoch [152/1000], Wasserstein(eigs,real_eigs): 88.007, Wasserstein(log_eigs,log_real_eigs): 1.250
torch.Size([64, 2500])
Epoch [153/1000], Wasserstein(eigs,real_eigs): 89.691, Wasserstein(log_eigs,log_real_eigs): 1.206
torch.Size([64, 2500])
Epoch [154/1000], Wasserstein(eigs,real_eigs): 83.433, Wasserstein(log_eigs,log_real_eigs): 1.144
torch.Size([64, 2500])
Epoch [155/1000], Wasserstein(eigs,real_eigs): 85.540, Wasserstein(log_eigs,log_real_eigs): 1.155
torch.Size([64, 2500])
Epoch [156/1000], Wasserstein(eigs,real_eigs): 88.038, Wasserstein(log_eigs,log_real_eigs): 1.199
torch.Size([64, 2500])
Epoch [157/1000], Wasserstein(eigs,real_eigs): 90.309, Wasserstein(log_eigs,log_real_eigs): 1.172
torch.Size([64, 2500])
Epoch [158/1000], Wasserstein(eigs,real_eigs): 94.429, Wasserstein(log_eigs,log_real_eigs): 1.195
torch.Size([64, 2500])
Epoch [159/1000], Wasserstein(eigs,real_eigs): 88.609, Wasserstein(log_eigs,log_real_eigs): 1.170
torch.Size([64, 2500])
Epoch [160/1000], Wasserstein(eigs,real_eigs): 103.191, Wasserstein(log_eigs,log_real_eigs): 1.237
torch.Size([64, 2500])
Epoch [161/1000], Wasserstein(eigs,real_eigs): 86.996, Wasserstein(log_eigs,log_real_eigs): 1.208
torch.Size([64, 2500])
Epoch [162/1000], Wasserstein(eigs,real_eigs): 80.036, Wasserstein(log_eigs,log_real_eigs): 1.183
torch.Size([64, 2500])
Epoch [163/1000], Wasserstein(eigs,real_eigs): 82.952, Wasserstein(log_eigs,log_real_eigs): 1.190
torch.Size([64, 2500])
Epoch [164/1000], Wasserstein(eigs,real_eigs): 79.144, Wasserstein(log_eigs,log_real_eigs): 1.177
torch.Size([64, 2500])
Epoch [165/1000], Wasserstein(eigs,real_eigs): 90.221, Wasserstein(log_eigs,log_real_eigs): 1.204
torch.Size([64, 2500])
Epoch [166/1000], Wasserstein(eigs,real_eigs): 91.372, Wasserstein(log_eigs,log_real_eigs): 1.236
torch.Size([64, 2500])
Epoch [167/1000], Wasserstein(eigs,real_eigs): 94.431, Wasserstein(log_eigs,log_real_eigs): 1.253
torch.Size([64, 2500])
Epoch [168/1000], Wasserstein(eigs,real_eigs): 84.196, Wasserstein(log_eigs,log_real_eigs): 1.224
torch.Size([64, 2500])
Epoch [169/1000], Wasserstein(eigs,real_eigs): 74.357, Wasserstein(log_eigs,log_real_eigs): 1.196
torch.Size([64, 2500])
Epoch [170/1000], Wasserstein(eigs,real_eigs): 80.310, Wasserstein(log_eigs,log_real_eigs): 1.191
torch.Size([64, 2500])
Epoch [171/1000], Wasserstein(eigs,real_eigs): 84.721, Wasserstein(log_eigs,log_real_eigs): 1.272
torch.Size([64, 2500])
Epoch [172/1000], Wasserstein(eigs,real_eigs): 78.144, Wasserstein(log_eigs,log_real_eigs): 1.259
torch.Size([64, 2500])
Epoch [173/1000], Wasserstein(eigs,real_eigs): 101.970, Wasserstein(log_eigs,log_real_eigs): 1.345
torch.Size([64, 2500])
Epoch [174/1000], Wasserstein(eigs,real_eigs): 97.346, Wasserstein(log_eigs,log_real_eigs): 1.304
torch.Size([64, 2500])
Epoch [175/1000], Wasserstein(eigs,real_eigs): 98.414, Wasserstein(log_eigs,log_real_eigs): 1.332
torch.Size([64, 2500])
Epoch [176/1000], Wasserstein(eigs,real_eigs): 91.104, Wasserstein(log_eigs,log_real_eigs): 1.258
torch.Size([64, 2500])
Epoch [177/1000], Wasserstein(eigs,real_eigs): 106.500, Wasserstein(log_eigs,log_real_eigs): 1.384
torch.Size([64, 2500])
Epoch [178/1000], Wasserstein(eigs,real_eigs): 98.070, Wasserstein(log_eigs,log_real_eigs): 1.304
torch.Size([64, 2500])
Epoch [179/1000], Wasserstein(eigs,real_eigs): 96.202, Wasserstein(log_eigs,log_real_eigs): 1.277
torch.Size([64, 2500])
Epoch [180/1000], Wasserstein(eigs,real_eigs): 58.276, Wasserstein(log_eigs,log_real_eigs): 1.099
torch.Size([64, 2500])
Epoch [181/1000], Wasserstein(eigs,real_eigs): 32.542, Wasserstein(log_eigs,log_real_eigs): 0.882
torch.Size([64, 2500])
Epoch [182/1000], Wasserstein(eigs,real_eigs): 48.771, Wasserstein(log_eigs,log_real_eigs): 1.084
torch.Size([64, 2500])
Epoch [183/1000], Wasserstein(eigs,real_eigs): 64.255, Wasserstein(log_eigs,log_real_eigs): 1.152
torch.Size([64, 2500])
Epoch [184/1000], Wasserstein(eigs,real_eigs): 62.035, Wasserstein(log_eigs,log_real_eigs): 1.102
torch.Size([64, 2500])
Epoch [185/1000], Wasserstein(eigs,real_eigs): 74.703, Wasserstein(log_eigs,log_real_eigs): 1.229
torch.Size([64, 2500])
Epoch [186/1000], Wasserstein(eigs,real_eigs): 81.137, Wasserstein(log_eigs,log_real_eigs): 1.289
torch.Size([64, 2500])
Epoch [187/1000], Wasserstein(eigs,real_eigs): 89.588, Wasserstein(log_eigs,log_real_eigs): 1.353
torch.Size([64, 2500])
Epoch [188/1000], Wasserstein(eigs,real_eigs): 108.621, Wasserstein(log_eigs,log_real_eigs): 1.352
torch.Size([64, 2500])
Epoch [189/1000], Wasserstein(eigs,real_eigs): 119.078, Wasserstein(log_eigs,log_real_eigs): 1.400
torch.Size([64, 2500])
Epoch [190/1000], Wasserstein(eigs,real_eigs): 116.002, Wasserstein(log_eigs,log_real_eigs): 1.442
torch.Size([64, 2500])
Epoch [191/1000], Wasserstein(eigs,real_eigs): 119.428, Wasserstein(log_eigs,log_real_eigs): 1.479
torch.Size([64, 2500])
Epoch [192/1000], Wasserstein(eigs,real_eigs): 102.492, Wasserstein(log_eigs,log_real_eigs): 1.372
torch.Size([64, 2500])
Epoch [193/1000], Wasserstein(eigs,real_eigs): 107.056, Wasserstein(log_eigs,log_real_eigs): 1.373
torch.Size([64, 2500])
Epoch [194/1000], Wasserstein(eigs,real_eigs): 122.165, Wasserstein(log_eigs,log_real_eigs): 1.476
torch.Size([64, 2500])
Epoch [195/1000], Wasserstein(eigs,real_eigs): 109.912, Wasserstein(log_eigs,log_real_eigs): 1.434
torch.Size([64, 2500])
Epoch [196/1000], Wasserstein(eigs,real_eigs): 133.586, Wasserstein(log_eigs,log_real_eigs): 1.459
torch.Size([64, 2500])
Epoch [197/1000], Wasserstein(eigs,real_eigs): 163.694, Wasserstein(log_eigs,log_real_eigs): 1.486
torch.Size([64, 2500])
Epoch [198/1000], Wasserstein(eigs,real_eigs): 144.288, Wasserstein(log_eigs,log_real_eigs): 1.496
torch.Size([64, 2500])
Epoch [199/1000], Wasserstein(eigs,real_eigs): 136.649, Wasserstein(log_eigs,log_real_eigs): 1.453
torch.Size([64, 2500])
Epoch [200/1000], Wasserstein(eigs,real_eigs): 139.302, Wasserstein(log_eigs,log_real_eigs): 1.510
torch.Size([64, 2500])
Epoch [201/1000], Wasserstein(eigs,real_eigs): 136.542, Wasserstein(log_eigs,log_real_eigs): 1.480
torch.Size([64, 2500])
Epoch [202/1000], Wasserstein(eigs,real_eigs): 140.561, Wasserstein(log_eigs,log_real_eigs): 1.552
torch.Size([64, 2500])
Epoch [203/1000], Wasserstein(eigs,real_eigs): 147.567, Wasserstein(log_eigs,log_real_eigs): 1.546
torch.Size([64, 2500])
Epoch [204/1000], Wasserstein(eigs,real_eigs): 125.400, Wasserstein(log_eigs,log_real_eigs): 1.485
torch.Size([64, 2500])
Epoch [205/1000], Wasserstein(eigs,real_eigs): 133.431, Wasserstein(log_eigs,log_real_eigs): 1.469
torch.Size([64, 2500])
Epoch [206/1000], Wasserstein(eigs,real_eigs): 137.080, Wasserstein(log_eigs,log_real_eigs): 1.531
torch.Size([64, 2500])
Epoch [207/1000], Wasserstein(eigs,real_eigs): 144.253, Wasserstein(log_eigs,log_real_eigs): 1.543
torch.Size([64, 2500])
Epoch [208/1000], Wasserstein(eigs,real_eigs): 155.497, Wasserstein(log_eigs,log_real_eigs): 1.628
torch.Size([64, 2500])
Epoch [209/1000], Wasserstein(eigs,real_eigs): 141.463, Wasserstein(log_eigs,log_real_eigs): 1.549
torch.Size([64, 2500])
Epoch [210/1000], Wasserstein(eigs,real_eigs): 147.981, Wasserstein(log_eigs,log_real_eigs): 1.550
torch.Size([64, 2500])
Epoch [211/1000], Wasserstein(eigs,real_eigs): 126.002, Wasserstein(log_eigs,log_real_eigs): 1.454
torch.Size([64, 2500])
Epoch [212/1000], Wasserstein(eigs,real_eigs): 121.700, Wasserstein(log_eigs,log_real_eigs): 1.505
torch.Size([64, 2500])
Epoch [213/1000], Wasserstein(eigs,real_eigs): 141.523, Wasserstein(log_eigs,log_real_eigs): 1.494
torch.Size([64, 2500])
Epoch [214/1000], Wasserstein(eigs,real_eigs): 141.843, Wasserstein(log_eigs,log_real_eigs): 1.582
torch.Size([64, 2500])
Epoch [215/1000], Wasserstein(eigs,real_eigs): 152.838, Wasserstein(log_eigs,log_real_eigs): 1.592
torch.Size([64, 2500])
Epoch [216/1000], Wasserstein(eigs,real_eigs): 114.012, Wasserstein(log_eigs,log_real_eigs): 1.508
torch.Size([64, 2500])
Epoch [217/1000], Wasserstein(eigs,real_eigs): 125.404, Wasserstein(log_eigs,log_real_eigs): 1.467
torch.Size([64, 2500])
Epoch [218/1000], Wasserstein(eigs,real_eigs): 129.600, Wasserstein(log_eigs,log_real_eigs): 1.492
torch.Size([64, 2500])
Epoch [219/1000], Wasserstein(eigs,real_eigs): 130.628, Wasserstein(log_eigs,log_real_eigs): 1.496
torch.Size([64, 2500])
Epoch [220/1000], Wasserstein(eigs,real_eigs): 118.601, Wasserstein(log_eigs,log_real_eigs): 1.485
torch.Size([64, 2500])
Epoch [221/1000], Wasserstein(eigs,real_eigs): 135.427, Wasserstein(log_eigs,log_real_eigs): 1.521
torch.Size([64, 2500])
Epoch [222/1000], Wasserstein(eigs,real_eigs): 140.377, Wasserstein(log_eigs,log_real_eigs): 1.550
torch.Size([64, 2500])
Epoch [223/1000], Wasserstein(eigs,real_eigs): 121.185, Wasserstein(log_eigs,log_real_eigs): 1.536
torch.Size([64, 2500])
Epoch [224/1000], Wasserstein(eigs,real_eigs): 119.140, Wasserstein(log_eigs,log_real_eigs): 1.452
torch.Size([64, 2500])
Epoch [225/1000], Wasserstein(eigs,real_eigs): 120.896, Wasserstein(log_eigs,log_real_eigs): 1.556
torch.Size([64, 2500])
Epoch [226/1000], Wasserstein(eigs,real_eigs): 93.982, Wasserstein(log_eigs,log_real_eigs): 1.365
torch.Size([64, 2500])
Epoch [227/1000], Wasserstein(eigs,real_eigs): 92.611, Wasserstein(log_eigs,log_real_eigs): 1.376
torch.Size([64, 2500])
Epoch [228/1000], Wasserstein(eigs,real_eigs): 105.272, Wasserstein(log_eigs,log_real_eigs): 1.379
torch.Size([64, 2500])
Epoch [229/1000], Wasserstein(eigs,real_eigs): 105.858, Wasserstein(log_eigs,log_real_eigs): 1.408
torch.Size([64, 2500])
Epoch [230/1000], Wasserstein(eigs,real_eigs): 126.425, Wasserstein(log_eigs,log_real_eigs): 1.425
torch.Size([64, 2500])
Epoch [231/1000], Wasserstein(eigs,real_eigs): 138.044, Wasserstein(log_eigs,log_real_eigs): 1.514
torch.Size([64, 2500])
Epoch [232/1000], Wasserstein(eigs,real_eigs): 128.118, Wasserstein(log_eigs,log_real_eigs): 1.543
torch.Size([64, 2500])
Epoch [233/1000], Wasserstein(eigs,real_eigs): 132.830, Wasserstein(log_eigs,log_real_eigs): 1.525
torch.Size([64, 2500])
Epoch [234/1000], Wasserstein(eigs,real_eigs): 127.651, Wasserstein(log_eigs,log_real_eigs): 1.478
torch.Size([64, 2500])
Epoch [235/1000], Wasserstein(eigs,real_eigs): 114.344, Wasserstein(log_eigs,log_real_eigs): 1.462
torch.Size([64, 2500])
Epoch [236/1000], Wasserstein(eigs,real_eigs): 118.034, Wasserstein(log_eigs,log_real_eigs): 1.478
torch.Size([64, 2500])
Epoch [237/1000], Wasserstein(eigs,real_eigs): 129.306, Wasserstein(log_eigs,log_real_eigs): 1.543
torch.Size([64, 2500])
Epoch [238/1000], Wasserstein(eigs,real_eigs): 112.192, Wasserstein(log_eigs,log_real_eigs): 1.400
torch.Size([64, 2500])
Epoch [239/1000], Wasserstein(eigs,real_eigs): 112.674, Wasserstein(log_eigs,log_real_eigs): 1.457
torch.Size([64, 2500])
Epoch [240/1000], Wasserstein(eigs,real_eigs): 116.747, Wasserstein(log_eigs,log_real_eigs): 1.475
torch.Size([64, 2500])
Epoch [241/1000], Wasserstein(eigs,real_eigs): 134.542, Wasserstein(log_eigs,log_real_eigs): 1.540
torch.Size([64, 2500])
Epoch [242/1000], Wasserstein(eigs,real_eigs): 119.794, Wasserstein(log_eigs,log_real_eigs): 1.495
torch.Size([64, 2500])
Epoch [243/1000], Wasserstein(eigs,real_eigs): 105.200, Wasserstein(log_eigs,log_real_eigs): 1.417
torch.Size([64, 2500])
Epoch [244/1000], Wasserstein(eigs,real_eigs): 115.010, Wasserstein(log_eigs,log_real_eigs): 1.443
torch.Size([64, 2500])
Epoch [245/1000], Wasserstein(eigs,real_eigs): 136.884, Wasserstein(log_eigs,log_real_eigs): 1.525
torch.Size([64, 2500])
Epoch [246/1000], Wasserstein(eigs,real_eigs): 134.424, Wasserstein(log_eigs,log_real_eigs): 1.560
torch.Size([64, 2500])
Epoch [247/1000], Wasserstein(eigs,real_eigs): 151.709, Wasserstein(log_eigs,log_real_eigs): 1.599
torch.Size([64, 2500])
Epoch [248/1000], Wasserstein(eigs,real_eigs): 115.837, Wasserstein(log_eigs,log_real_eigs): 1.499
torch.Size([64, 2500])
Epoch [249/1000], Wasserstein(eigs,real_eigs): 135.980, Wasserstein(log_eigs,log_real_eigs): 1.515
torch.Size([64, 2500])
Epoch [250/1000], Wasserstein(eigs,real_eigs): 208.433, Wasserstein(log_eigs,log_real_eigs): 1.758
torch.Size([64, 2500])
Epoch [251/1000], Wasserstein(eigs,real_eigs): 182.883, Wasserstein(log_eigs,log_real_eigs): 1.742
torch.Size([64, 2500])
Epoch [252/1000], Wasserstein(eigs,real_eigs): 158.344, Wasserstein(log_eigs,log_real_eigs): 1.628
torch.Size([64, 2500])
Epoch [253/1000], Wasserstein(eigs,real_eigs): 158.870, Wasserstein(log_eigs,log_real_eigs): 1.641
torch.Size([64, 2500])
Epoch [254/1000], Wasserstein(eigs,real_eigs): 185.699, Wasserstein(log_eigs,log_real_eigs): 1.676
torch.Size([64, 2500])
Epoch [255/1000], Wasserstein(eigs,real_eigs): 230.747, Wasserstein(log_eigs,log_real_eigs): 1.811
torch.Size([64, 2500])
Epoch [256/1000], Wasserstein(eigs,real_eigs): 180.484, Wasserstein(log_eigs,log_real_eigs): 1.726
torch.Size([64, 2500])
Epoch [257/1000], Wasserstein(eigs,real_eigs): 185.173, Wasserstein(log_eigs,log_real_eigs): 1.673
torch.Size([64, 2500])
Epoch [258/1000], Wasserstein(eigs,real_eigs): 171.937, Wasserstein(log_eigs,log_real_eigs): 1.695
torch.Size([64, 2500])
Epoch [259/1000], Wasserstein(eigs,real_eigs): 171.739, Wasserstein(log_eigs,log_real_eigs): 1.735
torch.Size([64, 2500])
Epoch [260/1000], Wasserstein(eigs,real_eigs): 129.212, Wasserstein(log_eigs,log_real_eigs): 1.537
torch.Size([64, 2500])
Epoch [261/1000], Wasserstein(eigs,real_eigs): 108.781, Wasserstein(log_eigs,log_real_eigs): 1.428
torch.Size([64, 2500])
Epoch [262/1000], Wasserstein(eigs,real_eigs): 136.553, Wasserstein(log_eigs,log_real_eigs): 1.596
torch.Size([64, 2500])
Epoch [263/1000], Wasserstein(eigs,real_eigs): 104.054, Wasserstein(log_eigs,log_real_eigs): 1.485
torch.Size([64, 2500])
Epoch [264/1000], Wasserstein(eigs,real_eigs): 63.461, Wasserstein(log_eigs,log_real_eigs): 1.267
torch.Size([64, 2500])
Epoch [265/1000], Wasserstein(eigs,real_eigs): 77.782, Wasserstein(log_eigs,log_real_eigs): 1.407
torch.Size([64, 2500])
Epoch [266/1000], Wasserstein(eigs,real_eigs): 90.702, Wasserstein(log_eigs,log_real_eigs): 1.400
torch.Size([64, 2500])
Epoch [267/1000], Wasserstein(eigs,real_eigs): 104.182, Wasserstein(log_eigs,log_real_eigs): 1.507
torch.Size([64, 2500])
Epoch [268/1000], Wasserstein(eigs,real_eigs): 122.454, Wasserstein(log_eigs,log_real_eigs): 1.552
torch.Size([64, 2500])
Epoch [269/1000], Wasserstein(eigs,real_eigs): 158.122, Wasserstein(log_eigs,log_real_eigs): 1.520
torch.Size([64, 2500])
Epoch [270/1000], Wasserstein(eigs,real_eigs): 209.905, Wasserstein(log_eigs,log_real_eigs): 1.682
torch.Size([64, 2500])
Epoch [271/1000], Wasserstein(eigs,real_eigs): 196.765, Wasserstein(log_eigs,log_real_eigs): 1.668
torch.Size([64, 2500])
Epoch [272/1000], Wasserstein(eigs,real_eigs): 174.268, Wasserstein(log_eigs,log_real_eigs): 1.666
torch.Size([64, 2500])
Epoch [273/1000], Wasserstein(eigs,real_eigs): 95.316, Wasserstein(log_eigs,log_real_eigs): 1.425
torch.Size([64, 2500])
Epoch [274/1000], Wasserstein(eigs,real_eigs): 77.236, Wasserstein(log_eigs,log_real_eigs): 1.320
torch.Size([64, 2500])
Epoch [275/1000], Wasserstein(eigs,real_eigs): 124.165, Wasserstein(log_eigs,log_real_eigs): 1.577
torch.Size([64, 2500])
Epoch [276/1000], Wasserstein(eigs,real_eigs): 108.361, Wasserstein(log_eigs,log_real_eigs): 1.570
torch.Size([64, 2500])
Epoch [277/1000], Wasserstein(eigs,real_eigs): 85.422, Wasserstein(log_eigs,log_real_eigs): 1.414
torch.Size([64, 2500])
Epoch [278/1000], Wasserstein(eigs,real_eigs): 78.823, Wasserstein(log_eigs,log_real_eigs): 1.317
torch.Size([64, 2500])
Epoch [279/1000], Wasserstein(eigs,real_eigs): 143.364, Wasserstein(log_eigs,log_real_eigs): 1.426
torch.Size([64, 2500])
Epoch [280/1000], Wasserstein(eigs,real_eigs): 127.664, Wasserstein(log_eigs,log_real_eigs): 1.408
torch.Size([64, 2500])
Epoch [281/1000], Wasserstein(eigs,real_eigs): 140.037, Wasserstein(log_eigs,log_real_eigs): 1.565
torch.Size([64, 2500])
Epoch [282/1000], Wasserstein(eigs,real_eigs): 141.649, Wasserstein(log_eigs,log_real_eigs): 1.537
torch.Size([64, 2500])
Epoch [283/1000], Wasserstein(eigs,real_eigs): 128.633, Wasserstein(log_eigs,log_real_eigs): 1.523
torch.Size([64, 2500])
Epoch [284/1000], Wasserstein(eigs,real_eigs): 129.638, Wasserstein(log_eigs,log_real_eigs): 1.521
torch.Size([64, 2500])
Epoch [285/1000], Wasserstein(eigs,real_eigs): 151.652, Wasserstein(log_eigs,log_real_eigs): 1.617
torch.Size([64, 2500])
Epoch [286/1000], Wasserstein(eigs,real_eigs): 160.085, Wasserstein(log_eigs,log_real_eigs): 1.666
torch.Size([64, 2500])
Epoch [287/1000], Wasserstein(eigs,real_eigs): 135.677, Wasserstein(log_eigs,log_real_eigs): 1.581
torch.Size([64, 2500])
Epoch [288/1000], Wasserstein(eigs,real_eigs): 127.186, Wasserstein(log_eigs,log_real_eigs): 1.581
torch.Size([64, 2500])
Epoch [289/1000], Wasserstein(eigs,real_eigs): 96.644, Wasserstein(log_eigs,log_real_eigs): 1.431
torch.Size([64, 2500])
Epoch [290/1000], Wasserstein(eigs,real_eigs): 120.740, Wasserstein(log_eigs,log_real_eigs): 1.558
torch.Size([64, 2500])
Epoch [291/1000], Wasserstein(eigs,real_eigs): 105.188, Wasserstein(log_eigs,log_real_eigs): 1.443
torch.Size([64, 2500])
Epoch [292/1000], Wasserstein(eigs,real_eigs): 98.269, Wasserstein(log_eigs,log_real_eigs): 1.429
torch.Size([64, 2500])
Epoch [293/1000], Wasserstein(eigs,real_eigs): 154.894, Wasserstein(log_eigs,log_real_eigs): 1.668
torch.Size([64, 2500])
Epoch [294/1000], Wasserstein(eigs,real_eigs): 116.651, Wasserstein(log_eigs,log_real_eigs): 1.516
torch.Size([64, 2500])
Epoch [295/1000], Wasserstein(eigs,real_eigs): 123.293, Wasserstein(log_eigs,log_real_eigs): 1.571
torch.Size([64, 2500])
Epoch [296/1000], Wasserstein(eigs,real_eigs): 116.215, Wasserstein(log_eigs,log_real_eigs): 1.533
torch.Size([64, 2500])
Epoch [297/1000], Wasserstein(eigs,real_eigs): 127.914, Wasserstein(log_eigs,log_real_eigs): 1.519
torch.Size([64, 2500])
Epoch [298/1000], Wasserstein(eigs,real_eigs): 132.589, Wasserstein(log_eigs,log_real_eigs): 1.618
torch.Size([64, 2500])
Epoch [299/1000], Wasserstein(eigs,real_eigs): 163.425, Wasserstein(log_eigs,log_real_eigs): 1.639
torch.Size([64, 2500])
Epoch [300/1000], Wasserstein(eigs,real_eigs): 110.038, Wasserstein(log_eigs,log_real_eigs): 1.429
torch.Size([64, 2500])
Epoch [301/1000], Wasserstein(eigs,real_eigs): 65.277, Wasserstein(log_eigs,log_real_eigs): 1.223
torch.Size([64, 2500])
Epoch [302/1000], Wasserstein(eigs,real_eigs): 92.362, Wasserstein(log_eigs,log_real_eigs): 1.383
torch.Size([64, 2500])
Epoch [303/1000], Wasserstein(eigs,real_eigs): 61.679, Wasserstein(log_eigs,log_real_eigs): 1.359
torch.Size([64, 2500])
Epoch [304/1000], Wasserstein(eigs,real_eigs): 43.510, Wasserstein(log_eigs,log_real_eigs): 1.107
torch.Size([64, 2500])
Epoch [305/1000], Wasserstein(eigs,real_eigs): 47.958, Wasserstein(log_eigs,log_real_eigs): 1.223
torch.Size([64, 2500])
Epoch [306/1000], Wasserstein(eigs,real_eigs): 61.033, Wasserstein(log_eigs,log_real_eigs): 1.328
torch.Size([64, 2500])
Epoch [307/1000], Wasserstein(eigs,real_eigs): 43.297, Wasserstein(log_eigs,log_real_eigs): 1.198
torch.Size([64, 2500])
Epoch [308/1000], Wasserstein(eigs,real_eigs): 49.082, Wasserstein(log_eigs,log_real_eigs): 1.215
torch.Size([64, 2500])
Epoch [309/1000], Wasserstein(eigs,real_eigs): 72.670, Wasserstein(log_eigs,log_real_eigs): 1.377
torch.Size([64, 2500])
Epoch [310/1000], Wasserstein(eigs,real_eigs): 58.014, Wasserstein(log_eigs,log_real_eigs): 1.291
torch.Size([64, 2500])
Epoch [311/1000], Wasserstein(eigs,real_eigs): 86.074, Wasserstein(log_eigs,log_real_eigs): 1.298
torch.Size([64, 2500])
Epoch [312/1000], Wasserstein(eigs,real_eigs): 108.474, Wasserstein(log_eigs,log_real_eigs): 1.420
torch.Size([64, 2500])
Epoch [313/1000], Wasserstein(eigs,real_eigs): 112.947, Wasserstein(log_eigs,log_real_eigs): 1.558
torch.Size([64, 2500])
Epoch [314/1000], Wasserstein(eigs,real_eigs): 73.179, Wasserstein(log_eigs,log_real_eigs): 1.298
torch.Size([64, 2500])
Epoch [315/1000], Wasserstein(eigs,real_eigs): 100.385, Wasserstein(log_eigs,log_real_eigs): 1.508
torch.Size([64, 2500])
Epoch [316/1000], Wasserstein(eigs,real_eigs): 114.119, Wasserstein(log_eigs,log_real_eigs): 1.528
torch.Size([64, 2500])
Epoch [317/1000], Wasserstein(eigs,real_eigs): 93.497, Wasserstein(log_eigs,log_real_eigs): 1.451
torch.Size([64, 2500])
Epoch [318/1000], Wasserstein(eigs,real_eigs): 133.071, Wasserstein(log_eigs,log_real_eigs): 1.512
torch.Size([64, 2500])
Epoch [319/1000], Wasserstein(eigs,real_eigs): 77.946, Wasserstein(log_eigs,log_real_eigs): 1.355
torch.Size([64, 2500])
Epoch [320/1000], Wasserstein(eigs,real_eigs): 96.651, Wasserstein(log_eigs,log_real_eigs): 1.414
torch.Size([64, 2500])
Epoch [321/1000], Wasserstein(eigs,real_eigs): 95.984, Wasserstein(log_eigs,log_real_eigs): 1.399
torch.Size([64, 2500])
Epoch [322/1000], Wasserstein(eigs,real_eigs): 93.718, Wasserstein(log_eigs,log_real_eigs): 1.376
torch.Size([64, 2500])
Epoch [323/1000], Wasserstein(eigs,real_eigs): 156.655, Wasserstein(log_eigs,log_real_eigs): 1.586
torch.Size([64, 2500])
Epoch [324/1000], Wasserstein(eigs,real_eigs): 177.275, Wasserstein(log_eigs,log_real_eigs): 1.685
torch.Size([64, 2500])
Epoch [325/1000], Wasserstein(eigs,real_eigs): 123.824, Wasserstein(log_eigs,log_real_eigs): 1.488
torch.Size([64, 2500])
Epoch [326/1000], Wasserstein(eigs,real_eigs): 128.789, Wasserstein(log_eigs,log_real_eigs): 1.551
torch.Size([64, 2500])
Epoch [327/1000], Wasserstein(eigs,real_eigs): 130.651, Wasserstein(log_eigs,log_real_eigs): 1.588
torch.Size([64, 2500])
Epoch [328/1000], Wasserstein(eigs,real_eigs): 153.247, Wasserstein(log_eigs,log_real_eigs): 1.623
torch.Size([64, 2500])
Epoch [329/1000], Wasserstein(eigs,real_eigs): 127.538, Wasserstein(log_eigs,log_real_eigs): 1.535
torch.Size([64, 2500])
Epoch [330/1000], Wasserstein(eigs,real_eigs): 155.299, Wasserstein(log_eigs,log_real_eigs): 1.686
torch.Size([64, 2500])
Epoch [331/1000], Wasserstein(eigs,real_eigs): 142.862, Wasserstein(log_eigs,log_real_eigs): 1.661
torch.Size([64, 2500])
Epoch [332/1000], Wasserstein(eigs,real_eigs): 153.291, Wasserstein(log_eigs,log_real_eigs): 1.686
torch.Size([64, 2500])
Epoch [333/1000], Wasserstein(eigs,real_eigs): 118.246, Wasserstein(log_eigs,log_real_eigs): 1.536
torch.Size([64, 2500])
Epoch [334/1000], Wasserstein(eigs,real_eigs): 128.412, Wasserstein(log_eigs,log_real_eigs): 1.591
torch.Size([64, 2500])
Epoch [335/1000], Wasserstein(eigs,real_eigs): 159.141, Wasserstein(log_eigs,log_real_eigs): 1.710
torch.Size([64, 2500])
Epoch [336/1000], Wasserstein(eigs,real_eigs): 154.986, Wasserstein(log_eigs,log_real_eigs): 1.650
torch.Size([64, 2500])
Epoch [337/1000], Wasserstein(eigs,real_eigs): 158.424, Wasserstein(log_eigs,log_real_eigs): 1.652
torch.Size([64, 2500])
Epoch [338/1000], Wasserstein(eigs,real_eigs): 90.901, Wasserstein(log_eigs,log_real_eigs): 1.422
torch.Size([64, 2500])
Epoch [339/1000], Wasserstein(eigs,real_eigs): 119.861, Wasserstein(log_eigs,log_real_eigs): 1.525
torch.Size([64, 2500])
Epoch [340/1000], Wasserstein(eigs,real_eigs): 96.866, Wasserstein(log_eigs,log_real_eigs): 1.490
torch.Size([64, 2500])
Epoch [341/1000], Wasserstein(eigs,real_eigs): 86.125, Wasserstein(log_eigs,log_real_eigs): 1.453
torch.Size([64, 2500])
Epoch [342/1000], Wasserstein(eigs,real_eigs): 89.547, Wasserstein(log_eigs,log_real_eigs): 1.446
torch.Size([64, 2500])
Epoch [343/1000], Wasserstein(eigs,real_eigs): 62.501, Wasserstein(log_eigs,log_real_eigs): 1.278
torch.Size([64, 2500])
Epoch [344/1000], Wasserstein(eigs,real_eigs): 89.834, Wasserstein(log_eigs,log_real_eigs): 1.419
torch.Size([64, 2500])
Epoch [345/1000], Wasserstein(eigs,real_eigs): 103.114, Wasserstein(log_eigs,log_real_eigs): 1.515
torch.Size([64, 2500])
Epoch [346/1000], Wasserstein(eigs,real_eigs): 121.029, Wasserstein(log_eigs,log_real_eigs): 1.574
torch.Size([64, 2500])
Epoch [347/1000], Wasserstein(eigs,real_eigs): 88.329, Wasserstein(log_eigs,log_real_eigs): 1.480
torch.Size([64, 2500])
Epoch [348/1000], Wasserstein(eigs,real_eigs): 96.436, Wasserstein(log_eigs,log_real_eigs): 1.308
torch.Size([64, 2500])
Epoch [349/1000], Wasserstein(eigs,real_eigs): 92.494, Wasserstein(log_eigs,log_real_eigs): 1.444
torch.Size([64, 2500])
Epoch [350/1000], Wasserstein(eigs,real_eigs): 73.438, Wasserstein(log_eigs,log_real_eigs): 1.381
torch.Size([64, 2500])
Epoch [351/1000], Wasserstein(eigs,real_eigs): 78.767, Wasserstein(log_eigs,log_real_eigs): 1.418
torch.Size([64, 2500])
Epoch [352/1000], Wasserstein(eigs,real_eigs): 98.134, Wasserstein(log_eigs,log_real_eigs): 1.581
torch.Size([64, 2500])
Epoch [353/1000], Wasserstein(eigs,real_eigs): 84.739, Wasserstein(log_eigs,log_real_eigs): 1.450
torch.Size([64, 2500])
Epoch [354/1000], Wasserstein(eigs,real_eigs): 90.653, Wasserstein(log_eigs,log_real_eigs): 1.502
torch.Size([64, 2500])
Epoch [355/1000], Wasserstein(eigs,real_eigs): 83.799, Wasserstein(log_eigs,log_real_eigs): 1.472
torch.Size([64, 2500])
Epoch [356/1000], Wasserstein(eigs,real_eigs): 74.527, Wasserstein(log_eigs,log_real_eigs): 1.352
torch.Size([64, 2500])
Epoch [357/1000], Wasserstein(eigs,real_eigs): 73.509, Wasserstein(log_eigs,log_real_eigs): 1.248
torch.Size([64, 2500])
Epoch [358/1000], Wasserstein(eigs,real_eigs): 81.040, Wasserstein(log_eigs,log_real_eigs): 1.341
torch.Size([64, 2500])
Epoch [359/1000], Wasserstein(eigs,real_eigs): 79.950, Wasserstein(log_eigs,log_real_eigs): 1.368
torch.Size([64, 2500])
Epoch [360/1000], Wasserstein(eigs,real_eigs): 88.447, Wasserstein(log_eigs,log_real_eigs): 1.310
torch.Size([64, 2500])
Epoch [361/1000], Wasserstein(eigs,real_eigs): 59.321, Wasserstein(log_eigs,log_real_eigs): 1.130
torch.Size([64, 2500])
Epoch [362/1000], Wasserstein(eigs,real_eigs): 32.348, Wasserstein(log_eigs,log_real_eigs): 0.940
torch.Size([64, 2500])
Epoch [363/1000], Wasserstein(eigs,real_eigs): 27.769, Wasserstein(log_eigs,log_real_eigs): 0.902
torch.Size([64, 2500])
Epoch [364/1000], Wasserstein(eigs,real_eigs): 34.130, Wasserstein(log_eigs,log_real_eigs): 1.013
torch.Size([64, 2500])
Epoch [365/1000], Wasserstein(eigs,real_eigs): 33.340, Wasserstein(log_eigs,log_real_eigs): 0.983
torch.Size([64, 2500])
Epoch [366/1000], Wasserstein(eigs,real_eigs): 37.138, Wasserstein(log_eigs,log_real_eigs): 1.075
torch.Size([64, 2500])
Epoch [367/1000], Wasserstein(eigs,real_eigs): 38.587, Wasserstein(log_eigs,log_real_eigs): 1.096
torch.Size([64, 2500])
Epoch [368/1000], Wasserstein(eigs,real_eigs): 51.645, Wasserstein(log_eigs,log_real_eigs): 1.260
torch.Size([64, 2500])
Epoch [369/1000], Wasserstein(eigs,real_eigs): 63.626, Wasserstein(log_eigs,log_real_eigs): 1.334
torch.Size([64, 2500])
Epoch [370/1000], Wasserstein(eigs,real_eigs): 71.642, Wasserstein(log_eigs,log_real_eigs): 1.382
torch.Size([64, 2500])
Epoch [371/1000], Wasserstein(eigs,real_eigs): 68.298, Wasserstein(log_eigs,log_real_eigs): 1.349
torch.Size([64, 2500])
Epoch [372/1000], Wasserstein(eigs,real_eigs): 67.259, Wasserstein(log_eigs,log_real_eigs): 1.254
torch.Size([64, 2500])
Epoch [373/1000], Wasserstein(eigs,real_eigs): 85.527, Wasserstein(log_eigs,log_real_eigs): 1.421
torch.Size([64, 2500])
Epoch [374/1000], Wasserstein(eigs,real_eigs): 73.049, Wasserstein(log_eigs,log_real_eigs): 1.339
torch.Size([64, 2500])
Epoch [375/1000], Wasserstein(eigs,real_eigs): 77.351, Wasserstein(log_eigs,log_real_eigs): 1.442
torch.Size([64, 2500])
Epoch [376/1000], Wasserstein(eigs,real_eigs): 71.551, Wasserstein(log_eigs,log_real_eigs): 1.411
torch.Size([64, 2500])
Epoch [377/1000], Wasserstein(eigs,real_eigs): 73.945, Wasserstein(log_eigs,log_real_eigs): 1.382
torch.Size([64, 2500])
Epoch [378/1000], Wasserstein(eigs,real_eigs): 71.044, Wasserstein(log_eigs,log_real_eigs): 1.368
torch.Size([64, 2500])
Epoch [379/1000], Wasserstein(eigs,real_eigs): 71.226, Wasserstein(log_eigs,log_real_eigs): 1.293
torch.Size([64, 2500])
Epoch [380/1000], Wasserstein(eigs,real_eigs): 78.315, Wasserstein(log_eigs,log_real_eigs): 1.336
torch.Size([64, 2500])
Epoch [381/1000], Wasserstein(eigs,real_eigs): 53.178, Wasserstein(log_eigs,log_real_eigs): 1.213
torch.Size([64, 2500])
Epoch [382/1000], Wasserstein(eigs,real_eigs): 51.096, Wasserstein(log_eigs,log_real_eigs): 1.189
torch.Size([64, 2500])
Epoch [383/1000], Wasserstein(eigs,real_eigs): 52.041, Wasserstein(log_eigs,log_real_eigs): 1.210
torch.Size([64, 2500])
Epoch [384/1000], Wasserstein(eigs,real_eigs): 70.037, Wasserstein(log_eigs,log_real_eigs): 1.367
torch.Size([64, 2500])
Epoch [385/1000], Wasserstein(eigs,real_eigs): 51.810, Wasserstein(log_eigs,log_real_eigs): 1.274
torch.Size([64, 2500])
Epoch [386/1000], Wasserstein(eigs,real_eigs): 36.789, Wasserstein(log_eigs,log_real_eigs): 1.115
torch.Size([64, 2500])
Epoch [387/1000], Wasserstein(eigs,real_eigs): 34.134, Wasserstein(log_eigs,log_real_eigs): 1.053
torch.Size([64, 2500])
Epoch [388/1000], Wasserstein(eigs,real_eigs): 34.310, Wasserstein(log_eigs,log_real_eigs): 1.071
torch.Size([64, 2500])
Epoch [389/1000], Wasserstein(eigs,real_eigs): 61.175, Wasserstein(log_eigs,log_real_eigs): 1.294
torch.Size([64, 2500])
Epoch [390/1000], Wasserstein(eigs,real_eigs): 54.981, Wasserstein(log_eigs,log_real_eigs): 1.186
torch.Size([64, 2500])
Epoch [391/1000], Wasserstein(eigs,real_eigs): 54.336, Wasserstein(log_eigs,log_real_eigs): 1.111
torch.Size([64, 2500])
Epoch [392/1000], Wasserstein(eigs,real_eigs): 62.194, Wasserstein(log_eigs,log_real_eigs): 1.305
torch.Size([64, 2500])
Epoch [393/1000], Wasserstein(eigs,real_eigs): 87.031, Wasserstein(log_eigs,log_real_eigs): 1.376
torch.Size([64, 2500])
Epoch [394/1000], Wasserstein(eigs,real_eigs): 113.698, Wasserstein(log_eigs,log_real_eigs): 1.594
torch.Size([64, 2500])
Epoch [395/1000], Wasserstein(eigs,real_eigs): 86.885, Wasserstein(log_eigs,log_real_eigs): 1.466
torch.Size([64, 2500])
Epoch [396/1000], Wasserstein(eigs,real_eigs): 74.167, Wasserstein(log_eigs,log_real_eigs): 1.358
torch.Size([64, 2500])
Epoch [397/1000], Wasserstein(eigs,real_eigs): 78.968, Wasserstein(log_eigs,log_real_eigs): 1.247
torch.Size([64, 2500])
Epoch [398/1000], Wasserstein(eigs,real_eigs): 71.952, Wasserstein(log_eigs,log_real_eigs): 1.324
torch.Size([64, 2500])
Epoch [399/1000], Wasserstein(eigs,real_eigs): 48.896, Wasserstein(log_eigs,log_real_eigs): 1.137
torch.Size([64, 2500])
Epoch [400/1000], Wasserstein(eigs,real_eigs): 35.413, Wasserstein(log_eigs,log_real_eigs): 1.034
torch.Size([64, 2500])
Epoch [401/1000], Wasserstein(eigs,real_eigs): 23.733, Wasserstein(log_eigs,log_real_eigs): 0.880
torch.Size([64, 2500])
Epoch [402/1000], Wasserstein(eigs,real_eigs): 30.950, Wasserstein(log_eigs,log_real_eigs): 1.004
torch.Size([64, 2500])
Epoch [403/1000], Wasserstein(eigs,real_eigs): 26.860, Wasserstein(log_eigs,log_real_eigs): 0.957
torch.Size([64, 2500])
Epoch [404/1000], Wasserstein(eigs,real_eigs): 23.996, Wasserstein(log_eigs,log_real_eigs): 0.931
torch.Size([64, 2500])
Epoch [405/1000], Wasserstein(eigs,real_eigs): 30.517, Wasserstein(log_eigs,log_real_eigs): 1.043
torch.Size([64, 2500])
Epoch [406/1000], Wasserstein(eigs,real_eigs): 48.151, Wasserstein(log_eigs,log_real_eigs): 1.210
torch.Size([64, 2500])
Epoch [407/1000], Wasserstein(eigs,real_eigs): 34.417, Wasserstein(log_eigs,log_real_eigs): 1.094
torch.Size([64, 2500])
Epoch [408/1000], Wasserstein(eigs,real_eigs): 46.688, Wasserstein(log_eigs,log_real_eigs): 1.208
torch.Size([64, 2500])
Epoch [409/1000], Wasserstein(eigs,real_eigs): 37.615, Wasserstein(log_eigs,log_real_eigs): 1.126
torch.Size([64, 2500])
Epoch [410/1000], Wasserstein(eigs,real_eigs): 45.434, Wasserstein(log_eigs,log_real_eigs): 1.206
torch.Size([64, 2500])
Epoch [411/1000], Wasserstein(eigs,real_eigs): 45.049, Wasserstein(log_eigs,log_real_eigs): 1.244
torch.Size([64, 2500])
Epoch [412/1000], Wasserstein(eigs,real_eigs): 43.108, Wasserstein(log_eigs,log_real_eigs): 1.256
torch.Size([64, 2500])
Epoch [413/1000], Wasserstein(eigs,real_eigs): 56.431, Wasserstein(log_eigs,log_real_eigs): 1.282
torch.Size([64, 2500])
Epoch [414/1000], Wasserstein(eigs,real_eigs): 37.732, Wasserstein(log_eigs,log_real_eigs): 1.055
torch.Size([64, 2500])
Epoch [415/1000], Wasserstein(eigs,real_eigs): 30.058, Wasserstein(log_eigs,log_real_eigs): 0.982
torch.Size([64, 2500])
Epoch [416/1000], Wasserstein(eigs,real_eigs): 28.300, Wasserstein(log_eigs,log_real_eigs): 0.922
torch.Size([64, 2500])
Epoch [417/1000], Wasserstein(eigs,real_eigs): 25.766, Wasserstein(log_eigs,log_real_eigs): 0.912
torch.Size([64, 2500])
Epoch [418/1000], Wasserstein(eigs,real_eigs): 31.918, Wasserstein(log_eigs,log_real_eigs): 0.899
torch.Size([64, 2500])
Epoch [419/1000], Wasserstein(eigs,real_eigs): 37.271, Wasserstein(log_eigs,log_real_eigs): 1.063
torch.Size([64, 2500])
Epoch [420/1000], Wasserstein(eigs,real_eigs): 23.125, Wasserstein(log_eigs,log_real_eigs): 0.851
torch.Size([64, 2500])
Epoch [421/1000], Wasserstein(eigs,real_eigs): 27.065, Wasserstein(log_eigs,log_real_eigs): 0.928
torch.Size([64, 2500])
Epoch [422/1000], Wasserstein(eigs,real_eigs): 14.163, Wasserstein(log_eigs,log_real_eigs): 0.722
torch.Size([64, 2500])
Epoch [423/1000], Wasserstein(eigs,real_eigs): 13.311, Wasserstein(log_eigs,log_real_eigs): 0.741
torch.Size([64, 2500])
Epoch [424/1000], Wasserstein(eigs,real_eigs): 9.624, Wasserstein(log_eigs,log_real_eigs): 0.589
torch.Size([64, 2500])
Epoch [425/1000], Wasserstein(eigs,real_eigs): 4.782, Wasserstein(log_eigs,log_real_eigs): 0.351
torch.Size([64, 2500])
Epoch [426/1000], Wasserstein(eigs,real_eigs): 0.582, Wasserstein(log_eigs,log_real_eigs): 0.148
torch.Size([64, 2500])
Epoch [427/1000], Wasserstein(eigs,real_eigs): 2.933, Wasserstein(log_eigs,log_real_eigs): 0.430
torch.Size([64, 2500])
Epoch [428/1000], Wasserstein(eigs,real_eigs): 0.384, Wasserstein(log_eigs,log_real_eigs): 0.162
torch.Size([64, 2500])
Epoch [429/1000], Wasserstein(eigs,real_eigs): 0.777, Wasserstein(log_eigs,log_real_eigs): 0.210
torch.Size([64, 2500])
Epoch [430/1000], Wasserstein(eigs,real_eigs): 0.954, Wasserstein(log_eigs,log_real_eigs): 0.240
torch.Size([64, 2500])
Epoch [431/1000], Wasserstein(eigs,real_eigs): 1.251, Wasserstein(log_eigs,log_real_eigs): 0.247
torch.Size([64, 2500])
Epoch [432/1000], Wasserstein(eigs,real_eigs): 1.724, Wasserstein(log_eigs,log_real_eigs): 0.294
torch.Size([64, 2500])
Epoch [433/1000], Wasserstein(eigs,real_eigs): 1.387, Wasserstein(log_eigs,log_real_eigs): 0.277
torch.Size([64, 2500])
Epoch [434/1000], Wasserstein(eigs,real_eigs): 1.560, Wasserstein(log_eigs,log_real_eigs): 0.283
torch.Size([64, 2500])
Epoch [435/1000], Wasserstein(eigs,real_eigs): 0.715, Wasserstein(log_eigs,log_real_eigs): 0.232
torch.Size([64, 2500])
Epoch [436/1000], Wasserstein(eigs,real_eigs): 1.437, Wasserstein(log_eigs,log_real_eigs): 0.184
torch.Size([64, 2500])
Epoch [437/1000], Wasserstein(eigs,real_eigs): 1.995, Wasserstein(log_eigs,log_real_eigs): 0.244
torch.Size([64, 2500])
Epoch [438/1000], Wasserstein(eigs,real_eigs): 3.085, Wasserstein(log_eigs,log_real_eigs): 0.675
torch.Size([64, 2500])
Epoch [439/1000], Wasserstein(eigs,real_eigs): 1.284, Wasserstein(log_eigs,log_real_eigs): 0.166
torch.Size([64, 2500])
Epoch [440/1000], Wasserstein(eigs,real_eigs): 0.425, Wasserstein(log_eigs,log_real_eigs): 0.179
torch.Size([64, 2500])
Epoch [441/1000], Wasserstein(eigs,real_eigs): 2.322, Wasserstein(log_eigs,log_real_eigs): 0.361
torch.Size([64, 2500])
Epoch [442/1000], Wasserstein(eigs,real_eigs): 1.554, Wasserstein(log_eigs,log_real_eigs): 0.278
torch.Size([64, 2500])
Epoch [443/1000], Wasserstein(eigs,real_eigs): 0.584, Wasserstein(log_eigs,log_real_eigs): 0.199
torch.Size([64, 2500])
Epoch [444/1000], Wasserstein(eigs,real_eigs): 1.310, Wasserstein(log_eigs,log_real_eigs): 0.198
torch.Size([64, 2500])
Epoch [445/1000], Wasserstein(eigs,real_eigs): 2.167, Wasserstein(log_eigs,log_real_eigs): 0.269
torch.Size([64, 2500])
Epoch [446/1000], Wasserstein(eigs,real_eigs): 1.789, Wasserstein(log_eigs,log_real_eigs): 0.216
torch.Size([64, 2500])
Epoch [447/1000], Wasserstein(eigs,real_eigs): 1.783, Wasserstein(log_eigs,log_real_eigs): 0.206
torch.Size([64, 2500])
Epoch [448/1000], Wasserstein(eigs,real_eigs): 1.491, Wasserstein(log_eigs,log_real_eigs): 0.229
torch.Size([64, 2500])
Epoch [449/1000], Wasserstein(eigs,real_eigs): 1.175, Wasserstein(log_eigs,log_real_eigs): 0.169
torch.Size([64, 2500])
Epoch [450/1000], Wasserstein(eigs,real_eigs): 0.413, Wasserstein(log_eigs,log_real_eigs): 0.141
torch.Size([64, 2500])
Epoch [451/1000], Wasserstein(eigs,real_eigs): 0.695, Wasserstein(log_eigs,log_real_eigs): 0.136
torch.Size([64, 2500])
Epoch [452/1000], Wasserstein(eigs,real_eigs): 0.735, Wasserstein(log_eigs,log_real_eigs): 0.206
torch.Size([64, 2500])
Epoch [453/1000], Wasserstein(eigs,real_eigs): 0.539, Wasserstein(log_eigs,log_real_eigs): 0.156
torch.Size([64, 2500])
Epoch [454/1000], Wasserstein(eigs,real_eigs): 0.465, Wasserstein(log_eigs,log_real_eigs): 0.141
torch.Size([64, 2500])
Epoch [455/1000], Wasserstein(eigs,real_eigs): 0.329, Wasserstein(log_eigs,log_real_eigs): 0.161
torch.Size([64, 2500])
Epoch [456/1000], Wasserstein(eigs,real_eigs): 1.108, Wasserstein(log_eigs,log_real_eigs): 0.177
torch.Size([64, 2500])
Epoch [457/1000], Wasserstein(eigs,real_eigs): 1.622, Wasserstein(log_eigs,log_real_eigs): 0.216
torch.Size([64, 2500])
Epoch [458/1000], Wasserstein(eigs,real_eigs): 1.577, Wasserstein(log_eigs,log_real_eigs): 0.201
torch.Size([64, 2500])
Epoch [459/1000], Wasserstein(eigs,real_eigs): 1.894, Wasserstein(log_eigs,log_real_eigs): 0.244
torch.Size([64, 2500])
Epoch [460/1000], Wasserstein(eigs,real_eigs): 0.279, Wasserstein(log_eigs,log_real_eigs): 0.158
torch.Size([64, 2500])
Epoch [461/1000], Wasserstein(eigs,real_eigs): 0.292, Wasserstein(log_eigs,log_real_eigs): 0.192
torch.Size([64, 2500])
Epoch [462/1000], Wasserstein(eigs,real_eigs): 0.621, Wasserstein(log_eigs,log_real_eigs): 0.171
torch.Size([64, 2500])
Epoch [463/1000], Wasserstein(eigs,real_eigs): 1.339, Wasserstein(log_eigs,log_real_eigs): 0.188
torch.Size([64, 2500])
Epoch [464/1000], Wasserstein(eigs,real_eigs): 1.654, Wasserstein(log_eigs,log_real_eigs): 0.208
torch.Size([64, 2500])
Epoch [465/1000], Wasserstein(eigs,real_eigs): 1.615, Wasserstein(log_eigs,log_real_eigs): 0.223
torch.Size([64, 2500])
Epoch [466/1000], Wasserstein(eigs,real_eigs): 0.311, Wasserstein(log_eigs,log_real_eigs): 0.133
torch.Size([64, 2500])
Epoch [467/1000], Wasserstein(eigs,real_eigs): 1.082, Wasserstein(log_eigs,log_real_eigs): 0.196
torch.Size([64, 2500])
Epoch [468/1000], Wasserstein(eigs,real_eigs): 2.080, Wasserstein(log_eigs,log_real_eigs): 0.326
torch.Size([64, 2500])
Epoch [469/1000], Wasserstein(eigs,real_eigs): 5.682, Wasserstein(log_eigs,log_real_eigs): 0.559
torch.Size([64, 2500])
Epoch [470/1000], Wasserstein(eigs,real_eigs): 5.330, Wasserstein(log_eigs,log_real_eigs): 0.490
torch.Size([64, 2500])
Epoch [471/1000], Wasserstein(eigs,real_eigs): 7.318, Wasserstein(log_eigs,log_real_eigs): 0.558
torch.Size([64, 2500])
Epoch [472/1000], Wasserstein(eigs,real_eigs): 6.286, Wasserstein(log_eigs,log_real_eigs): 0.499
torch.Size([64, 2500])
Epoch [473/1000], Wasserstein(eigs,real_eigs): 5.753, Wasserstein(log_eigs,log_real_eigs): 0.518
torch.Size([64, 2500])
Epoch [474/1000], Wasserstein(eigs,real_eigs): 6.000, Wasserstein(log_eigs,log_real_eigs): 0.534
torch.Size([64, 2500])
Epoch [475/1000], Wasserstein(eigs,real_eigs): 6.396, Wasserstein(log_eigs,log_real_eigs): 0.539
torch.Size([64, 2500])
Epoch [476/1000], Wasserstein(eigs,real_eigs): 1.306, Wasserstein(log_eigs,log_real_eigs): 0.268
torch.Size([64, 2500])
Epoch [477/1000], Wasserstein(eigs,real_eigs): 1.376, Wasserstein(log_eigs,log_real_eigs): 0.206
torch.Size([64, 2500])
Epoch [478/1000], Wasserstein(eigs,real_eigs): 2.801, Wasserstein(log_eigs,log_real_eigs): 0.456
torch.Size([64, 2500])
Epoch [479/1000], Wasserstein(eigs,real_eigs): 1.963, Wasserstein(log_eigs,log_real_eigs): 0.241
torch.Size([64, 2500])
Epoch [480/1000], Wasserstein(eigs,real_eigs): 1.146, Wasserstein(log_eigs,log_real_eigs): 0.242
torch.Size([64, 2500])
Epoch [481/1000], Wasserstein(eigs,real_eigs): 4.465, Wasserstein(log_eigs,log_real_eigs): 0.493
torch.Size([64, 2500])
Epoch [482/1000], Wasserstein(eigs,real_eigs): 9.102, Wasserstein(log_eigs,log_real_eigs): 0.688
torch.Size([64, 2500])
Epoch [483/1000], Wasserstein(eigs,real_eigs): 2.048, Wasserstein(log_eigs,log_real_eigs): 0.350
torch.Size([64, 2500])
Epoch [484/1000], Wasserstein(eigs,real_eigs): 0.524, Wasserstein(log_eigs,log_real_eigs): 0.175
torch.Size([64, 2500])
Epoch [485/1000], Wasserstein(eigs,real_eigs): 0.480, Wasserstein(log_eigs,log_real_eigs): 0.169
torch.Size([64, 2500])
Epoch [486/1000], Wasserstein(eigs,real_eigs): 0.818, Wasserstein(log_eigs,log_real_eigs): 0.170
torch.Size([64, 2500])
Epoch [487/1000], Wasserstein(eigs,real_eigs): 1.538, Wasserstein(log_eigs,log_real_eigs): 0.221
torch.Size([64, 2500])
Epoch [488/1000], Wasserstein(eigs,real_eigs): 1.349, Wasserstein(log_eigs,log_real_eigs): 0.199
torch.Size([64, 2500])
Epoch [489/1000], Wasserstein(eigs,real_eigs): 1.806, Wasserstein(log_eigs,log_real_eigs): 0.254
torch.Size([64, 2500])
Epoch [490/1000], Wasserstein(eigs,real_eigs): 1.302, Wasserstein(log_eigs,log_real_eigs): 0.193
torch.Size([64, 2500])
Epoch [491/1000], Wasserstein(eigs,real_eigs): 0.940, Wasserstein(log_eigs,log_real_eigs): 0.173
torch.Size([64, 2500])
Epoch [492/1000], Wasserstein(eigs,real_eigs): 0.782, Wasserstein(log_eigs,log_real_eigs): 0.246
torch.Size([64, 2500])
Epoch [493/1000], Wasserstein(eigs,real_eigs): 1.077, Wasserstein(log_eigs,log_real_eigs): 0.255
torch.Size([64, 2500])
Epoch [494/1000], Wasserstein(eigs,real_eigs): 0.600, Wasserstein(log_eigs,log_real_eigs): 0.192
torch.Size([64, 2500])
Epoch [495/1000], Wasserstein(eigs,real_eigs): 1.564, Wasserstein(log_eigs,log_real_eigs): 0.253
torch.Size([64, 2500])
Epoch [496/1000], Wasserstein(eigs,real_eigs): 0.810, Wasserstein(log_eigs,log_real_eigs): 0.244
torch.Size([64, 2500])
Epoch [497/1000], Wasserstein(eigs,real_eigs): 1.815, Wasserstein(log_eigs,log_real_eigs): 0.232
torch.Size([64, 2500])
Epoch [498/1000], Wasserstein(eigs,real_eigs): 2.685, Wasserstein(log_eigs,log_real_eigs): 0.436
torch.Size([64, 2500])
Epoch [499/1000], Wasserstein(eigs,real_eigs): 1.158, Wasserstein(log_eigs,log_real_eigs): 0.188
torch.Size([64, 2500])
Epoch [500/1000], Wasserstein(eigs,real_eigs): 0.804, Wasserstein(log_eigs,log_real_eigs): 0.220
torch.Size([64, 2500])
Epoch [501/1000], Wasserstein(eigs,real_eigs): 2.949, Wasserstein(log_eigs,log_real_eigs): 0.403
torch.Size([64, 2500])
Epoch [502/1000], Wasserstein(eigs,real_eigs): 2.957, Wasserstein(log_eigs,log_real_eigs): 0.348
torch.Size([64, 2500])
Epoch [503/1000], Wasserstein(eigs,real_eigs): 3.912, Wasserstein(log_eigs,log_real_eigs): 0.429
torch.Size([64, 2500])
Epoch [504/1000], Wasserstein(eigs,real_eigs): 3.141, Wasserstein(log_eigs,log_real_eigs): 0.389
torch.Size([64, 2500])
Epoch [505/1000], Wasserstein(eigs,real_eigs): 1.010, Wasserstein(log_eigs,log_real_eigs): 0.263
torch.Size([64, 2500])
Epoch [506/1000], Wasserstein(eigs,real_eigs): 0.951, Wasserstein(log_eigs,log_real_eigs): 0.200
torch.Size([64, 2500])
Epoch [507/1000], Wasserstein(eigs,real_eigs): 1.770, Wasserstein(log_eigs,log_real_eigs): 0.228
torch.Size([64, 2500])
Epoch [508/1000], Wasserstein(eigs,real_eigs): 2.690, Wasserstein(log_eigs,log_real_eigs): 0.426
torch.Size([64, 2500])
Epoch [509/1000], Wasserstein(eigs,real_eigs): 0.575, Wasserstein(log_eigs,log_real_eigs): 0.148
torch.Size([64, 2500])
Epoch [510/1000], Wasserstein(eigs,real_eigs): 1.702, Wasserstein(log_eigs,log_real_eigs): 0.340
torch.Size([64, 2500])
Epoch [511/1000], Wasserstein(eigs,real_eigs): 1.583, Wasserstein(log_eigs,log_real_eigs): 0.355
torch.Size([64, 2500])
Epoch [512/1000], Wasserstein(eigs,real_eigs): 1.757, Wasserstein(log_eigs,log_real_eigs): 0.306
torch.Size([64, 2500])
Epoch [513/1000], Wasserstein(eigs,real_eigs): 0.666, Wasserstein(log_eigs,log_real_eigs): 0.241
torch.Size([64, 2500])
Epoch [514/1000], Wasserstein(eigs,real_eigs): 1.571, Wasserstein(log_eigs,log_real_eigs): 0.214
torch.Size([64, 2500])
Epoch [515/1000], Wasserstein(eigs,real_eigs): 1.791, Wasserstein(log_eigs,log_real_eigs): 0.232
torch.Size([64, 2500])
Epoch [516/1000], Wasserstein(eigs,real_eigs): 0.936, Wasserstein(log_eigs,log_real_eigs): 0.162
torch.Size([64, 2500])
Epoch [517/1000], Wasserstein(eigs,real_eigs): 4.027, Wasserstein(log_eigs,log_real_eigs): 0.464
torch.Size([64, 2500])
Epoch [518/1000], Wasserstein(eigs,real_eigs): 2.714, Wasserstein(log_eigs,log_real_eigs): 0.397
torch.Size([64, 2500])
Epoch [519/1000], Wasserstein(eigs,real_eigs): 2.980, Wasserstein(log_eigs,log_real_eigs): 0.367
torch.Size([64, 2500])
Epoch [520/1000], Wasserstein(eigs,real_eigs): 0.451, Wasserstein(log_eigs,log_real_eigs): 0.149
torch.Size([64, 2500])
Epoch [521/1000], Wasserstein(eigs,real_eigs): 1.476, Wasserstein(log_eigs,log_real_eigs): 0.194
torch.Size([64, 2500])
Epoch [522/1000], Wasserstein(eigs,real_eigs): 0.912, Wasserstein(log_eigs,log_real_eigs): 0.170
torch.Size([64, 2500])
Epoch [523/1000], Wasserstein(eigs,real_eigs): 1.614, Wasserstein(log_eigs,log_real_eigs): 0.227
torch.Size([64, 2500])
Epoch [524/1000], Wasserstein(eigs,real_eigs): 0.671, Wasserstein(log_eigs,log_real_eigs): 0.179
torch.Size([64, 2500])
Epoch [525/1000], Wasserstein(eigs,real_eigs): 2.486, Wasserstein(log_eigs,log_real_eigs): 0.402
torch.Size([64, 2500])
Epoch [526/1000], Wasserstein(eigs,real_eigs): 0.344, Wasserstein(log_eigs,log_real_eigs): 0.178
torch.Size([64, 2500])
Epoch [527/1000], Wasserstein(eigs,real_eigs): 0.785, Wasserstein(log_eigs,log_real_eigs): 0.161
torch.Size([64, 2500])
Epoch [528/1000], Wasserstein(eigs,real_eigs): 1.283, Wasserstein(log_eigs,log_real_eigs): 0.208
torch.Size([64, 2500])
Epoch [529/1000], Wasserstein(eigs,real_eigs): 0.801, Wasserstein(log_eigs,log_real_eigs): 0.190
torch.Size([64, 2500])
Epoch [530/1000], Wasserstein(eigs,real_eigs): 1.639, Wasserstein(log_eigs,log_real_eigs): 0.232
torch.Size([64, 2500])
Epoch [531/1000], Wasserstein(eigs,real_eigs): 1.197, Wasserstein(log_eigs,log_real_eigs): 0.180
torch.Size([64, 2500])
Epoch [532/1000], Wasserstein(eigs,real_eigs): 0.399, Wasserstein(log_eigs,log_real_eigs): 0.190
torch.Size([64, 2500])
Epoch [533/1000], Wasserstein(eigs,real_eigs): 4.779, Wasserstein(log_eigs,log_real_eigs): 0.551
torch.Size([64, 2500])
Epoch [534/1000], Wasserstein(eigs,real_eigs): 0.373, Wasserstein(log_eigs,log_real_eigs): 0.196
torch.Size([64, 2500])
Epoch [535/1000], Wasserstein(eigs,real_eigs): 0.501, Wasserstein(log_eigs,log_real_eigs): 0.179
torch.Size([64, 2500])
Epoch [536/1000], Wasserstein(eigs,real_eigs): 0.567, Wasserstein(log_eigs,log_real_eigs): 0.221
torch.Size([64, 2500])
Epoch [537/1000], Wasserstein(eigs,real_eigs): 1.532, Wasserstein(log_eigs,log_real_eigs): 0.334
torch.Size([64, 2500])
Epoch [538/1000], Wasserstein(eigs,real_eigs): 0.510, Wasserstein(log_eigs,log_real_eigs): 0.187
torch.Size([64, 2500])
Epoch [539/1000], Wasserstein(eigs,real_eigs): 0.441, Wasserstein(log_eigs,log_real_eigs): 0.163
torch.Size([64, 2500])
Epoch [540/1000], Wasserstein(eigs,real_eigs): 0.437, Wasserstein(log_eigs,log_real_eigs): 0.182
torch.Size([64, 2500])
Epoch [541/1000], Wasserstein(eigs,real_eigs): 1.507, Wasserstein(log_eigs,log_real_eigs): 0.217
