2019-10-17 00:31:13.753576
Namespace(batch_size=64, dataroot='/home/jim/Documents/RandomBergman/KS4/data/', diff=0, epochs=1000, exp=None, h11=40, log_interval=1, lr=5e-06, lr_D=5e-06, lr_G=5e-06, model_type='GAN_DCGAN', n_critic_steps=5, newsize=40, num_geometries=2500, nz=15, outdir='./experiments/exp_GAN_DCGAN_40_15_10172019_003113', plot_interval=20, py_version=3, save=True, show_plots=False, test_batch_size=10000)
Namespace(batch_size=64, dataroot='/home/jim/Documents/RandomBergman/KS4/data/', diff=0, epochs=1000, exp=None, h11=40, log_interval=1, lr=5e-06, lr_D=5e-06, lr_G=5e-06, model_type='GAN_DCGAN', n_critic_steps=5, newsize=40, num_geometries=2500, nz=15, outdir='./experiments/exp_GAN_DCGAN_40_15_10172019_003113', plot_interval=20, py_version=3, save=True, show_plots=False, test_batch_size=10000)
Model type: GAN_DCGAN
Coomparing to Eigenvalue distribution collected from 3017 geometries
data: 64 40
torch.Size([64, 1600])
Epoch [0/1000], Wasserstein(eigs,real_eigs): 5.502, Wasserstein(log_eigs,log_real_eigs): 0.466
torch.Size([64, 1600])
Epoch [1/1000], Wasserstein(eigs,real_eigs): 58.300, Wasserstein(log_eigs,log_real_eigs): 0.796
torch.Size([64, 1600])
Epoch [2/1000], Wasserstein(eigs,real_eigs): 155.760, Wasserstein(log_eigs,log_real_eigs): 1.063
torch.Size([64, 1600])
Epoch [3/1000], Wasserstein(eigs,real_eigs): 223.474, Wasserstein(log_eigs,log_real_eigs): 1.156
torch.Size([64, 1600])
Epoch [4/1000], Wasserstein(eigs,real_eigs): 263.880, Wasserstein(log_eigs,log_real_eigs): 1.228
torch.Size([64, 1600])
Epoch [5/1000], Wasserstein(eigs,real_eigs): 266.115, Wasserstein(log_eigs,log_real_eigs): 1.201
torch.Size([64, 1600])
Epoch [6/1000], Wasserstein(eigs,real_eigs): 262.906, Wasserstein(log_eigs,log_real_eigs): 1.189
torch.Size([64, 1600])
Epoch [7/1000], Wasserstein(eigs,real_eigs): 248.646, Wasserstein(log_eigs,log_real_eigs): 1.174
torch.Size([64, 1600])
Epoch [8/1000], Wasserstein(eigs,real_eigs): 272.699, Wasserstein(log_eigs,log_real_eigs): 1.203
torch.Size([64, 1600])
Epoch [9/1000], Wasserstein(eigs,real_eigs): 266.680, Wasserstein(log_eigs,log_real_eigs): 1.220
torch.Size([64, 1600])
Epoch [10/1000], Wasserstein(eigs,real_eigs): 251.506, Wasserstein(log_eigs,log_real_eigs): 1.192
torch.Size([64, 1600])
Epoch [11/1000], Wasserstein(eigs,real_eigs): 235.383, Wasserstein(log_eigs,log_real_eigs): 1.193
torch.Size([64, 1600])
Epoch [12/1000], Wasserstein(eigs,real_eigs): 208.228, Wasserstein(log_eigs,log_real_eigs): 1.126
torch.Size([64, 1600])
Epoch [13/1000], Wasserstein(eigs,real_eigs): 195.662, Wasserstein(log_eigs,log_real_eigs): 1.060
torch.Size([64, 1600])
Epoch [14/1000], Wasserstein(eigs,real_eigs): 206.626, Wasserstein(log_eigs,log_real_eigs): 1.077
torch.Size([64, 1600])
Epoch [15/1000], Wasserstein(eigs,real_eigs): 195.758, Wasserstein(log_eigs,log_real_eigs): 1.112
torch.Size([64, 1600])
Epoch [16/1000], Wasserstein(eigs,real_eigs): 188.909, Wasserstein(log_eigs,log_real_eigs): 1.138
torch.Size([64, 1600])
Epoch [17/1000], Wasserstein(eigs,real_eigs): 208.397, Wasserstein(log_eigs,log_real_eigs): 1.176
torch.Size([64, 1600])
Epoch [18/1000], Wasserstein(eigs,real_eigs): 205.942, Wasserstein(log_eigs,log_real_eigs): 1.046
torch.Size([64, 1600])
Epoch [19/1000], Wasserstein(eigs,real_eigs): 194.864, Wasserstein(log_eigs,log_real_eigs): 1.141
torch.Size([64, 1600])
Epoch [20/1000], Wasserstein(eigs,real_eigs): 169.276, Wasserstein(log_eigs,log_real_eigs): 1.102
torch.Size([64, 1600])
Epoch [21/1000], Wasserstein(eigs,real_eigs): 152.097, Wasserstein(log_eigs,log_real_eigs): 0.981
torch.Size([64, 1600])
Epoch [22/1000], Wasserstein(eigs,real_eigs): 153.675, Wasserstein(log_eigs,log_real_eigs): 1.009
torch.Size([64, 1600])
Epoch [23/1000], Wasserstein(eigs,real_eigs): 169.554, Wasserstein(log_eigs,log_real_eigs): 1.038
torch.Size([64, 1600])
Epoch [24/1000], Wasserstein(eigs,real_eigs): 173.718, Wasserstein(log_eigs,log_real_eigs): 1.070
torch.Size([64, 1600])
Epoch [25/1000], Wasserstein(eigs,real_eigs): 168.399, Wasserstein(log_eigs,log_real_eigs): 1.058
torch.Size([64, 1600])
Epoch [26/1000], Wasserstein(eigs,real_eigs): 169.416, Wasserstein(log_eigs,log_real_eigs): 1.020
torch.Size([64, 1600])
Epoch [27/1000], Wasserstein(eigs,real_eigs): 162.613, Wasserstein(log_eigs,log_real_eigs): 1.104
torch.Size([64, 1600])
Epoch [28/1000], Wasserstein(eigs,real_eigs): 155.443, Wasserstein(log_eigs,log_real_eigs): 1.029
torch.Size([64, 1600])
Epoch [29/1000], Wasserstein(eigs,real_eigs): 160.388, Wasserstein(log_eigs,log_real_eigs): 1.030
torch.Size([64, 1600])
Epoch [30/1000], Wasserstein(eigs,real_eigs): 167.435, Wasserstein(log_eigs,log_real_eigs): 1.056
torch.Size([64, 1600])
Epoch [31/1000], Wasserstein(eigs,real_eigs): 152.694, Wasserstein(log_eigs,log_real_eigs): 0.994
torch.Size([64, 1600])
Epoch [32/1000], Wasserstein(eigs,real_eigs): 144.662, Wasserstein(log_eigs,log_real_eigs): 0.998
torch.Size([64, 1600])
Epoch [33/1000], Wasserstein(eigs,real_eigs): 141.609, Wasserstein(log_eigs,log_real_eigs): 1.126
torch.Size([64, 1600])
Epoch [34/1000], Wasserstein(eigs,real_eigs): 129.039, Wasserstein(log_eigs,log_real_eigs): 0.928
torch.Size([64, 1600])
Epoch [35/1000], Wasserstein(eigs,real_eigs): 133.328, Wasserstein(log_eigs,log_real_eigs): 0.951
torch.Size([64, 1600])
Epoch [36/1000], Wasserstein(eigs,real_eigs): 135.497, Wasserstein(log_eigs,log_real_eigs): 0.957
torch.Size([64, 1600])
Epoch [37/1000], Wasserstein(eigs,real_eigs): 136.107, Wasserstein(log_eigs,log_real_eigs): 1.001
torch.Size([64, 1600])
Epoch [38/1000], Wasserstein(eigs,real_eigs): 132.406, Wasserstein(log_eigs,log_real_eigs): 0.972
torch.Size([64, 1600])
Epoch [39/1000], Wasserstein(eigs,real_eigs): 126.660, Wasserstein(log_eigs,log_real_eigs): 0.986
torch.Size([64, 1600])
Epoch [40/1000], Wasserstein(eigs,real_eigs): 120.777, Wasserstein(log_eigs,log_real_eigs): 0.920
torch.Size([64, 1600])
Epoch [41/1000], Wasserstein(eigs,real_eigs): 118.472, Wasserstein(log_eigs,log_real_eigs): 0.876
torch.Size([64, 1600])
Epoch [42/1000], Wasserstein(eigs,real_eigs): 111.097, Wasserstein(log_eigs,log_real_eigs): 0.923
torch.Size([64, 1600])
Epoch [43/1000], Wasserstein(eigs,real_eigs): 108.022, Wasserstein(log_eigs,log_real_eigs): 0.866
torch.Size([64, 1600])
Epoch [44/1000], Wasserstein(eigs,real_eigs): 112.902, Wasserstein(log_eigs,log_real_eigs): 0.841
torch.Size([64, 1600])
Epoch [45/1000], Wasserstein(eigs,real_eigs): 104.993, Wasserstein(log_eigs,log_real_eigs): 0.864
torch.Size([64, 1600])
Epoch [46/1000], Wasserstein(eigs,real_eigs): 114.651, Wasserstein(log_eigs,log_real_eigs): 0.947
torch.Size([64, 1600])
Epoch [47/1000], Wasserstein(eigs,real_eigs): 117.078, Wasserstein(log_eigs,log_real_eigs): 0.962
torch.Size([64, 1600])
Epoch [48/1000], Wasserstein(eigs,real_eigs): 99.355, Wasserstein(log_eigs,log_real_eigs): 0.949
torch.Size([64, 1600])
Epoch [49/1000], Wasserstein(eigs,real_eigs): 43.584, Wasserstein(log_eigs,log_real_eigs): 0.815
torch.Size([64, 1600])
Epoch [50/1000], Wasserstein(eigs,real_eigs): 27.209, Wasserstein(log_eigs,log_real_eigs): 0.649
torch.Size([64, 1600])
Epoch [51/1000], Wasserstein(eigs,real_eigs): 32.832, Wasserstein(log_eigs,log_real_eigs): 0.703
torch.Size([64, 1600])
Epoch [52/1000], Wasserstein(eigs,real_eigs): 54.143, Wasserstein(log_eigs,log_real_eigs): 0.745
torch.Size([64, 1600])
Epoch [53/1000], Wasserstein(eigs,real_eigs): 74.606, Wasserstein(log_eigs,log_real_eigs): 0.841
torch.Size([64, 1600])
Epoch [54/1000], Wasserstein(eigs,real_eigs): 88.367, Wasserstein(log_eigs,log_real_eigs): 0.879
torch.Size([64, 1600])
Epoch [55/1000], Wasserstein(eigs,real_eigs): 100.829, Wasserstein(log_eigs,log_real_eigs): 0.934
torch.Size([64, 1600])
Epoch [56/1000], Wasserstein(eigs,real_eigs): 116.389, Wasserstein(log_eigs,log_real_eigs): 0.939
torch.Size([64, 1600])
Epoch [57/1000], Wasserstein(eigs,real_eigs): 130.134, Wasserstein(log_eigs,log_real_eigs): 0.892
torch.Size([64, 1600])
Epoch [58/1000], Wasserstein(eigs,real_eigs): 122.517, Wasserstein(log_eigs,log_real_eigs): 0.991
torch.Size([64, 1600])
Epoch [59/1000], Wasserstein(eigs,real_eigs): 121.040, Wasserstein(log_eigs,log_real_eigs): 0.992
torch.Size([64, 1600])
Epoch [60/1000], Wasserstein(eigs,real_eigs): 127.387, Wasserstein(log_eigs,log_real_eigs): 0.988
torch.Size([64, 1600])
Epoch [61/1000], Wasserstein(eigs,real_eigs): 128.443, Wasserstein(log_eigs,log_real_eigs): 0.933
torch.Size([64, 1600])
Epoch [62/1000], Wasserstein(eigs,real_eigs): 139.073, Wasserstein(log_eigs,log_real_eigs): 0.975
torch.Size([64, 1600])
Epoch [63/1000], Wasserstein(eigs,real_eigs): 146.475, Wasserstein(log_eigs,log_real_eigs): 0.986
torch.Size([64, 1600])
Epoch [64/1000], Wasserstein(eigs,real_eigs): 129.197, Wasserstein(log_eigs,log_real_eigs): 1.071
torch.Size([64, 1600])
Epoch [65/1000], Wasserstein(eigs,real_eigs): 86.210, Wasserstein(log_eigs,log_real_eigs): 0.908
torch.Size([64, 1600])
Epoch [66/1000], Wasserstein(eigs,real_eigs): 50.751, Wasserstein(log_eigs,log_real_eigs): 0.811
torch.Size([64, 1600])
Epoch [67/1000], Wasserstein(eigs,real_eigs): 47.641, Wasserstein(log_eigs,log_real_eigs): 0.783
torch.Size([64, 1600])
Epoch [68/1000], Wasserstein(eigs,real_eigs): 69.141, Wasserstein(log_eigs,log_real_eigs): 0.823
torch.Size([64, 1600])
Epoch [69/1000], Wasserstein(eigs,real_eigs): 85.897, Wasserstein(log_eigs,log_real_eigs): 0.916
torch.Size([64, 1600])
Epoch [70/1000], Wasserstein(eigs,real_eigs): 107.305, Wasserstein(log_eigs,log_real_eigs): 0.974
torch.Size([64, 1600])
Epoch [71/1000], Wasserstein(eigs,real_eigs): 130.990, Wasserstein(log_eigs,log_real_eigs): 0.942
torch.Size([64, 1600])
Epoch [72/1000], Wasserstein(eigs,real_eigs): 142.090, Wasserstein(log_eigs,log_real_eigs): 1.077
torch.Size([64, 1600])
Epoch [73/1000], Wasserstein(eigs,real_eigs): 135.705, Wasserstein(log_eigs,log_real_eigs): 1.066
torch.Size([64, 1600])
Epoch [74/1000], Wasserstein(eigs,real_eigs): 120.013, Wasserstein(log_eigs,log_real_eigs): 0.940
torch.Size([64, 1600])
Epoch [75/1000], Wasserstein(eigs,real_eigs): 121.802, Wasserstein(log_eigs,log_real_eigs): 0.988
torch.Size([64, 1600])
Epoch [76/1000], Wasserstein(eigs,real_eigs): 109.508, Wasserstein(log_eigs,log_real_eigs): 1.024
torch.Size([64, 1600])
Epoch [77/1000], Wasserstein(eigs,real_eigs): 92.284, Wasserstein(log_eigs,log_real_eigs): 0.945
torch.Size([64, 1600])
Epoch [78/1000], Wasserstein(eigs,real_eigs): 91.476, Wasserstein(log_eigs,log_real_eigs): 0.971
torch.Size([64, 1600])
Epoch [79/1000], Wasserstein(eigs,real_eigs): 111.400, Wasserstein(log_eigs,log_real_eigs): 0.929
torch.Size([64, 1600])
Epoch [80/1000], Wasserstein(eigs,real_eigs): 139.014, Wasserstein(log_eigs,log_real_eigs): 1.088
torch.Size([64, 1600])
Epoch [81/1000], Wasserstein(eigs,real_eigs): 132.987, Wasserstein(log_eigs,log_real_eigs): 1.095
torch.Size([64, 1600])
Epoch [82/1000], Wasserstein(eigs,real_eigs): 132.752, Wasserstein(log_eigs,log_real_eigs): 1.042
torch.Size([64, 1600])
Epoch [83/1000], Wasserstein(eigs,real_eigs): 110.945, Wasserstein(log_eigs,log_real_eigs): 1.045
torch.Size([64, 1600])
Epoch [84/1000], Wasserstein(eigs,real_eigs): 119.310, Wasserstein(log_eigs,log_real_eigs): 1.084
torch.Size([64, 1600])
Epoch [85/1000], Wasserstein(eigs,real_eigs): 144.673, Wasserstein(log_eigs,log_real_eigs): 1.084
torch.Size([64, 1600])
Epoch [86/1000], Wasserstein(eigs,real_eigs): 114.822, Wasserstein(log_eigs,log_real_eigs): 1.058
torch.Size([64, 1600])
Epoch [87/1000], Wasserstein(eigs,real_eigs): 73.341, Wasserstein(log_eigs,log_real_eigs): 0.955
torch.Size([64, 1600])
Epoch [88/1000], Wasserstein(eigs,real_eigs): 88.673, Wasserstein(log_eigs,log_real_eigs): 0.930
torch.Size([64, 1600])
Epoch [89/1000], Wasserstein(eigs,real_eigs): 100.076, Wasserstein(log_eigs,log_real_eigs): 0.977
torch.Size([64, 1600])
Epoch [90/1000], Wasserstein(eigs,real_eigs): 90.510, Wasserstein(log_eigs,log_real_eigs): 1.003
torch.Size([64, 1600])
Epoch [91/1000], Wasserstein(eigs,real_eigs): 105.618, Wasserstein(log_eigs,log_real_eigs): 0.966
torch.Size([64, 1600])
Epoch [92/1000], Wasserstein(eigs,real_eigs): 98.107, Wasserstein(log_eigs,log_real_eigs): 1.026
torch.Size([64, 1600])
Epoch [93/1000], Wasserstein(eigs,real_eigs): 79.645, Wasserstein(log_eigs,log_real_eigs): 0.906
torch.Size([64, 1600])
Epoch [94/1000], Wasserstein(eigs,real_eigs): 90.863, Wasserstein(log_eigs,log_real_eigs): 0.891
torch.Size([64, 1600])
Epoch [95/1000], Wasserstein(eigs,real_eigs): 99.191, Wasserstein(log_eigs,log_real_eigs): 0.970
torch.Size([64, 1600])
Epoch [96/1000], Wasserstein(eigs,real_eigs): 110.372, Wasserstein(log_eigs,log_real_eigs): 1.074
torch.Size([64, 1600])
Epoch [97/1000], Wasserstein(eigs,real_eigs): 110.633, Wasserstein(log_eigs,log_real_eigs): 1.056
torch.Size([64, 1600])
Epoch [98/1000], Wasserstein(eigs,real_eigs): 98.129, Wasserstein(log_eigs,log_real_eigs): 1.069
torch.Size([64, 1600])
Epoch [99/1000], Wasserstein(eigs,real_eigs): 92.741, Wasserstein(log_eigs,log_real_eigs): 1.056
torch.Size([64, 1600])
Epoch [100/1000], Wasserstein(eigs,real_eigs): 70.197, Wasserstein(log_eigs,log_real_eigs): 0.989
torch.Size([64, 1600])
Epoch [101/1000], Wasserstein(eigs,real_eigs): 78.754, Wasserstein(log_eigs,log_real_eigs): 0.808
torch.Size([64, 1600])
Epoch [102/1000], Wasserstein(eigs,real_eigs): 96.318, Wasserstein(log_eigs,log_real_eigs): 0.929
torch.Size([64, 1600])
Epoch [103/1000], Wasserstein(eigs,real_eigs): 106.037, Wasserstein(log_eigs,log_real_eigs): 1.021
torch.Size([64, 1600])
Epoch [104/1000], Wasserstein(eigs,real_eigs): 111.595, Wasserstein(log_eigs,log_real_eigs): 1.101
torch.Size([64, 1600])
Epoch [105/1000], Wasserstein(eigs,real_eigs): 88.000, Wasserstein(log_eigs,log_real_eigs): 1.050
torch.Size([64, 1600])
Epoch [106/1000], Wasserstein(eigs,real_eigs): 64.021, Wasserstein(log_eigs,log_real_eigs): 0.880
torch.Size([64, 1600])
Epoch [107/1000], Wasserstein(eigs,real_eigs): 72.380, Wasserstein(log_eigs,log_real_eigs): 0.842
torch.Size([64, 1600])
Epoch [108/1000], Wasserstein(eigs,real_eigs): 86.629, Wasserstein(log_eigs,log_real_eigs): 1.013
torch.Size([64, 1600])
Epoch [109/1000], Wasserstein(eigs,real_eigs): 80.838, Wasserstein(log_eigs,log_real_eigs): 0.993
torch.Size([64, 1600])
Epoch [110/1000], Wasserstein(eigs,real_eigs): 74.831, Wasserstein(log_eigs,log_real_eigs): 0.952
torch.Size([64, 1600])
Epoch [111/1000], Wasserstein(eigs,real_eigs): 78.092, Wasserstein(log_eigs,log_real_eigs): 0.894
torch.Size([64, 1600])
Epoch [112/1000], Wasserstein(eigs,real_eigs): 79.714, Wasserstein(log_eigs,log_real_eigs): 0.983
torch.Size([64, 1600])
Epoch [113/1000], Wasserstein(eigs,real_eigs): 74.180, Wasserstein(log_eigs,log_real_eigs): 0.970
torch.Size([64, 1600])
Epoch [114/1000], Wasserstein(eigs,real_eigs): 87.926, Wasserstein(log_eigs,log_real_eigs): 1.055
torch.Size([64, 1600])
Epoch [115/1000], Wasserstein(eigs,real_eigs): 89.220, Wasserstein(log_eigs,log_real_eigs): 1.080
torch.Size([64, 1600])
Epoch [116/1000], Wasserstein(eigs,real_eigs): 103.927, Wasserstein(log_eigs,log_real_eigs): 1.014
torch.Size([64, 1600])
Epoch [117/1000], Wasserstein(eigs,real_eigs): 94.092, Wasserstein(log_eigs,log_real_eigs): 1.048
torch.Size([64, 1600])
Epoch [118/1000], Wasserstein(eigs,real_eigs): 84.014, Wasserstein(log_eigs,log_real_eigs): 1.011
torch.Size([64, 1600])
Epoch [119/1000], Wasserstein(eigs,real_eigs): 85.472, Wasserstein(log_eigs,log_real_eigs): 1.026
torch.Size([64, 1600])
Epoch [120/1000], Wasserstein(eigs,real_eigs): 82.512, Wasserstein(log_eigs,log_real_eigs): 1.040
torch.Size([64, 1600])
Epoch [121/1000], Wasserstein(eigs,real_eigs): 109.685, Wasserstein(log_eigs,log_real_eigs): 1.053
torch.Size([64, 1600])
Epoch [122/1000], Wasserstein(eigs,real_eigs): 113.159, Wasserstein(log_eigs,log_real_eigs): 1.210
torch.Size([64, 1600])
Epoch [123/1000], Wasserstein(eigs,real_eigs): 81.978, Wasserstein(log_eigs,log_real_eigs): 1.068
torch.Size([64, 1600])
Epoch [124/1000], Wasserstein(eigs,real_eigs): 67.490, Wasserstein(log_eigs,log_real_eigs): 0.919
torch.Size([64, 1600])
Epoch [125/1000], Wasserstein(eigs,real_eigs): 88.004, Wasserstein(log_eigs,log_real_eigs): 0.985
torch.Size([64, 1600])
Epoch [126/1000], Wasserstein(eigs,real_eigs): 99.512, Wasserstein(log_eigs,log_real_eigs): 1.058
torch.Size([64, 1600])
Epoch [127/1000], Wasserstein(eigs,real_eigs): 105.351, Wasserstein(log_eigs,log_real_eigs): 1.078
torch.Size([64, 1600])
Epoch [128/1000], Wasserstein(eigs,real_eigs): 77.142, Wasserstein(log_eigs,log_real_eigs): 1.018
torch.Size([64, 1600])
Epoch [129/1000], Wasserstein(eigs,real_eigs): 50.605, Wasserstein(log_eigs,log_real_eigs): 0.855
torch.Size([64, 1600])
Epoch [130/1000], Wasserstein(eigs,real_eigs): 65.838, Wasserstein(log_eigs,log_real_eigs): 0.871
torch.Size([64, 1600])
Epoch [131/1000], Wasserstein(eigs,real_eigs): 96.704, Wasserstein(log_eigs,log_real_eigs): 1.073
torch.Size([64, 1600])
Epoch [132/1000], Wasserstein(eigs,real_eigs): 90.569, Wasserstein(log_eigs,log_real_eigs): 1.073
torch.Size([64, 1600])
Epoch [133/1000], Wasserstein(eigs,real_eigs): 63.681, Wasserstein(log_eigs,log_real_eigs): 0.962
torch.Size([64, 1600])
Epoch [134/1000], Wasserstein(eigs,real_eigs): 60.924, Wasserstein(log_eigs,log_real_eigs): 0.879
torch.Size([64, 1600])
Epoch [135/1000], Wasserstein(eigs,real_eigs): 60.417, Wasserstein(log_eigs,log_real_eigs): 0.886
torch.Size([64, 1600])
Epoch [136/1000], Wasserstein(eigs,real_eigs): 48.182, Wasserstein(log_eigs,log_real_eigs): 0.866
torch.Size([64, 1600])
Epoch [137/1000], Wasserstein(eigs,real_eigs): 66.559, Wasserstein(log_eigs,log_real_eigs): 0.920
torch.Size([64, 1600])
Epoch [138/1000], Wasserstein(eigs,real_eigs): 82.818, Wasserstein(log_eigs,log_real_eigs): 1.020
torch.Size([64, 1600])
Epoch [139/1000], Wasserstein(eigs,real_eigs): 76.265, Wasserstein(log_eigs,log_real_eigs): 1.110
torch.Size([64, 1600])
Epoch [140/1000], Wasserstein(eigs,real_eigs): 69.945, Wasserstein(log_eigs,log_real_eigs): 0.960
torch.Size([64, 1600])
Epoch [141/1000], Wasserstein(eigs,real_eigs): 66.278, Wasserstein(log_eigs,log_real_eigs): 1.005
torch.Size([64, 1600])
Epoch [142/1000], Wasserstein(eigs,real_eigs): 86.530, Wasserstein(log_eigs,log_real_eigs): 1.011
torch.Size([64, 1600])
Epoch [143/1000], Wasserstein(eigs,real_eigs): 98.994, Wasserstein(log_eigs,log_real_eigs): 1.144
torch.Size([64, 1600])
Epoch [144/1000], Wasserstein(eigs,real_eigs): 111.794, Wasserstein(log_eigs,log_real_eigs): 1.189
torch.Size([64, 1600])
Epoch [145/1000], Wasserstein(eigs,real_eigs): 112.064, Wasserstein(log_eigs,log_real_eigs): 1.110
torch.Size([64, 1600])
Epoch [146/1000], Wasserstein(eigs,real_eigs): 104.938, Wasserstein(log_eigs,log_real_eigs): 1.158
torch.Size([64, 1600])
Epoch [147/1000], Wasserstein(eigs,real_eigs): 108.451, Wasserstein(log_eigs,log_real_eigs): 1.211
torch.Size([64, 1600])
Epoch [148/1000], Wasserstein(eigs,real_eigs): 107.969, Wasserstein(log_eigs,log_real_eigs): 1.206
torch.Size([64, 1600])
Epoch [149/1000], Wasserstein(eigs,real_eigs): 107.636, Wasserstein(log_eigs,log_real_eigs): 1.141
torch.Size([64, 1600])
Epoch [150/1000], Wasserstein(eigs,real_eigs): 110.126, Wasserstein(log_eigs,log_real_eigs): 1.205
torch.Size([64, 1600])
Epoch [151/1000], Wasserstein(eigs,real_eigs): 82.841, Wasserstein(log_eigs,log_real_eigs): 1.072
torch.Size([64, 1600])
Epoch [152/1000], Wasserstein(eigs,real_eigs): 76.319, Wasserstein(log_eigs,log_real_eigs): 1.063
torch.Size([64, 1600])
Epoch [153/1000], Wasserstein(eigs,real_eigs): 73.462, Wasserstein(log_eigs,log_real_eigs): 1.011
torch.Size([64, 1600])
Epoch [154/1000], Wasserstein(eigs,real_eigs): 66.625, Wasserstein(log_eigs,log_real_eigs): 0.985
torch.Size([64, 1600])
Epoch [155/1000], Wasserstein(eigs,real_eigs): 60.406, Wasserstein(log_eigs,log_real_eigs): 0.931
torch.Size([64, 1600])
Epoch [156/1000], Wasserstein(eigs,real_eigs): 66.677, Wasserstein(log_eigs,log_real_eigs): 0.923
torch.Size([64, 1600])
Epoch [157/1000], Wasserstein(eigs,real_eigs): 60.861, Wasserstein(log_eigs,log_real_eigs): 0.968
torch.Size([64, 1600])
Epoch [158/1000], Wasserstein(eigs,real_eigs): 68.640, Wasserstein(log_eigs,log_real_eigs): 1.027
torch.Size([64, 1600])
Epoch [159/1000], Wasserstein(eigs,real_eigs): 58.232, Wasserstein(log_eigs,log_real_eigs): 1.015
torch.Size([64, 1600])
Epoch [160/1000], Wasserstein(eigs,real_eigs): 74.921, Wasserstein(log_eigs,log_real_eigs): 1.013
torch.Size([64, 1600])
Epoch [161/1000], Wasserstein(eigs,real_eigs): 83.412, Wasserstein(log_eigs,log_real_eigs): 1.119
torch.Size([64, 1600])
Epoch [162/1000], Wasserstein(eigs,real_eigs): 88.297, Wasserstein(log_eigs,log_real_eigs): 1.142
torch.Size([64, 1600])
Epoch [163/1000], Wasserstein(eigs,real_eigs): 81.360, Wasserstein(log_eigs,log_real_eigs): 1.086
torch.Size([64, 1600])
Epoch [164/1000], Wasserstein(eigs,real_eigs): 84.889, Wasserstein(log_eigs,log_real_eigs): 1.072
torch.Size([64, 1600])
Epoch [165/1000], Wasserstein(eigs,real_eigs): 108.370, Wasserstein(log_eigs,log_real_eigs): 1.121
torch.Size([64, 1600])
Epoch [166/1000], Wasserstein(eigs,real_eigs): 120.772, Wasserstein(log_eigs,log_real_eigs): 1.173
torch.Size([64, 1600])
Epoch [167/1000], Wasserstein(eigs,real_eigs): 121.185, Wasserstein(log_eigs,log_real_eigs): 1.177
torch.Size([64, 1600])
Epoch [168/1000], Wasserstein(eigs,real_eigs): 120.812, Wasserstein(log_eigs,log_real_eigs): 1.268
torch.Size([64, 1600])
Epoch [169/1000], Wasserstein(eigs,real_eigs): 123.314, Wasserstein(log_eigs,log_real_eigs): 1.188
torch.Size([64, 1600])
Epoch [170/1000], Wasserstein(eigs,real_eigs): 133.300, Wasserstein(log_eigs,log_real_eigs): 1.293
torch.Size([64, 1600])
Epoch [171/1000], Wasserstein(eigs,real_eigs): 117.246, Wasserstein(log_eigs,log_real_eigs): 1.288
torch.Size([64, 1600])
Epoch [172/1000], Wasserstein(eigs,real_eigs): 130.670, Wasserstein(log_eigs,log_real_eigs): 1.279
torch.Size([64, 1600])
Epoch [173/1000], Wasserstein(eigs,real_eigs): 114.368, Wasserstein(log_eigs,log_real_eigs): 1.250
torch.Size([64, 1600])
Epoch [174/1000], Wasserstein(eigs,real_eigs): 103.085, Wasserstein(log_eigs,log_real_eigs): 1.198
torch.Size([64, 1600])
Epoch [175/1000], Wasserstein(eigs,real_eigs): 98.147, Wasserstein(log_eigs,log_real_eigs): 1.209
torch.Size([64, 1600])
Epoch [176/1000], Wasserstein(eigs,real_eigs): 106.863, Wasserstein(log_eigs,log_real_eigs): 1.193
torch.Size([64, 1600])
Epoch [177/1000], Wasserstein(eigs,real_eigs): 109.252, Wasserstein(log_eigs,log_real_eigs): 1.187
torch.Size([64, 1600])
Epoch [178/1000], Wasserstein(eigs,real_eigs): 93.629, Wasserstein(log_eigs,log_real_eigs): 1.113
torch.Size([64, 1600])
Epoch [179/1000], Wasserstein(eigs,real_eigs): 82.293, Wasserstein(log_eigs,log_real_eigs): 1.052
torch.Size([64, 1600])
Epoch [180/1000], Wasserstein(eigs,real_eigs): 80.868, Wasserstein(log_eigs,log_real_eigs): 1.120
torch.Size([64, 1600])
Epoch [181/1000], Wasserstein(eigs,real_eigs): 88.841, Wasserstein(log_eigs,log_real_eigs): 1.074
torch.Size([64, 1600])
Epoch [182/1000], Wasserstein(eigs,real_eigs): 80.698, Wasserstein(log_eigs,log_real_eigs): 1.090
torch.Size([64, 1600])
Epoch [183/1000], Wasserstein(eigs,real_eigs): 74.386, Wasserstein(log_eigs,log_real_eigs): 1.081
torch.Size([64, 1600])
Epoch [184/1000], Wasserstein(eigs,real_eigs): 86.201, Wasserstein(log_eigs,log_real_eigs): 1.156
torch.Size([64, 1600])
Epoch [185/1000], Wasserstein(eigs,real_eigs): 82.706, Wasserstein(log_eigs,log_real_eigs): 1.114
torch.Size([64, 1600])
Epoch [186/1000], Wasserstein(eigs,real_eigs): 78.236, Wasserstein(log_eigs,log_real_eigs): 1.122
torch.Size([64, 1600])
Epoch [187/1000], Wasserstein(eigs,real_eigs): 73.916, Wasserstein(log_eigs,log_real_eigs): 1.058
torch.Size([64, 1600])
Epoch [188/1000], Wasserstein(eigs,real_eigs): 66.869, Wasserstein(log_eigs,log_real_eigs): 1.008
torch.Size([64, 1600])
Epoch [189/1000], Wasserstein(eigs,real_eigs): 63.337, Wasserstein(log_eigs,log_real_eigs): 1.010
torch.Size([64, 1600])
Epoch [190/1000], Wasserstein(eigs,real_eigs): 74.734, Wasserstein(log_eigs,log_real_eigs): 1.087
torch.Size([64, 1600])
Epoch [191/1000], Wasserstein(eigs,real_eigs): 64.540, Wasserstein(log_eigs,log_real_eigs): 1.006
torch.Size([64, 1600])
Epoch [192/1000], Wasserstein(eigs,real_eigs): 76.908, Wasserstein(log_eigs,log_real_eigs): 1.071
torch.Size([64, 1600])
Epoch [193/1000], Wasserstein(eigs,real_eigs): 76.124, Wasserstein(log_eigs,log_real_eigs): 1.106
torch.Size([64, 1600])
Epoch [194/1000], Wasserstein(eigs,real_eigs): 73.390, Wasserstein(log_eigs,log_real_eigs): 1.124
torch.Size([64, 1600])
Epoch [195/1000], Wasserstein(eigs,real_eigs): 73.757, Wasserstein(log_eigs,log_real_eigs): 1.094
torch.Size([64, 1600])
Epoch [196/1000], Wasserstein(eigs,real_eigs): 76.243, Wasserstein(log_eigs,log_real_eigs): 1.113
torch.Size([64, 1600])
Epoch [197/1000], Wasserstein(eigs,real_eigs): 65.197, Wasserstein(log_eigs,log_real_eigs): 1.036
torch.Size([64, 1600])
Epoch [198/1000], Wasserstein(eigs,real_eigs): 65.703, Wasserstein(log_eigs,log_real_eigs): 1.018
torch.Size([64, 1600])
Epoch [199/1000], Wasserstein(eigs,real_eigs): 75.494, Wasserstein(log_eigs,log_real_eigs): 1.051
torch.Size([64, 1600])
Epoch [200/1000], Wasserstein(eigs,real_eigs): 81.511, Wasserstein(log_eigs,log_real_eigs): 1.158
torch.Size([64, 1600])
Epoch [201/1000], Wasserstein(eigs,real_eigs): 94.393, Wasserstein(log_eigs,log_real_eigs): 1.169
torch.Size([64, 1600])
Epoch [202/1000], Wasserstein(eigs,real_eigs): 88.062, Wasserstein(log_eigs,log_real_eigs): 1.158
torch.Size([64, 1600])
Epoch [203/1000], Wasserstein(eigs,real_eigs): 97.135, Wasserstein(log_eigs,log_real_eigs): 1.192
torch.Size([64, 1600])
Epoch [204/1000], Wasserstein(eigs,real_eigs): 90.035, Wasserstein(log_eigs,log_real_eigs): 1.153
torch.Size([64, 1600])
Epoch [205/1000], Wasserstein(eigs,real_eigs): 100.385, Wasserstein(log_eigs,log_real_eigs): 1.228
torch.Size([64, 1600])
Epoch [206/1000], Wasserstein(eigs,real_eigs): 99.450, Wasserstein(log_eigs,log_real_eigs): 1.260
torch.Size([64, 1600])
Epoch [207/1000], Wasserstein(eigs,real_eigs): 109.164, Wasserstein(log_eigs,log_real_eigs): 1.273
torch.Size([64, 1600])
Epoch [208/1000], Wasserstein(eigs,real_eigs): 98.257, Wasserstein(log_eigs,log_real_eigs): 1.161
torch.Size([64, 1600])
Epoch [209/1000], Wasserstein(eigs,real_eigs): 118.346, Wasserstein(log_eigs,log_real_eigs): 1.342
torch.Size([64, 1600])
Epoch [210/1000], Wasserstein(eigs,real_eigs): 103.235, Wasserstein(log_eigs,log_real_eigs): 1.231
torch.Size([64, 1600])
Epoch [211/1000], Wasserstein(eigs,real_eigs): 108.709, Wasserstein(log_eigs,log_real_eigs): 1.204
torch.Size([64, 1600])
Epoch [212/1000], Wasserstein(eigs,real_eigs): 127.691, Wasserstein(log_eigs,log_real_eigs): 1.384
torch.Size([64, 1600])
Epoch [213/1000], Wasserstein(eigs,real_eigs): 125.699, Wasserstein(log_eigs,log_real_eigs): 1.291
torch.Size([64, 1600])
Epoch [214/1000], Wasserstein(eigs,real_eigs): 124.460, Wasserstein(log_eigs,log_real_eigs): 1.333
torch.Size([64, 1600])
Epoch [215/1000], Wasserstein(eigs,real_eigs): 113.787, Wasserstein(log_eigs,log_real_eigs): 1.282
torch.Size([64, 1600])
Epoch [216/1000], Wasserstein(eigs,real_eigs): 108.877, Wasserstein(log_eigs,log_real_eigs): 1.283
torch.Size([64, 1600])
Epoch [217/1000], Wasserstein(eigs,real_eigs): 116.370, Wasserstein(log_eigs,log_real_eigs): 1.305
torch.Size([64, 1600])
Epoch [218/1000], Wasserstein(eigs,real_eigs): 112.114, Wasserstein(log_eigs,log_real_eigs): 1.252
torch.Size([64, 1600])
Epoch [219/1000], Wasserstein(eigs,real_eigs): 120.723, Wasserstein(log_eigs,log_real_eigs): 1.349
torch.Size([64, 1600])
Epoch [220/1000], Wasserstein(eigs,real_eigs): 105.743, Wasserstein(log_eigs,log_real_eigs): 1.263
torch.Size([64, 1600])
Epoch [221/1000], Wasserstein(eigs,real_eigs): 109.500, Wasserstein(log_eigs,log_real_eigs): 1.235
torch.Size([64, 1600])
Epoch [222/1000], Wasserstein(eigs,real_eigs): 96.995, Wasserstein(log_eigs,log_real_eigs): 1.303
torch.Size([64, 1600])
Epoch [223/1000], Wasserstein(eigs,real_eigs): 106.788, Wasserstein(log_eigs,log_real_eigs): 1.265
torch.Size([64, 1600])
Epoch [224/1000], Wasserstein(eigs,real_eigs): 101.631, Wasserstein(log_eigs,log_real_eigs): 1.223
torch.Size([64, 1600])
Epoch [225/1000], Wasserstein(eigs,real_eigs): 108.637, Wasserstein(log_eigs,log_real_eigs): 1.268
torch.Size([64, 1600])
Epoch [226/1000], Wasserstein(eigs,real_eigs): 99.829, Wasserstein(log_eigs,log_real_eigs): 1.296
torch.Size([64, 1600])
Epoch [227/1000], Wasserstein(eigs,real_eigs): 108.486, Wasserstein(log_eigs,log_real_eigs): 1.255
torch.Size([64, 1600])
Epoch [228/1000], Wasserstein(eigs,real_eigs): 102.184, Wasserstein(log_eigs,log_real_eigs): 1.255
torch.Size([64, 1600])
Epoch [229/1000], Wasserstein(eigs,real_eigs): 102.694, Wasserstein(log_eigs,log_real_eigs): 1.271
torch.Size([64, 1600])
Epoch [230/1000], Wasserstein(eigs,real_eigs): 130.886, Wasserstein(log_eigs,log_real_eigs): 1.332
torch.Size([64, 1600])
Epoch [231/1000], Wasserstein(eigs,real_eigs): 119.250, Wasserstein(log_eigs,log_real_eigs): 1.305
torch.Size([64, 1600])
Epoch [232/1000], Wasserstein(eigs,real_eigs): 124.990, Wasserstein(log_eigs,log_real_eigs): 1.378
torch.Size([64, 1600])
Epoch [233/1000], Wasserstein(eigs,real_eigs): 127.587, Wasserstein(log_eigs,log_real_eigs): 1.334
torch.Size([64, 1600])
Epoch [234/1000], Wasserstein(eigs,real_eigs): 123.884, Wasserstein(log_eigs,log_real_eigs): 1.285
torch.Size([64, 1600])
Epoch [235/1000], Wasserstein(eigs,real_eigs): 127.917, Wasserstein(log_eigs,log_real_eigs): 1.362
torch.Size([64, 1600])
Epoch [236/1000], Wasserstein(eigs,real_eigs): 111.396, Wasserstein(log_eigs,log_real_eigs): 1.331
torch.Size([64, 1600])
Epoch [237/1000], Wasserstein(eigs,real_eigs): 139.251, Wasserstein(log_eigs,log_real_eigs): 1.381
torch.Size([64, 1600])
Epoch [238/1000], Wasserstein(eigs,real_eigs): 134.829, Wasserstein(log_eigs,log_real_eigs): 1.348
torch.Size([64, 1600])
Epoch [239/1000], Wasserstein(eigs,real_eigs): 142.761, Wasserstein(log_eigs,log_real_eigs): 1.425
torch.Size([64, 1600])
Epoch [240/1000], Wasserstein(eigs,real_eigs): 131.095, Wasserstein(log_eigs,log_real_eigs): 1.382
torch.Size([64, 1600])
Epoch [241/1000], Wasserstein(eigs,real_eigs): 114.465, Wasserstein(log_eigs,log_real_eigs): 1.260
torch.Size([64, 1600])
Epoch [242/1000], Wasserstein(eigs,real_eigs): 135.789, Wasserstein(log_eigs,log_real_eigs): 1.356
torch.Size([64, 1600])
Epoch [243/1000], Wasserstein(eigs,real_eigs): 139.318, Wasserstein(log_eigs,log_real_eigs): 1.384
torch.Size([64, 1600])
Epoch [244/1000], Wasserstein(eigs,real_eigs): 162.629, Wasserstein(log_eigs,log_real_eigs): 1.486
torch.Size([64, 1600])
Epoch [245/1000], Wasserstein(eigs,real_eigs): 163.141, Wasserstein(log_eigs,log_real_eigs): 1.460
torch.Size([64, 1600])
Epoch [246/1000], Wasserstein(eigs,real_eigs): 187.090, Wasserstein(log_eigs,log_real_eigs): 1.551
torch.Size([64, 1600])
Epoch [247/1000], Wasserstein(eigs,real_eigs): 181.214, Wasserstein(log_eigs,log_real_eigs): 1.459
torch.Size([64, 1600])
Epoch [248/1000], Wasserstein(eigs,real_eigs): 149.869, Wasserstein(log_eigs,log_real_eigs): 1.496
torch.Size([64, 1600])
Epoch [249/1000], Wasserstein(eigs,real_eigs): 144.724, Wasserstein(log_eigs,log_real_eigs): 1.406
torch.Size([64, 1600])
Epoch [250/1000], Wasserstein(eigs,real_eigs): 147.641, Wasserstein(log_eigs,log_real_eigs): 1.416
torch.Size([64, 1600])
Epoch [251/1000], Wasserstein(eigs,real_eigs): 141.436, Wasserstein(log_eigs,log_real_eigs): 1.392
torch.Size([64, 1600])
Epoch [252/1000], Wasserstein(eigs,real_eigs): 170.901, Wasserstein(log_eigs,log_real_eigs): 1.479
torch.Size([64, 1600])
Epoch [253/1000], Wasserstein(eigs,real_eigs): 176.515, Wasserstein(log_eigs,log_real_eigs): 1.520
torch.Size([64, 1600])
Epoch [254/1000], Wasserstein(eigs,real_eigs): 186.001, Wasserstein(log_eigs,log_real_eigs): 1.541
torch.Size([64, 1600])
Epoch [255/1000], Wasserstein(eigs,real_eigs): 169.448, Wasserstein(log_eigs,log_real_eigs): 1.480
torch.Size([64, 1600])
Epoch [256/1000], Wasserstein(eigs,real_eigs): 206.031, Wasserstein(log_eigs,log_real_eigs): 1.552
torch.Size([64, 1600])
Epoch [257/1000], Wasserstein(eigs,real_eigs): 206.012, Wasserstein(log_eigs,log_real_eigs): 1.557
torch.Size([64, 1600])
Epoch [258/1000], Wasserstein(eigs,real_eigs): 221.495, Wasserstein(log_eigs,log_real_eigs): 1.603
torch.Size([64, 1600])
Epoch [259/1000], Wasserstein(eigs,real_eigs): 199.323, Wasserstein(log_eigs,log_real_eigs): 1.555
torch.Size([64, 1600])
Epoch [260/1000], Wasserstein(eigs,real_eigs): 212.371, Wasserstein(log_eigs,log_real_eigs): 1.634
torch.Size([64, 1600])
Epoch [261/1000], Wasserstein(eigs,real_eigs): 167.796, Wasserstein(log_eigs,log_real_eigs): 1.461
torch.Size([64, 1600])
Epoch [262/1000], Wasserstein(eigs,real_eigs): 164.090, Wasserstein(log_eigs,log_real_eigs): 1.488
torch.Size([64, 1600])
Epoch [263/1000], Wasserstein(eigs,real_eigs): 170.904, Wasserstein(log_eigs,log_real_eigs): 1.557
torch.Size([64, 1600])
Epoch [264/1000], Wasserstein(eigs,real_eigs): 173.101, Wasserstein(log_eigs,log_real_eigs): 1.545
torch.Size([64, 1600])
Epoch [265/1000], Wasserstein(eigs,real_eigs): 192.393, Wasserstein(log_eigs,log_real_eigs): 1.548
torch.Size([64, 1600])
Epoch [266/1000], Wasserstein(eigs,real_eigs): 155.289, Wasserstein(log_eigs,log_real_eigs): 1.513
torch.Size([64, 1600])
Epoch [267/1000], Wasserstein(eigs,real_eigs): 151.676, Wasserstein(log_eigs,log_real_eigs): 1.362
torch.Size([64, 1600])
Epoch [268/1000], Wasserstein(eigs,real_eigs): 175.611, Wasserstein(log_eigs,log_real_eigs): 1.483
torch.Size([64, 1600])
Epoch [269/1000], Wasserstein(eigs,real_eigs): 164.315, Wasserstein(log_eigs,log_real_eigs): 1.506
torch.Size([64, 1600])
Epoch [270/1000], Wasserstein(eigs,real_eigs): 153.540, Wasserstein(log_eigs,log_real_eigs): 1.449
torch.Size([64, 1600])
Epoch [271/1000], Wasserstein(eigs,real_eigs): 153.016, Wasserstein(log_eigs,log_real_eigs): 1.481
torch.Size([64, 1600])
Epoch [272/1000], Wasserstein(eigs,real_eigs): 171.857, Wasserstein(log_eigs,log_real_eigs): 1.567
torch.Size([64, 1600])
Epoch [273/1000], Wasserstein(eigs,real_eigs): 154.236, Wasserstein(log_eigs,log_real_eigs): 1.466
torch.Size([64, 1600])
Epoch [274/1000], Wasserstein(eigs,real_eigs): 171.138, Wasserstein(log_eigs,log_real_eigs): 1.534
torch.Size([64, 1600])
Epoch [275/1000], Wasserstein(eigs,real_eigs): 169.679, Wasserstein(log_eigs,log_real_eigs): 1.495
torch.Size([64, 1600])
Epoch [276/1000], Wasserstein(eigs,real_eigs): 156.050, Wasserstein(log_eigs,log_real_eigs): 1.500
torch.Size([64, 1600])
Epoch [277/1000], Wasserstein(eigs,real_eigs): 169.307, Wasserstein(log_eigs,log_real_eigs): 1.483
torch.Size([64, 1600])
Epoch [278/1000], Wasserstein(eigs,real_eigs): 182.323, Wasserstein(log_eigs,log_real_eigs): 1.499
torch.Size([64, 1600])
Epoch [279/1000], Wasserstein(eigs,real_eigs): 209.950, Wasserstein(log_eigs,log_real_eigs): 1.630
torch.Size([64, 1600])
Epoch [280/1000], Wasserstein(eigs,real_eigs): 243.959, Wasserstein(log_eigs,log_real_eigs): 1.712
torch.Size([64, 1600])
Epoch [281/1000], Wasserstein(eigs,real_eigs): 241.884, Wasserstein(log_eigs,log_real_eigs): 1.640
torch.Size([64, 1600])
Epoch [282/1000], Wasserstein(eigs,real_eigs): 262.171, Wasserstein(log_eigs,log_real_eigs): 1.671
torch.Size([64, 1600])
Epoch [283/1000], Wasserstein(eigs,real_eigs): 297.332, Wasserstein(log_eigs,log_real_eigs): 1.719
torch.Size([64, 1600])
Epoch [284/1000], Wasserstein(eigs,real_eigs): 302.540, Wasserstein(log_eigs,log_real_eigs): 1.746
torch.Size([64, 1600])
Epoch [285/1000], Wasserstein(eigs,real_eigs): 362.102, Wasserstein(log_eigs,log_real_eigs): 1.773
torch.Size([64, 1600])
Epoch [286/1000], Wasserstein(eigs,real_eigs): 287.634, Wasserstein(log_eigs,log_real_eigs): 1.694
torch.Size([64, 1600])
Epoch [287/1000], Wasserstein(eigs,real_eigs): 275.671, Wasserstein(log_eigs,log_real_eigs): 1.736
torch.Size([64, 1600])
Epoch [288/1000], Wasserstein(eigs,real_eigs): 212.886, Wasserstein(log_eigs,log_real_eigs): 1.553
torch.Size([64, 1600])
Epoch [289/1000], Wasserstein(eigs,real_eigs): 176.529, Wasserstein(log_eigs,log_real_eigs): 1.531
torch.Size([64, 1600])
Epoch [290/1000], Wasserstein(eigs,real_eigs): 180.759, Wasserstein(log_eigs,log_real_eigs): 1.518
torch.Size([64, 1600])
Epoch [291/1000], Wasserstein(eigs,real_eigs): 116.619, Wasserstein(log_eigs,log_real_eigs): 1.366
torch.Size([64, 1600])
Epoch [292/1000], Wasserstein(eigs,real_eigs): 82.827, Wasserstein(log_eigs,log_real_eigs): 1.251
torch.Size([64, 1600])
Epoch [293/1000], Wasserstein(eigs,real_eigs): 94.142, Wasserstein(log_eigs,log_real_eigs): 1.268
torch.Size([64, 1600])
Epoch [294/1000], Wasserstein(eigs,real_eigs): 80.452, Wasserstein(log_eigs,log_real_eigs): 1.183
torch.Size([64, 1600])
Epoch [295/1000], Wasserstein(eigs,real_eigs): 93.211, Wasserstein(log_eigs,log_real_eigs): 1.310
torch.Size([64, 1600])
Epoch [296/1000], Wasserstein(eigs,real_eigs): 76.432, Wasserstein(log_eigs,log_real_eigs): 1.188
torch.Size([64, 1600])
Epoch [297/1000], Wasserstein(eigs,real_eigs): 87.461, Wasserstein(log_eigs,log_real_eigs): 1.239
torch.Size([64, 1600])
Epoch [298/1000], Wasserstein(eigs,real_eigs): 83.036, Wasserstein(log_eigs,log_real_eigs): 1.212
torch.Size([64, 1600])
Epoch [299/1000], Wasserstein(eigs,real_eigs): 67.191, Wasserstein(log_eigs,log_real_eigs): 1.141
torch.Size([64, 1600])
Epoch [300/1000], Wasserstein(eigs,real_eigs): 60.401, Wasserstein(log_eigs,log_real_eigs): 1.111
torch.Size([64, 1600])
Epoch [301/1000], Wasserstein(eigs,real_eigs): 74.240, Wasserstein(log_eigs,log_real_eigs): 1.167
torch.Size([64, 1600])
Epoch [302/1000], Wasserstein(eigs,real_eigs): 93.998, Wasserstein(log_eigs,log_real_eigs): 1.126
torch.Size([64, 1600])
Epoch [303/1000], Wasserstein(eigs,real_eigs): 66.777, Wasserstein(log_eigs,log_real_eigs): 1.046
torch.Size([64, 1600])
Epoch [304/1000], Wasserstein(eigs,real_eigs): 77.358, Wasserstein(log_eigs,log_real_eigs): 1.130
torch.Size([64, 1600])
Epoch [305/1000], Wasserstein(eigs,real_eigs): 99.888, Wasserstein(log_eigs,log_real_eigs): 1.282
torch.Size([64, 1600])
Epoch [306/1000], Wasserstein(eigs,real_eigs): 97.394, Wasserstein(log_eigs,log_real_eigs): 1.245
torch.Size([64, 1600])
Epoch [307/1000], Wasserstein(eigs,real_eigs): 91.844, Wasserstein(log_eigs,log_real_eigs): 1.237
torch.Size([64, 1600])
Epoch [308/1000], Wasserstein(eigs,real_eigs): 71.086, Wasserstein(log_eigs,log_real_eigs): 1.161
torch.Size([64, 1600])
Epoch [309/1000], Wasserstein(eigs,real_eigs): 84.758, Wasserstein(log_eigs,log_real_eigs): 1.205
torch.Size([64, 1600])
Epoch [310/1000], Wasserstein(eigs,real_eigs): 74.626, Wasserstein(log_eigs,log_real_eigs): 1.110
torch.Size([64, 1600])
Epoch [311/1000], Wasserstein(eigs,real_eigs): 83.849, Wasserstein(log_eigs,log_real_eigs): 1.209
torch.Size([64, 1600])
Epoch [312/1000], Wasserstein(eigs,real_eigs): 84.439, Wasserstein(log_eigs,log_real_eigs): 1.247
torch.Size([64, 1600])
Epoch [313/1000], Wasserstein(eigs,real_eigs): 92.675, Wasserstein(log_eigs,log_real_eigs): 1.252
torch.Size([64, 1600])
Epoch [314/1000], Wasserstein(eigs,real_eigs): 83.042, Wasserstein(log_eigs,log_real_eigs): 1.197
torch.Size([64, 1600])
Epoch [315/1000], Wasserstein(eigs,real_eigs): 97.093, Wasserstein(log_eigs,log_real_eigs): 1.290
torch.Size([64, 1600])
Epoch [316/1000], Wasserstein(eigs,real_eigs): 101.704, Wasserstein(log_eigs,log_real_eigs): 1.275
torch.Size([64, 1600])
Epoch [317/1000], Wasserstein(eigs,real_eigs): 98.032, Wasserstein(log_eigs,log_real_eigs): 1.286
torch.Size([64, 1600])
Epoch [318/1000], Wasserstein(eigs,real_eigs): 123.299, Wasserstein(log_eigs,log_real_eigs): 1.396
torch.Size([64, 1600])
Epoch [319/1000], Wasserstein(eigs,real_eigs): 116.026, Wasserstein(log_eigs,log_real_eigs): 1.324
torch.Size([64, 1600])
Epoch [320/1000], Wasserstein(eigs,real_eigs): 108.732, Wasserstein(log_eigs,log_real_eigs): 1.345
torch.Size([64, 1600])
Epoch [321/1000], Wasserstein(eigs,real_eigs): 107.485, Wasserstein(log_eigs,log_real_eigs): 1.356
torch.Size([64, 1600])
Epoch [322/1000], Wasserstein(eigs,real_eigs): 100.897, Wasserstein(log_eigs,log_real_eigs): 1.317
torch.Size([64, 1600])
Epoch [323/1000], Wasserstein(eigs,real_eigs): 101.958, Wasserstein(log_eigs,log_real_eigs): 1.286
torch.Size([64, 1600])
Epoch [324/1000], Wasserstein(eigs,real_eigs): 145.906, Wasserstein(log_eigs,log_real_eigs): 1.506
torch.Size([64, 1600])
Epoch [325/1000], Wasserstein(eigs,real_eigs): 115.017, Wasserstein(log_eigs,log_real_eigs): 1.345
torch.Size([64, 1600])
Epoch [326/1000], Wasserstein(eigs,real_eigs): 126.514, Wasserstein(log_eigs,log_real_eigs): 1.415
torch.Size([64, 1600])
Epoch [327/1000], Wasserstein(eigs,real_eigs): 152.889, Wasserstein(log_eigs,log_real_eigs): 1.463
torch.Size([64, 1600])
Epoch [328/1000], Wasserstein(eigs,real_eigs): 111.206, Wasserstein(log_eigs,log_real_eigs): 1.312
torch.Size([64, 1600])
Epoch [329/1000], Wasserstein(eigs,real_eigs): 117.464, Wasserstein(log_eigs,log_real_eigs): 1.385
torch.Size([64, 1600])
Epoch [330/1000], Wasserstein(eigs,real_eigs): 123.607, Wasserstein(log_eigs,log_real_eigs): 1.363
torch.Size([64, 1600])
Epoch [331/1000], Wasserstein(eigs,real_eigs): 114.976, Wasserstein(log_eigs,log_real_eigs): 1.362
torch.Size([64, 1600])
Epoch [332/1000], Wasserstein(eigs,real_eigs): 154.570, Wasserstein(log_eigs,log_real_eigs): 1.545
torch.Size([64, 1600])
Epoch [333/1000], Wasserstein(eigs,real_eigs): 164.508, Wasserstein(log_eigs,log_real_eigs): 1.531
torch.Size([64, 1600])
Epoch [334/1000], Wasserstein(eigs,real_eigs): 179.404, Wasserstein(log_eigs,log_real_eigs): 1.615
torch.Size([64, 1600])
Epoch [335/1000], Wasserstein(eigs,real_eigs): 142.754, Wasserstein(log_eigs,log_real_eigs): 1.506
torch.Size([64, 1600])
Epoch [336/1000], Wasserstein(eigs,real_eigs): 114.454, Wasserstein(log_eigs,log_real_eigs): 1.358
torch.Size([64, 1600])
Epoch [337/1000], Wasserstein(eigs,real_eigs): 110.598, Wasserstein(log_eigs,log_real_eigs): 1.325
torch.Size([64, 1600])
Epoch [338/1000], Wasserstein(eigs,real_eigs): 132.088, Wasserstein(log_eigs,log_real_eigs): 1.418
torch.Size([64, 1600])
Epoch [339/1000], Wasserstein(eigs,real_eigs): 147.104, Wasserstein(log_eigs,log_real_eigs): 1.466
torch.Size([64, 1600])
Epoch [340/1000], Wasserstein(eigs,real_eigs): 194.425, Wasserstein(log_eigs,log_real_eigs): 1.552
torch.Size([64, 1600])
Epoch [341/1000], Wasserstein(eigs,real_eigs): 171.016, Wasserstein(log_eigs,log_real_eigs): 1.516
torch.Size([64, 1600])
Epoch [342/1000], Wasserstein(eigs,real_eigs): 180.583, Wasserstein(log_eigs,log_real_eigs): 1.533
torch.Size([64, 1600])
Epoch [343/1000], Wasserstein(eigs,real_eigs): 185.835, Wasserstein(log_eigs,log_real_eigs): 1.520
torch.Size([64, 1600])
Epoch [344/1000], Wasserstein(eigs,real_eigs): 185.175, Wasserstein(log_eigs,log_real_eigs): 1.544
torch.Size([64, 1600])
Epoch [345/1000], Wasserstein(eigs,real_eigs): 118.510, Wasserstein(log_eigs,log_real_eigs): 1.340
torch.Size([64, 1600])
Epoch [346/1000], Wasserstein(eigs,real_eigs): 152.962, Wasserstein(log_eigs,log_real_eigs): 1.460
torch.Size([64, 1600])
Epoch [347/1000], Wasserstein(eigs,real_eigs): 159.628, Wasserstein(log_eigs,log_real_eigs): 1.534
torch.Size([64, 1600])
Epoch [348/1000], Wasserstein(eigs,real_eigs): 155.074, Wasserstein(log_eigs,log_real_eigs): 1.521
torch.Size([64, 1600])
Epoch [349/1000], Wasserstein(eigs,real_eigs): 114.230, Wasserstein(log_eigs,log_real_eigs): 1.351
torch.Size([64, 1600])
Epoch [350/1000], Wasserstein(eigs,real_eigs): 80.348, Wasserstein(log_eigs,log_real_eigs): 1.208
torch.Size([64, 1600])
Epoch [351/1000], Wasserstein(eigs,real_eigs): 70.807, Wasserstein(log_eigs,log_real_eigs): 1.157
torch.Size([64, 1600])
Epoch [352/1000], Wasserstein(eigs,real_eigs): 80.338, Wasserstein(log_eigs,log_real_eigs): 1.198
torch.Size([64, 1600])
Epoch [353/1000], Wasserstein(eigs,real_eigs): 121.766, Wasserstein(log_eigs,log_real_eigs): 1.357
torch.Size([64, 1600])
Epoch [354/1000], Wasserstein(eigs,real_eigs): 105.867, Wasserstein(log_eigs,log_real_eigs): 1.327
torch.Size([64, 1600])
Epoch [355/1000], Wasserstein(eigs,real_eigs): 84.548, Wasserstein(log_eigs,log_real_eigs): 1.247
torch.Size([64, 1600])
Epoch [356/1000], Wasserstein(eigs,real_eigs): 71.446, Wasserstein(log_eigs,log_real_eigs): 1.092
torch.Size([64, 1600])
Epoch [357/1000], Wasserstein(eigs,real_eigs): 63.843, Wasserstein(log_eigs,log_real_eigs): 1.073
torch.Size([64, 1600])
Epoch [358/1000], Wasserstein(eigs,real_eigs): 69.032, Wasserstein(log_eigs,log_real_eigs): 1.178
torch.Size([64, 1600])
Epoch [359/1000], Wasserstein(eigs,real_eigs): 45.135, Wasserstein(log_eigs,log_real_eigs): 1.026
torch.Size([64, 1600])
Epoch [360/1000], Wasserstein(eigs,real_eigs): 26.204, Wasserstein(log_eigs,log_real_eigs): 0.775
torch.Size([64, 1600])
Epoch [361/1000], Wasserstein(eigs,real_eigs): 18.938, Wasserstein(log_eigs,log_real_eigs): 0.631
torch.Size([64, 1600])
Epoch [362/1000], Wasserstein(eigs,real_eigs): 14.822, Wasserstein(log_eigs,log_real_eigs): 0.571
torch.Size([64, 1600])
Epoch [363/1000], Wasserstein(eigs,real_eigs): 9.774, Wasserstein(log_eigs,log_real_eigs): 0.449
torch.Size([64, 1600])
Epoch [364/1000], Wasserstein(eigs,real_eigs): 4.819, Wasserstein(log_eigs,log_real_eigs): 0.260
torch.Size([64, 1600])
Epoch [365/1000], Wasserstein(eigs,real_eigs): 3.331, Wasserstein(log_eigs,log_real_eigs): 0.646
torch.Size([64, 1600])
Epoch [366/1000], Wasserstein(eigs,real_eigs): 2.588, Wasserstein(log_eigs,log_real_eigs): 0.476
torch.Size([64, 1600])
Epoch [367/1000], Wasserstein(eigs,real_eigs): 0.474, Wasserstein(log_eigs,log_real_eigs): 0.115
torch.Size([64, 1600])
Epoch [368/1000], Wasserstein(eigs,real_eigs): 1.887, Wasserstein(log_eigs,log_real_eigs): 0.158
torch.Size([64, 1600])
Epoch [369/1000], Wasserstein(eigs,real_eigs): 3.848, Wasserstein(log_eigs,log_real_eigs): 0.271
torch.Size([64, 1600])
Epoch [370/1000], Wasserstein(eigs,real_eigs): 7.539, Wasserstein(log_eigs,log_real_eigs): 0.412
torch.Size([64, 1600])
Epoch [371/1000], Wasserstein(eigs,real_eigs): 10.002, Wasserstein(log_eigs,log_real_eigs): 0.494
torch.Size([64, 1600])
Epoch [372/1000], Wasserstein(eigs,real_eigs): 6.414, Wasserstein(log_eigs,log_real_eigs): 0.414
torch.Size([64, 1600])
Epoch [373/1000], Wasserstein(eigs,real_eigs): 3.034, Wasserstein(log_eigs,log_real_eigs): 0.261
torch.Size([64, 1600])
Epoch [374/1000], Wasserstein(eigs,real_eigs): 0.705, Wasserstein(log_eigs,log_real_eigs): 0.110
torch.Size([64, 1600])
Epoch [375/1000], Wasserstein(eigs,real_eigs): 2.968, Wasserstein(log_eigs,log_real_eigs): 0.453
torch.Size([64, 1600])
Epoch [376/1000], Wasserstein(eigs,real_eigs): 3.627, Wasserstein(log_eigs,log_real_eigs): 0.732
torch.Size([64, 1600])
Epoch [377/1000], Wasserstein(eigs,real_eigs): 1.561, Wasserstein(log_eigs,log_real_eigs): 0.177
torch.Size([64, 1600])
Epoch [378/1000], Wasserstein(eigs,real_eigs): 1.814, Wasserstein(log_eigs,log_real_eigs): 0.185
torch.Size([64, 1600])
Epoch [379/1000], Wasserstein(eigs,real_eigs): 2.626, Wasserstein(log_eigs,log_real_eigs): 0.276
torch.Size([64, 1600])
Epoch [380/1000], Wasserstein(eigs,real_eigs): 4.678, Wasserstein(log_eigs,log_real_eigs): 0.320
torch.Size([64, 1600])
Epoch [381/1000], Wasserstein(eigs,real_eigs): 7.169, Wasserstein(log_eigs,log_real_eigs): 0.419
torch.Size([64, 1600])
Epoch [382/1000], Wasserstein(eigs,real_eigs): 5.332, Wasserstein(log_eigs,log_real_eigs): 0.373
torch.Size([64, 1600])
Epoch [383/1000], Wasserstein(eigs,real_eigs): 2.443, Wasserstein(log_eigs,log_real_eigs): 0.178
torch.Size([64, 1600])
Epoch [384/1000], Wasserstein(eigs,real_eigs): 0.488, Wasserstein(log_eigs,log_real_eigs): 0.096
torch.Size([64, 1600])
Epoch [385/1000], Wasserstein(eigs,real_eigs): 1.831, Wasserstein(log_eigs,log_real_eigs): 0.326
torch.Size([64, 1600])
Epoch [386/1000], Wasserstein(eigs,real_eigs): 3.700, Wasserstein(log_eigs,log_real_eigs): 0.744
torch.Size([64, 1600])
Epoch [387/1000], Wasserstein(eigs,real_eigs): 1.726, Wasserstein(log_eigs,log_real_eigs): 0.263
torch.Size([64, 1600])
Epoch [388/1000], Wasserstein(eigs,real_eigs): 0.988, Wasserstein(log_eigs,log_real_eigs): 0.116
torch.Size([64, 1600])
Epoch [389/1000], Wasserstein(eigs,real_eigs): 2.414, Wasserstein(log_eigs,log_real_eigs): 0.209
torch.Size([64, 1600])
Epoch [390/1000], Wasserstein(eigs,real_eigs): 4.478, Wasserstein(log_eigs,log_real_eigs): 0.323
torch.Size([64, 1600])
Epoch [391/1000], Wasserstein(eigs,real_eigs): 7.115, Wasserstein(log_eigs,log_real_eigs): 0.426
torch.Size([64, 1600])
Epoch [392/1000], Wasserstein(eigs,real_eigs): 8.153, Wasserstein(log_eigs,log_real_eigs): 0.456
torch.Size([64, 1600])
Epoch [393/1000], Wasserstein(eigs,real_eigs): 8.240, Wasserstein(log_eigs,log_real_eigs): 0.472
torch.Size([64, 1600])
Epoch [394/1000], Wasserstein(eigs,real_eigs): 4.901, Wasserstein(log_eigs,log_real_eigs): 0.337
torch.Size([64, 1600])
Epoch [395/1000], Wasserstein(eigs,real_eigs): 0.792, Wasserstein(log_eigs,log_real_eigs): 0.111
torch.Size([64, 1600])
Epoch [396/1000], Wasserstein(eigs,real_eigs): 3.338, Wasserstein(log_eigs,log_real_eigs): 0.602
torch.Size([64, 1600])
Epoch [397/1000], Wasserstein(eigs,real_eigs): 3.165, Wasserstein(log_eigs,log_real_eigs): 0.506
torch.Size([64, 1600])
Epoch [398/1000], Wasserstein(eigs,real_eigs): 0.375, Wasserstein(log_eigs,log_real_eigs): 0.097
torch.Size([64, 1600])
Epoch [399/1000], Wasserstein(eigs,real_eigs): 2.154, Wasserstein(log_eigs,log_real_eigs): 0.216
torch.Size([64, 1600])
Epoch [400/1000], Wasserstein(eigs,real_eigs): 6.036, Wasserstein(log_eigs,log_real_eigs): 0.348
torch.Size([64, 1600])
Epoch [401/1000], Wasserstein(eigs,real_eigs): 6.732, Wasserstein(log_eigs,log_real_eigs): 0.442
torch.Size([64, 1600])
Epoch [402/1000], Wasserstein(eigs,real_eigs): 11.139, Wasserstein(log_eigs,log_real_eigs): 0.579
torch.Size([64, 1600])
Epoch [403/1000], Wasserstein(eigs,real_eigs): 9.828, Wasserstein(log_eigs,log_real_eigs): 0.531
torch.Size([64, 1600])
Epoch [404/1000], Wasserstein(eigs,real_eigs): 4.081, Wasserstein(log_eigs,log_real_eigs): 0.259
torch.Size([64, 1600])
Epoch [405/1000], Wasserstein(eigs,real_eigs): 0.439, Wasserstein(log_eigs,log_real_eigs): 0.102
torch.Size([64, 1600])
Epoch [406/1000], Wasserstein(eigs,real_eigs): 3.398, Wasserstein(log_eigs,log_real_eigs): 0.627
torch.Size([64, 1600])
Epoch [407/1000], Wasserstein(eigs,real_eigs): 3.016, Wasserstein(log_eigs,log_real_eigs): 0.455
torch.Size([64, 1600])
Epoch [408/1000], Wasserstein(eigs,real_eigs): 0.335, Wasserstein(log_eigs,log_real_eigs): 0.095
torch.Size([64, 1600])
Epoch [409/1000], Wasserstein(eigs,real_eigs): 3.403, Wasserstein(log_eigs,log_real_eigs): 0.308
torch.Size([64, 1600])
Epoch [410/1000], Wasserstein(eigs,real_eigs): 4.235, Wasserstein(log_eigs,log_real_eigs): 0.332
torch.Size([64, 1600])
Epoch [411/1000], Wasserstein(eigs,real_eigs): 1.824, Wasserstein(log_eigs,log_real_eigs): 0.189
torch.Size([64, 1600])
Epoch [412/1000], Wasserstein(eigs,real_eigs): 2.820, Wasserstein(log_eigs,log_real_eigs): 0.243
torch.Size([64, 1600])
Epoch [413/1000], Wasserstein(eigs,real_eigs): 2.978, Wasserstein(log_eigs,log_real_eigs): 0.296
torch.Size([64, 1600])
Epoch [414/1000], Wasserstein(eigs,real_eigs): 0.461, Wasserstein(log_eigs,log_real_eigs): 0.112
torch.Size([64, 1600])
Epoch [415/1000], Wasserstein(eigs,real_eigs): 2.427, Wasserstein(log_eigs,log_real_eigs): 0.371
torch.Size([64, 1600])
Epoch [416/1000], Wasserstein(eigs,real_eigs): 3.355, Wasserstein(log_eigs,log_real_eigs): 0.585
torch.Size([64, 1600])
Epoch [417/1000], Wasserstein(eigs,real_eigs): 0.428, Wasserstein(log_eigs,log_real_eigs): 0.094
torch.Size([64, 1600])
Epoch [418/1000], Wasserstein(eigs,real_eigs): 2.875, Wasserstein(log_eigs,log_real_eigs): 0.227
torch.Size([64, 1600])
Epoch [419/1000], Wasserstein(eigs,real_eigs): 10.425, Wasserstein(log_eigs,log_real_eigs): 0.539
torch.Size([64, 1600])
Epoch [420/1000], Wasserstein(eigs,real_eigs): 14.415, Wasserstein(log_eigs,log_real_eigs): 0.651
torch.Size([64, 1600])
Epoch [421/1000], Wasserstein(eigs,real_eigs): 15.452, Wasserstein(log_eigs,log_real_eigs): 0.616
torch.Size([64, 1600])
Epoch [422/1000], Wasserstein(eigs,real_eigs): 16.544, Wasserstein(log_eigs,log_real_eigs): 0.758
torch.Size([64, 1600])
Epoch [423/1000], Wasserstein(eigs,real_eigs): 13.828, Wasserstein(log_eigs,log_real_eigs): 0.639
torch.Size([64, 1600])
Epoch [424/1000], Wasserstein(eigs,real_eigs): 15.760, Wasserstein(log_eigs,log_real_eigs): 0.656
torch.Size([64, 1600])
Epoch [425/1000], Wasserstein(eigs,real_eigs): 11.814, Wasserstein(log_eigs,log_real_eigs): 0.578
torch.Size([64, 1600])
Epoch [426/1000], Wasserstein(eigs,real_eigs): 8.667, Wasserstein(log_eigs,log_real_eigs): 0.456
torch.Size([64, 1600])
Epoch [427/1000], Wasserstein(eigs,real_eigs): 7.187, Wasserstein(log_eigs,log_real_eigs): 0.394
torch.Size([64, 1600])
Epoch [428/1000], Wasserstein(eigs,real_eigs): 2.126, Wasserstein(log_eigs,log_real_eigs): 0.179
torch.Size([64, 1600])
Epoch [429/1000], Wasserstein(eigs,real_eigs): 2.375, Wasserstein(log_eigs,log_real_eigs): 0.296
torch.Size([64, 1600])
Epoch [430/1000], Wasserstein(eigs,real_eigs): 3.632, Wasserstein(log_eigs,log_real_eigs): 0.728
torch.Size([64, 1600])
Epoch [431/1000], Wasserstein(eigs,real_eigs): 0.533, Wasserstein(log_eigs,log_real_eigs): 0.115
torch.Size([64, 1600])
Epoch [432/1000], Wasserstein(eigs,real_eigs): 4.908, Wasserstein(log_eigs,log_real_eigs): 0.354
torch.Size([64, 1600])
Epoch [433/1000], Wasserstein(eigs,real_eigs): 7.982, Wasserstein(log_eigs,log_real_eigs): 0.418
torch.Size([64, 1600])
Epoch [434/1000], Wasserstein(eigs,real_eigs): 10.731, Wasserstein(log_eigs,log_real_eigs): 0.515
torch.Size([64, 1600])
Epoch [435/1000], Wasserstein(eigs,real_eigs): 14.009, Wasserstein(log_eigs,log_real_eigs): 0.528
torch.Size([64, 1600])
Epoch [436/1000], Wasserstein(eigs,real_eigs): 10.992, Wasserstein(log_eigs,log_real_eigs): 0.554
torch.Size([64, 1600])
Epoch [437/1000], Wasserstein(eigs,real_eigs): 10.161, Wasserstein(log_eigs,log_real_eigs): 0.483
torch.Size([64, 1600])
Epoch [438/1000], Wasserstein(eigs,real_eigs): 6.499, Wasserstein(log_eigs,log_real_eigs): 0.403
torch.Size([64, 1600])
Epoch [439/1000], Wasserstein(eigs,real_eigs): 2.583, Wasserstein(log_eigs,log_real_eigs): 0.193
torch.Size([64, 1600])
Epoch [440/1000], Wasserstein(eigs,real_eigs): 2.242, Wasserstein(log_eigs,log_real_eigs): 0.320
torch.Size([64, 1600])
Epoch [441/1000], Wasserstein(eigs,real_eigs): 3.795, Wasserstein(log_eigs,log_real_eigs): 0.772
torch.Size([64, 1600])
Epoch [442/1000], Wasserstein(eigs,real_eigs): 1.384, Wasserstein(log_eigs,log_real_eigs): 0.188
torch.Size([64, 1600])
Epoch [443/1000], Wasserstein(eigs,real_eigs): 2.133, Wasserstein(log_eigs,log_real_eigs): 0.191
torch.Size([64, 1600])
Epoch [444/1000], Wasserstein(eigs,real_eigs): 4.005, Wasserstein(log_eigs,log_real_eigs): 0.326
torch.Size([64, 1600])
Epoch [445/1000], Wasserstein(eigs,real_eigs): 12.483, Wasserstein(log_eigs,log_real_eigs): 0.580
torch.Size([64, 1600])
Epoch [446/1000], Wasserstein(eigs,real_eigs): 15.034, Wasserstein(log_eigs,log_real_eigs): 0.714
torch.Size([64, 1600])
Epoch [447/1000], Wasserstein(eigs,real_eigs): 15.198, Wasserstein(log_eigs,log_real_eigs): 0.661
torch.Size([64, 1600])
Epoch [448/1000], Wasserstein(eigs,real_eigs): 9.896, Wasserstein(log_eigs,log_real_eigs): 0.523
torch.Size([64, 1600])
Epoch [449/1000], Wasserstein(eigs,real_eigs): 5.494, Wasserstein(log_eigs,log_real_eigs): 0.394
torch.Size([64, 1600])
Epoch [450/1000], Wasserstein(eigs,real_eigs): 2.330, Wasserstein(log_eigs,log_real_eigs): 0.196
torch.Size([64, 1600])
Epoch [451/1000], Wasserstein(eigs,real_eigs): 1.145, Wasserstein(log_eigs,log_real_eigs): 0.183
torch.Size([64, 1600])
Epoch [452/1000], Wasserstein(eigs,real_eigs): 3.577, Wasserstein(log_eigs,log_real_eigs): 0.681
torch.Size([64, 1600])
Epoch [453/1000], Wasserstein(eigs,real_eigs): 2.346, Wasserstein(log_eigs,log_real_eigs): 0.312
torch.Size([64, 1600])
Epoch [454/1000], Wasserstein(eigs,real_eigs): 1.187, Wasserstein(log_eigs,log_real_eigs): 0.190
torch.Size([64, 1600])
Epoch [455/1000], Wasserstein(eigs,real_eigs): 3.847, Wasserstein(log_eigs,log_real_eigs): 0.368
torch.Size([64, 1600])
Epoch [456/1000], Wasserstein(eigs,real_eigs): 6.134, Wasserstein(log_eigs,log_real_eigs): 0.408
torch.Size([64, 1600])
Epoch [457/1000], Wasserstein(eigs,real_eigs): 11.659, Wasserstein(log_eigs,log_real_eigs): 0.591
torch.Size([64, 1600])
Epoch [458/1000], Wasserstein(eigs,real_eigs): 4.686, Wasserstein(log_eigs,log_real_eigs): 0.376
torch.Size([64, 1600])
Epoch [459/1000], Wasserstein(eigs,real_eigs): 3.319, Wasserstein(log_eigs,log_real_eigs): 0.305
torch.Size([64, 1600])
Epoch [460/1000], Wasserstein(eigs,real_eigs): 4.611, Wasserstein(log_eigs,log_real_eigs): 0.383
torch.Size([64, 1600])
Epoch [461/1000], Wasserstein(eigs,real_eigs): 1.522, Wasserstein(log_eigs,log_real_eigs): 0.176
torch.Size([64, 1600])
Epoch [462/1000], Wasserstein(eigs,real_eigs): 0.318, Wasserstein(log_eigs,log_real_eigs): 0.108
torch.Size([64, 1600])
Epoch [463/1000], Wasserstein(eigs,real_eigs): 1.977, Wasserstein(log_eigs,log_real_eigs): 0.248
torch.Size([64, 1600])
Epoch [464/1000], Wasserstein(eigs,real_eigs): 3.289, Wasserstein(log_eigs,log_real_eigs): 0.580
torch.Size([64, 1600])
Epoch [465/1000], Wasserstein(eigs,real_eigs): 1.631, Wasserstein(log_eigs,log_real_eigs): 0.193
torch.Size([64, 1600])
Epoch [466/1000], Wasserstein(eigs,real_eigs): 1.010, Wasserstein(log_eigs,log_real_eigs): 0.145
torch.Size([64, 1600])
Epoch [467/1000], Wasserstein(eigs,real_eigs): 2.516, Wasserstein(log_eigs,log_real_eigs): 0.243
torch.Size([64, 1600])
Epoch [468/1000], Wasserstein(eigs,real_eigs): 3.844, Wasserstein(log_eigs,log_real_eigs): 0.336
torch.Size([64, 1600])
Epoch [469/1000], Wasserstein(eigs,real_eigs): 4.270, Wasserstein(log_eigs,log_real_eigs): 0.336
torch.Size([64, 1600])
Epoch [470/1000], Wasserstein(eigs,real_eigs): 4.622, Wasserstein(log_eigs,log_real_eigs): 0.297
torch.Size([64, 1600])
Epoch [471/1000], Wasserstein(eigs,real_eigs): 5.980, Wasserstein(log_eigs,log_real_eigs): 0.360
torch.Size([64, 1600])
Epoch [472/1000], Wasserstein(eigs,real_eigs): 8.719, Wasserstein(log_eigs,log_real_eigs): 0.428
torch.Size([64, 1600])
Epoch [473/1000], Wasserstein(eigs,real_eigs): 16.374, Wasserstein(log_eigs,log_real_eigs): 0.629
torch.Size([64, 1600])
Epoch [474/1000], Wasserstein(eigs,real_eigs): 21.836, Wasserstein(log_eigs,log_real_eigs): 0.763
torch.Size([64, 1600])
Epoch [475/1000], Wasserstein(eigs,real_eigs): 27.808, Wasserstein(log_eigs,log_real_eigs): 0.813
torch.Size([64, 1600])
Epoch [476/1000], Wasserstein(eigs,real_eigs): 21.941, Wasserstein(log_eigs,log_real_eigs): 0.732
torch.Size([64, 1600])
Epoch [477/1000], Wasserstein(eigs,real_eigs): 16.330, Wasserstein(log_eigs,log_real_eigs): 0.647
torch.Size([64, 1600])
Epoch [478/1000], Wasserstein(eigs,real_eigs): 11.721, Wasserstein(log_eigs,log_real_eigs): 0.562
torch.Size([64, 1600])
Epoch [479/1000], Wasserstein(eigs,real_eigs): 9.832, Wasserstein(log_eigs,log_real_eigs): 0.502
torch.Size([64, 1600])
Epoch [480/1000], Wasserstein(eigs,real_eigs): 8.171, Wasserstein(log_eigs,log_real_eigs): 0.441
torch.Size([64, 1600])
Epoch [481/1000], Wasserstein(eigs,real_eigs): 5.379, Wasserstein(log_eigs,log_real_eigs): 0.374
torch.Size([64, 1600])
Epoch [482/1000], Wasserstein(eigs,real_eigs): 3.305, Wasserstein(log_eigs,log_real_eigs): 0.265
torch.Size([64, 1600])
Epoch [483/1000], Wasserstein(eigs,real_eigs): 1.649, Wasserstein(log_eigs,log_real_eigs): 0.170
torch.Size([64, 1600])
Epoch [484/1000], Wasserstein(eigs,real_eigs): 2.083, Wasserstein(log_eigs,log_real_eigs): 0.265
torch.Size([64, 1600])
Epoch [485/1000], Wasserstein(eigs,real_eigs): 3.461, Wasserstein(log_eigs,log_real_eigs): 0.616
torch.Size([64, 1600])
Epoch [486/1000], Wasserstein(eigs,real_eigs): 2.701, Wasserstein(log_eigs,log_real_eigs): 0.381
torch.Size([64, 1600])
Epoch [487/1000], Wasserstein(eigs,real_eigs): 0.593, Wasserstein(log_eigs,log_real_eigs): 0.120
torch.Size([64, 1600])
Epoch [488/1000], Wasserstein(eigs,real_eigs): 0.545, Wasserstein(log_eigs,log_real_eigs): 0.108
torch.Size([64, 1600])
Epoch [489/1000], Wasserstein(eigs,real_eigs): 0.713, Wasserstein(log_eigs,log_real_eigs): 0.124
torch.Size([64, 1600])
Epoch [490/1000], Wasserstein(eigs,real_eigs): 1.725, Wasserstein(log_eigs,log_real_eigs): 0.218
torch.Size([64, 1600])
Epoch [491/1000], Wasserstein(eigs,real_eigs): 1.947, Wasserstein(log_eigs,log_real_eigs): 0.202
torch.Size([64, 1600])
Epoch [492/1000], Wasserstein(eigs,real_eigs): 0.780, Wasserstein(log_eigs,log_real_eigs): 0.138
torch.Size([64, 1600])
Epoch [493/1000], Wasserstein(eigs,real_eigs): 0.650, Wasserstein(log_eigs,log_real_eigs): 0.116
torch.Size([64, 1600])
Epoch [494/1000], Wasserstein(eigs,real_eigs): 0.408, Wasserstein(log_eigs,log_real_eigs): 0.105
torch.Size([64, 1600])
Epoch [495/1000], Wasserstein(eigs,real_eigs): 0.632, Wasserstein(log_eigs,log_real_eigs): 0.111
torch.Size([64, 1600])
Epoch [496/1000], Wasserstein(eigs,real_eigs): 1.457, Wasserstein(log_eigs,log_real_eigs): 0.178
torch.Size([64, 1600])
Epoch [497/1000], Wasserstein(eigs,real_eigs): 1.763, Wasserstein(log_eigs,log_real_eigs): 0.215
torch.Size([64, 1600])
Epoch [498/1000], Wasserstein(eigs,real_eigs): 2.166, Wasserstein(log_eigs,log_real_eigs): 0.247
torch.Size([64, 1600])
Epoch [499/1000], Wasserstein(eigs,real_eigs): 0.637, Wasserstein(log_eigs,log_real_eigs): 0.114
torch.Size([64, 1600])
Epoch [500/1000], Wasserstein(eigs,real_eigs): 0.969, Wasserstein(log_eigs,log_real_eigs): 0.169
torch.Size([64, 1600])
Epoch [501/1000], Wasserstein(eigs,real_eigs): 0.929, Wasserstein(log_eigs,log_real_eigs): 0.128
torch.Size([64, 1600])
Epoch [502/1000], Wasserstein(eigs,real_eigs): 1.405, Wasserstein(log_eigs,log_real_eigs): 0.166
torch.Size([64, 1600])
Epoch [503/1000], Wasserstein(eigs,real_eigs): 0.459, Wasserstein(log_eigs,log_real_eigs): 0.118
torch.Size([64, 1600])
Epoch [504/1000], Wasserstein(eigs,real_eigs): 1.380, Wasserstein(log_eigs,log_real_eigs): 0.153
torch.Size([64, 1600])
Epoch [505/1000], Wasserstein(eigs,real_eigs): 1.182, Wasserstein(log_eigs,log_real_eigs): 0.142
torch.Size([64, 1600])
Epoch [506/1000], Wasserstein(eigs,real_eigs): 0.389, Wasserstein(log_eigs,log_real_eigs): 0.101
torch.Size([64, 1600])
Epoch [507/1000], Wasserstein(eigs,real_eigs): 1.735, Wasserstein(log_eigs,log_real_eigs): 0.215
torch.Size([64, 1600])
Epoch [508/1000], Wasserstein(eigs,real_eigs): 1.341, Wasserstein(log_eigs,log_real_eigs): 0.177
torch.Size([64, 1600])
Epoch [509/1000], Wasserstein(eigs,real_eigs): 1.565, Wasserstein(log_eigs,log_real_eigs): 0.205
torch.Size([64, 1600])
Epoch [510/1000], Wasserstein(eigs,real_eigs): 0.611, Wasserstein(log_eigs,log_real_eigs): 0.108
torch.Size([64, 1600])
Epoch [511/1000], Wasserstein(eigs,real_eigs): 0.332, Wasserstein(log_eigs,log_real_eigs): 0.100
torch.Size([64, 1600])
Epoch [512/1000], Wasserstein(eigs,real_eigs): 0.497, Wasserstein(log_eigs,log_real_eigs): 0.108
torch.Size([64, 1600])
Epoch [513/1000], Wasserstein(eigs,real_eigs): 0.578, Wasserstein(log_eigs,log_real_eigs): 0.125
torch.Size([64, 1600])
Epoch [514/1000], Wasserstein(eigs,real_eigs): 0.404, Wasserstein(log_eigs,log_real_eigs): 0.125
torch.Size([64, 1600])
Epoch [515/1000], Wasserstein(eigs,real_eigs): 0.468, Wasserstein(log_eigs,log_real_eigs): 0.150
torch.Size([64, 1600])
Epoch [516/1000], Wasserstein(eigs,real_eigs): 0.453, Wasserstein(log_eigs,log_real_eigs): 0.113
torch.Size([64, 1600])
Epoch [517/1000], Wasserstein(eigs,real_eigs): 2.183, Wasserstein(log_eigs,log_real_eigs): 0.207
torch.Size([64, 1600])
Epoch [518/1000], Wasserstein(eigs,real_eigs): 3.331, Wasserstein(log_eigs,log_real_eigs): 0.298
torch.Size([64, 1600])
Epoch [519/1000], Wasserstein(eigs,real_eigs): 2.799, Wasserstein(log_eigs,log_real_eigs): 0.258
torch.Size([64, 1600])
Epoch [520/1000], Wasserstein(eigs,real_eigs): 0.631, Wasserstein(log_eigs,log_real_eigs): 0.113
torch.Size([64, 1600])
Epoch [521/1000], Wasserstein(eigs,real_eigs): 1.797, Wasserstein(log_eigs,log_real_eigs): 0.228
torch.Size([64, 1600])
Epoch [522/1000], Wasserstein(eigs,real_eigs): 2.407, Wasserstein(log_eigs,log_real_eigs): 0.338
torch.Size([64, 1600])
Epoch [523/1000], Wasserstein(eigs,real_eigs): 2.136, Wasserstein(log_eigs,log_real_eigs): 0.284
torch.Size([64, 1600])
Epoch [524/1000], Wasserstein(eigs,real_eigs): 0.572, Wasserstein(log_eigs,log_real_eigs): 0.102
torch.Size([64, 1600])
Epoch [525/1000], Wasserstein(eigs,real_eigs): 0.494, Wasserstein(log_eigs,log_real_eigs): 0.103
torch.Size([64, 1600])
Epoch [526/1000], Wasserstein(eigs,real_eigs): 2.941, Wasserstein(log_eigs,log_real_eigs): 0.272
torch.Size([64, 1600])
Epoch [527/1000], Wasserstein(eigs,real_eigs): 7.122, Wasserstein(log_eigs,log_real_eigs): 0.435
torch.Size([64, 1600])
Epoch [528/1000], Wasserstein(eigs,real_eigs): 8.330, Wasserstein(log_eigs,log_real_eigs): 0.444
torch.Size([64, 1600])
Epoch [529/1000], Wasserstein(eigs,real_eigs): 8.831, Wasserstein(log_eigs,log_real_eigs): 0.487
torch.Size([64, 1600])
Epoch [530/1000], Wasserstein(eigs,real_eigs): 11.283, Wasserstein(log_eigs,log_real_eigs): 0.548
torch.Size([64, 1600])
Epoch [531/1000], Wasserstein(eigs,real_eigs): 14.219, Wasserstein(log_eigs,log_real_eigs): 0.633
torch.Size([64, 1600])
Epoch [532/1000], Wasserstein(eigs,real_eigs): 16.989, Wasserstein(log_eigs,log_real_eigs): 0.744
torch.Size([64, 1600])
Epoch [533/1000], Wasserstein(eigs,real_eigs): 14.433, Wasserstein(log_eigs,log_real_eigs): 0.618
torch.Size([64, 1600])
Epoch [534/1000], Wasserstein(eigs,real_eigs): 15.761, Wasserstein(log_eigs,log_real_eigs): 0.717
torch.Size([64, 1600])
Epoch [535/1000], Wasserstein(eigs,real_eigs): 13.097, Wasserstein(log_eigs,log_real_eigs): 0.634
torch.Size([64, 1600])
Epoch [536/1000], Wasserstein(eigs,real_eigs): 13.166, Wasserstein(log_eigs,log_real_eigs): 0.579
torch.Size([64, 1600])
Epoch [537/1000], Wasserstein(eigs,real_eigs): 7.666, Wasserstein(log_eigs,log_real_eigs): 0.448
torch.Size([64, 1600])
Epoch [538/1000], Wasserstein(eigs,real_eigs): 4.661, Wasserstein(log_eigs,log_real_eigs): 0.333
torch.Size([64, 1600])
Epoch [539/1000], Wasserstein(eigs,real_eigs): 1.689, Wasserstein(log_eigs,log_real_eigs): 0.193
torch.Size([64, 1600])
Epoch [540/1000], Wasserstein(eigs,real_eigs): 1.931, Wasserstein(log_eigs,log_real_eigs): 0.225
torch.Size([64, 1600])
Epoch [541/1000], Wasserstein(eigs,real_eigs): 2.245, Wasserstein(log_eigs,log_real_eigs): 0.295
torch.Size([64, 1600])
Epoch [542/1000], Wasserstein(eigs,real_eigs): 2.457, Wasserstein(log_eigs,log_real_eigs): 0.335
torch.Size([64, 1600])
Epoch [543/1000], Wasserstein(eigs,real_eigs): 2.543, Wasserstein(log_eigs,log_real_eigs): 0.350
torch.Size([64, 1600])
Epoch [544/1000], Wasserstein(eigs,real_eigs): 0.671, Wasserstein(log_eigs,log_real_eigs): 0.124
torch.Size([64, 1600])
Epoch [545/1000], Wasserstein(eigs,real_eigs): 1.835, Wasserstein(log_eigs,log_real_eigs): 0.263
torch.Size([64, 1600])
Epoch [546/1000], Wasserstein(eigs,real_eigs): 2.236, Wasserstein(log_eigs,log_real_eigs): 0.226
torch.Size([64, 1600])
Epoch [547/1000], Wasserstein(eigs,real_eigs): 3.391, Wasserstein(log_eigs,log_real_eigs): 0.291
torch.Size([64, 1600])
Epoch [548/1000], Wasserstein(eigs,real_eigs): 1.559, Wasserstein(log_eigs,log_real_eigs): 0.174
torch.Size([64, 1600])
Epoch [549/1000], Wasserstein(eigs,real_eigs): 2.040, Wasserstein(log_eigs,log_real_eigs): 0.208
torch.Size([64, 1600])
Epoch [550/1000], Wasserstein(eigs,real_eigs): 1.020, Wasserstein(log_eigs,log_real_eigs): 0.161
torch.Size([64, 1600])
Epoch [551/1000], Wasserstein(eigs,real_eigs): 2.061, Wasserstein(log_eigs,log_real_eigs): 0.243
torch.Size([64, 1600])
Epoch [552/1000], Wasserstein(eigs,real_eigs): 1.037, Wasserstein(log_eigs,log_real_eigs): 0.159
torch.Size([64, 1600])
Epoch [553/1000], Wasserstein(eigs,real_eigs): 0.987, Wasserstein(log_eigs,log_real_eigs): 0.130
torch.Size([64, 1600])
Epoch [554/1000], Wasserstein(eigs,real_eigs): 1.158, Wasserstein(log_eigs,log_real_eigs): 0.149
torch.Size([64, 1600])
Epoch [555/1000], Wasserstein(eigs,real_eigs): 0.341, Wasserstein(log_eigs,log_real_eigs): 0.102
torch.Size([64, 1600])
Epoch [556/1000], Wasserstein(eigs,real_eigs): 1.838, Wasserstein(log_eigs,log_real_eigs): 0.208
torch.Size([64, 1600])
Epoch [557/1000], Wasserstein(eigs,real_eigs): 1.520, Wasserstein(log_eigs,log_real_eigs): 0.197
torch.Size([64, 1600])
Epoch [558/1000], Wasserstein(eigs,real_eigs): 0.938, Wasserstein(log_eigs,log_real_eigs): 0.130
torch.Size([64, 1600])
Epoch [559/1000], Wasserstein(eigs,real_eigs): 0.522, Wasserstein(log_eigs,log_real_eigs): 0.131
torch.Size([64, 1600])
Epoch [560/1000], Wasserstein(eigs,real_eigs): 1.012, Wasserstein(log_eigs,log_real_eigs): 0.146
torch.Size([64, 1600])
Epoch [561/1000], Wasserstein(eigs,real_eigs): 2.200, Wasserstein(log_eigs,log_real_eigs): 0.205
torch.Size([64, 1600])
Epoch [562/1000], Wasserstein(eigs,real_eigs): 0.943, Wasserstein(log_eigs,log_real_eigs): 0.133
torch.Size([64, 1600])
Epoch [563/1000], Wasserstein(eigs,real_eigs): 0.647, Wasserstein(log_eigs,log_real_eigs): 0.132
torch.Size([64, 1600])
Epoch [564/1000], Wasserstein(eigs,real_eigs): 0.363, Wasserstein(log_eigs,log_real_eigs): 0.101
torch.Size([64, 1600])
Epoch [565/1000], Wasserstein(eigs,real_eigs): 2.914, Wasserstein(log_eigs,log_real_eigs): 0.487
torch.Size([64, 1600])
Epoch [566/1000], Wasserstein(eigs,real_eigs): 0.728, Wasserstein(log_eigs,log_real_eigs): 0.123
torch.Size([64, 1600])
Epoch [567/1000], Wasserstein(eigs,real_eigs): 0.709, Wasserstein(log_eigs,log_real_eigs): 0.139
torch.Size([64, 1600])
Epoch [568/1000], Wasserstein(eigs,real_eigs): 0.644, Wasserstein(log_eigs,log_real_eigs): 0.133
torch.Size([64, 1600])
Epoch [569/1000], Wasserstein(eigs,real_eigs): 1.477, Wasserstein(log_eigs,log_real_eigs): 0.164
torch.Size([64, 1600])
Epoch [570/1000], Wasserstein(eigs,real_eigs): 0.687, Wasserstein(log_eigs,log_real_eigs): 0.118
torch.Size([64, 1600])
Epoch [571/1000], Wasserstein(eigs,real_eigs): 6.287, Wasserstein(log_eigs,log_real_eigs): 0.445
torch.Size([64, 1600])
Epoch [572/1000], Wasserstein(eigs,real_eigs): 4.415, Wasserstein(log_eigs,log_real_eigs): 0.311
torch.Size([64, 1600])
Epoch [573/1000], Wasserstein(eigs,real_eigs): 1.587, Wasserstein(log_eigs,log_real_eigs): 0.213
torch.Size([64, 1600])
Epoch [574/1000], Wasserstein(eigs,real_eigs): 1.840, Wasserstein(log_eigs,log_real_eigs): 0.206
torch.Size([64, 1600])
Epoch [575/1000], Wasserstein(eigs,real_eigs): 0.479, Wasserstein(log_eigs,log_real_eigs): 0.100
torch.Size([64, 1600])
Epoch [576/1000], Wasserstein(eigs,real_eigs): 0.553, Wasserstein(log_eigs,log_real_eigs): 0.117
torch.Size([64, 1600])
Epoch [577/1000], Wasserstein(eigs,real_eigs): 1.076, Wasserstein(log_eigs,log_real_eigs): 0.150
torch.Size([64, 1600])
Epoch [578/1000], Wasserstein(eigs,real_eigs): 0.754, Wasserstein(log_eigs,log_real_eigs): 0.123
torch.Size([64, 1600])
Epoch [579/1000], Wasserstein(eigs,real_eigs): 1.702, Wasserstein(log_eigs,log_real_eigs): 0.187
torch.Size([64, 1600])
Epoch [580/1000], Wasserstein(eigs,real_eigs): 2.966, Wasserstein(log_eigs,log_real_eigs): 0.291
torch.Size([64, 1600])
Epoch [581/1000], Wasserstein(eigs,real_eigs): 0.993, Wasserstein(log_eigs,log_real_eigs): 0.176
torch.Size([64, 1600])
Epoch [582/1000], Wasserstein(eigs,real_eigs): 0.385, Wasserstein(log_eigs,log_real_eigs): 0.094
torch.Size([64, 1600])
Epoch [583/1000], Wasserstein(eigs,real_eigs): 0.536, Wasserstein(log_eigs,log_real_eigs): 0.108
torch.Size([64, 1600])
Epoch [584/1000], Wasserstein(eigs,real_eigs): 0.618, Wasserstein(log_eigs,log_real_eigs): 0.117
torch.Size([64, 1600])
Epoch [585/1000], Wasserstein(eigs,real_eigs): 1.236, Wasserstein(log_eigs,log_real_eigs): 0.165
torch.Size([64, 1600])
Epoch [586/1000], Wasserstein(eigs,real_eigs): 1.793, Wasserstein(log_eigs,log_real_eigs): 0.209
torch.Size([64, 1600])
Epoch [587/1000], Wasserstein(eigs,real_eigs): 1.401, Wasserstein(log_eigs,log_real_eigs): 0.174
torch.Size([64, 1600])
Epoch [588/1000], Wasserstein(eigs,real_eigs): 0.810, Wasserstein(log_eigs,log_real_eigs): 0.132
torch.Size([64, 1600])
Epoch [589/1000], Wasserstein(eigs,real_eigs): 1.607, Wasserstein(log_eigs,log_real_eigs): 0.179
torch.Size([64, 1600])
Epoch [590/1000], Wasserstein(eigs,real_eigs): 2.439, Wasserstein(log_eigs,log_real_eigs): 0.222
torch.Size([64, 1600])
Epoch [591/1000], Wasserstein(eigs,real_eigs): 2.666, Wasserstein(log_eigs,log_real_eigs): 0.241
torch.Size([64, 1600])
Epoch [592/1000], Wasserstein(eigs,real_eigs): 1.497, Wasserstein(log_eigs,log_real_eigs): 0.200
torch.Size([64, 1600])
Epoch [593/1000], Wasserstein(eigs,real_eigs): 0.377, Wasserstein(log_eigs,log_real_eigs): 0.103
torch.Size([64, 1600])
Epoch [594/1000], Wasserstein(eigs,real_eigs): 0.427, Wasserstein(log_eigs,log_real_eigs): 0.112
torch.Size([64, 1600])
Epoch [595/1000], Wasserstein(eigs,real_eigs): 0.416, Wasserstein(log_eigs,log_real_eigs): 0.100
torch.Size([64, 1600])
Epoch [596/1000], Wasserstein(eigs,real_eigs): 1.316, Wasserstein(log_eigs,log_real_eigs): 0.187
torch.Size([64, 1600])
Epoch [597/1000], Wasserstein(eigs,real_eigs): 0.332, Wasserstein(log_eigs,log_real_eigs): 0.107
torch.Size([64, 1600])
Epoch [598/1000], Wasserstein(eigs,real_eigs): 2.568, Wasserstein(log_eigs,log_real_eigs): 0.351
torch.Size([64, 1600])
Epoch [599/1000], Wasserstein(eigs,real_eigs): 0.357, Wasserstein(log_eigs,log_real_eigs): 0.103
torch.Size([64, 1600])
Epoch [600/1000], Wasserstein(eigs,real_eigs): 0.553, Wasserstein(log_eigs,log_real_eigs): 0.105
torch.Size([64, 1600])
Epoch [601/1000], Wasserstein(eigs,real_eigs): 0.410, Wasserstein(log_eigs,log_real_eigs): 0.108
torch.Size([64, 1600])
Epoch [602/1000], Wasserstein(eigs,real_eigs): 1.029, Wasserstein(log_eigs,log_real_eigs): 0.185
torch.Size([64, 1600])
Epoch [603/1000], Wasserstein(eigs,real_eigs): 2.049, Wasserstein(log_eigs,log_real_eigs): 0.185
torch.Size([64, 1600])
Epoch [604/1000], Wasserstein(eigs,real_eigs): 0.626, Wasserstein(log_eigs,log_real_eigs): 0.128
torch.Size([64, 1600])
Epoch [605/1000], Wasserstein(eigs,real_eigs): 0.430, Wasserstein(log_eigs,log_real_eigs): 0.094
torch.Size([64, 1600])
Epoch [606/1000], Wasserstein(eigs,real_eigs): 0.893, Wasserstein(log_eigs,log_real_eigs): 0.141
torch.Size([64, 1600])
Epoch [607/1000], Wasserstein(eigs,real_eigs): 0.787, Wasserstein(log_eigs,log_real_eigs): 0.152
torch.Size([64, 1600])
Epoch [608/1000], Wasserstein(eigs,real_eigs): 0.676, Wasserstein(log_eigs,log_real_eigs): 0.098
torch.Size([64, 1600])
Epoch [609/1000], Wasserstein(eigs,real_eigs): 1.725, Wasserstein(log_eigs,log_real_eigs): 0.185
torch.Size([64, 1600])
Epoch [610/1000], Wasserstein(eigs,real_eigs): 0.783, Wasserstein(log_eigs,log_real_eigs): 0.147
torch.Size([64, 1600])
Epoch [611/1000], Wasserstein(eigs,real_eigs): 1.181, Wasserstein(log_eigs,log_real_eigs): 0.151
torch.Size([64, 1600])
Epoch [612/1000], Wasserstein(eigs,real_eigs): 1.011, Wasserstein(log_eigs,log_real_eigs): 0.164
torch.Size([64, 1600])
Epoch [613/1000], Wasserstein(eigs,real_eigs): 2.208, Wasserstein(log_eigs,log_real_eigs): 0.316
torch.Size([64, 1600])
Epoch [614/1000], Wasserstein(eigs,real_eigs): 2.150, Wasserstein(log_eigs,log_real_eigs): 0.362
torch.Size([64, 1600])
Epoch [615/1000], Wasserstein(eigs,real_eigs): 1.588, Wasserstein(log_eigs,log_real_eigs): 0.245
torch.Size([64, 1600])
Epoch [616/1000], Wasserstein(eigs,real_eigs): 1.210, Wasserstein(log_eigs,log_real_eigs): 0.166
torch.Size([64, 1600])
Epoch [617/1000], Wasserstein(eigs,real_eigs): 0.721, Wasserstein(log_eigs,log_real_eigs): 0.131
torch.Size([64, 1600])
Epoch [618/1000], Wasserstein(eigs,real_eigs): 1.417, Wasserstein(log_eigs,log_real_eigs): 0.127
torch.Size([64, 1600])
Epoch [619/1000], Wasserstein(eigs,real_eigs): 4.932, Wasserstein(log_eigs,log_real_eigs): 0.408
torch.Size([64, 1600])
Epoch [620/1000], Wasserstein(eigs,real_eigs): 5.349, Wasserstein(log_eigs,log_real_eigs): 0.388
torch.Size([64, 1600])
Epoch [621/1000], Wasserstein(eigs,real_eigs): 3.778, Wasserstein(log_eigs,log_real_eigs): 0.301
torch.Size([64, 1600])
Epoch [622/1000], Wasserstein(eigs,real_eigs): 2.433, Wasserstein(log_eigs,log_real_eigs): 0.232
torch.Size([64, 1600])
Epoch [623/1000], Wasserstein(eigs,real_eigs): 0.813, Wasserstein(log_eigs,log_real_eigs): 0.153
torch.Size([64, 1600])
Epoch [624/1000], Wasserstein(eigs,real_eigs): 0.614, Wasserstein(log_eigs,log_real_eigs): 0.094
torch.Size([64, 1600])
Epoch [625/1000], Wasserstein(eigs,real_eigs): 0.385, Wasserstein(log_eigs,log_real_eigs): 0.131
torch.Size([64, 1600])
Epoch [626/1000], Wasserstein(eigs,real_eigs): 0.370, Wasserstein(log_eigs,log_real_eigs): 0.123
torch.Size([64, 1600])
Epoch [627/1000], Wasserstein(eigs,real_eigs): 0.340, Wasserstein(log_eigs,log_real_eigs): 0.104
torch.Size([64, 1600])
Epoch [628/1000], Wasserstein(eigs,real_eigs): 1.018, Wasserstein(log_eigs,log_real_eigs): 0.172
torch.Size([64, 1600])
Epoch [629/1000], Wasserstein(eigs,real_eigs): 2.211, Wasserstein(log_eigs,log_real_eigs): 0.323
torch.Size([64, 1600])
Epoch [630/1000], Wasserstein(eigs,real_eigs): 2.067, Wasserstein(log_eigs,log_real_eigs): 0.266
torch.Size([64, 1600])
Epoch [631/1000], Wasserstein(eigs,real_eigs): 1.322, Wasserstein(log_eigs,log_real_eigs): 0.162
torch.Size([64, 1600])
Epoch [632/1000], Wasserstein(eigs,real_eigs): 1.535, Wasserstein(log_eigs,log_real_eigs): 0.172
torch.Size([64, 1600])
Epoch [633/1000], Wasserstein(eigs,real_eigs): 0.875, Wasserstein(log_eigs,log_real_eigs): 0.135
torch.Size([64, 1600])
Epoch [634/1000], Wasserstein(eigs,real_eigs): 1.904, Wasserstein(log_eigs,log_real_eigs): 0.198
torch.Size([64, 1600])
Epoch [635/1000], Wasserstein(eigs,real_eigs): 3.543, Wasserstein(log_eigs,log_real_eigs): 0.311
torch.Size([64, 1600])
Epoch [636/1000], Wasserstein(eigs,real_eigs): 3.173, Wasserstein(log_eigs,log_real_eigs): 0.269
torch.Size([64, 1600])
Epoch [637/1000], Wasserstein(eigs,real_eigs): 3.556, Wasserstein(log_eigs,log_real_eigs): 0.252
torch.Size([64, 1600])
Epoch [638/1000], Wasserstein(eigs,real_eigs): 0.571, Wasserstein(log_eigs,log_real_eigs): 0.115
torch.Size([64, 1600])
Epoch [639/1000], Wasserstein(eigs,real_eigs): 0.467, Wasserstein(log_eigs,log_real_eigs): 0.107
torch.Size([64, 1600])
Epoch [640/1000], Wasserstein(eigs,real_eigs): 1.154, Wasserstein(log_eigs,log_real_eigs): 0.131
torch.Size([64, 1600])
Epoch [641/1000], Wasserstein(eigs,real_eigs): 3.611, Wasserstein(log_eigs,log_real_eigs): 0.300
torch.Size([64, 1600])
Epoch [642/1000], Wasserstein(eigs,real_eigs): 1.983, Wasserstein(log_eigs,log_real_eigs): 0.176
torch.Size([64, 1600])
Epoch [643/1000], Wasserstein(eigs,real_eigs): 0.814, Wasserstein(log_eigs,log_real_eigs): 0.145
torch.Size([64, 1600])
Epoch [644/1000], Wasserstein(eigs,real_eigs): 1.010, Wasserstein(log_eigs,log_real_eigs): 0.120
torch.Size([64, 1600])
Epoch [645/1000], Wasserstein(eigs,real_eigs): 0.367, Wasserstein(log_eigs,log_real_eigs): 0.110
torch.Size([64, 1600])
Epoch [646/1000], Wasserstein(eigs,real_eigs): 0.290, Wasserstein(log_eigs,log_real_eigs): 0.101
torch.Size([64, 1600])
Epoch [647/1000], Wasserstein(eigs,real_eigs): 0.347, Wasserstein(log_eigs,log_real_eigs): 0.089
torch.Size([64, 1600])
Epoch [648/1000], Wasserstein(eigs,real_eigs): 1.525, Wasserstein(log_eigs,log_real_eigs): 0.165
torch.Size([64, 1600])
Epoch [649/1000], Wasserstein(eigs,real_eigs): 2.342, Wasserstein(log_eigs,log_real_eigs): 0.372
torch.Size([64, 1600])
Epoch [650/1000], Wasserstein(eigs,real_eigs): 0.863, Wasserstein(log_eigs,log_real_eigs): 0.143
torch.Size([64, 1600])
Epoch [651/1000], Wasserstein(eigs,real_eigs): 0.627, Wasserstein(log_eigs,log_real_eigs): 0.091
torch.Size([64, 1600])
Epoch [652/1000], Wasserstein(eigs,real_eigs): 0.889, Wasserstein(log_eigs,log_real_eigs): 0.155
torch.Size([64, 1600])
Epoch [653/1000], Wasserstein(eigs,real_eigs): 0.439, Wasserstein(log_eigs,log_real_eigs): 0.110
torch.Size([64, 1600])
Epoch [654/1000], Wasserstein(eigs,real_eigs): 0.342, Wasserstein(log_eigs,log_real_eigs): 0.098
torch.Size([64, 1600])
Epoch [655/1000], Wasserstein(eigs,real_eigs): 2.590, Wasserstein(log_eigs,log_real_eigs): 0.296
torch.Size([64, 1600])
Epoch [656/1000], Wasserstein(eigs,real_eigs): 1.779, Wasserstein(log_eigs,log_real_eigs): 0.218
torch.Size([64, 1600])
Epoch [657/1000], Wasserstein(eigs,real_eigs): 0.594, Wasserstein(log_eigs,log_real_eigs): 0.127
torch.Size([64, 1600])
Epoch [658/1000], Wasserstein(eigs,real_eigs): 2.677, Wasserstein(log_eigs,log_real_eigs): 0.263
torch.Size([64, 1600])
Epoch [659/1000], Wasserstein(eigs,real_eigs): 0.405, Wasserstein(log_eigs,log_real_eigs): 0.131
torch.Size([64, 1600])
Epoch [660/1000], Wasserstein(eigs,real_eigs): 0.502, Wasserstein(log_eigs,log_real_eigs): 0.125
torch.Size([64, 1600])
Epoch [661/1000], Wasserstein(eigs,real_eigs): 0.374, Wasserstein(log_eigs,log_real_eigs): 0.102
torch.Size([64, 1600])
Epoch [662/1000], Wasserstein(eigs,real_eigs): 0.333, Wasserstein(log_eigs,log_real_eigs): 0.115
torch.Size([64, 1600])
Epoch [663/1000], Wasserstein(eigs,real_eigs): 0.539, Wasserstein(log_eigs,log_real_eigs): 0.145
torch.Size([64, 1600])
Epoch [664/1000], Wasserstein(eigs,real_eigs): 0.342, Wasserstein(log_eigs,log_real_eigs): 0.120
torch.Size([64, 1600])
Epoch [665/1000], Wasserstein(eigs,real_eigs): 0.685, Wasserstein(log_eigs,log_real_eigs): 0.153
torch.Size([64, 1600])
Epoch [666/1000], Wasserstein(eigs,real_eigs): 0.283, Wasserstein(log_eigs,log_real_eigs): 0.098
torch.Size([64, 1600])
Epoch [667/1000], Wasserstein(eigs,real_eigs): 0.399, Wasserstein(log_eigs,log_real_eigs): 0.114
torch.Size([64, 1600])
Epoch [668/1000], Wasserstein(eigs,real_eigs): 1.377, Wasserstein(log_eigs,log_real_eigs): 0.151
torch.Size([64, 1600])
Epoch [669/1000], Wasserstein(eigs,real_eigs): 1.170, Wasserstein(log_eigs,log_real_eigs): 0.181
torch.Size([64, 1600])
Epoch [670/1000], Wasserstein(eigs,real_eigs): 0.809, Wasserstein(log_eigs,log_real_eigs): 0.131
torch.Size([64, 1600])
Epoch [671/1000], Wasserstein(eigs,real_eigs): 0.879, Wasserstein(log_eigs,log_real_eigs): 0.143
torch.Size([64, 1600])
Epoch [672/1000], Wasserstein(eigs,real_eigs): 1.373, Wasserstein(log_eigs,log_real_eigs): 0.219
torch.Size([64, 1600])
Epoch [673/1000], Wasserstein(eigs,real_eigs): 1.414, Wasserstein(log_eigs,log_real_eigs): 0.233
torch.Size([64, 1600])
Epoch [674/1000], Wasserstein(eigs,real_eigs): 0.276, Wasserstein(log_eigs,log_real_eigs): 0.083
torch.Size([64, 1600])
Epoch [675/1000], Wasserstein(eigs,real_eigs): 0.426, Wasserstein(log_eigs,log_real_eigs): 0.131
torch.Size([64, 1600])
Epoch [676/1000], Wasserstein(eigs,real_eigs): 0.583, Wasserstein(log_eigs,log_real_eigs): 0.114
torch.Size([64, 1600])
Epoch [677/1000], Wasserstein(eigs,real_eigs): 0.227, Wasserstein(log_eigs,log_real_eigs): 0.108
torch.Size([64, 1600])
Epoch [678/1000], Wasserstein(eigs,real_eigs): 1.725, Wasserstein(log_eigs,log_real_eigs): 0.223
torch.Size([64, 1600])
Epoch [679/1000], Wasserstein(eigs,real_eigs): 0.997, Wasserstein(log_eigs,log_real_eigs): 0.153
torch.Size([64, 1600])
Epoch [680/1000], Wasserstein(eigs,real_eigs): 0.804, Wasserstein(log_eigs,log_real_eigs): 0.131
torch.Size([64, 1600])
Epoch [681/1000], Wasserstein(eigs,real_eigs): 0.531, Wasserstein(log_eigs,log_real_eigs): 0.110
torch.Size([64, 1600])
Epoch [682/1000], Wasserstein(eigs,real_eigs): 0.595, Wasserstein(log_eigs,log_real_eigs): 0.110
torch.Size([64, 1600])
Epoch [683/1000], Wasserstein(eigs,real_eigs): 0.445, Wasserstein(log_eigs,log_real_eigs): 0.105
torch.Size([64, 1600])
Epoch [684/1000], Wasserstein(eigs,real_eigs): 1.552, Wasserstein(log_eigs,log_real_eigs): 0.180
torch.Size([64, 1600])
Epoch [685/1000], Wasserstein(eigs,real_eigs): 0.626, Wasserstein(log_eigs,log_real_eigs): 0.091
torch.Size([64, 1600])
Epoch [686/1000], Wasserstein(eigs,real_eigs): 0.401, Wasserstein(log_eigs,log_real_eigs): 0.094
torch.Size([64, 1600])
Epoch [687/1000], Wasserstein(eigs,real_eigs): 1.386, Wasserstein(log_eigs,log_real_eigs): 0.159
torch.Size([64, 1600])
Epoch [688/1000], Wasserstein(eigs,real_eigs): 1.164, Wasserstein(log_eigs,log_real_eigs): 0.148
torch.Size([64, 1600])
Epoch [689/1000], Wasserstein(eigs,real_eigs): 1.111, Wasserstein(log_eigs,log_real_eigs): 0.121
torch.Size([64, 1600])
Epoch [690/1000], Wasserstein(eigs,real_eigs): 1.658, Wasserstein(log_eigs,log_real_eigs): 0.222
torch.Size([64, 1600])
Epoch [691/1000], Wasserstein(eigs,real_eigs): 2.182, Wasserstein(log_eigs,log_real_eigs): 0.249
torch.Size([64, 1600])
Epoch [692/1000], Wasserstein(eigs,real_eigs): 0.900, Wasserstein(log_eigs,log_real_eigs): 0.127
torch.Size([64, 1600])
Epoch [693/1000], Wasserstein(eigs,real_eigs): 0.369, Wasserstein(log_eigs,log_real_eigs): 0.111
torch.Size([64, 1600])
Epoch [694/1000], Wasserstein(eigs,real_eigs): 0.580, Wasserstein(log_eigs,log_real_eigs): 0.112
torch.Size([64, 1600])
Epoch [695/1000], Wasserstein(eigs,real_eigs): 1.133, Wasserstein(log_eigs,log_real_eigs): 0.137
torch.Size([64, 1600])
Epoch [696/1000], Wasserstein(eigs,real_eigs): 0.770, Wasserstein(log_eigs,log_real_eigs): 0.119
torch.Size([64, 1600])
Epoch [697/1000], Wasserstein(eigs,real_eigs): 1.547, Wasserstein(log_eigs,log_real_eigs): 0.182
torch.Size([64, 1600])
Epoch [698/1000], Wasserstein(eigs,real_eigs): 0.650, Wasserstein(log_eigs,log_real_eigs): 0.128
torch.Size([64, 1600])
Epoch [699/1000], Wasserstein(eigs,real_eigs): 0.386, Wasserstein(log_eigs,log_real_eigs): 0.120
torch.Size([64, 1600])
Epoch [700/1000], Wasserstein(eigs,real_eigs): 0.283, Wasserstein(log_eigs,log_real_eigs): 0.087
torch.Size([64, 1600])
Epoch [701/1000], Wasserstein(eigs,real_eigs): 0.910, Wasserstein(log_eigs,log_real_eigs): 0.164
torch.Size([64, 1600])
Epoch [702/1000], Wasserstein(eigs,real_eigs): 0.626, Wasserstein(log_eigs,log_real_eigs): 0.123
torch.Size([64, 1600])
Epoch [703/1000], Wasserstein(eigs,real_eigs): 0.609, Wasserstein(log_eigs,log_real_eigs): 0.110
torch.Size([64, 1600])
Epoch [704/1000], Wasserstein(eigs,real_eigs): 2.641, Wasserstein(log_eigs,log_real_eigs): 0.337
torch.Size([64, 1600])
Epoch [705/1000], Wasserstein(eigs,real_eigs): 1.298, Wasserstein(log_eigs,log_real_eigs): 0.166
torch.Size([64, 1600])
Epoch [706/1000], Wasserstein(eigs,real_eigs): 1.000, Wasserstein(log_eigs,log_real_eigs): 0.132
torch.Size([64, 1600])
Epoch [707/1000], Wasserstein(eigs,real_eigs): 0.294, Wasserstein(log_eigs,log_real_eigs): 0.111
torch.Size([64, 1600])
Epoch [708/1000], Wasserstein(eigs,real_eigs): 0.325, Wasserstein(log_eigs,log_real_eigs): 0.095
torch.Size([64, 1600])
Epoch [709/1000], Wasserstein(eigs,real_eigs): 0.692, Wasserstein(log_eigs,log_real_eigs): 0.089
torch.Size([64, 1600])
Epoch [710/1000], Wasserstein(eigs,real_eigs): 1.630, Wasserstein(log_eigs,log_real_eigs): 0.204
torch.Size([64, 1600])
Epoch [711/1000], Wasserstein(eigs,real_eigs): 2.852, Wasserstein(log_eigs,log_real_eigs): 0.265
torch.Size([64, 1600])
Epoch [712/1000], Wasserstein(eigs,real_eigs): 4.949, Wasserstein(log_eigs,log_real_eigs): 0.380
torch.Size([64, 1600])
Epoch [713/1000], Wasserstein(eigs,real_eigs): 1.127, Wasserstein(log_eigs,log_real_eigs): 0.159
torch.Size([64, 1600])
Epoch [714/1000], Wasserstein(eigs,real_eigs): 0.798, Wasserstein(log_eigs,log_real_eigs): 0.128
torch.Size([64, 1600])
Epoch [715/1000], Wasserstein(eigs,real_eigs): 4.309, Wasserstein(log_eigs,log_real_eigs): 0.310
torch.Size([64, 1600])
Epoch [716/1000], Wasserstein(eigs,real_eigs): 2.662, Wasserstein(log_eigs,log_real_eigs): 0.229
torch.Size([64, 1600])
Epoch [717/1000], Wasserstein(eigs,real_eigs): 0.742, Wasserstein(log_eigs,log_real_eigs): 0.121
torch.Size([64, 1600])
Epoch [718/1000], Wasserstein(eigs,real_eigs): 0.932, Wasserstein(log_eigs,log_real_eigs): 0.129
torch.Size([64, 1600])
Epoch [719/1000], Wasserstein(eigs,real_eigs): 0.642, Wasserstein(log_eigs,log_real_eigs): 0.133
torch.Size([64, 1600])
Epoch [720/1000], Wasserstein(eigs,real_eigs): 1.239, Wasserstein(log_eigs,log_real_eigs): 0.137
torch.Size([64, 1600])
Epoch [721/1000], Wasserstein(eigs,real_eigs): 1.385, Wasserstein(log_eigs,log_real_eigs): 0.178
torch.Size([64, 1600])
Epoch [722/1000], Wasserstein(eigs,real_eigs): 0.652, Wasserstein(log_eigs,log_real_eigs): 0.132
torch.Size([64, 1600])
Epoch [723/1000], Wasserstein(eigs,real_eigs): 0.918, Wasserstein(log_eigs,log_real_eigs): 0.138
torch.Size([64, 1600])
Epoch [724/1000], Wasserstein(eigs,real_eigs): 1.051, Wasserstein(log_eigs,log_real_eigs): 0.138
torch.Size([64, 1600])
Epoch [725/1000], Wasserstein(eigs,real_eigs): 1.812, Wasserstein(log_eigs,log_real_eigs): 0.227
torch.Size([64, 1600])
Epoch [726/1000], Wasserstein(eigs,real_eigs): 1.955, Wasserstein(log_eigs,log_real_eigs): 0.230
torch.Size([64, 1600])
Epoch [727/1000], Wasserstein(eigs,real_eigs): 2.116, Wasserstein(log_eigs,log_real_eigs): 0.286
torch.Size([64, 1600])
Epoch [728/1000], Wasserstein(eigs,real_eigs): 1.118, Wasserstein(log_eigs,log_real_eigs): 0.137
torch.Size([64, 1600])
Epoch [729/1000], Wasserstein(eigs,real_eigs): 2.517, Wasserstein(log_eigs,log_real_eigs): 0.284
torch.Size([64, 1600])
Epoch [730/1000], Wasserstein(eigs,real_eigs): 1.184, Wasserstein(log_eigs,log_real_eigs): 0.159
