2019-10-16 07:37:05.491092
Namespace(batch_size=64, dataroot='/home/jim/Documents/RandomBergman/KS4/data/', diff=0, epochs=1000, exp=None, h11=50, log_interval=1, lr=5e-05, lr_D=5e-05, lr_G=5e-05, model_type='WGAN_DCGAN', n_critic_steps=5, newsize=40, num_geometries=2500, nz=25, outdir='./experiments/exp_WGAN_DCGAN_50_25_10162019_073705', plot_interval=20, py_version=3, save=True, show_plots=False, test_batch_size=10000)
Namespace(batch_size=64, dataroot='/home/jim/Documents/RandomBergman/KS4/data/', diff=0, epochs=1000, exp=None, h11=50, log_interval=1, lr=5e-05, lr_D=5e-05, lr_G=5e-05, model_type='WGAN_DCGAN', n_critic_steps=5, newsize=40, num_geometries=2500, nz=25, outdir='./experiments/exp_WGAN_DCGAN_50_25_10162019_073705', plot_interval=20, py_version=3, save=True, show_plots=False, test_batch_size=10000)
Model type: WGAN_DCGAN
Coomparing to Eigenvalue distribution collected from 3399 geometries
data: 64 50
torch.Size([64, 2500])
Epoch [0/1000], Wasserstein(eigs,real_eigs): 17.948, Wasserstein(log_eigs,log_real_eigs): 1.029
torch.Size([64, 2500])
Epoch [1/1000], Wasserstein(eigs,real_eigs): 498.762, Wasserstein(log_eigs,log_real_eigs): 1.197
torch.Size([64, 2500])
Epoch [2/1000], Wasserstein(eigs,real_eigs): 411.716, Wasserstein(log_eigs,log_real_eigs): 1.141
torch.Size([64, 2500])
Epoch [3/1000], Wasserstein(eigs,real_eigs): 735.910, Wasserstein(log_eigs,log_real_eigs): 0.850
torch.Size([64, 2500])
Epoch [4/1000], Wasserstein(eigs,real_eigs): 887.481, Wasserstein(log_eigs,log_real_eigs): 1.202
torch.Size([64, 2500])
Epoch [5/1000], Wasserstein(eigs,real_eigs): 933.389, Wasserstein(log_eigs,log_real_eigs): 1.668
torch.Size([64, 2500])
Epoch [6/1000], Wasserstein(eigs,real_eigs): 1058.752, Wasserstein(log_eigs,log_real_eigs): 1.870
torch.Size([64, 2500])
Epoch [7/1000], Wasserstein(eigs,real_eigs): 1054.412, Wasserstein(log_eigs,log_real_eigs): 2.182
torch.Size([64, 2500])
Epoch [8/1000], Wasserstein(eigs,real_eigs): 1210.484, Wasserstein(log_eigs,log_real_eigs): 2.009
torch.Size([64, 2500])
Epoch [9/1000], Wasserstein(eigs,real_eigs): 1147.451, Wasserstein(log_eigs,log_real_eigs): 1.770
torch.Size([64, 2500])
Epoch [10/1000], Wasserstein(eigs,real_eigs): 1129.784, Wasserstein(log_eigs,log_real_eigs): 1.449
torch.Size([64, 2500])
Epoch [11/1000], Wasserstein(eigs,real_eigs): 1273.332, Wasserstein(log_eigs,log_real_eigs): 1.064
torch.Size([64, 2500])
Epoch [12/1000], Wasserstein(eigs,real_eigs): 1171.010, Wasserstein(log_eigs,log_real_eigs): 1.014
torch.Size([64, 2500])
Epoch [13/1000], Wasserstein(eigs,real_eigs): 937.508, Wasserstein(log_eigs,log_real_eigs): 1.162
torch.Size([64, 2500])
Epoch [14/1000], Wasserstein(eigs,real_eigs): 929.882, Wasserstein(log_eigs,log_real_eigs): 1.002
torch.Size([64, 2500])
Epoch [15/1000], Wasserstein(eigs,real_eigs): 922.520, Wasserstein(log_eigs,log_real_eigs): 0.988
torch.Size([64, 2500])
Epoch [16/1000], Wasserstein(eigs,real_eigs): 627.629, Wasserstein(log_eigs,log_real_eigs): 1.141
torch.Size([64, 2500])
Epoch [17/1000], Wasserstein(eigs,real_eigs): 607.470, Wasserstein(log_eigs,log_real_eigs): 1.084
torch.Size([64, 2500])
Epoch [18/1000], Wasserstein(eigs,real_eigs): 521.966, Wasserstein(log_eigs,log_real_eigs): 0.863
torch.Size([64, 2500])
Epoch [19/1000], Wasserstein(eigs,real_eigs): 402.030, Wasserstein(log_eigs,log_real_eigs): 0.805
torch.Size([64, 2500])
Epoch [20/1000], Wasserstein(eigs,real_eigs): 517.143, Wasserstein(log_eigs,log_real_eigs): 0.610
torch.Size([64, 2500])
Epoch [21/1000], Wasserstein(eigs,real_eigs): 209.358, Wasserstein(log_eigs,log_real_eigs): 0.437
torch.Size([64, 2500])
Epoch [22/1000], Wasserstein(eigs,real_eigs): 623.579, Wasserstein(log_eigs,log_real_eigs): 0.591
torch.Size([64, 2500])
Epoch [23/1000], Wasserstein(eigs,real_eigs): 343.303, Wasserstein(log_eigs,log_real_eigs): 0.528
torch.Size([64, 2500])
Epoch [24/1000], Wasserstein(eigs,real_eigs): 551.917, Wasserstein(log_eigs,log_real_eigs): 0.525
torch.Size([64, 2500])
Epoch [25/1000], Wasserstein(eigs,real_eigs): 518.900, Wasserstein(log_eigs,log_real_eigs): 0.397
torch.Size([64, 2500])
Epoch [26/1000], Wasserstein(eigs,real_eigs): 125.787, Wasserstein(log_eigs,log_real_eigs): 0.517
torch.Size([64, 2500])
Epoch [27/1000], Wasserstein(eigs,real_eigs): 294.752, Wasserstein(log_eigs,log_real_eigs): 0.533
torch.Size([64, 2500])
Epoch [28/1000], Wasserstein(eigs,real_eigs): 880.677, Wasserstein(log_eigs,log_real_eigs): 0.505
torch.Size([64, 2500])
Epoch [29/1000], Wasserstein(eigs,real_eigs): 195.349, Wasserstein(log_eigs,log_real_eigs): 0.632
torch.Size([64, 2500])
Epoch [30/1000], Wasserstein(eigs,real_eigs): 321.563, Wasserstein(log_eigs,log_real_eigs): 0.498
torch.Size([64, 2500])
Epoch [31/1000], Wasserstein(eigs,real_eigs): 1230.873, Wasserstein(log_eigs,log_real_eigs): 0.517
torch.Size([64, 2500])
Epoch [32/1000], Wasserstein(eigs,real_eigs): 694.653, Wasserstein(log_eigs,log_real_eigs): 0.526
torch.Size([64, 2500])
Epoch [33/1000], Wasserstein(eigs,real_eigs): 64.439, Wasserstein(log_eigs,log_real_eigs): 0.674
torch.Size([64, 2500])
Epoch [34/1000], Wasserstein(eigs,real_eigs): 446.586, Wasserstein(log_eigs,log_real_eigs): 0.607
torch.Size([64, 2500])
Epoch [35/1000], Wasserstein(eigs,real_eigs): 508.538, Wasserstein(log_eigs,log_real_eigs): 0.538
torch.Size([64, 2500])
Epoch [36/1000], Wasserstein(eigs,real_eigs): 367.828, Wasserstein(log_eigs,log_real_eigs): 0.622
torch.Size([64, 2500])
Epoch [37/1000], Wasserstein(eigs,real_eigs): 328.455, Wasserstein(log_eigs,log_real_eigs): 0.638
torch.Size([64, 2500])
Epoch [38/1000], Wasserstein(eigs,real_eigs): 545.932, Wasserstein(log_eigs,log_real_eigs): 0.588
torch.Size([64, 2500])
Epoch [39/1000], Wasserstein(eigs,real_eigs): 1074.100, Wasserstein(log_eigs,log_real_eigs): 0.464
torch.Size([64, 2500])
Epoch [40/1000], Wasserstein(eigs,real_eigs): 286.303, Wasserstein(log_eigs,log_real_eigs): 0.703
torch.Size([64, 2500])
Epoch [41/1000], Wasserstein(eigs,real_eigs): 391.406, Wasserstein(log_eigs,log_real_eigs): 0.421
torch.Size([64, 2500])
Epoch [42/1000], Wasserstein(eigs,real_eigs): 291.624, Wasserstein(log_eigs,log_real_eigs): 0.487
torch.Size([64, 2500])
Epoch [43/1000], Wasserstein(eigs,real_eigs): 160.909, Wasserstein(log_eigs,log_real_eigs): 0.417
torch.Size([64, 2500])
Epoch [44/1000], Wasserstein(eigs,real_eigs): 195.610, Wasserstein(log_eigs,log_real_eigs): 0.357
torch.Size([64, 2500])
Epoch [45/1000], Wasserstein(eigs,real_eigs): 707.511, Wasserstein(log_eigs,log_real_eigs): 0.705
torch.Size([64, 2500])
Epoch [46/1000], Wasserstein(eigs,real_eigs): 368.132, Wasserstein(log_eigs,log_real_eigs): 0.415
torch.Size([64, 2500])
Epoch [47/1000], Wasserstein(eigs,real_eigs): 391.589, Wasserstein(log_eigs,log_real_eigs): 0.350
torch.Size([64, 2500])
Epoch [48/1000], Wasserstein(eigs,real_eigs): 411.140, Wasserstein(log_eigs,log_real_eigs): 0.434
torch.Size([64, 2500])
Epoch [49/1000], Wasserstein(eigs,real_eigs): 53.758, Wasserstein(log_eigs,log_real_eigs): 0.417
torch.Size([64, 2500])
Epoch [50/1000], Wasserstein(eigs,real_eigs): 1023.154, Wasserstein(log_eigs,log_real_eigs): 0.940
torch.Size([64, 2500])
Epoch [51/1000], Wasserstein(eigs,real_eigs): 493.824, Wasserstein(log_eigs,log_real_eigs): 0.919
torch.Size([64, 2500])
Epoch [52/1000], Wasserstein(eigs,real_eigs): 533.662, Wasserstein(log_eigs,log_real_eigs): 0.544
torch.Size([64, 2500])
Epoch [53/1000], Wasserstein(eigs,real_eigs): 316.032, Wasserstein(log_eigs,log_real_eigs): 0.341
torch.Size([64, 2500])
Epoch [54/1000], Wasserstein(eigs,real_eigs): 318.440, Wasserstein(log_eigs,log_real_eigs): 0.387
torch.Size([64, 2500])
Epoch [55/1000], Wasserstein(eigs,real_eigs): 724.264, Wasserstein(log_eigs,log_real_eigs): 0.568
torch.Size([64, 2500])
Epoch [56/1000], Wasserstein(eigs,real_eigs): 197.284, Wasserstein(log_eigs,log_real_eigs): 0.351
torch.Size([64, 2500])
Epoch [57/1000], Wasserstein(eigs,real_eigs): 989.141, Wasserstein(log_eigs,log_real_eigs): 0.520
torch.Size([64, 2500])
Epoch [58/1000], Wasserstein(eigs,real_eigs): 561.726, Wasserstein(log_eigs,log_real_eigs): 0.542
torch.Size([64, 2500])
Epoch [59/1000], Wasserstein(eigs,real_eigs): 843.085, Wasserstein(log_eigs,log_real_eigs): 0.440
torch.Size([64, 2500])
Epoch [60/1000], Wasserstein(eigs,real_eigs): 423.056, Wasserstein(log_eigs,log_real_eigs): 0.446
torch.Size([64, 2500])
Epoch [61/1000], Wasserstein(eigs,real_eigs): 187.852, Wasserstein(log_eigs,log_real_eigs): 0.461
torch.Size([64, 2500])
Epoch [62/1000], Wasserstein(eigs,real_eigs): 244.203, Wasserstein(log_eigs,log_real_eigs): 0.410
torch.Size([64, 2500])
Epoch [63/1000], Wasserstein(eigs,real_eigs): 147.509, Wasserstein(log_eigs,log_real_eigs): 0.386
torch.Size([64, 2500])
Epoch [64/1000], Wasserstein(eigs,real_eigs): 518.731, Wasserstein(log_eigs,log_real_eigs): 0.437
torch.Size([64, 2500])
Epoch [65/1000], Wasserstein(eigs,real_eigs): 395.212, Wasserstein(log_eigs,log_real_eigs): 0.420
torch.Size([64, 2500])
Epoch [66/1000], Wasserstein(eigs,real_eigs): 69.275, Wasserstein(log_eigs,log_real_eigs): 0.450
torch.Size([64, 2500])
Epoch [67/1000], Wasserstein(eigs,real_eigs): 150.337, Wasserstein(log_eigs,log_real_eigs): 0.327
torch.Size([64, 2500])
Epoch [68/1000], Wasserstein(eigs,real_eigs): 1103.552, Wasserstein(log_eigs,log_real_eigs): 0.394
torch.Size([64, 2500])
Epoch [69/1000], Wasserstein(eigs,real_eigs): 582.426, Wasserstein(log_eigs,log_real_eigs): 0.430
torch.Size([64, 2500])
Epoch [70/1000], Wasserstein(eigs,real_eigs): 712.576, Wasserstein(log_eigs,log_real_eigs): 0.368
torch.Size([64, 2500])
Epoch [71/1000], Wasserstein(eigs,real_eigs): 696.240, Wasserstein(log_eigs,log_real_eigs): 0.329
torch.Size([64, 2500])
Epoch [72/1000], Wasserstein(eigs,real_eigs): 12.666, Wasserstein(log_eigs,log_real_eigs): 0.475
torch.Size([64, 2500])
Epoch [73/1000], Wasserstein(eigs,real_eigs): 524.509, Wasserstein(log_eigs,log_real_eigs): 0.439
torch.Size([64, 2500])
Epoch [74/1000], Wasserstein(eigs,real_eigs): 221.416, Wasserstein(log_eigs,log_real_eigs): 0.336
torch.Size([64, 2500])
Epoch [75/1000], Wasserstein(eigs,real_eigs): 309.314, Wasserstein(log_eigs,log_real_eigs): 0.340
torch.Size([64, 2500])
Epoch [76/1000], Wasserstein(eigs,real_eigs): 1088.304, Wasserstein(log_eigs,log_real_eigs): 0.451
torch.Size([64, 2500])
Epoch [77/1000], Wasserstein(eigs,real_eigs): 668.498, Wasserstein(log_eigs,log_real_eigs): 0.398
torch.Size([64, 2500])
Epoch [78/1000], Wasserstein(eigs,real_eigs): 61.733, Wasserstein(log_eigs,log_real_eigs): 0.356
torch.Size([64, 2500])
Epoch [79/1000], Wasserstein(eigs,real_eigs): 805.568, Wasserstein(log_eigs,log_real_eigs): 1.193
torch.Size([64, 2500])
Epoch [80/1000], Wasserstein(eigs,real_eigs): 1222.089, Wasserstein(log_eigs,log_real_eigs): 0.799
torch.Size([64, 2500])
Epoch [81/1000], Wasserstein(eigs,real_eigs): 1169.152, Wasserstein(log_eigs,log_real_eigs): 0.460
torch.Size([64, 2500])
Epoch [82/1000], Wasserstein(eigs,real_eigs): 543.610, Wasserstein(log_eigs,log_real_eigs): 0.421
torch.Size([64, 2500])
Epoch [83/1000], Wasserstein(eigs,real_eigs): 956.778, Wasserstein(log_eigs,log_real_eigs): 0.438
torch.Size([64, 2500])
Epoch [84/1000], Wasserstein(eigs,real_eigs): 355.521, Wasserstein(log_eigs,log_real_eigs): 0.412
torch.Size([64, 2500])
Epoch [85/1000], Wasserstein(eigs,real_eigs): 580.450, Wasserstein(log_eigs,log_real_eigs): 0.373
torch.Size([64, 2500])
Epoch [86/1000], Wasserstein(eigs,real_eigs): 269.947, Wasserstein(log_eigs,log_real_eigs): 0.412
torch.Size([64, 2500])
Epoch [87/1000], Wasserstein(eigs,real_eigs): 255.541, Wasserstein(log_eigs,log_real_eigs): 0.516
torch.Size([64, 2500])
Epoch [88/1000], Wasserstein(eigs,real_eigs): 41.376, Wasserstein(log_eigs,log_real_eigs): 0.344
torch.Size([64, 2500])
Epoch [89/1000], Wasserstein(eigs,real_eigs): 21.635, Wasserstein(log_eigs,log_real_eigs): 0.386
torch.Size([64, 2500])
Epoch [90/1000], Wasserstein(eigs,real_eigs): 753.172, Wasserstein(log_eigs,log_real_eigs): 0.908
torch.Size([64, 2500])
Epoch [91/1000], Wasserstein(eigs,real_eigs): 759.261, Wasserstein(log_eigs,log_real_eigs): 0.866
torch.Size([64, 2500])
Epoch [92/1000], Wasserstein(eigs,real_eigs): 1285.534, Wasserstein(log_eigs,log_real_eigs): 0.643
torch.Size([64, 2500])
Epoch [93/1000], Wasserstein(eigs,real_eigs): 488.749, Wasserstein(log_eigs,log_real_eigs): 0.545
torch.Size([64, 2500])
Epoch [94/1000], Wasserstein(eigs,real_eigs): 721.954, Wasserstein(log_eigs,log_real_eigs): 0.337
torch.Size([64, 2500])
Epoch [95/1000], Wasserstein(eigs,real_eigs): 969.358, Wasserstein(log_eigs,log_real_eigs): 0.333
torch.Size([64, 2500])
Epoch [96/1000], Wasserstein(eigs,real_eigs): 955.019, Wasserstein(log_eigs,log_real_eigs): 0.356
torch.Size([64, 2500])
Epoch [97/1000], Wasserstein(eigs,real_eigs): 372.315, Wasserstein(log_eigs,log_real_eigs): 0.416
torch.Size([64, 2500])
Epoch [98/1000], Wasserstein(eigs,real_eigs): 20.629, Wasserstein(log_eigs,log_real_eigs): 0.267
torch.Size([64, 2500])
Epoch [99/1000], Wasserstein(eigs,real_eigs): 829.097, Wasserstein(log_eigs,log_real_eigs): 0.463
torch.Size([64, 2500])
Epoch [100/1000], Wasserstein(eigs,real_eigs): 1231.888, Wasserstein(log_eigs,log_real_eigs): 0.401
torch.Size([64, 2500])
Epoch [101/1000], Wasserstein(eigs,real_eigs): 1020.098, Wasserstein(log_eigs,log_real_eigs): 0.495
torch.Size([64, 2500])
Epoch [102/1000], Wasserstein(eigs,real_eigs): 482.018, Wasserstein(log_eigs,log_real_eigs): 0.507
torch.Size([64, 2500])
Epoch [103/1000], Wasserstein(eigs,real_eigs): 393.325, Wasserstein(log_eigs,log_real_eigs): 0.419
torch.Size([64, 2500])
Epoch [104/1000], Wasserstein(eigs,real_eigs): 548.292, Wasserstein(log_eigs,log_real_eigs): 0.391
torch.Size([64, 2500])
Epoch [105/1000], Wasserstein(eigs,real_eigs): 523.993, Wasserstein(log_eigs,log_real_eigs): 0.470
torch.Size([64, 2500])
Epoch [106/1000], Wasserstein(eigs,real_eigs): 560.742, Wasserstein(log_eigs,log_real_eigs): 0.494
torch.Size([64, 2500])
Epoch [107/1000], Wasserstein(eigs,real_eigs): 272.706, Wasserstein(log_eigs,log_real_eigs): 0.520
torch.Size([64, 2500])
Epoch [108/1000], Wasserstein(eigs,real_eigs): 1183.279, Wasserstein(log_eigs,log_real_eigs): 0.358
torch.Size([64, 2500])
Epoch [109/1000], Wasserstein(eigs,real_eigs): 1251.821, Wasserstein(log_eigs,log_real_eigs): 0.341
torch.Size([64, 2500])
Epoch [110/1000], Wasserstein(eigs,real_eigs): 1044.977, Wasserstein(log_eigs,log_real_eigs): 0.415
torch.Size([64, 2500])
Epoch [111/1000], Wasserstein(eigs,real_eigs): 708.200, Wasserstein(log_eigs,log_real_eigs): 0.479
torch.Size([64, 2500])
Epoch [112/1000], Wasserstein(eigs,real_eigs): 250.238, Wasserstein(log_eigs,log_real_eigs): 0.417
torch.Size([64, 2500])
Epoch [113/1000], Wasserstein(eigs,real_eigs): 569.281, Wasserstein(log_eigs,log_real_eigs): 0.325
torch.Size([64, 2500])
Epoch [114/1000], Wasserstein(eigs,real_eigs): 291.023, Wasserstein(log_eigs,log_real_eigs): 0.483
torch.Size([64, 2500])
Epoch [115/1000], Wasserstein(eigs,real_eigs): 89.618, Wasserstein(log_eigs,log_real_eigs): 0.338
torch.Size([64, 2500])
Epoch [116/1000], Wasserstein(eigs,real_eigs): 1100.853, Wasserstein(log_eigs,log_real_eigs): 0.400
torch.Size([64, 2500])
Epoch [117/1000], Wasserstein(eigs,real_eigs): 1476.338, Wasserstein(log_eigs,log_real_eigs): 0.373
torch.Size([64, 2500])
Epoch [118/1000], Wasserstein(eigs,real_eigs): 886.270, Wasserstein(log_eigs,log_real_eigs): 0.396
torch.Size([64, 2500])
Epoch [119/1000], Wasserstein(eigs,real_eigs): 587.327, Wasserstein(log_eigs,log_real_eigs): 0.432
torch.Size([64, 2500])
Epoch [120/1000], Wasserstein(eigs,real_eigs): 2240.252, Wasserstein(log_eigs,log_real_eigs): 0.335
torch.Size([64, 2500])
Epoch [121/1000], Wasserstein(eigs,real_eigs): 1920.790, Wasserstein(log_eigs,log_real_eigs): 0.354
torch.Size([64, 2500])
Epoch [122/1000], Wasserstein(eigs,real_eigs): 1899.750, Wasserstein(log_eigs,log_real_eigs): 0.381
torch.Size([64, 2500])
Epoch [123/1000], Wasserstein(eigs,real_eigs): 1267.095, Wasserstein(log_eigs,log_real_eigs): 0.375
torch.Size([64, 2500])
Epoch [124/1000], Wasserstein(eigs,real_eigs): 1116.830, Wasserstein(log_eigs,log_real_eigs): 0.428
torch.Size([64, 2500])
Epoch [125/1000], Wasserstein(eigs,real_eigs): 2105.497, Wasserstein(log_eigs,log_real_eigs): 0.392
torch.Size([64, 2500])
Epoch [126/1000], Wasserstein(eigs,real_eigs): 438.336, Wasserstein(log_eigs,log_real_eigs): 0.511
torch.Size([64, 2500])
Epoch [127/1000], Wasserstein(eigs,real_eigs): 2127.326, Wasserstein(log_eigs,log_real_eigs): 0.412
torch.Size([64, 2500])
Epoch [128/1000], Wasserstein(eigs,real_eigs): 2258.895, Wasserstein(log_eigs,log_real_eigs): 0.476
torch.Size([64, 2500])
Epoch [129/1000], Wasserstein(eigs,real_eigs): 1235.293, Wasserstein(log_eigs,log_real_eigs): 0.339
torch.Size([64, 2500])
Epoch [130/1000], Wasserstein(eigs,real_eigs): 330.720, Wasserstein(log_eigs,log_real_eigs): 0.330
torch.Size([64, 2500])
Epoch [131/1000], Wasserstein(eigs,real_eigs): 157.364, Wasserstein(log_eigs,log_real_eigs): 0.308
torch.Size([64, 2500])
Epoch [132/1000], Wasserstein(eigs,real_eigs): 341.420, Wasserstein(log_eigs,log_real_eigs): 0.486
torch.Size([64, 2500])
Epoch [133/1000], Wasserstein(eigs,real_eigs): 716.938, Wasserstein(log_eigs,log_real_eigs): 0.373
torch.Size([64, 2500])
Epoch [134/1000], Wasserstein(eigs,real_eigs): 1013.169, Wasserstein(log_eigs,log_real_eigs): 0.487
torch.Size([64, 2500])
Epoch [135/1000], Wasserstein(eigs,real_eigs): 1937.512, Wasserstein(log_eigs,log_real_eigs): 0.444
torch.Size([64, 2500])
Epoch [136/1000], Wasserstein(eigs,real_eigs): 1034.731, Wasserstein(log_eigs,log_real_eigs): 0.452
torch.Size([64, 2500])
Epoch [137/1000], Wasserstein(eigs,real_eigs): 1129.222, Wasserstein(log_eigs,log_real_eigs): 0.426
torch.Size([64, 2500])
Epoch [138/1000], Wasserstein(eigs,real_eigs): 1046.559, Wasserstein(log_eigs,log_real_eigs): 0.407
torch.Size([64, 2500])
Epoch [139/1000], Wasserstein(eigs,real_eigs): 258.224, Wasserstein(log_eigs,log_real_eigs): 0.516
torch.Size([64, 2500])
Epoch [140/1000], Wasserstein(eigs,real_eigs): 488.192, Wasserstein(log_eigs,log_real_eigs): 0.519
torch.Size([64, 2500])
Epoch [141/1000], Wasserstein(eigs,real_eigs): 1301.098, Wasserstein(log_eigs,log_real_eigs): 0.405
torch.Size([64, 2500])
Epoch [142/1000], Wasserstein(eigs,real_eigs): 633.374, Wasserstein(log_eigs,log_real_eigs): 0.367
torch.Size([64, 2500])
Epoch [143/1000], Wasserstein(eigs,real_eigs): 2105.744, Wasserstein(log_eigs,log_real_eigs): 0.465
torch.Size([64, 2500])
Epoch [144/1000], Wasserstein(eigs,real_eigs): 2831.551, Wasserstein(log_eigs,log_real_eigs): 0.421
torch.Size([64, 2500])
Epoch [145/1000], Wasserstein(eigs,real_eigs): 628.252, Wasserstein(log_eigs,log_real_eigs): 0.400
torch.Size([64, 2500])
Epoch [146/1000], Wasserstein(eigs,real_eigs): 157.299, Wasserstein(log_eigs,log_real_eigs): 0.514
torch.Size([64, 2500])
Epoch [147/1000], Wasserstein(eigs,real_eigs): 361.237, Wasserstein(log_eigs,log_real_eigs): 0.540
torch.Size([64, 2500])
Epoch [148/1000], Wasserstein(eigs,real_eigs): 810.308, Wasserstein(log_eigs,log_real_eigs): 0.471
torch.Size([64, 2500])
Epoch [149/1000], Wasserstein(eigs,real_eigs): 374.379, Wasserstein(log_eigs,log_real_eigs): 0.529
torch.Size([64, 2500])
Epoch [150/1000], Wasserstein(eigs,real_eigs): 2149.567, Wasserstein(log_eigs,log_real_eigs): 0.475
torch.Size([64, 2500])
Epoch [151/1000], Wasserstein(eigs,real_eigs): 1823.855, Wasserstein(log_eigs,log_real_eigs): 0.506
torch.Size([64, 2500])
Epoch [152/1000], Wasserstein(eigs,real_eigs): 2658.218, Wasserstein(log_eigs,log_real_eigs): 0.427
torch.Size([64, 2500])
Epoch [153/1000], Wasserstein(eigs,real_eigs): 1512.991, Wasserstein(log_eigs,log_real_eigs): 0.421
torch.Size([64, 2500])
Epoch [154/1000], Wasserstein(eigs,real_eigs): 942.072, Wasserstein(log_eigs,log_real_eigs): 0.468
torch.Size([64, 2500])
Epoch [155/1000], Wasserstein(eigs,real_eigs): 351.218, Wasserstein(log_eigs,log_real_eigs): 0.458
torch.Size([64, 2500])
Epoch [156/1000], Wasserstein(eigs,real_eigs): 1627.016, Wasserstein(log_eigs,log_real_eigs): 0.634
torch.Size([64, 2500])
Epoch [157/1000], Wasserstein(eigs,real_eigs): 1553.438, Wasserstein(log_eigs,log_real_eigs): 0.737
torch.Size([64, 2500])
Epoch [158/1000], Wasserstein(eigs,real_eigs): 3485.290, Wasserstein(log_eigs,log_real_eigs): 0.428
torch.Size([64, 2500])
Epoch [159/1000], Wasserstein(eigs,real_eigs): 2130.441, Wasserstein(log_eigs,log_real_eigs): 0.389
torch.Size([64, 2500])
Epoch [160/1000], Wasserstein(eigs,real_eigs): 3445.282, Wasserstein(log_eigs,log_real_eigs): 0.688
torch.Size([64, 2500])
Epoch [161/1000], Wasserstein(eigs,real_eigs): 397.421, Wasserstein(log_eigs,log_real_eigs): 0.607
torch.Size([64, 2500])
Epoch [162/1000], Wasserstein(eigs,real_eigs): 1477.882, Wasserstein(log_eigs,log_real_eigs): 0.388
torch.Size([64, 2500])
Epoch [163/1000], Wasserstein(eigs,real_eigs): 117.377, Wasserstein(log_eigs,log_real_eigs): 0.657
torch.Size([64, 2500])
Epoch [164/1000], Wasserstein(eigs,real_eigs): 471.081, Wasserstein(log_eigs,log_real_eigs): 0.407
torch.Size([64, 2500])
Epoch [165/1000], Wasserstein(eigs,real_eigs): 2441.854, Wasserstein(log_eigs,log_real_eigs): 0.669
torch.Size([64, 2500])
Epoch [166/1000], Wasserstein(eigs,real_eigs): 975.174, Wasserstein(log_eigs,log_real_eigs): 0.380
torch.Size([64, 2500])
Epoch [167/1000], Wasserstein(eigs,real_eigs): 31.070, Wasserstein(log_eigs,log_real_eigs): 0.262
torch.Size([64, 2500])
Epoch [168/1000], Wasserstein(eigs,real_eigs): 1180.980, Wasserstein(log_eigs,log_real_eigs): 0.472
torch.Size([64, 2500])
Epoch [169/1000], Wasserstein(eigs,real_eigs): 1620.488, Wasserstein(log_eigs,log_real_eigs): 0.520
torch.Size([64, 2500])
Epoch [170/1000], Wasserstein(eigs,real_eigs): 1599.978, Wasserstein(log_eigs,log_real_eigs): 0.421
torch.Size([64, 2500])
Epoch [171/1000], Wasserstein(eigs,real_eigs): 1046.919, Wasserstein(log_eigs,log_real_eigs): 0.351
torch.Size([64, 2500])
Epoch [172/1000], Wasserstein(eigs,real_eigs): 317.219, Wasserstein(log_eigs,log_real_eigs): 0.356
torch.Size([64, 2500])
Epoch [173/1000], Wasserstein(eigs,real_eigs): 153.876, Wasserstein(log_eigs,log_real_eigs): 0.336
torch.Size([64, 2500])
Epoch [174/1000], Wasserstein(eigs,real_eigs): 431.765, Wasserstein(log_eigs,log_real_eigs): 0.404
torch.Size([64, 2500])
Epoch [175/1000], Wasserstein(eigs,real_eigs): 10.117, Wasserstein(log_eigs,log_real_eigs): 0.326
torch.Size([64, 2500])
Epoch [176/1000], Wasserstein(eigs,real_eigs): 446.613, Wasserstein(log_eigs,log_real_eigs): 0.513
torch.Size([64, 2500])
Epoch [177/1000], Wasserstein(eigs,real_eigs): 1559.012, Wasserstein(log_eigs,log_real_eigs): 0.596
torch.Size([64, 2500])
Epoch [178/1000], Wasserstein(eigs,real_eigs): 1018.953, Wasserstein(log_eigs,log_real_eigs): 0.589
torch.Size([64, 2500])
Epoch [179/1000], Wasserstein(eigs,real_eigs): 1305.621, Wasserstein(log_eigs,log_real_eigs): 0.547
torch.Size([64, 2500])
Epoch [180/1000], Wasserstein(eigs,real_eigs): 359.374, Wasserstein(log_eigs,log_real_eigs): 0.483
torch.Size([64, 2500])
Epoch [181/1000], Wasserstein(eigs,real_eigs): 2820.443, Wasserstein(log_eigs,log_real_eigs): 0.423
torch.Size([64, 2500])
Epoch [182/1000], Wasserstein(eigs,real_eigs): 724.197, Wasserstein(log_eigs,log_real_eigs): 0.393
torch.Size([64, 2500])
Epoch [183/1000], Wasserstein(eigs,real_eigs): 2867.582, Wasserstein(log_eigs,log_real_eigs): 0.391
torch.Size([64, 2500])
Epoch [184/1000], Wasserstein(eigs,real_eigs): 2475.410, Wasserstein(log_eigs,log_real_eigs): 0.370
torch.Size([64, 2500])
Epoch [185/1000], Wasserstein(eigs,real_eigs): 2799.174, Wasserstein(log_eigs,log_real_eigs): 0.300
torch.Size([64, 2500])
Epoch [186/1000], Wasserstein(eigs,real_eigs): 1296.038, Wasserstein(log_eigs,log_real_eigs): 0.384
torch.Size([64, 2500])
Epoch [187/1000], Wasserstein(eigs,real_eigs): 1319.631, Wasserstein(log_eigs,log_real_eigs): 0.363
torch.Size([64, 2500])
Epoch [188/1000], Wasserstein(eigs,real_eigs): 1051.074, Wasserstein(log_eigs,log_real_eigs): 0.383
torch.Size([64, 2500])
Epoch [189/1000], Wasserstein(eigs,real_eigs): 684.891, Wasserstein(log_eigs,log_real_eigs): 0.342
torch.Size([64, 2500])
Epoch [190/1000], Wasserstein(eigs,real_eigs): 1349.525, Wasserstein(log_eigs,log_real_eigs): 0.335
torch.Size([64, 2500])
Epoch [191/1000], Wasserstein(eigs,real_eigs): 1729.339, Wasserstein(log_eigs,log_real_eigs): 0.407
torch.Size([64, 2500])
Epoch [192/1000], Wasserstein(eigs,real_eigs): 1195.786, Wasserstein(log_eigs,log_real_eigs): 0.374
torch.Size([64, 2500])
Epoch [193/1000], Wasserstein(eigs,real_eigs): 1156.575, Wasserstein(log_eigs,log_real_eigs): 0.389
torch.Size([64, 2500])
Epoch [194/1000], Wasserstein(eigs,real_eigs): 1446.394, Wasserstein(log_eigs,log_real_eigs): 0.353
torch.Size([64, 2500])
Epoch [195/1000], Wasserstein(eigs,real_eigs): 39.692, Wasserstein(log_eigs,log_real_eigs): 0.321
torch.Size([64, 2500])
Epoch [196/1000], Wasserstein(eigs,real_eigs): 2221.615, Wasserstein(log_eigs,log_real_eigs): 0.475
torch.Size([64, 2500])
Epoch [197/1000], Wasserstein(eigs,real_eigs): 1404.799, Wasserstein(log_eigs,log_real_eigs): 0.402
torch.Size([64, 2500])
Epoch [198/1000], Wasserstein(eigs,real_eigs): 1875.327, Wasserstein(log_eigs,log_real_eigs): 0.449
torch.Size([64, 2500])
Epoch [199/1000], Wasserstein(eigs,real_eigs): 678.894, Wasserstein(log_eigs,log_real_eigs): 0.386
torch.Size([64, 2500])
Epoch [200/1000], Wasserstein(eigs,real_eigs): 1003.744, Wasserstein(log_eigs,log_real_eigs): 0.379
torch.Size([64, 2500])
Epoch [201/1000], Wasserstein(eigs,real_eigs): 473.062, Wasserstein(log_eigs,log_real_eigs): 0.443
torch.Size([64, 2500])
Epoch [202/1000], Wasserstein(eigs,real_eigs): 89.986, Wasserstein(log_eigs,log_real_eigs): 0.506
torch.Size([64, 2500])
Epoch [203/1000], Wasserstein(eigs,real_eigs): 689.911, Wasserstein(log_eigs,log_real_eigs): 0.540
torch.Size([64, 2500])
Epoch [204/1000], Wasserstein(eigs,real_eigs): 949.149, Wasserstein(log_eigs,log_real_eigs): 0.596
torch.Size([64, 2500])
Epoch [205/1000], Wasserstein(eigs,real_eigs): 10.776, Wasserstein(log_eigs,log_real_eigs): 0.382
torch.Size([64, 2500])
Epoch [206/1000], Wasserstein(eigs,real_eigs): 3063.340, Wasserstein(log_eigs,log_real_eigs): 0.353
torch.Size([64, 2500])
Epoch [207/1000], Wasserstein(eigs,real_eigs): 1525.355, Wasserstein(log_eigs,log_real_eigs): 0.394
torch.Size([64, 2500])
Epoch [208/1000], Wasserstein(eigs,real_eigs): 2126.203, Wasserstein(log_eigs,log_real_eigs): 0.405
torch.Size([64, 2500])
Epoch [209/1000], Wasserstein(eigs,real_eigs): 287.588, Wasserstein(log_eigs,log_real_eigs): 0.299
torch.Size([64, 2500])
Epoch [210/1000], Wasserstein(eigs,real_eigs): 1798.766, Wasserstein(log_eigs,log_real_eigs): 0.523
torch.Size([64, 2500])
Epoch [211/1000], Wasserstein(eigs,real_eigs): 2031.083, Wasserstein(log_eigs,log_real_eigs): 0.442
torch.Size([64, 2500])
Epoch [212/1000], Wasserstein(eigs,real_eigs): 1851.365, Wasserstein(log_eigs,log_real_eigs): 0.510
torch.Size([64, 2500])
Epoch [213/1000], Wasserstein(eigs,real_eigs): 2548.368, Wasserstein(log_eigs,log_real_eigs): 0.492
torch.Size([64, 2500])
Epoch [214/1000], Wasserstein(eigs,real_eigs): 1575.229, Wasserstein(log_eigs,log_real_eigs): 0.492
torch.Size([64, 2500])
Epoch [215/1000], Wasserstein(eigs,real_eigs): 1105.517, Wasserstein(log_eigs,log_real_eigs): 0.556
torch.Size([64, 2500])
Epoch [216/1000], Wasserstein(eigs,real_eigs): 180.668, Wasserstein(log_eigs,log_real_eigs): 0.460
torch.Size([64, 2500])
Epoch [217/1000], Wasserstein(eigs,real_eigs): 317.745, Wasserstein(log_eigs,log_real_eigs): 0.504
torch.Size([64, 2500])
Epoch [218/1000], Wasserstein(eigs,real_eigs): 2448.862, Wasserstein(log_eigs,log_real_eigs): 0.286
torch.Size([64, 2500])
Epoch [219/1000], Wasserstein(eigs,real_eigs): 2729.563, Wasserstein(log_eigs,log_real_eigs): 0.644
torch.Size([64, 2500])
Epoch [220/1000], Wasserstein(eigs,real_eigs): 2981.246, Wasserstein(log_eigs,log_real_eigs): 0.662
torch.Size([64, 2500])
Epoch [221/1000], Wasserstein(eigs,real_eigs): 930.380, Wasserstein(log_eigs,log_real_eigs): 0.696
torch.Size([64, 2500])
Epoch [222/1000], Wasserstein(eigs,real_eigs): 88.281, Wasserstein(log_eigs,log_real_eigs): 0.547
torch.Size([64, 2500])
Epoch [223/1000], Wasserstein(eigs,real_eigs): 114.647, Wasserstein(log_eigs,log_real_eigs): 0.316
torch.Size([64, 2500])
Epoch [224/1000], Wasserstein(eigs,real_eigs): 3072.112, Wasserstein(log_eigs,log_real_eigs): 0.400
torch.Size([64, 2500])
Epoch [225/1000], Wasserstein(eigs,real_eigs): 1791.378, Wasserstein(log_eigs,log_real_eigs): 0.691
torch.Size([64, 2500])
Epoch [226/1000], Wasserstein(eigs,real_eigs): 928.685, Wasserstein(log_eigs,log_real_eigs): 0.672
torch.Size([64, 2500])
Epoch [227/1000], Wasserstein(eigs,real_eigs): 1656.455, Wasserstein(log_eigs,log_real_eigs): 0.621
torch.Size([64, 2500])
Epoch [228/1000], Wasserstein(eigs,real_eigs): 1192.090, Wasserstein(log_eigs,log_real_eigs): 0.718
torch.Size([64, 2500])
Epoch [229/1000], Wasserstein(eigs,real_eigs): 1424.716, Wasserstein(log_eigs,log_real_eigs): 0.697
torch.Size([64, 2500])
Epoch [230/1000], Wasserstein(eigs,real_eigs): 5618.267, Wasserstein(log_eigs,log_real_eigs): 0.527
torch.Size([64, 2500])
Epoch [231/1000], Wasserstein(eigs,real_eigs): 4288.088, Wasserstein(log_eigs,log_real_eigs): 0.485
torch.Size([64, 2500])
Epoch [232/1000], Wasserstein(eigs,real_eigs): 1716.370, Wasserstein(log_eigs,log_real_eigs): 0.375
torch.Size([64, 2500])
Epoch [233/1000], Wasserstein(eigs,real_eigs): 2440.511, Wasserstein(log_eigs,log_real_eigs): 0.391
torch.Size([64, 2500])
Epoch [234/1000], Wasserstein(eigs,real_eigs): 4496.059, Wasserstein(log_eigs,log_real_eigs): 0.434
torch.Size([64, 2500])
Epoch [235/1000], Wasserstein(eigs,real_eigs): 1841.264, Wasserstein(log_eigs,log_real_eigs): 0.407
torch.Size([64, 2500])
Epoch [236/1000], Wasserstein(eigs,real_eigs): 1757.567, Wasserstein(log_eigs,log_real_eigs): 0.378
torch.Size([64, 2500])
Epoch [237/1000], Wasserstein(eigs,real_eigs): 1119.001, Wasserstein(log_eigs,log_real_eigs): 0.322
torch.Size([64, 2500])
Epoch [238/1000], Wasserstein(eigs,real_eigs): 2746.808, Wasserstein(log_eigs,log_real_eigs): 0.626
torch.Size([64, 2500])
Epoch [239/1000], Wasserstein(eigs,real_eigs): 1927.793, Wasserstein(log_eigs,log_real_eigs): 0.411
torch.Size([64, 2500])
Epoch [240/1000], Wasserstein(eigs,real_eigs): 1648.469, Wasserstein(log_eigs,log_real_eigs): 0.465
torch.Size([64, 2500])
Epoch [241/1000], Wasserstein(eigs,real_eigs): 947.520, Wasserstein(log_eigs,log_real_eigs): 0.462
torch.Size([64, 2500])
Epoch [242/1000], Wasserstein(eigs,real_eigs): 605.225, Wasserstein(log_eigs,log_real_eigs): 0.333
torch.Size([64, 2500])
Epoch [243/1000], Wasserstein(eigs,real_eigs): 3367.793, Wasserstein(log_eigs,log_real_eigs): 0.500
torch.Size([64, 2500])
Epoch [244/1000], Wasserstein(eigs,real_eigs): 3008.856, Wasserstein(log_eigs,log_real_eigs): 0.679
torch.Size([64, 2500])
Epoch [245/1000], Wasserstein(eigs,real_eigs): 1149.206, Wasserstein(log_eigs,log_real_eigs): 0.528
torch.Size([64, 2500])
Epoch [246/1000], Wasserstein(eigs,real_eigs): 190.999, Wasserstein(log_eigs,log_real_eigs): 0.436
torch.Size([64, 2500])
Epoch [247/1000], Wasserstein(eigs,real_eigs): 1425.777, Wasserstein(log_eigs,log_real_eigs): 0.629
torch.Size([64, 2500])
Epoch [248/1000], Wasserstein(eigs,real_eigs): 420.451, Wasserstein(log_eigs,log_real_eigs): 0.402
torch.Size([64, 2500])
Epoch [249/1000], Wasserstein(eigs,real_eigs): 2000.484, Wasserstein(log_eigs,log_real_eigs): 0.526
torch.Size([64, 2500])
Epoch [250/1000], Wasserstein(eigs,real_eigs): 2956.435, Wasserstein(log_eigs,log_real_eigs): 0.414
torch.Size([64, 2500])
Epoch [251/1000], Wasserstein(eigs,real_eigs): 5744.285, Wasserstein(log_eigs,log_real_eigs): 0.827
torch.Size([64, 2500])
Epoch [252/1000], Wasserstein(eigs,real_eigs): 5736.103, Wasserstein(log_eigs,log_real_eigs): 0.802
torch.Size([64, 2500])
Epoch [253/1000], Wasserstein(eigs,real_eigs): 3206.837, Wasserstein(log_eigs,log_real_eigs): 0.673
torch.Size([64, 2500])
Epoch [254/1000], Wasserstein(eigs,real_eigs): 3601.066, Wasserstein(log_eigs,log_real_eigs): 0.742
torch.Size([64, 2500])
Epoch [255/1000], Wasserstein(eigs,real_eigs): 3107.714, Wasserstein(log_eigs,log_real_eigs): 0.643
torch.Size([64, 2500])
Epoch [256/1000], Wasserstein(eigs,real_eigs): 3826.185, Wasserstein(log_eigs,log_real_eigs): 0.581
torch.Size([64, 2500])
Epoch [257/1000], Wasserstein(eigs,real_eigs): 3289.934, Wasserstein(log_eigs,log_real_eigs): 0.477
torch.Size([64, 2500])
Epoch [258/1000], Wasserstein(eigs,real_eigs): 260.092, Wasserstein(log_eigs,log_real_eigs): 0.365
torch.Size([64, 2500])
Epoch [259/1000], Wasserstein(eigs,real_eigs): 2586.579, Wasserstein(log_eigs,log_real_eigs): 0.567
torch.Size([64, 2500])
Epoch [260/1000], Wasserstein(eigs,real_eigs): 656.203, Wasserstein(log_eigs,log_real_eigs): 0.484
torch.Size([64, 2500])
Epoch [261/1000], Wasserstein(eigs,real_eigs): 524.031, Wasserstein(log_eigs,log_real_eigs): 0.700
torch.Size([64, 2500])
Epoch [262/1000], Wasserstein(eigs,real_eigs): 2192.451, Wasserstein(log_eigs,log_real_eigs): 0.353
torch.Size([64, 2500])
Epoch [263/1000], Wasserstein(eigs,real_eigs): 4073.577, Wasserstein(log_eigs,log_real_eigs): 0.524
torch.Size([64, 2500])
Epoch [264/1000], Wasserstein(eigs,real_eigs): 4180.277, Wasserstein(log_eigs,log_real_eigs): 0.624
torch.Size([64, 2500])
Epoch [265/1000], Wasserstein(eigs,real_eigs): 1780.510, Wasserstein(log_eigs,log_real_eigs): 0.517
torch.Size([64, 2500])
Epoch [266/1000], Wasserstein(eigs,real_eigs): 1792.942, Wasserstein(log_eigs,log_real_eigs): 0.434
torch.Size([64, 2500])
Epoch [267/1000], Wasserstein(eigs,real_eigs): 576.608, Wasserstein(log_eigs,log_real_eigs): 0.435
torch.Size([64, 2500])
Epoch [268/1000], Wasserstein(eigs,real_eigs): 1698.039, Wasserstein(log_eigs,log_real_eigs): 0.387
torch.Size([64, 2500])
Epoch [269/1000], Wasserstein(eigs,real_eigs): 406.232, Wasserstein(log_eigs,log_real_eigs): 0.365
torch.Size([64, 2500])
Epoch [270/1000], Wasserstein(eigs,real_eigs): 4763.067, Wasserstein(log_eigs,log_real_eigs): 0.535
torch.Size([64, 2500])
Epoch [271/1000], Wasserstein(eigs,real_eigs): 586.537, Wasserstein(log_eigs,log_real_eigs): 0.514
torch.Size([64, 2500])
Epoch [272/1000], Wasserstein(eigs,real_eigs): 1905.078, Wasserstein(log_eigs,log_real_eigs): 0.571
torch.Size([64, 2500])
Epoch [273/1000], Wasserstein(eigs,real_eigs): 197.229, Wasserstein(log_eigs,log_real_eigs): 0.354
torch.Size([64, 2500])
Epoch [274/1000], Wasserstein(eigs,real_eigs): 1590.601, Wasserstein(log_eigs,log_real_eigs): 0.474
torch.Size([64, 2500])
Epoch [275/1000], Wasserstein(eigs,real_eigs): 199.705, Wasserstein(log_eigs,log_real_eigs): 0.459
torch.Size([64, 2500])
Epoch [276/1000], Wasserstein(eigs,real_eigs): 2455.155, Wasserstein(log_eigs,log_real_eigs): 0.459
torch.Size([64, 2500])
Epoch [277/1000], Wasserstein(eigs,real_eigs): 667.992, Wasserstein(log_eigs,log_real_eigs): 0.372
torch.Size([64, 2500])
Epoch [278/1000], Wasserstein(eigs,real_eigs): 2134.936, Wasserstein(log_eigs,log_real_eigs): 0.565
torch.Size([64, 2500])
Epoch [279/1000], Wasserstein(eigs,real_eigs): 1452.384, Wasserstein(log_eigs,log_real_eigs): 0.569
torch.Size([64, 2500])
Epoch [280/1000], Wasserstein(eigs,real_eigs): 623.371, Wasserstein(log_eigs,log_real_eigs): 0.503
torch.Size([64, 2500])
Epoch [281/1000], Wasserstein(eigs,real_eigs): 668.363, Wasserstein(log_eigs,log_real_eigs): 0.363
torch.Size([64, 2500])
Epoch [282/1000], Wasserstein(eigs,real_eigs): 1333.932, Wasserstein(log_eigs,log_real_eigs): 0.440
torch.Size([64, 2500])
Epoch [283/1000], Wasserstein(eigs,real_eigs): 2241.574, Wasserstein(log_eigs,log_real_eigs): 0.600
torch.Size([64, 2500])
Epoch [284/1000], Wasserstein(eigs,real_eigs): 2877.683, Wasserstein(log_eigs,log_real_eigs): 0.492
torch.Size([64, 2500])
Epoch [285/1000], Wasserstein(eigs,real_eigs): 2246.997, Wasserstein(log_eigs,log_real_eigs): 0.506
torch.Size([64, 2500])
Epoch [286/1000], Wasserstein(eigs,real_eigs): 6813.627, Wasserstein(log_eigs,log_real_eigs): 0.714
torch.Size([64, 2500])
Epoch [287/1000], Wasserstein(eigs,real_eigs): 5795.519, Wasserstein(log_eigs,log_real_eigs): 0.665
torch.Size([64, 2500])
Epoch [288/1000], Wasserstein(eigs,real_eigs): 3284.450, Wasserstein(log_eigs,log_real_eigs): 0.687
torch.Size([64, 2500])
Epoch [289/1000], Wasserstein(eigs,real_eigs): 854.950, Wasserstein(log_eigs,log_real_eigs): 0.575
torch.Size([64, 2500])
Epoch [290/1000], Wasserstein(eigs,real_eigs): 888.717, Wasserstein(log_eigs,log_real_eigs): 0.459
torch.Size([64, 2500])
Epoch [291/1000], Wasserstein(eigs,real_eigs): 1314.342, Wasserstein(log_eigs,log_real_eigs): 0.611
torch.Size([64, 2500])
Epoch [292/1000], Wasserstein(eigs,real_eigs): 2404.387, Wasserstein(log_eigs,log_real_eigs): 0.375
torch.Size([64, 2500])
Epoch [293/1000], Wasserstein(eigs,real_eigs): 694.875, Wasserstein(log_eigs,log_real_eigs): 0.492
torch.Size([64, 2500])
Epoch [294/1000], Wasserstein(eigs,real_eigs): 2006.138, Wasserstein(log_eigs,log_real_eigs): 0.659
torch.Size([64, 2500])
Epoch [295/1000], Wasserstein(eigs,real_eigs): 1450.979, Wasserstein(log_eigs,log_real_eigs): 0.344
torch.Size([64, 2500])
Epoch [296/1000], Wasserstein(eigs,real_eigs): 463.740, Wasserstein(log_eigs,log_real_eigs): 0.387
torch.Size([64, 2500])
Epoch [297/1000], Wasserstein(eigs,real_eigs): 2105.720, Wasserstein(log_eigs,log_real_eigs): 0.293
torch.Size([64, 2500])
Epoch [298/1000], Wasserstein(eigs,real_eigs): 2315.304, Wasserstein(log_eigs,log_real_eigs): 0.350
torch.Size([64, 2500])
Epoch [299/1000], Wasserstein(eigs,real_eigs): 2292.961, Wasserstein(log_eigs,log_real_eigs): 0.395
torch.Size([64, 2500])
Epoch [300/1000], Wasserstein(eigs,real_eigs): 2921.699, Wasserstein(log_eigs,log_real_eigs): 0.277
torch.Size([64, 2500])
Epoch [301/1000], Wasserstein(eigs,real_eigs): 4418.164, Wasserstein(log_eigs,log_real_eigs): 0.335
torch.Size([64, 2500])
Epoch [302/1000], Wasserstein(eigs,real_eigs): 28.258, Wasserstein(log_eigs,log_real_eigs): 0.288
torch.Size([64, 2500])
Epoch [303/1000], Wasserstein(eigs,real_eigs): 4991.216, Wasserstein(log_eigs,log_real_eigs): 0.605
torch.Size([64, 2500])
Epoch [304/1000], Wasserstein(eigs,real_eigs): 7193.387, Wasserstein(log_eigs,log_real_eigs): 0.724
torch.Size([64, 2500])
Epoch [305/1000], Wasserstein(eigs,real_eigs): 3795.357, Wasserstein(log_eigs,log_real_eigs): 0.497
torch.Size([64, 2500])
Epoch [306/1000], Wasserstein(eigs,real_eigs): 4938.315, Wasserstein(log_eigs,log_real_eigs): 0.733
torch.Size([64, 2500])
Epoch [307/1000], Wasserstein(eigs,real_eigs): 4891.177, Wasserstein(log_eigs,log_real_eigs): 0.560
torch.Size([64, 2500])
Epoch [308/1000], Wasserstein(eigs,real_eigs): 3474.883, Wasserstein(log_eigs,log_real_eigs): 0.563
torch.Size([64, 2500])
Epoch [309/1000], Wasserstein(eigs,real_eigs): 1705.723, Wasserstein(log_eigs,log_real_eigs): 0.405
torch.Size([64, 2500])
Epoch [310/1000], Wasserstein(eigs,real_eigs): 6663.286, Wasserstein(log_eigs,log_real_eigs): 0.689
torch.Size([64, 2500])
Epoch [311/1000], Wasserstein(eigs,real_eigs): 1286.329, Wasserstein(log_eigs,log_real_eigs): 0.334
torch.Size([64, 2500])
Epoch [312/1000], Wasserstein(eigs,real_eigs): 995.122, Wasserstein(log_eigs,log_real_eigs): 0.516
torch.Size([64, 2500])
Epoch [313/1000], Wasserstein(eigs,real_eigs): 575.293, Wasserstein(log_eigs,log_real_eigs): 0.357
torch.Size([64, 2500])
Epoch [314/1000], Wasserstein(eigs,real_eigs): 3316.426, Wasserstein(log_eigs,log_real_eigs): 0.342
torch.Size([64, 2500])
Epoch [315/1000], Wasserstein(eigs,real_eigs): 4992.076, Wasserstein(log_eigs,log_real_eigs): 0.639
torch.Size([64, 2500])
Epoch [316/1000], Wasserstein(eigs,real_eigs): 1003.029, Wasserstein(log_eigs,log_real_eigs): 0.356
torch.Size([64, 2500])
Epoch [317/1000], Wasserstein(eigs,real_eigs): 938.351, Wasserstein(log_eigs,log_real_eigs): 0.388
torch.Size([64, 2500])
Epoch [318/1000], Wasserstein(eigs,real_eigs): 3024.682, Wasserstein(log_eigs,log_real_eigs): 0.384
torch.Size([64, 2500])
Epoch [319/1000], Wasserstein(eigs,real_eigs): 4080.218, Wasserstein(log_eigs,log_real_eigs): 0.354
torch.Size([64, 2500])
Epoch [320/1000], Wasserstein(eigs,real_eigs): 4023.100, Wasserstein(log_eigs,log_real_eigs): 0.440
torch.Size([64, 2500])
Epoch [321/1000], Wasserstein(eigs,real_eigs): 421.588, Wasserstein(log_eigs,log_real_eigs): 0.520
torch.Size([64, 2500])
Epoch [322/1000], Wasserstein(eigs,real_eigs): 904.695, Wasserstein(log_eigs,log_real_eigs): 0.438
torch.Size([64, 2500])
Epoch [323/1000], Wasserstein(eigs,real_eigs): 1423.768, Wasserstein(log_eigs,log_real_eigs): 0.422
torch.Size([64, 2500])
Epoch [324/1000], Wasserstein(eigs,real_eigs): 3536.721, Wasserstein(log_eigs,log_real_eigs): 0.553
torch.Size([64, 2500])
Epoch [325/1000], Wasserstein(eigs,real_eigs): 2599.871, Wasserstein(log_eigs,log_real_eigs): 0.308
torch.Size([64, 2500])
Epoch [326/1000], Wasserstein(eigs,real_eigs): 3122.314, Wasserstein(log_eigs,log_real_eigs): 0.488
torch.Size([64, 2500])
Epoch [327/1000], Wasserstein(eigs,real_eigs): 30.382, Wasserstein(log_eigs,log_real_eigs): 0.301
torch.Size([64, 2500])
Epoch [328/1000], Wasserstein(eigs,real_eigs): 144.767, Wasserstein(log_eigs,log_real_eigs): 0.341
torch.Size([64, 2500])
Epoch [329/1000], Wasserstein(eigs,real_eigs): 851.184, Wasserstein(log_eigs,log_real_eigs): 0.375
torch.Size([64, 2500])
Epoch [330/1000], Wasserstein(eigs,real_eigs): 607.732, Wasserstein(log_eigs,log_real_eigs): 0.391
torch.Size([64, 2500])
Epoch [331/1000], Wasserstein(eigs,real_eigs): 3948.862, Wasserstein(log_eigs,log_real_eigs): 0.613
torch.Size([64, 2500])
Epoch [332/1000], Wasserstein(eigs,real_eigs): 6305.039, Wasserstein(log_eigs,log_real_eigs): 0.441
torch.Size([64, 2500])
Epoch [333/1000], Wasserstein(eigs,real_eigs): 6355.236, Wasserstein(log_eigs,log_real_eigs): 0.279
torch.Size([64, 2500])
Epoch [334/1000], Wasserstein(eigs,real_eigs): 2447.564, Wasserstein(log_eigs,log_real_eigs): 0.354
torch.Size([64, 2500])
Epoch [335/1000], Wasserstein(eigs,real_eigs): 5031.947, Wasserstein(log_eigs,log_real_eigs): 0.437
torch.Size([64, 2500])
Epoch [336/1000], Wasserstein(eigs,real_eigs): 2150.950, Wasserstein(log_eigs,log_real_eigs): 0.437
torch.Size([64, 2500])
Epoch [337/1000], Wasserstein(eigs,real_eigs): 3887.111, Wasserstein(log_eigs,log_real_eigs): 0.339
torch.Size([64, 2500])
Epoch [338/1000], Wasserstein(eigs,real_eigs): 1684.981, Wasserstein(log_eigs,log_real_eigs): 0.375
torch.Size([64, 2500])
Epoch [339/1000], Wasserstein(eigs,real_eigs): 996.862, Wasserstein(log_eigs,log_real_eigs): 0.363
torch.Size([64, 2500])
Epoch [340/1000], Wasserstein(eigs,real_eigs): 353.555, Wasserstein(log_eigs,log_real_eigs): 0.552
torch.Size([64, 2500])
Epoch [341/1000], Wasserstein(eigs,real_eigs): 902.726, Wasserstein(log_eigs,log_real_eigs): 0.588
torch.Size([64, 2500])
Epoch [342/1000], Wasserstein(eigs,real_eigs): 3010.402, Wasserstein(log_eigs,log_real_eigs): 0.509
torch.Size([64, 2500])
Epoch [343/1000], Wasserstein(eigs,real_eigs): 1891.069, Wasserstein(log_eigs,log_real_eigs): 0.580
torch.Size([64, 2500])
Epoch [344/1000], Wasserstein(eigs,real_eigs): 853.051, Wasserstein(log_eigs,log_real_eigs): 0.303
torch.Size([64, 2500])
Epoch [345/1000], Wasserstein(eigs,real_eigs): 1169.505, Wasserstein(log_eigs,log_real_eigs): 0.520
torch.Size([64, 2500])
Epoch [346/1000], Wasserstein(eigs,real_eigs): 3739.113, Wasserstein(log_eigs,log_real_eigs): 0.645
torch.Size([64, 2500])
Epoch [347/1000], Wasserstein(eigs,real_eigs): 6391.918, Wasserstein(log_eigs,log_real_eigs): 0.415
torch.Size([64, 2500])
Epoch [348/1000], Wasserstein(eigs,real_eigs): 6761.560, Wasserstein(log_eigs,log_real_eigs): 0.661
torch.Size([64, 2500])
Epoch [349/1000], Wasserstein(eigs,real_eigs): 1263.485, Wasserstein(log_eigs,log_real_eigs): 0.420
torch.Size([64, 2500])
Epoch [350/1000], Wasserstein(eigs,real_eigs): 3898.494, Wasserstein(log_eigs,log_real_eigs): 0.534
torch.Size([64, 2500])
Epoch [351/1000], Wasserstein(eigs,real_eigs): 2818.507, Wasserstein(log_eigs,log_real_eigs): 0.484
torch.Size([64, 2500])
Epoch [352/1000], Wasserstein(eigs,real_eigs): 4182.519, Wasserstein(log_eigs,log_real_eigs): 0.676
torch.Size([64, 2500])
Epoch [353/1000], Wasserstein(eigs,real_eigs): 1933.715, Wasserstein(log_eigs,log_real_eigs): 0.708
torch.Size([64, 2500])
Epoch [354/1000], Wasserstein(eigs,real_eigs): 552.120, Wasserstein(log_eigs,log_real_eigs): 0.546
torch.Size([64, 2500])
Epoch [355/1000], Wasserstein(eigs,real_eigs): 5347.017, Wasserstein(log_eigs,log_real_eigs): 0.651
torch.Size([64, 2500])
Epoch [356/1000], Wasserstein(eigs,real_eigs): 283.628, Wasserstein(log_eigs,log_real_eigs): 0.566
torch.Size([64, 2500])
Epoch [357/1000], Wasserstein(eigs,real_eigs): 5244.855, Wasserstein(log_eigs,log_real_eigs): 0.764
torch.Size([64, 2500])
Epoch [358/1000], Wasserstein(eigs,real_eigs): 222.563, Wasserstein(log_eigs,log_real_eigs): 0.392
torch.Size([64, 2500])
Epoch [359/1000], Wasserstein(eigs,real_eigs): 3619.853, Wasserstein(log_eigs,log_real_eigs): 0.657
torch.Size([64, 2500])
Epoch [360/1000], Wasserstein(eigs,real_eigs): 2483.046, Wasserstein(log_eigs,log_real_eigs): 0.814
torch.Size([64, 2500])
Epoch [361/1000], Wasserstein(eigs,real_eigs): 3479.298, Wasserstein(log_eigs,log_real_eigs): 0.629
torch.Size([64, 2500])
Epoch [362/1000], Wasserstein(eigs,real_eigs): 789.478, Wasserstein(log_eigs,log_real_eigs): 0.663
torch.Size([64, 2500])
Epoch [363/1000], Wasserstein(eigs,real_eigs): 526.364, Wasserstein(log_eigs,log_real_eigs): 0.660
torch.Size([64, 2500])
Epoch [364/1000], Wasserstein(eigs,real_eigs): 127.728, Wasserstein(log_eigs,log_real_eigs): 0.491
torch.Size([64, 2500])
Epoch [365/1000], Wasserstein(eigs,real_eigs): 3542.095, Wasserstein(log_eigs,log_real_eigs): 0.676
torch.Size([64, 2500])
Epoch [366/1000], Wasserstein(eigs,real_eigs): 3402.932, Wasserstein(log_eigs,log_real_eigs): 0.499
torch.Size([64, 2500])
Epoch [367/1000], Wasserstein(eigs,real_eigs): 3541.529, Wasserstein(log_eigs,log_real_eigs): 0.498
torch.Size([64, 2500])
Epoch [368/1000], Wasserstein(eigs,real_eigs): 1522.870, Wasserstein(log_eigs,log_real_eigs): 0.340
torch.Size([64, 2500])
Epoch [369/1000], Wasserstein(eigs,real_eigs): 2993.439, Wasserstein(log_eigs,log_real_eigs): 0.358
torch.Size([64, 2500])
Epoch [370/1000], Wasserstein(eigs,real_eigs): 2118.454, Wasserstein(log_eigs,log_real_eigs): 0.401
torch.Size([64, 2500])
Epoch [371/1000], Wasserstein(eigs,real_eigs): 2340.415, Wasserstein(log_eigs,log_real_eigs): 0.496
torch.Size([64, 2500])
Epoch [372/1000], Wasserstein(eigs,real_eigs): 3631.580, Wasserstein(log_eigs,log_real_eigs): 0.467
torch.Size([64, 2500])
Epoch [373/1000], Wasserstein(eigs,real_eigs): 2682.177, Wasserstein(log_eigs,log_real_eigs): 0.485
torch.Size([64, 2500])
Epoch [374/1000], Wasserstein(eigs,real_eigs): 1648.473, Wasserstein(log_eigs,log_real_eigs): 0.498
torch.Size([64, 2500])
Epoch [375/1000], Wasserstein(eigs,real_eigs): 2207.590, Wasserstein(log_eigs,log_real_eigs): 0.347
torch.Size([64, 2500])
Epoch [376/1000], Wasserstein(eigs,real_eigs): 2816.705, Wasserstein(log_eigs,log_real_eigs): 0.322
torch.Size([64, 2500])
Epoch [377/1000], Wasserstein(eigs,real_eigs): 2513.786, Wasserstein(log_eigs,log_real_eigs): 0.714
torch.Size([64, 2500])
Epoch [378/1000], Wasserstein(eigs,real_eigs): 5905.402, Wasserstein(log_eigs,log_real_eigs): 0.721
torch.Size([64, 2500])
Epoch [379/1000], Wasserstein(eigs,real_eigs): 5737.529, Wasserstein(log_eigs,log_real_eigs): 0.723
torch.Size([64, 2500])
Epoch [380/1000], Wasserstein(eigs,real_eigs): 2339.541, Wasserstein(log_eigs,log_real_eigs): 0.541
torch.Size([64, 2500])
Epoch [381/1000], Wasserstein(eigs,real_eigs): 5551.434, Wasserstein(log_eigs,log_real_eigs): 0.627
torch.Size([64, 2500])
Epoch [382/1000], Wasserstein(eigs,real_eigs): 2473.952, Wasserstein(log_eigs,log_real_eigs): 0.764
torch.Size([64, 2500])
Epoch [383/1000], Wasserstein(eigs,real_eigs): 806.493, Wasserstein(log_eigs,log_real_eigs): 0.746
torch.Size([64, 2500])
Epoch [384/1000], Wasserstein(eigs,real_eigs): 1937.336, Wasserstein(log_eigs,log_real_eigs): 0.553
torch.Size([64, 2500])
Epoch [385/1000], Wasserstein(eigs,real_eigs): 634.503, Wasserstein(log_eigs,log_real_eigs): 0.477
torch.Size([64, 2500])
Epoch [386/1000], Wasserstein(eigs,real_eigs): 54.856, Wasserstein(log_eigs,log_real_eigs): 0.530
torch.Size([64, 2500])
Epoch [387/1000], Wasserstein(eigs,real_eigs): 3469.863, Wasserstein(log_eigs,log_real_eigs): 0.385
torch.Size([64, 2500])
Epoch [388/1000], Wasserstein(eigs,real_eigs): 1334.552, Wasserstein(log_eigs,log_real_eigs): 0.630
torch.Size([64, 2500])
Epoch [389/1000], Wasserstein(eigs,real_eigs): 1261.607, Wasserstein(log_eigs,log_real_eigs): 0.512
torch.Size([64, 2500])
Epoch [390/1000], Wasserstein(eigs,real_eigs): 1470.445, Wasserstein(log_eigs,log_real_eigs): 0.523
torch.Size([64, 2500])
Epoch [391/1000], Wasserstein(eigs,real_eigs): 3210.855, Wasserstein(log_eigs,log_real_eigs): 0.624
torch.Size([64, 2500])
Epoch [392/1000], Wasserstein(eigs,real_eigs): 2143.518, Wasserstein(log_eigs,log_real_eigs): 0.538
torch.Size([64, 2500])
Epoch [393/1000], Wasserstein(eigs,real_eigs): 538.202, Wasserstein(log_eigs,log_real_eigs): 0.520
torch.Size([64, 2500])
Epoch [394/1000], Wasserstein(eigs,real_eigs): 216.066, Wasserstein(log_eigs,log_real_eigs): 0.546
torch.Size([64, 2500])
Epoch [395/1000], Wasserstein(eigs,real_eigs): 67.404, Wasserstein(log_eigs,log_real_eigs): 0.324
torch.Size([64, 2500])
Epoch [396/1000], Wasserstein(eigs,real_eigs): 65.308, Wasserstein(log_eigs,log_real_eigs): 0.414
torch.Size([64, 2500])
Epoch [397/1000], Wasserstein(eigs,real_eigs): 396.931, Wasserstein(log_eigs,log_real_eigs): 0.522
torch.Size([64, 2500])
Epoch [398/1000], Wasserstein(eigs,real_eigs): 2463.962, Wasserstein(log_eigs,log_real_eigs): 0.698
torch.Size([64, 2500])
Epoch [399/1000], Wasserstein(eigs,real_eigs): 2224.869, Wasserstein(log_eigs,log_real_eigs): 0.477
torch.Size([64, 2500])
Epoch [400/1000], Wasserstein(eigs,real_eigs): 506.441, Wasserstein(log_eigs,log_real_eigs): 0.572
torch.Size([64, 2500])
Epoch [401/1000], Wasserstein(eigs,real_eigs): 3016.060, Wasserstein(log_eigs,log_real_eigs): 0.473
torch.Size([64, 2500])
Epoch [402/1000], Wasserstein(eigs,real_eigs): 7129.319, Wasserstein(log_eigs,log_real_eigs): 0.646
torch.Size([64, 2500])
Epoch [403/1000], Wasserstein(eigs,real_eigs): 546.777, Wasserstein(log_eigs,log_real_eigs): 0.453
torch.Size([64, 2500])
Epoch [404/1000], Wasserstein(eigs,real_eigs): 9596.871, Wasserstein(log_eigs,log_real_eigs): 0.615
torch.Size([64, 2500])
Epoch [405/1000], Wasserstein(eigs,real_eigs): 116.099, Wasserstein(log_eigs,log_real_eigs): 0.316
torch.Size([64, 2500])
Epoch [406/1000], Wasserstein(eigs,real_eigs): 7270.811, Wasserstein(log_eigs,log_real_eigs): 0.487
torch.Size([64, 2500])
Epoch [407/1000], Wasserstein(eigs,real_eigs): 2551.271, Wasserstein(log_eigs,log_real_eigs): 0.441
torch.Size([64, 2500])
Epoch [408/1000], Wasserstein(eigs,real_eigs): 4878.347, Wasserstein(log_eigs,log_real_eigs): 0.418
torch.Size([64, 2500])
Epoch [409/1000], Wasserstein(eigs,real_eigs): 4373.129, Wasserstein(log_eigs,log_real_eigs): 0.579
torch.Size([64, 2500])
Epoch [410/1000], Wasserstein(eigs,real_eigs): 295.115, Wasserstein(log_eigs,log_real_eigs): 0.395
torch.Size([64, 2500])
Epoch [411/1000], Wasserstein(eigs,real_eigs): 6433.653, Wasserstein(log_eigs,log_real_eigs): 0.366
torch.Size([64, 2500])
Epoch [412/1000], Wasserstein(eigs,real_eigs): 5656.367, Wasserstein(log_eigs,log_real_eigs): 0.307
torch.Size([64, 2500])
Epoch [413/1000], Wasserstein(eigs,real_eigs): 5405.054, Wasserstein(log_eigs,log_real_eigs): 0.325
torch.Size([64, 2500])
Epoch [414/1000], Wasserstein(eigs,real_eigs): 11466.304, Wasserstein(log_eigs,log_real_eigs): 0.824
torch.Size([64, 2500])
Epoch [415/1000], Wasserstein(eigs,real_eigs): 8982.050, Wasserstein(log_eigs,log_real_eigs): 0.475
torch.Size([64, 2500])
Epoch [416/1000], Wasserstein(eigs,real_eigs): 6760.701, Wasserstein(log_eigs,log_real_eigs): 0.683
torch.Size([64, 2500])
Epoch [417/1000], Wasserstein(eigs,real_eigs): 1070.290, Wasserstein(log_eigs,log_real_eigs): 0.457
torch.Size([64, 2500])
Epoch [418/1000], Wasserstein(eigs,real_eigs): 1388.780, Wasserstein(log_eigs,log_real_eigs): 0.583
torch.Size([64, 2500])
Epoch [419/1000], Wasserstein(eigs,real_eigs): 989.772, Wasserstein(log_eigs,log_real_eigs): 0.679
torch.Size([64, 2500])
Epoch [420/1000], Wasserstein(eigs,real_eigs): 3398.941, Wasserstein(log_eigs,log_real_eigs): 0.678
torch.Size([64, 2500])
Epoch [421/1000], Wasserstein(eigs,real_eigs): 2005.979, Wasserstein(log_eigs,log_real_eigs): 0.530
torch.Size([64, 2500])
Epoch [422/1000], Wasserstein(eigs,real_eigs): 2269.592, Wasserstein(log_eigs,log_real_eigs): 0.680
torch.Size([64, 2500])
Epoch [423/1000], Wasserstein(eigs,real_eigs): 36.994, Wasserstein(log_eigs,log_real_eigs): 0.540
torch.Size([64, 2500])
Epoch [424/1000], Wasserstein(eigs,real_eigs): 1993.434, Wasserstein(log_eigs,log_real_eigs): 0.450
torch.Size([64, 2500])
Epoch [425/1000], Wasserstein(eigs,real_eigs): 5401.790, Wasserstein(log_eigs,log_real_eigs): 0.691
torch.Size([64, 2500])
Epoch [426/1000], Wasserstein(eigs,real_eigs): 953.430, Wasserstein(log_eigs,log_real_eigs): 0.645
torch.Size([64, 2500])
Epoch [427/1000], Wasserstein(eigs,real_eigs): 4962.377, Wasserstein(log_eigs,log_real_eigs): 0.637
torch.Size([64, 2500])
Epoch [428/1000], Wasserstein(eigs,real_eigs): 6062.970, Wasserstein(log_eigs,log_real_eigs): 0.785
torch.Size([64, 2500])
Epoch [429/1000], Wasserstein(eigs,real_eigs): 9121.485, Wasserstein(log_eigs,log_real_eigs): 0.546
torch.Size([64, 2500])
Epoch [430/1000], Wasserstein(eigs,real_eigs): 11284.271, Wasserstein(log_eigs,log_real_eigs): 0.699
torch.Size([64, 2500])
Epoch [431/1000], Wasserstein(eigs,real_eigs): 8183.662, Wasserstein(log_eigs,log_real_eigs): 0.744
torch.Size([64, 2500])
Epoch [432/1000], Wasserstein(eigs,real_eigs): 6283.401, Wasserstein(log_eigs,log_real_eigs): 0.588
torch.Size([64, 2500])
Epoch [433/1000], Wasserstein(eigs,real_eigs): 990.382, Wasserstein(log_eigs,log_real_eigs): 0.362
torch.Size([64, 2500])
Epoch [434/1000], Wasserstein(eigs,real_eigs): 6284.085, Wasserstein(log_eigs,log_real_eigs): 0.548
torch.Size([64, 2500])
Epoch [435/1000], Wasserstein(eigs,real_eigs): 2399.126, Wasserstein(log_eigs,log_real_eigs): 0.436
torch.Size([64, 2500])
Epoch [436/1000], Wasserstein(eigs,real_eigs): 828.474, Wasserstein(log_eigs,log_real_eigs): 0.410
torch.Size([64, 2500])
Epoch [437/1000], Wasserstein(eigs,real_eigs): 615.825, Wasserstein(log_eigs,log_real_eigs): 0.579
torch.Size([64, 2500])
Epoch [438/1000], Wasserstein(eigs,real_eigs): 11951.761, Wasserstein(log_eigs,log_real_eigs): 0.790
torch.Size([64, 2500])
Epoch [439/1000], Wasserstein(eigs,real_eigs): 3042.337, Wasserstein(log_eigs,log_real_eigs): 0.744
torch.Size([64, 2500])
Epoch [440/1000], Wasserstein(eigs,real_eigs): 7447.038, Wasserstein(log_eigs,log_real_eigs): 0.632
torch.Size([64, 2500])
Epoch [441/1000], Wasserstein(eigs,real_eigs): 4529.874, Wasserstein(log_eigs,log_real_eigs): 0.680
torch.Size([64, 2500])
Epoch [442/1000], Wasserstein(eigs,real_eigs): 1174.130, Wasserstein(log_eigs,log_real_eigs): 0.470
torch.Size([64, 2500])
Epoch [443/1000], Wasserstein(eigs,real_eigs): 770.137, Wasserstein(log_eigs,log_real_eigs): 0.579
torch.Size([64, 2500])
Epoch [444/1000], Wasserstein(eigs,real_eigs): 590.975, Wasserstein(log_eigs,log_real_eigs): 0.427
torch.Size([64, 2500])
Epoch [445/1000], Wasserstein(eigs,real_eigs): 3057.423, Wasserstein(log_eigs,log_real_eigs): 0.385
torch.Size([64, 2500])
Epoch [446/1000], Wasserstein(eigs,real_eigs): 927.809, Wasserstein(log_eigs,log_real_eigs): 0.478
torch.Size([64, 2500])
Epoch [447/1000], Wasserstein(eigs,real_eigs): 2647.498, Wasserstein(log_eigs,log_real_eigs): 0.493
torch.Size([64, 2500])
Epoch [448/1000], Wasserstein(eigs,real_eigs): 10612.445, Wasserstein(log_eigs,log_real_eigs): 0.715
torch.Size([64, 2500])
Epoch [449/1000], Wasserstein(eigs,real_eigs): 805.528, Wasserstein(log_eigs,log_real_eigs): 0.535
torch.Size([64, 2500])
Epoch [450/1000], Wasserstein(eigs,real_eigs): 2873.934, Wasserstein(log_eigs,log_real_eigs): 0.640
torch.Size([64, 2500])
Epoch [451/1000], Wasserstein(eigs,real_eigs): 2030.847, Wasserstein(log_eigs,log_real_eigs): 0.689
torch.Size([64, 2500])
Epoch [452/1000], Wasserstein(eigs,real_eigs): 2025.296, Wasserstein(log_eigs,log_real_eigs): 0.569
torch.Size([64, 2500])
Epoch [453/1000], Wasserstein(eigs,real_eigs): 8.372, Wasserstein(log_eigs,log_real_eigs): 0.258
torch.Size([64, 2500])
Epoch [454/1000], Wasserstein(eigs,real_eigs): 5365.089, Wasserstein(log_eigs,log_real_eigs): 0.458
torch.Size([64, 2500])
Epoch [455/1000], Wasserstein(eigs,real_eigs): 5306.084, Wasserstein(log_eigs,log_real_eigs): 0.601
torch.Size([64, 2500])
Epoch [456/1000], Wasserstein(eigs,real_eigs): 2198.406, Wasserstein(log_eigs,log_real_eigs): 0.435
torch.Size([64, 2500])
Epoch [457/1000], Wasserstein(eigs,real_eigs): 2661.437, Wasserstein(log_eigs,log_real_eigs): 0.567
torch.Size([64, 2500])
Epoch [458/1000], Wasserstein(eigs,real_eigs): 6043.381, Wasserstein(log_eigs,log_real_eigs): 0.645
torch.Size([64, 2500])
Epoch [459/1000], Wasserstein(eigs,real_eigs): 3284.170, Wasserstein(log_eigs,log_real_eigs): 0.757
torch.Size([64, 2500])
Epoch [460/1000], Wasserstein(eigs,real_eigs): 6628.269, Wasserstein(log_eigs,log_real_eigs): 0.751
torch.Size([64, 2500])
Epoch [461/1000], Wasserstein(eigs,real_eigs): 2890.101, Wasserstein(log_eigs,log_real_eigs): 0.634
torch.Size([64, 2500])
Epoch [462/1000], Wasserstein(eigs,real_eigs): 203.892, Wasserstein(log_eigs,log_real_eigs): 0.513
torch.Size([64, 2500])
Epoch [463/1000], Wasserstein(eigs,real_eigs): 315.199, Wasserstein(log_eigs,log_real_eigs): 0.717
torch.Size([64, 2500])
Epoch [464/1000], Wasserstein(eigs,real_eigs): 141.919, Wasserstein(log_eigs,log_real_eigs): 0.431
torch.Size([64, 2500])
Epoch [465/1000], Wasserstein(eigs,real_eigs): 1467.643, Wasserstein(log_eigs,log_real_eigs): 0.491
torch.Size([64, 2500])
Epoch [466/1000], Wasserstein(eigs,real_eigs): 78.745, Wasserstein(log_eigs,log_real_eigs): 0.490
torch.Size([64, 2500])
Epoch [467/1000], Wasserstein(eigs,real_eigs): 2188.642, Wasserstein(log_eigs,log_real_eigs): 0.418
torch.Size([64, 2500])
Epoch [468/1000], Wasserstein(eigs,real_eigs): 4058.251, Wasserstein(log_eigs,log_real_eigs): 0.524
torch.Size([64, 2500])
Epoch [469/1000], Wasserstein(eigs,real_eigs): 7376.544, Wasserstein(log_eigs,log_real_eigs): 0.703
torch.Size([64, 2500])
Epoch [470/1000], Wasserstein(eigs,real_eigs): 5055.568, Wasserstein(log_eigs,log_real_eigs): 0.473
torch.Size([64, 2500])
Epoch [471/1000], Wasserstein(eigs,real_eigs): 8678.977, Wasserstein(log_eigs,log_real_eigs): 0.497
torch.Size([64, 2500])
Epoch [472/1000], Wasserstein(eigs,real_eigs): 1717.254, Wasserstein(log_eigs,log_real_eigs): 0.699
torch.Size([64, 2500])
Epoch [473/1000], Wasserstein(eigs,real_eigs): 8072.543, Wasserstein(log_eigs,log_real_eigs): 0.920
torch.Size([64, 2500])
Epoch [474/1000], Wasserstein(eigs,real_eigs): 1595.944, Wasserstein(log_eigs,log_real_eigs): 0.739
torch.Size([64, 2500])
Epoch [475/1000], Wasserstein(eigs,real_eigs): 2948.451, Wasserstein(log_eigs,log_real_eigs): 0.792
torch.Size([64, 2500])
Epoch [476/1000], Wasserstein(eigs,real_eigs): 4111.198, Wasserstein(log_eigs,log_real_eigs): 0.704
torch.Size([64, 2500])
Epoch [477/1000], Wasserstein(eigs,real_eigs): 8797.867, Wasserstein(log_eigs,log_real_eigs): 0.904
torch.Size([64, 2500])
Epoch [478/1000], Wasserstein(eigs,real_eigs): 6518.458, Wasserstein(log_eigs,log_real_eigs): 0.653
torch.Size([64, 2500])
Epoch [479/1000], Wasserstein(eigs,real_eigs): 1229.626, Wasserstein(log_eigs,log_real_eigs): 0.756
torch.Size([64, 2500])
Epoch [480/1000], Wasserstein(eigs,real_eigs): 5528.374, Wasserstein(log_eigs,log_real_eigs): 0.678
torch.Size([64, 2500])
Epoch [481/1000], Wasserstein(eigs,real_eigs): 3346.084, Wasserstein(log_eigs,log_real_eigs): 0.603
torch.Size([64, 2500])
Epoch [482/1000], Wasserstein(eigs,real_eigs): 3037.892, Wasserstein(log_eigs,log_real_eigs): 0.729
torch.Size([64, 2500])
Epoch [483/1000], Wasserstein(eigs,real_eigs): 5266.578, Wasserstein(log_eigs,log_real_eigs): 0.577
torch.Size([64, 2500])
Epoch [484/1000], Wasserstein(eigs,real_eigs): 10499.737, Wasserstein(log_eigs,log_real_eigs): 0.705
torch.Size([64, 2500])
Epoch [485/1000], Wasserstein(eigs,real_eigs): 8297.826, Wasserstein(log_eigs,log_real_eigs): 0.638
torch.Size([64, 2500])
Epoch [486/1000], Wasserstein(eigs,real_eigs): 4500.253, Wasserstein(log_eigs,log_real_eigs): 0.746
torch.Size([64, 2500])
Epoch [487/1000], Wasserstein(eigs,real_eigs): 5214.463, Wasserstein(log_eigs,log_real_eigs): 0.657
torch.Size([64, 2500])
Epoch [488/1000], Wasserstein(eigs,real_eigs): 6430.077, Wasserstein(log_eigs,log_real_eigs): 0.816
torch.Size([64, 2500])
Epoch [489/1000], Wasserstein(eigs,real_eigs): 5937.965, Wasserstein(log_eigs,log_real_eigs): 0.720
torch.Size([64, 2500])
Epoch [490/1000], Wasserstein(eigs,real_eigs): 9350.620, Wasserstein(log_eigs,log_real_eigs): 0.778
torch.Size([64, 2500])
Epoch [491/1000], Wasserstein(eigs,real_eigs): 356.833, Wasserstein(log_eigs,log_real_eigs): 0.794
torch.Size([64, 2500])
Epoch [492/1000], Wasserstein(eigs,real_eigs): 3141.358, Wasserstein(log_eigs,log_real_eigs): 0.821
torch.Size([64, 2500])
Epoch [493/1000], Wasserstein(eigs,real_eigs): 3067.968, Wasserstein(log_eigs,log_real_eigs): 0.667
torch.Size([64, 2500])
Epoch [494/1000], Wasserstein(eigs,real_eigs): 7371.179, Wasserstein(log_eigs,log_real_eigs): 0.718
torch.Size([64, 2500])
Epoch [495/1000], Wasserstein(eigs,real_eigs): 4057.992, Wasserstein(log_eigs,log_real_eigs): 0.552
torch.Size([64, 2500])
Epoch [496/1000], Wasserstein(eigs,real_eigs): 5365.440, Wasserstein(log_eigs,log_real_eigs): 0.775
torch.Size([64, 2500])
Epoch [497/1000], Wasserstein(eigs,real_eigs): 920.289, Wasserstein(log_eigs,log_real_eigs): 0.693
torch.Size([64, 2500])
Epoch [498/1000], Wasserstein(eigs,real_eigs): 1571.767, Wasserstein(log_eigs,log_real_eigs): 0.644
torch.Size([64, 2500])
Epoch [499/1000], Wasserstein(eigs,real_eigs): 11755.909, Wasserstein(log_eigs,log_real_eigs): 0.848
torch.Size([64, 2500])
Epoch [500/1000], Wasserstein(eigs,real_eigs): 503.293, Wasserstein(log_eigs,log_real_eigs): 0.580
torch.Size([64, 2500])
Epoch [501/1000], Wasserstein(eigs,real_eigs): 2367.243, Wasserstein(log_eigs,log_real_eigs): 0.757
torch.Size([64, 2500])
Epoch [502/1000], Wasserstein(eigs,real_eigs): 3784.508, Wasserstein(log_eigs,log_real_eigs): 0.799
torch.Size([64, 2500])
Epoch [503/1000], Wasserstein(eigs,real_eigs): 151.510, Wasserstein(log_eigs,log_real_eigs): 0.764
torch.Size([64, 2500])
Epoch [504/1000], Wasserstein(eigs,real_eigs): 990.147, Wasserstein(log_eigs,log_real_eigs): 0.749
torch.Size([64, 2500])
Epoch [505/1000], Wasserstein(eigs,real_eigs): 1547.329, Wasserstein(log_eigs,log_real_eigs): 0.560
torch.Size([64, 2500])
Epoch [506/1000], Wasserstein(eigs,real_eigs): 607.569, Wasserstein(log_eigs,log_real_eigs): 0.392
torch.Size([64, 2500])
Epoch [507/1000], Wasserstein(eigs,real_eigs): 3856.617, Wasserstein(log_eigs,log_real_eigs): 0.701
torch.Size([64, 2500])
Epoch [508/1000], Wasserstein(eigs,real_eigs): 6870.647, Wasserstein(log_eigs,log_real_eigs): 0.627
torch.Size([64, 2500])
Epoch [509/1000], Wasserstein(eigs,real_eigs): 106.937, Wasserstein(log_eigs,log_real_eigs): 0.327
torch.Size([64, 2500])
Epoch [510/1000], Wasserstein(eigs,real_eigs): 1091.121, Wasserstein(log_eigs,log_real_eigs): 0.357
torch.Size([64, 2500])
Epoch [511/1000], Wasserstein(eigs,real_eigs): 695.012, Wasserstein(log_eigs,log_real_eigs): 0.427
torch.Size([64, 2500])
Epoch [512/1000], Wasserstein(eigs,real_eigs): 4767.292, Wasserstein(log_eigs,log_real_eigs): 0.460
torch.Size([64, 2500])
Epoch [513/1000], Wasserstein(eigs,real_eigs): 4200.830, Wasserstein(log_eigs,log_real_eigs): 0.443
torch.Size([64, 2500])
Epoch [514/1000], Wasserstein(eigs,real_eigs): 1808.732, Wasserstein(log_eigs,log_real_eigs): 0.559
torch.Size([64, 2500])
Epoch [515/1000], Wasserstein(eigs,real_eigs): 2251.251, Wasserstein(log_eigs,log_real_eigs): 0.660
torch.Size([64, 2500])
Epoch [516/1000], Wasserstein(eigs,real_eigs): 1596.919, Wasserstein(log_eigs,log_real_eigs): 0.604
torch.Size([64, 2500])
Epoch [517/1000], Wasserstein(eigs,real_eigs): 229.307, Wasserstein(log_eigs,log_real_eigs): 0.566
torch.Size([64, 2500])
Epoch [518/1000], Wasserstein(eigs,real_eigs): 5340.503, Wasserstein(log_eigs,log_real_eigs): 0.611
torch.Size([64, 2500])
Epoch [519/1000], Wasserstein(eigs,real_eigs): 6417.303, Wasserstein(log_eigs,log_real_eigs): 0.799
torch.Size([64, 2500])
Epoch [520/1000], Wasserstein(eigs,real_eigs): 1028.390, Wasserstein(log_eigs,log_real_eigs): 0.743
torch.Size([64, 2500])
Epoch [521/1000], Wasserstein(eigs,real_eigs): 11701.314, Wasserstein(log_eigs,log_real_eigs): 0.652
torch.Size([64, 2500])
Epoch [522/1000], Wasserstein(eigs,real_eigs): 1305.936, Wasserstein(log_eigs,log_real_eigs): 0.358
torch.Size([64, 2500])
Epoch [523/1000], Wasserstein(eigs,real_eigs): 11760.965, Wasserstein(log_eigs,log_real_eigs): 0.255
torch.Size([64, 2500])
Epoch [524/1000], Wasserstein(eigs,real_eigs): 9539.984, Wasserstein(log_eigs,log_real_eigs): 0.456
torch.Size([64, 2500])
Epoch [525/1000], Wasserstein(eigs,real_eigs): 1754.206, Wasserstein(log_eigs,log_real_eigs): 0.385
torch.Size([64, 2500])
Epoch [526/1000], Wasserstein(eigs,real_eigs): 4565.983, Wasserstein(log_eigs,log_real_eigs): 0.350
torch.Size([64, 2500])
Epoch [527/1000], Wasserstein(eigs,real_eigs): 3673.202, Wasserstein(log_eigs,log_real_eigs): 0.412
torch.Size([64, 2500])
Epoch [528/1000], Wasserstein(eigs,real_eigs): 11543.309, Wasserstein(log_eigs,log_real_eigs): 0.719
torch.Size([64, 2500])
Epoch [529/1000], Wasserstein(eigs,real_eigs): 2019.754, Wasserstein(log_eigs,log_real_eigs): 0.388
torch.Size([64, 2500])
Epoch [530/1000], Wasserstein(eigs,real_eigs): 690.616, Wasserstein(log_eigs,log_real_eigs): 0.351
torch.Size([64, 2500])
Epoch [531/1000], Wasserstein(eigs,real_eigs): 2493.840, Wasserstein(log_eigs,log_real_eigs): 0.468
torch.Size([64, 2500])
Epoch [532/1000], Wasserstein(eigs,real_eigs): 7727.474, Wasserstein(log_eigs,log_real_eigs): 0.724
torch.Size([64, 2500])
Epoch [533/1000], Wasserstein(eigs,real_eigs): 6178.856, Wasserstein(log_eigs,log_real_eigs): 0.503
torch.Size([64, 2500])
Epoch [534/1000], Wasserstein(eigs,real_eigs): 4186.170, Wasserstein(log_eigs,log_real_eigs): 0.551
torch.Size([64, 2500])
Epoch [535/1000], Wasserstein(eigs,real_eigs): 14180.340, Wasserstein(log_eigs,log_real_eigs): 0.647
torch.Size([64, 2500])
Epoch [536/1000], Wasserstein(eigs,real_eigs): 6899.592, Wasserstein(log_eigs,log_real_eigs): 0.629
torch.Size([64, 2500])
Epoch [537/1000], Wasserstein(eigs,real_eigs): 8250.222, Wasserstein(log_eigs,log_real_eigs): 0.430
torch.Size([64, 2500])
Epoch [538/1000], Wasserstein(eigs,real_eigs): 440.100, Wasserstein(log_eigs,log_real_eigs): 0.794
torch.Size([64, 2500])
Epoch [539/1000], Wasserstein(eigs,real_eigs): 216.079, Wasserstein(log_eigs,log_real_eigs): 0.354
torch.Size([64, 2500])
Epoch [540/1000], Wasserstein(eigs,real_eigs): 8368.953, Wasserstein(log_eigs,log_real_eigs): 0.743
torch.Size([64, 2500])
Epoch [541/1000], Wasserstein(eigs,real_eigs): 6188.162, Wasserstein(log_eigs,log_real_eigs): 0.868
torch.Size([64, 2500])
Epoch [542/1000], Wasserstein(eigs,real_eigs): 11536.407, Wasserstein(log_eigs,log_real_eigs): 0.680
torch.Size([64, 2500])
Epoch [543/1000], Wasserstein(eigs,real_eigs): 3903.694, Wasserstein(log_eigs,log_real_eigs): 0.434
torch.Size([64, 2500])
Epoch [544/1000], Wasserstein(eigs,real_eigs): 5139.728, Wasserstein(log_eigs,log_real_eigs): 0.508
torch.Size([64, 2500])
Epoch [545/1000], Wasserstein(eigs,real_eigs): 7165.114, Wasserstein(log_eigs,log_real_eigs): 0.334
torch.Size([64, 2500])
Epoch [546/1000], Wasserstein(eigs,real_eigs): 9355.691, Wasserstein(log_eigs,log_real_eigs): 0.535
torch.Size([64, 2500])
Epoch [547/1000], Wasserstein(eigs,real_eigs): 988.834, Wasserstein(log_eigs,log_real_eigs): 0.545
torch.Size([64, 2500])
Epoch [548/1000], Wasserstein(eigs,real_eigs): 4268.089, Wasserstein(log_eigs,log_real_eigs): 0.649
torch.Size([64, 2500])
Epoch [549/1000], Wasserstein(eigs,real_eigs): 4458.037, Wasserstein(log_eigs,log_real_eigs): 0.681
torch.Size([64, 2500])
Epoch [550/1000], Wasserstein(eigs,real_eigs): 694.573, Wasserstein(log_eigs,log_real_eigs): 0.506
torch.Size([64, 2500])
Epoch [551/1000], Wasserstein(eigs,real_eigs): 84.555, Wasserstein(log_eigs,log_real_eigs): 0.637
torch.Size([64, 2500])
Epoch [552/1000], Wasserstein(eigs,real_eigs): 4623.659, Wasserstein(log_eigs,log_real_eigs): 0.809
torch.Size([64, 2500])
Epoch [553/1000], Wasserstein(eigs,real_eigs): 8370.639, Wasserstein(log_eigs,log_real_eigs): 0.675
torch.Size([64, 2500])
Epoch [554/1000], Wasserstein(eigs,real_eigs): 378.117, Wasserstein(log_eigs,log_real_eigs): 0.574
torch.Size([64, 2500])
Epoch [555/1000], Wasserstein(eigs,real_eigs): 5319.121, Wasserstein(log_eigs,log_real_eigs): 0.802
